[0.066s] Invoking command in '/home/shipengl/LRSMT/build/webots_bringup': CMAKE_PREFIX_PATH=${CMAKE_PREFIX_PATH}:/opt/ros/foxy /usr/bin/cmake --build /home/shipengl/LRSMT/build/webots_bringup -- -j16 -l16
[0.173s] Invoked command in '/home/shipengl/LRSMT/build/webots_bringup' returned '0': CMAKE_PREFIX_PATH=${CMAKE_PREFIX_PATH}:/opt/ros/foxy /usr/bin/cmake --build /home/shipengl/LRSMT/build/webots_bringup -- -j16 -l16
[0.238s] Invoking command in '/home/shipengl/LRSMT/build/webots_bringup': CMAKE_PREFIX_PATH=${CMAKE_PREFIX_PATH}:/opt/ros/foxy /usr/bin/cmake --install /home/shipengl/LRSMT/build/webots_bringup
[0.262s] -- Install configuration: ""
[0.263s] -- Up-to-date: /home/shipengl/LRSMT/install/webots_bringup/share/webots_bringup/config
[0.263s] -- Up-to-date: /home/shipengl/LRSMT/install/webots_bringup/share/webots_bringup/config/webot_controllers.yaml
[0.263s] -- Up-to-date: /home/shipengl/LRSMT/install/webots_bringup/share/webots_bringup/launch
[0.263s] -- Up-to-date: /home/shipengl/LRSMT/install/webots_bringup/share/webots_bringup/launch/webots.launch.py
[0.264s] -- Up-to-date: /home/shipengl/LRSMT/install/webots_bringup/share/ament_index/resource_index/package_run_dependencies/webots_bringup
[0.264s] -- Up-to-date: /home/shipengl/LRSMT/install/webots_bringup/share/ament_index/resource_index/parent_prefix_path/webots_bringup
[0.264s] -- Up-to-date: /home/shipengl/LRSMT/install/webots_bringup/share/webots_bringup/environment/ament_prefix_path.sh
[0.265s] -- Up-to-date: /home/shipengl/LRSMT/install/webots_bringup/share/webots_bringup/environment/ament_prefix_path.dsv
[0.272s] -- Up-to-date: /home/shipengl/LRSMT/install/webots_bringup/share/webots_bringup/environment/path.sh
[0.272s] -- Up-to-date: /home/shipengl/LRSMT/install/webots_bringup/share/webots_bringup/environment/path.dsv
[0.272s] -- Up-to-date: /home/shipengl/LRSMT/install/webots_bringup/share/webots_bringup/local_setup.bash
[0.272s] -- Up-to-date: /home/shipengl/LRSMT/install/webots_bringup/share/webots_bringup/local_setup.sh
[0.273s] -- Up-to-date: /home/shipengl/LRSMT/install/webots_bringup/share/webots_bringup/local_setup.zsh
[0.273s] -- Up-to-date: /home/shipengl/LRSMT/install/webots_bringup/share/webots_bringup/local_setup.dsv
[0.274s] -- Installing: /home/shipengl/LRSMT/install/webots_bringup/share/webots_bringup/package.dsv
[0.276s] -- Up-to-date: /home/shipengl/LRSMT/install/webots_bringup/share/ament_index/resource_index/packages/webots_bringup
[0.276s] -- Up-to-date: /home/shipengl/LRSMT/install/webots_bringup/share/webots_bringup/cmake/webots_bringupConfig.cmake
[0.276s] -- Up-to-date: /home/shipengl/LRSMT/install/webots_bringup/share/webots_bringup/cmake/webots_bringupConfig-version.cmake
[0.276s] -- Up-to-date: /home/shipengl/LRSMT/install/webots_bringup/share/webots_bringup/package.xml
[0.324s] Invoked command in '/home/shipengl/LRSMT/build/webots_bringup' returned '0': CMAKE_PREFIX_PATH=${CMAKE_PREFIX_PATH}:/opt/ros/foxy /usr/bin/cmake --install /home/shipengl/LRSMT/build/webots_bringup
