[0.050s] Invoking command in '/home/shipengl/LRSMT/agiletaur/build/odrive_hardware_interface': CMAKE_PREFIX_PATH=${CMAKE_PREFIX_PATH}:/home/shipengl/LRSMT/agiletaur/install/webots_ros2_epuck:/opt/ros/foxy /usr/bin/cmake --build /home/shipengl/LRSMT/agiletaur/build/odrive_hardware_interface -- -j16 -l16
[0.123s] [ 50%] Built target odrive_usb
[0.174s] [100%] Built target odrive_hardware_interface
[0.219s] Invoked command in '/home/shipengl/LRSMT/agiletaur/build/odrive_hardware_interface' returned '0': CMAKE_PREFIX_PATH=${CMAKE_PREFIX_PATH}:/home/shipengl/LRSMT/agiletaur/install/webots_ros2_epuck:/opt/ros/foxy /usr/bin/cmake --build /home/shipengl/LRSMT/agiletaur/build/odrive_hardware_interface -- -j16 -l16
[0.303s] Invoking command in '/home/shipengl/LRSMT/agiletaur/build/odrive_hardware_interface': CMAKE_PREFIX_PATH=${CMAKE_PREFIX_PATH}:/home/shipengl/LRSMT/agiletaur/install/webots_ros2_epuck:/opt/ros/foxy /usr/bin/cmake --install /home/shipengl/LRSMT/agiletaur/build/odrive_hardware_interface
[0.313s] -- Install configuration: ""
[0.313s] -- Up-to-date: /home/shipengl/LRSMT/agiletaur/install/odrive_hardware_interface/share/odrive_hardware_interface/odrive_hardware_interface.xml
[0.313s] -- Up-to-date: /home/shipengl/LRSMT/agiletaur/install/odrive_hardware_interface/include
[0.313s] -- Up-to-date: /home/shipengl/LRSMT/agiletaur/install/odrive_hardware_interface/include/odrive_hardware_interface
[0.314s] -- Up-to-date: /home/shipengl/LRSMT/agiletaur/install/odrive_hardware_interface/include/odrive_hardware_interface/odrive_endpoints.hpp
[0.314s] -- Up-to-date: /home/shipengl/LRSMT/agiletaur/install/odrive_hardware_interface/include/odrive_hardware_interface/visibility_control.hpp
[0.314s] -- Up-to-date: /home/shipengl/LRSMT/agiletaur/install/odrive_hardware_interface/include/odrive_hardware_interface/odrive_usb.hpp
[0.314s] -- Up-to-date: /home/shipengl/LRSMT/agiletaur/install/odrive_hardware_interface/include/odrive_hardware_interface/odrive_hardware_interface.hpp
[0.314s] -- Up-to-date: /home/shipengl/LRSMT/agiletaur/install/odrive_hardware_interface/share/odrive_hardware_interface/environment/library_path.sh
[0.315s] -- Up-to-date: /home/shipengl/LRSMT/agiletaur/install/odrive_hardware_interface/share/odrive_hardware_interface/environment/library_path.dsv
[0.315s] -- Up-to-date: /home/shipengl/LRSMT/agiletaur/install/odrive_hardware_interface/lib/libodrive_usb.so
[0.315s] -- Up-to-date: /home/shipengl/LRSMT/agiletaur/install/odrive_hardware_interface/lib/libodrive_hardware_interface.so
[0.316s] -- Up-to-date: /home/shipengl/LRSMT/agiletaur/install/odrive_hardware_interface/share/ament_index/resource_index/package_run_dependencies/odrive_hardware_interface
[0.316s] -- Up-to-date: /home/shipengl/LRSMT/agiletaur/install/odrive_hardware_interface/share/ament_index/resource_index/parent_prefix_path/odrive_hardware_interface
[0.316s] -- Up-to-date: /home/shipengl/LRSMT/agiletaur/install/odrive_hardware_interface/share/odrive_hardware_interface/environment/ament_prefix_path.sh
[0.317s] -- Up-to-date: /home/shipengl/LRSMT/agiletaur/install/odrive_hardware_interface/share/odrive_hardware_interface/environment/ament_prefix_path.dsv
[0.317s] -- Up-to-date: /home/shipengl/LRSMT/agiletaur/install/odrive_hardware_interface/share/odrive_hardware_interface/environment/path.sh
[0.317s] -- Up-to-date: /home/shipengl/LRSMT/agiletaur/install/odrive_hardware_interface/share/odrive_hardware_interface/environment/path.dsv
[0.317s] -- Up-to-date: /home/shipengl/LRSMT/agiletaur/install/odrive_hardware_interface/share/odrive_hardware_interface/local_setup.bash
[0.317s] -- Up-to-date: /home/shipengl/LRSMT/agiletaur/install/odrive_hardware_interface/share/odrive_hardware_interface/local_setup.sh
[0.318s] -- Up-to-date: /home/shipengl/LRSMT/agiletaur/install/odrive_hardware_interface/share/odrive_hardware_interface/local_setup.zsh
[0.318s] -- Up-to-date: /home/shipengl/LRSMT/agiletaur/install/odrive_hardware_interface/share/odrive_hardware_interface/local_setup.dsv
[0.318s] -- Installing: /home/shipengl/LRSMT/agiletaur/install/odrive_hardware_interface/share/odrive_hardware_interface/package.dsv
[0.319s] -- Up-to-date: /home/shipengl/LRSMT/agiletaur/install/odrive_hardware_interface/share/ament_index/resource_index/packages/odrive_hardware_interface
[0.319s] -- Up-to-date: /home/shipengl/LRSMT/agiletaur/install/odrive_hardware_interface/share/ament_index/resource_index/hardware_interface__pluginlib__plugin/odrive_hardware_interface
[0.320s] -- Up-to-date: /home/shipengl/LRSMT/agiletaur/install/odrive_hardware_interface/share/odrive_hardware_interface/cmake/ament_cmake_export_dependencies-extras.cmake
[0.320s] -- Up-to-date: /home/shipengl/LRSMT/agiletaur/install/odrive_hardware_interface/share/odrive_hardware_interface/cmake/ament_cmake_export_include_directories-extras.cmake
[0.320s] -- Up-to-date: /home/shipengl/LRSMT/agiletaur/install/odrive_hardware_interface/share/odrive_hardware_interface/cmake/ament_cmake_export_libraries-extras.cmake
[0.320s] -- Up-to-date: /home/shipengl/LRSMT/agiletaur/install/odrive_hardware_interface/share/odrive_hardware_interface/cmake/odrive_hardware_interfaceConfig.cmake
[0.320s] -- Up-to-date: /home/shipengl/LRSMT/agiletaur/install/odrive_hardware_interface/share/odrive_hardware_interface/cmake/odrive_hardware_interfaceConfig-version.cmake
[0.321s] -- Up-to-date: /home/shipengl/LRSMT/agiletaur/install/odrive_hardware_interface/share/odrive_hardware_interface/package.xml
[0.341s] Invoked command in '/home/shipengl/LRSMT/agiletaur/build/odrive_hardware_interface' returned '0': CMAKE_PREFIX_PATH=${CMAKE_PREFIX_PATH}:/home/shipengl/LRSMT/agiletaur/install/webots_ros2_epuck:/opt/ros/foxy /usr/bin/cmake --install /home/shipengl/LRSMT/agiletaur/build/odrive_hardware_interface
