[0.011s] Invoking command in '/home/shipengl/LRSMT/agiletaur/build/cpp_pubsub': CMAKE_PREFIX_PATH=/opt/ros/foxy /usr/bin/cmake /home/shipengl/LRSMT/agiletaur/cpp_pubsub -DCMAKE_INSTALL_PREFIX=/home/shipengl/LRSMT/agiletaur/install/cpp_pubsub
[0.049s] -- The C compiler identification is GNU 9.3.0
[0.085s] -- The CXX compiler identification is GNU 9.3.0
[0.088s] -- Check for working C compiler: /usr/bin/cc
[0.137s] -- Check for working C compiler: /usr/bin/cc -- works
[0.137s] -- Detecting C compiler ABI info
[0.183s] -- Detecting C compiler ABI info - done
[0.192s] -- Detecting C compile features
[0.192s] -- Detecting C compile features - done
[0.194s] -- Check for working CXX compiler: /usr/bin/c++
[0.249s] -- Check for working CXX compiler: /usr/bin/c++ -- works
[0.250s] -- Detecting CXX compiler ABI info
[0.309s] -- Detecting CXX compiler ABI info - done
[0.318s] -- Detecting CXX compile features
[0.319s] -- Detecting CXX compile features - done
[0.321s] -- Found ament_cmake: 0.9.9 (/opt/ros/foxy/share/ament_cmake/cmake)
[0.338s] -- Found PythonInterp: /usr/bin/python3 (found suitable version "3.8.10", minimum required is "3") 
[0.338s] -- Using PYTHON_EXECUTABLE: /usr/bin/python3
[0.487s] -- Found rclcpp: 2.4.0 (/opt/ros/foxy/share/rclcpp/cmake)
[0.523s] -- Using all available rosidl_typesupport_c: rosidl_typesupport_fastrtps_c;rosidl_typesupport_introspection_c
[0.528s] -- Found rosidl_adapter: 1.2.1 (/opt/ros/foxy/share/rosidl_adapter/cmake)
[0.578s] -- Found OpenSSL: /usr/lib/x86_64-linux-gnu/libcrypto.so (found version "1.1.1f")  
[0.599s] -- Found FastRTPS: /opt/ros/foxy/include  
[0.654s] -- Using all available rosidl_typesupport_cpp: rosidl_typesupport_fastrtps_cpp;rosidl_typesupport_introspection_cpp
[0.696s] -- Found rmw_implementation_cmake: 1.0.3 (/opt/ros/foxy/share/rmw_implementation_cmake/cmake)
[0.697s] -- Using RMW implementation 'rmw_fastrtps_cpp' as default
[0.698s] -- Looking for pthread.h
[0.747s] -- Looking for pthread.h - found
[0.747s] -- Performing Test CMAKE_HAVE_LIBC_PTHREAD
[0.793s] -- Performing Test CMAKE_HAVE_LIBC_PTHREAD - Failed
[0.794s] -- Looking for pthread_create in pthreads
[0.832s] -- Looking for pthread_create in pthreads - not found
[0.832s] -- Looking for pthread_create in pthread
[0.880s] -- Looking for pthread_create in pthread - found
[0.881s] -- Found Threads: TRUE  
[1.077s] -- Configuring done
[1.082s] -- Generating done
[1.083s] -- Build files have been written to: /home/shipengl/LRSMT/agiletaur/build/cpp_pubsub
[1.088s] Invoked command in '/home/shipengl/LRSMT/agiletaur/build/cpp_pubsub' returned '0': CMAKE_PREFIX_PATH=/opt/ros/foxy /usr/bin/cmake /home/shipengl/LRSMT/agiletaur/cpp_pubsub -DCMAKE_INSTALL_PREFIX=/home/shipengl/LRSMT/agiletaur/install/cpp_pubsub
[1.089s] Invoking command in '/home/shipengl/LRSMT/agiletaur/build/cpp_pubsub': CMAKE_PREFIX_PATH=/opt/ros/foxy /usr/bin/cmake --build /home/shipengl/LRSMT/agiletaur/build/cpp_pubsub -- -j16 -l16
[1.117s] [35m[1mScanning dependencies of target talker[0m
[1.142s] [ 50%] [32mBuilding CXX object CMakeFiles/talker.dir/src/publisher_member_function.cpp.o[0m
[3.124s] [100%] [32m[1mLinking CXX executable talker[0m
[3.222s] [100%] Built target talker
[3.231s] Invoked command in '/home/shipengl/LRSMT/agiletaur/build/cpp_pubsub' returned '0': CMAKE_PREFIX_PATH=/opt/ros/foxy /usr/bin/cmake --build /home/shipengl/LRSMT/agiletaur/build/cpp_pubsub -- -j16 -l16
[3.253s] Invoking command in '/home/shipengl/LRSMT/agiletaur/build/cpp_pubsub': CMAKE_PREFIX_PATH=/opt/ros/foxy /usr/bin/cmake --install /home/shipengl/LRSMT/agiletaur/build/cpp_pubsub
[3.258s] -- Install configuration: ""
[3.259s] -- Installing: /home/shipengl/LRSMT/agiletaur/install/cpp_pubsub/lib/cpp_pubsub/talker
[3.259s] -- Set runtime path of "/home/shipengl/LRSMT/agiletaur/install/cpp_pubsub/lib/cpp_pubsub/talker" to ""
[3.260s] -- Installing: /home/shipengl/LRSMT/agiletaur/install/cpp_pubsub/share/ament_index/resource_index/package_run_dependencies/cpp_pubsub
[3.260s] -- Installing: /home/shipengl/LRSMT/agiletaur/install/cpp_pubsub/share/ament_index/resource_index/parent_prefix_path/cpp_pubsub
[3.260s] -- Installing: /home/shipengl/LRSMT/agiletaur/install/cpp_pubsub/share/cpp_pubsub/environment/ament_prefix_path.sh
[3.260s] -- Installing: /home/shipengl/LRSMT/agiletaur/install/cpp_pubsub/share/cpp_pubsub/environment/ament_prefix_path.dsv
[3.260s] -- Installing: /home/shipengl/LRSMT/agiletaur/install/cpp_pubsub/share/cpp_pubsub/environment/path.sh
[3.260s] -- Installing: /home/shipengl/LRSMT/agiletaur/install/cpp_pubsub/share/cpp_pubsub/environment/path.dsv
[3.260s] -- Installing: /home/shipengl/LRSMT/agiletaur/install/cpp_pubsub/share/cpp_pubsub/local_setup.bash
[3.260s] -- Installing: /home/shipengl/LRSMT/agiletaur/install/cpp_pubsub/share/cpp_pubsub/local_setup.sh
[3.260s] -- Installing: /home/shipengl/LRSMT/agiletaur/install/cpp_pubsub/share/cpp_pubsub/local_setup.zsh
[3.260s] -- Installing: /home/shipengl/LRSMT/agiletaur/install/cpp_pubsub/share/cpp_pubsub/local_setup.dsv
[3.260s] -- Installing: /home/shipengl/LRSMT/agiletaur/install/cpp_pubsub/share/cpp_pubsub/package.dsv
[3.261s] -- Installing: /home/shipengl/LRSMT/agiletaur/install/cpp_pubsub/share/ament_index/resource_index/packages/cpp_pubsub
[3.261s] -- Installing: /home/shipengl/LRSMT/agiletaur/install/cpp_pubsub/share/cpp_pubsub/cmake/cpp_pubsubConfig.cmake
[3.261s] -- Installing: /home/shipengl/LRSMT/agiletaur/install/cpp_pubsub/share/cpp_pubsub/cmake/cpp_pubsubConfig-version.cmake
[3.261s] -- Installing: /home/shipengl/LRSMT/agiletaur/install/cpp_pubsub/share/cpp_pubsub/package.xml
[3.263s] Invoked command in '/home/shipengl/LRSMT/agiletaur/build/cpp_pubsub' returned '0': CMAKE_PREFIX_PATH=/opt/ros/foxy /usr/bin/cmake --install /home/shipengl/LRSMT/agiletaur/build/cpp_pubsub
