[0.045s] Invoking command in '/home/shipengl/LRSMT/agiletaur/build/webots_bringup': CMAKE_PREFIX_PATH=${CMAKE_PREFIX_PATH}:/opt/ros/foxy /usr/bin/cmake --build /home/shipengl/LRSMT/agiletaur/build/webots_bringup -- -j16 -l16
[0.091s] Invoked command in '/home/shipengl/LRSMT/agiletaur/build/webots_bringup' returned '0': CMAKE_PREFIX_PATH=${CMAKE_PREFIX_PATH}:/opt/ros/foxy /usr/bin/cmake --build /home/shipengl/LRSMT/agiletaur/build/webots_bringup -- -j16 -l16
[0.149s] Invoking command in '/home/shipengl/LRSMT/agiletaur/build/webots_bringup': CMAKE_PREFIX_PATH=${CMAKE_PREFIX_PATH}:/opt/ros/foxy /usr/bin/cmake --install /home/shipengl/LRSMT/agiletaur/build/webots_bringup
[0.156s] -- Install configuration: ""
[0.157s] -- Up-to-date: /home/shipengl/LRSMT/agiletaur/install/webots_bringup/share/webots_bringup/config
[0.157s] -- Up-to-date: /home/shipengl/LRSMT/agiletaur/install/webots_bringup/share/webots_bringup/config/webot_dof12_controller.yaml
[0.158s] -- Up-to-date: /home/shipengl/LRSMT/agiletaur/install/webots_bringup/share/webots_bringup/config/webot_singleleg_controller.yaml
[0.158s] -- Up-to-date: /home/shipengl/LRSMT/agiletaur/install/webots_bringup/share/webots_bringup/launch
[0.159s] -- Up-to-date: /home/shipengl/LRSMT/agiletaur/install/webots_bringup/share/webots_bringup/launch/webots.launch_backup.py
[0.159s] -- Up-to-date: /home/shipengl/LRSMT/agiletaur/install/webots_bringup/share/webots_bringup/launch/webots.launch.py
[0.159s] -- Up-to-date: /home/shipengl/LRSMT/agiletaur/install/webots_bringup/share/ament_index/resource_index/package_run_dependencies/webots_bringup
[0.160s] -- Up-to-date: /home/shipengl/LRSMT/agiletaur/install/webots_bringup/share/ament_index/resource_index/parent_prefix_path/webots_bringup
[0.160s] -- Up-to-date: /home/shipengl/LRSMT/agiletaur/install/webots_bringup/share/webots_bringup/environment/ament_prefix_path.sh
[0.161s] -- Up-to-date: /home/shipengl/LRSMT/agiletaur/install/webots_bringup/share/webots_bringup/environment/ament_prefix_path.dsv
[0.162s] -- Up-to-date: /home/shipengl/LRSMT/agiletaur/install/webots_bringup/share/webots_bringup/environment/path.sh
[0.162s] -- Up-to-date: /home/shipengl/LRSMT/agiletaur/install/webots_bringup/share/webots_bringup/environment/path.dsv
[0.162s] -- Up-to-date: /home/shipengl/LRSMT/agiletaur/install/webots_bringup/share/webots_bringup/local_setup.bash
[0.164s] -- Up-to-date: /home/shipengl/LRSMT/agiletaur/install/webots_bringup/share/webots_bringup/local_setup.sh
[0.164s] -- Up-to-date: /home/shipengl/LRSMT/agiletaur/install/webots_bringup/share/webots_bringup/local_setup.zsh
[0.164s] -- Up-to-date: /home/shipengl/LRSMT/agiletaur/install/webots_bringup/share/webots_bringup/local_setup.dsv
[0.164s] -- Installing: /home/shipengl/LRSMT/agiletaur/install/webots_bringup/share/webots_bringup/package.dsv
[0.165s] -- Up-to-date: /home/shipengl/LRSMT/agiletaur/install/webots_bringup/share/ament_index/resource_index/packages/webots_bringup
[0.165s] -- Up-to-date: /home/shipengl/LRSMT/agiletaur/install/webots_bringup/share/webots_bringup/cmake/webots_bringupConfig.cmake
[0.166s] -- Up-to-date: /home/shipengl/LRSMT/agiletaur/install/webots_bringup/share/webots_bringup/cmake/webots_bringupConfig-version.cmake
[0.167s] -- Up-to-date: /home/shipengl/LRSMT/agiletaur/install/webots_bringup/share/webots_bringup/package.xml
[0.180s] Invoked command in '/home/shipengl/LRSMT/agiletaur/build/webots_bringup' returned '0': CMAKE_PREFIX_PATH=${CMAKE_PREFIX_PATH}:/opt/ros/foxy /usr/bin/cmake --install /home/shipengl/LRSMT/agiletaur/build/webots_bringup
