[0.053s] Invoking command in '/home/shipengl/LRSMT/build/qpOASES': /usr/bin/cmake /home/shipengl/LRSMT/env_build/qpOASES-3.2.1 -DCMAKE_INSTALL_PREFIX=/home/shipengl/LRSMT/install/qpOASES
[0.162s] -- The CXX compiler identification is GNU 9.3.0
[0.176s] -- Check for working CXX compiler: /usr/bin/c++
[0.297s] -- Check for working CXX compiler: /usr/bin/c++ -- works
[0.298s] -- Detecting CXX compiler ABI info
[0.410s] -- Detecting CXX compiler ABI info - done
[0.438s] -- Detecting CXX compile features
[0.439s] -- Detecting CXX compile features - done
[0.443s] -- Configuring done
[0.466s] -- Generating done
[0.468s] -- Build files have been written to: /home/shipengl/LRSMT/build/qpOASES
[0.478s] Invoked command in '/home/shipengl/LRSMT/build/qpOASES' returned '0': /usr/bin/cmake /home/shipengl/LRSMT/env_build/qpOASES-3.2.1 -DCMAKE_INSTALL_PREFIX=/home/shipengl/LRSMT/install/qpOASES
[0.479s] Invoking command in '/home/shipengl/LRSMT/build/qpOASES': /usr/bin/cmake --build /home/shipengl/LRSMT/build/qpOASES -- -j16 -l16
[0.536s] [35m[1mScanning dependencies of target qpOASES[0m
[0.569s] [  2%] [32mBuilding CXX object CMakeFiles/qpOASES.dir/src/Constraints.cpp.o[0m
[0.569s] [  7%] [32mBuilding CXX object CMakeFiles/qpOASES.dir/src/Bounds.cpp.o[0m
[0.570s] [  7%] [32mBuilding CXX object CMakeFiles/qpOASES.dir/src/Flipper.cpp.o[0m
[0.570s] [  9%] [32mBuilding CXX object CMakeFiles/qpOASES.dir/src/Matrices.cpp.o[0m
[0.579s] [ 12%] [32mBuilding CXX object CMakeFiles/qpOASES.dir/src/Indexlist.cpp.o[0m
[0.580s] [ 14%] [32mBuilding CXX object CMakeFiles/qpOASES.dir/src/BLASReplacement.cpp.o[0m
[0.580s] [ 17%] [32mBuilding CXX object CMakeFiles/qpOASES.dir/src/MessageHandling.cpp.o[0m
[0.586s] [ 19%] [32mBuilding CXX object CMakeFiles/qpOASES.dir/src/OQPinterface.cpp.o[0m
[0.589s] [ 21%] [32mBuilding CXX object CMakeFiles/qpOASES.dir/src/LAPACKReplacement.cpp.o[0m
[0.598s] [ 24%] [32mBuilding CXX object CMakeFiles/qpOASES.dir/src/Options.cpp.o[0m
[0.714s] [ 26%] [32mBuilding CXX object CMakeFiles/qpOASES.dir/src/QProblem.cpp.o[0m
[0.718s] [ 29%] [32mBuilding CXX object CMakeFiles/qpOASES.dir/src/QProblemB.cpp.o[0m
[0.733s] [ 31%] [32mBuilding CXX object CMakeFiles/qpOASES.dir/src/SQProblem.cpp.o[0m
[0.771s] [ 34%] [32mBuilding CXX object CMakeFiles/qpOASES.dir/src/SQProblemSchur.cpp.o[0m
[0.785s] [01m[K/home/shipengl/LRSMT/env_build/qpOASES-3.2.1/src/Matrices.cpp:[m[K In member function ‘[01m[Kvirtual qpOASES::returnValue qpOASES::SparseMatrix::getRowNorm(qpOASES::real_t*, qpOASES::int_t) const[m[K’:
[0.785s] [01m[K/home/shipengl/LRSMT/env_build/qpOASES-3.2.1/src/Matrices.cpp:853:5:[m[K [01;35m[Kwarning: [m[Kthis ‘[01m[Kfor[m[K’ clause does not guard... [[01;35m[K-Wmisleading-indentation[m[K]
[0.785s]   853 |     [01;35m[Kfor[m[K (i = jc[j]; i < jc[j+1]; i++);
[0.785s]       |     [01;35m[K^~~[m[K
[0.785s] [01m[K/home/shipengl/LRSMT/env_build/qpOASES-3.2.1/src/Matrices.cpp:854:7:[m[K [01;36m[Knote: [m[K...this statement, but the latter is misleadingly indented as if it were guarded by the ‘[01m[Kfor[m[K’
[0.786s]   854 |       [01;36m[Knorm[m[K[ir[i]] += getAbs( val[i] );
[0.786s]       |       [01;36m[K^~~~[m[K
[0.848s] [01m[K/home/shipengl/LRSMT/env_build/qpOASES-3.2.1/src/MessageHandling.cpp:[m[K In member function ‘[01m[KqpOASES::returnValue qpOASES::MessageHandling::throwMessage(qpOASES::returnValue, const char*, const char*, const char*, long unsigned int, qpOASES::VisibilityStatus, const char*)[m[K’:
[0.849s] [01m[K/home/shipengl/LRSMT/env_build/qpOASES-3.2.1/src/MessageHandling.cpp:517:50:[m[K [01;35m[Kwarning: [m[K‘[01m[K->[m[K’ directive output may be truncated writing 2 bytes into a region of size between 1 and 160 [[01;35m[K-Wformat-truncation=[m[K]
[0.849s]   517 |    snprintf( myPrintfString,MAX_STRING_LENGTH,"%s[01;35m[K->[m[K", whitespaces );
[0.849s]       |                                                  [01;35m[K^~[m[K
[0.849s] In file included from [01m[K/usr/include/stdio.h:867[m[K,
[0.849s]                  from [01m[K/home/shipengl/LRSMT/env_build/qpOASES-3.2.1/src/MessageHandling.cpp:36[m[K:
[0.849s] [01m[K/usr/include/x86_64-linux-gnu/bits/stdio2.h:67:35:[m[K [01;36m[Knote: [m[K‘[01m[K__builtin___snprintf_chk[m[K’ output between 3 and 162 bytes into a destination of size 160
[0.850s]    67 |   return [01;36m[K__builtin___snprintf_chk (__s, __n, __USE_FORTIFY_LEVEL - 1,[m[K
[0.850s]       |          [01;36m[K~~~~~~~~~~~~~~~~~~~~~~~~~^~~~~~~~~~~~~~~~~~~~~~~~~~~~~~~~~~~[m[K
[0.850s]    68 | [01;36m[K       __bos (__s), __fmt, __va_arg_pack ())[m[K;
[0.850s]       |        [01;36m[K~~~~~~~~~~~~~~~~~~~~~~~~~~~~~~~~~~~~~[m[K
[0.857s] [ 39%] [32mBuilding CXX object CMakeFiles/qpOASES.dir/src/SolutionAnalysis.cpp.o[0m
[0.858s] [ 36%] [32mBuilding CXX object CMakeFiles/qpOASES.dir/src/SparseSolver.cpp.o[0m
[0.974s] [01m[K/home/shipengl/LRSMT/env_build/qpOASES-3.2.1/src/SQProblem.cpp:[m[K In member function ‘[01m[KqpOASES::returnValue qpOASES::SQProblem::hotstart(qpOASES::SymmetricMatrix*, const real_t*, qpOASES::Matrix*, const real_t*, const real_t*, const real_t*, const real_t*, qpOASES::int_t&, qpOASES::real_t*, const qpOASES::Bounds*, const qpOASES::Constraints*)[m[K’:
[0.974s] [01m[K/home/shipengl/LRSMT/env_build/qpOASES-3.2.1/src/SQProblem.cpp:117:5:[m[K [01;35m[Kwarning: [m[Kthis ‘[01m[Kif[m[K’ clause does not guard... [[01;35m[K-Wmisleading-indentation[m[K]
[0.974s]   117 |     [01;35m[Kif[m[K ( cputime != 0 )
[0.974s]       |     [01;35m[K^~[m[K
[0.974s] [01m[K/home/shipengl/LRSMT/env_build/qpOASES-3.2.1/src/SQProblem.cpp:122:2:[m[K [01;36m[Knote: [m[K...this statement, but the latter is misleadingly indented as if it were guarded by the ‘[01m[Kif[m[K’
[0.974s]   122 |  [01;36m[Kif[m[K ( setupNewAuxiliaryQP( H_new,A_new,lb_new,ub_new,lbA_new,ubA_new ) != SUCCESSFUL_RETURN )
[0.975s]       |  [01;36m[K^~[m[K
[0.975s] [01m[K/home/shipengl/LRSMT/env_build/qpOASES-3.2.1/src/SQProblem.cpp:[m[K In member function ‘[01m[KqpOASES::returnValue qpOASES::SQProblem::hotstart(const real_t*, const real_t*, const real_t*, const real_t*, const real_t*, const real_t*, const real_t*, qpOASES::int_t&, qpOASES::real_t*, const qpOASES::Bounds*, const qpOASES::Constraints*)[m[K’:
[0.975s] [01m[K/home/shipengl/LRSMT/env_build/qpOASES-3.2.1/src/SQProblem.cpp:166:5:[m[K [01;35m[Kwarning: [m[Kthis ‘[01m[Kif[m[K’ clause does not guard... [[01;35m[K-Wmisleading-indentation[m[K]
[0.975s]   166 |     [01;35m[Kif[m[K ( cputime != 0 )
[0.975s]       |     [01;35m[K^~[m[K
[0.975s] [01m[K/home/shipengl/LRSMT/env_build/qpOASES-3.2.1/src/SQProblem.cpp:171:2:[m[K [01;36m[Knote: [m[K...this statement, but the latter is misleadingly indented as if it were guarded by the ‘[01m[Kif[m[K’
[0.976s]   171 |  [01;36m[Kif[m[K ( setupNewAuxiliaryQP( H_new,A_new,lb_new,ub_new,lbA_new,ubA_new ) != SUCCESSFUL_RETURN )
[0.976s]       |  [01;36m[K^~[m[K
[0.989s] [ 41%] [32mBuilding CXX object CMakeFiles/qpOASES.dir/src/SubjectTo.cpp.o[0m
[1.035s] [ 43%] [32mBuilding CXX object CMakeFiles/qpOASES.dir/src/Utils.cpp.o[0m
[1.129s] [01m[K/home/shipengl/LRSMT/env_build/qpOASES-3.2.1/src/QProblemB.cpp:[m[K In member function ‘[01m[KqpOASES::returnValue qpOASES::QProblemB::changeActiveSet(qpOASES::int_t, qpOASES::SubjectToStatus)[m[K’:
[1.129s] [01m[K/home/shipengl/LRSMT/env_build/qpOASES-3.2.1/src/QProblemB.cpp:3387:4:[m[K [01;35m[Kwarning: [m[Kthis ‘[01m[Kelse[m[K’ clause does not guard... [[01;35m[K-Wmisleading-indentation[m[K]
[1.129s]  3387 |    [01;35m[Kelse[m[K
[1.130s]       |    [01;35m[K^~~~[m[K
[1.130s] [01m[K/home/shipengl/LRSMT/env_build/qpOASES-3.2.1/src/QProblemB.cpp:3389:5:[m[K [01;36m[Knote: [m[K...this statement, but the latter is misleadingly indented as if it were guarded by the ‘[01m[Kelse[m[K’
[1.130s]  3389 |     [01;36m[KgetGlobalMessageHandler[m[K( )->throwInfo( RET_ADD_TO_ACTIVESET,messageString,__FUNC__,__FILE__,__LINE__,VS_VISIBLE );
[1.130s]       |     [01;36m[K^~~~~~~~~~~~~~~~~~~~~~~[m[K
[1.174s] [01m[K/home/shipengl/LRSMT/env_build/qpOASES-3.2.1/src/QProblem.cpp:[m[K In member function ‘[01m[KqpOASES::returnValue qpOASES::QProblem::updateFarBounds(qpOASES::real_t, qpOASES::int_t, const real_t*, qpOASES::real_t*, const real_t*, qpOASES::real_t*, const real_t*, qpOASES::real_t*, const real_t*, qpOASES::real_t*) const[m[K’:
[1.174s] [01m[K/home/shipengl/LRSMT/env_build/qpOASES-3.2.1/src/QProblem.cpp:5513:5:[m[K [01;35m[Kwarning: [m[Kthis ‘[01m[Kif[m[K’ clause does not guard... [[01;35m[K-Wmisleading-indentation[m[K]
[1.174s]  5513 |     [01;35m[Kif[m[K ( returnvalue != SUCCESSFUL_RETURN )
[1.175s]       |     [01;35m[K^~[m[K
[1.175s] [01m[K/home/shipengl/LRSMT/env_build/qpOASES-3.2.1/src/QProblem.cpp:5516:2:[m[K [01;36m[Knote: [m[K...this statement, but the latter is misleadingly indented as if it were guarded by the ‘[01m[Kif[m[K’
[1.175s]  5516 |  [01;36m[Kif[m[K ( options.enableRamping == BT_TRUE )
[1.175s]       |  [01;36m[K^~[m[K
[1.212s] [01m[K/home/shipengl/LRSMT/env_build/qpOASES-3.2.1/src/Options.cpp:[m[K In member function ‘[01m[KqpOASES::returnValue qpOASES::Options::print() const[m[K’:
[1.213s] [01m[K/home/shipengl/LRSMT/env_build/qpOASES-3.2.1/src/Options.cpp:386:80:[m[K [01;35m[Kwarning: [m[K‘[01m[K%s[m[K’ directive output may be truncated writing up to 159 bytes into a region of size 126 [[01;35m[K-Wformat-truncation=[m[K]
[1.213s]   386 |  snprintf( myPrintfString,MAX_STRING_LENGTH,"printLevel                     =  [01;35m[K%s[m[K\n",[32m[Kinfo[m[K );
[1.213s]       |                                                                                [01;35m[K^~[m[K    [32m[K~~~~[m[K
[1.213s] In file included from [01m[K/usr/include/stdio.h:867[m[K,
[1.213s]                  from [01m[K/home/shipengl/LRSMT/env_build/qpOASES-3.2.1/include/qpOASES/MessageHandling.hpp:39[m[K,
[1.214s]                  from [01m[K/home/shipengl/LRSMT/env_build/qpOASES-3.2.1/include/qpOASES/Utils.hpp:39[m[K,
[1.214s]                  from [01m[K/home/shipengl/LRSMT/env_build/qpOASES-3.2.1/include/qpOASES/Options.hpp:40[m[K,
[1.214s]                  from [01m[K/home/shipengl/LRSMT/env_build/qpOASES-3.2.1/src/Options.cpp:36[m[K:
[1.214s] [01m[K/usr/include/x86_64-linux-gnu/bits/stdio2.h:67:35:[m[K [01;36m[Knote: [m[K‘[01m[K__builtin___snprintf_chk[m[K’ output between 36 and 195 bytes into a destination of size 160
[1.214s]    67 |   return [01;36m[K__builtin___snprintf_chk (__s, __n, __USE_FORTIFY_LEVEL - 1,[m[K
[1.214s]       |          [01;36m[K~~~~~~~~~~~~~~~~~~~~~~~~~^~~~~~~~~~~~~~~~~~~~~~~~~~~~~~~~~~~[m[K
[1.214s]    68 | [01;36m[K       __bos (__s), __fmt, __va_arg_pack ())[m[K;
[1.214s]       |        [01;36m[K~~~~~~~~~~~~~~~~~~~~~~~~~~~~~~~~~~~~~[m[K
[1.215s] [01m[K/home/shipengl/LRSMT/env_build/qpOASES-3.2.1/src/Options.cpp:392:80:[m[K [01;35m[Kwarning: [m[K‘[01m[K%s[m[K’ directive output may be truncated writing up to 159 bytes into a region of size 126 [[01;35m[K-Wformat-truncation=[m[K]
[1.215s]   392 |  snprintf( myPrintfString,MAX_STRING_LENGTH,"enableRamping                  =  [01;35m[K%s[m[K\n",[32m[Kinfo[m[K );
[1.215s]       |                                                                                [01;35m[K^~[m[K    [32m[K~~~~[m[K
[1.215s] In file included from [01m[K/usr/include/stdio.h:867[m[K,
[1.215s]                  from [01m[K/home/shipengl/LRSMT/env_build/qpOASES-3.2.1/include/qpOASES/MessageHandling.hpp:39[m[K,
[1.215s]                  from [01m[K/home/shipengl/LRSMT/env_build/qpOASES-3.2.1/include/qpOASES/Utils.hpp:39[m[K,
[1.216s]                  from [01m[K/home/shipengl/LRSMT/env_build/qpOASES-3.2.1/include/qpOASES/Options.hpp:40[m[K,
[1.216s]                  from [01m[K/home/shipengl/LRSMT/env_build/qpOASES-3.2.1/src/Options.cpp:36[m[K:
[1.216s] [01m[K/usr/include/x86_64-linux-gnu/bits/stdio2.h:67:35:[m[K [01;36m[Knote: [m[K‘[01m[K__builtin___snprintf_chk[m[K’ output between 36 and 195 bytes into a destination of size 160
[1.216s]    67 |   return [01;36m[K__builtin___snprintf_chk (__s, __n, __USE_FORTIFY_LEVEL - 1,[m[K
[1.216s]       |          [01;36m[K~~~~~~~~~~~~~~~~~~~~~~~~~^~~~~~~~~~~~~~~~~~~~~~~~~~~~~~~~~~~[m[K
[1.216s]    68 | [01;36m[K       __bos (__s), __fmt, __va_arg_pack ())[m[K;
[1.216s]       |        [01;36m[K~~~~~~~~~~~~~~~~~~~~~~~~~~~~~~~~~~~~~[m[K
[1.217s] [01m[K/home/shipengl/LRSMT/env_build/qpOASES-3.2.1/src/Options.cpp:396:80:[m[K [01;35m[Kwarning: [m[K‘[01m[K%s[m[K’ directive output may be truncated writing up to 159 bytes into a region of size 126 [[01;35m[K-Wformat-truncation=[m[K]
[1.217s]   396 |  snprintf( myPrintfString,MAX_STRING_LENGTH,"enableFarBounds                =  [01;35m[K%s[m[K\n",[32m[Kinfo[m[K );
[1.217s]       |                                                                                [01;35m[K^~[m[K    [32m[K~~~~[m[K
[1.218s] In file included from [01m[K/usr/include/stdio.h:867[m[K,
[1.218s]                  from [01m[K/home/shipengl/LRSMT/env_build/qpOASES-3.2.1/include/qpOASES/MessageHandling.hpp:39[m[K,
[1.218s]                  from [01m[K/home/shipengl/LRSMT/env_build/qpOASES-3.2.1/include/qpOASES/Utils.hpp:39[m[K,
[1.218s]                  from [01m[K/home/shipengl/LRSMT/env_build/qpOASES-3.2.1/include/qpOASES/Options.hpp:40[m[K,
[1.218s]                  from [01m[K/home/shipengl/LRSMT/env_build/qpOASES-3.2.1/src/Options.cpp:36[m[K:
[1.218s] [01m[K/usr/include/x86_64-linux-gnu/bits/stdio2.h:67:35:[m[K [01;36m[Knote: [m[K‘[01m[K__builtin___snprintf_chk[m[K’ output between 36 and 195 bytes into a destination of size 160
[1.218s]    67 |   return [01;36m[K__builtin___snprintf_chk (__s, __n, __USE_FORTIFY_LEVEL - 1,[m[K
[1.219s]       |          [01;36m[K~~~~~~~~~~~~~~~~~~~~~~~~~^~~~~~~~~~~~~~~~~~~~~~~~~~~~~~~~~~~[m[K
[1.219s]    68 | [01;36m[K       __bos (__s), __fmt, __va_arg_pack ())[m[K;
[1.219s]       |        [01;36m[K~~~~~~~~~~~~~~~~~~~~~~~~~~~~~~~~~~~~~[m[K
[1.219s] [01m[K/home/shipengl/LRSMT/env_build/qpOASES-3.2.1/src/Options.cpp:400:80:[m[K [01;35m[Kwarning: [m[K‘[01m[K%s[m[K’ directive output may be truncated writing up to 159 bytes into a region of size 126 [[01;35m[K-Wformat-truncation=[m[K]
[1.219s]   400 |  snprintf( myPrintfString,MAX_STRING_LENGTH,"enableFlippingBounds           =  [01;35m[K%s[m[K\n",[32m[Kinfo[m[K );
[1.219s]       |                                                                                [01;35m[K^~[m[K    [32m[K~~~~[m[K
[1.219s] In file included from [01m[K/usr/include/stdio.h:867[m[K,
[1.220s]                  from [01m[K/home/shipengl/LRSMT/env_build/qpOASES-3.2.1/include/qpOASES/MessageHandling.hpp:39[m[K,
[1.220s]                  from [01m[K/home/shipengl/LRSMT/env_build/qpOASES-3.2.1/include/qpOASES/Utils.hpp:39[m[K,
[1.220s]                  from [01m[K/home/shipengl/LRSMT/env_build/qpOASES-3.2.1/include/qpOASES/Options.hpp:40[m[K,
[1.220s]                  from [01m[K/home/shipengl/LRSMT/env_build/qpOASES-3.2.1/src/Options.cpp:36[m[K:
[1.220s] [01m[K/usr/include/x86_64-linux-gnu/bits/stdio2.h:67:35:[m[K [01;36m[Knote: [m[K‘[01m[K__builtin___snprintf_chk[m[K’ output between 36 and 195 bytes into a destination of size 160
[1.220s]    67 |   return [01;36m[K__builtin___snprintf_chk (__s, __n, __USE_FORTIFY_LEVEL - 1,[m[K
[1.220s]       |          [01;36m[K~~~~~~~~~~~~~~~~~~~~~~~~~^~~~~~~~~~~~~~~~~~~~~~~~~~~~~~~~~~~[m[K
[1.221s]    68 | [01;36m[K       __bos (__s), __fmt, __va_arg_pack ())[m[K;
[1.221s]       |        [01;36m[K~~~~~~~~~~~~~~~~~~~~~~~~~~~~~~~~~~~~~[m[K
[1.221s] [01m[K/home/shipengl/LRSMT/env_build/qpOASES-3.2.1/src/Options.cpp:404:80:[m[K [01;35m[Kwarning: [m[K‘[01m[K%s[m[K’ directive output may be truncated writing up to 159 bytes into a region of size 126 [[01;35m[K-Wformat-truncation=[m[K]
[1.221s]   404 |  snprintf( myPrintfString,MAX_STRING_LENGTH,"enableRegularisation           =  [01;35m[K%s[m[K\n",[32m[Kinfo[m[K );
[1.221s]       |                                                                                [01;35m[K^~[m[K    [32m[K~~~~[m[K
[1.221s] In file included from [01m[K/usr/include/stdio.h:867[m[K,
[1.221s]                  from [01m[K/home/shipengl/LRSMT/env_build/qpOASES-3.2.1/include/qpOASES/MessageHandling.hpp:39[m[K,
[1.222s]                  from [01m[K/home/shipengl/LRSMT/env_build/qpOASES-3.2.1/include/qpOASES/Utils.hpp:39[m[K,
[1.222s]                  from [01m[K/home/shipengl/LRSMT/env_build/qpOASES-3.2.1/include/qpOASES/Options.hpp:40[m[K,
[1.222s]                  from [01m[K/home/shipengl/LRSMT/env_build/qpOASES-3.2.1/src/Options.cpp:36[m[K:
[1.222s] [01m[K/usr/include/x86_64-linux-gnu/bits/stdio2.h:67:35:[m[K [01;36m[Knote: [m[K‘[01m[K__builtin___snprintf_chk[m[K’ output between 36 and 195 bytes into a destination of size 160
[1.222s]    67 |   return [01;36m[K__builtin___snprintf_chk (__s, __n, __USE_FORTIFY_LEVEL - 1,[m[K
[1.222s]       |          [01;36m[K~~~~~~~~~~~~~~~~~~~~~~~~~^~~~~~~~~~~~~~~~~~~~~~~~~~~~~~~~~~~[m[K
[1.222s]    68 | [01;36m[K       __bos (__s), __fmt, __va_arg_pack ())[m[K;
[1.223s]       |        [01;36m[K~~~~~~~~~~~~~~~~~~~~~~~~~~~~~~~~~~~~~[m[K
[1.223s] [01m[K/home/shipengl/LRSMT/env_build/qpOASES-3.2.1/src/Options.cpp:408:80:[m[K [01;35m[Kwarning: [m[K‘[01m[K%s[m[K’ directive output may be truncated writing up to 159 bytes into a region of size 126 [[01;35m[K-Wformat-truncation=[m[K]
[1.223s]   408 |  snprintf( myPrintfString,MAX_STRING_LENGTH,"enableFullLITests              =  [01;35m[K%s[m[K\n",[32m[Kinfo[m[K );
[1.223s]       |                                                                                [01;35m[K^~[m[K    [32m[K~~~~[m[K
[1.223s] In file included from [01m[K/usr/include/stdio.h:867[m[K,
[1.223s]                  from [01m[K/home/shipengl/LRSMT/env_build/qpOASES-3.2.1/include/qpOASES/MessageHandling.hpp:39[m[K,
[1.223s]                  from [01m[K/home/shipengl/LRSMT/env_build/qpOASES-3.2.1/include/qpOASES/Utils.hpp:39[m[K,
[1.223s]                  from [01m[K/home/shipengl/LRSMT/env_build/qpOASES-3.2.1/include/qpOASES/Options.hpp:40[m[K,
[1.224s]                  from [01m[K/home/shipengl/LRSMT/env_build/qpOASES-3.2.1/src/Options.cpp:36[m[K:
[1.224s] [01m[K/usr/include/x86_64-linux-gnu/bits/stdio2.h:67:35:[m[K [01;36m[Knote: [m[K‘[01m[K__builtin___snprintf_chk[m[K’ output between 36 and 195 bytes into a destination of size 160
[1.224s]    67 |   return [01;36m[K__builtin___snprintf_chk (__s, __n, __USE_FORTIFY_LEVEL - 1,[m[K
[1.224s]       |          [01;36m[K~~~~~~~~~~~~~~~~~~~~~~~~~^~~~~~~~~~~~~~~~~~~~~~~~~~~~~~~~~~~[m[K
[1.224s]    68 | [01;36m[K       __bos (__s), __fmt, __va_arg_pack ())[m[K;
[1.224s]       |        [01;36m[K~~~~~~~~~~~~~~~~~~~~~~~~~~~~~~~~~~~~~[m[K
[1.224s] [01m[K/home/shipengl/LRSMT/env_build/qpOASES-3.2.1/src/Options.cpp:412:80:[m[K [01;35m[Kwarning: [m[K‘[01m[K%s[m[K’ directive output may be truncated writing up to 159 bytes into a region of size 126 [[01;35m[K-Wformat-truncation=[m[K]
[1.225s]   412 |  snprintf( myPrintfString,MAX_STRING_LENGTH,"enableNZCTests                 =  [01;35m[K%s[m[K\n",[32m[Kinfo[m[K );
[1.225s]       |                                                                                [01;35m[K^~[m[K    [32m[K~~~~[m[K
[1.225s] In file included from [01m[K/usr/include/stdio.h:867[m[K,
[1.225s]                  from [01m[K/home/shipengl/LRSMT/env_build/qpOASES-3.2.1/include/qpOASES/MessageHandling.hpp:39[m[K,
[1.225s]                  from [01m[K/home/shipengl/LRSMT/env_build/qpOASES-3.2.1/include/qpOASES/Utils.hpp:39[m[K,
[1.225s]                  from [01m[K/home/shipengl/LRSMT/env_build/qpOASES-3.2.1/include/qpOASES/Options.hpp:40[m[K,
[1.225s]                  from [01m[K/home/shipengl/LRSMT/env_build/qpOASES-3.2.1/src/Options.cpp:36[m[K:
[1.226s] [01m[K/usr/include/x86_64-linux-gnu/bits/stdio2.h:67:35:[m[K [01;36m[Knote: [m[K‘[01m[K__builtin___snprintf_chk[m[K’ output between 36 and 195 bytes into a destination of size 160
[1.226s]    67 |   return [01;36m[K__builtin___snprintf_chk (__s, __n, __USE_FORTIFY_LEVEL - 1,[m[K
[1.226s]       |          [01;36m[K~~~~~~~~~~~~~~~~~~~~~~~~~^~~~~~~~~~~~~~~~~~~~~~~~~~~~~~~~~~~[m[K
[1.226s]    68 | [01;36m[K       __bos (__s), __fmt, __va_arg_pack ())[m[K;
[1.226s]       |        [01;36m[K~~~~~~~~~~~~~~~~~~~~~~~~~~~~~~~~~~~~~[m[K
[1.226s] [01m[K/home/shipengl/LRSMT/env_build/qpOASES-3.2.1/src/Options.cpp:422:80:[m[K [01;35m[Kwarning: [m[K‘[01m[K%s[m[K’ directive output may be truncated writing up to 159 bytes into a region of size 126 [[01;35m[K-Wformat-truncation=[m[K]
[1.226s]   422 |  snprintf( myPrintfString,MAX_STRING_LENGTH,"enableEqualities               =  [01;35m[K%s[m[K\n",[32m[Kinfo[m[K );
[1.227s]       |                                                                                [01;35m[K^~[m[K    [32m[K~~~~[m[K
[1.227s] In file included from [01m[K/usr/include/stdio.h:867[m[K,
[1.227s]                  from [01m[K/home/shipengl/LRSMT/env_build/qpOASES-3.2.1/include/qpOASES/MessageHandling.hpp:39[m[K,
[1.227s]                  from [01m[K/home/shipengl/LRSMT/env_build/qpOASES-3.2.1/include/qpOASES/Utils.hpp:39[m[K,
[1.227s]                  from [01m[K/home/shipengl/LRSMT/env_build/qpOASES-3.2.1/include/qpOASES/Options.hpp:40[m[K,
[1.227s]                  from [01m[K/home/shipengl/LRSMT/env_build/qpOASES-3.2.1/src/Options.cpp:36[m[K:
[1.227s] [01m[K/usr/include/x86_64-linux-gnu/bits/stdio2.h:67:35:[m[K [01;36m[Knote: [m[K‘[01m[K__builtin___snprintf_chk[m[K’ output between 36 and 195 bytes into a destination of size 160
[1.227s]    67 |   return [01;36m[K__builtin___snprintf_chk (__s, __n, __USE_FORTIFY_LEVEL - 1,[m[K
[1.228s]       |          [01;36m[K~~~~~~~~~~~~~~~~~~~~~~~~~^~~~~~~~~~~~~~~~~~~~~~~~~~~~~~~~~~~[m[K
[1.228s]    68 | [01;36m[K       __bos (__s), __fmt, __va_arg_pack ())[m[K;
[1.228s]       |        [01;36m[K~~~~~~~~~~~~~~~~~~~~~~~~~~~~~~~~~~~~~[m[K
[1.228s] [01m[K/home/shipengl/LRSMT/env_build/qpOASES-3.2.1/src/Options.cpp:426:80:[m[K [01;35m[Kwarning: [m[K‘[01m[K%s[m[K’ directive output may be truncated writing up to 159 bytes into a region of size 126 [[01;35m[K-Wformat-truncation=[m[K]
[1.228s]   426 |  snprintf( myPrintfString,MAX_STRING_LENGTH,"enableInertiaCorrection        =  [01;35m[K%s[m[K\n",[32m[Kinfo[m[K );
[1.228s]       |                                                                                [01;35m[K^~[m[K    [32m[K~~~~[m[K
[1.228s] In file included from [01m[K/usr/include/stdio.h:867[m[K,
[1.229s]                  from [01m[K/home/shipengl/LRSMT/env_build/qpOASES-3.2.1/include/qpOASES/MessageHandling.hpp:39[m[K,
[1.229s]                  from [01m[K/home/shipengl/LRSMT/env_build/qpOASES-3.2.1/include/qpOASES/Utils.hpp:39[m[K,
[1.229s]                  from [01m[K/home/shipengl/LRSMT/env_build/qpOASES-3.2.1/include/qpOASES/Options.hpp:40[m[K,
[1.229s]                  from [01m[K/home/shipengl/LRSMT/env_build/qpOASES-3.2.1/src/Options.cpp:36[m[K:
[1.229s] [01m[K/usr/include/x86_64-linux-gnu/bits/stdio2.h:67:35:[m[K [01;36m[Knote: [m[K‘[01m[K__builtin___snprintf_chk[m[K’ output between 36 and 195 bytes into a destination of size 160
[1.229s]    67 |   return [01;36m[K__builtin___snprintf_chk (__s, __n, __USE_FORTIFY_LEVEL - 1,[m[K
[1.229s]       |          [01;36m[K~~~~~~~~~~~~~~~~~~~~~~~~~^~~~~~~~~~~~~~~~~~~~~~~~~~~~~~~~~~~[m[K
[1.229s]    68 | [01;36m[K       __bos (__s), __fmt, __va_arg_pack ())[m[K;
[1.230s]       |        [01;36m[K~~~~~~~~~~~~~~~~~~~~~~~~~~~~~~~~~~~~~[m[K
[1.230s] [01m[K/home/shipengl/LRSMT/env_build/qpOASES-3.2.1/src/Options.cpp:470:80:[m[K [01;35m[Kwarning: [m[K‘[01m[K%s[m[K’ directive output may be truncated writing up to 159 bytes into a region of size 126 [[01;35m[K-Wformat-truncation=[m[K]
[1.230s]   470 |  snprintf( myPrintfString,MAX_STRING_LENGTH,"initialStatusBounds            =  [01;35m[K%s[m[K\n",[32m[Kinfo[m[K );
[1.230s]       |                                                                                [01;35m[K^~[m[K    [32m[K~~~~[m[K
[1.230s] In file included from [01m[K/usr/include/stdio.h:867[m[K,
[1.230s]                  from [01m[K/home/shipengl/LRSMT/env_build/qpOASES-3.2.1/include/qpOASES/MessageHandling.hpp:39[m[K,
[1.230s]                  from [01m[K/home/shipengl/LRSMT/env_build/qpOASES-3.2.1/include/qpOASES/Utils.hpp:39[m[K,
[1.231s]                  from [01m[K/home/shipengl/LRSMT/env_build/qpOASES-3.2.1/include/qpOASES/Options.hpp:40[m[K,
[1.231s]                  from [01m[K/home/shipengl/LRSMT/env_build/qpOASES-3.2.1/src/Options.cpp:36[m[K:
[1.231s] [01m[K/usr/include/x86_64-linux-gnu/bits/stdio2.h:67:35:[m[K [01;36m[Knote: [m[K‘[01m[K__builtin___snprintf_chk[m[K’ output between 36 and 195 bytes into a destination of size 160
[1.231s]    67 |   return [01;36m[K__builtin___snprintf_chk (__s, __n, __USE_FORTIFY_LEVEL - 1,[m[K
[1.231s]       |          [01;36m[K~~~~~~~~~~~~~~~~~~~~~~~~~^~~~~~~~~~~~~~~~~~~~~~~~~~~~~~~~~~~[m[K
[1.231s]    68 | [01;36m[K       __bos (__s), __fmt, __va_arg_pack ())[m[K;
[1.231s]       |        [01;36m[K~~~~~~~~~~~~~~~~~~~~~~~~~~~~~~~~~~~~~[m[K
[2.976s] [01m[K/home/shipengl/LRSMT/env_build/qpOASES-3.2.1/src/QProblemB.cpp:[m[K In member function ‘[01m[KqpOASES::returnValue qpOASES::QProblemB::printIteration(qpOASES::int_t, qpOASES::int_t, qpOASES::SubjectToStatus, qpOASES::real_t, qpOASES::BooleanType)[m[K’:
[2.977s] [01m[K/home/shipengl/LRSMT/env_build/qpOASES-3.2.1/src/QProblemB.cpp:3835:76:[m[K [01;35m[Kwarning: [m[K‘[01m[K%s[m[K’ directive output may be truncated writing up to 159 bytes into a region of size between 119 and 135 [[01;35m[K-Wformat-truncation=[m[K]
[2.977s]  3835 |     snprintf( myPrintfString,MAX_STRING_LENGTH,"   %5.1d   |   %1.6e   |   [01;35m[K%s[m[K %4.1d   |  %4.1d   \n", (int)iter,tau,[32m[Kinfo[m[K,(int)BC_idx,(int)getNFX( ) );
[2.977s]       |                                                                            [01;35m[K^~[m[K                                       [32m[K~~~~[m[K
[2.977s] In file included from [01m[K/usr/include/stdio.h:867[m[K,
[2.977s]                  from [01m[K/home/shipengl/LRSMT/env_build/qpOASES-3.2.1/include/qpOASES/MessageHandling.hpp:39[m[K,
[2.977s]                  from [01m[K/home/shipengl/LRSMT/env_build/qpOASES-3.2.1/include/qpOASES/Utils.hpp:39[m[K,
[2.977s]                  from [01m[K/home/shipengl/LRSMT/env_build/qpOASES-3.2.1/include/qpOASES/Indexlist.hpp:40[m[K,
[2.977s]                  from [01m[K/home/shipengl/LRSMT/env_build/qpOASES-3.2.1/include/qpOASES/SubjectTo.hpp:40[m[K,
[2.978s]                  from [01m[K/home/shipengl/LRSMT/env_build/qpOASES-3.2.1/include/qpOASES/Bounds.hpp:40[m[K,
[2.978s]                  from [01m[K/home/shipengl/LRSMT/env_build/qpOASES-3.2.1/include/qpOASES/Flipper.hpp:40[m[K,
[2.978s]                  from [01m[K/home/shipengl/LRSMT/env_build/qpOASES-3.2.1/include/qpOASES/QProblemB.hpp:42[m[K,
[2.978s]                  from [01m[K/home/shipengl/LRSMT/env_build/qpOASES-3.2.1/src/QProblemB.cpp:36[m[K:
[2.978s] [01m[K/usr/include/x86_64-linux-gnu/bits/stdio2.h:67:35:[m[K [01;36m[Knote: [m[K‘[01m[K__builtin___snprintf_chk[m[K’ output between 45 and 234 bytes into a destination of size 160
[2.978s]    67 |   return [01;36m[K__builtin___snprintf_chk (__s, __n, __USE_FORTIFY_LEVEL - 1,[m[K
[2.978s]       |          [01;36m[K~~~~~~~~~~~~~~~~~~~~~~~~~^~~~~~~~~~~~~~~~~~~~~~~~~~~~~~~~~~~[m[K
[2.978s]    68 | [01;36m[K       __bos (__s), __fmt, __va_arg_pack ())[m[K;
[2.979s]       |        [01;36m[K~~~~~~~~~~~~~~~~~~~~~~~~~~~~~~~~~~~~~[m[K
[2.979s] [01m[K/home/shipengl/LRSMT/env_build/qpOASES-3.2.1/src/QProblemB.cpp:3825:78:[m[K [01;35m[Kwarning: [m[K‘[01m[K%s[m[K’ directive output may be truncated writing up to 159 bytes into a region of size between 118 and 134 [[01;35m[K-Wformat-truncation=[m[K]
[2.979s]  3825 |      snprintf( myPrintfString,MAX_STRING_LENGTH,"   %5.1d*  |   %1.6e   |    [01;35m[K%s[m[K SOLVED     |  %4.1d   \n", (int)iter,tau,[32m[Kinfo[m[K,(int)getNFX( ) );
[2.979s]       |                                                                              [01;35m[K^~[m[K                                          [32m[K~~~~[m[K
[2.979s] In file included from [01m[K/usr/include/stdio.h:867[m[K,
[2.979s]                  from [01m[K/home/shipengl/LRSMT/env_build/qpOASES-3.2.1/include/qpOASES/MessageHandling.hpp:39[m[K,
[2.979s]                  from [01m[K/home/shipengl/LRSMT/env_build/qpOASES-3.2.1/include/qpOASES/Utils.hpp:39[m[K,
[2.980s]                  from [01m[K/home/shipengl/LRSMT/env_build/qpOASES-3.2.1/include/qpOASES/Indexlist.hpp:40[m[K,
[2.980s]                  from [01m[K/home/shipengl/LRSMT/env_build/qpOASES-3.2.1/include/qpOASES/SubjectTo.hpp:40[m[K,
[2.980s]                  from [01m[K/home/shipengl/LRSMT/env_build/qpOASES-3.2.1/include/qpOASES/Bounds.hpp:40[m[K,
[2.980s]                  from [01m[K/home/shipengl/LRSMT/env_build/qpOASES-3.2.1/include/qpOASES/Flipper.hpp:40[m[K,
[2.980s]                  from [01m[K/home/shipengl/LRSMT/env_build/qpOASES-3.2.1/include/qpOASES/QProblemB.hpp:42[m[K,
[2.980s]                  from [01m[K/home/shipengl/LRSMT/env_build/qpOASES-3.2.1/src/QProblemB.cpp:36[m[K:
[2.981s] [01m[K/usr/include/x86_64-linux-gnu/bits/stdio2.h:67:35:[m[K [01;36m[Knote: [m[K‘[01m[K__builtin___snprintf_chk[m[K’ output between 50 and 232 bytes into a destination of size 160
[2.981s]    67 |   return [01;36m[K__builtin___snprintf_chk (__s, __n, __USE_FORTIFY_LEVEL - 1,[m[K
[2.981s]       |          [01;36m[K~~~~~~~~~~~~~~~~~~~~~~~~~^~~~~~~~~~~~~~~~~~~~~~~~~~~~~~~~~~~[m[K
[2.981s]    68 | [01;36m[K       __bos (__s), __fmt, __va_arg_pack ())[m[K;
[2.982s]       |        [01;36m[K~~~~~~~~~~~~~~~~~~~~~~~~~~~~~~~~~~~~~[m[K
[2.982s] [01m[K/home/shipengl/LRSMT/env_build/qpOASES-3.2.1/src/QProblemB.cpp:3823:78:[m[K [01;35m[Kwarning: [m[K‘[01m[K%s[m[K’ directive output may be truncated writing up to 159 bytes into a region of size between 118 and 134 [[01;35m[K-Wformat-truncation=[m[K]
[2.982s]  3823 |      snprintf( myPrintfString,MAX_STRING_LENGTH,"   %5.1d   |   %1.6e   |    [01;35m[K%s[m[K SOLVED     |  %4.1d   \n", (int)iter,tau,[32m[Kinfo[m[K,(int)getNFX( ) );
[2.982s]       |                                                                              [01;35m[K^~[m[K                                          [32m[K~~~~[m[K
[2.982s] In file included from [01m[K/usr/include/stdio.h:867[m[K,
[2.982s]                  from [01m[K/home/shipengl/LRSMT/env_build/qpOASES-3.2.1/include/qpOASES/MessageHandling.hpp:39[m[K,
[2.982s]                  from [01m[K/home/shipengl/LRSMT/env_build/qpOASES-3.2.1/include/qpOASES/Utils.hpp:39[m[K,
[2.982s]                  from [01m[K/home/shipengl/LRSMT/env_build/qpOASES-3.2.1/include/qpOASES/Indexlist.hpp:40[m[K,
[2.983s]                  from [01m[K/home/shipengl/LRSMT/env_build/qpOASES-3.2.1/include/qpOASES/SubjectTo.hpp:40[m[K,
[2.983s]                  from [01m[K/home/shipengl/LRSMT/env_build/qpOASES-3.2.1/include/qpOASES/Bounds.hpp:40[m[K,
[2.983s]                  from [01m[K/home/shipengl/LRSMT/env_build/qpOASES-3.2.1/include/qpOASES/Flipper.hpp:40[m[K,
[2.983s]                  from [01m[K/home/shipengl/LRSMT/env_build/qpOASES-3.2.1/include/qpOASES/QProblemB.hpp:42[m[K,
[2.983s]                  from [01m[K/home/shipengl/LRSMT/env_build/qpOASES-3.2.1/src/QProblemB.cpp:36[m[K:
[2.983s] [01m[K/usr/include/x86_64-linux-gnu/bits/stdio2.h:67:35:[m[K [01;36m[Knote: [m[K‘[01m[K__builtin___snprintf_chk[m[K’ output between 50 and 232 bytes into a destination of size 160
[2.983s]    67 |   return [01;36m[K__builtin___snprintf_chk (__s, __n, __USE_FORTIFY_LEVEL - 1,[m[K
[2.984s]       |          [01;36m[K~~~~~~~~~~~~~~~~~~~~~~~~~^~~~~~~~~~~~~~~~~~~~~~~~~~~~~~~~~~~[m[K
[2.984s]    68 | [01;36m[K       __bos (__s), __fmt, __va_arg_pack ())[m[K;
[2.984s]       |        [01;36m[K~~~~~~~~~~~~~~~~~~~~~~~~~~~~~~~~~~~~~[m[K
[4.972s] [01m[K/home/shipengl/LRSMT/env_build/qpOASES-3.2.1/src/QProblem.cpp:[m[K In member function ‘[01m[KqpOASES::returnValue qpOASES::QProblem::printIteration(qpOASES::int_t, qpOASES::int_t, qpOASES::SubjectToStatus, qpOASES::BooleanType, qpOASES::real_t, qpOASES::BooleanType)[m[K’:
[4.972s] [01m[K/home/shipengl/LRSMT/env_build/qpOASES-3.2.1/src/QProblem.cpp:6243:76:[m[K [01;35m[Kwarning: [m[K‘[01m[K%s[m[K’ directive output may be truncated writing up to 159 bytes into a region of size between 119 and 135 [[01;35m[K-Wformat-truncation=[m[K]
[4.973s]  6243 |     snprintf( myPrintfString,MAX_STRING_LENGTH,"   %5.1d   |   %1.6e   |   [01;35m[K%s[m[K %4.1d   |  %4.1d   |  %4.1d   \n", (int)iter,tau,[32m[Kinfo[m[K,(int)BC_idx,(int)getNFX( ),(int)getNAC( ) );
[4.973s]       |                                                                            [01;35m[K^~[m[K                                                  [32m[K~~~~[m[K
[4.973s] In file included from [01m[K/usr/include/stdio.h:867[m[K,
[4.973s]                  from [01m[K/home/shipengl/LRSMT/env_build/qpOASES-3.2.1/include/qpOASES/MessageHandling.hpp:39[m[K,
[4.973s]                  from [01m[K/home/shipengl/LRSMT/env_build/qpOASES-3.2.1/include/qpOASES/Utils.hpp:39[m[K,
[4.973s]                  from [01m[K/home/shipengl/LRSMT/env_build/qpOASES-3.2.1/include/qpOASES/Indexlist.hpp:40[m[K,
[4.973s]                  from [01m[K/home/shipengl/LRSMT/env_build/qpOASES-3.2.1/include/qpOASES/SubjectTo.hpp:40[m[K,
[4.974s]                  from [01m[K/home/shipengl/LRSMT/env_build/qpOASES-3.2.1/include/qpOASES/Bounds.hpp:40[m[K,
[4.974s]                  from [01m[K/home/shipengl/LRSMT/env_build/qpOASES-3.2.1/include/qpOASES/Flipper.hpp:40[m[K,
[4.974s]                  from [01m[K/home/shipengl/LRSMT/env_build/qpOASES-3.2.1/include/qpOASES/QProblemB.hpp:42[m[K,
[4.974s]                  from [01m[K/home/shipengl/LRSMT/env_build/qpOASES-3.2.1/include/qpOASES/QProblem.hpp:41[m[K,
[4.974s]                  from [01m[K/home/shipengl/LRSMT/env_build/qpOASES-3.2.1/src/QProblem.cpp:36[m[K:
[4.974s] [01m[K/usr/include/x86_64-linux-gnu/bits/stdio2.h:67:35:[m[K [01;36m[Knote: [m[K‘[01m[K__builtin___snprintf_chk[m[K’ output between 55 and 251 bytes into a destination of size 160
[4.974s]    67 |   return [01;36m[K__builtin___snprintf_chk (__s, __n, __USE_FORTIFY_LEVEL - 1,[m[K
[4.974s]       |          [01;36m[K~~~~~~~~~~~~~~~~~~~~~~~~~^~~~~~~~~~~~~~~~~~~~~~~~~~~~~~~~~~~[m[K
[4.975s]    68 | [01;36m[K       __bos (__s), __fmt, __va_arg_pack ())[m[K;
[4.975s]       |        [01;36m[K~~~~~~~~~~~~~~~~~~~~~~~~~~~~~~~~~~~~~[m[K
[4.975s] [01m[K/home/shipengl/LRSMT/env_build/qpOASES-3.2.1/src/QProblem.cpp:6228:78:[m[K [01;35m[Kwarning: [m[K‘[01m[K%s[m[K’ directive output may be truncated writing up to 159 bytes into a region of size between 118 and 134 [[01;35m[K-Wformat-truncation=[m[K]
[4.975s]  6228 |      snprintf( myPrintfString,MAX_STRING_LENGTH,"   %5.1d*  |   %1.6e   |    [01;35m[K%s[m[K SOLVED     |  %4.1d   |  %4.1d   \n", (int)iter,tau,[32m[Kinfo[m[K,(int)getNFX( ),(int)getNAC( ) );
[4.975s]       |                                                                              [01;35m[K^~[m[K                                                     [32m[K~~~~[m[K
[4.975s] In file included from [01m[K/usr/include/stdio.h:867[m[K,
[4.976s]                  from [01m[K/home/shipengl/LRSMT/env_build/qpOASES-3.2.1/include/qpOASES/MessageHandling.hpp:39[m[K,
[4.976s]                  from [01m[K/home/shipengl/LRSMT/env_build/qpOASES-3.2.1/include/qpOASES/Utils.hpp:39[m[K,
[4.976s]                  from [01m[K/home/shipengl/LRSMT/env_build/qpOASES-3.2.1/include/qpOASES/Indexlist.hpp:40[m[K,
[4.976s]                  from [01m[K/home/shipengl/LRSMT/env_build/qpOASES-3.2.1/include/qpOASES/SubjectTo.hpp:40[m[K,
[4.976s]                  from [01m[K/home/shipengl/LRSMT/env_build/qpOASES-3.2.1/include/qpOASES/Bounds.hpp:40[m[K,
[4.976s]                  from [01m[K/home/shipengl/LRSMT/env_build/qpOASES-3.2.1/include/qpOASES/Flipper.hpp:40[m[K,
[4.977s]                  from [01m[K/home/shipengl/LRSMT/env_build/qpOASES-3.2.1/include/qpOASES/QProblemB.hpp:42[m[K,
[4.977s]                  from [01m[K/home/shipengl/LRSMT/env_build/qpOASES-3.2.1/include/qpOASES/QProblem.hpp:41[m[K,
[4.977s]                  from [01m[K/home/shipengl/LRSMT/env_build/qpOASES-3.2.1/src/QProblem.cpp:36[m[K:
[4.977s] [01m[K/usr/include/x86_64-linux-gnu/bits/stdio2.h:67:35:[m[K [01;36m[Knote: [m[K‘[01m[K__builtin___snprintf_chk[m[K’ output between 60 and 249 bytes into a destination of size 160
[4.977s]    67 |   return [01;36m[K__builtin___snprintf_chk (__s, __n, __USE_FORTIFY_LEVEL - 1,[m[K
[4.978s]       |          [01;36m[K~~~~~~~~~~~~~~~~~~~~~~~~~^~~~~~~~~~~~~~~~~~~~~~~~~~~~~~~~~~~[m[K
[4.978s]    68 | [01;36m[K       __bos (__s), __fmt, __va_arg_pack ())[m[K;
[4.978s]       |        [01;36m[K~~~~~~~~~~~~~~~~~~~~~~~~~~~~~~~~~~~~~[m[K
[4.978s] [01m[K/home/shipengl/LRSMT/env_build/qpOASES-3.2.1/src/QProblem.cpp:6226:78:[m[K [01;35m[Kwarning: [m[K‘[01m[K%s[m[K’ directive output may be truncated writing up to 159 bytes into a region of size between 118 and 134 [[01;35m[K-Wformat-truncation=[m[K]
[4.978s]  6226 |      snprintf( myPrintfString,MAX_STRING_LENGTH,"   %5.1d   |   %1.6e   |    [01;35m[K%s[m[K SOLVED     |  %4.1d   |  %4.1d   \n", (int)iter,tau,[32m[Kinfo[m[K,(int)getNFX( ),(int)getNAC( ) );
[4.978s]       |                                                                              [01;35m[K^~[m[K                                                     [32m[K~~~~[m[K
[4.979s] In file included from [01m[K/usr/include/stdio.h:867[m[K,
[4.979s]                  from [01m[K/home/shipengl/LRSMT/env_build/qpOASES-3.2.1/include/qpOASES/MessageHandling.hpp:39[m[K,
[4.979s]                  from [01m[K/home/shipengl/LRSMT/env_build/qpOASES-3.2.1/include/qpOASES/Utils.hpp:39[m[K,
[4.979s]                  from [01m[K/home/shipengl/LRSMT/env_build/qpOASES-3.2.1/include/qpOASES/Indexlist.hpp:40[m[K,
[4.979s]                  from [01m[K/home/shipengl/LRSMT/env_build/qpOASES-3.2.1/include/qpOASES/SubjectTo.hpp:40[m[K,
[4.979s]                  from [01m[K/home/shipengl/LRSMT/env_build/qpOASES-3.2.1/include/qpOASES/Bounds.hpp:40[m[K,
[4.979s]                  from [01m[K/home/shipengl/LRSMT/env_build/qpOASES-3.2.1/include/qpOASES/Flipper.hpp:40[m[K,
[4.980s]                  from [01m[K/home/shipengl/LRSMT/env_build/qpOASES-3.2.1/include/qpOASES/QProblemB.hpp:42[m[K,
[4.980s]                  from [01m[K/home/shipengl/LRSMT/env_build/qpOASES-3.2.1/include/qpOASES/QProblem.hpp:41[m[K,
[4.980s]                  from [01m[K/home/shipengl/LRSMT/env_build/qpOASES-3.2.1/src/QProblem.cpp:36[m[K:
[4.980s] [01m[K/usr/include/x86_64-linux-gnu/bits/stdio2.h:67:35:[m[K [01;36m[Knote: [m[K‘[01m[K__builtin___snprintf_chk[m[K’ output between 60 and 249 bytes into a destination of size 160
[4.980s]    67 |   return [01;36m[K__builtin___snprintf_chk (__s, __n, __USE_FORTIFY_LEVEL - 1,[m[K
[4.980s]       |          [01;36m[K~~~~~~~~~~~~~~~~~~~~~~~~~^~~~~~~~~~~~~~~~~~~~~~~~~~~~~~~~~~~[m[K
[4.981s]    68 | [01;36m[K       __bos (__s), __fmt, __va_arg_pack ())[m[K;
[4.981s]       |        [01;36m[K~~~~~~~~~~~~~~~~~~~~~~~~~~~~~~~~~~~~~[m[K
[6.238s] [ 46%] [32m[1mLinking CXX static library libs/libqpOASES.a[0m
[6.282s] [ 46%] Built target qpOASES
[6.295s] [35m[1mScanning dependencies of target example1a[0m
[6.296s] [35m[1mScanning dependencies of target example2[0m
[6.296s] [35m[1mScanning dependencies of target example1b[0m
[6.297s] [35m[1mScanning dependencies of target example3[0m
[6.297s] [35m[1mScanning dependencies of target example1[0m
[6.298s] [35m[1mScanning dependencies of target example5[0m
[6.298s] [35m[1mScanning dependencies of target exampleLP[0m
[6.298s] [35m[1mScanning dependencies of target example4[0m
[6.300s] [35m[1mScanning dependencies of target example3b[0m
[6.302s] [35m[1mScanning dependencies of target qrecipe[0m
[6.307s] [35m[1mScanning dependencies of target qrecipeSchur[0m
[6.318s] [ 48%] [32mBuilding CXX object CMakeFiles/example5.dir/examples/example5.cpp.o[0m
[6.319s] [ 51%] [32mBuilding CXX object CMakeFiles/example1a.dir/examples/example1a.cpp.o[0m
[6.319s] [ 53%] [32mBuilding CXX object CMakeFiles/example1.dir/examples/example1.cpp.o[0m
[6.319s] [ 56%] [32mBuilding CXX object CMakeFiles/example4.dir/examples/example4.cpp.o[0m
[6.321s] [ 58%] [32mBuilding CXX object CMakeFiles/example2.dir/examples/example2.cpp.o[0m
[6.321s] [ 60%] [32mBuilding CXX object CMakeFiles/example1b.dir/examples/example1b.cpp.o[0m
[6.321s] [ 63%] [32mBuilding CXX object CMakeFiles/qrecipe.dir/examples/qrecipe.cpp.o[0m
[6.322s] [ 65%] [32mBuilding CXX object CMakeFiles/exampleLP.dir/examples/exampleLP.cpp.o[0m
[6.327s] [ 68%] [32mBuilding CXX object CMakeFiles/example3b.dir/examples/example3b.cpp.o[0m
[6.342s] [ 70%] [32mBuilding CXX object CMakeFiles/qrecipeSchur.dir/examples/qrecipeSchur.cpp.o[0m
[6.346s] [ 73%] [32mBuilding CXX object CMakeFiles/example3.dir/examples/example3.cpp.o[0m
[6.506s] [ 75%] [32m[1mLinking CXX executable bin/example1b[0m
[6.530s] [ 78%] [32m[1mLinking CXX executable bin/example1a[0m
[6.553s] [ 80%] [32m[1mLinking CXX executable bin/exampleLP[0m
[6.555s] [ 82%] [32m[1mLinking CXX executable bin/example3[0m
[6.568s] [ 87%] [32m[1mLinking CXX executable bin/example3b[0m
[6.568s] [ 87%] [32m[1mLinking CXX executable bin/example2[0m
[6.573s] [ 90%] [32m[1mLinking CXX executable bin/example4[0m
[6.578s] [ 92%] [32m[1mLinking CXX executable bin/example1[0m
[6.594s] [ 95%] [32m[1mLinking CXX executable bin/example5[0m
[6.614s] [ 97%] [32m[1mLinking CXX executable bin/qrecipe[0m
[6.724s] [ 97%] Built target example1b
[6.736s] [100%] [32m[1mLinking CXX executable bin/qrecipeSchur[0m
[6.746s] [100%] Built target exampleLP
[6.750s] [100%] Built target example1a
[6.757s] [100%] Built target example4
[6.757s] [100%] Built target example2
[6.757s] [100%] Built target example3
[6.791s] [100%] Built target example1
[6.802s] [100%] Built target example3b
[6.826s] [100%] Built target example5
[6.841s] [100%] Built target qrecipe
[6.900s] [100%] Built target qrecipeSchur
[6.916s] Invoked command in '/home/shipengl/LRSMT/build/qpOASES' returned '0': /usr/bin/cmake --build /home/shipengl/LRSMT/build/qpOASES -- -j16 -l16
