/home/shipengl/LRSMT/agiletaur/install/webots_ros2_importer/lib/python3.8/site-packages/webots_ros2_importer/urdf2proto.py
/home/shipengl/LRSMT/agiletaur/install/webots_ros2_importer/lib/python3.8/site-packages/webots_ros2_importer/__init__.py
/home/shipengl/LRSMT/agiletaur/install/webots_ros2_importer/lib/python3.8/site-packages/webots_ros2_importer/xacro2proto.py
/home/shipengl/LRSMT/agiletaur/install/webots_ros2_importer/lib/python3.8/site-packages/webots_ros2_importer/urdf2webots/urdf2webots/gazebo_materials.py
/home/shipengl/LRSMT/agiletaur/install/webots_ros2_importer/lib/python3.8/site-packages/webots_ros2_importer/urdf2webots/urdf2webots/math_utils.py
/home/shipengl/LRSMT/agiletaur/install/webots_ros2_importer/lib/python3.8/site-packages/webots_ros2_importer/urdf2webots/urdf2webots/__init__.py
/home/shipengl/LRSMT/agiletaur/install/webots_ros2_importer/lib/python3.8/site-packages/webots_ros2_importer/urdf2webots/urdf2webots/parserURDF.py
/home/shipengl/LRSMT/agiletaur/install/webots_ros2_importer/lib/python3.8/site-packages/webots_ros2_importer/urdf2webots/urdf2webots/importer.py
/home/shipengl/LRSMT/agiletaur/install/webots_ros2_importer/lib/python3.8/site-packages/webots_ros2_importer/urdf2webots/urdf2webots/writeProto.py
/home/shipengl/LRSMT/agiletaur/install/webots_ros2_importer/lib/python3.8/site-packages/webots_ros2_importer/__pycache__/urdf2proto.cpython-38.pyc
/home/shipengl/LRSMT/agiletaur/install/webots_ros2_importer/lib/python3.8/site-packages/webots_ros2_importer/__pycache__/__init__.cpython-38.pyc
/home/shipengl/LRSMT/agiletaur/install/webots_ros2_importer/lib/python3.8/site-packages/webots_ros2_importer/__pycache__/xacro2proto.cpython-38.pyc
/home/shipengl/LRSMT/agiletaur/install/webots_ros2_importer/lib/python3.8/site-packages/webots_ros2_importer/urdf2webots/urdf2webots/__pycache__/gazebo_materials.cpython-38.pyc
/home/shipengl/LRSMT/agiletaur/install/webots_ros2_importer/lib/python3.8/site-packages/webots_ros2_importer/urdf2webots/urdf2webots/__pycache__/math_utils.cpython-38.pyc
/home/shipengl/LRSMT/agiletaur/install/webots_ros2_importer/lib/python3.8/site-packages/webots_ros2_importer/urdf2webots/urdf2webots/__pycache__/__init__.cpython-38.pyc
/home/shipengl/LRSMT/agiletaur/install/webots_ros2_importer/lib/python3.8/site-packages/webots_ros2_importer/urdf2webots/urdf2webots/__pycache__/parserURDF.cpython-38.pyc
/home/shipengl/LRSMT/agiletaur/install/webots_ros2_importer/lib/python3.8/site-packages/webots_ros2_importer/urdf2webots/urdf2webots/__pycache__/importer.cpython-38.pyc
/home/shipengl/LRSMT/agiletaur/install/webots_ros2_importer/lib/python3.8/site-packages/webots_ros2_importer/urdf2webots/urdf2webots/__pycache__/writeProto.cpython-38.pyc
/home/shipengl/LRSMT/agiletaur/install/webots_ros2_importer/share/ament_index/resource_index/packages/webots_ros2_importer
/home/shipengl/LRSMT/agiletaur/install/webots_ros2_importer/share/webots_ros2_importer/package.xml
/home/shipengl/LRSMT/agiletaur/install/webots_ros2_importer/lib/python3.8/site-packages/webots_ros2_importer-1.1.3-py3.8.egg-info/entry_points.txt
/home/shipengl/LRSMT/agiletaur/install/webots_ros2_importer/lib/python3.8/site-packages/webots_ros2_importer-1.1.3-py3.8.egg-info/PKG-INFO
/home/shipengl/LRSMT/agiletaur/install/webots_ros2_importer/lib/python3.8/site-packages/webots_ros2_importer-1.1.3-py3.8.egg-info/SOURCES.txt
/home/shipengl/LRSMT/agiletaur/install/webots_ros2_importer/lib/python3.8/site-packages/webots_ros2_importer-1.1.3-py3.8.egg-info/top_level.txt
/home/shipengl/LRSMT/agiletaur/install/webots_ros2_importer/lib/python3.8/site-packages/webots_ros2_importer-1.1.3-py3.8.egg-info/requires.txt
/home/shipengl/LRSMT/agiletaur/install/webots_ros2_importer/lib/python3.8/site-packages/webots_ros2_importer-1.1.3-py3.8.egg-info/zip-safe
/home/shipengl/LRSMT/agiletaur/install/webots_ros2_importer/lib/python3.8/site-packages/webots_ros2_importer-1.1.3-py3.8.egg-info/dependency_links.txt
/home/shipengl/LRSMT/agiletaur/install/webots_ros2_importer/lib/webots_ros2_importer/urdf2proto
/home/shipengl/LRSMT/agiletaur/install/webots_ros2_importer/lib/webots_ros2_importer/xacro2proto
