[0.012s] Invoking command in '/home/shipengl/LRSMT/agiletaur/build/agiletaur_controller': CMAKE_PREFIX_PATH=/opt/ros/foxy /usr/bin/cmake --build /home/shipengl/LRSMT/agiletaur/build/agiletaur_controller -- -j16 -l16
[0.039s] [35m[1mScanning dependencies of target agiletaur_controller[0m
[0.061s] [ 16%] [32mBuilding CXX object CMakeFiles/agiletaur_controller.dir/src/proxy/lowerproxy.cpp.o[0m
[1.170s] [ 33%] [32m[1mLinking CXX executable agiletaur_controller[0m
[1.228s] [100%] Built target agiletaur_controller
[1.236s] Invoked command in '/home/shipengl/LRSMT/agiletaur/build/agiletaur_controller' returned '0': CMAKE_PREFIX_PATH=/opt/ros/foxy /usr/bin/cmake --build /home/shipengl/LRSMT/agiletaur/build/agiletaur_controller -- -j16 -l16
[1.261s] Invoking command in '/home/shipengl/LRSMT/agiletaur/build/agiletaur_controller': CMAKE_PREFIX_PATH=/opt/ros/foxy /usr/bin/cmake --install /home/shipengl/LRSMT/agiletaur/build/agiletaur_controller
[1.267s] -- Install configuration: ""
[1.267s] -- Installing: /home/shipengl/LRSMT/agiletaur/install/agiletaur_controller/lib/agiletaur_controller/agiletaur_controller
[1.267s] -- Set runtime path of "/home/shipengl/LRSMT/agiletaur/install/agiletaur_controller/lib/agiletaur_controller/agiletaur_controller" to ""
[1.267s] -- Up-to-date: /home/shipengl/LRSMT/agiletaur/install/agiletaur_controller/share/ament_index/resource_index/package_run_dependencies/agiletaur_controller
[1.268s] -- Up-to-date: /home/shipengl/LRSMT/agiletaur/install/agiletaur_controller/share/ament_index/resource_index/parent_prefix_path/agiletaur_controller
[1.268s] -- Up-to-date: /home/shipengl/LRSMT/agiletaur/install/agiletaur_controller/share/agiletaur_controller/environment/ament_prefix_path.sh
[1.268s] -- Up-to-date: /home/shipengl/LRSMT/agiletaur/install/agiletaur_controller/share/agiletaur_controller/environment/ament_prefix_path.dsv
[1.268s] -- Up-to-date: /home/shipengl/LRSMT/agiletaur/install/agiletaur_controller/share/agiletaur_controller/environment/path.sh
[1.268s] -- Up-to-date: /home/shipengl/LRSMT/agiletaur/install/agiletaur_controller/share/agiletaur_controller/environment/path.dsv
[1.268s] -- Up-to-date: /home/shipengl/LRSMT/agiletaur/install/agiletaur_controller/share/agiletaur_controller/local_setup.bash
[1.268s] -- Up-to-date: /home/shipengl/LRSMT/agiletaur/install/agiletaur_controller/share/agiletaur_controller/local_setup.sh
[1.268s] -- Up-to-date: /home/shipengl/LRSMT/agiletaur/install/agiletaur_controller/share/agiletaur_controller/local_setup.zsh
[1.268s] -- Up-to-date: /home/shipengl/LRSMT/agiletaur/install/agiletaur_controller/share/agiletaur_controller/local_setup.dsv
[1.268s] -- Installing: /home/shipengl/LRSMT/agiletaur/install/agiletaur_controller/share/agiletaur_controller/package.dsv
[1.268s] -- Up-to-date: /home/shipengl/LRSMT/agiletaur/install/agiletaur_controller/share/ament_index/resource_index/packages/agiletaur_controller
[1.268s] -- Up-to-date: /home/shipengl/LRSMT/agiletaur/install/agiletaur_controller/share/agiletaur_controller/cmake/agiletaur_controllerConfig.cmake
[1.268s] -- Up-to-date: /home/shipengl/LRSMT/agiletaur/install/agiletaur_controller/share/agiletaur_controller/cmake/agiletaur_controllerConfig-version.cmake
[1.268s] -- Up-to-date: /home/shipengl/LRSMT/agiletaur/install/agiletaur_controller/share/agiletaur_controller/package.xml
[1.270s] Invoked command in '/home/shipengl/LRSMT/agiletaur/build/agiletaur_controller' returned '0': CMAKE_PREFIX_PATH=/opt/ros/foxy /usr/bin/cmake --install /home/shipengl/LRSMT/agiletaur/build/agiletaur_controller
