-- The C compiler identification is GNU 9.3.0
-- The CXX compiler identification is GNU 9.3.0
-- Check for working C compiler: /usr/bin/cc
-- Check for working C compiler: /usr/bin/cc -- works
-- Detecting C compiler ABI info
-- Detecting C compiler ABI info - done
-- Detecting C compile features
-- Detecting C compile features - done
-- Check for working CXX compiler: /usr/bin/c++
-- Check for working CXX compiler: /usr/bin/c++ -- works
-- Detecting CXX compiler ABI info
-- Detecting CXX compiler ABI info - done
-- Detecting CXX compile features
-- Detecting CXX compile features - done
-- Found ament_cmake: 0.9.9 (/opt/ros/foxy/share/ament_cmake/cmake)
-- Found PythonInterp: /usr/bin/python3 (found suitable version "3.8.10", minimum required is "3") 
-- Using PYTHON_EXECUTABLE: /usr/bin/python3
-- Found ament_lint_auto: 0.9.6 (/opt/ros/foxy/share/ament_lint_auto/cmake)
-- Added test 'copyright' to check source files copyright and LICENSE
-- Added test 'cppcheck' to perform static code analysis on C / C++ code
-- Configured cppcheck include dirs: $<BUILD_INTERFACE:/home/shipengl/LRSMT/agiletaur/src/agiletaur_controller/firstcontroller/include>
-- Configured cppcheck exclude dirs and/or files: 
-- Added test 'cpplint' to check C / C++ code against the Google style
-- Configured cpplint exclude dirs and/or files: 
-- Added test 'lint_cmake' to check CMake code style
-- Added test 'uncrustify' to check C / C++ code style
-- Configured uncrustify additional arguments: 
-- Added test 'xmllint' to check XML markup files
-- Configuring done
-- Generating done
-- Build files have been written to: /home/shipengl/LRSMT/agiletaur/build/firstcontroller
[35m[1mScanning dependencies of target firstcontroller[0m
[ 50%] [32mBuilding CXX object CMakeFiles/firstcontroller.dir/src/firstcontroller.cpp.o[0m
[100%] [32m[1mLinking CXX executable firstcontroller[0m
[100%] Built target firstcontroller
-- Install configuration: ""
-- Installing: /home/shipengl/LRSMT/agiletaur/install/firstcontroller/lib/firstcontroller/firstcontroller
-- Installing: /home/shipengl/LRSMT/agiletaur/install/firstcontroller/share/ament_index/resource_index/package_run_dependencies/firstcontroller
-- Installing: /home/shipengl/LRSMT/agiletaur/install/firstcontroller/share/ament_index/resource_index/parent_prefix_path/firstcontroller
-- Installing: /home/shipengl/LRSMT/agiletaur/install/firstcontroller/share/firstcontroller/environment/ament_prefix_path.sh
-- Installing: /home/shipengl/LRSMT/agiletaur/install/firstcontroller/share/firstcontroller/environment/ament_prefix_path.dsv
-- Installing: /home/shipengl/LRSMT/agiletaur/install/firstcontroller/share/firstcontroller/environment/path.sh
-- Installing: /home/shipengl/LRSMT/agiletaur/install/firstcontroller/share/firstcontroller/environment/path.dsv
-- Installing: /home/shipengl/LRSMT/agiletaur/install/firstcontroller/share/firstcontroller/local_setup.bash
-- Installing: /home/shipengl/LRSMT/agiletaur/install/firstcontroller/share/firstcontroller/local_setup.sh
-- Installing: /home/shipengl/LRSMT/agiletaur/install/firstcontroller/share/firstcontroller/local_setup.zsh
-- Installing: /home/shipengl/LRSMT/agiletaur/install/firstcontroller/share/firstcontroller/local_setup.dsv
-- Installing: /home/shipengl/LRSMT/agiletaur/install/firstcontroller/share/firstcontroller/package.dsv
-- Installing: /home/shipengl/LRSMT/agiletaur/install/firstcontroller/share/ament_index/resource_index/packages/firstcontroller
-- Installing: /home/shipengl/LRSMT/agiletaur/install/firstcontroller/share/firstcontroller/cmake/firstcontrollerConfig.cmake
-- Installing: /home/shipengl/LRSMT/agiletaur/install/firstcontroller/share/firstcontroller/cmake/firstcontrollerConfig-version.cmake
-- Installing: /home/shipengl/LRSMT/agiletaur/install/firstcontroller/share/firstcontroller/package.xml
