[0.199s] Invoking command in '/home/shipengl/LRSMT/agiletaur/build/firstcontroller': CMAKE_PREFIX_PATH=${CMAKE_PREFIX_PATH}:/home/shipengl/LRSMT/agiletaur/install/webots_ros2:/home/shipengl/LRSMT/agiletaur/install/webots_ros2_universal_robot:/home/shipengl/LRSMT/agiletaur/install/webots_ros2_turtlebot:/home/shipengl/LRSMT/agiletaur/install/webots_ros2_tiago:/home/shipengl/LRSMT/agiletaur/install/webots_ros2_tests:/home/shipengl/LRSMT/agiletaur/install/webots_ros2_tesla:/home/shipengl/LRSMT/agiletaur/install/webots_ros2_mavic:/home/shipengl/LRSMT/agiletaur/install/webots_ros2_epuck:/home/shipengl/LRSMT/agiletaur/install/webots_ros2_core:/home/shipengl/LRSMT/agiletaur/install/webots_ros2_importer:/opt/ros/foxy /usr/bin/cmake /home/shipengl/LRSMT/agiletaur/src/agiletaur_controller/firstcontroller -DCMAKE_INSTALL_PREFIX=/home/shipengl/LRSMT/agiletaur/install/firstcontroller
[0.240s] -- The C compiler identification is GNU 9.3.0
[0.285s] -- The CXX compiler identification is GNU 9.3.0
[0.289s] -- Check for working C compiler: /usr/bin/cc
[0.344s] -- Check for working C compiler: /usr/bin/cc -- works
[0.344s] -- Detecting C compiler ABI info
[0.398s] -- Detecting C compiler ABI info - done
[0.409s] -- Detecting C compile features
[0.410s] -- Detecting C compile features - done
[0.412s] -- Check for working CXX compiler: /usr/bin/c++
[0.472s] -- Check for working CXX compiler: /usr/bin/c++ -- works
[0.473s] -- Detecting CXX compiler ABI info
[0.527s] -- Detecting CXX compiler ABI info - done
[0.537s] -- Detecting CXX compile features
[0.537s] -- Detecting CXX compile features - done
[0.539s] -- Found ament_cmake: 0.9.9 (/opt/ros/foxy/share/ament_cmake/cmake)
[0.558s] -- Found PythonInterp: /usr/bin/python3 (found suitable version "3.8.10", minimum required is "3") 
[0.558s] -- Using PYTHON_EXECUTABLE: /usr/bin/python3
[0.735s] -- Found ament_lint_auto: 0.9.6 (/opt/ros/foxy/share/ament_lint_auto/cmake)
[0.846s] -- Added test 'copyright' to check source files copyright and LICENSE
[0.847s] -- Added test 'cppcheck' to perform static code analysis on C / C++ code
[0.847s] -- Configured cppcheck include dirs: $<BUILD_INTERFACE:/home/shipengl/LRSMT/agiletaur/src/agiletaur_controller/firstcontroller/include>
[0.847s] -- Configured cppcheck exclude dirs and/or files: 
[0.848s] -- Added test 'cpplint' to check C / C++ code against the Google style
[0.848s] -- Configured cpplint exclude dirs and/or files: 
[0.849s] -- Added test 'lint_cmake' to check CMake code style
[0.850s] -- Added test 'uncrustify' to check C / C++ code style
[0.850s] -- Configured uncrustify additional arguments: 
[0.850s] -- Added test 'xmllint' to check XML markup files
[0.852s] -- Configuring done
[0.855s] -- Generating done
[0.856s] -- Build files have been written to: /home/shipengl/LRSMT/agiletaur/build/firstcontroller
[0.859s] Invoked command in '/home/shipengl/LRSMT/agiletaur/build/firstcontroller' returned '0': CMAKE_PREFIX_PATH=${CMAKE_PREFIX_PATH}:/home/shipengl/LRSMT/agiletaur/install/webots_ros2:/home/shipengl/LRSMT/agiletaur/install/webots_ros2_universal_robot:/home/shipengl/LRSMT/agiletaur/install/webots_ros2_turtlebot:/home/shipengl/LRSMT/agiletaur/install/webots_ros2_tiago:/home/shipengl/LRSMT/agiletaur/install/webots_ros2_tests:/home/shipengl/LRSMT/agiletaur/install/webots_ros2_tesla:/home/shipengl/LRSMT/agiletaur/install/webots_ros2_mavic:/home/shipengl/LRSMT/agiletaur/install/webots_ros2_epuck:/home/shipengl/LRSMT/agiletaur/install/webots_ros2_core:/home/shipengl/LRSMT/agiletaur/install/webots_ros2_importer:/opt/ros/foxy /usr/bin/cmake /home/shipengl/LRSMT/agiletaur/src/agiletaur_controller/firstcontroller -DCMAKE_INSTALL_PREFIX=/home/shipengl/LRSMT/agiletaur/install/firstcontroller
[0.861s] Invoking command in '/home/shipengl/LRSMT/agiletaur/build/firstcontroller': CMAKE_PREFIX_PATH=${CMAKE_PREFIX_PATH}:/home/shipengl/LRSMT/agiletaur/install/webots_ros2:/home/shipengl/LRSMT/agiletaur/install/webots_ros2_universal_robot:/home/shipengl/LRSMT/agiletaur/install/webots_ros2_turtlebot:/home/shipengl/LRSMT/agiletaur/install/webots_ros2_tiago:/home/shipengl/LRSMT/agiletaur/install/webots_ros2_tests:/home/shipengl/LRSMT/agiletaur/install/webots_ros2_tesla:/home/shipengl/LRSMT/agiletaur/install/webots_ros2_mavic:/home/shipengl/LRSMT/agiletaur/install/webots_ros2_epuck:/home/shipengl/LRSMT/agiletaur/install/webots_ros2_core:/home/shipengl/LRSMT/agiletaur/install/webots_ros2_importer:/opt/ros/foxy /usr/bin/cmake --build /home/shipengl/LRSMT/agiletaur/build/firstcontroller -- -j16 -l16
[0.896s] [35m[1mScanning dependencies of target firstcontroller[0m
[0.904s] [ 50%] [32mBuilding CXX object CMakeFiles/firstcontroller.dir/src/firstcontroller.cpp.o[0m
[0.928s] [100%] [32m[1mLinking CXX executable firstcontroller[0m
[0.958s] [100%] Built target firstcontroller
[1.067s] Invoked command in '/home/shipengl/LRSMT/agiletaur/build/firstcontroller' returned '0': CMAKE_PREFIX_PATH=${CMAKE_PREFIX_PATH}:/home/shipengl/LRSMT/agiletaur/install/webots_ros2:/home/shipengl/LRSMT/agiletaur/install/webots_ros2_universal_robot:/home/shipengl/LRSMT/agiletaur/install/webots_ros2_turtlebot:/home/shipengl/LRSMT/agiletaur/install/webots_ros2_tiago:/home/shipengl/LRSMT/agiletaur/install/webots_ros2_tests:/home/shipengl/LRSMT/agiletaur/install/webots_ros2_tesla:/home/shipengl/LRSMT/agiletaur/install/webots_ros2_mavic:/home/shipengl/LRSMT/agiletaur/install/webots_ros2_epuck:/home/shipengl/LRSMT/agiletaur/install/webots_ros2_core:/home/shipengl/LRSMT/agiletaur/install/webots_ros2_importer:/opt/ros/foxy /usr/bin/cmake --build /home/shipengl/LRSMT/agiletaur/build/firstcontroller -- -j16 -l16
[1.084s] Invoking command in '/home/shipengl/LRSMT/agiletaur/build/firstcontroller': CMAKE_PREFIX_PATH=${CMAKE_PREFIX_PATH}:/home/shipengl/LRSMT/agiletaur/install/webots_ros2:/home/shipengl/LRSMT/agiletaur/install/webots_ros2_universal_robot:/home/shipengl/LRSMT/agiletaur/install/webots_ros2_turtlebot:/home/shipengl/LRSMT/agiletaur/install/webots_ros2_tiago:/home/shipengl/LRSMT/agiletaur/install/webots_ros2_tests:/home/shipengl/LRSMT/agiletaur/install/webots_ros2_tesla:/home/shipengl/LRSMT/agiletaur/install/webots_ros2_mavic:/home/shipengl/LRSMT/agiletaur/install/webots_ros2_epuck:/home/shipengl/LRSMT/agiletaur/install/webots_ros2_core:/home/shipengl/LRSMT/agiletaur/install/webots_ros2_importer:/opt/ros/foxy /usr/bin/cmake --install /home/shipengl/LRSMT/agiletaur/build/firstcontroller
[1.091s] -- Install configuration: ""
[1.091s] -- Installing: /home/shipengl/LRSMT/agiletaur/install/firstcontroller/lib/firstcontroller/firstcontroller
[1.091s] -- Installing: /home/shipengl/LRSMT/agiletaur/install/firstcontroller/share/ament_index/resource_index/package_run_dependencies/firstcontroller
[1.092s] -- Installing: /home/shipengl/LRSMT/agiletaur/install/firstcontroller/share/ament_index/resource_index/parent_prefix_path/firstcontroller
[1.092s] -- Installing: /home/shipengl/LRSMT/agiletaur/install/firstcontroller/share/firstcontroller/environment/ament_prefix_path.sh
[1.092s] -- Installing: /home/shipengl/LRSMT/agiletaur/install/firstcontroller/share/firstcontroller/environment/ament_prefix_path.dsv
[1.092s] -- Installing: /home/shipengl/LRSMT/agiletaur/install/firstcontroller/share/firstcontroller/environment/path.sh
[1.092s] -- Installing: /home/shipengl/LRSMT/agiletaur/install/firstcontroller/share/firstcontroller/environment/path.dsv
[1.092s] -- Installing: /home/shipengl/LRSMT/agiletaur/install/firstcontroller/share/firstcontroller/local_setup.bash
[1.092s] -- Installing: /home/shipengl/LRSMT/agiletaur/install/firstcontroller/share/firstcontroller/local_setup.sh
[1.092s] -- Installing: /home/shipengl/LRSMT/agiletaur/install/firstcontroller/share/firstcontroller/local_setup.zsh
[1.092s] -- Installing: /home/shipengl/LRSMT/agiletaur/install/firstcontroller/share/firstcontroller/local_setup.dsv
[1.093s] -- Installing: /home/shipengl/LRSMT/agiletaur/install/firstcontroller/share/firstcontroller/package.dsv
[1.093s] -- Installing: /home/shipengl/LRSMT/agiletaur/install/firstcontroller/share/ament_index/resource_index/packages/firstcontroller
[1.093s] -- Installing: /home/shipengl/LRSMT/agiletaur/install/firstcontroller/share/firstcontroller/cmake/firstcontrollerConfig.cmake
[1.093s] -- Installing: /home/shipengl/LRSMT/agiletaur/install/firstcontroller/share/firstcontroller/cmake/firstcontrollerConfig-version.cmake
[1.093s] -- Installing: /home/shipengl/LRSMT/agiletaur/install/firstcontroller/share/firstcontroller/package.xml
[1.096s] Invoked command in '/home/shipengl/LRSMT/agiletaur/build/firstcontroller' returned '0': CMAKE_PREFIX_PATH=${CMAKE_PREFIX_PATH}:/home/shipengl/LRSMT/agiletaur/install/webots_ros2:/home/shipengl/LRSMT/agiletaur/install/webots_ros2_universal_robot:/home/shipengl/LRSMT/agiletaur/install/webots_ros2_turtlebot:/home/shipengl/LRSMT/agiletaur/install/webots_ros2_tiago:/home/shipengl/LRSMT/agiletaur/install/webots_ros2_tests:/home/shipengl/LRSMT/agiletaur/install/webots_ros2_tesla:/home/shipengl/LRSMT/agiletaur/install/webots_ros2_mavic:/home/shipengl/LRSMT/agiletaur/install/webots_ros2_epuck:/home/shipengl/LRSMT/agiletaur/install/webots_ros2_core:/home/shipengl/LRSMT/agiletaur/install/webots_ros2_importer:/opt/ros/foxy /usr/bin/cmake --install /home/shipengl/LRSMT/agiletaur/build/firstcontroller
