[0.011s] Invoking command in '/home/shipengl/LRSMT/agiletaur/build/odrive_bringup': AMENT_PREFIX_PATH=/home/shipengl/LRSMT/agiletaur/install/odrive_description:${AMENT_PREFIX_PATH} CMAKE_PREFIX_PATH=/home/shipengl/LRSMT/agiletaur/install/odrive_description:/opt/ros/foxy /usr/bin/cmake --build /home/shipengl/LRSMT/agiletaur/build/odrive_bringup -- -j16 -l16
[0.043s] Invoked command in '/home/shipengl/LRSMT/agiletaur/build/odrive_bringup' returned '0': AMENT_PREFIX_PATH=/home/shipengl/LRSMT/agiletaur/install/odrive_description:${AMENT_PREFIX_PATH} CMAKE_PREFIX_PATH=/home/shipengl/LRSMT/agiletaur/install/odrive_description:/opt/ros/foxy /usr/bin/cmake --build /home/shipengl/LRSMT/agiletaur/build/odrive_bringup -- -j16 -l16
[0.060s] Invoking command in '/home/shipengl/LRSMT/agiletaur/build/odrive_bringup': AMENT_PREFIX_PATH=/home/shipengl/LRSMT/agiletaur/install/odrive_description:${AMENT_PREFIX_PATH} CMAKE_PREFIX_PATH=/home/shipengl/LRSMT/agiletaur/install/odrive_description:/opt/ros/foxy /usr/bin/cmake --install /home/shipengl/LRSMT/agiletaur/build/odrive_bringup
[0.068s] -- Install configuration: ""
[0.068s] -- Up-to-date: /home/shipengl/LRSMT/agiletaur/install/odrive_bringup/share/odrive_bringup/config
[0.068s] -- Up-to-date: /home/shipengl/LRSMT/agiletaur/install/odrive_bringup/share/odrive_bringup/config/odrive_controllers.yaml
[0.069s] -- Up-to-date: /home/shipengl/LRSMT/agiletaur/install/odrive_bringup/share/odrive_bringup/launch
[0.069s] -- Up-to-date: /home/shipengl/LRSMT/agiletaur/install/odrive_bringup/share/odrive_bringup/launch/odrive.launch.py
[0.069s] -- Up-to-date: /home/shipengl/LRSMT/agiletaur/install/odrive_bringup/share/ament_index/resource_index/package_run_dependencies/odrive_bringup
[0.069s] -- Up-to-date: /home/shipengl/LRSMT/agiletaur/install/odrive_bringup/share/ament_index/resource_index/parent_prefix_path/odrive_bringup
[0.069s] -- Up-to-date: /home/shipengl/LRSMT/agiletaur/install/odrive_bringup/share/odrive_bringup/environment/ament_prefix_path.sh
[0.069s] -- Up-to-date: /home/shipengl/LRSMT/agiletaur/install/odrive_bringup/share/odrive_bringup/environment/ament_prefix_path.dsv
[0.069s] -- Up-to-date: /home/shipengl/LRSMT/agiletaur/install/odrive_bringup/share/odrive_bringup/environment/path.sh
[0.069s] -- Up-to-date: /home/shipengl/LRSMT/agiletaur/install/odrive_bringup/share/odrive_bringup/environment/path.dsv
[0.069s] -- Up-to-date: /home/shipengl/LRSMT/agiletaur/install/odrive_bringup/share/odrive_bringup/local_setup.bash
[0.069s] -- Up-to-date: /home/shipengl/LRSMT/agiletaur/install/odrive_bringup/share/odrive_bringup/local_setup.sh
[0.070s] -- Up-to-date: /home/shipengl/LRSMT/agiletaur/install/odrive_bringup/share/odrive_bringup/local_setup.zsh
[0.070s] -- Up-to-date: /home/shipengl/LRSMT/agiletaur/install/odrive_bringup/share/odrive_bringup/local_setup.dsv
[0.070s] -- Up-to-date: /home/shipengl/LRSMT/agiletaur/install/odrive_bringup/share/odrive_bringup/package.dsv
[0.070s] -- Up-to-date: /home/shipengl/LRSMT/agiletaur/install/odrive_bringup/share/ament_index/resource_index/packages/odrive_bringup
[0.070s] -- Up-to-date: /home/shipengl/LRSMT/agiletaur/install/odrive_bringup/share/odrive_bringup/cmake/odrive_bringupConfig.cmake
[0.070s] -- Up-to-date: /home/shipengl/LRSMT/agiletaur/install/odrive_bringup/share/odrive_bringup/cmake/odrive_bringupConfig-version.cmake
[0.072s] -- Up-to-date: /home/shipengl/LRSMT/agiletaur/install/odrive_bringup/share/odrive_bringup/package.xml
[0.072s] Invoked command in '/home/shipengl/LRSMT/agiletaur/build/odrive_bringup' returned '0': AMENT_PREFIX_PATH=/home/shipengl/LRSMT/agiletaur/install/odrive_description:${AMENT_PREFIX_PATH} CMAKE_PREFIX_PATH=/home/shipengl/LRSMT/agiletaur/install/odrive_description:/opt/ros/foxy /usr/bin/cmake --install /home/shipengl/LRSMT/agiletaur/build/odrive_bringup
