-- The C compiler identification is GNU 9.3.0
-- The CXX compiler identification is GNU 9.3.0
-- Check for working C compiler: /usr/bin/cc
-- Check for working C compiler: /usr/bin/cc -- works
-- Detecting C compiler ABI info
-- Detecting C compiler ABI info - done
-- Detecting C compile features
-- Detecting C compile features - done
-- Check for working CXX compiler: /usr/bin/c++
-- Check for working CXX compiler: /usr/bin/c++ -- works
-- Detecting CXX compiler ABI info
-- Detecting CXX compiler ABI info - done
-- Detecting CXX compile features
-- Detecting CXX compile features - done
-- Found ament_cmake_auto: 0.9.9 (/opt/ros/foxy/share/ament_cmake_auto/cmake)
-- Found PythonInterp: /usr/bin/python3 (found suitable version "3.8.10", minimum required is "3") 
-- Using PYTHON_EXECUTABLE: /usr/bin/python3
-- Configuring done
-- Generating done
-- Build files have been written to: /home/shipengl/LRSMT/agiletaur/src/build/odrive_bringup
-- Install configuration: ""
-- Installing: /home/shipengl/LRSMT/agiletaur/src/install/odrive_bringup/share/odrive_bringup/config
-- Installing: /home/shipengl/LRSMT/agiletaur/src/install/odrive_bringup/share/odrive_bringup/config/odrive_controllers.yaml
-- Installing: /home/shipengl/LRSMT/agiletaur/src/install/odrive_bringup/share/odrive_bringup/launch
-- Installing: /home/shipengl/LRSMT/agiletaur/src/install/odrive_bringup/share/odrive_bringup/launch/odrive.launch.py
-- Installing: /home/shipengl/LRSMT/agiletaur/src/install/odrive_bringup/share/odrive_bringup/launch/build
-- Installing: /home/shipengl/LRSMT/agiletaur/src/install/odrive_bringup/share/odrive_bringup/launch/build/.built_by
-- Installing: /home/shipengl/LRSMT/agiletaur/src/install/odrive_bringup/share/odrive_bringup/launch/build/COLCON_IGNORE
-- Installing: /home/shipengl/LRSMT/agiletaur/src/install/odrive_bringup/share/odrive_bringup/launch/install
-- Installing: /home/shipengl/LRSMT/agiletaur/src/install/odrive_bringup/share/odrive_bringup/launch/install/setup.sh
-- Installing: /home/shipengl/LRSMT/agiletaur/src/install/odrive_bringup/share/odrive_bringup/launch/install/local_setup.bash
-- Installing: /home/shipengl/LRSMT/agiletaur/src/install/odrive_bringup/share/odrive_bringup/launch/install/.colcon_install_layout
-- Installing: /home/shipengl/LRSMT/agiletaur/src/install/odrive_bringup/share/odrive_bringup/launch/install/setup.ps1
-- Installing: /home/shipengl/LRSMT/agiletaur/src/install/odrive_bringup/share/odrive_bringup/launch/install/local_setup.sh
-- Installing: /home/shipengl/LRSMT/agiletaur/src/install/odrive_bringup/share/odrive_bringup/launch/install/local_setup.zsh
-- Installing: /home/shipengl/LRSMT/agiletaur/src/install/odrive_bringup/share/odrive_bringup/launch/install/local_setup.ps1
-- Installing: /home/shipengl/LRSMT/agiletaur/src/install/odrive_bringup/share/odrive_bringup/launch/install/setup.bash
-- Installing: /home/shipengl/LRSMT/agiletaur/src/install/odrive_bringup/share/odrive_bringup/launch/install/COLCON_IGNORE
-- Installing: /home/shipengl/LRSMT/agiletaur/src/install/odrive_bringup/share/odrive_bringup/launch/install/setup.zsh
-- Installing: /home/shipengl/LRSMT/agiletaur/src/install/odrive_bringup/share/odrive_bringup/launch/install/_local_setup_util_sh.py
-- Installing: /home/shipengl/LRSMT/agiletaur/src/install/odrive_bringup/share/odrive_bringup/launch/install/_local_setup_util_ps1.py
-- Installing: /home/shipengl/LRSMT/agiletaur/src/install/odrive_bringup/share/odrive_bringup/launch/log
-- Installing: /home/shipengl/LRSMT/agiletaur/src/install/odrive_bringup/share/odrive_bringup/launch/log/latest
-- Installing: /home/shipengl/LRSMT/agiletaur/src/install/odrive_bringup/share/odrive_bringup/launch/log/build_2022-01-05_22-05-42
-- Installing: /home/shipengl/LRSMT/agiletaur/src/install/odrive_bringup/share/odrive_bringup/launch/log/build_2022-01-05_22-05-42/events.log
-- Installing: /home/shipengl/LRSMT/agiletaur/src/install/odrive_bringup/share/odrive_bringup/launch/log/build_2022-01-05_22-05-42/logger_all.log
-- Installing: /home/shipengl/LRSMT/agiletaur/src/install/odrive_bringup/share/odrive_bringup/launch/log/COLCON_IGNORE
-- Installing: /home/shipengl/LRSMT/agiletaur/src/install/odrive_bringup/share/odrive_bringup/launch/log/latest_build
-- Installing: /home/shipengl/LRSMT/agiletaur/src/install/odrive_bringup/share/ament_index/resource_index/package_run_dependencies/odrive_bringup
-- Installing: /home/shipengl/LRSMT/agiletaur/src/install/odrive_bringup/share/ament_index/resource_index/parent_prefix_path/odrive_bringup
-- Installing: /home/shipengl/LRSMT/agiletaur/src/install/odrive_bringup/share/odrive_bringup/environment/ament_prefix_path.sh
-- Installing: /home/shipengl/LRSMT/agiletaur/src/install/odrive_bringup/share/odrive_bringup/environment/ament_prefix_path.dsv
-- Installing: /home/shipengl/LRSMT/agiletaur/src/install/odrive_bringup/share/odrive_bringup/environment/path.sh
-- Installing: /home/shipengl/LRSMT/agiletaur/src/install/odrive_bringup/share/odrive_bringup/environment/path.dsv
-- Installing: /home/shipengl/LRSMT/agiletaur/src/install/odrive_bringup/share/odrive_bringup/local_setup.bash
-- Installing: /home/shipengl/LRSMT/agiletaur/src/install/odrive_bringup/share/odrive_bringup/local_setup.sh
-- Installing: /home/shipengl/LRSMT/agiletaur/src/install/odrive_bringup/share/odrive_bringup/local_setup.zsh
-- Installing: /home/shipengl/LRSMT/agiletaur/src/install/odrive_bringup/share/odrive_bringup/local_setup.dsv
-- Installing: /home/shipengl/LRSMT/agiletaur/src/install/odrive_bringup/share/odrive_bringup/package.dsv
-- Installing: /home/shipengl/LRSMT/agiletaur/src/install/odrive_bringup/share/ament_index/resource_index/packages/odrive_bringup
-- Installing: /home/shipengl/LRSMT/agiletaur/src/install/odrive_bringup/share/odrive_bringup/cmake/odrive_bringupConfig.cmake
-- Installing: /home/shipengl/LRSMT/agiletaur/src/install/odrive_bringup/share/odrive_bringup/cmake/odrive_bringupConfig-version.cmake
-- Installing: /home/shipengl/LRSMT/agiletaur/src/install/odrive_bringup/share/odrive_bringup/package.xml
