[0.020s] Invoking command in '/home/shipengl/LRSMT/agiletaur/src/build/odrive_bringup': AMENT_PREFIX_PATH=/home/shipengl/LRSMT/agiletaur/src/install/odrive_description:${AMENT_PREFIX_PATH} CMAKE_PREFIX_PATH=/home/shipengl/LRSMT/agiletaur/src/install/odrive_description:/opt/ros/foxy /usr/bin/cmake /home/shipengl/LRSMT/agiletaur/src/odrive_ros2_control/odrive_bringup -DCMAKE_INSTALL_PREFIX=/home/shipengl/LRSMT/agiletaur/src/install/odrive_bringup
[0.089s] -- The C compiler identification is GNU 9.3.0
[0.145s] -- The CXX compiler identification is GNU 9.3.0
[0.152s] -- Check for working C compiler: /usr/bin/cc
[0.215s] -- Check for working C compiler: /usr/bin/cc -- works
[0.216s] -- Detecting C compiler ABI info
[0.284s] -- Detecting C compiler ABI info - done
[0.303s] -- Detecting C compile features
[0.303s] -- Detecting C compile features - done
[0.306s] -- Check for working CXX compiler: /usr/bin/c++
[0.377s] -- Check for working CXX compiler: /usr/bin/c++ -- works
[0.378s] -- Detecting CXX compiler ABI info
[0.448s] -- Detecting CXX compiler ABI info - done
[0.463s] -- Detecting CXX compile features
[0.464s] -- Detecting CXX compile features - done
[0.467s] -- Found ament_cmake_auto: 0.9.9 (/opt/ros/foxy/share/ament_cmake_auto/cmake)
[0.498s] -- Found PythonInterp: /usr/bin/python3 (found suitable version "3.8.10", minimum required is "3") 
[0.498s] -- Using PYTHON_EXECUTABLE: /usr/bin/python3
[0.862s] -- Configuring done
[0.865s] -- Generating done
[0.866s] -- Build files have been written to: /home/shipengl/LRSMT/agiletaur/src/build/odrive_bringup
[0.872s] Invoked command in '/home/shipengl/LRSMT/agiletaur/src/build/odrive_bringup' returned '0': AMENT_PREFIX_PATH=/home/shipengl/LRSMT/agiletaur/src/install/odrive_description:${AMENT_PREFIX_PATH} CMAKE_PREFIX_PATH=/home/shipengl/LRSMT/agiletaur/src/install/odrive_description:/opt/ros/foxy /usr/bin/cmake /home/shipengl/LRSMT/agiletaur/src/odrive_ros2_control/odrive_bringup -DCMAKE_INSTALL_PREFIX=/home/shipengl/LRSMT/agiletaur/src/install/odrive_bringup
[0.879s] Invoking command in '/home/shipengl/LRSMT/agiletaur/src/build/odrive_bringup': AMENT_PREFIX_PATH=/home/shipengl/LRSMT/agiletaur/src/install/odrive_description:${AMENT_PREFIX_PATH} CMAKE_PREFIX_PATH=/home/shipengl/LRSMT/agiletaur/src/install/odrive_description:/opt/ros/foxy /usr/bin/cmake --build /home/shipengl/LRSMT/agiletaur/src/build/odrive_bringup -- -j16 -l16
[0.965s] Invoked command in '/home/shipengl/LRSMT/agiletaur/src/build/odrive_bringup' returned '0': AMENT_PREFIX_PATH=/home/shipengl/LRSMT/agiletaur/src/install/odrive_description:${AMENT_PREFIX_PATH} CMAKE_PREFIX_PATH=/home/shipengl/LRSMT/agiletaur/src/install/odrive_description:/opt/ros/foxy /usr/bin/cmake --build /home/shipengl/LRSMT/agiletaur/src/build/odrive_bringup -- -j16 -l16
[0.992s] Invoking command in '/home/shipengl/LRSMT/agiletaur/src/build/odrive_bringup': AMENT_PREFIX_PATH=/home/shipengl/LRSMT/agiletaur/src/install/odrive_description:${AMENT_PREFIX_PATH} CMAKE_PREFIX_PATH=/home/shipengl/LRSMT/agiletaur/src/install/odrive_description:/opt/ros/foxy /usr/bin/cmake --install /home/shipengl/LRSMT/agiletaur/src/build/odrive_bringup
[1.011s] -- Install configuration: ""
[1.011s] -- Installing: /home/shipengl/LRSMT/agiletaur/src/install/odrive_bringup/share/odrive_bringup/config
[1.011s] -- Installing: /home/shipengl/LRSMT/agiletaur/src/install/odrive_bringup/share/odrive_bringup/config/odrive_controllers.yaml
[1.012s] -- Installing: /home/shipengl/LRSMT/agiletaur/src/install/odrive_bringup/share/odrive_bringup/launch
[1.012s] -- Installing: /home/shipengl/LRSMT/agiletaur/src/install/odrive_bringup/share/odrive_bringup/launch/odrive.launch.py
[1.012s] -- Installing: /home/shipengl/LRSMT/agiletaur/src/install/odrive_bringup/share/odrive_bringup/launch/build
[1.013s] -- Installing: /home/shipengl/LRSMT/agiletaur/src/install/odrive_bringup/share/odrive_bringup/launch/build/.built_by
[1.013s] -- Installing: /home/shipengl/LRSMT/agiletaur/src/install/odrive_bringup/share/odrive_bringup/launch/build/COLCON_IGNORE
[1.013s] -- Installing: /home/shipengl/LRSMT/agiletaur/src/install/odrive_bringup/share/odrive_bringup/launch/install
[1.013s] -- Installing: /home/shipengl/LRSMT/agiletaur/src/install/odrive_bringup/share/odrive_bringup/launch/install/setup.sh
[1.013s] -- Installing: /home/shipengl/LRSMT/agiletaur/src/install/odrive_bringup/share/odrive_bringup/launch/install/local_setup.bash
[1.013s] -- Installing: /home/shipengl/LRSMT/agiletaur/src/install/odrive_bringup/share/odrive_bringup/launch/install/.colcon_install_layout
[1.013s] -- Installing: /home/shipengl/LRSMT/agiletaur/src/install/odrive_bringup/share/odrive_bringup/launch/install/setup.ps1
[1.014s] -- Installing: /home/shipengl/LRSMT/agiletaur/src/install/odrive_bringup/share/odrive_bringup/launch/install/local_setup.sh
[1.014s] -- Installing: /home/shipengl/LRSMT/agiletaur/src/install/odrive_bringup/share/odrive_bringup/launch/install/local_setup.zsh
[1.014s] -- Installing: /home/shipengl/LRSMT/agiletaur/src/install/odrive_bringup/share/odrive_bringup/launch/install/local_setup.ps1
[1.015s] -- Installing: /home/shipengl/LRSMT/agiletaur/src/install/odrive_bringup/share/odrive_bringup/launch/install/setup.bash
[1.015s] -- Installing: /home/shipengl/LRSMT/agiletaur/src/install/odrive_bringup/share/odrive_bringup/launch/install/COLCON_IGNORE
[1.015s] -- Installing: /home/shipengl/LRSMT/agiletaur/src/install/odrive_bringup/share/odrive_bringup/launch/install/setup.zsh
[1.015s] -- Installing: /home/shipengl/LRSMT/agiletaur/src/install/odrive_bringup/share/odrive_bringup/launch/install/_local_setup_util_sh.py
[1.016s] -- Installing: /home/shipengl/LRSMT/agiletaur/src/install/odrive_bringup/share/odrive_bringup/launch/install/_local_setup_util_ps1.py
[1.016s] -- Installing: /home/shipengl/LRSMT/agiletaur/src/install/odrive_bringup/share/odrive_bringup/launch/log
[1.016s] -- Installing: /home/shipengl/LRSMT/agiletaur/src/install/odrive_bringup/share/odrive_bringup/launch/log/latest
[1.017s] -- Installing: /home/shipengl/LRSMT/agiletaur/src/install/odrive_bringup/share/odrive_bringup/launch/log/build_2022-01-05_22-05-42
[1.018s] -- Installing: /home/shipengl/LRSMT/agiletaur/src/install/odrive_bringup/share/odrive_bringup/launch/log/build_2022-01-05_22-05-42/events.log
[1.018s] -- Installing: /home/shipengl/LRSMT/agiletaur/src/install/odrive_bringup/share/odrive_bringup/launch/log/build_2022-01-05_22-05-42/logger_all.log
[1.018s] -- Installing: /home/shipengl/LRSMT/agiletaur/src/install/odrive_bringup/share/odrive_bringup/launch/log/COLCON_IGNORE
[1.018s] -- Installing: /home/shipengl/LRSMT/agiletaur/src/install/odrive_bringup/share/odrive_bringup/launch/log/latest_build
[1.018s] -- Installing: /home/shipengl/LRSMT/agiletaur/src/install/odrive_bringup/share/ament_index/resource_index/package_run_dependencies/odrive_bringup
[1.019s] -- Installing: /home/shipengl/LRSMT/agiletaur/src/install/odrive_bringup/share/ament_index/resource_index/parent_prefix_path/odrive_bringup
[1.019s] -- Installing: /home/shipengl/LRSMT/agiletaur/src/install/odrive_bringup/share/odrive_bringup/environment/ament_prefix_path.sh
[1.019s] -- Installing: /home/shipengl/LRSMT/agiletaur/src/install/odrive_bringup/share/odrive_bringup/environment/ament_prefix_path.dsv
[1.019s] -- Installing: /home/shipengl/LRSMT/agiletaur/src/install/odrive_bringup/share/odrive_bringup/environment/path.sh
[1.019s] -- Installing: /home/shipengl/LRSMT/agiletaur/src/install/odrive_bringup/share/odrive_bringup/environment/path.dsv
[1.020s] -- Installing: /home/shipengl/LRSMT/agiletaur/src/install/odrive_bringup/share/odrive_bringup/local_setup.bash
[1.020s] -- Installing: /home/shipengl/LRSMT/agiletaur/src/install/odrive_bringup/share/odrive_bringup/local_setup.sh
[1.021s] -- Installing: /home/shipengl/LRSMT/agiletaur/src/install/odrive_bringup/share/odrive_bringup/local_setup.zsh
[1.021s] -- Installing: /home/shipengl/LRSMT/agiletaur/src/install/odrive_bringup/share/odrive_bringup/local_setup.dsv
[1.021s] -- Installing: /home/shipengl/LRSMT/agiletaur/src/install/odrive_bringup/share/odrive_bringup/package.dsv
[1.022s] -- Installing: /home/shipengl/LRSMT/agiletaur/src/install/odrive_bringup/share/ament_index/resource_index/packages/odrive_bringup
[1.022s] -- Installing: /home/shipengl/LRSMT/agiletaur/src/install/odrive_bringup/share/odrive_bringup/cmake/odrive_bringupConfig.cmake
[1.022s] -- Installing: /home/shipengl/LRSMT/agiletaur/src/install/odrive_bringup/share/odrive_bringup/cmake/odrive_bringupConfig-version.cmake
[1.022s] -- Installing: /home/shipengl/LRSMT/agiletaur/src/install/odrive_bringup/share/odrive_bringup/package.xml
[1.026s] Invoked command in '/home/shipengl/LRSMT/agiletaur/src/build/odrive_bringup' returned '0': AMENT_PREFIX_PATH=/home/shipengl/LRSMT/agiletaur/src/install/odrive_description:${AMENT_PREFIX_PATH} CMAKE_PREFIX_PATH=/home/shipengl/LRSMT/agiletaur/src/install/odrive_description:/opt/ros/foxy /usr/bin/cmake --install /home/shipengl/LRSMT/agiletaur/src/build/odrive_bringup
