[0.063s] Invoking command in '/home/shipengl/LRSMT/build/agiletaur_launcher': CMAKE_PREFIX_PATH=${CMAKE_PREFIX_PATH}:/opt/ros/foxy /usr/bin/cmake --build /home/shipengl/LRSMT/build/agiletaur_launcher -- -j16 -l16
[0.125s] Invoked command in '/home/shipengl/LRSMT/build/agiletaur_launcher' returned '0': CMAKE_PREFIX_PATH=${CMAKE_PREFIX_PATH}:/opt/ros/foxy /usr/bin/cmake --build /home/shipengl/LRSMT/build/agiletaur_launcher -- -j16 -l16
[0.221s] Invoking command in '/home/shipengl/LRSMT/build/agiletaur_launcher': CMAKE_PREFIX_PATH=${CMAKE_PREFIX_PATH}:/opt/ros/foxy /usr/bin/cmake --install /home/shipengl/LRSMT/build/agiletaur_launcher
[0.242s] -- Install configuration: ""
[0.243s] -- Up-to-date: /home/shipengl/LRSMT/install/agiletaur_launcher/share/agiletaur_launcher/launch
[0.244s] -- Up-to-date: /home/shipengl/LRSMT/install/agiletaur_launcher/share/agiletaur_launcher/launch/agiletaur_simu_launch.py
[0.244s] -- Up-to-date: /home/shipengl/LRSMT/install/agiletaur_launcher/share/agiletaur_launcher/launch/agiletaur_real_launch.py
[0.244s] -- Up-to-date: /home/shipengl/LRSMT/install/agiletaur_launcher/share/ament_index/resource_index/package_run_dependencies/agiletaur_launcher
[0.244s] -- Up-to-date: /home/shipengl/LRSMT/install/agiletaur_launcher/share/ament_index/resource_index/parent_prefix_path/agiletaur_launcher
[0.245s] -- Up-to-date: /home/shipengl/LRSMT/install/agiletaur_launcher/share/agiletaur_launcher/environment/ament_prefix_path.sh
[0.245s] -- Up-to-date: /home/shipengl/LRSMT/install/agiletaur_launcher/share/agiletaur_launcher/environment/ament_prefix_path.dsv
[0.246s] -- Up-to-date: /home/shipengl/LRSMT/install/agiletaur_launcher/share/agiletaur_launcher/environment/path.sh
[0.247s] -- Up-to-date: /home/shipengl/LRSMT/install/agiletaur_launcher/share/agiletaur_launcher/environment/path.dsv
[0.247s] -- Up-to-date: /home/shipengl/LRSMT/install/agiletaur_launcher/share/agiletaur_launcher/local_setup.bash
[0.248s] -- Up-to-date: /home/shipengl/LRSMT/install/agiletaur_launcher/share/agiletaur_launcher/local_setup.sh
[0.249s] -- Up-to-date: /home/shipengl/LRSMT/install/agiletaur_launcher/share/agiletaur_launcher/local_setup.zsh
[0.250s] -- Up-to-date: /home/shipengl/LRSMT/install/agiletaur_launcher/share/agiletaur_launcher/local_setup.dsv
[0.250s] -- Installing: /home/shipengl/LRSMT/install/agiletaur_launcher/share/agiletaur_launcher/package.dsv
[0.251s] -- Up-to-date: /home/shipengl/LRSMT/install/agiletaur_launcher/share/ament_index/resource_index/packages/agiletaur_launcher
[0.251s] -- Up-to-date: /home/shipengl/LRSMT/install/agiletaur_launcher/share/agiletaur_launcher/cmake/agiletaur_launcherConfig.cmake
[0.251s] -- Up-to-date: /home/shipengl/LRSMT/install/agiletaur_launcher/share/agiletaur_launcher/cmake/agiletaur_launcherConfig-version.cmake
[0.252s] -- Up-to-date: /home/shipengl/LRSMT/install/agiletaur_launcher/share/agiletaur_launcher/package.xml
[0.298s] Invoked command in '/home/shipengl/LRSMT/build/agiletaur_launcher' returned '0': CMAKE_PREFIX_PATH=${CMAKE_PREFIX_PATH}:/opt/ros/foxy /usr/bin/cmake --install /home/shipengl/LRSMT/build/agiletaur_launcher
