[0.054s] Invoking command in '/home/shipengl/LRSMT/agiletaur/build/webots_simulation_assets': CMAKE_PREFIX_PATH=${CMAKE_PREFIX_PATH}:/opt/ros/foxy /usr/bin/cmake --build /home/shipengl/LRSMT/agiletaur/build/webots_simulation_assets -- -j16 -l16
[0.120s] Invoked command in '/home/shipengl/LRSMT/agiletaur/build/webots_simulation_assets' returned '0': CMAKE_PREFIX_PATH=${CMAKE_PREFIX_PATH}:/opt/ros/foxy /usr/bin/cmake --build /home/shipengl/LRSMT/agiletaur/build/webots_simulation_assets -- -j16 -l16
[0.216s] Invoking command in '/home/shipengl/LRSMT/agiletaur/build/webots_simulation_assets': CMAKE_PREFIX_PATH=${CMAKE_PREFIX_PATH}:/opt/ros/foxy /usr/bin/cmake --install /home/shipengl/LRSMT/agiletaur/build/webots_simulation_assets
[0.225s] -- Install configuration: ""
[0.225s] -- Up-to-date: /home/shipengl/LRSMT/agiletaur/install/webots_simulation_assets/share/webots_simulation_assets/worlds
[0.226s] -- Up-to-date: /home/shipengl/LRSMT/agiletaur/install/webots_simulation_assets/share/webots_simulation_assets/worlds/agiletaur.wbt
[0.226s] -- Up-to-date: /home/shipengl/LRSMT/agiletaur/install/webots_simulation_assets/share/webots_simulation_assets/worlds/.tinytaur.wbproj
[0.230s] -- Up-to-date: /home/shipengl/LRSMT/agiletaur/install/webots_simulation_assets/share/webots_simulation_assets/worlds/.empty.wbproj
[0.231s] -- Up-to-date: /home/shipengl/LRSMT/agiletaur/install/webots_simulation_assets/share/webots_simulation_assets/worlds/.dof12.wbproj
[0.231s] -- Up-to-date: /home/shipengl/LRSMT/agiletaur/install/webots_simulation_assets/share/webots_simulation_assets/worlds/.test_demo.wbproj
[0.231s] -- Up-to-date: /home/shipengl/LRSMT/agiletaur/install/webots_simulation_assets/share/webots_simulation_assets/worlds/singleleg.wbt
[0.232s] -- Up-to-date: /home/shipengl/LRSMT/agiletaur/install/webots_simulation_assets/share/webots_simulation_assets/worlds/.agiletaur.wbproj
[0.232s] -- Up-to-date: /home/shipengl/LRSMT/agiletaur/install/webots_simulation_assets/share/webots_simulation_assets/worlds/.obstacle.wbproj
[0.232s] -- Up-to-date: /home/shipengl/LRSMT/agiletaur/install/webots_simulation_assets/share/webots_simulation_assets/worlds/.copy.wbproj
[0.233s] -- Up-to-date: /home/shipengl/LRSMT/agiletaur/install/webots_simulation_assets/share/webots_simulation_assets/worlds/.newtaur.wbproj
[0.233s] -- Up-to-date: /home/shipengl/LRSMT/agiletaur/install/webots_simulation_assets/share/webots_simulation_assets/worlds/.12dof.wbproj
[0.234s] -- Up-to-date: /home/shipengl/LRSMT/agiletaur/install/webots_simulation_assets/share/webots_simulation_assets/worlds/dof12.wbt
[0.234s] -- Installing: /home/shipengl/LRSMT/agiletaur/install/webots_simulation_assets/share/webots_simulation_assets/worlds/.singleleg.wbproj
[0.234s] -- Up-to-date: /home/shipengl/LRSMT/agiletaur/install/webots_simulation_assets/share/ament_index/resource_index/package_run_dependencies/webots_simulation_assets
[0.235s] -- Up-to-date: /home/shipengl/LRSMT/agiletaur/install/webots_simulation_assets/share/ament_index/resource_index/parent_prefix_path/webots_simulation_assets
[0.235s] -- Up-to-date: /home/shipengl/LRSMT/agiletaur/install/webots_simulation_assets/share/webots_simulation_assets/environment/ament_prefix_path.sh
[0.238s] -- Up-to-date: /home/shipengl/LRSMT/agiletaur/install/webots_simulation_assets/share/webots_simulation_assets/environment/ament_prefix_path.dsv
[0.239s] -- Up-to-date: /home/shipengl/LRSMT/agiletaur/install/webots_simulation_assets/share/webots_simulation_assets/environment/path.sh
[0.239s] -- Up-to-date: /home/shipengl/LRSMT/agiletaur/install/webots_simulation_assets/share/webots_simulation_assets/environment/path.dsv
[0.240s] -- Up-to-date: /home/shipengl/LRSMT/agiletaur/install/webots_simulation_assets/share/webots_simulation_assets/local_setup.bash
[0.243s] -- Up-to-date: /home/shipengl/LRSMT/agiletaur/install/webots_simulation_assets/share/webots_simulation_assets/local_setup.sh
[0.244s] -- Up-to-date: /home/shipengl/LRSMT/agiletaur/install/webots_simulation_assets/share/webots_simulation_assets/local_setup.zsh
[0.244s] -- Up-to-date: /home/shipengl/LRSMT/agiletaur/install/webots_simulation_assets/share/webots_simulation_assets/local_setup.dsv
[0.244s] -- Installing: /home/shipengl/LRSMT/agiletaur/install/webots_simulation_assets/share/webots_simulation_assets/package.dsv
[0.245s] -- Up-to-date: /home/shipengl/LRSMT/agiletaur/install/webots_simulation_assets/share/ament_index/resource_index/packages/webots_simulation_assets
[0.245s] -- Up-to-date: /home/shipengl/LRSMT/agiletaur/install/webots_simulation_assets/share/webots_simulation_assets/cmake/webots_simulation_assetsConfig.cmake
[0.245s] -- Up-to-date: /home/shipengl/LRSMT/agiletaur/install/webots_simulation_assets/share/webots_simulation_assets/cmake/webots_simulation_assetsConfig-version.cmake
[0.245s] -- Up-to-date: /home/shipengl/LRSMT/agiletaur/install/webots_simulation_assets/share/webots_simulation_assets/package.xml
[0.286s] Invoked command in '/home/shipengl/LRSMT/agiletaur/build/webots_simulation_assets' returned '0': CMAKE_PREFIX_PATH=${CMAKE_PREFIX_PATH}:/opt/ros/foxy /usr/bin/cmake --install /home/shipengl/LRSMT/agiletaur/build/webots_simulation_assets
