[0.053s] Invoking command in '/home/shipengl/LRSMT/agiletaur/build/webots_bringup': CMAKE_PREFIX_PATH=${CMAKE_PREFIX_PATH}:/opt/ros/foxy /usr/bin/cmake --build /home/shipengl/LRSMT/agiletaur/build/webots_bringup -- -j16 -l16
[0.109s] Invoked command in '/home/shipengl/LRSMT/agiletaur/build/webots_bringup' returned '0': CMAKE_PREFIX_PATH=${CMAKE_PREFIX_PATH}:/opt/ros/foxy /usr/bin/cmake --build /home/shipengl/LRSMT/agiletaur/build/webots_bringup -- -j16 -l16
[0.144s] Invoking command in '/home/shipengl/LRSMT/agiletaur/build/webots_bringup': CMAKE_PREFIX_PATH=${CMAKE_PREFIX_PATH}:/opt/ros/foxy /usr/bin/cmake --install /home/shipengl/LRSMT/agiletaur/build/webots_bringup
[0.172s] -- Install configuration: ""
[0.173s] -- Up-to-date: /home/shipengl/LRSMT/agiletaur/install/webots_bringup/share/webots_bringup/config
[0.173s] -- Up-to-date: /home/shipengl/LRSMT/agiletaur/install/webots_bringup/share/webots_bringup/config/webot_dof12_controller.yaml
[0.174s] -- Up-to-date: /home/shipengl/LRSMT/agiletaur/install/webots_bringup/share/webots_bringup/config/webot_singleleg_controller.yaml
[0.174s] -- Up-to-date: /home/shipengl/LRSMT/agiletaur/install/webots_bringup/share/webots_bringup/launch
[0.175s] -- Up-to-date: /home/shipengl/LRSMT/agiletaur/install/webots_bringup/share/webots_bringup/launch/webots.launch_backup.py
[0.176s] -- Up-to-date: /home/shipengl/LRSMT/agiletaur/install/webots_bringup/share/webots_bringup/launch/webots.launch.py
[0.177s] -- Up-to-date: /home/shipengl/LRSMT/agiletaur/install/webots_bringup/share/ament_index/resource_index/package_run_dependencies/webots_bringup
[0.178s] -- Up-to-date: /home/shipengl/LRSMT/agiletaur/install/webots_bringup/share/ament_index/resource_index/parent_prefix_path/webots_bringup
[0.180s] -- Up-to-date: /home/shipengl/LRSMT/agiletaur/install/webots_bringup/share/webots_bringup/environment/ament_prefix_path.sh
[0.180s] -- Up-to-date: /home/shipengl/LRSMT/agiletaur/install/webots_bringup/share/webots_bringup/environment/ament_prefix_path.dsv
[0.180s] -- Up-to-date: /home/shipengl/LRSMT/agiletaur/install/webots_bringup/share/webots_bringup/environment/path.sh
[0.180s] -- Up-to-date: /home/shipengl/LRSMT/agiletaur/install/webots_bringup/share/webots_bringup/environment/path.dsv
[0.181s] -- Up-to-date: /home/shipengl/LRSMT/agiletaur/install/webots_bringup/share/webots_bringup/local_setup.bash
[0.181s] -- Up-to-date: /home/shipengl/LRSMT/agiletaur/install/webots_bringup/share/webots_bringup/local_setup.sh
[0.181s] -- Up-to-date: /home/shipengl/LRSMT/agiletaur/install/webots_bringup/share/webots_bringup/local_setup.zsh
[0.181s] -- Up-to-date: /home/shipengl/LRSMT/agiletaur/install/webots_bringup/share/webots_bringup/local_setup.dsv
[0.181s] -- Installing: /home/shipengl/LRSMT/agiletaur/install/webots_bringup/share/webots_bringup/package.dsv
[0.182s] -- Up-to-date: /home/shipengl/LRSMT/agiletaur/install/webots_bringup/share/ament_index/resource_index/packages/webots_bringup
[0.183s] -- Up-to-date: /home/shipengl/LRSMT/agiletaur/install/webots_bringup/share/webots_bringup/cmake/webots_bringupConfig.cmake
[0.183s] -- Up-to-date: /home/shipengl/LRSMT/agiletaur/install/webots_bringup/share/webots_bringup/cmake/webots_bringupConfig-version.cmake
[0.184s] -- Up-to-date: /home/shipengl/LRSMT/agiletaur/install/webots_bringup/share/webots_bringup/package.xml
[0.194s] Invoked command in '/home/shipengl/LRSMT/agiletaur/build/webots_bringup' returned '0': CMAKE_PREFIX_PATH=${CMAKE_PREFIX_PATH}:/opt/ros/foxy /usr/bin/cmake --install /home/shipengl/LRSMT/agiletaur/build/webots_bringup
