[0.047s] Invoking command in '/home/shipengl/LRSMT/agiletaur/build/webots_ros2_msgs': CMAKE_PREFIX_PATH=${CMAKE_PREFIX_PATH}:/home/shipengl/LRSMT/agiletaur/install/webots_ros2_epuck:/opt/ros/foxy /usr/bin/cmake /home/shipengl/LRSMT/agiletaur/src/webots_ros2_control/webots_ros2_msgs -DCMAKE_INSTALL_PREFIX=/home/shipengl/LRSMT/agiletaur/install/webots_ros2_msgs
[0.112s] -- The C compiler identification is GNU 9.3.0
[0.177s] -- The CXX compiler identification is GNU 9.3.0
[0.182s] -- Check for working C compiler: /usr/bin/cc
[0.250s] -- Check for working C compiler: /usr/bin/cc -- works
[0.251s] -- Detecting C compiler ABI info
[0.325s] -- Detecting C compiler ABI info - done
[0.343s] -- Detecting C compile features
[0.344s] -- Detecting C compile features - done
[0.346s] -- Check for working CXX compiler: /usr/bin/c++
[0.430s] -- Check for working CXX compiler: /usr/bin/c++ -- works
[0.432s] -- Detecting CXX compiler ABI info
[0.519s] -- Detecting CXX compiler ABI info - done
[0.535s] -- Detecting CXX compile features
[0.535s] -- Detecting CXX compile features - done
[0.539s] -- Found ament_cmake: 0.9.9 (/opt/ros/foxy/share/ament_cmake/cmake)
[0.572s] -- Found PythonInterp: /usr/bin/python3 (found suitable version "3.8.10", minimum required is "3") 
[0.572s] -- Using PYTHON_EXECUTABLE: /usr/bin/python3
[0.824s] -- Found builtin_interfaces: 1.0.0 (/opt/ros/foxy/share/builtin_interfaces/cmake)
[0.862s] -- Using all available rosidl_typesupport_c: rosidl_typesupport_fastrtps_c;rosidl_typesupport_introspection_c
[0.875s] -- Found rosidl_adapter: 1.2.1 (/opt/ros/foxy/share/rosidl_adapter/cmake)
[0.962s] -- Found OpenSSL: /usr/lib/x86_64-linux-gnu/libcrypto.so (found version "1.1.1f")  
[0.999s] -- Found FastRTPS: /opt/ros/foxy/include  
[1.100s] -- Using all available rosidl_typesupport_cpp: rosidl_typesupport_fastrtps_cpp;rosidl_typesupport_introspection_cpp
[1.158s] -- Found rosidl_default_generators: 1.0.1 (/opt/ros/foxy/share/rosidl_default_generators/cmake)
[1.165s] -- Found geometry_msgs: 2.0.4 (/opt/ros/foxy/share/geometry_msgs/cmake)
[1.231s] -- Found vision_msgs: 2.0.0 (/opt/ros/foxy/share/vision_msgs/cmake)
[1.523s] -- Found PythonInterp: /usr/bin/python3 (found version "3.8.10") 
[1.787s] -- Found ament_cmake_cppcheck: 0.9.6 (/opt/ros/foxy/share/ament_cmake_cppcheck/cmake)
[1.789s] -- Found ament_cmake_cpplint: 0.9.6 (/opt/ros/foxy/share/ament_cmake_cpplint/cmake)
[1.792s] -- Found ament_cmake_uncrustify: 0.9.6 (/opt/ros/foxy/share/ament_cmake_uncrustify/cmake)
[1.794s] -- Found ament_cmake_ros: 0.9.2 (/opt/ros/foxy/share/ament_cmake_ros/cmake)
[2.103s] -- Using all available rosidl_typesupport_c: rosidl_typesupport_fastrtps_c;rosidl_typesupport_introspection_c
[2.255s] -- Using all available rosidl_typesupport_cpp: rosidl_typesupport_fastrtps_cpp;rosidl_typesupport_introspection_cpp
[2.282s] -- Found PythonInterp: /usr/bin/python3 (found suitable version "3.8.10", minimum required is "3.5") 
[2.283s] -- Found python_cmake_module: 0.8.1 (/opt/ros/foxy/share/python_cmake_module/cmake)
[2.306s] -- Found PythonLibs: /usr/lib/x86_64-linux-gnu/libpython3.8.so (found suitable version "3.8.10", minimum required is "3.5") 
[2.306s] -- Using PYTHON_EXECUTABLE: /usr/bin/python3
[2.307s] -- Using PYTHON_INCLUDE_DIRS: /usr/include/python3.8
[2.307s] -- Using PYTHON_LIBRARIES: /usr/lib/x86_64-linux-gnu/libpython3.8.so
[2.325s] -- Found PythonExtra: .so  
[2.416s] -- Found ament_cmake_flake8: 0.9.6 (/opt/ros/foxy/share/ament_cmake_flake8/cmake)
[2.418s] -- Found ament_cmake_pep257: 0.9.6 (/opt/ros/foxy/share/ament_cmake_pep257/cmake)
[2.421s] -- Found ament_lint_auto: 0.9.6 (/opt/ros/foxy/share/ament_lint_auto/cmake)
[2.433s] -- Added test 'lint_cmake' to check CMake code style
[2.434s] -- Added test 'xmllint' to check XML markup files
[2.438s] -- Configuring done
[2.501s] -- Generating done
[2.504s] -- Build files have been written to: /home/shipengl/LRSMT/agiletaur/build/webots_ros2_msgs
[2.511s] Invoked command in '/home/shipengl/LRSMT/agiletaur/build/webots_ros2_msgs' returned '0': CMAKE_PREFIX_PATH=${CMAKE_PREFIX_PATH}:/home/shipengl/LRSMT/agiletaur/install/webots_ros2_epuck:/opt/ros/foxy /usr/bin/cmake /home/shipengl/LRSMT/agiletaur/src/webots_ros2_control/webots_ros2_msgs -DCMAKE_INSTALL_PREFIX=/home/shipengl/LRSMT/agiletaur/install/webots_ros2_msgs
[2.513s] Invoking command in '/home/shipengl/LRSMT/agiletaur/build/webots_ros2_msgs': CMAKE_PREFIX_PATH=${CMAKE_PREFIX_PATH}:/home/shipengl/LRSMT/agiletaur/install/webots_ros2_epuck:/opt/ros/foxy /usr/bin/cmake --build /home/shipengl/LRSMT/agiletaur/build/webots_ros2_msgs -- -j16 -l16
[2.547s] [35m[1mScanning dependencies of target webots_ros2_msgs__cpp[0m
[2.547s] [  2%] [34m[1mGenerating C code for ROS interfaces[0m
[2.557s] [  4%] [34m[1mGenerating C++ code for ROS interfaces[0m
[2.843s] [35m[1mScanning dependencies of target webots_ros2_msgs__rosidl_generator_c[0m
[2.849s] [  4%] Built target webots_ros2_msgs__cpp
[2.856s] [  8%] [32mBuilding C object CMakeFiles/webots_ros2_msgs__rosidl_generator_c.dir/rosidl_generator_c/webots_ros2_msgs/msg/detail/wb_camera_recognition_object__functions.c.o[0m
[2.856s] [  8%] [32mBuilding C object CMakeFiles/webots_ros2_msgs__rosidl_generator_c.dir/rosidl_generator_c/webots_ros2_msgs/srv/detail/set_int__functions.c.o[0m
[2.857s] [ 10%] [32mBuilding C object CMakeFiles/webots_ros2_msgs__rosidl_generator_c.dir/rosidl_generator_c/webots_ros2_msgs/msg/detail/wb_camera_recognition_objects__functions.c.o[0m
[2.859s] [ 12%] [34m[1mGenerating C++ type support for eProsima Fast-RTPS[0m
[2.859s] [ 17%] [34m[1mGenerating C++ introspection for ROS interfaces[0m
[2.859s] [ 17%] [34m[1mGenerating C++ type support dispatch for ROS interfaces[0m
[2.902s] [ 19%] [32m[1mLinking C shared library libwebots_ros2_msgs__rosidl_generator_c.so[0m
[2.937s] [ 19%] Built target webots_ros2_msgs__rosidl_generator_c
[2.947s] [ 21%] [34m[1mGenerating C type support dispatch for ROS interfaces[0m
[2.949s] [ 23%] [34m[1mGenerating C introspection for ROS interfaces[0m
[3.147s] [35m[1mScanning dependencies of target webots_ros2_msgs__rosidl_typesupport_cpp[0m
[3.167s] [ 25%] [32mBuilding CXX object CMakeFiles/webots_ros2_msgs__rosidl_typesupport_cpp.dir/rosidl_typesupport_cpp/webots_ros2_msgs/msg/wb_camera_recognition_objects__type_support.cpp.o[0m
[3.167s] [ 27%] [32mBuilding CXX object CMakeFiles/webots_ros2_msgs__rosidl_typesupport_cpp.dir/rosidl_typesupport_cpp/webots_ros2_msgs/msg/wb_camera_recognition_object__type_support.cpp.o[0m
[3.176s] [ 29%] [32mBuilding CXX object CMakeFiles/webots_ros2_msgs__rosidl_typesupport_cpp.dir/rosidl_typesupport_cpp/webots_ros2_msgs/srv/set_int__type_support.cpp.o[0m
[3.181s] [35m[1mScanning dependencies of target webots_ros2_msgs__rosidl_typesupport_introspection_cpp[0m
[3.205s] [ 34%] [32mBuilding CXX object CMakeFiles/webots_ros2_msgs__rosidl_typesupport_introspection_cpp.dir/rosidl_typesupport_introspection_cpp/webots_ros2_msgs/msg/detail/wb_camera_recognition_objects__type_support.cpp.o[0m
[3.205s] [ 34%] [32mBuilding CXX object CMakeFiles/webots_ros2_msgs__rosidl_typesupport_introspection_cpp.dir/rosidl_typesupport_introspection_cpp/webots_ros2_msgs/msg/detail/wb_camera_recognition_object__type_support.cpp.o[0m
[3.206s] [ 36%] [32mBuilding CXX object CMakeFiles/webots_ros2_msgs__rosidl_typesupport_introspection_cpp.dir/rosidl_typesupport_introspection_cpp/webots_ros2_msgs/srv/detail/set_int__type_support.cpp.o[0m
[3.262s] [35m[1mScanning dependencies of target webots_ros2_msgs__rosidl_typesupport_fastrtps_cpp[0m
[3.293s] [ 40%] [32mBuilding CXX object CMakeFiles/webots_ros2_msgs__rosidl_typesupport_fastrtps_cpp.dir/rosidl_typesupport_fastrtps_cpp/webots_ros2_msgs/srv/detail/dds_fastrtps/set_int__type_support.cpp.o[0m
[3.293s] [ 40%] [32mBuilding CXX object CMakeFiles/webots_ros2_msgs__rosidl_typesupport_fastrtps_cpp.dir/rosidl_typesupport_fastrtps_cpp/webots_ros2_msgs/msg/detail/dds_fastrtps/wb_camera_recognition_object__type_support.cpp.o[0m
[3.294s] [ 42%] [32mBuilding CXX object CMakeFiles/webots_ros2_msgs__rosidl_typesupport_fastrtps_cpp.dir/rosidl_typesupport_fastrtps_cpp/webots_ros2_msgs/msg/detail/dds_fastrtps/wb_camera_recognition_objects__type_support.cpp.o[0m
[3.294s] [35m[1mScanning dependencies of target webots_ros2_msgs__rosidl_typesupport_c[0m
[3.339s] [ 46%] [32mBuilding CXX object CMakeFiles/webots_ros2_msgs__rosidl_typesupport_c.dir/rosidl_typesupport_c/webots_ros2_msgs/srv/set_int__type_support.cpp.o[0m
[3.339s] [ 46%] [32mBuilding CXX object CMakeFiles/webots_ros2_msgs__rosidl_typesupport_c.dir/rosidl_typesupport_c/webots_ros2_msgs/msg/wb_camera_recognition_object__type_support.cpp.o[0m
[3.340s] [ 48%] [32mBuilding CXX object CMakeFiles/webots_ros2_msgs__rosidl_typesupport_c.dir/rosidl_typesupport_c/webots_ros2_msgs/msg/wb_camera_recognition_objects__type_support.cpp.o[0m
[3.343s] [35m[1mScanning dependencies of target webots_ros2_msgs__rosidl_typesupport_introspection_c[0m
[3.389s] [ 51%] [32mBuilding C object CMakeFiles/webots_ros2_msgs__rosidl_typesupport_introspection_c.dir/rosidl_typesupport_introspection_c/webots_ros2_msgs/msg/detail/wb_camera_recognition_object__type_support.c.o[0m
[3.398s] [ 53%] [32mBuilding C object CMakeFiles/webots_ros2_msgs__rosidl_typesupport_introspection_c.dir/rosidl_typesupport_introspection_c/webots_ros2_msgs/srv/detail/set_int__type_support.c.o[0m
[3.435s] [ 55%] [32mBuilding C object CMakeFiles/webots_ros2_msgs__rosidl_typesupport_introspection_c.dir/rosidl_typesupport_introspection_c/webots_ros2_msgs/msg/detail/wb_camera_recognition_objects__type_support.c.o[0m
[3.435s] [ 57%] [32m[1mLinking CXX shared library libwebots_ros2_msgs__rosidl_typesupport_c.so[0m
[3.492s] [ 57%] Built target webots_ros2_msgs__rosidl_typesupport_c
[3.503s] [ 59%] [32m[1mLinking C shared library libwebots_ros2_msgs__rosidl_typesupport_introspection_c.so[0m
[3.551s] [ 59%] Built target webots_ros2_msgs__rosidl_typesupport_introspection_c
[3.659s] [ 61%] [32m[1mLinking CXX shared library libwebots_ros2_msgs__rosidl_typesupport_cpp.so[0m
[3.709s] [ 61%] Built target webots_ros2_msgs__rosidl_typesupport_cpp
[3.774s] [ 63%] [32m[1mLinking CXX shared library libwebots_ros2_msgs__rosidl_typesupport_introspection_cpp.so[0m
[3.846s] [ 63%] Built target webots_ros2_msgs__rosidl_typesupport_introspection_cpp
[3.981s] [ 65%] [32m[1mLinking CXX shared library libwebots_ros2_msgs__rosidl_typesupport_fastrtps_cpp.so[0m
[4.057s] [ 65%] Built target webots_ros2_msgs__rosidl_typesupport_fastrtps_cpp
[4.066s] [ 68%] [34m[1mGenerating C type support for eProsima Fast-RTPS[0m
[4.342s] [35m[1mScanning dependencies of target webots_ros2_msgs__rosidl_typesupport_fastrtps_c[0m
[4.365s] [ 74%] [32mBuilding CXX object CMakeFiles/webots_ros2_msgs__rosidl_typesupport_fastrtps_c.dir/rosidl_typesupport_fastrtps_c/webots_ros2_msgs/msg/detail/wb_camera_recognition_objects__type_support_c.cpp.o[0m
[4.365s] [ 74%] [32mBuilding CXX object CMakeFiles/webots_ros2_msgs__rosidl_typesupport_fastrtps_c.dir/rosidl_typesupport_fastrtps_c/webots_ros2_msgs/srv/detail/set_int__type_support_c.cpp.o[0m
[4.365s] [ 74%] [32mBuilding CXX object CMakeFiles/webots_ros2_msgs__rosidl_typesupport_fastrtps_c.dir/rosidl_typesupport_fastrtps_c/webots_ros2_msgs/msg/detail/wb_camera_recognition_object__type_support_c.cpp.o[0m
[4.693s] [ 76%] [32m[1mLinking CXX shared library libwebots_ros2_msgs__rosidl_typesupport_fastrtps_c.so[0m
[4.760s] [ 76%] Built target webots_ros2_msgs__rosidl_typesupport_fastrtps_c
[4.768s] [35m[1mScanning dependencies of target webots_ros2_msgs[0m
[4.776s] [ 76%] Built target webots_ros2_msgs
[4.784s] [35m[1mScanning dependencies of target webots_ros2_msgs__py[0m
[4.793s] [ 78%] [34m[1mGenerating Python code for ROS interfaces[0m
[5.287s] [ 78%] Built target webots_ros2_msgs__py
[5.295s] [35m[1mScanning dependencies of target webots_ros2_msgs__python[0m
[5.316s] [ 82%] [32mBuilding C object CMakeFiles/webots_ros2_msgs__python.dir/rosidl_generator_py/webots_ros2_msgs/msg/_wb_camera_recognition_object_s.c.o[0m
[5.316s] [ 82%] [32mBuilding C object CMakeFiles/webots_ros2_msgs__python.dir/rosidl_generator_py/webots_ros2_msgs/srv/_set_int_s.c.o[0m
[5.316s] [ 85%] [32mBuilding C object CMakeFiles/webots_ros2_msgs__python.dir/rosidl_generator_py/webots_ros2_msgs/msg/_wb_camera_recognition_objects_s.c.o[0m
[5.403s] [ 87%] [32m[1mLinking C shared library rosidl_generator_py/webots_ros2_msgs/libwebots_ros2_msgs__python.so[0m
[5.444s] [ 87%] Built target webots_ros2_msgs__python
[5.453s] [35m[1mScanning dependencies of target webots_ros2_msgs__rosidl_typesupport_c__pyext[0m
[5.453s] [35m[1mScanning dependencies of target webots_ros2_msgs__rosidl_typesupport_introspection_c__pyext[0m
[5.453s] [35m[1mScanning dependencies of target webots_ros2_msgs__rosidl_typesupport_fastrtps_c__pyext[0m
[5.470s] [ 91%] [32mBuilding C object CMakeFiles/webots_ros2_msgs__rosidl_typesupport_c__pyext.dir/rosidl_generator_py/webots_ros2_msgs/_webots_ros2_msgs_s.ep.rosidl_typesupport_c.c.o[0m
[5.470s] [ 91%] [32mBuilding C object CMakeFiles/webots_ros2_msgs__rosidl_typesupport_introspection_c__pyext.dir/rosidl_generator_py/webots_ros2_msgs/_webots_ros2_msgs_s.ep.rosidl_typesupport_introspection_c.c.o[0m
[5.476s] [ 93%] [32mBuilding C object CMakeFiles/webots_ros2_msgs__rosidl_typesupport_fastrtps_c__pyext.dir/rosidl_generator_py/webots_ros2_msgs/_webots_ros2_msgs_s.ep.rosidl_typesupport_fastrtps_c.c.o[0m
[5.557s] [ 97%] [32m[1mLinking C shared library rosidl_generator_py/webots_ros2_msgs/webots_ros2_msgs_s__rosidl_typesupport_introspection_c.cpython-38-x86_64-linux-gnu.so[0m
[5.557s] [ 97%] [32m[1mLinking C shared library rosidl_generator_py/webots_ros2_msgs/webots_ros2_msgs_s__rosidl_typesupport_c.cpython-38-x86_64-linux-gnu.so[0m
[5.565s] [100%] [32m[1mLinking CXX shared library rosidl_generator_py/webots_ros2_msgs/webots_ros2_msgs_s__rosidl_typesupport_fastrtps_c.cpython-38-x86_64-linux-gnu.so[0m
[5.597s] [100%] Built target webots_ros2_msgs__rosidl_typesupport_c__pyext
[5.597s] [100%] Built target webots_ros2_msgs__rosidl_typesupport_introspection_c__pyext
[5.635s] [100%] Built target webots_ros2_msgs__rosidl_typesupport_fastrtps_c__pyext
[5.645s] Invoked command in '/home/shipengl/LRSMT/agiletaur/build/webots_ros2_msgs' returned '0': CMAKE_PREFIX_PATH=${CMAKE_PREFIX_PATH}:/home/shipengl/LRSMT/agiletaur/install/webots_ros2_epuck:/opt/ros/foxy /usr/bin/cmake --build /home/shipengl/LRSMT/agiletaur/build/webots_ros2_msgs -- -j16 -l16
[5.697s] Invoking command in '/home/shipengl/LRSMT/agiletaur/build/webots_ros2_msgs': CMAKE_PREFIX_PATH=${CMAKE_PREFIX_PATH}:/home/shipengl/LRSMT/agiletaur/install/webots_ros2_epuck:/opt/ros/foxy /usr/bin/cmake --install /home/shipengl/LRSMT/agiletaur/build/webots_ros2_msgs
[5.705s] -- Install configuration: ""
[5.705s] -- Installing: /home/shipengl/LRSMT/agiletaur/install/webots_ros2_msgs/share/ament_index/resource_index/rosidl_interfaces/webots_ros2_msgs
[5.705s] -- Installing: /home/shipengl/LRSMT/agiletaur/install/webots_ros2_msgs/include/webots_ros2_msgs
[5.705s] -- Installing: /home/shipengl/LRSMT/agiletaur/install/webots_ros2_msgs/include/webots_ros2_msgs/srv
[5.706s] -- Installing: /home/shipengl/LRSMT/agiletaur/install/webots_ros2_msgs/include/webots_ros2_msgs/srv/set_int.h
[5.706s] -- Installing: /home/shipengl/LRSMT/agiletaur/install/webots_ros2_msgs/include/webots_ros2_msgs/srv/detail
[5.706s] -- Installing: /home/shipengl/LRSMT/agiletaur/install/webots_ros2_msgs/include/webots_ros2_msgs/srv/detail/set_int__functions.c
[5.706s] -- Installing: /home/shipengl/LRSMT/agiletaur/install/webots_ros2_msgs/include/webots_ros2_msgs/srv/detail/set_int__type_support.h
[5.706s] -- Installing: /home/shipengl/LRSMT/agiletaur/install/webots_ros2_msgs/include/webots_ros2_msgs/srv/detail/set_int__functions.h
[5.706s] -- Installing: /home/shipengl/LRSMT/agiletaur/install/webots_ros2_msgs/include/webots_ros2_msgs/srv/detail/set_int__struct.h
[5.706s] -- Installing: /home/shipengl/LRSMT/agiletaur/install/webots_ros2_msgs/include/webots_ros2_msgs/msg
[5.706s] -- Installing: /home/shipengl/LRSMT/agiletaur/install/webots_ros2_msgs/include/webots_ros2_msgs/msg/rosidl_generator_c__visibility_control.h
[5.706s] -- Installing: /home/shipengl/LRSMT/agiletaur/install/webots_ros2_msgs/include/webots_ros2_msgs/msg/wb_camera_recognition_objects.h
[5.706s] -- Installing: /home/shipengl/LRSMT/agiletaur/install/webots_ros2_msgs/include/webots_ros2_msgs/msg/detail
[5.706s] -- Installing: /home/shipengl/LRSMT/agiletaur/install/webots_ros2_msgs/include/webots_ros2_msgs/msg/detail/wb_camera_recognition_object__struct.h
[5.707s] -- Installing: /home/shipengl/LRSMT/agiletaur/install/webots_ros2_msgs/include/webots_ros2_msgs/msg/detail/wb_camera_recognition_object__functions.h
[5.707s] -- Installing: /home/shipengl/LRSMT/agiletaur/install/webots_ros2_msgs/include/webots_ros2_msgs/msg/detail/wb_camera_recognition_object__functions.c
[5.707s] -- Installing: /home/shipengl/LRSMT/agiletaur/install/webots_ros2_msgs/include/webots_ros2_msgs/msg/detail/wb_camera_recognition_objects__functions.c
[5.707s] -- Installing: /home/shipengl/LRSMT/agiletaur/install/webots_ros2_msgs/include/webots_ros2_msgs/msg/detail/wb_camera_recognition_object__type_support.h
[5.707s] -- Installing: /home/shipengl/LRSMT/agiletaur/install/webots_ros2_msgs/include/webots_ros2_msgs/msg/detail/wb_camera_recognition_objects__functions.h
[5.707s] -- Installing: /home/shipengl/LRSMT/agiletaur/install/webots_ros2_msgs/include/webots_ros2_msgs/msg/detail/wb_camera_recognition_objects__struct.h
[5.707s] -- Installing: /home/shipengl/LRSMT/agiletaur/install/webots_ros2_msgs/include/webots_ros2_msgs/msg/detail/wb_camera_recognition_objects__type_support.h
[5.707s] -- Installing: /home/shipengl/LRSMT/agiletaur/install/webots_ros2_msgs/include/webots_ros2_msgs/msg/wb_camera_recognition_object.h
[5.707s] -- Installing: /home/shipengl/LRSMT/agiletaur/install/webots_ros2_msgs/share/webots_ros2_msgs/environment/library_path.sh
[5.707s] -- Installing: /home/shipengl/LRSMT/agiletaur/install/webots_ros2_msgs/share/webots_ros2_msgs/environment/library_path.dsv
[5.707s] -- Installing: /home/shipengl/LRSMT/agiletaur/install/webots_ros2_msgs/lib/libwebots_ros2_msgs__rosidl_generator_c.so
[5.708s] -- Set runtime path of "/home/shipengl/LRSMT/agiletaur/install/webots_ros2_msgs/lib/libwebots_ros2_msgs__rosidl_generator_c.so" to ""
[5.708s] -- Up-to-date: /home/shipengl/LRSMT/agiletaur/install/webots_ros2_msgs/include/webots_ros2_msgs
[5.708s] -- Up-to-date: /home/shipengl/LRSMT/agiletaur/install/webots_ros2_msgs/include/webots_ros2_msgs/srv
[5.708s] -- Up-to-date: /home/shipengl/LRSMT/agiletaur/install/webots_ros2_msgs/include/webots_ros2_msgs/srv/detail
[5.708s] -- Installing: /home/shipengl/LRSMT/agiletaur/install/webots_ros2_msgs/include/webots_ros2_msgs/srv/detail/set_int__rosidl_typesupport_fastrtps_c.h
[5.708s] -- Up-to-date: /home/shipengl/LRSMT/agiletaur/install/webots_ros2_msgs/include/webots_ros2_msgs/msg
[5.708s] -- Installing: /home/shipengl/LRSMT/agiletaur/install/webots_ros2_msgs/include/webots_ros2_msgs/msg/rosidl_typesupport_fastrtps_c__visibility_control.h
[5.708s] -- Up-to-date: /home/shipengl/LRSMT/agiletaur/install/webots_ros2_msgs/include/webots_ros2_msgs/msg/detail
[5.708s] -- Installing: /home/shipengl/LRSMT/agiletaur/install/webots_ros2_msgs/include/webots_ros2_msgs/msg/detail/wb_camera_recognition_objects__rosidl_typesupport_fastrtps_c.h
[5.708s] -- Installing: /home/shipengl/LRSMT/agiletaur/install/webots_ros2_msgs/include/webots_ros2_msgs/msg/detail/wb_camera_recognition_object__rosidl_typesupport_fastrtps_c.h
[5.708s] -- Installing: /home/shipengl/LRSMT/agiletaur/install/webots_ros2_msgs/lib/libwebots_ros2_msgs__rosidl_typesupport_fastrtps_c.so
[5.709s] -- Set runtime path of "/home/shipengl/LRSMT/agiletaur/install/webots_ros2_msgs/lib/libwebots_ros2_msgs__rosidl_typesupport_fastrtps_c.so" to ""
[5.709s] -- Up-to-date: /home/shipengl/LRSMT/agiletaur/install/webots_ros2_msgs/include/webots_ros2_msgs
[5.709s] -- Up-to-date: /home/shipengl/LRSMT/agiletaur/install/webots_ros2_msgs/include/webots_ros2_msgs/srv
[5.709s] -- Up-to-date: /home/shipengl/LRSMT/agiletaur/install/webots_ros2_msgs/include/webots_ros2_msgs/srv/detail
[5.709s] -- Installing: /home/shipengl/LRSMT/agiletaur/install/webots_ros2_msgs/include/webots_ros2_msgs/srv/detail/set_int__rosidl_typesupport_fastrtps_cpp.hpp
[5.709s] -- Installing: /home/shipengl/LRSMT/agiletaur/install/webots_ros2_msgs/include/webots_ros2_msgs/srv/detail/dds_fastrtps
[5.709s] -- Up-to-date: /home/shipengl/LRSMT/agiletaur/install/webots_ros2_msgs/include/webots_ros2_msgs/msg
[5.709s] -- Installing: /home/shipengl/LRSMT/agiletaur/install/webots_ros2_msgs/include/webots_ros2_msgs/msg/rosidl_typesupport_fastrtps_cpp__visibility_control.h
[5.709s] -- Up-to-date: /home/shipengl/LRSMT/agiletaur/install/webots_ros2_msgs/include/webots_ros2_msgs/msg/detail
[5.710s] -- Installing: /home/shipengl/LRSMT/agiletaur/install/webots_ros2_msgs/include/webots_ros2_msgs/msg/detail/wb_camera_recognition_objects__rosidl_typesupport_fastrtps_cpp.hpp
[5.710s] -- Installing: /home/shipengl/LRSMT/agiletaur/install/webots_ros2_msgs/include/webots_ros2_msgs/msg/detail/wb_camera_recognition_object__rosidl_typesupport_fastrtps_cpp.hpp
[5.710s] -- Installing: /home/shipengl/LRSMT/agiletaur/install/webots_ros2_msgs/include/webots_ros2_msgs/msg/detail/dds_fastrtps
[5.710s] -- Installing: /home/shipengl/LRSMT/agiletaur/install/webots_ros2_msgs/lib/libwebots_ros2_msgs__rosidl_typesupport_fastrtps_cpp.so
[5.710s] -- Set runtime path of "/home/shipengl/LRSMT/agiletaur/install/webots_ros2_msgs/lib/libwebots_ros2_msgs__rosidl_typesupport_fastrtps_cpp.so" to ""
[5.710s] -- Up-to-date: /home/shipengl/LRSMT/agiletaur/install/webots_ros2_msgs/include/webots_ros2_msgs
[5.710s] -- Up-to-date: /home/shipengl/LRSMT/agiletaur/install/webots_ros2_msgs/include/webots_ros2_msgs/srv
[5.710s] -- Up-to-date: /home/shipengl/LRSMT/agiletaur/install/webots_ros2_msgs/include/webots_ros2_msgs/srv/detail
[5.710s] -- Installing: /home/shipengl/LRSMT/agiletaur/install/webots_ros2_msgs/include/webots_ros2_msgs/srv/detail/set_int__type_support.c
[5.710s] -- Installing: /home/shipengl/LRSMT/agiletaur/install/webots_ros2_msgs/include/webots_ros2_msgs/srv/detail/set_int__rosidl_typesupport_introspection_c.h
[5.710s] -- Up-to-date: /home/shipengl/LRSMT/agiletaur/install/webots_ros2_msgs/include/webots_ros2_msgs/msg
[5.711s] -- Installing: /home/shipengl/LRSMT/agiletaur/install/webots_ros2_msgs/include/webots_ros2_msgs/msg/rosidl_typesupport_introspection_c__visibility_control.h
[5.711s] -- Up-to-date: /home/shipengl/LRSMT/agiletaur/install/webots_ros2_msgs/include/webots_ros2_msgs/msg/detail
[5.711s] -- Installing: /home/shipengl/LRSMT/agiletaur/install/webots_ros2_msgs/include/webots_ros2_msgs/msg/detail/wb_camera_recognition_objects__type_support.c
[5.711s] -- Installing: /home/shipengl/LRSMT/agiletaur/install/webots_ros2_msgs/include/webots_ros2_msgs/msg/detail/wb_camera_recognition_object__type_support.c
[5.711s] -- Installing: /home/shipengl/LRSMT/agiletaur/install/webots_ros2_msgs/include/webots_ros2_msgs/msg/detail/wb_camera_recognition_objects__rosidl_typesupport_introspection_c.h
[5.711s] -- Installing: /home/shipengl/LRSMT/agiletaur/install/webots_ros2_msgs/include/webots_ros2_msgs/msg/detail/wb_camera_recognition_object__rosidl_typesupport_introspection_c.h
[5.711s] -- Installing: /home/shipengl/LRSMT/agiletaur/install/webots_ros2_msgs/lib/libwebots_ros2_msgs__rosidl_typesupport_introspection_c.so
[5.711s] -- Set runtime path of "/home/shipengl/LRSMT/agiletaur/install/webots_ros2_msgs/lib/libwebots_ros2_msgs__rosidl_typesupport_introspection_c.so" to ""
[5.711s] -- Installing: /home/shipengl/LRSMT/agiletaur/install/webots_ros2_msgs/lib/libwebots_ros2_msgs__rosidl_typesupport_c.so
[5.711s] -- Set runtime path of "/home/shipengl/LRSMT/agiletaur/install/webots_ros2_msgs/lib/libwebots_ros2_msgs__rosidl_typesupport_c.so" to ""
[5.712s] -- Up-to-date: /home/shipengl/LRSMT/agiletaur/install/webots_ros2_msgs/include/webots_ros2_msgs
[5.712s] -- Up-to-date: /home/shipengl/LRSMT/agiletaur/install/webots_ros2_msgs/include/webots_ros2_msgs/srv
[5.712s] -- Installing: /home/shipengl/LRSMT/agiletaur/install/webots_ros2_msgs/include/webots_ros2_msgs/srv/set_int.hpp
[5.712s] -- Up-to-date: /home/shipengl/LRSMT/agiletaur/install/webots_ros2_msgs/include/webots_ros2_msgs/srv/detail
[5.712s] -- Installing: /home/shipengl/LRSMT/agiletaur/install/webots_ros2_msgs/include/webots_ros2_msgs/srv/detail/set_int__traits.hpp
[5.712s] -- Installing: /home/shipengl/LRSMT/agiletaur/install/webots_ros2_msgs/include/webots_ros2_msgs/srv/detail/set_int__builder.hpp
[5.712s] -- Installing: /home/shipengl/LRSMT/agiletaur/install/webots_ros2_msgs/include/webots_ros2_msgs/srv/detail/set_int__struct.hpp
[5.712s] -- Up-to-date: /home/shipengl/LRSMT/agiletaur/install/webots_ros2_msgs/include/webots_ros2_msgs/msg
[5.712s] -- Installing: /home/shipengl/LRSMT/agiletaur/install/webots_ros2_msgs/include/webots_ros2_msgs/msg/wb_camera_recognition_objects.hpp
[5.712s] -- Installing: /home/shipengl/LRSMT/agiletaur/install/webots_ros2_msgs/include/webots_ros2_msgs/msg/wb_camera_recognition_object.hpp
[5.713s] -- Up-to-date: /home/shipengl/LRSMT/agiletaur/install/webots_ros2_msgs/include/webots_ros2_msgs/msg/detail
[5.713s] -- Installing: /home/shipengl/LRSMT/agiletaur/install/webots_ros2_msgs/include/webots_ros2_msgs/msg/detail/wb_camera_recognition_objects__builder.hpp
[5.713s] -- Installing: /home/shipengl/LRSMT/agiletaur/install/webots_ros2_msgs/include/webots_ros2_msgs/msg/detail/wb_camera_recognition_objects__traits.hpp
[5.713s] -- Installing: /home/shipengl/LRSMT/agiletaur/install/webots_ros2_msgs/include/webots_ros2_msgs/msg/detail/wb_camera_recognition_object__builder.hpp
[5.713s] -- Installing: /home/shipengl/LRSMT/agiletaur/install/webots_ros2_msgs/include/webots_ros2_msgs/msg/detail/wb_camera_recognition_objects__struct.hpp
[5.713s] -- Installing: /home/shipengl/LRSMT/agiletaur/install/webots_ros2_msgs/include/webots_ros2_msgs/msg/detail/wb_camera_recognition_object__traits.hpp
[5.713s] -- Installing: /home/shipengl/LRSMT/agiletaur/install/webots_ros2_msgs/include/webots_ros2_msgs/msg/detail/wb_camera_recognition_object__struct.hpp
[5.713s] -- Up-to-date: /home/shipengl/LRSMT/agiletaur/install/webots_ros2_msgs/include/webots_ros2_msgs
[5.713s] -- Up-to-date: /home/shipengl/LRSMT/agiletaur/install/webots_ros2_msgs/include/webots_ros2_msgs/srv
[5.713s] -- Up-to-date: /home/shipengl/LRSMT/agiletaur/install/webots_ros2_msgs/include/webots_ros2_msgs/srv/detail
[5.713s] -- Installing: /home/shipengl/LRSMT/agiletaur/install/webots_ros2_msgs/include/webots_ros2_msgs/srv/detail/set_int__rosidl_typesupport_introspection_cpp.hpp
[5.713s] -- Installing: /home/shipengl/LRSMT/agiletaur/install/webots_ros2_msgs/include/webots_ros2_msgs/srv/detail/set_int__type_support.cpp
[5.713s] -- Up-to-date: /home/shipengl/LRSMT/agiletaur/install/webots_ros2_msgs/include/webots_ros2_msgs/msg
[5.714s] -- Up-to-date: /home/shipengl/LRSMT/agiletaur/install/webots_ros2_msgs/include/webots_ros2_msgs/msg/detail
[5.714s] -- Installing: /home/shipengl/LRSMT/agiletaur/install/webots_ros2_msgs/include/webots_ros2_msgs/msg/detail/wb_camera_recognition_object__type_support.cpp
[5.714s] -- Installing: /home/shipengl/LRSMT/agiletaur/install/webots_ros2_msgs/include/webots_ros2_msgs/msg/detail/wb_camera_recognition_object__rosidl_typesupport_introspection_cpp.hpp
[5.714s] -- Installing: /home/shipengl/LRSMT/agiletaur/install/webots_ros2_msgs/include/webots_ros2_msgs/msg/detail/wb_camera_recognition_objects__type_support.cpp
[5.714s] -- Installing: /home/shipengl/LRSMT/agiletaur/install/webots_ros2_msgs/include/webots_ros2_msgs/msg/detail/wb_camera_recognition_objects__rosidl_typesupport_introspection_cpp.hpp
[5.714s] -- Installing: /home/shipengl/LRSMT/agiletaur/install/webots_ros2_msgs/lib/libwebots_ros2_msgs__rosidl_typesupport_introspection_cpp.so
[5.714s] -- Set runtime path of "/home/shipengl/LRSMT/agiletaur/install/webots_ros2_msgs/lib/libwebots_ros2_msgs__rosidl_typesupport_introspection_cpp.so" to ""
[5.714s] -- Installing: /home/shipengl/LRSMT/agiletaur/install/webots_ros2_msgs/lib/libwebots_ros2_msgs__rosidl_typesupport_cpp.so
[5.715s] -- Set runtime path of "/home/shipengl/LRSMT/agiletaur/install/webots_ros2_msgs/lib/libwebots_ros2_msgs__rosidl_typesupport_cpp.so" to ""
[5.715s] -- Installing: /home/shipengl/LRSMT/agiletaur/install/webots_ros2_msgs/share/webots_ros2_msgs/environment/pythonpath.sh
[5.715s] -- Installing: /home/shipengl/LRSMT/agiletaur/install/webots_ros2_msgs/share/webots_ros2_msgs/environment/pythonpath.dsv
[5.715s] -- Installing: /home/shipengl/LRSMT/agiletaur/install/webots_ros2_msgs/lib/python3.8/site-packages/webots_ros2_msgs/__init__.py
[5.741s] Compiling '/home/shipengl/LRSMT/agiletaur/install/webots_ros2_msgs/lib/python3.8/site-packages/webots_ros2_msgs/__init__.py'...
[5.744s] -- Installing: /home/shipengl/LRSMT/agiletaur/install/webots_ros2_msgs/lib/python3.8/site-packages/webots_ros2_msgs/msg
[5.744s] -- Installing: /home/shipengl/LRSMT/agiletaur/install/webots_ros2_msgs/lib/python3.8/site-packages/webots_ros2_msgs/msg/_wb_camera_recognition_objects.py
[5.744s] -- Installing: /home/shipengl/LRSMT/agiletaur/install/webots_ros2_msgs/lib/python3.8/site-packages/webots_ros2_msgs/msg/__init__.py
[5.744s] -- Installing: /home/shipengl/LRSMT/agiletaur/install/webots_ros2_msgs/lib/python3.8/site-packages/webots_ros2_msgs/msg/_wb_camera_recognition_objects_s.c
[5.744s] -- Installing: /home/shipengl/LRSMT/agiletaur/install/webots_ros2_msgs/lib/python3.8/site-packages/webots_ros2_msgs/msg/_wb_camera_recognition_object.py
[5.744s] -- Installing: /home/shipengl/LRSMT/agiletaur/install/webots_ros2_msgs/lib/python3.8/site-packages/webots_ros2_msgs/msg/_wb_camera_recognition_object_s.c
[5.745s] -- Installing: /home/shipengl/LRSMT/agiletaur/install/webots_ros2_msgs/lib/python3.8/site-packages/webots_ros2_msgs/srv
[5.745s] -- Installing: /home/shipengl/LRSMT/agiletaur/install/webots_ros2_msgs/lib/python3.8/site-packages/webots_ros2_msgs/srv/__init__.py
[5.745s] -- Installing: /home/shipengl/LRSMT/agiletaur/install/webots_ros2_msgs/lib/python3.8/site-packages/webots_ros2_msgs/srv/_set_int_s.c
[5.745s] -- Installing: /home/shipengl/LRSMT/agiletaur/install/webots_ros2_msgs/lib/python3.8/site-packages/webots_ros2_msgs/srv/_set_int.py
[5.745s] -- Installing: /home/shipengl/LRSMT/agiletaur/install/webots_ros2_msgs/lib/python3.8/site-packages/webots_ros2_msgs/webots_ros2_msgs_s__rosidl_typesupport_fastrtps_c.cpython-38-x86_64-linux-gnu.so
[5.745s] -- Set runtime path of "/home/shipengl/LRSMT/agiletaur/install/webots_ros2_msgs/lib/python3.8/site-packages/webots_ros2_msgs/webots_ros2_msgs_s__rosidl_typesupport_fastrtps_c.cpython-38-x86_64-linux-gnu.so" to ""
[5.745s] -- Installing: /home/shipengl/LRSMT/agiletaur/install/webots_ros2_msgs/lib/python3.8/site-packages/webots_ros2_msgs/webots_ros2_msgs_s__rosidl_typesupport_introspection_c.cpython-38-x86_64-linux-gnu.so
[5.746s] -- Set runtime path of "/home/shipengl/LRSMT/agiletaur/install/webots_ros2_msgs/lib/python3.8/site-packages/webots_ros2_msgs/webots_ros2_msgs_s__rosidl_typesupport_introspection_c.cpython-38-x86_64-linux-gnu.so" to ""
[5.746s] -- Installing: /home/shipengl/LRSMT/agiletaur/install/webots_ros2_msgs/lib/python3.8/site-packages/webots_ros2_msgs/webots_ros2_msgs_s__rosidl_typesupport_c.cpython-38-x86_64-linux-gnu.so
[5.746s] -- Set runtime path of "/home/shipengl/LRSMT/agiletaur/install/webots_ros2_msgs/lib/python3.8/site-packages/webots_ros2_msgs/webots_ros2_msgs_s__rosidl_typesupport_c.cpython-38-x86_64-linux-gnu.so" to ""
[5.747s] -- Installing: /home/shipengl/LRSMT/agiletaur/install/webots_ros2_msgs/lib/libwebots_ros2_msgs__python.so
[5.747s] -- Set runtime path of "/home/shipengl/LRSMT/agiletaur/install/webots_ros2_msgs/lib/libwebots_ros2_msgs__python.so" to ""
[5.747s] -- Installing: /home/shipengl/LRSMT/agiletaur/install/webots_ros2_msgs/share/webots_ros2_msgs/msg/WbCameraRecognitionObject.idl
[5.747s] -- Installing: /home/shipengl/LRSMT/agiletaur/install/webots_ros2_msgs/share/webots_ros2_msgs/msg/WbCameraRecognitionObjects.idl
[5.747s] -- Installing: /home/shipengl/LRSMT/agiletaur/install/webots_ros2_msgs/share/webots_ros2_msgs/srv/SetInt.idl
[5.747s] -- Installing: /home/shipengl/LRSMT/agiletaur/install/webots_ros2_msgs/share/webots_ros2_msgs/msg/WbCameraRecognitionObject.msg
[5.747s] -- Installing: /home/shipengl/LRSMT/agiletaur/install/webots_ros2_msgs/share/webots_ros2_msgs/msg/WbCameraRecognitionObjects.msg
[5.747s] -- Installing: /home/shipengl/LRSMT/agiletaur/install/webots_ros2_msgs/share/webots_ros2_msgs/srv/SetInt.srv
[5.747s] -- Installing: /home/shipengl/LRSMT/agiletaur/install/webots_ros2_msgs/share/webots_ros2_msgs/srv/SetInt_Request.msg
[5.748s] -- Installing: /home/shipengl/LRSMT/agiletaur/install/webots_ros2_msgs/share/webots_ros2_msgs/srv/SetInt_Response.msg
[5.748s] -- Installing: /home/shipengl/LRSMT/agiletaur/install/webots_ros2_msgs/share/ament_index/resource_index/package_run_dependencies/webots_ros2_msgs
[5.748s] -- Installing: /home/shipengl/LRSMT/agiletaur/install/webots_ros2_msgs/share/ament_index/resource_index/parent_prefix_path/webots_ros2_msgs
[5.748s] -- Installing: /home/shipengl/LRSMT/agiletaur/install/webots_ros2_msgs/share/webots_ros2_msgs/environment/ament_prefix_path.sh
[5.748s] -- Installing: /home/shipengl/LRSMT/agiletaur/install/webots_ros2_msgs/share/webots_ros2_msgs/environment/ament_prefix_path.dsv
[5.748s] -- Installing: /home/shipengl/LRSMT/agiletaur/install/webots_ros2_msgs/share/webots_ros2_msgs/environment/path.sh
[5.748s] -- Installing: /home/shipengl/LRSMT/agiletaur/install/webots_ros2_msgs/share/webots_ros2_msgs/environment/path.dsv
[5.748s] -- Installing: /home/shipengl/LRSMT/agiletaur/install/webots_ros2_msgs/share/webots_ros2_msgs/local_setup.bash
[5.748s] -- Installing: /home/shipengl/LRSMT/agiletaur/install/webots_ros2_msgs/share/webots_ros2_msgs/local_setup.sh
[5.749s] -- Installing: /home/shipengl/LRSMT/agiletaur/install/webots_ros2_msgs/share/webots_ros2_msgs/local_setup.zsh
[5.749s] -- Installing: /home/shipengl/LRSMT/agiletaur/install/webots_ros2_msgs/share/webots_ros2_msgs/local_setup.dsv
[5.749s] -- Installing: /home/shipengl/LRSMT/agiletaur/install/webots_ros2_msgs/share/webots_ros2_msgs/package.dsv
[5.749s] -- Installing: /home/shipengl/LRSMT/agiletaur/install/webots_ros2_msgs/share/ament_index/resource_index/packages/webots_ros2_msgs
[5.749s] -- Installing: /home/shipengl/LRSMT/agiletaur/install/webots_ros2_msgs/share/webots_ros2_msgs/cmake/webots_ros2_msgs__rosidl_generator_cExport.cmake
[5.749s] -- Installing: /home/shipengl/LRSMT/agiletaur/install/webots_ros2_msgs/share/webots_ros2_msgs/cmake/webots_ros2_msgs__rosidl_generator_cExport-noconfig.cmake
[5.749s] -- Installing: /home/shipengl/LRSMT/agiletaur/install/webots_ros2_msgs/share/webots_ros2_msgs/cmake/webots_ros2_msgs__rosidl_typesupport_introspection_cExport.cmake
[5.749s] -- Installing: /home/shipengl/LRSMT/agiletaur/install/webots_ros2_msgs/share/webots_ros2_msgs/cmake/webots_ros2_msgs__rosidl_typesupport_introspection_cExport-noconfig.cmake
[5.750s] -- Installing: /home/shipengl/LRSMT/agiletaur/install/webots_ros2_msgs/share/webots_ros2_msgs/cmake/webots_ros2_msgs__rosidl_typesupport_cExport.cmake
[5.750s] -- Installing: /home/shipengl/LRSMT/agiletaur/install/webots_ros2_msgs/share/webots_ros2_msgs/cmake/webots_ros2_msgs__rosidl_typesupport_cExport-noconfig.cmake
[5.750s] -- Installing: /home/shipengl/LRSMT/agiletaur/install/webots_ros2_msgs/share/webots_ros2_msgs/cmake/webots_ros2_msgs__rosidl_generator_cppExport.cmake
[5.750s] -- Installing: /home/shipengl/LRSMT/agiletaur/install/webots_ros2_msgs/share/webots_ros2_msgs/cmake/webots_ros2_msgs__rosidl_typesupport_introspection_cppExport.cmake
[5.750s] -- Installing: /home/shipengl/LRSMT/agiletaur/install/webots_ros2_msgs/share/webots_ros2_msgs/cmake/webots_ros2_msgs__rosidl_typesupport_introspection_cppExport-noconfig.cmake
[5.750s] -- Installing: /home/shipengl/LRSMT/agiletaur/install/webots_ros2_msgs/share/webots_ros2_msgs/cmake/webots_ros2_msgs__rosidl_typesupport_cppExport.cmake
[5.751s] -- Installing: /home/shipengl/LRSMT/agiletaur/install/webots_ros2_msgs/share/webots_ros2_msgs/cmake/webots_ros2_msgs__rosidl_typesupport_cppExport-noconfig.cmake
[5.751s] -- Installing: /home/shipengl/LRSMT/agiletaur/install/webots_ros2_msgs/share/webots_ros2_msgs/cmake/rosidl_cmake-extras.cmake
[5.751s] -- Installing: /home/shipengl/LRSMT/agiletaur/install/webots_ros2_msgs/share/webots_ros2_msgs/cmake/ament_cmake_export_dependencies-extras.cmake
[5.751s] -- Installing: /home/shipengl/LRSMT/agiletaur/install/webots_ros2_msgs/share/webots_ros2_msgs/cmake/ament_cmake_export_libraries-extras.cmake
[5.751s] -- Installing: /home/shipengl/LRSMT/agiletaur/install/webots_ros2_msgs/share/webots_ros2_msgs/cmake/ament_cmake_export_targets-extras.cmake
[5.751s] -- Installing: /home/shipengl/LRSMT/agiletaur/install/webots_ros2_msgs/share/webots_ros2_msgs/cmake/ament_cmake_export_include_directories-extras.cmake
[5.751s] -- Installing: /home/shipengl/LRSMT/agiletaur/install/webots_ros2_msgs/share/webots_ros2_msgs/cmake/rosidl_cmake_export_typesupport_libraries-extras.cmake
[5.751s] -- Installing: /home/shipengl/LRSMT/agiletaur/install/webots_ros2_msgs/share/webots_ros2_msgs/cmake/rosidl_cmake_export_typesupport_targets-extras.cmake
[5.751s] -- Installing: /home/shipengl/LRSMT/agiletaur/install/webots_ros2_msgs/share/webots_ros2_msgs/cmake/webots_ros2_msgsConfig.cmake
[5.751s] -- Installing: /home/shipengl/LRSMT/agiletaur/install/webots_ros2_msgs/share/webots_ros2_msgs/cmake/webots_ros2_msgsConfig-version.cmake
[5.752s] -- Installing: /home/shipengl/LRSMT/agiletaur/install/webots_ros2_msgs/share/webots_ros2_msgs/package.xml
[5.754s] Invoked command in '/home/shipengl/LRSMT/agiletaur/build/webots_ros2_msgs' returned '0': CMAKE_PREFIX_PATH=${CMAKE_PREFIX_PATH}:/home/shipengl/LRSMT/agiletaur/install/webots_ros2_epuck:/opt/ros/foxy /usr/bin/cmake --install /home/shipengl/LRSMT/agiletaur/build/webots_ros2_msgs
