[0.011s] Invoking command in '/home/shipengl/LRSMT/agiletaur/build/webots_ros2_control': CMAKE_PREFIX_PATH=/home/shipengl/LRSMT/agiletaur/install/webots_ros2_driver:/home/shipengl/LRSMT/agiletaur/install/webots_ros2_msgs:/home/shipengl/LRSMT/agiletaur/install/webots_simulation_assets:/home/shipengl/LRSMT/agiletaur/install/webots_ros2_control:/home/shipengl/LRSMT/agiletaur/install/webots_description:/home/shipengl/LRSMT/agiletaur/install/webots_bringup:/home/shipengl/LRSMT/agiletaur/install/odrive_ros2_control:/home/shipengl/LRSMT/agiletaur/install/odrive_hardware_interface:/home/shipengl/LRSMT/agiletaur/install/odrive_bringup:/home/shipengl/LRSMT/agiletaur/install/odrive_description:/home/shipengl/LRSMT/agiletaur/install/agiletaur_launcher:/home/shipengl/LRSMT/agiletaur/install/agiletaur_controller:/home/shipengl/LRSMT/agiletaur/install/webots_ros2_epuck:/opt/ros/foxy LD_LIBRARY_PATH=/home/shipengl/LRSMT/agiletaur/install/webots_ros2_driver/lib:/home/shipengl/LRSMT/agiletaur/install/webots_ros2_msgs/lib:/home/shipengl/LRSMT/agiletaur/install/webots_ros2_control/lib:/home/shipengl/LRSMT/agiletaur/install/odrive_hardware_interface/lib:/opt/ros/foxy/opt/yaml_cpp_vendor/lib:/opt/ros/foxy/opt/rviz_ogre_vendor/lib:/opt/ros/foxy/lib/x86_64-linux-gnu:/opt/ros/foxy/lib PYTHONPATH=/home/shipengl/LRSMT/agiletaur/install/webots_ros2_driver/lib/python3.8/site-packages:/home/shipengl/LRSMT/agiletaur/install/webots_ros2_msgs/lib/python3.8/site-packages:/home/shipengl/LRSMT/agiletaur/install/webots_ros2_epuck/lib/python3.8/site-packages:/opt/ros/foxy/lib/python3.8/site-packages /usr/bin/cmake /home/shipengl/LRSMT/agiletaur/src/webots_ros2_control/webots_ros2_control -DCMAKE_INSTALL_PREFIX=/home/shipengl/LRSMT/agiletaur/install/webots_ros2_control
[0.054s] -- The C compiler identification is GNU 9.3.0
[0.097s] -- The CXX compiler identification is GNU 9.3.0
[0.101s] -- Check for working C compiler: /usr/bin/cc
[0.155s] -- Check for working C compiler: /usr/bin/cc -- works
[0.156s] -- Detecting C compiler ABI info
[0.210s] -- Detecting C compiler ABI info - done
[0.220s] -- Detecting C compile features
[0.221s] -- Detecting C compile features - done
[0.223s] -- Check for working CXX compiler: /usr/bin/c++
[0.282s] -- Check for working CXX compiler: /usr/bin/c++ -- works
[0.283s] -- Detecting CXX compiler ABI info
[0.346s] -- Detecting CXX compiler ABI info - done
[0.357s] -- Detecting CXX compile features
[0.357s] -- Detecting CXX compile features - done
[0.360s] -- Found ament_cmake: 0.9.9 (/opt/ros/foxy/share/ament_cmake/cmake)
[0.383s] -- Found PythonInterp: /usr/bin/python3 (found suitable version "3.8.10", minimum required is "3") 
[0.383s] -- Using PYTHON_EXECUTABLE: /usr/bin/python3
[0.552s] -- Found hardware_interface: 0.8.1 (/opt/ros/foxy/share/hardware_interface/cmake)
[0.583s] -- Using all available rosidl_typesupport_c: rosidl_typesupport_fastrtps_c;rosidl_typesupport_introspection_c
[0.591s] -- Found rosidl_adapter: 1.2.1 (/opt/ros/foxy/share/rosidl_adapter/cmake)
[0.643s] -- Found OpenSSL: /usr/lib/x86_64-linux-gnu/libcrypto.so (found version "1.1.1f")  
[0.667s] -- Found FastRTPS: /opt/ros/foxy/include  
[0.730s] -- Using all available rosidl_typesupport_cpp: rosidl_typesupport_fastrtps_cpp;rosidl_typesupport_introspection_cpp
[1.119s] -- Found controller_manager: 0.8.1 (/opt/ros/foxy/share/controller_manager/cmake)
[1.168s] -- Found rmw_implementation_cmake: 1.0.3 (/opt/ros/foxy/share/rmw_implementation_cmake/cmake)
[1.171s] -- Using RMW implementation 'rmw_fastrtps_cpp' as default
[1.171s] -- Looking for pthread.h
[1.222s] -- Looking for pthread.h - found
[1.222s] -- Performing Test CMAKE_HAVE_LIBC_PTHREAD
[1.273s] -- Performing Test CMAKE_HAVE_LIBC_PTHREAD - Failed
[1.273s] -- Looking for pthread_create in pthreads
[1.315s] -- Looking for pthread_create in pthreads - not found
[1.315s] -- Looking for pthread_create in pthread
[1.362s] -- Looking for pthread_create in pthread - found
[1.363s] -- Found Threads: TRUE  
[1.618s] -- Found webots_ros2_driver: 1.1.3 (/home/shipengl/LRSMT/agiletaur/install/webots_ros2_driver/share/webots_ros2_driver/cmake)
[2.613s] -- Configuring done
[2.658s] -- Generating done
[2.660s] -- Build files have been written to: /home/shipengl/LRSMT/agiletaur/build/webots_ros2_control
[2.667s] Invoked command in '/home/shipengl/LRSMT/agiletaur/build/webots_ros2_control' returned '0': CMAKE_PREFIX_PATH=/home/shipengl/LRSMT/agiletaur/install/webots_ros2_driver:/home/shipengl/LRSMT/agiletaur/install/webots_ros2_msgs:/home/shipengl/LRSMT/agiletaur/install/webots_simulation_assets:/home/shipengl/LRSMT/agiletaur/install/webots_ros2_control:/home/shipengl/LRSMT/agiletaur/install/webots_description:/home/shipengl/LRSMT/agiletaur/install/webots_bringup:/home/shipengl/LRSMT/agiletaur/install/odrive_ros2_control:/home/shipengl/LRSMT/agiletaur/install/odrive_hardware_interface:/home/shipengl/LRSMT/agiletaur/install/odrive_bringup:/home/shipengl/LRSMT/agiletaur/install/odrive_description:/home/shipengl/LRSMT/agiletaur/install/agiletaur_launcher:/home/shipengl/LRSMT/agiletaur/install/agiletaur_controller:/home/shipengl/LRSMT/agiletaur/install/webots_ros2_epuck:/opt/ros/foxy LD_LIBRARY_PATH=/home/shipengl/LRSMT/agiletaur/install/webots_ros2_driver/lib:/home/shipengl/LRSMT/agiletaur/install/webots_ros2_msgs/lib:/home/shipengl/LRSMT/agiletaur/install/webots_ros2_control/lib:/home/shipengl/LRSMT/agiletaur/install/odrive_hardware_interface/lib:/opt/ros/foxy/opt/yaml_cpp_vendor/lib:/opt/ros/foxy/opt/rviz_ogre_vendor/lib:/opt/ros/foxy/lib/x86_64-linux-gnu:/opt/ros/foxy/lib PYTHONPATH=/home/shipengl/LRSMT/agiletaur/install/webots_ros2_driver/lib/python3.8/site-packages:/home/shipengl/LRSMT/agiletaur/install/webots_ros2_msgs/lib/python3.8/site-packages:/home/shipengl/LRSMT/agiletaur/install/webots_ros2_epuck/lib/python3.8/site-packages:/opt/ros/foxy/lib/python3.8/site-packages /usr/bin/cmake /home/shipengl/LRSMT/agiletaur/src/webots_ros2_control/webots_ros2_control -DCMAKE_INSTALL_PREFIX=/home/shipengl/LRSMT/agiletaur/install/webots_ros2_control
[2.669s] Invoking command in '/home/shipengl/LRSMT/agiletaur/build/webots_ros2_control': CMAKE_PREFIX_PATH=/home/shipengl/LRSMT/agiletaur/install/webots_ros2_driver:/home/shipengl/LRSMT/agiletaur/install/webots_ros2_msgs:/home/shipengl/LRSMT/agiletaur/install/webots_simulation_assets:/home/shipengl/LRSMT/agiletaur/install/webots_ros2_control:/home/shipengl/LRSMT/agiletaur/install/webots_description:/home/shipengl/LRSMT/agiletaur/install/webots_bringup:/home/shipengl/LRSMT/agiletaur/install/odrive_ros2_control:/home/shipengl/LRSMT/agiletaur/install/odrive_hardware_interface:/home/shipengl/LRSMT/agiletaur/install/odrive_bringup:/home/shipengl/LRSMT/agiletaur/install/odrive_description:/home/shipengl/LRSMT/agiletaur/install/agiletaur_launcher:/home/shipengl/LRSMT/agiletaur/install/agiletaur_controller:/home/shipengl/LRSMT/agiletaur/install/webots_ros2_epuck:/opt/ros/foxy LD_LIBRARY_PATH=/home/shipengl/LRSMT/agiletaur/install/webots_ros2_driver/lib:/home/shipengl/LRSMT/agiletaur/install/webots_ros2_msgs/lib:/home/shipengl/LRSMT/agiletaur/install/webots_ros2_control/lib:/home/shipengl/LRSMT/agiletaur/install/odrive_hardware_interface/lib:/opt/ros/foxy/opt/yaml_cpp_vendor/lib:/opt/ros/foxy/opt/rviz_ogre_vendor/lib:/opt/ros/foxy/lib/x86_64-linux-gnu:/opt/ros/foxy/lib PYTHONPATH=/home/shipengl/LRSMT/agiletaur/install/webots_ros2_driver/lib/python3.8/site-packages:/home/shipengl/LRSMT/agiletaur/install/webots_ros2_msgs/lib/python3.8/site-packages:/home/shipengl/LRSMT/agiletaur/install/webots_ros2_epuck/lib/python3.8/site-packages:/opt/ros/foxy/lib/python3.8/site-packages /usr/bin/cmake --build /home/shipengl/LRSMT/agiletaur/build/webots_ros2_control -- -j16 -l16
[2.702s] [35m[1mScanning dependencies of target webots_ros2_control[0m
[2.702s] [35m[1mScanning dependencies of target webots_ros2_control_system[0m
[2.735s] [ 25%] [32mBuilding CXX object CMakeFiles/webots_ros2_control_system.dir/src/Ros2ControlSystem.cpp.o[0m
[2.738s] [ 50%] [32mBuilding CXX object CMakeFiles/webots_ros2_control.dir/src/Ros2Control.cpp.o[0m
[5.172s] [ 75%] [32m[1mLinking CXX shared library libwebots_ros2_control_system.so[0m
[5.279s] [ 75%] Built target webots_ros2_control_system
[6.367s] [100%] [32m[1mLinking CXX shared library libwebots_ros2_control.so[0m
[6.569s] [100%] Built target webots_ros2_control
[6.578s] Invoked command in '/home/shipengl/LRSMT/agiletaur/build/webots_ros2_control' returned '0': CMAKE_PREFIX_PATH=/home/shipengl/LRSMT/agiletaur/install/webots_ros2_driver:/home/shipengl/LRSMT/agiletaur/install/webots_ros2_msgs:/home/shipengl/LRSMT/agiletaur/install/webots_simulation_assets:/home/shipengl/LRSMT/agiletaur/install/webots_ros2_control:/home/shipengl/LRSMT/agiletaur/install/webots_description:/home/shipengl/LRSMT/agiletaur/install/webots_bringup:/home/shipengl/LRSMT/agiletaur/install/odrive_ros2_control:/home/shipengl/LRSMT/agiletaur/install/odrive_hardware_interface:/home/shipengl/LRSMT/agiletaur/install/odrive_bringup:/home/shipengl/LRSMT/agiletaur/install/odrive_description:/home/shipengl/LRSMT/agiletaur/install/agiletaur_launcher:/home/shipengl/LRSMT/agiletaur/install/agiletaur_controller:/home/shipengl/LRSMT/agiletaur/install/webots_ros2_epuck:/opt/ros/foxy LD_LIBRARY_PATH=/home/shipengl/LRSMT/agiletaur/install/webots_ros2_driver/lib:/home/shipengl/LRSMT/agiletaur/install/webots_ros2_msgs/lib:/home/shipengl/LRSMT/agiletaur/install/webots_ros2_control/lib:/home/shipengl/LRSMT/agiletaur/install/odrive_hardware_interface/lib:/opt/ros/foxy/opt/yaml_cpp_vendor/lib:/opt/ros/foxy/opt/rviz_ogre_vendor/lib:/opt/ros/foxy/lib/x86_64-linux-gnu:/opt/ros/foxy/lib PYTHONPATH=/home/shipengl/LRSMT/agiletaur/install/webots_ros2_driver/lib/python3.8/site-packages:/home/shipengl/LRSMT/agiletaur/install/webots_ros2_msgs/lib/python3.8/site-packages:/home/shipengl/LRSMT/agiletaur/install/webots_ros2_epuck/lib/python3.8/site-packages:/opt/ros/foxy/lib/python3.8/site-packages /usr/bin/cmake --build /home/shipengl/LRSMT/agiletaur/build/webots_ros2_control -- -j16 -l16
[6.599s] Invoking command in '/home/shipengl/LRSMT/agiletaur/build/webots_ros2_control': CMAKE_PREFIX_PATH=/home/shipengl/LRSMT/agiletaur/install/webots_ros2_driver:/home/shipengl/LRSMT/agiletaur/install/webots_ros2_msgs:/home/shipengl/LRSMT/agiletaur/install/webots_simulation_assets:/home/shipengl/LRSMT/agiletaur/install/webots_ros2_control:/home/shipengl/LRSMT/agiletaur/install/webots_description:/home/shipengl/LRSMT/agiletaur/install/webots_bringup:/home/shipengl/LRSMT/agiletaur/install/odrive_ros2_control:/home/shipengl/LRSMT/agiletaur/install/odrive_hardware_interface:/home/shipengl/LRSMT/agiletaur/install/odrive_bringup:/home/shipengl/LRSMT/agiletaur/install/odrive_description:/home/shipengl/LRSMT/agiletaur/install/agiletaur_launcher:/home/shipengl/LRSMT/agiletaur/install/agiletaur_controller:/home/shipengl/LRSMT/agiletaur/install/webots_ros2_epuck:/opt/ros/foxy LD_LIBRARY_PATH=/home/shipengl/LRSMT/agiletaur/install/webots_ros2_driver/lib:/home/shipengl/LRSMT/agiletaur/install/webots_ros2_msgs/lib:/home/shipengl/LRSMT/agiletaur/install/webots_ros2_control/lib:/home/shipengl/LRSMT/agiletaur/install/odrive_hardware_interface/lib:/opt/ros/foxy/opt/yaml_cpp_vendor/lib:/opt/ros/foxy/opt/rviz_ogre_vendor/lib:/opt/ros/foxy/lib/x86_64-linux-gnu:/opt/ros/foxy/lib PYTHONPATH=/home/shipengl/LRSMT/agiletaur/install/webots_ros2_driver/lib/python3.8/site-packages:/home/shipengl/LRSMT/agiletaur/install/webots_ros2_msgs/lib/python3.8/site-packages:/home/shipengl/LRSMT/agiletaur/install/webots_ros2_epuck/lib/python3.8/site-packages:/opt/ros/foxy/lib/python3.8/site-packages /usr/bin/cmake --install /home/shipengl/LRSMT/agiletaur/build/webots_ros2_control
[6.606s] -- Install configuration: ""
[6.606s] -- Installing: /home/shipengl/LRSMT/agiletaur/install/webots_ros2_control/share/webots_ros2_control/webots_ros2_control.xml
[6.606s] -- Installing: /home/shipengl/LRSMT/agiletaur/install/webots_ros2_control/share/webots_ros2_control/webots_ros2_control_system.xml
[6.606s] -- Installing: /home/shipengl/LRSMT/agiletaur/install/webots_ros2_control/lib/libwebots_ros2_control.so
[6.608s] -- Set runtime path of "/home/shipengl/LRSMT/agiletaur/install/webots_ros2_control/lib/libwebots_ros2_control.so" to ""
[6.608s] -- Installing: /home/shipengl/LRSMT/agiletaur/install/webots_ros2_control/lib/libwebots_ros2_control_system.so
[6.609s] -- Set runtime path of "/home/shipengl/LRSMT/agiletaur/install/webots_ros2_control/lib/libwebots_ros2_control_system.so" to ""
[6.609s] -- Installing: /home/shipengl/LRSMT/agiletaur/install/webots_ros2_control/share/webots_ros2_control/environment/library_path.sh
[6.609s] -- Installing: /home/shipengl/LRSMT/agiletaur/install/webots_ros2_control/share/webots_ros2_control/environment/library_path.dsv
[6.609s] -- Installing: /home/shipengl/LRSMT/agiletaur/install/webots_ros2_control/share/ament_index/resource_index/package_run_dependencies/webots_ros2_control
[6.609s] -- Installing: /home/shipengl/LRSMT/agiletaur/install/webots_ros2_control/share/ament_index/resource_index/parent_prefix_path/webots_ros2_control
[6.609s] -- Installing: /home/shipengl/LRSMT/agiletaur/install/webots_ros2_control/share/webots_ros2_control/environment/ament_prefix_path.sh
[6.609s] -- Installing: /home/shipengl/LRSMT/agiletaur/install/webots_ros2_control/share/webots_ros2_control/environment/ament_prefix_path.dsv
[6.609s] -- Installing: /home/shipengl/LRSMT/agiletaur/install/webots_ros2_control/share/webots_ros2_control/environment/path.sh
[6.609s] -- Installing: /home/shipengl/LRSMT/agiletaur/install/webots_ros2_control/share/webots_ros2_control/environment/path.dsv
[6.610s] -- Installing: /home/shipengl/LRSMT/agiletaur/install/webots_ros2_control/share/webots_ros2_control/local_setup.bash
[6.610s] -- Installing: /home/shipengl/LRSMT/agiletaur/install/webots_ros2_control/share/webots_ros2_control/local_setup.sh
[6.610s] -- Installing: /home/shipengl/LRSMT/agiletaur/install/webots_ros2_control/share/webots_ros2_control/local_setup.zsh
[6.610s] -- Installing: /home/shipengl/LRSMT/agiletaur/install/webots_ros2_control/share/webots_ros2_control/local_setup.dsv
[6.610s] -- Installing: /home/shipengl/LRSMT/agiletaur/install/webots_ros2_control/share/webots_ros2_control/package.dsv
[6.610s] -- Installing: /home/shipengl/LRSMT/agiletaur/install/webots_ros2_control/share/ament_index/resource_index/packages/webots_ros2_control
[6.610s] -- Installing: /home/shipengl/LRSMT/agiletaur/install/webots_ros2_control/share/ament_index/resource_index/webots_ros2_driver__pluginlib__plugin/webots_ros2_control
[6.610s] -- Installing: /home/shipengl/LRSMT/agiletaur/install/webots_ros2_control/share/ament_index/resource_index/webots_ros2_control__pluginlib__plugin/webots_ros2_control
[6.610s] -- Installing: /home/shipengl/LRSMT/agiletaur/install/webots_ros2_control/share/webots_ros2_control/cmake/ament_cmake_export_include_directories-extras.cmake
[6.610s] -- Installing: /home/shipengl/LRSMT/agiletaur/install/webots_ros2_control/share/webots_ros2_control/cmake/ament_cmake_export_dependencies-extras.cmake
[6.611s] -- Installing: /home/shipengl/LRSMT/agiletaur/install/webots_ros2_control/share/webots_ros2_control/cmake/ament_cmake_export_libraries-extras.cmake
[6.611s] -- Installing: /home/shipengl/LRSMT/agiletaur/install/webots_ros2_control/share/webots_ros2_control/cmake/webots_ros2_controlConfig.cmake
[6.611s] -- Installing: /home/shipengl/LRSMT/agiletaur/install/webots_ros2_control/share/webots_ros2_control/cmake/webots_ros2_controlConfig-version.cmake
[6.611s] -- Installing: /home/shipengl/LRSMT/agiletaur/install/webots_ros2_control/share/webots_ros2_control/package.xml
[6.613s] Invoked command in '/home/shipengl/LRSMT/agiletaur/build/webots_ros2_control' returned '0': CMAKE_PREFIX_PATH=/home/shipengl/LRSMT/agiletaur/install/webots_ros2_driver:/home/shipengl/LRSMT/agiletaur/install/webots_ros2_msgs:/home/shipengl/LRSMT/agiletaur/install/webots_simulation_assets:/home/shipengl/LRSMT/agiletaur/install/webots_ros2_control:/home/shipengl/LRSMT/agiletaur/install/webots_description:/home/shipengl/LRSMT/agiletaur/install/webots_bringup:/home/shipengl/LRSMT/agiletaur/install/odrive_ros2_control:/home/shipengl/LRSMT/agiletaur/install/odrive_hardware_interface:/home/shipengl/LRSMT/agiletaur/install/odrive_bringup:/home/shipengl/LRSMT/agiletaur/install/odrive_description:/home/shipengl/LRSMT/agiletaur/install/agiletaur_launcher:/home/shipengl/LRSMT/agiletaur/install/agiletaur_controller:/home/shipengl/LRSMT/agiletaur/install/webots_ros2_epuck:/opt/ros/foxy LD_LIBRARY_PATH=/home/shipengl/LRSMT/agiletaur/install/webots_ros2_driver/lib:/home/shipengl/LRSMT/agiletaur/install/webots_ros2_msgs/lib:/home/shipengl/LRSMT/agiletaur/install/webots_ros2_control/lib:/home/shipengl/LRSMT/agiletaur/install/odrive_hardware_interface/lib:/opt/ros/foxy/opt/yaml_cpp_vendor/lib:/opt/ros/foxy/opt/rviz_ogre_vendor/lib:/opt/ros/foxy/lib/x86_64-linux-gnu:/opt/ros/foxy/lib PYTHONPATH=/home/shipengl/LRSMT/agiletaur/install/webots_ros2_driver/lib/python3.8/site-packages:/home/shipengl/LRSMT/agiletaur/install/webots_ros2_msgs/lib/python3.8/site-packages:/home/shipengl/LRSMT/agiletaur/install/webots_ros2_epuck/lib/python3.8/site-packages:/opt/ros/foxy/lib/python3.8/site-packages /usr/bin/cmake --install /home/shipengl/LRSMT/agiletaur/build/webots_ros2_control
