-- The C compiler identification is GNU 9.3.0
-- The CXX compiler identification is GNU 9.3.0
-- Check for working C compiler: /usr/bin/cc
-- Check for working C compiler: /usr/bin/cc -- works
-- Detecting C compiler ABI info
-- Detecting C compiler ABI info - done
-- Detecting C compile features
-- Detecting C compile features - done
-- Check for working CXX compiler: /usr/bin/c++
-- Check for working CXX compiler: /usr/bin/c++ -- works
-- Detecting CXX compiler ABI info
-- Detecting CXX compiler ABI info - done
-- Detecting CXX compile features
-- Detecting CXX compile features - done
-- Found ament_cmake: 0.9.9 (/opt/ros/foxy/share/ament_cmake/cmake)
-- Found PythonInterp: /usr/bin/python3 (found suitable version "3.8.10", minimum required is "3") 
-- Using PYTHON_EXECUTABLE: /usr/bin/python3
-- Found builtin_interfaces: 1.0.0 (/opt/ros/foxy/share/builtin_interfaces/cmake)
-- Using all available rosidl_typesupport_c: rosidl_typesupport_fastrtps_c;rosidl_typesupport_introspection_c
-- Found rosidl_adapter: 1.2.1 (/opt/ros/foxy/share/rosidl_adapter/cmake)
-- Found OpenSSL: /usr/lib/x86_64-linux-gnu/libcrypto.so (found version "1.1.1f")  
-- Found FastRTPS: /opt/ros/foxy/include  
-- Using all available rosidl_typesupport_cpp: rosidl_typesupport_fastrtps_cpp;rosidl_typesupport_introspection_cpp
-- Found rosidl_default_generators: 1.0.1 (/opt/ros/foxy/share/rosidl_default_generators/cmake)
-- Found geometry_msgs: 2.0.4 (/opt/ros/foxy/share/geometry_msgs/cmake)
-- Found vision_msgs: 2.0.0 (/opt/ros/foxy/share/vision_msgs/cmake)
-- Found PythonInterp: /usr/bin/python3 (found version "3.8.10") 
-- Found ament_cmake_cppcheck: 0.9.6 (/opt/ros/foxy/share/ament_cmake_cppcheck/cmake)
-- Found ament_cmake_cpplint: 0.9.6 (/opt/ros/foxy/share/ament_cmake_cpplint/cmake)
-- Found ament_cmake_uncrustify: 0.9.6 (/opt/ros/foxy/share/ament_cmake_uncrustify/cmake)
-- Found ament_cmake_ros: 0.9.2 (/opt/ros/foxy/share/ament_cmake_ros/cmake)
-- Using all available rosidl_typesupport_c: rosidl_typesupport_fastrtps_c;rosidl_typesupport_introspection_c
-- Using all available rosidl_typesupport_cpp: rosidl_typesupport_fastrtps_cpp;rosidl_typesupport_introspection_cpp
-- Found PythonInterp: /usr/bin/python3 (found suitable version "3.8.10", minimum required is "3.5") 
-- Found python_cmake_module: 0.8.1 (/opt/ros/foxy/share/python_cmake_module/cmake)
-- Found PythonLibs: /usr/lib/x86_64-linux-gnu/libpython3.8.so (found suitable version "3.8.10", minimum required is "3.5") 
-- Using PYTHON_EXECUTABLE: /usr/bin/python3
-- Using PYTHON_INCLUDE_DIRS: /usr/include/python3.8
-- Using PYTHON_LIBRARIES: /usr/lib/x86_64-linux-gnu/libpython3.8.so
-- Found PythonExtra: .so  
-- Found ament_cmake_flake8: 0.9.6 (/opt/ros/foxy/share/ament_cmake_flake8/cmake)
-- Found ament_cmake_pep257: 0.9.6 (/opt/ros/foxy/share/ament_cmake_pep257/cmake)
-- Found ament_lint_auto: 0.9.6 (/opt/ros/foxy/share/ament_lint_auto/cmake)
-- Added test 'lint_cmake' to check CMake code style
-- Added test 'xmllint' to check XML markup files
-- Configuring done
-- Generating done
-- Build files have been written to: /home/shipengl/LRSMT/agiletaur/build/webots_ros2_msgs
[  2%] [34m[1mGenerating C code for ROS interfaces[0m
[35m[1mScanning dependencies of target webots_ros2_msgs__cpp[0m
[  4%] [34m[1mGenerating C++ code for ROS interfaces[0m
[35m[1mScanning dependencies of target webots_ros2_msgs__rosidl_generator_c[0m
[  8%] [32mBuilding C object CMakeFiles/webots_ros2_msgs__rosidl_generator_c.dir/rosidl_generator_c/webots_ros2_msgs/msg/detail/wb_camera_recognition_objects__functions.c.o[0m
[  8%] [32mBuilding C object CMakeFiles/webots_ros2_msgs__rosidl_generator_c.dir/rosidl_generator_c/webots_ros2_msgs/srv/detail/set_int__functions.c.o[0m
[ 10%] [32mBuilding C object CMakeFiles/webots_ros2_msgs__rosidl_generator_c.dir/rosidl_generator_c/webots_ros2_msgs/msg/detail/wb_camera_recognition_object__functions.c.o[0m
[ 10%] Built target webots_ros2_msgs__cpp
[ 12%] [34m[1mGenerating C++ type support dispatch for ROS interfaces[0m
[ 14%] [34m[1mGenerating C++ type support for eProsima Fast-RTPS[0m
[ 17%] [34m[1mGenerating C++ introspection for ROS interfaces[0m
[ 19%] [32m[1mLinking C shared library libwebots_ros2_msgs__rosidl_generator_c.so[0m
[ 19%] Built target webots_ros2_msgs__rosidl_generator_c
[ 21%] [34m[1mGenerating C type support dispatch for ROS interfaces[0m
[ 23%] [34m[1mGenerating C introspection for ROS interfaces[0m
[35m[1mScanning dependencies of target webots_ros2_msgs__rosidl_typesupport_introspection_cpp[0m
[ 25%] [32mBuilding CXX object CMakeFiles/webots_ros2_msgs__rosidl_typesupport_introspection_cpp.dir/rosidl_typesupport_introspection_cpp/webots_ros2_msgs/msg/detail/wb_camera_recognition_object__type_support.cpp.o[0m
[ 27%] [32mBuilding CXX object CMakeFiles/webots_ros2_msgs__rosidl_typesupport_introspection_cpp.dir/rosidl_typesupport_introspection_cpp/webots_ros2_msgs/msg/detail/wb_camera_recognition_objects__type_support.cpp.o[0m
[ 29%] [32mBuilding CXX object CMakeFiles/webots_ros2_msgs__rosidl_typesupport_introspection_cpp.dir/rosidl_typesupport_introspection_cpp/webots_ros2_msgs/srv/detail/set_int__type_support.cpp.o[0m
[35m[1mScanning dependencies of target webots_ros2_msgs__rosidl_typesupport_cpp[0m
[ 36%] [32mBuilding CXX object CMakeFiles/webots_ros2_msgs__rosidl_typesupport_cpp.dir/rosidl_typesupport_cpp/webots_ros2_msgs/msg/wb_camera_recognition_objects__type_support.cpp.o[0m
[ 36%] [32mBuilding CXX object CMakeFiles/webots_ros2_msgs__rosidl_typesupport_cpp.dir/rosidl_typesupport_cpp/webots_ros2_msgs/msg/wb_camera_recognition_object__type_support.cpp.o[0m
[ 36%] [32mBuilding CXX object CMakeFiles/webots_ros2_msgs__rosidl_typesupport_cpp.dir/rosidl_typesupport_cpp/webots_ros2_msgs/srv/set_int__type_support.cpp.o[0m
[35m[1mScanning dependencies of target webots_ros2_msgs__rosidl_typesupport_c[0m
[ 42%] [32mBuilding CXX object CMakeFiles/webots_ros2_msgs__rosidl_typesupport_c.dir/rosidl_typesupport_c/webots_ros2_msgs/msg/wb_camera_recognition_object__type_support.cpp.o[0m
[ 42%] [32mBuilding CXX object CMakeFiles/webots_ros2_msgs__rosidl_typesupport_c.dir/rosidl_typesupport_c/webots_ros2_msgs/srv/set_int__type_support.cpp.o[0m
[ 42%] [32mBuilding CXX object CMakeFiles/webots_ros2_msgs__rosidl_typesupport_c.dir/rosidl_typesupport_c/webots_ros2_msgs/msg/wb_camera_recognition_objects__type_support.cpp.o[0m
[35m[1mScanning dependencies of target webots_ros2_msgs__rosidl_typesupport_introspection_c[0m
[ 44%] [32m[1mLinking CXX shared library libwebots_ros2_msgs__rosidl_typesupport_c.so[0m
[ 48%] [32mBuilding C object CMakeFiles/webots_ros2_msgs__rosidl_typesupport_introspection_c.dir/rosidl_typesupport_introspection_c/webots_ros2_msgs/msg/detail/wb_camera_recognition_objects__type_support.c.o[0m
[ 48%] [32mBuilding C object CMakeFiles/webots_ros2_msgs__rosidl_typesupport_introspection_c.dir/rosidl_typesupport_introspection_c/webots_ros2_msgs/msg/detail/wb_camera_recognition_object__type_support.c.o[0m
[ 51%] [32mBuilding C object CMakeFiles/webots_ros2_msgs__rosidl_typesupport_introspection_c.dir/rosidl_typesupport_introspection_c/webots_ros2_msgs/srv/detail/set_int__type_support.c.o[0m
[ 51%] Built target webots_ros2_msgs__rosidl_typesupport_c
[35m[1mScanning dependencies of target webots_ros2_msgs__rosidl_typesupport_fastrtps_cpp[0m
[ 53%] [32m[1mLinking C shared library libwebots_ros2_msgs__rosidl_typesupport_introspection_c.so[0m
[ 55%] [32mBuilding CXX object CMakeFiles/webots_ros2_msgs__rosidl_typesupport_fastrtps_cpp.dir/rosidl_typesupport_fastrtps_cpp/webots_ros2_msgs/msg/detail/dds_fastrtps/wb_camera_recognition_object__type_support.cpp.o[0m
[ 57%] [32mBuilding CXX object CMakeFiles/webots_ros2_msgs__rosidl_typesupport_fastrtps_cpp.dir/rosidl_typesupport_fastrtps_cpp/webots_ros2_msgs/msg/detail/dds_fastrtps/wb_camera_recognition_objects__type_support.cpp.o[0m
[ 59%] [32mBuilding CXX object CMakeFiles/webots_ros2_msgs__rosidl_typesupport_fastrtps_cpp.dir/rosidl_typesupport_fastrtps_cpp/webots_ros2_msgs/srv/detail/dds_fastrtps/set_int__type_support.cpp.o[0m
[ 59%] Built target webots_ros2_msgs__rosidl_typesupport_introspection_c
[ 61%] [32m[1mLinking CXX shared library libwebots_ros2_msgs__rosidl_typesupport_cpp.so[0m
[ 63%] [32m[1mLinking CXX shared library libwebots_ros2_msgs__rosidl_typesupport_introspection_cpp.so[0m
[ 63%] Built target webots_ros2_msgs__rosidl_typesupport_cpp
[ 63%] Built target webots_ros2_msgs__rosidl_typesupport_introspection_cpp
[ 65%] [32m[1mLinking CXX shared library libwebots_ros2_msgs__rosidl_typesupport_fastrtps_cpp.so[0m
[ 65%] Built target webots_ros2_msgs__rosidl_typesupport_fastrtps_cpp
[ 68%] [34m[1mGenerating C type support for eProsima Fast-RTPS[0m
[35m[1mScanning dependencies of target webots_ros2_msgs__rosidl_typesupport_fastrtps_c[0m
[ 72%] [32mBuilding CXX object CMakeFiles/webots_ros2_msgs__rosidl_typesupport_fastrtps_c.dir/rosidl_typesupport_fastrtps_c/webots_ros2_msgs/msg/detail/wb_camera_recognition_objects__type_support_c.cpp.o[0m
[ 72%] [32mBuilding CXX object CMakeFiles/webots_ros2_msgs__rosidl_typesupport_fastrtps_c.dir/rosidl_typesupport_fastrtps_c/webots_ros2_msgs/msg/detail/wb_camera_recognition_object__type_support_c.cpp.o[0m
[ 74%] [32mBuilding CXX object CMakeFiles/webots_ros2_msgs__rosidl_typesupport_fastrtps_c.dir/rosidl_typesupport_fastrtps_c/webots_ros2_msgs/srv/detail/set_int__type_support_c.cpp.o[0m
[ 76%] [32m[1mLinking CXX shared library libwebots_ros2_msgs__rosidl_typesupport_fastrtps_c.so[0m
[ 76%] Built target webots_ros2_msgs__rosidl_typesupport_fastrtps_c
[35m[1mScanning dependencies of target webots_ros2_msgs[0m
[ 76%] Built target webots_ros2_msgs
[35m[1mScanning dependencies of target webots_ros2_msgs__py[0m
[ 78%] [34m[1mGenerating Python code for ROS interfaces[0m
[ 78%] Built target webots_ros2_msgs__py
[35m[1mScanning dependencies of target webots_ros2_msgs__python[0m
[ 85%] [32mBuilding C object CMakeFiles/webots_ros2_msgs__python.dir/rosidl_generator_py/webots_ros2_msgs/msg/_wb_camera_recognition_objects_s.c.o[0m
[ 85%] [32mBuilding C object CMakeFiles/webots_ros2_msgs__python.dir/rosidl_generator_py/webots_ros2_msgs/srv/_set_int_s.c.o[0m
[ 85%] [32mBuilding C object CMakeFiles/webots_ros2_msgs__python.dir/rosidl_generator_py/webots_ros2_msgs/msg/_wb_camera_recognition_object_s.c.o[0m
[ 87%] [32m[1mLinking C shared library rosidl_generator_py/webots_ros2_msgs/libwebots_ros2_msgs__python.so[0m
[ 87%] Built target webots_ros2_msgs__python
[35m[1mScanning dependencies of target webots_ros2_msgs__rosidl_typesupport_c__pyext[0m
[35m[1mScanning dependencies of target webots_ros2_msgs__rosidl_typesupport_introspection_c__pyext[0m
[35m[1mScanning dependencies of target webots_ros2_msgs__rosidl_typesupport_fastrtps_c__pyext[0m
[ 91%] [32mBuilding C object CMakeFiles/webots_ros2_msgs__rosidl_typesupport_c__pyext.dir/rosidl_generator_py/webots_ros2_msgs/_webots_ros2_msgs_s.ep.rosidl_typesupport_c.c.o[0m
[ 91%] [32mBuilding C object CMakeFiles/webots_ros2_msgs__rosidl_typesupport_introspection_c__pyext.dir/rosidl_generator_py/webots_ros2_msgs/_webots_ros2_msgs_s.ep.rosidl_typesupport_introspection_c.c.o[0m
[ 93%] [32mBuilding C object CMakeFiles/webots_ros2_msgs__rosidl_typesupport_fastrtps_c__pyext.dir/rosidl_generator_py/webots_ros2_msgs/_webots_ros2_msgs_s.ep.rosidl_typesupport_fastrtps_c.c.o[0m
[ 97%] [32m[1mLinking C shared library rosidl_generator_py/webots_ros2_msgs/webots_ros2_msgs_s__rosidl_typesupport_introspection_c.cpython-38-x86_64-linux-gnu.so[0m
[ 97%] [32m[1mLinking C shared library rosidl_generator_py/webots_ros2_msgs/webots_ros2_msgs_s__rosidl_typesupport_c.cpython-38-x86_64-linux-gnu.so[0m
[100%] [32m[1mLinking CXX shared library rosidl_generator_py/webots_ros2_msgs/webots_ros2_msgs_s__rosidl_typesupport_fastrtps_c.cpython-38-x86_64-linux-gnu.so[0m
[100%] Built target webots_ros2_msgs__rosidl_typesupport_introspection_c__pyext
[100%] Built target webots_ros2_msgs__rosidl_typesupport_c__pyext
[100%] Built target webots_ros2_msgs__rosidl_typesupport_fastrtps_c__pyext
-- Install configuration: ""
-- Installing: /home/shipengl/LRSMT/agiletaur/install/webots_ros2_msgs/share/ament_index/resource_index/rosidl_interfaces/webots_ros2_msgs
-- Installing: /home/shipengl/LRSMT/agiletaur/install/webots_ros2_msgs/include/webots_ros2_msgs
-- Installing: /home/shipengl/LRSMT/agiletaur/install/webots_ros2_msgs/include/webots_ros2_msgs/srv
-- Installing: /home/shipengl/LRSMT/agiletaur/install/webots_ros2_msgs/include/webots_ros2_msgs/srv/set_int.h
-- Installing: /home/shipengl/LRSMT/agiletaur/install/webots_ros2_msgs/include/webots_ros2_msgs/srv/detail
-- Installing: /home/shipengl/LRSMT/agiletaur/install/webots_ros2_msgs/include/webots_ros2_msgs/srv/detail/set_int__functions.c
-- Installing: /home/shipengl/LRSMT/agiletaur/install/webots_ros2_msgs/include/webots_ros2_msgs/srv/detail/set_int__type_support.h
-- Installing: /home/shipengl/LRSMT/agiletaur/install/webots_ros2_msgs/include/webots_ros2_msgs/srv/detail/set_int__functions.h
-- Installing: /home/shipengl/LRSMT/agiletaur/install/webots_ros2_msgs/include/webots_ros2_msgs/srv/detail/set_int__struct.h
-- Installing: /home/shipengl/LRSMT/agiletaur/install/webots_ros2_msgs/include/webots_ros2_msgs/msg
-- Installing: /home/shipengl/LRSMT/agiletaur/install/webots_ros2_msgs/include/webots_ros2_msgs/msg/rosidl_generator_c__visibility_control.h
-- Installing: /home/shipengl/LRSMT/agiletaur/install/webots_ros2_msgs/include/webots_ros2_msgs/msg/wb_camera_recognition_objects.h
-- Installing: /home/shipengl/LRSMT/agiletaur/install/webots_ros2_msgs/include/webots_ros2_msgs/msg/detail
-- Installing: /home/shipengl/LRSMT/agiletaur/install/webots_ros2_msgs/include/webots_ros2_msgs/msg/detail/wb_camera_recognition_object__struct.h
-- Installing: /home/shipengl/LRSMT/agiletaur/install/webots_ros2_msgs/include/webots_ros2_msgs/msg/detail/wb_camera_recognition_object__functions.h
-- Installing: /home/shipengl/LRSMT/agiletaur/install/webots_ros2_msgs/include/webots_ros2_msgs/msg/detail/wb_camera_recognition_object__functions.c
-- Installing: /home/shipengl/LRSMT/agiletaur/install/webots_ros2_msgs/include/webots_ros2_msgs/msg/detail/wb_camera_recognition_objects__functions.c
-- Installing: /home/shipengl/LRSMT/agiletaur/install/webots_ros2_msgs/include/webots_ros2_msgs/msg/detail/wb_camera_recognition_object__type_support.h
-- Installing: /home/shipengl/LRSMT/agiletaur/install/webots_ros2_msgs/include/webots_ros2_msgs/msg/detail/wb_camera_recognition_objects__functions.h
-- Installing: /home/shipengl/LRSMT/agiletaur/install/webots_ros2_msgs/include/webots_ros2_msgs/msg/detail/wb_camera_recognition_objects__struct.h
-- Installing: /home/shipengl/LRSMT/agiletaur/install/webots_ros2_msgs/include/webots_ros2_msgs/msg/detail/wb_camera_recognition_objects__type_support.h
-- Installing: /home/shipengl/LRSMT/agiletaur/install/webots_ros2_msgs/include/webots_ros2_msgs/msg/wb_camera_recognition_object.h
-- Installing: /home/shipengl/LRSMT/agiletaur/install/webots_ros2_msgs/share/webots_ros2_msgs/environment/library_path.sh
-- Installing: /home/shipengl/LRSMT/agiletaur/install/webots_ros2_msgs/share/webots_ros2_msgs/environment/library_path.dsv
-- Installing: /home/shipengl/LRSMT/agiletaur/install/webots_ros2_msgs/lib/libwebots_ros2_msgs__rosidl_generator_c.so
-- Set runtime path of "/home/shipengl/LRSMT/agiletaur/install/webots_ros2_msgs/lib/libwebots_ros2_msgs__rosidl_generator_c.so" to ""
-- Up-to-date: /home/shipengl/LRSMT/agiletaur/install/webots_ros2_msgs/include/webots_ros2_msgs
-- Up-to-date: /home/shipengl/LRSMT/agiletaur/install/webots_ros2_msgs/include/webots_ros2_msgs/srv
-- Up-to-date: /home/shipengl/LRSMT/agiletaur/install/webots_ros2_msgs/include/webots_ros2_msgs/srv/detail
-- Installing: /home/shipengl/LRSMT/agiletaur/install/webots_ros2_msgs/include/webots_ros2_msgs/srv/detail/set_int__rosidl_typesupport_fastrtps_c.h
-- Up-to-date: /home/shipengl/LRSMT/agiletaur/install/webots_ros2_msgs/include/webots_ros2_msgs/msg
-- Installing: /home/shipengl/LRSMT/agiletaur/install/webots_ros2_msgs/include/webots_ros2_msgs/msg/rosidl_typesupport_fastrtps_c__visibility_control.h
-- Up-to-date: /home/shipengl/LRSMT/agiletaur/install/webots_ros2_msgs/include/webots_ros2_msgs/msg/detail
-- Installing: /home/shipengl/LRSMT/agiletaur/install/webots_ros2_msgs/include/webots_ros2_msgs/msg/detail/wb_camera_recognition_objects__rosidl_typesupport_fastrtps_c.h
-- Installing: /home/shipengl/LRSMT/agiletaur/install/webots_ros2_msgs/include/webots_ros2_msgs/msg/detail/wb_camera_recognition_object__rosidl_typesupport_fastrtps_c.h
-- Installing: /home/shipengl/LRSMT/agiletaur/install/webots_ros2_msgs/lib/libwebots_ros2_msgs__rosidl_typesupport_fastrtps_c.so
-- Set runtime path of "/home/shipengl/LRSMT/agiletaur/install/webots_ros2_msgs/lib/libwebots_ros2_msgs__rosidl_typesupport_fastrtps_c.so" to ""
-- Up-to-date: /home/shipengl/LRSMT/agiletaur/install/webots_ros2_msgs/include/webots_ros2_msgs
-- Up-to-date: /home/shipengl/LRSMT/agiletaur/install/webots_ros2_msgs/include/webots_ros2_msgs/srv
-- Up-to-date: /home/shipengl/LRSMT/agiletaur/install/webots_ros2_msgs/include/webots_ros2_msgs/srv/detail
-- Installing: /home/shipengl/LRSMT/agiletaur/install/webots_ros2_msgs/include/webots_ros2_msgs/srv/detail/set_int__rosidl_typesupport_fastrtps_cpp.hpp
-- Installing: /home/shipengl/LRSMT/agiletaur/install/webots_ros2_msgs/include/webots_ros2_msgs/srv/detail/dds_fastrtps
-- Up-to-date: /home/shipengl/LRSMT/agiletaur/install/webots_ros2_msgs/include/webots_ros2_msgs/msg
-- Installing: /home/shipengl/LRSMT/agiletaur/install/webots_ros2_msgs/include/webots_ros2_msgs/msg/rosidl_typesupport_fastrtps_cpp__visibility_control.h
-- Up-to-date: /home/shipengl/LRSMT/agiletaur/install/webots_ros2_msgs/include/webots_ros2_msgs/msg/detail
-- Installing: /home/shipengl/LRSMT/agiletaur/install/webots_ros2_msgs/include/webots_ros2_msgs/msg/detail/wb_camera_recognition_objects__rosidl_typesupport_fastrtps_cpp.hpp
-- Installing: /home/shipengl/LRSMT/agiletaur/install/webots_ros2_msgs/include/webots_ros2_msgs/msg/detail/wb_camera_recognition_object__rosidl_typesupport_fastrtps_cpp.hpp
-- Installing: /home/shipengl/LRSMT/agiletaur/install/webots_ros2_msgs/include/webots_ros2_msgs/msg/detail/dds_fastrtps
-- Installing: /home/shipengl/LRSMT/agiletaur/install/webots_ros2_msgs/lib/libwebots_ros2_msgs__rosidl_typesupport_fastrtps_cpp.so
-- Set runtime path of "/home/shipengl/LRSMT/agiletaur/install/webots_ros2_msgs/lib/libwebots_ros2_msgs__rosidl_typesupport_fastrtps_cpp.so" to ""
-- Up-to-date: /home/shipengl/LRSMT/agiletaur/install/webots_ros2_msgs/include/webots_ros2_msgs
-- Up-to-date: /home/shipengl/LRSMT/agiletaur/install/webots_ros2_msgs/include/webots_ros2_msgs/srv
-- Up-to-date: /home/shipengl/LRSMT/agiletaur/install/webots_ros2_msgs/include/webots_ros2_msgs/srv/detail
-- Installing: /home/shipengl/LRSMT/agiletaur/install/webots_ros2_msgs/include/webots_ros2_msgs/srv/detail/set_int__type_support.c
-- Installing: /home/shipengl/LRSMT/agiletaur/install/webots_ros2_msgs/include/webots_ros2_msgs/srv/detail/set_int__rosidl_typesupport_introspection_c.h
-- Up-to-date: /home/shipengl/LRSMT/agiletaur/install/webots_ros2_msgs/include/webots_ros2_msgs/msg
-- Installing: /home/shipengl/LRSMT/agiletaur/install/webots_ros2_msgs/include/webots_ros2_msgs/msg/rosidl_typesupport_introspection_c__visibility_control.h
-- Up-to-date: /home/shipengl/LRSMT/agiletaur/install/webots_ros2_msgs/include/webots_ros2_msgs/msg/detail
-- Installing: /home/shipengl/LRSMT/agiletaur/install/webots_ros2_msgs/include/webots_ros2_msgs/msg/detail/wb_camera_recognition_objects__type_support.c
-- Installing: /home/shipengl/LRSMT/agiletaur/install/webots_ros2_msgs/include/webots_ros2_msgs/msg/detail/wb_camera_recognition_object__type_support.c
-- Installing: /home/shipengl/LRSMT/agiletaur/install/webots_ros2_msgs/include/webots_ros2_msgs/msg/detail/wb_camera_recognition_objects__rosidl_typesupport_introspection_c.h
-- Installing: /home/shipengl/LRSMT/agiletaur/install/webots_ros2_msgs/include/webots_ros2_msgs/msg/detail/wb_camera_recognition_object__rosidl_typesupport_introspection_c.h
-- Installing: /home/shipengl/LRSMT/agiletaur/install/webots_ros2_msgs/lib/libwebots_ros2_msgs__rosidl_typesupport_introspection_c.so
-- Set runtime path of "/home/shipengl/LRSMT/agiletaur/install/webots_ros2_msgs/lib/libwebots_ros2_msgs__rosidl_typesupport_introspection_c.so" to ""
-- Installing: /home/shipengl/LRSMT/agiletaur/install/webots_ros2_msgs/lib/libwebots_ros2_msgs__rosidl_typesupport_c.so
-- Set runtime path of "/home/shipengl/LRSMT/agiletaur/install/webots_ros2_msgs/lib/libwebots_ros2_msgs__rosidl_typesupport_c.so" to ""
-- Up-to-date: /home/shipengl/LRSMT/agiletaur/install/webots_ros2_msgs/include/webots_ros2_msgs
-- Up-to-date: /home/shipengl/LRSMT/agiletaur/install/webots_ros2_msgs/include/webots_ros2_msgs/srv
-- Installing: /home/shipengl/LRSMT/agiletaur/install/webots_ros2_msgs/include/webots_ros2_msgs/srv/set_int.hpp
-- Up-to-date: /home/shipengl/LRSMT/agiletaur/install/webots_ros2_msgs/include/webots_ros2_msgs/srv/detail
-- Installing: /home/shipengl/LRSMT/agiletaur/install/webots_ros2_msgs/include/webots_ros2_msgs/srv/detail/set_int__traits.hpp
-- Installing: /home/shipengl/LRSMT/agiletaur/install/webots_ros2_msgs/include/webots_ros2_msgs/srv/detail/set_int__builder.hpp
-- Installing: /home/shipengl/LRSMT/agiletaur/install/webots_ros2_msgs/include/webots_ros2_msgs/srv/detail/set_int__struct.hpp
-- Up-to-date: /home/shipengl/LRSMT/agiletaur/install/webots_ros2_msgs/include/webots_ros2_msgs/msg
-- Installing: /home/shipengl/LRSMT/agiletaur/install/webots_ros2_msgs/include/webots_ros2_msgs/msg/wb_camera_recognition_objects.hpp
-- Installing: /home/shipengl/LRSMT/agiletaur/install/webots_ros2_msgs/include/webots_ros2_msgs/msg/wb_camera_recognition_object.hpp
-- Up-to-date: /home/shipengl/LRSMT/agiletaur/install/webots_ros2_msgs/include/webots_ros2_msgs/msg/detail
-- Installing: /home/shipengl/LRSMT/agiletaur/install/webots_ros2_msgs/include/webots_ros2_msgs/msg/detail/wb_camera_recognition_objects__builder.hpp
-- Installing: /home/shipengl/LRSMT/agiletaur/install/webots_ros2_msgs/include/webots_ros2_msgs/msg/detail/wb_camera_recognition_objects__traits.hpp
-- Installing: /home/shipengl/LRSMT/agiletaur/install/webots_ros2_msgs/include/webots_ros2_msgs/msg/detail/wb_camera_recognition_object__builder.hpp
-- Installing: /home/shipengl/LRSMT/agiletaur/install/webots_ros2_msgs/include/webots_ros2_msgs/msg/detail/wb_camera_recognition_objects__struct.hpp
-- Installing: /home/shipengl/LRSMT/agiletaur/install/webots_ros2_msgs/include/webots_ros2_msgs/msg/detail/wb_camera_recognition_object__traits.hpp
-- Installing: /home/shipengl/LRSMT/agiletaur/install/webots_ros2_msgs/include/webots_ros2_msgs/msg/detail/wb_camera_recognition_object__struct.hpp
-- Up-to-date: /home/shipengl/LRSMT/agiletaur/install/webots_ros2_msgs/include/webots_ros2_msgs
-- Up-to-date: /home/shipengl/LRSMT/agiletaur/install/webots_ros2_msgs/include/webots_ros2_msgs/srv
-- Up-to-date: /home/shipengl/LRSMT/agiletaur/install/webots_ros2_msgs/include/webots_ros2_msgs/srv/detail
-- Installing: /home/shipengl/LRSMT/agiletaur/install/webots_ros2_msgs/include/webots_ros2_msgs/srv/detail/set_int__rosidl_typesupport_introspection_cpp.hpp
-- Installing: /home/shipengl/LRSMT/agiletaur/install/webots_ros2_msgs/include/webots_ros2_msgs/srv/detail/set_int__type_support.cpp
-- Up-to-date: /home/shipengl/LRSMT/agiletaur/install/webots_ros2_msgs/include/webots_ros2_msgs/msg
-- Up-to-date: /home/shipengl/LRSMT/agiletaur/install/webots_ros2_msgs/include/webots_ros2_msgs/msg/detail
-- Installing: /home/shipengl/LRSMT/agiletaur/install/webots_ros2_msgs/include/webots_ros2_msgs/msg/detail/wb_camera_recognition_object__type_support.cpp
-- Installing: /home/shipengl/LRSMT/agiletaur/install/webots_ros2_msgs/include/webots_ros2_msgs/msg/detail/wb_camera_recognition_object__rosidl_typesupport_introspection_cpp.hpp
-- Installing: /home/shipengl/LRSMT/agiletaur/install/webots_ros2_msgs/include/webots_ros2_msgs/msg/detail/wb_camera_recognition_objects__type_support.cpp
-- Installing: /home/shipengl/LRSMT/agiletaur/install/webots_ros2_msgs/include/webots_ros2_msgs/msg/detail/wb_camera_recognition_objects__rosidl_typesupport_introspection_cpp.hpp
-- Installing: /home/shipengl/LRSMT/agiletaur/install/webots_ros2_msgs/lib/libwebots_ros2_msgs__rosidl_typesupport_introspection_cpp.so
-- Set runtime path of "/home/shipengl/LRSMT/agiletaur/install/webots_ros2_msgs/lib/libwebots_ros2_msgs__rosidl_typesupport_introspection_cpp.so" to ""
-- Installing: /home/shipengl/LRSMT/agiletaur/install/webots_ros2_msgs/lib/libwebots_ros2_msgs__rosidl_typesupport_cpp.so
-- Set runtime path of "/home/shipengl/LRSMT/agiletaur/install/webots_ros2_msgs/lib/libwebots_ros2_msgs__rosidl_typesupport_cpp.so" to ""
-- Installing: /home/shipengl/LRSMT/agiletaur/install/webots_ros2_msgs/share/webots_ros2_msgs/environment/pythonpath.sh
-- Installing: /home/shipengl/LRSMT/agiletaur/install/webots_ros2_msgs/share/webots_ros2_msgs/environment/pythonpath.dsv
-- Installing: /home/shipengl/LRSMT/agiletaur/install/webots_ros2_msgs/lib/python3.8/site-packages/webots_ros2_msgs/__init__.py
Compiling '/home/shipengl/LRSMT/agiletaur/install/webots_ros2_msgs/lib/python3.8/site-packages/webots_ros2_msgs/__init__.py'...
-- Installing: /home/shipengl/LRSMT/agiletaur/install/webots_ros2_msgs/lib/python3.8/site-packages/webots_ros2_msgs/msg
-- Installing: /home/shipengl/LRSMT/agiletaur/install/webots_ros2_msgs/lib/python3.8/site-packages/webots_ros2_msgs/msg/_wb_camera_recognition_objects.py
-- Installing: /home/shipengl/LRSMT/agiletaur/install/webots_ros2_msgs/lib/python3.8/site-packages/webots_ros2_msgs/msg/__init__.py
-- Installing: /home/shipengl/LRSMT/agiletaur/install/webots_ros2_msgs/lib/python3.8/site-packages/webots_ros2_msgs/msg/_wb_camera_recognition_objects_s.c
-- Installing: /home/shipengl/LRSMT/agiletaur/install/webots_ros2_msgs/lib/python3.8/site-packages/webots_ros2_msgs/msg/_wb_camera_recognition_object.py
-- Installing: /home/shipengl/LRSMT/agiletaur/install/webots_ros2_msgs/lib/python3.8/site-packages/webots_ros2_msgs/msg/_wb_camera_recognition_object_s.c
-- Installing: /home/shipengl/LRSMT/agiletaur/install/webots_ros2_msgs/lib/python3.8/site-packages/webots_ros2_msgs/srv
-- Installing: /home/shipengl/LRSMT/agiletaur/install/webots_ros2_msgs/lib/python3.8/site-packages/webots_ros2_msgs/srv/__init__.py
-- Installing: /home/shipengl/LRSMT/agiletaur/install/webots_ros2_msgs/lib/python3.8/site-packages/webots_ros2_msgs/srv/_set_int_s.c
-- Installing: /home/shipengl/LRSMT/agiletaur/install/webots_ros2_msgs/lib/python3.8/site-packages/webots_ros2_msgs/srv/_set_int.py
-- Installing: /home/shipengl/LRSMT/agiletaur/install/webots_ros2_msgs/lib/python3.8/site-packages/webots_ros2_msgs/webots_ros2_msgs_s__rosidl_typesupport_fastrtps_c.cpython-38-x86_64-linux-gnu.so
-- Set runtime path of "/home/shipengl/LRSMT/agiletaur/install/webots_ros2_msgs/lib/python3.8/site-packages/webots_ros2_msgs/webots_ros2_msgs_s__rosidl_typesupport_fastrtps_c.cpython-38-x86_64-linux-gnu.so" to ""
-- Installing: /home/shipengl/LRSMT/agiletaur/install/webots_ros2_msgs/lib/python3.8/site-packages/webots_ros2_msgs/webots_ros2_msgs_s__rosidl_typesupport_introspection_c.cpython-38-x86_64-linux-gnu.so
-- Set runtime path of "/home/shipengl/LRSMT/agiletaur/install/webots_ros2_msgs/lib/python3.8/site-packages/webots_ros2_msgs/webots_ros2_msgs_s__rosidl_typesupport_introspection_c.cpython-38-x86_64-linux-gnu.so" to ""
-- Installing: /home/shipengl/LRSMT/agiletaur/install/webots_ros2_msgs/lib/python3.8/site-packages/webots_ros2_msgs/webots_ros2_msgs_s__rosidl_typesupport_c.cpython-38-x86_64-linux-gnu.so
-- Set runtime path of "/home/shipengl/LRSMT/agiletaur/install/webots_ros2_msgs/lib/python3.8/site-packages/webots_ros2_msgs/webots_ros2_msgs_s__rosidl_typesupport_c.cpython-38-x86_64-linux-gnu.so" to ""
-- Installing: /home/shipengl/LRSMT/agiletaur/install/webots_ros2_msgs/lib/libwebots_ros2_msgs__python.so
-- Set runtime path of "/home/shipengl/LRSMT/agiletaur/install/webots_ros2_msgs/lib/libwebots_ros2_msgs__python.so" to ""
-- Installing: /home/shipengl/LRSMT/agiletaur/install/webots_ros2_msgs/share/webots_ros2_msgs/msg/WbCameraRecognitionObject.idl
-- Installing: /home/shipengl/LRSMT/agiletaur/install/webots_ros2_msgs/share/webots_ros2_msgs/msg/WbCameraRecognitionObjects.idl
-- Installing: /home/shipengl/LRSMT/agiletaur/install/webots_ros2_msgs/share/webots_ros2_msgs/srv/SetInt.idl
-- Installing: /home/shipengl/LRSMT/agiletaur/install/webots_ros2_msgs/share/webots_ros2_msgs/msg/WbCameraRecognitionObject.msg
-- Installing: /home/shipengl/LRSMT/agiletaur/install/webots_ros2_msgs/share/webots_ros2_msgs/msg/WbCameraRecognitionObjects.msg
-- Installing: /home/shipengl/LRSMT/agiletaur/install/webots_ros2_msgs/share/webots_ros2_msgs/srv/SetInt.srv
-- Installing: /home/shipengl/LRSMT/agiletaur/install/webots_ros2_msgs/share/webots_ros2_msgs/srv/SetInt_Request.msg
-- Installing: /home/shipengl/LRSMT/agiletaur/install/webots_ros2_msgs/share/webots_ros2_msgs/srv/SetInt_Response.msg
-- Installing: /home/shipengl/LRSMT/agiletaur/install/webots_ros2_msgs/share/ament_index/resource_index/package_run_dependencies/webots_ros2_msgs
-- Installing: /home/shipengl/LRSMT/agiletaur/install/webots_ros2_msgs/share/ament_index/resource_index/parent_prefix_path/webots_ros2_msgs
-- Installing: /home/shipengl/LRSMT/agiletaur/install/webots_ros2_msgs/share/webots_ros2_msgs/environment/ament_prefix_path.sh
-- Installing: /home/shipengl/LRSMT/agiletaur/install/webots_ros2_msgs/share/webots_ros2_msgs/environment/ament_prefix_path.dsv
-- Installing: /home/shipengl/LRSMT/agiletaur/install/webots_ros2_msgs/share/webots_ros2_msgs/environment/path.sh
-- Installing: /home/shipengl/LRSMT/agiletaur/install/webots_ros2_msgs/share/webots_ros2_msgs/environment/path.dsv
-- Installing: /home/shipengl/LRSMT/agiletaur/install/webots_ros2_msgs/share/webots_ros2_msgs/local_setup.bash
-- Installing: /home/shipengl/LRSMT/agiletaur/install/webots_ros2_msgs/share/webots_ros2_msgs/local_setup.sh
-- Installing: /home/shipengl/LRSMT/agiletaur/install/webots_ros2_msgs/share/webots_ros2_msgs/local_setup.zsh
-- Installing: /home/shipengl/LRSMT/agiletaur/install/webots_ros2_msgs/share/webots_ros2_msgs/local_setup.dsv
-- Installing: /home/shipengl/LRSMT/agiletaur/install/webots_ros2_msgs/share/webots_ros2_msgs/package.dsv
-- Installing: /home/shipengl/LRSMT/agiletaur/install/webots_ros2_msgs/share/ament_index/resource_index/packages/webots_ros2_msgs
-- Installing: /home/shipengl/LRSMT/agiletaur/install/webots_ros2_msgs/share/webots_ros2_msgs/cmake/webots_ros2_msgs__rosidl_generator_cExport.cmake
-- Installing: /home/shipengl/LRSMT/agiletaur/install/webots_ros2_msgs/share/webots_ros2_msgs/cmake/webots_ros2_msgs__rosidl_generator_cExport-noconfig.cmake
-- Installing: /home/shipengl/LRSMT/agiletaur/install/webots_ros2_msgs/share/webots_ros2_msgs/cmake/webots_ros2_msgs__rosidl_typesupport_introspection_cExport.cmake
-- Installing: /home/shipengl/LRSMT/agiletaur/install/webots_ros2_msgs/share/webots_ros2_msgs/cmake/webots_ros2_msgs__rosidl_typesupport_introspection_cExport-noconfig.cmake
-- Installing: /home/shipengl/LRSMT/agiletaur/install/webots_ros2_msgs/share/webots_ros2_msgs/cmake/webots_ros2_msgs__rosidl_typesupport_cExport.cmake
-- Installing: /home/shipengl/LRSMT/agiletaur/install/webots_ros2_msgs/share/webots_ros2_msgs/cmake/webots_ros2_msgs__rosidl_typesupport_cExport-noconfig.cmake
-- Installing: /home/shipengl/LRSMT/agiletaur/install/webots_ros2_msgs/share/webots_ros2_msgs/cmake/webots_ros2_msgs__rosidl_generator_cppExport.cmake
-- Installing: /home/shipengl/LRSMT/agiletaur/install/webots_ros2_msgs/share/webots_ros2_msgs/cmake/webots_ros2_msgs__rosidl_typesupport_introspection_cppExport.cmake
-- Installing: /home/shipengl/LRSMT/agiletaur/install/webots_ros2_msgs/share/webots_ros2_msgs/cmake/webots_ros2_msgs__rosidl_typesupport_introspection_cppExport-noconfig.cmake
-- Installing: /home/shipengl/LRSMT/agiletaur/install/webots_ros2_msgs/share/webots_ros2_msgs/cmake/webots_ros2_msgs__rosidl_typesupport_cppExport.cmake
-- Installing: /home/shipengl/LRSMT/agiletaur/install/webots_ros2_msgs/share/webots_ros2_msgs/cmake/webots_ros2_msgs__rosidl_typesupport_cppExport-noconfig.cmake
-- Installing: /home/shipengl/LRSMT/agiletaur/install/webots_ros2_msgs/share/webots_ros2_msgs/cmake/rosidl_cmake-extras.cmake
-- Installing: /home/shipengl/LRSMT/agiletaur/install/webots_ros2_msgs/share/webots_ros2_msgs/cmake/ament_cmake_export_dependencies-extras.cmake
-- Installing: /home/shipengl/LRSMT/agiletaur/install/webots_ros2_msgs/share/webots_ros2_msgs/cmake/ament_cmake_export_libraries-extras.cmake
-- Installing: /home/shipengl/LRSMT/agiletaur/install/webots_ros2_msgs/share/webots_ros2_msgs/cmake/ament_cmake_export_targets-extras.cmake
-- Installing: /home/shipengl/LRSMT/agiletaur/install/webots_ros2_msgs/share/webots_ros2_msgs/cmake/ament_cmake_export_include_directories-extras.cmake
-- Installing: /home/shipengl/LRSMT/agiletaur/install/webots_ros2_msgs/share/webots_ros2_msgs/cmake/rosidl_cmake_export_typesupport_libraries-extras.cmake
-- Installing: /home/shipengl/LRSMT/agiletaur/install/webots_ros2_msgs/share/webots_ros2_msgs/cmake/rosidl_cmake_export_typesupport_targets-extras.cmake
-- Installing: /home/shipengl/LRSMT/agiletaur/install/webots_ros2_msgs/share/webots_ros2_msgs/cmake/webots_ros2_msgsConfig.cmake
-- Installing: /home/shipengl/LRSMT/agiletaur/install/webots_ros2_msgs/share/webots_ros2_msgs/cmake/webots_ros2_msgsConfig-version.cmake
-- Installing: /home/shipengl/LRSMT/agiletaur/install/webots_ros2_msgs/share/webots_ros2_msgs/package.xml
