[ 50%] Built target webots_ros2_control
[100%] Built target webots_ros2_control_system
-- Install configuration: ""
-- Up-to-date: /home/shipengl/LRSMT/agiletaur/src/install/webots_ros2_control/share/webots_ros2_control/webots_ros2_control.xml
-- Up-to-date: /home/shipengl/LRSMT/agiletaur/src/install/webots_ros2_control/share/webots_ros2_control/webots_ros2_control_system.xml
-- Up-to-date: /home/shipengl/LRSMT/agiletaur/src/install/webots_ros2_control/lib/libwebots_ros2_control.so
-- Up-to-date: /home/shipengl/LRSMT/agiletaur/src/install/webots_ros2_control/lib/libwebots_ros2_control_system.so
-- Up-to-date: /home/shipengl/LRSMT/agiletaur/src/install/webots_ros2_control/share/webots_ros2_control/environment/library_path.sh
-- Up-to-date: /home/shipengl/LRSMT/agiletaur/src/install/webots_ros2_control/share/webots_ros2_control/environment/library_path.dsv
-- Up-to-date: /home/shipengl/LRSMT/agiletaur/src/install/webots_ros2_control/share/ament_index/resource_index/package_run_dependencies/webots_ros2_control
-- Up-to-date: /home/shipengl/LRSMT/agiletaur/src/install/webots_ros2_control/share/ament_index/resource_index/parent_prefix_path/webots_ros2_control
-- Up-to-date: /home/shipengl/LRSMT/agiletaur/src/install/webots_ros2_control/share/webots_ros2_control/environment/ament_prefix_path.sh
-- Up-to-date: /home/shipengl/LRSMT/agiletaur/src/install/webots_ros2_control/share/webots_ros2_control/environment/ament_prefix_path.dsv
-- Up-to-date: /home/shipengl/LRSMT/agiletaur/src/install/webots_ros2_control/share/webots_ros2_control/environment/path.sh
-- Up-to-date: /home/shipengl/LRSMT/agiletaur/src/install/webots_ros2_control/share/webots_ros2_control/environment/path.dsv
-- Up-to-date: /home/shipengl/LRSMT/agiletaur/src/install/webots_ros2_control/share/webots_ros2_control/local_setup.bash
-- Up-to-date: /home/shipengl/LRSMT/agiletaur/src/install/webots_ros2_control/share/webots_ros2_control/local_setup.sh
-- Up-to-date: /home/shipengl/LRSMT/agiletaur/src/install/webots_ros2_control/share/webots_ros2_control/local_setup.zsh
-- Up-to-date: /home/shipengl/LRSMT/agiletaur/src/install/webots_ros2_control/share/webots_ros2_control/local_setup.dsv
-- Installing: /home/shipengl/LRSMT/agiletaur/src/install/webots_ros2_control/share/webots_ros2_control/package.dsv
-- Up-to-date: /home/shipengl/LRSMT/agiletaur/src/install/webots_ros2_control/share/ament_index/resource_index/packages/webots_ros2_control
-- Up-to-date: /home/shipengl/LRSMT/agiletaur/src/install/webots_ros2_control/share/ament_index/resource_index/webots_ros2_driver__pluginlib__plugin/webots_ros2_control
-- Up-to-date: /home/shipengl/LRSMT/agiletaur/src/install/webots_ros2_control/share/ament_index/resource_index/webots_ros2_control__pluginlib__plugin/webots_ros2_control
-- Up-to-date: /home/shipengl/LRSMT/agiletaur/src/install/webots_ros2_control/share/webots_ros2_control/cmake/ament_cmake_export_include_directories-extras.cmake
-- Up-to-date: /home/shipengl/LRSMT/agiletaur/src/install/webots_ros2_control/share/webots_ros2_control/cmake/ament_cmake_export_dependencies-extras.cmake
-- Up-to-date: /home/shipengl/LRSMT/agiletaur/src/install/webots_ros2_control/share/webots_ros2_control/cmake/ament_cmake_export_libraries-extras.cmake
-- Up-to-date: /home/shipengl/LRSMT/agiletaur/src/install/webots_ros2_control/share/webots_ros2_control/cmake/webots_ros2_controlConfig.cmake
-- Up-to-date: /home/shipengl/LRSMT/agiletaur/src/install/webots_ros2_control/share/webots_ros2_control/cmake/webots_ros2_controlConfig-version.cmake
-- Up-to-date: /home/shipengl/LRSMT/agiletaur/src/install/webots_ros2_control/share/webots_ros2_control/package.xml
