[0.011s] Invoking command in '/home/shipengl/LRSMT/agiletaur/build/webots_ros2_driver': CMAKE_PREFIX_PATH=/home/shipengl/LRSMT/agiletaur/install/webots_ros2_msgs:/home/shipengl/LRSMT/agiletaur/install/webots_simulation_assets:/home/shipengl/LRSMT/agiletaur/install/webots_ros2_control:/home/shipengl/LRSMT/agiletaur/install/webots_ros2_driver:/home/shipengl/LRSMT/agiletaur/install/webots_description:/home/shipengl/LRSMT/agiletaur/install/webots_bringup:/home/shipengl/LRSMT/agiletaur/install/odrive_ros2_control:/home/shipengl/LRSMT/agiletaur/install/odrive_hardware_interface:/home/shipengl/LRSMT/agiletaur/install/odrive_bringup:/home/shipengl/LRSMT/agiletaur/install/odrive_description:/home/shipengl/LRSMT/agiletaur/install/agiletaur_launcher:/home/shipengl/LRSMT/agiletaur/install/agiletaur_controller:/home/shipengl/LRSMT/agiletaur/install/webots_ros2_epuck:/opt/ros/foxy LD_LIBRARY_PATH=/home/shipengl/LRSMT/agiletaur/install/webots_ros2_msgs/lib:/home/shipengl/LRSMT/agiletaur/install/webots_ros2_control/lib:/home/shipengl/LRSMT/agiletaur/install/webots_ros2_driver/lib:/home/shipengl/LRSMT/agiletaur/install/odrive_hardware_interface/lib:/opt/ros/foxy/opt/yaml_cpp_vendor/lib:/opt/ros/foxy/opt/rviz_ogre_vendor/lib:/opt/ros/foxy/lib/x86_64-linux-gnu:/opt/ros/foxy/lib PYTHONPATH=/home/shipengl/LRSMT/agiletaur/install/webots_ros2_msgs/lib/python3.8/site-packages:/home/shipengl/LRSMT/agiletaur/install/webots_ros2_epuck/lib/python3.8/site-packages:/home/shipengl/LRSMT/agiletaur/install/webots_ros2_driver/lib/python3.8/site-packages:/opt/ros/foxy/lib/python3.8/site-packages /usr/bin/cmake /home/shipengl/LRSMT/agiletaur/src/webots_ros2_control/webots_ros2_driver -DCMAKE_INSTALL_PREFIX=/home/shipengl/LRSMT/agiletaur/install/webots_ros2_driver
[0.058s] -- The C compiler identification is GNU 9.3.0
[0.104s] -- The CXX compiler identification is GNU 9.3.0
[0.109s] -- Check for working C compiler: /usr/bin/cc
[0.161s] -- Check for working C compiler: /usr/bin/cc -- works
[0.162s] -- Detecting C compiler ABI info
[0.219s] -- Detecting C compiler ABI info - done
[0.231s] -- Detecting C compile features
[0.231s] -- Detecting C compile features - done
[0.233s] -- Check for working CXX compiler: /usr/bin/c++
[0.299s] -- Check for working CXX compiler: /usr/bin/c++ -- works
[0.300s] -- Detecting CXX compiler ABI info
[0.372s] -- Detecting CXX compiler ABI info - done
[0.383s] -- Detecting CXX compile features
[0.384s] -- Detecting CXX compile features - done
[0.386s] -- Found ament_cmake: 0.9.9 (/opt/ros/foxy/share/ament_cmake/cmake)
[0.413s] -- Found PythonInterp: /usr/bin/python3 (found suitable version "3.8.10", minimum required is "3") 
[0.413s] -- Using PYTHON_EXECUTABLE: /usr/bin/python3
[0.605s] -- Found rosgraph_msgs: 1.0.0 (/opt/ros/foxy/share/rosgraph_msgs/cmake)
[0.632s] -- Using all available rosidl_typesupport_c: rosidl_typesupport_fastrtps_c;rosidl_typesupport_introspection_c
[0.640s] -- Found rosidl_adapter: 1.2.1 (/opt/ros/foxy/share/rosidl_adapter/cmake)
[0.701s] -- Found OpenSSL: /usr/lib/x86_64-linux-gnu/libcrypto.so (found version "1.1.1f")  
[0.725s] -- Found FastRTPS: /opt/ros/foxy/include  
[0.792s] -- Using all available rosidl_typesupport_cpp: rosidl_typesupport_fastrtps_cpp;rosidl_typesupport_introspection_cpp
[0.836s] -- Found rclcpp: 2.4.0 (/opt/ros/foxy/share/rclcpp/cmake)
[0.876s] -- Found rmw_implementation_cmake: 1.0.3 (/opt/ros/foxy/share/rmw_implementation_cmake/cmake)
[0.878s] -- Using RMW implementation 'rmw_fastrtps_cpp' as default
[0.879s] -- Looking for pthread.h
[0.931s] -- Looking for pthread.h - found
[0.931s] -- Performing Test CMAKE_HAVE_LIBC_PTHREAD
[0.989s] -- Performing Test CMAKE_HAVE_LIBC_PTHREAD - Failed
[0.989s] -- Looking for pthread_create in pthreads
[1.032s] -- Looking for pthread_create in pthreads - not found
[1.032s] -- Looking for pthread_create in pthread
[1.092s] -- Looking for pthread_create in pthread - found
[1.092s] -- Found Threads: TRUE  
[1.229s] -- Found pluginlib: 2.5.3 (/opt/ros/foxy/share/pluginlib/cmake)
[1.252s] -- Found rclcpp_lifecycle: 2.4.0 (/opt/ros/foxy/share/rclcpp_lifecycle/cmake)
[1.279s] -- Found sensor_msgs: 2.0.4 (/opt/ros/foxy/share/sensor_msgs/cmake)
[1.375s] -- Found tf2_ros: 0.13.12 (/opt/ros/foxy/share/tf2_ros/cmake)
[1.675s] -- Found vision_msgs: 2.0.0 (/opt/ros/foxy/share/vision_msgs/cmake)
[1.777s] -- Found webots_ros2_msgs: 1.1.3 (/home/shipengl/LRSMT/agiletaur/install/webots_ros2_msgs/share/webots_ros2_msgs/cmake)
[1.950s] -- Found TinyXML2: /usr/lib/x86_64-linux-gnu/libtinyxml2.so  
[1.955s] -- Found PythonLibs: /usr/lib/x86_64-linux-gnu/libpython3.8.so (found suitable exact version "3.8.10") 
[2.074s] -- Configuring done
[2.097s] -- Generating done
[2.098s] -- Build files have been written to: /home/shipengl/LRSMT/agiletaur/build/webots_ros2_driver
[2.108s] Invoked command in '/home/shipengl/LRSMT/agiletaur/build/webots_ros2_driver' returned '0': CMAKE_PREFIX_PATH=/home/shipengl/LRSMT/agiletaur/install/webots_ros2_msgs:/home/shipengl/LRSMT/agiletaur/install/webots_simulation_assets:/home/shipengl/LRSMT/agiletaur/install/webots_ros2_control:/home/shipengl/LRSMT/agiletaur/install/webots_ros2_driver:/home/shipengl/LRSMT/agiletaur/install/webots_description:/home/shipengl/LRSMT/agiletaur/install/webots_bringup:/home/shipengl/LRSMT/agiletaur/install/odrive_ros2_control:/home/shipengl/LRSMT/agiletaur/install/odrive_hardware_interface:/home/shipengl/LRSMT/agiletaur/install/odrive_bringup:/home/shipengl/LRSMT/agiletaur/install/odrive_description:/home/shipengl/LRSMT/agiletaur/install/agiletaur_launcher:/home/shipengl/LRSMT/agiletaur/install/agiletaur_controller:/home/shipengl/LRSMT/agiletaur/install/webots_ros2_epuck:/opt/ros/foxy LD_LIBRARY_PATH=/home/shipengl/LRSMT/agiletaur/install/webots_ros2_msgs/lib:/home/shipengl/LRSMT/agiletaur/install/webots_ros2_control/lib:/home/shipengl/LRSMT/agiletaur/install/webots_ros2_driver/lib:/home/shipengl/LRSMT/agiletaur/install/odrive_hardware_interface/lib:/opt/ros/foxy/opt/yaml_cpp_vendor/lib:/opt/ros/foxy/opt/rviz_ogre_vendor/lib:/opt/ros/foxy/lib/x86_64-linux-gnu:/opt/ros/foxy/lib PYTHONPATH=/home/shipengl/LRSMT/agiletaur/install/webots_ros2_msgs/lib/python3.8/site-packages:/home/shipengl/LRSMT/agiletaur/install/webots_ros2_epuck/lib/python3.8/site-packages:/home/shipengl/LRSMT/agiletaur/install/webots_ros2_driver/lib/python3.8/site-packages:/opt/ros/foxy/lib/python3.8/site-packages /usr/bin/cmake /home/shipengl/LRSMT/agiletaur/src/webots_ros2_control/webots_ros2_driver -DCMAKE_INSTALL_PREFIX=/home/shipengl/LRSMT/agiletaur/install/webots_ros2_driver
[2.110s] Invoking command in '/home/shipengl/LRSMT/agiletaur/build/webots_ros2_driver': CMAKE_PREFIX_PATH=/home/shipengl/LRSMT/agiletaur/install/webots_ros2_msgs:/home/shipengl/LRSMT/agiletaur/install/webots_simulation_assets:/home/shipengl/LRSMT/agiletaur/install/webots_ros2_control:/home/shipengl/LRSMT/agiletaur/install/webots_ros2_driver:/home/shipengl/LRSMT/agiletaur/install/webots_description:/home/shipengl/LRSMT/agiletaur/install/webots_bringup:/home/shipengl/LRSMT/agiletaur/install/odrive_ros2_control:/home/shipengl/LRSMT/agiletaur/install/odrive_hardware_interface:/home/shipengl/LRSMT/agiletaur/install/odrive_bringup:/home/shipengl/LRSMT/agiletaur/install/odrive_description:/home/shipengl/LRSMT/agiletaur/install/agiletaur_launcher:/home/shipengl/LRSMT/agiletaur/install/agiletaur_controller:/home/shipengl/LRSMT/agiletaur/install/webots_ros2_epuck:/opt/ros/foxy LD_LIBRARY_PATH=/home/shipengl/LRSMT/agiletaur/install/webots_ros2_msgs/lib:/home/shipengl/LRSMT/agiletaur/install/webots_ros2_control/lib:/home/shipengl/LRSMT/agiletaur/install/webots_ros2_driver/lib:/home/shipengl/LRSMT/agiletaur/install/odrive_hardware_interface/lib:/opt/ros/foxy/opt/yaml_cpp_vendor/lib:/opt/ros/foxy/opt/rviz_ogre_vendor/lib:/opt/ros/foxy/lib/x86_64-linux-gnu:/opt/ros/foxy/lib PYTHONPATH=/home/shipengl/LRSMT/agiletaur/install/webots_ros2_msgs/lib/python3.8/site-packages:/home/shipengl/LRSMT/agiletaur/install/webots_ros2_epuck/lib/python3.8/site-packages:/home/shipengl/LRSMT/agiletaur/install/webots_ros2_driver/lib/python3.8/site-packages:/opt/ros/foxy/lib/python3.8/site-packages /usr/bin/cmake --build /home/shipengl/LRSMT/agiletaur/build/webots_ros2_driver -- -j16 -l16
[2.140s] [35m[1mScanning dependencies of target driver[0m
[2.140s] [35m[1mScanning dependencies of target webots_ros2_driver_imu[0m
[2.181s] [ 16%] [32mBuilding CXX object CMakeFiles/webots_ros2_driver_imu.dir/src/utils/Utils.cpp.o[0m
[2.182s] [ 16%] [32mBuilding CXX object CMakeFiles/webots_ros2_driver_imu.dir/src/plugins/Ros2SensorPlugin.cpp.o[0m
[2.182s] [ 16%] [32mBuilding CXX object CMakeFiles/webots_ros2_driver_imu.dir/src/plugins/dynamic/Ros2IMU.cpp.o[0m
[2.242s] [ 22%] [32mBuilding CXX object CMakeFiles/driver.dir/src/Driver.cpp.o[0m
[2.250s] [ 27%] [32mBuilding CXX object CMakeFiles/driver.dir/src/WebotsNode.cpp.o[0m
[2.250s] [ 33%] [32mBuilding CXX object CMakeFiles/driver.dir/src/PythonPlugin.cpp.o[0m
[2.264s] [ 38%] [32mBuilding CXX object CMakeFiles/driver.dir/src/plugins/static/Ros2Lidar.cpp.o[0m
[2.264s] [ 44%] [32mBuilding CXX object CMakeFiles/driver.dir/src/plugins/Ros2SensorPlugin.cpp.o[0m
[2.272s] [ 50%] [32mBuilding CXX object CMakeFiles/driver.dir/src/plugins/static/Ros2LED.cpp.o[0m
[2.273s] [ 55%] [32mBuilding CXX object CMakeFiles/driver.dir/src/plugins/static/Ros2Camera.cpp.o[0m
[2.278s] [ 61%] [32mBuilding CXX object CMakeFiles/driver.dir/src/plugins/static/Ros2GPS.cpp.o[0m
[2.290s] [ 66%] [32mBuilding CXX object CMakeFiles/driver.dir/src/plugins/static/Ros2RangeFinder.cpp.o[0m
[2.291s] [ 72%] [32mBuilding CXX object CMakeFiles/driver.dir/src/plugins/static/Ros2DistanceSensor.cpp.o[0m
[2.304s] [ 77%] [32mBuilding CXX object CMakeFiles/driver.dir/src/plugins/static/Ros2LightSensor.cpp.o[0m
[2.352s] [ 83%] [32mBuilding CXX object CMakeFiles/driver.dir/src/utils/Math.cpp.o[0m
[2.361s] [ 88%] [32mBuilding CXX object CMakeFiles/driver.dir/src/utils/Utils.cpp.o[0m
[8.221s] [ 94%] [32m[1mLinking CXX shared library libwebots_ros2_driver_imu.so[0m
[8.402s] [ 94%] Built target webots_ros2_driver_imu
[11.380s] [100%] [32m[1mLinking CXX executable driver[0m
[11.953s] [100%] Built target driver
[11.963s] Invoked command in '/home/shipengl/LRSMT/agiletaur/build/webots_ros2_driver' returned '0': CMAKE_PREFIX_PATH=/home/shipengl/LRSMT/agiletaur/install/webots_ros2_msgs:/home/shipengl/LRSMT/agiletaur/install/webots_simulation_assets:/home/shipengl/LRSMT/agiletaur/install/webots_ros2_control:/home/shipengl/LRSMT/agiletaur/install/webots_ros2_driver:/home/shipengl/LRSMT/agiletaur/install/webots_description:/home/shipengl/LRSMT/agiletaur/install/webots_bringup:/home/shipengl/LRSMT/agiletaur/install/odrive_ros2_control:/home/shipengl/LRSMT/agiletaur/install/odrive_hardware_interface:/home/shipengl/LRSMT/agiletaur/install/odrive_bringup:/home/shipengl/LRSMT/agiletaur/install/odrive_description:/home/shipengl/LRSMT/agiletaur/install/agiletaur_launcher:/home/shipengl/LRSMT/agiletaur/install/agiletaur_controller:/home/shipengl/LRSMT/agiletaur/install/webots_ros2_epuck:/opt/ros/foxy LD_LIBRARY_PATH=/home/shipengl/LRSMT/agiletaur/install/webots_ros2_msgs/lib:/home/shipengl/LRSMT/agiletaur/install/webots_ros2_control/lib:/home/shipengl/LRSMT/agiletaur/install/webots_ros2_driver/lib:/home/shipengl/LRSMT/agiletaur/install/odrive_hardware_interface/lib:/opt/ros/foxy/opt/yaml_cpp_vendor/lib:/opt/ros/foxy/opt/rviz_ogre_vendor/lib:/opt/ros/foxy/lib/x86_64-linux-gnu:/opt/ros/foxy/lib PYTHONPATH=/home/shipengl/LRSMT/agiletaur/install/webots_ros2_msgs/lib/python3.8/site-packages:/home/shipengl/LRSMT/agiletaur/install/webots_ros2_epuck/lib/python3.8/site-packages:/home/shipengl/LRSMT/agiletaur/install/webots_ros2_driver/lib/python3.8/site-packages:/opt/ros/foxy/lib/python3.8/site-packages /usr/bin/cmake --build /home/shipengl/LRSMT/agiletaur/build/webots_ros2_driver -- -j16 -l16
[11.994s] Invoking command in '/home/shipengl/LRSMT/agiletaur/build/webots_ros2_driver': CMAKE_PREFIX_PATH=/home/shipengl/LRSMT/agiletaur/install/webots_ros2_msgs:/home/shipengl/LRSMT/agiletaur/install/webots_simulation_assets:/home/shipengl/LRSMT/agiletaur/install/webots_ros2_control:/home/shipengl/LRSMT/agiletaur/install/webots_ros2_driver:/home/shipengl/LRSMT/agiletaur/install/webots_description:/home/shipengl/LRSMT/agiletaur/install/webots_bringup:/home/shipengl/LRSMT/agiletaur/install/odrive_ros2_control:/home/shipengl/LRSMT/agiletaur/install/odrive_hardware_interface:/home/shipengl/LRSMT/agiletaur/install/odrive_bringup:/home/shipengl/LRSMT/agiletaur/install/odrive_description:/home/shipengl/LRSMT/agiletaur/install/agiletaur_launcher:/home/shipengl/LRSMT/agiletaur/install/agiletaur_controller:/home/shipengl/LRSMT/agiletaur/install/webots_ros2_epuck:/opt/ros/foxy LD_LIBRARY_PATH=/home/shipengl/LRSMT/agiletaur/install/webots_ros2_msgs/lib:/home/shipengl/LRSMT/agiletaur/install/webots_ros2_control/lib:/home/shipengl/LRSMT/agiletaur/install/webots_ros2_driver/lib:/home/shipengl/LRSMT/agiletaur/install/odrive_hardware_interface/lib:/opt/ros/foxy/opt/yaml_cpp_vendor/lib:/opt/ros/foxy/opt/rviz_ogre_vendor/lib:/opt/ros/foxy/lib/x86_64-linux-gnu:/opt/ros/foxy/lib PYTHONPATH=/home/shipengl/LRSMT/agiletaur/install/webots_ros2_msgs/lib/python3.8/site-packages:/home/shipengl/LRSMT/agiletaur/install/webots_ros2_epuck/lib/python3.8/site-packages:/home/shipengl/LRSMT/agiletaur/install/webots_ros2_driver/lib/python3.8/site-packages:/opt/ros/foxy/lib/python3.8/site-packages /usr/bin/cmake --install /home/shipengl/LRSMT/agiletaur/build/webots_ros2_driver
[12.001s] -- Install configuration: ""
[12.001s] -- Installing: /home/shipengl/LRSMT/agiletaur/install/webots_ros2_driver/share/webots_ros2_driver/environment/pythonpath.sh
[12.002s] -- Installing: /home/shipengl/LRSMT/agiletaur/install/webots_ros2_driver/share/webots_ros2_driver/environment/pythonpath.dsv
[12.002s] -- Installing: /home/shipengl/LRSMT/agiletaur/install/webots_ros2_driver/lib/python3.8/site-packages/webots_ros2_driver_webots
[12.002s] -- Installing: /home/shipengl/LRSMT/agiletaur/install/webots_ros2_driver/lib/python3.8/site-packages/webots_ros2_driver_webots/_vehicle.so
[12.002s] -- Installing: /home/shipengl/LRSMT/agiletaur/install/webots_ros2_driver/lib/python3.8/site-packages/webots_ros2_driver_webots/__init__.py
[12.002s] -- Installing: /home/shipengl/LRSMT/agiletaur/install/webots_ros2_driver/lib/python3.8/site-packages/webots_ros2_driver_webots/controller.py
[12.002s] -- Installing: /home/shipengl/LRSMT/agiletaur/install/webots_ros2_driver/lib/python3.8/site-packages/webots_ros2_driver_webots/vehicle.py
[12.002s] -- Installing: /home/shipengl/LRSMT/agiletaur/install/webots_ros2_driver/lib/python3.8/site-packages/webots_ros2_driver_webots/_controller.so
[12.043s] Listing '/home/shipengl/LRSMT/agiletaur/install/webots_ros2_driver/lib/python3.8/site-packages/webots_ros2_driver_webots'...
[12.043s] Compiling '/home/shipengl/LRSMT/agiletaur/install/webots_ros2_driver/lib/python3.8/site-packages/webots_ros2_driver_webots/__init__.py'...
[12.043s] Compiling '/home/shipengl/LRSMT/agiletaur/install/webots_ros2_driver/lib/python3.8/site-packages/webots_ros2_driver_webots/controller.py'...
[12.043s] Compiling '/home/shipengl/LRSMT/agiletaur/install/webots_ros2_driver/lib/python3.8/site-packages/webots_ros2_driver_webots/vehicle.py'...
[12.046s] -- Installing: /home/shipengl/LRSMT/agiletaur/install/webots_ros2_driver/lib/python3.8/site-packages/webots_ros2_driver
[12.047s] -- Installing: /home/shipengl/LRSMT/agiletaur/install/webots_ros2_driver/lib/python3.8/site-packages/webots_ros2_driver/utils.py
[12.047s] -- Installing: /home/shipengl/LRSMT/agiletaur/install/webots_ros2_driver/lib/python3.8/site-packages/webots_ros2_driver/webots_launcher.py
[12.047s] -- Installing: /home/shipengl/LRSMT/agiletaur/install/webots_ros2_driver/lib/python3.8/site-packages/webots_ros2_driver/__init__.py
[12.071s] Listing '/home/shipengl/LRSMT/agiletaur/install/webots_ros2_driver/lib/python3.8/site-packages/webots_ros2_driver'...
[12.072s] Compiling '/home/shipengl/LRSMT/agiletaur/install/webots_ros2_driver/lib/python3.8/site-packages/webots_ros2_driver/__init__.py'...
[12.072s] Compiling '/home/shipengl/LRSMT/agiletaur/install/webots_ros2_driver/lib/python3.8/site-packages/webots_ros2_driver/utils.py'...
[12.072s] Compiling '/home/shipengl/LRSMT/agiletaur/install/webots_ros2_driver/lib/python3.8/site-packages/webots_ros2_driver/webots_launcher.py'...
[12.074s] -- Installing: /home/shipengl/LRSMT/agiletaur/install/webots_ros2_driver/include
[12.075s] -- Installing: /home/shipengl/LRSMT/agiletaur/install/webots_ros2_driver/include/webots_ros2_driver
[12.075s] -- Installing: /home/shipengl/LRSMT/agiletaur/install/webots_ros2_driver/include/webots_ros2_driver/plugins
[12.075s] -- Installing: /home/shipengl/LRSMT/agiletaur/install/webots_ros2_driver/include/webots_ros2_driver/plugins/static
[12.075s] -- Installing: /home/shipengl/LRSMT/agiletaur/install/webots_ros2_driver/include/webots_ros2_driver/plugins/static/Ros2LED.hpp
[12.075s] -- Installing: /home/shipengl/LRSMT/agiletaur/install/webots_ros2_driver/include/webots_ros2_driver/plugins/static/Ros2Lidar.hpp
[12.075s] -- Installing: /home/shipengl/LRSMT/agiletaur/install/webots_ros2_driver/include/webots_ros2_driver/plugins/static/Ros2LightSensor.hpp
[12.075s] -- Installing: /home/shipengl/LRSMT/agiletaur/install/webots_ros2_driver/include/webots_ros2_driver/plugins/static/Ros2Camera.hpp
[12.075s] -- Installing: /home/shipengl/LRSMT/agiletaur/install/webots_ros2_driver/include/webots_ros2_driver/plugins/static/Ros2DistanceSensor.hpp
[12.076s] -- Installing: /home/shipengl/LRSMT/agiletaur/install/webots_ros2_driver/include/webots_ros2_driver/plugins/static/Ros2RangeFinder.hpp
[12.076s] -- Installing: /home/shipengl/LRSMT/agiletaur/install/webots_ros2_driver/include/webots_ros2_driver/plugins/static/Ros2GPS.hpp
[12.076s] -- Installing: /home/shipengl/LRSMT/agiletaur/install/webots_ros2_driver/include/webots_ros2_driver/plugins/Ros2SensorPlugin.hpp
[12.076s] -- Installing: /home/shipengl/LRSMT/agiletaur/install/webots_ros2_driver/include/webots_ros2_driver/plugins/dynamic
[12.076s] -- Installing: /home/shipengl/LRSMT/agiletaur/install/webots_ros2_driver/include/webots_ros2_driver/plugins/dynamic/Ros2IMU.hpp
[12.076s] -- Installing: /home/shipengl/LRSMT/agiletaur/install/webots_ros2_driver/include/webots_ros2_driver/WebotsNode.hpp
[12.076s] -- Installing: /home/shipengl/LRSMT/agiletaur/install/webots_ros2_driver/include/webots_ros2_driver/utils
[12.076s] -- Installing: /home/shipengl/LRSMT/agiletaur/install/webots_ros2_driver/include/webots_ros2_driver/utils/Math.hpp
[12.076s] -- Installing: /home/shipengl/LRSMT/agiletaur/install/webots_ros2_driver/include/webots_ros2_driver/utils/Utils.hpp
[12.076s] -- Installing: /home/shipengl/LRSMT/agiletaur/install/webots_ros2_driver/include/webots_ros2_driver/PluginInterface.hpp
[12.076s] -- Installing: /home/shipengl/LRSMT/agiletaur/install/webots_ros2_driver/include/webots_ros2_driver/PythonPlugin.hpp
[12.076s] -- Installing: /home/shipengl/LRSMT/agiletaur/install/webots_ros2_driver/lib/webots_ros2_driver/driver
[12.080s] -- Set runtime path of "/home/shipengl/LRSMT/agiletaur/install/webots_ros2_driver/lib/webots_ros2_driver/driver" to ""
[12.080s] -- Installing: /home/shipengl/LRSMT/agiletaur/install/webots_ros2_driver/include/webots_ros2_driver/webots_ros2_driver
[12.080s] -- Installing: /home/shipengl/LRSMT/agiletaur/install/webots_ros2_driver/include/webots_ros2_driver/webots_ros2_driver/plugins
[12.080s] -- Installing: /home/shipengl/LRSMT/agiletaur/install/webots_ros2_driver/include/webots_ros2_driver/webots_ros2_driver/plugins/static
[12.080s] -- Installing: /home/shipengl/LRSMT/agiletaur/install/webots_ros2_driver/include/webots_ros2_driver/webots_ros2_driver/plugins/static/Ros2LED.hpp
[12.080s] -- Installing: /home/shipengl/LRSMT/agiletaur/install/webots_ros2_driver/include/webots_ros2_driver/webots_ros2_driver/plugins/static/Ros2Lidar.hpp
[12.080s] -- Installing: /home/shipengl/LRSMT/agiletaur/install/webots_ros2_driver/include/webots_ros2_driver/webots_ros2_driver/plugins/static/Ros2LightSensor.hpp
[12.080s] -- Installing: /home/shipengl/LRSMT/agiletaur/install/webots_ros2_driver/include/webots_ros2_driver/webots_ros2_driver/plugins/static/Ros2Camera.hpp
[12.080s] -- Installing: /home/shipengl/LRSMT/agiletaur/install/webots_ros2_driver/include/webots_ros2_driver/webots_ros2_driver/plugins/static/Ros2DistanceSensor.hpp
[12.080s] -- Installing: /home/shipengl/LRSMT/agiletaur/install/webots_ros2_driver/include/webots_ros2_driver/webots_ros2_driver/plugins/static/Ros2RangeFinder.hpp
[12.081s] -- Installing: /home/shipengl/LRSMT/agiletaur/install/webots_ros2_driver/include/webots_ros2_driver/webots_ros2_driver/plugins/static/Ros2GPS.hpp
[12.081s] -- Installing: /home/shipengl/LRSMT/agiletaur/install/webots_ros2_driver/include/webots_ros2_driver/webots_ros2_driver/plugins/Ros2SensorPlugin.hpp
[12.081s] -- Installing: /home/shipengl/LRSMT/agiletaur/install/webots_ros2_driver/include/webots_ros2_driver/webots_ros2_driver/plugins/dynamic
[12.081s] -- Installing: /home/shipengl/LRSMT/agiletaur/install/webots_ros2_driver/include/webots_ros2_driver/webots_ros2_driver/plugins/dynamic/Ros2IMU.hpp
[12.081s] -- Installing: /home/shipengl/LRSMT/agiletaur/install/webots_ros2_driver/include/webots_ros2_driver/webots_ros2_driver/WebotsNode.hpp
[12.081s] -- Installing: /home/shipengl/LRSMT/agiletaur/install/webots_ros2_driver/include/webots_ros2_driver/webots_ros2_driver/utils
[12.081s] -- Installing: /home/shipengl/LRSMT/agiletaur/install/webots_ros2_driver/include/webots_ros2_driver/webots_ros2_driver/utils/Math.hpp
[12.081s] -- Installing: /home/shipengl/LRSMT/agiletaur/install/webots_ros2_driver/include/webots_ros2_driver/webots_ros2_driver/utils/Utils.hpp
[12.081s] -- Installing: /home/shipengl/LRSMT/agiletaur/install/webots_ros2_driver/include/webots_ros2_driver/webots_ros2_driver/PluginInterface.hpp
[12.081s] -- Installing: /home/shipengl/LRSMT/agiletaur/install/webots_ros2_driver/include/webots_ros2_driver/webots_ros2_driver/PythonPlugin.hpp
[12.081s] -- Installing: /home/shipengl/LRSMT/agiletaur/install/webots_ros2_driver/include/webots/c
[12.081s] -- Installing: /home/shipengl/LRSMT/agiletaur/install/webots_ros2_driver/include/webots/c/webots
[12.081s] -- Installing: /home/shipengl/LRSMT/agiletaur/install/webots_ros2_driver/include/webots/c/webots/led.h
[12.082s] -- Installing: /home/shipengl/LRSMT/agiletaur/install/webots_ros2_driver/include/webots/c/webots/device.h
[12.082s] -- Installing: /home/shipengl/LRSMT/agiletaur/install/webots_ros2_driver/include/webots/c/webots/emitter.h
[12.082s] -- Installing: /home/shipengl/LRSMT/agiletaur/install/webots_ros2_driver/include/webots/c/webots/robot.h
[12.082s] -- Installing: /home/shipengl/LRSMT/agiletaur/install/webots_ros2_driver/include/webots/c/webots/supervisor.h
[12.082s] -- Installing: /home/shipengl/LRSMT/agiletaur/install/webots_ros2_driver/include/webots/c/webots/skin.h
[12.082s] -- Installing: /home/shipengl/LRSMT/agiletaur/install/webots_ros2_driver/include/webots/c/webots/lidar_point.h
[12.082s] -- Installing: /home/shipengl/LRSMT/agiletaur/install/webots_ros2_driver/include/webots/c/webots/inertial_unit.h
[12.082s] -- Installing: /home/shipengl/LRSMT/agiletaur/install/webots_ros2_driver/include/webots/c/webots/joystick.h
[12.082s] -- Installing: /home/shipengl/LRSMT/agiletaur/install/webots_ros2_driver/include/webots/c/webots/camera_recognition_object.h
[12.082s] -- Installing: /home/shipengl/LRSMT/agiletaur/install/webots_ros2_driver/include/webots/c/webots/pen.h
[12.082s] -- Installing: /home/shipengl/LRSMT/agiletaur/install/webots_ros2_driver/include/webots/c/webots/range_finder.h
[12.082s] -- Installing: /home/shipengl/LRSMT/agiletaur/install/webots_ros2_driver/include/webots/c/webots/mouse_state.h
[12.083s] -- Installing: /home/shipengl/LRSMT/agiletaur/install/webots_ros2_driver/include/webots/c/webots/radio.h
[12.083s] -- Installing: /home/shipengl/LRSMT/agiletaur/install/webots_ros2_driver/include/webots/c/webots/position_sensor.h
[12.083s] -- Installing: /home/shipengl/LRSMT/agiletaur/install/webots_ros2_driver/include/webots/c/webots/contact_point.h
[12.083s] -- Installing: /home/shipengl/LRSMT/agiletaur/install/webots_ros2_driver/include/webots/c/webots/plugins
[12.083s] -- Installing: /home/shipengl/LRSMT/agiletaur/install/webots_ros2_driver/include/webots/c/webots/plugins/robot_window
[12.083s] -- Installing: /home/shipengl/LRSMT/agiletaur/install/webots_ros2_driver/include/webots/c/webots/plugins/robot_window/default.h
[12.083s] -- Installing: /home/shipengl/LRSMT/agiletaur/install/webots_ros2_driver/include/webots/c/webots/plugins/robot_window/generic_robot_window
[12.083s] -- Installing: /home/shipengl/LRSMT/agiletaur/install/webots_ros2_driver/include/webots/c/webots/plugins/robot_window/generic_robot_window/generic.h
[12.083s] -- Installing: /home/shipengl/LRSMT/agiletaur/install/webots_ros2_driver/include/webots/c/webots/plugins/robot_window/robot_window.h
[12.083s] -- Installing: /home/shipengl/LRSMT/agiletaur/install/webots_ros2_driver/include/webots/c/webots/plugins/robot_window/robot_wwi.h
[12.083s] -- Installing: /home/shipengl/LRSMT/agiletaur/install/webots_ros2_driver/include/webots/c/webots/connector.h
[12.083s] -- Installing: /home/shipengl/LRSMT/agiletaur/install/webots_ros2_driver/include/webots/c/webots/motor.h
[12.083s] -- Installing: /home/shipengl/LRSMT/agiletaur/install/webots_ros2_driver/include/webots/c/webots/remote_control.h
[12.084s] -- Installing: /home/shipengl/LRSMT/agiletaur/install/webots_ros2_driver/include/webots/c/webots/camera.h
[12.084s] -- Installing: /home/shipengl/LRSMT/agiletaur/install/webots_ros2_driver/include/webots/c/webots/radar.h
[12.084s] -- Installing: /home/shipengl/LRSMT/agiletaur/install/webots_ros2_driver/include/webots/c/webots/lidar.h
[12.084s] -- Installing: /home/shipengl/LRSMT/agiletaur/install/webots_ros2_driver/include/webots/c/webots/mouse.h
[12.084s] -- Installing: /home/shipengl/LRSMT/agiletaur/install/webots_ros2_driver/include/webots/c/webots/vehicle
[12.084s] -- Installing: /home/shipengl/LRSMT/agiletaur/install/webots_ros2_driver/include/webots/c/webots/vehicle/car.h
[12.084s] -- Installing: /home/shipengl/LRSMT/agiletaur/install/webots_ros2_driver/include/webots/c/webots/vehicle/driver.h
[12.084s] -- Installing: /home/shipengl/LRSMT/agiletaur/install/webots_ros2_driver/include/webots/c/webots/types.h
[12.084s] -- Installing: /home/shipengl/LRSMT/agiletaur/install/webots_ros2_driver/include/webots/c/webots/radar_target.h
[12.084s] -- Installing: /home/shipengl/LRSMT/agiletaur/install/webots_ros2_driver/include/webots/c/webots/altimeter.h
[12.084s] -- Installing: /home/shipengl/LRSMT/agiletaur/install/webots_ros2_driver/include/webots/c/webots/receiver.h
[12.084s] -- Installing: /home/shipengl/LRSMT/agiletaur/install/webots_ros2_driver/include/webots/c/webots/keyboard.h
[12.084s] -- Installing: /home/shipengl/LRSMT/agiletaur/install/webots_ros2_driver/include/webots/c/webots/compass.h
[12.085s] -- Installing: /home/shipengl/LRSMT/agiletaur/install/webots_ros2_driver/include/webots/c/webots/utils
[12.085s] -- Installing: /home/shipengl/LRSMT/agiletaur/install/webots_ros2_driver/include/webots/c/webots/utils/motion.h
[12.085s] -- Installing: /home/shipengl/LRSMT/agiletaur/install/webots_ros2_driver/include/webots/c/webots/utils/ansi_codes.h
[12.085s] -- Installing: /home/shipengl/LRSMT/agiletaur/install/webots_ros2_driver/include/webots/c/webots/utils/system.h
[12.085s] -- Installing: /home/shipengl/LRSMT/agiletaur/install/webots_ros2_driver/include/webots/c/webots/utils/string.h
[12.085s] -- Installing: /home/shipengl/LRSMT/agiletaur/install/webots_ros2_driver/include/webots/c/webots/distance_sensor.h
[12.085s] -- Installing: /home/shipengl/LRSMT/agiletaur/install/webots_ros2_driver/include/webots/c/webots/gps.h
[12.085s] -- Installing: /home/shipengl/LRSMT/agiletaur/install/webots_ros2_driver/include/webots/c/webots/console.h
[12.085s] -- Installing: /home/shipengl/LRSMT/agiletaur/install/webots_ros2_driver/include/webots/c/webots/accelerometer.h
[12.085s] -- Installing: /home/shipengl/LRSMT/agiletaur/install/webots_ros2_driver/include/webots/c/webots/light_sensor.h
[12.085s] -- Installing: /home/shipengl/LRSMT/agiletaur/install/webots_ros2_driver/include/webots/c/webots/nodes.h
[12.085s] -- Installing: /home/shipengl/LRSMT/agiletaur/install/webots_ros2_driver/include/webots/c/webots/touch_sensor.h
[12.086s] -- Installing: /home/shipengl/LRSMT/agiletaur/install/webots_ros2_driver/include/webots/c/webots/display.h
[12.086s] -- Installing: /home/shipengl/LRSMT/agiletaur/install/webots_ros2_driver/include/webots/c/webots/brake.h
[12.086s] -- Installing: /home/shipengl/LRSMT/agiletaur/install/webots_ros2_driver/include/webots/c/webots/microphone.h
[12.086s] -- Installing: /home/shipengl/LRSMT/agiletaur/install/webots_ros2_driver/include/webots/c/webots/gyro.h
[12.086s] -- Installing: /home/shipengl/LRSMT/agiletaur/install/webots_ros2_driver/include/webots/c/webots/speaker.h
[12.086s] -- Installing: /home/shipengl/LRSMT/agiletaur/install/webots_ros2_driver/include/webots/cpp
[12.086s] -- Installing: /home/shipengl/LRSMT/agiletaur/install/webots_ros2_driver/include/webots/cpp/webots
[12.086s] -- Installing: /home/shipengl/LRSMT/agiletaur/install/webots_ros2_driver/include/webots/cpp/webots/Gyro.hpp
[12.086s] -- Installing: /home/shipengl/LRSMT/agiletaur/install/webots_ros2_driver/include/webots/cpp/webots/Skin.hpp
[12.086s] -- Installing: /home/shipengl/LRSMT/agiletaur/install/webots_ros2_driver/include/webots/cpp/webots/Supervisor.hpp
[12.086s] -- Installing: /home/shipengl/LRSMT/agiletaur/install/webots_ros2_driver/include/webots/cpp/webots/Node.hpp
[12.086s] -- Installing: /home/shipengl/LRSMT/agiletaur/install/webots_ros2_driver/include/webots/cpp/webots/Connector.hpp
[12.087s] -- Installing: /home/shipengl/LRSMT/agiletaur/install/webots_ros2_driver/include/webots/cpp/webots/Brake.hpp
[12.087s] -- Installing: /home/shipengl/LRSMT/agiletaur/install/webots_ros2_driver/include/webots/cpp/webots/Speaker.hpp
[12.087s] -- Installing: /home/shipengl/LRSMT/agiletaur/install/webots_ros2_driver/include/webots/cpp/webots/LED.hpp
[12.087s] -- Installing: /home/shipengl/LRSMT/agiletaur/install/webots_ros2_driver/include/webots/cpp/webots/Emitter.hpp
[12.087s] -- Installing: /home/shipengl/LRSMT/agiletaur/install/webots_ros2_driver/include/webots/cpp/webots/PositionSensor.hpp
[12.087s] -- Installing: /home/shipengl/LRSMT/agiletaur/install/webots_ros2_driver/include/webots/cpp/webots/ImageRef.hpp
[12.087s] -- Installing: /home/shipengl/LRSMT/agiletaur/install/webots_ros2_driver/include/webots/cpp/webots/Accelerometer.hpp
[12.087s] -- Installing: /home/shipengl/LRSMT/agiletaur/install/webots_ros2_driver/include/webots/cpp/webots/Keyboard.hpp
[12.087s] -- Installing: /home/shipengl/LRSMT/agiletaur/install/webots_ros2_driver/include/webots/cpp/webots/Radar.hpp
[12.087s] -- Installing: /home/shipengl/LRSMT/agiletaur/install/webots_ros2_driver/include/webots/cpp/webots/Device.hpp
[12.087s] -- Installing: /home/shipengl/LRSMT/agiletaur/install/webots_ros2_driver/include/webots/cpp/webots/Display.hpp
[12.087s] -- Installing: /home/shipengl/LRSMT/agiletaur/install/webots_ros2_driver/include/webots/cpp/webots/Joystick.hpp
[12.087s] -- Installing: /home/shipengl/LRSMT/agiletaur/install/webots_ros2_driver/include/webots/cpp/webots/vehicle
[12.087s] -- Installing: /home/shipengl/LRSMT/agiletaur/install/webots_ros2_driver/include/webots/cpp/webots/vehicle/Car.hpp
[12.087s] -- Installing: /home/shipengl/LRSMT/agiletaur/install/webots_ros2_driver/include/webots/cpp/webots/vehicle/Driver.hpp
[12.087s] -- Installing: /home/shipengl/LRSMT/agiletaur/install/webots_ros2_driver/include/webots/cpp/webots/Field.hpp
[12.087s] -- Installing: /home/shipengl/LRSMT/agiletaur/install/webots_ros2_driver/include/webots/cpp/webots/Camera.hpp
[12.088s] -- Installing: /home/shipengl/LRSMT/agiletaur/install/webots_ros2_driver/include/webots/cpp/webots/RangeFinder.hpp
[12.088s] -- Installing: /home/shipengl/LRSMT/agiletaur/install/webots_ros2_driver/include/webots/cpp/webots/TouchSensor.hpp
[12.088s] -- Installing: /home/shipengl/LRSMT/agiletaur/install/webots_ros2_driver/include/webots/cpp/webots/Robot.hpp
[12.088s] -- Installing: /home/shipengl/LRSMT/agiletaur/install/webots_ros2_driver/include/webots/cpp/webots/Receiver.hpp
[12.088s] -- Installing: /home/shipengl/LRSMT/agiletaur/install/webots_ros2_driver/include/webots/cpp/webots/utils
[12.088s] -- Installing: /home/shipengl/LRSMT/agiletaur/install/webots_ros2_driver/include/webots/cpp/webots/utils/Motion.hpp
[12.088s] -- Installing: /home/shipengl/LRSMT/agiletaur/install/webots_ros2_driver/include/webots/cpp/webots/utils/AnsiCodes.hpp
[12.088s] -- Installing: /home/shipengl/LRSMT/agiletaur/install/webots_ros2_driver/include/webots/cpp/webots/DistanceSensor.hpp
[12.088s] -- Installing: /home/shipengl/LRSMT/agiletaur/install/webots_ros2_driver/include/webots/cpp/webots/Mouse.hpp
[12.088s] -- Installing: /home/shipengl/LRSMT/agiletaur/install/webots_ros2_driver/include/webots/cpp/webots/Motor.hpp
[12.088s] -- Installing: /home/shipengl/LRSMT/agiletaur/install/webots_ros2_driver/include/webots/cpp/webots/GPS.hpp
[12.088s] -- Installing: /home/shipengl/LRSMT/agiletaur/install/webots_ros2_driver/include/webots/cpp/webots/Pen.hpp
[12.088s] -- Installing: /home/shipengl/LRSMT/agiletaur/install/webots_ros2_driver/include/webots/cpp/webots/LightSensor.hpp
[12.089s] -- Installing: /home/shipengl/LRSMT/agiletaur/install/webots_ros2_driver/include/webots/cpp/webots/Compass.hpp
[12.089s] -- Installing: /home/shipengl/LRSMT/agiletaur/install/webots_ros2_driver/include/webots/cpp/webots/Lidar.hpp
[12.089s] -- Installing: /home/shipengl/LRSMT/agiletaur/install/webots_ros2_driver/include/webots/cpp/webots/Altimeter.hpp
[12.089s] -- Installing: /home/shipengl/LRSMT/agiletaur/install/webots_ros2_driver/include/webots/cpp/webots/InertialUnit.hpp
[12.089s] -- Installing: /home/shipengl/LRSMT/agiletaur/install/webots_ros2_driver/lib/libwebots_ros2_driver_imu.so
[12.089s] -- Set runtime path of "/home/shipengl/LRSMT/agiletaur/install/webots_ros2_driver/lib/libwebots_ros2_driver_imu.so" to ""
[12.089s] -- Up-to-date: /home/shipengl/LRSMT/agiletaur/install/webots_ros2_driver/lib
[12.089s] -- Installing: /home/shipengl/LRSMT/agiletaur/install/webots_ros2_driver/lib/libdriver.so
[12.089s] -- Installing: /home/shipengl/LRSMT/agiletaur/install/webots_ros2_driver/lib/libController.so
[12.089s] -- Installing: /home/shipengl/LRSMT/agiletaur/install/webots_ros2_driver/lib/libCppDriver.so
[12.089s] -- Installing: /home/shipengl/LRSMT/agiletaur/install/webots_ros2_driver/lib/libcar.so
[12.089s] -- Installing: /home/shipengl/LRSMT/agiletaur/install/webots_ros2_driver/lib/libCppCar.so
[12.089s] -- Installing: /home/shipengl/LRSMT/agiletaur/install/webots_ros2_driver/lib/libCppController.so
[12.089s] -- Installing: /home/shipengl/LRSMT/agiletaur/install/webots_ros2_driver/share/webots_ros2_driver/webots_ros2_imu.xml
[12.089s] -- Installing: /home/shipengl/LRSMT/agiletaur/install/webots_ros2_driver/share/webots_ros2_driver/environment/library_path.sh
[12.089s] -- Installing: /home/shipengl/LRSMT/agiletaur/install/webots_ros2_driver/share/webots_ros2_driver/environment/library_path.dsv
[12.089s] -- Installing: /home/shipengl/LRSMT/agiletaur/install/webots_ros2_driver/share/ament_index/resource_index/package_run_dependencies/webots_ros2_driver
[12.090s] -- Installing: /home/shipengl/LRSMT/agiletaur/install/webots_ros2_driver/share/ament_index/resource_index/parent_prefix_path/webots_ros2_driver
[12.090s] -- Installing: /home/shipengl/LRSMT/agiletaur/install/webots_ros2_driver/share/webots_ros2_driver/environment/ament_prefix_path.sh
[12.090s] -- Installing: /home/shipengl/LRSMT/agiletaur/install/webots_ros2_driver/share/webots_ros2_driver/environment/ament_prefix_path.dsv
[12.090s] -- Installing: /home/shipengl/LRSMT/agiletaur/install/webots_ros2_driver/share/webots_ros2_driver/environment/path.sh
[12.090s] -- Installing: /home/shipengl/LRSMT/agiletaur/install/webots_ros2_driver/share/webots_ros2_driver/environment/path.dsv
[12.090s] -- Installing: /home/shipengl/LRSMT/agiletaur/install/webots_ros2_driver/share/webots_ros2_driver/local_setup.bash
[12.090s] -- Installing: /home/shipengl/LRSMT/agiletaur/install/webots_ros2_driver/share/webots_ros2_driver/local_setup.sh
[12.090s] -- Installing: /home/shipengl/LRSMT/agiletaur/install/webots_ros2_driver/share/webots_ros2_driver/local_setup.zsh
[12.090s] -- Installing: /home/shipengl/LRSMT/agiletaur/install/webots_ros2_driver/share/webots_ros2_driver/local_setup.dsv
[12.091s] -- Installing: /home/shipengl/LRSMT/agiletaur/install/webots_ros2_driver/share/webots_ros2_driver/package.dsv
[12.091s] -- Installing: /home/shipengl/LRSMT/agiletaur/install/webots_ros2_driver/share/ament_index/resource_index/packages/webots_ros2_driver
[12.091s] -- Installing: /home/shipengl/LRSMT/agiletaur/install/webots_ros2_driver/share/ament_index/resource_index/webots_ros2_driver__pluginlib__plugin/webots_ros2_driver
[12.091s] -- Installing: /home/shipengl/LRSMT/agiletaur/install/webots_ros2_driver/share/webots_ros2_driver/cmake/ament_cmake_export_include_directories-extras.cmake
[12.091s] -- Installing: /home/shipengl/LRSMT/agiletaur/install/webots_ros2_driver/share/webots_ros2_driver/cmake/ament_cmake_export_dependencies-extras.cmake
[12.091s] -- Installing: /home/shipengl/LRSMT/agiletaur/install/webots_ros2_driver/share/webots_ros2_driver/cmake/ament_cmake_export_libraries-extras.cmake
[12.091s] -- Installing: /home/shipengl/LRSMT/agiletaur/install/webots_ros2_driver/share/webots_ros2_driver/cmake/webots_ros2_driverConfig.cmake
[12.091s] -- Installing: /home/shipengl/LRSMT/agiletaur/install/webots_ros2_driver/share/webots_ros2_driver/cmake/webots_ros2_driverConfig-version.cmake
[12.091s] -- Installing: /home/shipengl/LRSMT/agiletaur/install/webots_ros2_driver/share/webots_ros2_driver/package.xml
[12.094s] Invoked command in '/home/shipengl/LRSMT/agiletaur/build/webots_ros2_driver' returned '0': CMAKE_PREFIX_PATH=/home/shipengl/LRSMT/agiletaur/install/webots_ros2_msgs:/home/shipengl/LRSMT/agiletaur/install/webots_simulation_assets:/home/shipengl/LRSMT/agiletaur/install/webots_ros2_control:/home/shipengl/LRSMT/agiletaur/install/webots_ros2_driver:/home/shipengl/LRSMT/agiletaur/install/webots_description:/home/shipengl/LRSMT/agiletaur/install/webots_bringup:/home/shipengl/LRSMT/agiletaur/install/odrive_ros2_control:/home/shipengl/LRSMT/agiletaur/install/odrive_hardware_interface:/home/shipengl/LRSMT/agiletaur/install/odrive_bringup:/home/shipengl/LRSMT/agiletaur/install/odrive_description:/home/shipengl/LRSMT/agiletaur/install/agiletaur_launcher:/home/shipengl/LRSMT/agiletaur/install/agiletaur_controller:/home/shipengl/LRSMT/agiletaur/install/webots_ros2_epuck:/opt/ros/foxy LD_LIBRARY_PATH=/home/shipengl/LRSMT/agiletaur/install/webots_ros2_msgs/lib:/home/shipengl/LRSMT/agiletaur/install/webots_ros2_control/lib:/home/shipengl/LRSMT/agiletaur/install/webots_ros2_driver/lib:/home/shipengl/LRSMT/agiletaur/install/odrive_hardware_interface/lib:/opt/ros/foxy/opt/yaml_cpp_vendor/lib:/opt/ros/foxy/opt/rviz_ogre_vendor/lib:/opt/ros/foxy/lib/x86_64-linux-gnu:/opt/ros/foxy/lib PYTHONPATH=/home/shipengl/LRSMT/agiletaur/install/webots_ros2_msgs/lib/python3.8/site-packages:/home/shipengl/LRSMT/agiletaur/install/webots_ros2_epuck/lib/python3.8/site-packages:/home/shipengl/LRSMT/agiletaur/install/webots_ros2_driver/lib/python3.8/site-packages:/opt/ros/foxy/lib/python3.8/site-packages /usr/bin/cmake --install /home/shipengl/LRSMT/agiletaur/build/webots_ros2_driver
