[0.011s] Invoking command in '/home/shipengl/LRSMT/build/webots_ros2_control': AMENT_PREFIX_PATH=/home/shipengl/LRSMT/install/webots_ros2_driver:/home/shipengl/LRSMT/install/webots_ros2_msgs:${AMENT_PREFIX_PATH} CMAKE_PREFIX_PATH=/home/shipengl/LRSMT/install/webots_ros2_driver:/home/shipengl/LRSMT/install/webots_ros2_msgs:/home/shipengl/LRSMT/agiletaur/install/webots_simulation_assets:/home/shipengl/LRSMT/agiletaur/install/webots_ros2_control:/home/shipengl/LRSMT/agiletaur/install/webots_ros2_driver:/home/shipengl/LRSMT/agiletaur/install/webots_ros2_msgs:/home/shipengl/LRSMT/agiletaur/install/webots_description:/home/shipengl/LRSMT/agiletaur/install/webots_bringup:/home/shipengl/LRSMT/agiletaur/install/odrive_ros2_control:/home/shipengl/LRSMT/agiletaur/install/odrive_hardware_interface:/home/shipengl/LRSMT/agiletaur/install/odrive_bringup:/home/shipengl/LRSMT/agiletaur/install/odrive_description:/home/shipengl/LRSMT/agiletaur/install/agiletaur_launcher:/home/shipengl/LRSMT/agiletaur/install/cpp_pubsub:/home/shipengl/LRSMT/agiletaur/install/agiletaur_controller:/opt/ros/foxy LD_LIBRARY_PATH=/home/shipengl/LRSMT/install/webots_ros2_driver/lib:/home/shipengl/LRSMT/install/webots_ros2_msgs/lib:${LD_LIBRARY_PATH} PYTHONPATH=/home/shipengl/LRSMT/install/webots_ros2_driver/lib/python3.8/site-packages:/home/shipengl/LRSMT/install/webots_ros2_msgs/lib/python3.8/site-packages:${PYTHONPATH} /usr/bin/cmake /home/shipengl/LRSMT/agiletaur/src/webots_ros2_control/webots_ros2_control -DCMAKE_INSTALL_PREFIX=/home/shipengl/LRSMT/install/webots_ros2_control
[0.054s] -- The C compiler identification is GNU 9.3.0
[0.093s] -- The CXX compiler identification is GNU 9.3.0
[0.097s] -- Check for working C compiler: /usr/bin/cc
[0.148s] -- Check for working C compiler: /usr/bin/cc -- works
[0.149s] -- Detecting C compiler ABI info
[0.197s] -- Detecting C compiler ABI info - done
[0.206s] -- Detecting C compile features
[0.207s] -- Detecting C compile features - done
[0.209s] -- Check for working CXX compiler: /usr/bin/c++
[0.264s] -- Check for working CXX compiler: /usr/bin/c++ -- works
[0.265s] -- Detecting CXX compiler ABI info
[0.322s] -- Detecting CXX compiler ABI info - done
[0.331s] -- Detecting CXX compile features
[0.332s] -- Detecting CXX compile features - done
[0.335s] -- Found ament_cmake: 0.9.9 (/opt/ros/foxy/share/ament_cmake/cmake)
[0.355s] -- Found PythonInterp: /usr/bin/python3 (found suitable version "3.8.10", minimum required is "3") 
[0.355s] -- Using PYTHON_EXECUTABLE: /usr/bin/python3
[0.528s] -- Found hardware_interface: 0.8.1 (/opt/ros/foxy/share/hardware_interface/cmake)
[0.568s] -- Using all available rosidl_typesupport_c: rosidl_typesupport_fastrtps_c;rosidl_typesupport_introspection_c
[0.575s] -- Found rosidl_adapter: 1.2.1 (/opt/ros/foxy/share/rosidl_adapter/cmake)
[0.643s] -- Found OpenSSL: /usr/lib/x86_64-linux-gnu/libcrypto.so (found version "1.1.1f")  
[0.665s] -- Found FastRTPS: /opt/ros/foxy/include  
[0.726s] -- Using all available rosidl_typesupport_cpp: rosidl_typesupport_fastrtps_cpp;rosidl_typesupport_introspection_cpp
[1.156s] -- Found controller_manager: 0.8.1 (/opt/ros/foxy/share/controller_manager/cmake)
[1.207s] -- Found rmw_implementation_cmake: 1.0.3 (/opt/ros/foxy/share/rmw_implementation_cmake/cmake)
[1.209s] -- Using RMW implementation 'rmw_fastrtps_cpp' as default
[1.210s] -- Looking for pthread.h
[1.261s] -- Looking for pthread.h - found
[1.261s] -- Performing Test CMAKE_HAVE_LIBC_PTHREAD
[1.312s] -- Performing Test CMAKE_HAVE_LIBC_PTHREAD - Failed
[1.312s] -- Looking for pthread_create in pthreads
[1.356s] -- Looking for pthread_create in pthreads - not found
[1.356s] -- Looking for pthread_create in pthread
[1.406s] -- Looking for pthread_create in pthread - found
[1.407s] -- Found Threads: TRUE  
[1.685s] -- Found webots_ros2_driver: 1.1.3 (/home/shipengl/LRSMT/install/webots_ros2_driver/share/webots_ros2_driver/cmake)
[2.733s] -- Configuring done
[2.779s] -- Generating done
[2.781s] -- Build files have been written to: /home/shipengl/LRSMT/build/webots_ros2_control
[2.790s] Invoked command in '/home/shipengl/LRSMT/build/webots_ros2_control' returned '0': AMENT_PREFIX_PATH=/home/shipengl/LRSMT/install/webots_ros2_driver:/home/shipengl/LRSMT/install/webots_ros2_msgs:${AMENT_PREFIX_PATH} CMAKE_PREFIX_PATH=/home/shipengl/LRSMT/install/webots_ros2_driver:/home/shipengl/LRSMT/install/webots_ros2_msgs:/home/shipengl/LRSMT/agiletaur/install/webots_simulation_assets:/home/shipengl/LRSMT/agiletaur/install/webots_ros2_control:/home/shipengl/LRSMT/agiletaur/install/webots_ros2_driver:/home/shipengl/LRSMT/agiletaur/install/webots_ros2_msgs:/home/shipengl/LRSMT/agiletaur/install/webots_description:/home/shipengl/LRSMT/agiletaur/install/webots_bringup:/home/shipengl/LRSMT/agiletaur/install/odrive_ros2_control:/home/shipengl/LRSMT/agiletaur/install/odrive_hardware_interface:/home/shipengl/LRSMT/agiletaur/install/odrive_bringup:/home/shipengl/LRSMT/agiletaur/install/odrive_description:/home/shipengl/LRSMT/agiletaur/install/agiletaur_launcher:/home/shipengl/LRSMT/agiletaur/install/cpp_pubsub:/home/shipengl/LRSMT/agiletaur/install/agiletaur_controller:/opt/ros/foxy LD_LIBRARY_PATH=/home/shipengl/LRSMT/install/webots_ros2_driver/lib:/home/shipengl/LRSMT/install/webots_ros2_msgs/lib:${LD_LIBRARY_PATH} PYTHONPATH=/home/shipengl/LRSMT/install/webots_ros2_driver/lib/python3.8/site-packages:/home/shipengl/LRSMT/install/webots_ros2_msgs/lib/python3.8/site-packages:${PYTHONPATH} /usr/bin/cmake /home/shipengl/LRSMT/agiletaur/src/webots_ros2_control/webots_ros2_control -DCMAKE_INSTALL_PREFIX=/home/shipengl/LRSMT/install/webots_ros2_control
[2.792s] Invoking command in '/home/shipengl/LRSMT/build/webots_ros2_control': AMENT_PREFIX_PATH=/home/shipengl/LRSMT/install/webots_ros2_driver:/home/shipengl/LRSMT/install/webots_ros2_msgs:${AMENT_PREFIX_PATH} CMAKE_PREFIX_PATH=/home/shipengl/LRSMT/install/webots_ros2_driver:/home/shipengl/LRSMT/install/webots_ros2_msgs:/home/shipengl/LRSMT/agiletaur/install/webots_simulation_assets:/home/shipengl/LRSMT/agiletaur/install/webots_ros2_control:/home/shipengl/LRSMT/agiletaur/install/webots_ros2_driver:/home/shipengl/LRSMT/agiletaur/install/webots_ros2_msgs:/home/shipengl/LRSMT/agiletaur/install/webots_description:/home/shipengl/LRSMT/agiletaur/install/webots_bringup:/home/shipengl/LRSMT/agiletaur/install/odrive_ros2_control:/home/shipengl/LRSMT/agiletaur/install/odrive_hardware_interface:/home/shipengl/LRSMT/agiletaur/install/odrive_bringup:/home/shipengl/LRSMT/agiletaur/install/odrive_description:/home/shipengl/LRSMT/agiletaur/install/agiletaur_launcher:/home/shipengl/LRSMT/agiletaur/install/cpp_pubsub:/home/shipengl/LRSMT/agiletaur/install/agiletaur_controller:/opt/ros/foxy LD_LIBRARY_PATH=/home/shipengl/LRSMT/install/webots_ros2_driver/lib:/home/shipengl/LRSMT/install/webots_ros2_msgs/lib:${LD_LIBRARY_PATH} PYTHONPATH=/home/shipengl/LRSMT/install/webots_ros2_driver/lib/python3.8/site-packages:/home/shipengl/LRSMT/install/webots_ros2_msgs/lib/python3.8/site-packages:${PYTHONPATH} /usr/bin/cmake --build /home/shipengl/LRSMT/build/webots_ros2_control -- -j16 -l16
[2.824s] [35m[1mScanning dependencies of target webots_ros2_control_system[0m
[2.824s] [35m[1mScanning dependencies of target webots_ros2_control[0m
[2.859s] [ 25%] [32mBuilding CXX object CMakeFiles/webots_ros2_control_system.dir/src/Ros2ControlSystem.cpp.o[0m
[2.863s] [ 50%] [32mBuilding CXX object CMakeFiles/webots_ros2_control.dir/src/Ros2Control.cpp.o[0m
[5.325s] [ 75%] [32m[1mLinking CXX shared library libwebots_ros2_control_system.so[0m
[5.434s] [ 75%] Built target webots_ros2_control_system
[6.506s] [100%] [32m[1mLinking CXX shared library libwebots_ros2_control.so[0m
[6.707s] [100%] Built target webots_ros2_control
[6.716s] Invoked command in '/home/shipengl/LRSMT/build/webots_ros2_control' returned '0': AMENT_PREFIX_PATH=/home/shipengl/LRSMT/install/webots_ros2_driver:/home/shipengl/LRSMT/install/webots_ros2_msgs:${AMENT_PREFIX_PATH} CMAKE_PREFIX_PATH=/home/shipengl/LRSMT/install/webots_ros2_driver:/home/shipengl/LRSMT/install/webots_ros2_msgs:/home/shipengl/LRSMT/agiletaur/install/webots_simulation_assets:/home/shipengl/LRSMT/agiletaur/install/webots_ros2_control:/home/shipengl/LRSMT/agiletaur/install/webots_ros2_driver:/home/shipengl/LRSMT/agiletaur/install/webots_ros2_msgs:/home/shipengl/LRSMT/agiletaur/install/webots_description:/home/shipengl/LRSMT/agiletaur/install/webots_bringup:/home/shipengl/LRSMT/agiletaur/install/odrive_ros2_control:/home/shipengl/LRSMT/agiletaur/install/odrive_hardware_interface:/home/shipengl/LRSMT/agiletaur/install/odrive_bringup:/home/shipengl/LRSMT/agiletaur/install/odrive_description:/home/shipengl/LRSMT/agiletaur/install/agiletaur_launcher:/home/shipengl/LRSMT/agiletaur/install/cpp_pubsub:/home/shipengl/LRSMT/agiletaur/install/agiletaur_controller:/opt/ros/foxy LD_LIBRARY_PATH=/home/shipengl/LRSMT/install/webots_ros2_driver/lib:/home/shipengl/LRSMT/install/webots_ros2_msgs/lib:${LD_LIBRARY_PATH} PYTHONPATH=/home/shipengl/LRSMT/install/webots_ros2_driver/lib/python3.8/site-packages:/home/shipengl/LRSMT/install/webots_ros2_msgs/lib/python3.8/site-packages:${PYTHONPATH} /usr/bin/cmake --build /home/shipengl/LRSMT/build/webots_ros2_control -- -j16 -l16
[6.738s] Invoking command in '/home/shipengl/LRSMT/build/webots_ros2_control': AMENT_PREFIX_PATH=/home/shipengl/LRSMT/install/webots_ros2_driver:/home/shipengl/LRSMT/install/webots_ros2_msgs:${AMENT_PREFIX_PATH} CMAKE_PREFIX_PATH=/home/shipengl/LRSMT/install/webots_ros2_driver:/home/shipengl/LRSMT/install/webots_ros2_msgs:/home/shipengl/LRSMT/agiletaur/install/webots_simulation_assets:/home/shipengl/LRSMT/agiletaur/install/webots_ros2_control:/home/shipengl/LRSMT/agiletaur/install/webots_ros2_driver:/home/shipengl/LRSMT/agiletaur/install/webots_ros2_msgs:/home/shipengl/LRSMT/agiletaur/install/webots_description:/home/shipengl/LRSMT/agiletaur/install/webots_bringup:/home/shipengl/LRSMT/agiletaur/install/odrive_ros2_control:/home/shipengl/LRSMT/agiletaur/install/odrive_hardware_interface:/home/shipengl/LRSMT/agiletaur/install/odrive_bringup:/home/shipengl/LRSMT/agiletaur/install/odrive_description:/home/shipengl/LRSMT/agiletaur/install/agiletaur_launcher:/home/shipengl/LRSMT/agiletaur/install/cpp_pubsub:/home/shipengl/LRSMT/agiletaur/install/agiletaur_controller:/opt/ros/foxy LD_LIBRARY_PATH=/home/shipengl/LRSMT/install/webots_ros2_driver/lib:/home/shipengl/LRSMT/install/webots_ros2_msgs/lib:${LD_LIBRARY_PATH} PYTHONPATH=/home/shipengl/LRSMT/install/webots_ros2_driver/lib/python3.8/site-packages:/home/shipengl/LRSMT/install/webots_ros2_msgs/lib/python3.8/site-packages:${PYTHONPATH} /usr/bin/cmake --install /home/shipengl/LRSMT/build/webots_ros2_control
[6.745s] -- Install configuration: ""
[6.745s] -- Installing: /home/shipengl/LRSMT/install/webots_ros2_control/share/webots_ros2_control/webots_ros2_control.xml
[6.745s] -- Installing: /home/shipengl/LRSMT/install/webots_ros2_control/share/webots_ros2_control/webots_ros2_control_system.xml
[6.745s] -- Installing: /home/shipengl/LRSMT/install/webots_ros2_control/lib/libwebots_ros2_control.so
[6.747s] -- Set runtime path of "/home/shipengl/LRSMT/install/webots_ros2_control/lib/libwebots_ros2_control.so" to ""
[6.747s] -- Installing: /home/shipengl/LRSMT/install/webots_ros2_control/lib/libwebots_ros2_control_system.so
[6.748s] -- Set runtime path of "/home/shipengl/LRSMT/install/webots_ros2_control/lib/libwebots_ros2_control_system.so" to ""
[6.748s] -- Installing: /home/shipengl/LRSMT/install/webots_ros2_control/share/webots_ros2_control/environment/library_path.sh
[6.748s] -- Installing: /home/shipengl/LRSMT/install/webots_ros2_control/share/webots_ros2_control/environment/library_path.dsv
[6.748s] -- Installing: /home/shipengl/LRSMT/install/webots_ros2_control/share/ament_index/resource_index/package_run_dependencies/webots_ros2_control
[6.748s] -- Installing: /home/shipengl/LRSMT/install/webots_ros2_control/share/ament_index/resource_index/parent_prefix_path/webots_ros2_control
[6.748s] -- Installing: /home/shipengl/LRSMT/install/webots_ros2_control/share/webots_ros2_control/environment/ament_prefix_path.sh
[6.748s] -- Installing: /home/shipengl/LRSMT/install/webots_ros2_control/share/webots_ros2_control/environment/ament_prefix_path.dsv
[6.748s] -- Installing: /home/shipengl/LRSMT/install/webots_ros2_control/share/webots_ros2_control/environment/path.sh
[6.748s] -- Installing: /home/shipengl/LRSMT/install/webots_ros2_control/share/webots_ros2_control/environment/path.dsv
[6.749s] -- Installing: /home/shipengl/LRSMT/install/webots_ros2_control/share/webots_ros2_control/local_setup.bash
[6.749s] -- Installing: /home/shipengl/LRSMT/install/webots_ros2_control/share/webots_ros2_control/local_setup.sh
[6.749s] -- Installing: /home/shipengl/LRSMT/install/webots_ros2_control/share/webots_ros2_control/local_setup.zsh
[6.749s] -- Installing: /home/shipengl/LRSMT/install/webots_ros2_control/share/webots_ros2_control/local_setup.dsv
[6.749s] -- Installing: /home/shipengl/LRSMT/install/webots_ros2_control/share/webots_ros2_control/package.dsv
[6.749s] -- Installing: /home/shipengl/LRSMT/install/webots_ros2_control/share/ament_index/resource_index/packages/webots_ros2_control
[6.749s] -- Installing: /home/shipengl/LRSMT/install/webots_ros2_control/share/ament_index/resource_index/webots_ros2_driver__pluginlib__plugin/webots_ros2_control
[6.749s] -- Installing: /home/shipengl/LRSMT/install/webots_ros2_control/share/ament_index/resource_index/webots_ros2_control__pluginlib__plugin/webots_ros2_control
[6.749s] -- Installing: /home/shipengl/LRSMT/install/webots_ros2_control/share/webots_ros2_control/cmake/ament_cmake_export_include_directories-extras.cmake
[6.749s] -- Installing: /home/shipengl/LRSMT/install/webots_ros2_control/share/webots_ros2_control/cmake/ament_cmake_export_dependencies-extras.cmake
[6.749s] -- Installing: /home/shipengl/LRSMT/install/webots_ros2_control/share/webots_ros2_control/cmake/ament_cmake_export_libraries-extras.cmake
[6.750s] -- Installing: /home/shipengl/LRSMT/install/webots_ros2_control/share/webots_ros2_control/cmake/webots_ros2_controlConfig.cmake
[6.750s] -- Installing: /home/shipengl/LRSMT/install/webots_ros2_control/share/webots_ros2_control/cmake/webots_ros2_controlConfig-version.cmake
[6.750s] -- Installing: /home/shipengl/LRSMT/install/webots_ros2_control/share/webots_ros2_control/package.xml
[6.753s] Invoked command in '/home/shipengl/LRSMT/build/webots_ros2_control' returned '0': AMENT_PREFIX_PATH=/home/shipengl/LRSMT/install/webots_ros2_driver:/home/shipengl/LRSMT/install/webots_ros2_msgs:${AMENT_PREFIX_PATH} CMAKE_PREFIX_PATH=/home/shipengl/LRSMT/install/webots_ros2_driver:/home/shipengl/LRSMT/install/webots_ros2_msgs:/home/shipengl/LRSMT/agiletaur/install/webots_simulation_assets:/home/shipengl/LRSMT/agiletaur/install/webots_ros2_control:/home/shipengl/LRSMT/agiletaur/install/webots_ros2_driver:/home/shipengl/LRSMT/agiletaur/install/webots_ros2_msgs:/home/shipengl/LRSMT/agiletaur/install/webots_description:/home/shipengl/LRSMT/agiletaur/install/webots_bringup:/home/shipengl/LRSMT/agiletaur/install/odrive_ros2_control:/home/shipengl/LRSMT/agiletaur/install/odrive_hardware_interface:/home/shipengl/LRSMT/agiletaur/install/odrive_bringup:/home/shipengl/LRSMT/agiletaur/install/odrive_description:/home/shipengl/LRSMT/agiletaur/install/agiletaur_launcher:/home/shipengl/LRSMT/agiletaur/install/cpp_pubsub:/home/shipengl/LRSMT/agiletaur/install/agiletaur_controller:/opt/ros/foxy LD_LIBRARY_PATH=/home/shipengl/LRSMT/install/webots_ros2_driver/lib:/home/shipengl/LRSMT/install/webots_ros2_msgs/lib:${LD_LIBRARY_PATH} PYTHONPATH=/home/shipengl/LRSMT/install/webots_ros2_driver/lib/python3.8/site-packages:/home/shipengl/LRSMT/install/webots_ros2_msgs/lib/python3.8/site-packages:${PYTHONPATH} /usr/bin/cmake --install /home/shipengl/LRSMT/build/webots_ros2_control
