[0.027s] Invoking command in '/home/shipengl/LRSMT/agiletaur/build/odrive_description': CMAKE_PREFIX_PATH=/opt/ros/foxy /usr/bin/cmake /home/shipengl/LRSMT/agiletaur/src/odrive_ros2_control/odrive_description -DCMAKE_INSTALL_PREFIX=/home/shipengl/LRSMT/agiletaur/install/odrive_description
[0.079s] -- The C compiler identification is GNU 9.3.0
[0.127s] -- The CXX compiler identification is GNU 9.3.0
[0.133s] -- Check for working C compiler: /usr/bin/cc
[0.187s] -- Check for working C compiler: /usr/bin/cc -- works
[0.188s] -- Detecting C compiler ABI info
[0.240s] -- Detecting C compiler ABI info - done
[0.251s] -- Detecting C compile features
[0.251s] -- Detecting C compile features - done
[0.254s] -- Check for working CXX compiler: /usr/bin/c++
[0.317s] -- Check for working CXX compiler: /usr/bin/c++ -- works
[0.319s] -- Detecting CXX compiler ABI info
[0.382s] -- Detecting CXX compiler ABI info - done
[0.402s] -- Detecting CXX compile features
[0.403s] -- Detecting CXX compile features - done
[0.406s] -- Found ament_cmake_auto: 0.9.9 (/opt/ros/foxy/share/ament_cmake_auto/cmake)
[0.432s] -- Found PythonInterp: /usr/bin/python3 (found suitable version "3.8.10", minimum required is "3") 
[0.432s] -- Using PYTHON_EXECUTABLE: /usr/bin/python3
[0.740s] -- Configuring done
[0.743s] -- Generating done
[0.744s] -- Build files have been written to: /home/shipengl/LRSMT/agiletaur/build/odrive_description
[0.750s] Invoked command in '/home/shipengl/LRSMT/agiletaur/build/odrive_description' returned '0': CMAKE_PREFIX_PATH=/opt/ros/foxy /usr/bin/cmake /home/shipengl/LRSMT/agiletaur/src/odrive_ros2_control/odrive_description -DCMAKE_INSTALL_PREFIX=/home/shipengl/LRSMT/agiletaur/install/odrive_description
[0.751s] Invoking command in '/home/shipengl/LRSMT/agiletaur/build/odrive_description': CMAKE_PREFIX_PATH=/opt/ros/foxy /usr/bin/cmake --build /home/shipengl/LRSMT/agiletaur/build/odrive_description -- -j16 -l16
[0.780s] Invoked command in '/home/shipengl/LRSMT/agiletaur/build/odrive_description' returned '0': CMAKE_PREFIX_PATH=/opt/ros/foxy /usr/bin/cmake --build /home/shipengl/LRSMT/agiletaur/build/odrive_description -- -j16 -l16
[0.806s] Invoking command in '/home/shipengl/LRSMT/agiletaur/build/odrive_description': CMAKE_PREFIX_PATH=/opt/ros/foxy /usr/bin/cmake --install /home/shipengl/LRSMT/agiletaur/build/odrive_description
[0.813s] -- Install configuration: ""
[0.813s] -- Installing: /home/shipengl/LRSMT/agiletaur/install/odrive_description/share/odrive_description/urdf
[0.813s] -- Installing: /home/shipengl/LRSMT/agiletaur/install/odrive_description/share/odrive_description/urdf/odrive.urdf.xacro
[0.813s] -- Installing: /home/shipengl/LRSMT/agiletaur/install/odrive_description/share/odrive_description/urdf/odrive.ros2_control.xacro
[0.813s] -- Installing: /home/shipengl/LRSMT/agiletaur/install/odrive_description/share/ament_index/resource_index/package_run_dependencies/odrive_description
[0.813s] -- Installing: /home/shipengl/LRSMT/agiletaur/install/odrive_description/share/ament_index/resource_index/parent_prefix_path/odrive_description
[0.814s] -- Installing: /home/shipengl/LRSMT/agiletaur/install/odrive_description/share/odrive_description/environment/ament_prefix_path.sh
[0.814s] -- Installing: /home/shipengl/LRSMT/agiletaur/install/odrive_description/share/odrive_description/environment/ament_prefix_path.dsv
[0.814s] -- Installing: /home/shipengl/LRSMT/agiletaur/install/odrive_description/share/odrive_description/environment/path.sh
[0.814s] -- Installing: /home/shipengl/LRSMT/agiletaur/install/odrive_description/share/odrive_description/environment/path.dsv
[0.814s] -- Installing: /home/shipengl/LRSMT/agiletaur/install/odrive_description/share/odrive_description/local_setup.bash
[0.814s] -- Installing: /home/shipengl/LRSMT/agiletaur/install/odrive_description/share/odrive_description/local_setup.sh
[0.814s] -- Installing: /home/shipengl/LRSMT/agiletaur/install/odrive_description/share/odrive_description/local_setup.zsh
[0.814s] -- Installing: /home/shipengl/LRSMT/agiletaur/install/odrive_description/share/odrive_description/local_setup.dsv
[0.814s] -- Installing: /home/shipengl/LRSMT/agiletaur/install/odrive_description/share/odrive_description/package.dsv
[0.814s] -- Installing: /home/shipengl/LRSMT/agiletaur/install/odrive_description/share/ament_index/resource_index/packages/odrive_description
[0.815s] -- Installing: /home/shipengl/LRSMT/agiletaur/install/odrive_description/share/odrive_description/cmake/odrive_descriptionConfig.cmake
[0.815s] -- Installing: /home/shipengl/LRSMT/agiletaur/install/odrive_description/share/odrive_description/cmake/odrive_descriptionConfig-version.cmake
[0.815s] -- Installing: /home/shipengl/LRSMT/agiletaur/install/odrive_description/share/odrive_description/package.xml
[0.817s] Invoked command in '/home/shipengl/LRSMT/agiletaur/build/odrive_description' returned '0': CMAKE_PREFIX_PATH=/opt/ros/foxy /usr/bin/cmake --install /home/shipengl/LRSMT/agiletaur/build/odrive_description
