[0.052s] Invoking command in '/home/shipengl/LRSMT/agiletaur/build/odrive_bringup': CMAKE_PREFIX_PATH=/home/shipengl/LRSMT/agiletaur/install/odrive_description:/home/shipengl/LRSMT/agiletaur/install/webots_simulation_assets:/home/shipengl/LRSMT/agiletaur/install/webots_ros2_control:/home/shipengl/LRSMT/agiletaur/install/webots_ros2_driver:/home/shipengl/LRSMT/agiletaur/install/webots_ros2_msgs:/home/shipengl/LRSMT/agiletaur/install/webots_description:/home/shipengl/LRSMT/agiletaur/install/webots_bringup:/home/shipengl/LRSMT/agiletaur/install/odrive_ros2_control:/home/shipengl/LRSMT/agiletaur/install/odrive_hardware_interface:/home/shipengl/LRSMT/agiletaur/install/odrive_bringup:/home/shipengl/LRSMT/agiletaur/install/agiletaur_launcher:/home/shipengl/LRSMT/agiletaur/install/agiletaur_controller:/home/shipengl/LRSMT/agiletaur/install/webots_ros2_epuck:/opt/ros/foxy /usr/bin/cmake --build /home/shipengl/LRSMT/agiletaur/build/odrive_bringup -- -j16 -l16
[0.090s] Invoked command in '/home/shipengl/LRSMT/agiletaur/build/odrive_bringup' returned '0': CMAKE_PREFIX_PATH=/home/shipengl/LRSMT/agiletaur/install/odrive_description:/home/shipengl/LRSMT/agiletaur/install/webots_simulation_assets:/home/shipengl/LRSMT/agiletaur/install/webots_ros2_control:/home/shipengl/LRSMT/agiletaur/install/webots_ros2_driver:/home/shipengl/LRSMT/agiletaur/install/webots_ros2_msgs:/home/shipengl/LRSMT/agiletaur/install/webots_description:/home/shipengl/LRSMT/agiletaur/install/webots_bringup:/home/shipengl/LRSMT/agiletaur/install/odrive_ros2_control:/home/shipengl/LRSMT/agiletaur/install/odrive_hardware_interface:/home/shipengl/LRSMT/agiletaur/install/odrive_bringup:/home/shipengl/LRSMT/agiletaur/install/agiletaur_launcher:/home/shipengl/LRSMT/agiletaur/install/agiletaur_controller:/home/shipengl/LRSMT/agiletaur/install/webots_ros2_epuck:/opt/ros/foxy /usr/bin/cmake --build /home/shipengl/LRSMT/agiletaur/build/odrive_bringup -- -j16 -l16
[0.113s] Invoking command in '/home/shipengl/LRSMT/agiletaur/build/odrive_bringup': CMAKE_PREFIX_PATH=/home/shipengl/LRSMT/agiletaur/install/odrive_description:/home/shipengl/LRSMT/agiletaur/install/webots_simulation_assets:/home/shipengl/LRSMT/agiletaur/install/webots_ros2_control:/home/shipengl/LRSMT/agiletaur/install/webots_ros2_driver:/home/shipengl/LRSMT/agiletaur/install/webots_ros2_msgs:/home/shipengl/LRSMT/agiletaur/install/webots_description:/home/shipengl/LRSMT/agiletaur/install/webots_bringup:/home/shipengl/LRSMT/agiletaur/install/odrive_ros2_control:/home/shipengl/LRSMT/agiletaur/install/odrive_hardware_interface:/home/shipengl/LRSMT/agiletaur/install/odrive_bringup:/home/shipengl/LRSMT/agiletaur/install/agiletaur_launcher:/home/shipengl/LRSMT/agiletaur/install/agiletaur_controller:/home/shipengl/LRSMT/agiletaur/install/webots_ros2_epuck:/opt/ros/foxy /usr/bin/cmake --install /home/shipengl/LRSMT/agiletaur/build/odrive_bringup
[0.130s] -- Install configuration: ""
[0.131s] -- Up-to-date: /home/shipengl/LRSMT/agiletaur/install/odrive_bringup/share/odrive_bringup/config
[0.131s] -- Up-to-date: /home/shipengl/LRSMT/agiletaur/install/odrive_bringup/share/odrive_bringup/config/odrive_controllers.yaml
[0.132s] -- Up-to-date: /home/shipengl/LRSMT/agiletaur/install/odrive_bringup/share/odrive_bringup/launch
[0.132s] -- Up-to-date: /home/shipengl/LRSMT/agiletaur/install/odrive_bringup/share/odrive_bringup/launch/odrive.launch.py
[0.132s] -- Up-to-date: /home/shipengl/LRSMT/agiletaur/install/odrive_bringup/share/ament_index/resource_index/package_run_dependencies/odrive_bringup
[0.132s] -- Up-to-date: /home/shipengl/LRSMT/agiletaur/install/odrive_bringup/share/ament_index/resource_index/parent_prefix_path/odrive_bringup
[0.133s] -- Up-to-date: /home/shipengl/LRSMT/agiletaur/install/odrive_bringup/share/odrive_bringup/environment/ament_prefix_path.sh
[0.134s] -- Up-to-date: /home/shipengl/LRSMT/agiletaur/install/odrive_bringup/share/odrive_bringup/environment/ament_prefix_path.dsv
[0.134s] -- Up-to-date: /home/shipengl/LRSMT/agiletaur/install/odrive_bringup/share/odrive_bringup/environment/path.sh
[0.134s] -- Up-to-date: /home/shipengl/LRSMT/agiletaur/install/odrive_bringup/share/odrive_bringup/environment/path.dsv
[0.134s] -- Up-to-date: /home/shipengl/LRSMT/agiletaur/install/odrive_bringup/share/odrive_bringup/local_setup.bash
[0.135s] -- Up-to-date: /home/shipengl/LRSMT/agiletaur/install/odrive_bringup/share/odrive_bringup/local_setup.sh
[0.135s] -- Up-to-date: /home/shipengl/LRSMT/agiletaur/install/odrive_bringup/share/odrive_bringup/local_setup.zsh
[0.135s] -- Up-to-date: /home/shipengl/LRSMT/agiletaur/install/odrive_bringup/share/odrive_bringup/local_setup.dsv
[0.135s] -- Installing: /home/shipengl/LRSMT/agiletaur/install/odrive_bringup/share/odrive_bringup/package.dsv
[0.136s] -- Up-to-date: /home/shipengl/LRSMT/agiletaur/install/odrive_bringup/share/ament_index/resource_index/packages/odrive_bringup
[0.136s] -- Up-to-date: /home/shipengl/LRSMT/agiletaur/install/odrive_bringup/share/odrive_bringup/cmake/odrive_bringupConfig.cmake
[0.136s] -- Up-to-date: /home/shipengl/LRSMT/agiletaur/install/odrive_bringup/share/odrive_bringup/cmake/odrive_bringupConfig-version.cmake
[0.136s] -- Up-to-date: /home/shipengl/LRSMT/agiletaur/install/odrive_bringup/share/odrive_bringup/package.xml
[0.137s] Invoked command in '/home/shipengl/LRSMT/agiletaur/build/odrive_bringup' returned '0': CMAKE_PREFIX_PATH=/home/shipengl/LRSMT/agiletaur/install/odrive_description:/home/shipengl/LRSMT/agiletaur/install/webots_simulation_assets:/home/shipengl/LRSMT/agiletaur/install/webots_ros2_control:/home/shipengl/LRSMT/agiletaur/install/webots_ros2_driver:/home/shipengl/LRSMT/agiletaur/install/webots_ros2_msgs:/home/shipengl/LRSMT/agiletaur/install/webots_description:/home/shipengl/LRSMT/agiletaur/install/webots_bringup:/home/shipengl/LRSMT/agiletaur/install/odrive_ros2_control:/home/shipengl/LRSMT/agiletaur/install/odrive_hardware_interface:/home/shipengl/LRSMT/agiletaur/install/odrive_bringup:/home/shipengl/LRSMT/agiletaur/install/agiletaur_launcher:/home/shipengl/LRSMT/agiletaur/install/agiletaur_controller:/home/shipengl/LRSMT/agiletaur/install/webots_ros2_epuck:/opt/ros/foxy /usr/bin/cmake --install /home/shipengl/LRSMT/agiletaur/build/odrive_bringup
