[0.050s] Invoking command in '/home/shipengl/LRSMT/agiletaur/build/agiletaur_launcher': CMAKE_PREFIX_PATH=${CMAKE_PREFIX_PATH}:/opt/ros/foxy /usr/bin/cmake --build /home/shipengl/LRSMT/agiletaur/build/agiletaur_launcher -- -j16 -l16
[0.097s] Invoked command in '/home/shipengl/LRSMT/agiletaur/build/agiletaur_launcher' returned '0': CMAKE_PREFIX_PATH=${CMAKE_PREFIX_PATH}:/opt/ros/foxy /usr/bin/cmake --build /home/shipengl/LRSMT/agiletaur/build/agiletaur_launcher -- -j16 -l16
[0.151s] Invoking command in '/home/shipengl/LRSMT/agiletaur/build/agiletaur_launcher': CMAKE_PREFIX_PATH=${CMAKE_PREFIX_PATH}:/opt/ros/foxy /usr/bin/cmake --install /home/shipengl/LRSMT/agiletaur/build/agiletaur_launcher
[0.153s] -- Install configuration: ""
[0.153s] -- Up-to-date: /home/shipengl/LRSMT/agiletaur/install/agiletaur_launcher/share/agiletaur_launcher/launch
[0.153s] -- Installing: /home/shipengl/LRSMT/agiletaur/install/agiletaur_launcher/share/agiletaur_launcher/launch/agiletaur_simu_launch.py
[0.153s] -- Up-to-date: /home/shipengl/LRSMT/agiletaur/install/agiletaur_launcher/share/agiletaur_launcher/launch/agiletaur_real_launch.py
[0.154s] -- Up-to-date: /home/shipengl/LRSMT/agiletaur/install/agiletaur_launcher/share/agiletaur_launcher/config
[0.154s] -- Up-to-date: /home/shipengl/LRSMT/agiletaur/install/agiletaur_launcher/share/agiletaur_launcher/config/global_config.yaml
[0.154s] -- Up-to-date: /home/shipengl/LRSMT/agiletaur/install/agiletaur_launcher/share/ament_index/resource_index/package_run_dependencies/agiletaur_launcher
[0.154s] -- Up-to-date: /home/shipengl/LRSMT/agiletaur/install/agiletaur_launcher/share/ament_index/resource_index/parent_prefix_path/agiletaur_launcher
[0.155s] -- Up-to-date: /home/shipengl/LRSMT/agiletaur/install/agiletaur_launcher/share/agiletaur_launcher/environment/ament_prefix_path.sh
[0.155s] -- Up-to-date: /home/shipengl/LRSMT/agiletaur/install/agiletaur_launcher/share/agiletaur_launcher/environment/ament_prefix_path.dsv
[0.155s] -- Up-to-date: /home/shipengl/LRSMT/agiletaur/install/agiletaur_launcher/share/agiletaur_launcher/environment/path.sh
[0.156s] -- Up-to-date: /home/shipengl/LRSMT/agiletaur/install/agiletaur_launcher/share/agiletaur_launcher/environment/path.dsv
[0.156s] -- Up-to-date: /home/shipengl/LRSMT/agiletaur/install/agiletaur_launcher/share/agiletaur_launcher/local_setup.bash
[0.156s] -- Up-to-date: /home/shipengl/LRSMT/agiletaur/install/agiletaur_launcher/share/agiletaur_launcher/local_setup.sh
[0.156s] -- Up-to-date: /home/shipengl/LRSMT/agiletaur/install/agiletaur_launcher/share/agiletaur_launcher/local_setup.zsh
[0.157s] -- Up-to-date: /home/shipengl/LRSMT/agiletaur/install/agiletaur_launcher/share/agiletaur_launcher/local_setup.dsv
[0.157s] -- Installing: /home/shipengl/LRSMT/agiletaur/install/agiletaur_launcher/share/agiletaur_launcher/package.dsv
[0.157s] -- Up-to-date: /home/shipengl/LRSMT/agiletaur/install/agiletaur_launcher/share/ament_index/resource_index/packages/agiletaur_launcher
[0.157s] -- Up-to-date: /home/shipengl/LRSMT/agiletaur/install/agiletaur_launcher/share/agiletaur_launcher/cmake/agiletaur_launcherConfig.cmake
[0.157s] -- Up-to-date: /home/shipengl/LRSMT/agiletaur/install/agiletaur_launcher/share/agiletaur_launcher/cmake/agiletaur_launcherConfig-version.cmake
[0.158s] -- Up-to-date: /home/shipengl/LRSMT/agiletaur/install/agiletaur_launcher/share/agiletaur_launcher/package.xml
[0.177s] Invoked command in '/home/shipengl/LRSMT/agiletaur/build/agiletaur_launcher' returned '0': CMAKE_PREFIX_PATH=${CMAKE_PREFIX_PATH}:/opt/ros/foxy /usr/bin/cmake --install /home/shipengl/LRSMT/agiletaur/build/agiletaur_launcher
