[0.045s] Invoking command in '/home/shipengl/LRSMT/agiletaur/src/build/webots_simulation_assets': CMAKE_PREFIX_PATH=/opt/ros/foxy /usr/bin/cmake /home/shipengl/LRSMT/agiletaur/src/webots_ros2_control/webots_simulation_assets -DCMAKE_INSTALL_PREFIX=/home/shipengl/LRSMT/agiletaur/src/install/webots_simulation_assets
[0.101s] -- The C compiler identification is GNU 9.3.0
[0.163s] -- The CXX compiler identification is GNU 9.3.0
[0.170s] -- Check for working C compiler: /usr/bin/cc
[0.252s] -- Check for working C compiler: /usr/bin/cc -- works
[0.254s] -- Detecting C compiler ABI info
[0.341s] -- Detecting C compiler ABI info - done
[0.364s] -- Detecting C compile features
[0.365s] -- Detecting C compile features - done
[0.369s] -- Check for working CXX compiler: /usr/bin/c++
[0.470s] -- Check for working CXX compiler: /usr/bin/c++ -- works
[0.472s] -- Detecting CXX compiler ABI info
[0.576s] -- Detecting CXX compiler ABI info - done
[0.607s] -- Detecting CXX compile features
[0.607s] -- Detecting CXX compile features - done
[0.608s] -- Found ament_cmake_auto: 0.9.9 (/opt/ros/foxy/share/ament_cmake_auto/cmake)
[0.646s] -- Found PythonInterp: /usr/bin/python3 (found suitable version "3.8.10", minimum required is "3") 
[0.646s] -- Using PYTHON_EXECUTABLE: /usr/bin/python3
[1.205s] -- Configuring done
[1.206s] -- Generating done
[1.208s] -- Build files have been written to: /home/shipengl/LRSMT/agiletaur/src/build/webots_simulation_assets
[1.230s] Invoked command in '/home/shipengl/LRSMT/agiletaur/src/build/webots_simulation_assets' returned '0': CMAKE_PREFIX_PATH=/opt/ros/foxy /usr/bin/cmake /home/shipengl/LRSMT/agiletaur/src/webots_ros2_control/webots_simulation_assets -DCMAKE_INSTALL_PREFIX=/home/shipengl/LRSMT/agiletaur/src/install/webots_simulation_assets
[1.234s] Invoking command in '/home/shipengl/LRSMT/agiletaur/src/build/webots_simulation_assets': CMAKE_PREFIX_PATH=/opt/ros/foxy /usr/bin/cmake --build /home/shipengl/LRSMT/agiletaur/src/build/webots_simulation_assets -- -j16 -l16
[1.292s] Invoked command in '/home/shipengl/LRSMT/agiletaur/src/build/webots_simulation_assets' returned '0': CMAKE_PREFIX_PATH=/opt/ros/foxy /usr/bin/cmake --build /home/shipengl/LRSMT/agiletaur/src/build/webots_simulation_assets -- -j16 -l16
[1.321s] Invoking command in '/home/shipengl/LRSMT/agiletaur/src/build/webots_simulation_assets': CMAKE_PREFIX_PATH=/opt/ros/foxy /usr/bin/cmake --install /home/shipengl/LRSMT/agiletaur/src/build/webots_simulation_assets
[1.331s] -- Install configuration: ""
[1.332s] -- Installing: /home/shipengl/LRSMT/agiletaur/src/install/webots_simulation_assets/share/webots_simulation_assets/worlds
[1.333s] -- Installing: /home/shipengl/LRSMT/agiletaur/src/install/webots_simulation_assets/share/webots_simulation_assets/worlds/agiletaur.wbt
[1.333s] -- Installing: /home/shipengl/LRSMT/agiletaur/src/install/webots_simulation_assets/share/webots_simulation_assets/worlds/.tinytaur.wbproj
[1.333s] -- Installing: /home/shipengl/LRSMT/agiletaur/src/install/webots_simulation_assets/share/webots_simulation_assets/worlds/.empty.wbproj
[1.333s] -- Installing: /home/shipengl/LRSMT/agiletaur/src/install/webots_simulation_assets/share/webots_simulation_assets/worlds/.dof12.wbproj
[1.334s] -- Installing: /home/shipengl/LRSMT/agiletaur/src/install/webots_simulation_assets/share/webots_simulation_assets/worlds/.test_demo.wbproj
[1.335s] -- Installing: /home/shipengl/LRSMT/agiletaur/src/install/webots_simulation_assets/share/webots_simulation_assets/worlds/singleleg.wbt
[1.338s] -- Installing: /home/shipengl/LRSMT/agiletaur/src/install/webots_simulation_assets/share/webots_simulation_assets/worlds/.agiletaur.wbproj
[1.339s] -- Installing: /home/shipengl/LRSMT/agiletaur/src/install/webots_simulation_assets/share/webots_simulation_assets/worlds/.obstacle.wbproj
[1.339s] -- Installing: /home/shipengl/LRSMT/agiletaur/src/install/webots_simulation_assets/share/webots_simulation_assets/worlds/.copy.wbproj
[1.340s] -- Installing: /home/shipengl/LRSMT/agiletaur/src/install/webots_simulation_assets/share/webots_simulation_assets/worlds/.newtaur.wbproj
[1.340s] -- Installing: /home/shipengl/LRSMT/agiletaur/src/install/webots_simulation_assets/share/webots_simulation_assets/worlds/.12dof.wbproj
[1.341s] -- Installing: /home/shipengl/LRSMT/agiletaur/src/install/webots_simulation_assets/share/webots_simulation_assets/worlds/dof12.wbt
[1.341s] -- Installing: /home/shipengl/LRSMT/agiletaur/src/install/webots_simulation_assets/share/webots_simulation_assets/worlds/.singleleg.wbproj
[1.341s] -- Installing: /home/shipengl/LRSMT/agiletaur/src/install/webots_simulation_assets/share/ament_index/resource_index/package_run_dependencies/webots_simulation_assets
[1.342s] -- Installing: /home/shipengl/LRSMT/agiletaur/src/install/webots_simulation_assets/share/ament_index/resource_index/parent_prefix_path/webots_simulation_assets
[1.342s] -- Installing: /home/shipengl/LRSMT/agiletaur/src/install/webots_simulation_assets/share/webots_simulation_assets/environment/ament_prefix_path.sh
[1.348s] -- Installing: /home/shipengl/LRSMT/agiletaur/src/install/webots_simulation_assets/share/webots_simulation_assets/environment/ament_prefix_path.dsv
[1.348s] -- Installing: /home/shipengl/LRSMT/agiletaur/src/install/webots_simulation_assets/share/webots_simulation_assets/environment/path.sh
[1.349s] -- Installing: /home/shipengl/LRSMT/agiletaur/src/install/webots_simulation_assets/share/webots_simulation_assets/environment/path.dsv
[1.353s] -- Installing: /home/shipengl/LRSMT/agiletaur/src/install/webots_simulation_assets/share/webots_simulation_assets/local_setup.bash
[1.353s] -- Installing: /home/shipengl/LRSMT/agiletaur/src/install/webots_simulation_assets/share/webots_simulation_assets/local_setup.sh
[1.353s] -- Installing: /home/shipengl/LRSMT/agiletaur/src/install/webots_simulation_assets/share/webots_simulation_assets/local_setup.zsh
[1.353s] -- Installing: /home/shipengl/LRSMT/agiletaur/src/install/webots_simulation_assets/share/webots_simulation_assets/local_setup.dsv
[1.354s] -- Installing: /home/shipengl/LRSMT/agiletaur/src/install/webots_simulation_assets/share/webots_simulation_assets/package.dsv
[1.354s] -- Installing: /home/shipengl/LRSMT/agiletaur/src/install/webots_simulation_assets/share/ament_index/resource_index/packages/webots_simulation_assets
[1.354s] -- Installing: /home/shipengl/LRSMT/agiletaur/src/install/webots_simulation_assets/share/webots_simulation_assets/cmake/webots_simulation_assetsConfig.cmake
[1.354s] -- Installing: /home/shipengl/LRSMT/agiletaur/src/install/webots_simulation_assets/share/webots_simulation_assets/cmake/webots_simulation_assetsConfig-version.cmake
[1.354s] -- Installing: /home/shipengl/LRSMT/agiletaur/src/install/webots_simulation_assets/share/webots_simulation_assets/package.xml
[1.355s] Invoked command in '/home/shipengl/LRSMT/agiletaur/src/build/webots_simulation_assets' returned '0': CMAKE_PREFIX_PATH=/opt/ros/foxy /usr/bin/cmake --install /home/shipengl/LRSMT/agiletaur/src/build/webots_simulation_assets
