[0.041s] Invoking command in '/home/shipengl/LRSMT/agiletaur/build/webots_description': CMAKE_PREFIX_PATH=${CMAKE_PREFIX_PATH}:/home/shipengl/LRSMT/agiletaur/install/webots_ros2_epuck:/opt/ros/foxy /usr/bin/cmake /home/shipengl/LRSMT/agiletaur/src/webots_ros2_control/webots_description -DCMAKE_INSTALL_PREFIX=/home/shipengl/LRSMT/agiletaur/install/webots_description
[0.107s] -- The C compiler identification is GNU 9.3.0
[0.173s] -- The CXX compiler identification is GNU 9.3.0
[0.181s] -- Check for working C compiler: /usr/bin/cc
[0.265s] -- Check for working C compiler: /usr/bin/cc -- works
[0.267s] -- Detecting C compiler ABI info
[0.345s] -- Detecting C compiler ABI info - done
[0.364s] -- Detecting C compile features
[0.364s] -- Detecting C compile features - done
[0.368s] -- Check for working CXX compiler: /usr/bin/c++
[0.469s] -- Check for working CXX compiler: /usr/bin/c++ -- works
[0.470s] -- Detecting CXX compiler ABI info
[0.562s] -- Detecting CXX compiler ABI info - done
[0.585s] -- Detecting CXX compile features
[0.586s] -- Detecting CXX compile features - done
[0.589s] -- Found ament_cmake_auto: 0.9.9 (/opt/ros/foxy/share/ament_cmake_auto/cmake)
[0.630s] -- Found PythonInterp: /usr/bin/python3 (found suitable version "3.8.10", minimum required is "3") 
[0.631s] -- Using PYTHON_EXECUTABLE: /usr/bin/python3
[1.110s] -- Configuring done
[1.115s] -- Generating done
[1.117s] -- Build files have been written to: /home/shipengl/LRSMT/agiletaur/build/webots_description
[1.132s] Invoked command in '/home/shipengl/LRSMT/agiletaur/build/webots_description' returned '0': CMAKE_PREFIX_PATH=${CMAKE_PREFIX_PATH}:/home/shipengl/LRSMT/agiletaur/install/webots_ros2_epuck:/opt/ros/foxy /usr/bin/cmake /home/shipengl/LRSMT/agiletaur/src/webots_ros2_control/webots_description -DCMAKE_INSTALL_PREFIX=/home/shipengl/LRSMT/agiletaur/install/webots_description
[1.135s] Invoking command in '/home/shipengl/LRSMT/agiletaur/build/webots_description': CMAKE_PREFIX_PATH=${CMAKE_PREFIX_PATH}:/home/shipengl/LRSMT/agiletaur/install/webots_ros2_epuck:/opt/ros/foxy /usr/bin/cmake --build /home/shipengl/LRSMT/agiletaur/build/webots_description -- -j16 -l16
[1.168s] Invoked command in '/home/shipengl/LRSMT/agiletaur/build/webots_description' returned '0': CMAKE_PREFIX_PATH=${CMAKE_PREFIX_PATH}:/home/shipengl/LRSMT/agiletaur/install/webots_ros2_epuck:/opt/ros/foxy /usr/bin/cmake --build /home/shipengl/LRSMT/agiletaur/build/webots_description -- -j16 -l16
[1.235s] Invoking command in '/home/shipengl/LRSMT/agiletaur/build/webots_description': CMAKE_PREFIX_PATH=${CMAKE_PREFIX_PATH}:/home/shipengl/LRSMT/agiletaur/install/webots_ros2_epuck:/opt/ros/foxy /usr/bin/cmake --install /home/shipengl/LRSMT/agiletaur/build/webots_description
[1.247s] -- Install configuration: ""
[1.247s] -- Installing: /home/shipengl/LRSMT/agiletaur/install/webots_description/share/webots_description/urdf
[1.248s] -- Installing: /home/shipengl/LRSMT/agiletaur/install/webots_description/share/webots_description/urdf/dof12.urdf
[1.248s] -- Installing: /home/shipengl/LRSMT/agiletaur/install/webots_description/share/webots_description/urdf/agiletaur.urdf
[1.249s] -- Installing: /home/shipengl/LRSMT/agiletaur/install/webots_description/share/ament_index/resource_index/package_run_dependencies/webots_description
[1.250s] -- Installing: /home/shipengl/LRSMT/agiletaur/install/webots_description/share/ament_index/resource_index/parent_prefix_path/webots_description
[1.251s] -- Installing: /home/shipengl/LRSMT/agiletaur/install/webots_description/share/webots_description/environment/ament_prefix_path.sh
[1.251s] -- Installing: /home/shipengl/LRSMT/agiletaur/install/webots_description/share/webots_description/environment/ament_prefix_path.dsv
[1.251s] -- Installing: /home/shipengl/LRSMT/agiletaur/install/webots_description/share/webots_description/environment/path.sh
[1.251s] -- Installing: /home/shipengl/LRSMT/agiletaur/install/webots_description/share/webots_description/environment/path.dsv
[1.252s] -- Installing: /home/shipengl/LRSMT/agiletaur/install/webots_description/share/webots_description/local_setup.bash
[1.252s] -- Installing: /home/shipengl/LRSMT/agiletaur/install/webots_description/share/webots_description/local_setup.sh
[1.253s] -- Installing: /home/shipengl/LRSMT/agiletaur/install/webots_description/share/webots_description/local_setup.zsh
[1.254s] -- Installing: /home/shipengl/LRSMT/agiletaur/install/webots_description/share/webots_description/local_setup.dsv
[1.254s] -- Installing: /home/shipengl/LRSMT/agiletaur/install/webots_description/share/webots_description/package.dsv
[1.254s] -- Installing: /home/shipengl/LRSMT/agiletaur/install/webots_description/share/ament_index/resource_index/packages/webots_description
[1.255s] -- Installing: /home/shipengl/LRSMT/agiletaur/install/webots_description/share/webots_description/cmake/webots_descriptionConfig.cmake
[1.255s] -- Installing: /home/shipengl/LRSMT/agiletaur/install/webots_description/share/webots_description/cmake/webots_descriptionConfig-version.cmake
[1.256s] -- Installing: /home/shipengl/LRSMT/agiletaur/install/webots_description/share/webots_description/package.xml
[1.276s] Invoked command in '/home/shipengl/LRSMT/agiletaur/build/webots_description' returned '0': CMAKE_PREFIX_PATH=${CMAKE_PREFIX_PATH}:/home/shipengl/LRSMT/agiletaur/install/webots_ros2_epuck:/opt/ros/foxy /usr/bin/cmake --install /home/shipengl/LRSMT/agiletaur/build/webots_description
