[0.044s] Invoking command in '/home/shipengl/LRSMT/agiletaur/src/build/webots_ros2_msgs': CMAKE_PREFIX_PATH=/opt/ros/foxy /usr/bin/cmake /home/shipengl/LRSMT/agiletaur/src/webots_ros2_control/webots_ros2_msgs -DCMAKE_INSTALL_PREFIX=/home/shipengl/LRSMT/agiletaur/src/install/webots_ros2_msgs
[0.123s] -- The C compiler identification is GNU 9.3.0
[0.190s] -- The CXX compiler identification is GNU 9.3.0
[0.196s] -- Check for working C compiler: /usr/bin/cc
[0.277s] -- Check for working C compiler: /usr/bin/cc -- works
[0.279s] -- Detecting C compiler ABI info
[0.359s] -- Detecting C compiler ABI info - done
[0.380s] -- Detecting C compile features
[0.380s] -- Detecting C compile features - done
[0.384s] -- Check for working CXX compiler: /usr/bin/c++
[0.476s] -- Check for working CXX compiler: /usr/bin/c++ -- works
[0.477s] -- Detecting CXX compiler ABI info
[0.587s] -- Detecting CXX compiler ABI info - done
[0.613s] -- Detecting CXX compile features
[0.617s] -- Detecting CXX compile features - done
[0.618s] -- Found ament_cmake: 0.9.9 (/opt/ros/foxy/share/ament_cmake/cmake)
[0.653s] -- Found PythonInterp: /usr/bin/python3 (found suitable version "3.8.10", minimum required is "3") 
[0.653s] -- Using PYTHON_EXECUTABLE: /usr/bin/python3
[1.024s] -- Found builtin_interfaces: 1.0.0 (/opt/ros/foxy/share/builtin_interfaces/cmake)
[1.066s] -- Using all available rosidl_typesupport_c: rosidl_typesupport_fastrtps_c;rosidl_typesupport_introspection_c
[1.076s] -- Found rosidl_adapter: 1.2.1 (/opt/ros/foxy/share/rosidl_adapter/cmake)
[1.194s] -- Found OpenSSL: /usr/lib/x86_64-linux-gnu/libcrypto.so (found version "1.1.1f")  
[1.236s] -- Found FastRTPS: /opt/ros/foxy/include  
[1.337s] -- Using all available rosidl_typesupport_cpp: rosidl_typesupport_fastrtps_cpp;rosidl_typesupport_introspection_cpp
[1.384s] -- Found rosidl_default_generators: 1.0.1 (/opt/ros/foxy/share/rosidl_default_generators/cmake)
[1.388s] -- Found geometry_msgs: 2.0.4 (/opt/ros/foxy/share/geometry_msgs/cmake)
[1.495s] -- Found vision_msgs: 2.0.0 (/opt/ros/foxy/share/vision_msgs/cmake)
[1.846s] -- Found PythonInterp: /usr/bin/python3 (found version "3.8.10") 
[2.213s] -- Found ament_cmake_cppcheck: 0.9.6 (/opt/ros/foxy/share/ament_cmake_cppcheck/cmake)
[2.220s] -- Found ament_cmake_cpplint: 0.9.6 (/opt/ros/foxy/share/ament_cmake_cpplint/cmake)
[2.221s] -- Found ament_cmake_uncrustify: 0.9.6 (/opt/ros/foxy/share/ament_cmake_uncrustify/cmake)
[2.229s] -- Found ament_cmake_ros: 0.9.2 (/opt/ros/foxy/share/ament_cmake_ros/cmake)
[2.794s] -- Using all available rosidl_typesupport_c: rosidl_typesupport_fastrtps_c;rosidl_typesupport_introspection_c
[2.986s] -- Using all available rosidl_typesupport_cpp: rosidl_typesupport_fastrtps_cpp;rosidl_typesupport_introspection_cpp
[3.015s] -- Found PythonInterp: /usr/bin/python3 (found suitable version "3.8.10", minimum required is "3.5") 
[3.017s] -- Found python_cmake_module: 0.8.1 (/opt/ros/foxy/share/python_cmake_module/cmake)
[3.043s] -- Found PythonLibs: /usr/lib/x86_64-linux-gnu/libpython3.8.so (found suitable version "3.8.10", minimum required is "3.5") 
[3.043s] -- Using PYTHON_EXECUTABLE: /usr/bin/python3
[3.043s] -- Using PYTHON_INCLUDE_DIRS: /usr/include/python3.8
[3.043s] -- Using PYTHON_LIBRARIES: /usr/lib/x86_64-linux-gnu/libpython3.8.so
[3.063s] -- Found PythonExtra: .so  
[3.175s] -- Found ament_cmake_flake8: 0.9.6 (/opt/ros/foxy/share/ament_cmake_flake8/cmake)
[3.177s] -- Found ament_cmake_pep257: 0.9.6 (/opt/ros/foxy/share/ament_cmake_pep257/cmake)
[3.180s] -- Found ament_lint_auto: 0.9.6 (/opt/ros/foxy/share/ament_lint_auto/cmake)
[3.193s] -- Added test 'lint_cmake' to check CMake code style
[3.194s] -- Added test 'xmllint' to check XML markup files
[3.198s] -- Configuring done
[3.278s] -- Generating done
[3.281s] -- Build files have been written to: /home/shipengl/LRSMT/agiletaur/src/build/webots_ros2_msgs
[3.290s] Invoked command in '/home/shipengl/LRSMT/agiletaur/src/build/webots_ros2_msgs' returned '0': CMAKE_PREFIX_PATH=/opt/ros/foxy /usr/bin/cmake /home/shipengl/LRSMT/agiletaur/src/webots_ros2_control/webots_ros2_msgs -DCMAKE_INSTALL_PREFIX=/home/shipengl/LRSMT/agiletaur/src/install/webots_ros2_msgs
[3.293s] Invoking command in '/home/shipengl/LRSMT/agiletaur/src/build/webots_ros2_msgs': CMAKE_PREFIX_PATH=/opt/ros/foxy /usr/bin/cmake --build /home/shipengl/LRSMT/agiletaur/src/build/webots_ros2_msgs -- -j16 -l16
[3.334s] [35m[1mScanning dependencies of target webots_ros2_msgs__cpp[0m
[3.334s] [  2%] [34m[1mGenerating C code for ROS interfaces[0m
[3.345s] [  4%] [34m[1mGenerating C++ code for ROS interfaces[0m
[3.715s] [  4%] Built target webots_ros2_msgs__cpp
[3.725s] [35m[1mScanning dependencies of target webots_ros2_msgs__rosidl_generator_c[0m
[3.728s] [  6%] [34m[1mGenerating C++ introspection for ROS interfaces[0m
[3.729s] [  8%] [34m[1mGenerating C++ type support for eProsima Fast-RTPS[0m
[3.730s] [ 10%] [34m[1mGenerating C++ type support dispatch for ROS interfaces[0m
[3.746s] [ 12%] [32mBuilding C object CMakeFiles/webots_ros2_msgs__rosidl_generator_c.dir/rosidl_generator_c/webots_ros2_msgs/msg/detail/wb_camera_recognition_objects__functions.c.o[0m
[3.750s] [ 14%] [32mBuilding C object CMakeFiles/webots_ros2_msgs__rosidl_generator_c.dir/rosidl_generator_c/webots_ros2_msgs/srv/detail/set_int__functions.c.o[0m
[3.751s] [ 17%] [32mBuilding C object CMakeFiles/webots_ros2_msgs__rosidl_generator_c.dir/rosidl_generator_c/webots_ros2_msgs/msg/detail/wb_camera_recognition_object__functions.c.o[0m
[3.807s] [ 19%] [32m[1mLinking C shared library libwebots_ros2_msgs__rosidl_generator_c.so[0m
[3.845s] [ 19%] Built target webots_ros2_msgs__rosidl_generator_c
[3.856s] [ 23%] [34m[1mGenerating C type support dispatch for ROS interfaces[0m
[3.856s] [ 23%] [34m[1mGenerating C introspection for ROS interfaces[0m
[4.094s] [35m[1mScanning dependencies of target webots_ros2_msgs__rosidl_typesupport_fastrtps_cpp[0m
[4.128s] [ 25%] [32mBuilding CXX object CMakeFiles/webots_ros2_msgs__rosidl_typesupport_fastrtps_cpp.dir/rosidl_typesupport_fastrtps_cpp/webots_ros2_msgs/msg/detail/dds_fastrtps/wb_camera_recognition_object__type_support.cpp.o[0m
[4.128s] [ 27%] [32mBuilding CXX object CMakeFiles/webots_ros2_msgs__rosidl_typesupport_fastrtps_cpp.dir/rosidl_typesupport_fastrtps_cpp/webots_ros2_msgs/msg/detail/dds_fastrtps/wb_camera_recognition_objects__type_support.cpp.o[0m
[4.128s] [ 29%] [32mBuilding CXX object CMakeFiles/webots_ros2_msgs__rosidl_typesupport_fastrtps_cpp.dir/rosidl_typesupport_fastrtps_cpp/webots_ros2_msgs/srv/detail/dds_fastrtps/set_int__type_support.cpp.o[0m
[4.171s] [35m[1mScanning dependencies of target webots_ros2_msgs__rosidl_typesupport_c[0m
[4.180s] [35m[1mScanning dependencies of target webots_ros2_msgs__rosidl_typesupport_cpp[0m
[4.194s] [ 31%] [32mBuilding CXX object CMakeFiles/webots_ros2_msgs__rosidl_typesupport_c.dir/rosidl_typesupport_c/webots_ros2_msgs/msg/wb_camera_recognition_object__type_support.cpp.o[0m
[4.195s] [ 34%] [32mBuilding CXX object CMakeFiles/webots_ros2_msgs__rosidl_typesupport_c.dir/rosidl_typesupport_c/webots_ros2_msgs/msg/wb_camera_recognition_objects__type_support.cpp.o[0m
[4.203s] [ 36%] [32mBuilding CXX object CMakeFiles/webots_ros2_msgs__rosidl_typesupport_cpp.dir/rosidl_typesupport_cpp/webots_ros2_msgs/srv/set_int__type_support.cpp.o[0m
[4.203s] [ 38%] [32mBuilding CXX object CMakeFiles/webots_ros2_msgs__rosidl_typesupport_c.dir/rosidl_typesupport_c/webots_ros2_msgs/srv/set_int__type_support.cpp.o[0m
[4.206s] [ 40%] [32mBuilding CXX object CMakeFiles/webots_ros2_msgs__rosidl_typesupport_cpp.dir/rosidl_typesupport_cpp/webots_ros2_msgs/msg/wb_camera_recognition_objects__type_support.cpp.o[0m
[4.213s] [ 42%] [32mBuilding CXX object CMakeFiles/webots_ros2_msgs__rosidl_typesupport_cpp.dir/rosidl_typesupport_cpp/webots_ros2_msgs/msg/wb_camera_recognition_object__type_support.cpp.o[0m
[4.263s] [ 44%] [32m[1mLinking CXX shared library libwebots_ros2_msgs__rosidl_typesupport_c.so[0m
[4.265s] [35m[1mScanning dependencies of target webots_ros2_msgs__rosidl_typesupport_introspection_cpp[0m
[4.292s] [ 46%] [32mBuilding CXX object CMakeFiles/webots_ros2_msgs__rosidl_typesupport_introspection_cpp.dir/rosidl_typesupport_introspection_cpp/webots_ros2_msgs/msg/detail/wb_camera_recognition_object__type_support.cpp.o[0m
[4.307s] [ 48%] [32mBuilding CXX object CMakeFiles/webots_ros2_msgs__rosidl_typesupport_introspection_cpp.dir/rosidl_typesupport_introspection_cpp/webots_ros2_msgs/srv/detail/set_int__type_support.cpp.o[0m
[4.307s] [ 51%] [32mBuilding CXX object CMakeFiles/webots_ros2_msgs__rosidl_typesupport_introspection_cpp.dir/rosidl_typesupport_introspection_cpp/webots_ros2_msgs/msg/detail/wb_camera_recognition_objects__type_support.cpp.o[0m
[4.338s] [ 51%] Built target webots_ros2_msgs__rosidl_typesupport_c
[4.348s] [35m[1mScanning dependencies of target webots_ros2_msgs__rosidl_typesupport_introspection_c[0m
[4.388s] [ 53%] [32mBuilding C object CMakeFiles/webots_ros2_msgs__rosidl_typesupport_introspection_c.dir/rosidl_typesupport_introspection_c/webots_ros2_msgs/msg/detail/wb_camera_recognition_object__type_support.c.o[0m
[4.406s] [ 55%] [32mBuilding C object CMakeFiles/webots_ros2_msgs__rosidl_typesupport_introspection_c.dir/rosidl_typesupport_introspection_c/webots_ros2_msgs/srv/detail/set_int__type_support.c.o[0m
[4.418s] [ 57%] [32mBuilding C object CMakeFiles/webots_ros2_msgs__rosidl_typesupport_introspection_c.dir/rosidl_typesupport_introspection_c/webots_ros2_msgs/msg/detail/wb_camera_recognition_objects__type_support.c.o[0m
[4.499s] [ 59%] [32m[1mLinking C shared library libwebots_ros2_msgs__rosidl_typesupport_introspection_c.so[0m
[4.572s] [ 59%] Built target webots_ros2_msgs__rosidl_typesupport_introspection_c
[4.800s] [ 61%] [32m[1mLinking CXX shared library libwebots_ros2_msgs__rosidl_typesupport_cpp.so[0m
[4.855s] [ 61%] Built target webots_ros2_msgs__rosidl_typesupport_cpp
[4.929s] [ 63%] [32m[1mLinking CXX shared library libwebots_ros2_msgs__rosidl_typesupport_fastrtps_cpp.so[0m
[4.965s] [ 65%] [32m[1mLinking CXX shared library libwebots_ros2_msgs__rosidl_typesupport_introspection_cpp.so[0m
[5.029s] [ 65%] Built target webots_ros2_msgs__rosidl_typesupport_fastrtps_cpp
[5.040s] [ 68%] [34m[1mGenerating C type support for eProsima Fast-RTPS[0m
[5.054s] [ 68%] Built target webots_ros2_msgs__rosidl_typesupport_introspection_cpp
[5.359s] [35m[1mScanning dependencies of target webots_ros2_msgs__rosidl_typesupport_fastrtps_c[0m
[5.383s] [ 72%] [32mBuilding CXX object CMakeFiles/webots_ros2_msgs__rosidl_typesupport_fastrtps_c.dir/rosidl_typesupport_fastrtps_c/webots_ros2_msgs/msg/detail/wb_camera_recognition_object__type_support_c.cpp.o[0m
[5.383s] [ 72%] [32mBuilding CXX object CMakeFiles/webots_ros2_msgs__rosidl_typesupport_fastrtps_c.dir/rosidl_typesupport_fastrtps_c/webots_ros2_msgs/msg/detail/wb_camera_recognition_objects__type_support_c.cpp.o[0m
[5.383s] [ 74%] [32mBuilding CXX object CMakeFiles/webots_ros2_msgs__rosidl_typesupport_fastrtps_c.dir/rosidl_typesupport_fastrtps_c/webots_ros2_msgs/srv/detail/set_int__type_support_c.cpp.o[0m
[5.796s] [ 76%] [32m[1mLinking CXX shared library libwebots_ros2_msgs__rosidl_typesupport_fastrtps_c.so[0m
[5.897s] [ 76%] Built target webots_ros2_msgs__rosidl_typesupport_fastrtps_c
[5.906s] [35m[1mScanning dependencies of target webots_ros2_msgs[0m
[5.916s] [ 76%] Built target webots_ros2_msgs
[5.925s] [35m[1mScanning dependencies of target webots_ros2_msgs__py[0m
[5.934s] [ 78%] [34m[1mGenerating Python code for ROS interfaces[0m
[6.604s] [ 78%] Built target webots_ros2_msgs__py
[6.616s] [35m[1mScanning dependencies of target webots_ros2_msgs__python[0m
[6.645s] [ 85%] [32mBuilding C object CMakeFiles/webots_ros2_msgs__python.dir/rosidl_generator_py/webots_ros2_msgs/msg/_wb_camera_recognition_object_s.c.o[0m
[6.645s] [ 85%] [32mBuilding C object CMakeFiles/webots_ros2_msgs__python.dir/rosidl_generator_py/webots_ros2_msgs/srv/_set_int_s.c.o[0m
[6.646s] [ 85%] [32mBuilding C object CMakeFiles/webots_ros2_msgs__python.dir/rosidl_generator_py/webots_ros2_msgs/msg/_wb_camera_recognition_objects_s.c.o[0m
[6.773s] [ 87%] [32m[1mLinking C shared library rosidl_generator_py/webots_ros2_msgs/libwebots_ros2_msgs__python.so[0m
[6.822s] [ 87%] Built target webots_ros2_msgs__python
[6.841s] [35m[1mScanning dependencies of target webots_ros2_msgs__rosidl_typesupport_c__pyext[0m
[6.841s] [35m[1mScanning dependencies of target webots_ros2_msgs__rosidl_typesupport_fastrtps_c__pyext[0m
[6.841s] [35m[1mScanning dependencies of target webots_ros2_msgs__rosidl_typesupport_introspection_c__pyext[0m
[6.868s] [ 89%] [32mBuilding C object CMakeFiles/webots_ros2_msgs__rosidl_typesupport_c__pyext.dir/rosidl_generator_py/webots_ros2_msgs/_webots_ros2_msgs_s.ep.rosidl_typesupport_c.c.o[0m
[6.873s] [ 91%] [32mBuilding C object CMakeFiles/webots_ros2_msgs__rosidl_typesupport_introspection_c__pyext.dir/rosidl_generator_py/webots_ros2_msgs/_webots_ros2_msgs_s.ep.rosidl_typesupport_introspection_c.c.o[0m
[6.876s] [ 93%] [32mBuilding C object CMakeFiles/webots_ros2_msgs__rosidl_typesupport_fastrtps_c__pyext.dir/rosidl_generator_py/webots_ros2_msgs/_webots_ros2_msgs_s.ep.rosidl_typesupport_fastrtps_c.c.o[0m
[6.975s] [ 95%] [32m[1mLinking C shared library rosidl_generator_py/webots_ros2_msgs/webots_ros2_msgs_s__rosidl_typesupport_c.cpython-38-x86_64-linux-gnu.so[0m
[6.977s] [ 97%] [32m[1mLinking C shared library rosidl_generator_py/webots_ros2_msgs/webots_ros2_msgs_s__rosidl_typesupport_introspection_c.cpython-38-x86_64-linux-gnu.so[0m
[6.984s] [100%] [32m[1mLinking CXX shared library rosidl_generator_py/webots_ros2_msgs/webots_ros2_msgs_s__rosidl_typesupport_fastrtps_c.cpython-38-x86_64-linux-gnu.so[0m
[7.031s] [100%] Built target webots_ros2_msgs__rosidl_typesupport_introspection_c__pyext
[7.033s] [100%] Built target webots_ros2_msgs__rosidl_typesupport_c__pyext
[7.069s] [100%] Built target webots_ros2_msgs__rosidl_typesupport_fastrtps_c__pyext
[7.083s] Invoked command in '/home/shipengl/LRSMT/agiletaur/src/build/webots_ros2_msgs' returned '0': CMAKE_PREFIX_PATH=/opt/ros/foxy /usr/bin/cmake --build /home/shipengl/LRSMT/agiletaur/src/build/webots_ros2_msgs -- -j16 -l16
[7.148s] Invoking command in '/home/shipengl/LRSMT/agiletaur/src/build/webots_ros2_msgs': CMAKE_PREFIX_PATH=/opt/ros/foxy /usr/bin/cmake --install /home/shipengl/LRSMT/agiletaur/src/build/webots_ros2_msgs
[7.157s] -- Install configuration: ""
[7.157s] -- Installing: /home/shipengl/LRSMT/agiletaur/src/install/webots_ros2_msgs/share/ament_index/resource_index/rosidl_interfaces/webots_ros2_msgs
[7.158s] -- Installing: /home/shipengl/LRSMT/agiletaur/src/install/webots_ros2_msgs/include/webots_ros2_msgs
[7.158s] -- Installing: /home/shipengl/LRSMT/agiletaur/src/install/webots_ros2_msgs/include/webots_ros2_msgs/srv
[7.158s] -- Installing: /home/shipengl/LRSMT/agiletaur/src/install/webots_ros2_msgs/include/webots_ros2_msgs/srv/set_int.h
[7.158s] -- Installing: /home/shipengl/LRSMT/agiletaur/src/install/webots_ros2_msgs/include/webots_ros2_msgs/srv/detail
[7.158s] -- Installing: /home/shipengl/LRSMT/agiletaur/src/install/webots_ros2_msgs/include/webots_ros2_msgs/srv/detail/set_int__functions.c
[7.158s] -- Installing: /home/shipengl/LRSMT/agiletaur/src/install/webots_ros2_msgs/include/webots_ros2_msgs/srv/detail/set_int__type_support.h
[7.158s] -- Installing: /home/shipengl/LRSMT/agiletaur/src/install/webots_ros2_msgs/include/webots_ros2_msgs/srv/detail/set_int__functions.h
[7.159s] -- Installing: /home/shipengl/LRSMT/agiletaur/src/install/webots_ros2_msgs/include/webots_ros2_msgs/srv/detail/set_int__struct.h
[7.159s] -- Installing: /home/shipengl/LRSMT/agiletaur/src/install/webots_ros2_msgs/include/webots_ros2_msgs/msg
[7.159s] -- Installing: /home/shipengl/LRSMT/agiletaur/src/install/webots_ros2_msgs/include/webots_ros2_msgs/msg/rosidl_generator_c__visibility_control.h
[7.159s] -- Installing: /home/shipengl/LRSMT/agiletaur/src/install/webots_ros2_msgs/include/webots_ros2_msgs/msg/wb_camera_recognition_objects.h
[7.159s] -- Installing: /home/shipengl/LRSMT/agiletaur/src/install/webots_ros2_msgs/include/webots_ros2_msgs/msg/detail
[7.159s] -- Installing: /home/shipengl/LRSMT/agiletaur/src/install/webots_ros2_msgs/include/webots_ros2_msgs/msg/detail/wb_camera_recognition_object__struct.h
[7.159s] -- Installing: /home/shipengl/LRSMT/agiletaur/src/install/webots_ros2_msgs/include/webots_ros2_msgs/msg/detail/wb_camera_recognition_object__functions.h
[7.159s] -- Installing: /home/shipengl/LRSMT/agiletaur/src/install/webots_ros2_msgs/include/webots_ros2_msgs/msg/detail/wb_camera_recognition_object__functions.c
[7.159s] -- Installing: /home/shipengl/LRSMT/agiletaur/src/install/webots_ros2_msgs/include/webots_ros2_msgs/msg/detail/wb_camera_recognition_objects__functions.c
[7.159s] -- Installing: /home/shipengl/LRSMT/agiletaur/src/install/webots_ros2_msgs/include/webots_ros2_msgs/msg/detail/wb_camera_recognition_object__type_support.h
[7.159s] -- Installing: /home/shipengl/LRSMT/agiletaur/src/install/webots_ros2_msgs/include/webots_ros2_msgs/msg/detail/wb_camera_recognition_objects__functions.h
[7.159s] -- Installing: /home/shipengl/LRSMT/agiletaur/src/install/webots_ros2_msgs/include/webots_ros2_msgs/msg/detail/wb_camera_recognition_objects__struct.h
[7.160s] -- Installing: /home/shipengl/LRSMT/agiletaur/src/install/webots_ros2_msgs/include/webots_ros2_msgs/msg/detail/wb_camera_recognition_objects__type_support.h
[7.160s] -- Installing: /home/shipengl/LRSMT/agiletaur/src/install/webots_ros2_msgs/include/webots_ros2_msgs/msg/wb_camera_recognition_object.h
[7.160s] -- Installing: /home/shipengl/LRSMT/agiletaur/src/install/webots_ros2_msgs/share/webots_ros2_msgs/environment/library_path.sh
[7.160s] -- Installing: /home/shipengl/LRSMT/agiletaur/src/install/webots_ros2_msgs/share/webots_ros2_msgs/environment/library_path.dsv
[7.160s] -- Installing: /home/shipengl/LRSMT/agiletaur/src/install/webots_ros2_msgs/lib/libwebots_ros2_msgs__rosidl_generator_c.so
[7.160s] -- Set runtime path of "/home/shipengl/LRSMT/agiletaur/src/install/webots_ros2_msgs/lib/libwebots_ros2_msgs__rosidl_generator_c.so" to ""
[7.160s] -- Up-to-date: /home/shipengl/LRSMT/agiletaur/src/install/webots_ros2_msgs/include/webots_ros2_msgs
[7.161s] -- Up-to-date: /home/shipengl/LRSMT/agiletaur/src/install/webots_ros2_msgs/include/webots_ros2_msgs/srv
[7.161s] -- Up-to-date: /home/shipengl/LRSMT/agiletaur/src/install/webots_ros2_msgs/include/webots_ros2_msgs/srv/detail
[7.161s] -- Installing: /home/shipengl/LRSMT/agiletaur/src/install/webots_ros2_msgs/include/webots_ros2_msgs/srv/detail/set_int__rosidl_typesupport_fastrtps_c.h
[7.161s] -- Up-to-date: /home/shipengl/LRSMT/agiletaur/src/install/webots_ros2_msgs/include/webots_ros2_msgs/msg
[7.161s] -- Installing: /home/shipengl/LRSMT/agiletaur/src/install/webots_ros2_msgs/include/webots_ros2_msgs/msg/rosidl_typesupport_fastrtps_c__visibility_control.h
[7.161s] -- Up-to-date: /home/shipengl/LRSMT/agiletaur/src/install/webots_ros2_msgs/include/webots_ros2_msgs/msg/detail
[7.161s] -- Installing: /home/shipengl/LRSMT/agiletaur/src/install/webots_ros2_msgs/include/webots_ros2_msgs/msg/detail/wb_camera_recognition_objects__rosidl_typesupport_fastrtps_c.h
[7.161s] -- Installing: /home/shipengl/LRSMT/agiletaur/src/install/webots_ros2_msgs/include/webots_ros2_msgs/msg/detail/wb_camera_recognition_object__rosidl_typesupport_fastrtps_c.h
[7.161s] -- Installing: /home/shipengl/LRSMT/agiletaur/src/install/webots_ros2_msgs/lib/libwebots_ros2_msgs__rosidl_typesupport_fastrtps_c.so
[7.162s] -- Set runtime path of "/home/shipengl/LRSMT/agiletaur/src/install/webots_ros2_msgs/lib/libwebots_ros2_msgs__rosidl_typesupport_fastrtps_c.so" to ""
[7.162s] -- Up-to-date: /home/shipengl/LRSMT/agiletaur/src/install/webots_ros2_msgs/include/webots_ros2_msgs
[7.162s] -- Up-to-date: /home/shipengl/LRSMT/agiletaur/src/install/webots_ros2_msgs/include/webots_ros2_msgs/srv
[7.162s] -- Up-to-date: /home/shipengl/LRSMT/agiletaur/src/install/webots_ros2_msgs/include/webots_ros2_msgs/srv/detail
[7.162s] -- Installing: /home/shipengl/LRSMT/agiletaur/src/install/webots_ros2_msgs/include/webots_ros2_msgs/srv/detail/set_int__rosidl_typesupport_fastrtps_cpp.hpp
[7.162s] -- Installing: /home/shipengl/LRSMT/agiletaur/src/install/webots_ros2_msgs/include/webots_ros2_msgs/srv/detail/dds_fastrtps
[7.162s] -- Up-to-date: /home/shipengl/LRSMT/agiletaur/src/install/webots_ros2_msgs/include/webots_ros2_msgs/msg
[7.162s] -- Installing: /home/shipengl/LRSMT/agiletaur/src/install/webots_ros2_msgs/include/webots_ros2_msgs/msg/rosidl_typesupport_fastrtps_cpp__visibility_control.h
[7.162s] -- Up-to-date: /home/shipengl/LRSMT/agiletaur/src/install/webots_ros2_msgs/include/webots_ros2_msgs/msg/detail
[7.162s] -- Installing: /home/shipengl/LRSMT/agiletaur/src/install/webots_ros2_msgs/include/webots_ros2_msgs/msg/detail/wb_camera_recognition_objects__rosidl_typesupport_fastrtps_cpp.hpp
[7.163s] -- Installing: /home/shipengl/LRSMT/agiletaur/src/install/webots_ros2_msgs/include/webots_ros2_msgs/msg/detail/wb_camera_recognition_object__rosidl_typesupport_fastrtps_cpp.hpp
[7.163s] -- Installing: /home/shipengl/LRSMT/agiletaur/src/install/webots_ros2_msgs/include/webots_ros2_msgs/msg/detail/dds_fastrtps
[7.163s] -- Installing: /home/shipengl/LRSMT/agiletaur/src/install/webots_ros2_msgs/lib/libwebots_ros2_msgs__rosidl_typesupport_fastrtps_cpp.so
[7.163s] -- Set runtime path of "/home/shipengl/LRSMT/agiletaur/src/install/webots_ros2_msgs/lib/libwebots_ros2_msgs__rosidl_typesupport_fastrtps_cpp.so" to ""
[7.163s] -- Up-to-date: /home/shipengl/LRSMT/agiletaur/src/install/webots_ros2_msgs/include/webots_ros2_msgs
[7.163s] -- Up-to-date: /home/shipengl/LRSMT/agiletaur/src/install/webots_ros2_msgs/include/webots_ros2_msgs/srv
[7.164s] -- Up-to-date: /home/shipengl/LRSMT/agiletaur/src/install/webots_ros2_msgs/include/webots_ros2_msgs/srv/detail
[7.164s] -- Installing: /home/shipengl/LRSMT/agiletaur/src/install/webots_ros2_msgs/include/webots_ros2_msgs/srv/detail/set_int__type_support.c
[7.164s] -- Installing: /home/shipengl/LRSMT/agiletaur/src/install/webots_ros2_msgs/include/webots_ros2_msgs/srv/detail/set_int__rosidl_typesupport_introspection_c.h
[7.164s] -- Up-to-date: /home/shipengl/LRSMT/agiletaur/src/install/webots_ros2_msgs/include/webots_ros2_msgs/msg
[7.164s] -- Installing: /home/shipengl/LRSMT/agiletaur/src/install/webots_ros2_msgs/include/webots_ros2_msgs/msg/rosidl_typesupport_introspection_c__visibility_control.h
[7.164s] -- Up-to-date: /home/shipengl/LRSMT/agiletaur/src/install/webots_ros2_msgs/include/webots_ros2_msgs/msg/detail
[7.164s] -- Installing: /home/shipengl/LRSMT/agiletaur/src/install/webots_ros2_msgs/include/webots_ros2_msgs/msg/detail/wb_camera_recognition_objects__type_support.c
[7.165s] -- Installing: /home/shipengl/LRSMT/agiletaur/src/install/webots_ros2_msgs/include/webots_ros2_msgs/msg/detail/wb_camera_recognition_object__type_support.c
[7.165s] -- Installing: /home/shipengl/LRSMT/agiletaur/src/install/webots_ros2_msgs/include/webots_ros2_msgs/msg/detail/wb_camera_recognition_objects__rosidl_typesupport_introspection_c.h
[7.165s] -- Installing: /home/shipengl/LRSMT/agiletaur/src/install/webots_ros2_msgs/include/webots_ros2_msgs/msg/detail/wb_camera_recognition_object__rosidl_typesupport_introspection_c.h
[7.165s] -- Installing: /home/shipengl/LRSMT/agiletaur/src/install/webots_ros2_msgs/lib/libwebots_ros2_msgs__rosidl_typesupport_introspection_c.so
[7.165s] -- Set runtime path of "/home/shipengl/LRSMT/agiletaur/src/install/webots_ros2_msgs/lib/libwebots_ros2_msgs__rosidl_typesupport_introspection_c.so" to ""
[7.165s] -- Installing: /home/shipengl/LRSMT/agiletaur/src/install/webots_ros2_msgs/lib/libwebots_ros2_msgs__rosidl_typesupport_c.so
[7.166s] -- Set runtime path of "/home/shipengl/LRSMT/agiletaur/src/install/webots_ros2_msgs/lib/libwebots_ros2_msgs__rosidl_typesupport_c.so" to ""
[7.166s] -- Up-to-date: /home/shipengl/LRSMT/agiletaur/src/install/webots_ros2_msgs/include/webots_ros2_msgs
[7.166s] -- Up-to-date: /home/shipengl/LRSMT/agiletaur/src/install/webots_ros2_msgs/include/webots_ros2_msgs/srv
[7.166s] -- Installing: /home/shipengl/LRSMT/agiletaur/src/install/webots_ros2_msgs/include/webots_ros2_msgs/srv/set_int.hpp
[7.166s] -- Up-to-date: /home/shipengl/LRSMT/agiletaur/src/install/webots_ros2_msgs/include/webots_ros2_msgs/srv/detail
[7.166s] -- Installing: /home/shipengl/LRSMT/agiletaur/src/install/webots_ros2_msgs/include/webots_ros2_msgs/srv/detail/set_int__traits.hpp
[7.166s] -- Installing: /home/shipengl/LRSMT/agiletaur/src/install/webots_ros2_msgs/include/webots_ros2_msgs/srv/detail/set_int__builder.hpp
[7.166s] -- Installing: /home/shipengl/LRSMT/agiletaur/src/install/webots_ros2_msgs/include/webots_ros2_msgs/srv/detail/set_int__struct.hpp
[7.166s] -- Up-to-date: /home/shipengl/LRSMT/agiletaur/src/install/webots_ros2_msgs/include/webots_ros2_msgs/msg
[7.166s] -- Installing: /home/shipengl/LRSMT/agiletaur/src/install/webots_ros2_msgs/include/webots_ros2_msgs/msg/wb_camera_recognition_objects.hpp
[7.167s] -- Installing: /home/shipengl/LRSMT/agiletaur/src/install/webots_ros2_msgs/include/webots_ros2_msgs/msg/wb_camera_recognition_object.hpp
[7.167s] -- Up-to-date: /home/shipengl/LRSMT/agiletaur/src/install/webots_ros2_msgs/include/webots_ros2_msgs/msg/detail
[7.167s] -- Installing: /home/shipengl/LRSMT/agiletaur/src/install/webots_ros2_msgs/include/webots_ros2_msgs/msg/detail/wb_camera_recognition_objects__builder.hpp
[7.167s] -- Installing: /home/shipengl/LRSMT/agiletaur/src/install/webots_ros2_msgs/include/webots_ros2_msgs/msg/detail/wb_camera_recognition_objects__traits.hpp
[7.167s] -- Installing: /home/shipengl/LRSMT/agiletaur/src/install/webots_ros2_msgs/include/webots_ros2_msgs/msg/detail/wb_camera_recognition_object__builder.hpp
[7.167s] -- Installing: /home/shipengl/LRSMT/agiletaur/src/install/webots_ros2_msgs/include/webots_ros2_msgs/msg/detail/wb_camera_recognition_objects__struct.hpp
[7.167s] -- Installing: /home/shipengl/LRSMT/agiletaur/src/install/webots_ros2_msgs/include/webots_ros2_msgs/msg/detail/wb_camera_recognition_object__traits.hpp
[7.168s] -- Installing: /home/shipengl/LRSMT/agiletaur/src/install/webots_ros2_msgs/include/webots_ros2_msgs/msg/detail/wb_camera_recognition_object__struct.hpp
[7.168s] -- Up-to-date: /home/shipengl/LRSMT/agiletaur/src/install/webots_ros2_msgs/include/webots_ros2_msgs
[7.168s] -- Up-to-date: /home/shipengl/LRSMT/agiletaur/src/install/webots_ros2_msgs/include/webots_ros2_msgs/srv
[7.168s] -- Up-to-date: /home/shipengl/LRSMT/agiletaur/src/install/webots_ros2_msgs/include/webots_ros2_msgs/srv/detail
[7.168s] -- Installing: /home/shipengl/LRSMT/agiletaur/src/install/webots_ros2_msgs/include/webots_ros2_msgs/srv/detail/set_int__rosidl_typesupport_introspection_cpp.hpp
[7.168s] -- Installing: /home/shipengl/LRSMT/agiletaur/src/install/webots_ros2_msgs/include/webots_ros2_msgs/srv/detail/set_int__type_support.cpp
[7.168s] -- Up-to-date: /home/shipengl/LRSMT/agiletaur/src/install/webots_ros2_msgs/include/webots_ros2_msgs/msg
[7.168s] -- Up-to-date: /home/shipengl/LRSMT/agiletaur/src/install/webots_ros2_msgs/include/webots_ros2_msgs/msg/detail
[7.168s] -- Installing: /home/shipengl/LRSMT/agiletaur/src/install/webots_ros2_msgs/include/webots_ros2_msgs/msg/detail/wb_camera_recognition_object__type_support.cpp
[7.168s] -- Installing: /home/shipengl/LRSMT/agiletaur/src/install/webots_ros2_msgs/include/webots_ros2_msgs/msg/detail/wb_camera_recognition_object__rosidl_typesupport_introspection_cpp.hpp
[7.168s] -- Installing: /home/shipengl/LRSMT/agiletaur/src/install/webots_ros2_msgs/include/webots_ros2_msgs/msg/detail/wb_camera_recognition_objects__type_support.cpp
[7.169s] -- Installing: /home/shipengl/LRSMT/agiletaur/src/install/webots_ros2_msgs/include/webots_ros2_msgs/msg/detail/wb_camera_recognition_objects__rosidl_typesupport_introspection_cpp.hpp
[7.169s] -- Installing: /home/shipengl/LRSMT/agiletaur/src/install/webots_ros2_msgs/lib/libwebots_ros2_msgs__rosidl_typesupport_introspection_cpp.so
[7.169s] -- Set runtime path of "/home/shipengl/LRSMT/agiletaur/src/install/webots_ros2_msgs/lib/libwebots_ros2_msgs__rosidl_typesupport_introspection_cpp.so" to ""
[7.169s] -- Installing: /home/shipengl/LRSMT/agiletaur/src/install/webots_ros2_msgs/lib/libwebots_ros2_msgs__rosidl_typesupport_cpp.so
[7.169s] -- Set runtime path of "/home/shipengl/LRSMT/agiletaur/src/install/webots_ros2_msgs/lib/libwebots_ros2_msgs__rosidl_typesupport_cpp.so" to ""
[7.169s] -- Installing: /home/shipengl/LRSMT/agiletaur/src/install/webots_ros2_msgs/share/webots_ros2_msgs/environment/pythonpath.sh
[7.169s] -- Installing: /home/shipengl/LRSMT/agiletaur/src/install/webots_ros2_msgs/share/webots_ros2_msgs/environment/pythonpath.dsv
[7.169s] -- Installing: /home/shipengl/LRSMT/agiletaur/src/install/webots_ros2_msgs/lib/python3.8/site-packages/webots_ros2_msgs/__init__.py
[7.209s] Compiling '/home/shipengl/LRSMT/agiletaur/src/install/webots_ros2_msgs/lib/python3.8/site-packages/webots_ros2_msgs/__init__.py'...
[7.211s] -- Installing: /home/shipengl/LRSMT/agiletaur/src/install/webots_ros2_msgs/lib/python3.8/site-packages/webots_ros2_msgs/msg
[7.211s] -- Installing: /home/shipengl/LRSMT/agiletaur/src/install/webots_ros2_msgs/lib/python3.8/site-packages/webots_ros2_msgs/msg/_wb_camera_recognition_objects.py
[7.211s] -- Installing: /home/shipengl/LRSMT/agiletaur/src/install/webots_ros2_msgs/lib/python3.8/site-packages/webots_ros2_msgs/msg/__init__.py
[7.211s] -- Installing: /home/shipengl/LRSMT/agiletaur/src/install/webots_ros2_msgs/lib/python3.8/site-packages/webots_ros2_msgs/msg/_wb_camera_recognition_objects_s.c
[7.212s] -- Installing: /home/shipengl/LRSMT/agiletaur/src/install/webots_ros2_msgs/lib/python3.8/site-packages/webots_ros2_msgs/msg/_wb_camera_recognition_object.py
[7.212s] -- Installing: /home/shipengl/LRSMT/agiletaur/src/install/webots_ros2_msgs/lib/python3.8/site-packages/webots_ros2_msgs/msg/_wb_camera_recognition_object_s.c
[7.212s] -- Installing: /home/shipengl/LRSMT/agiletaur/src/install/webots_ros2_msgs/lib/python3.8/site-packages/webots_ros2_msgs/srv
[7.212s] -- Installing: /home/shipengl/LRSMT/agiletaur/src/install/webots_ros2_msgs/lib/python3.8/site-packages/webots_ros2_msgs/srv/__init__.py
[7.212s] -- Installing: /home/shipengl/LRSMT/agiletaur/src/install/webots_ros2_msgs/lib/python3.8/site-packages/webots_ros2_msgs/srv/_set_int_s.c
[7.212s] -- Installing: /home/shipengl/LRSMT/agiletaur/src/install/webots_ros2_msgs/lib/python3.8/site-packages/webots_ros2_msgs/srv/_set_int.py
[7.212s] -- Installing: /home/shipengl/LRSMT/agiletaur/src/install/webots_ros2_msgs/lib/python3.8/site-packages/webots_ros2_msgs/webots_ros2_msgs_s__rosidl_typesupport_fastrtps_c.cpython-38-x86_64-linux-gnu.so
[7.213s] -- Set runtime path of "/home/shipengl/LRSMT/agiletaur/src/install/webots_ros2_msgs/lib/python3.8/site-packages/webots_ros2_msgs/webots_ros2_msgs_s__rosidl_typesupport_fastrtps_c.cpython-38-x86_64-linux-gnu.so" to ""
[7.213s] -- Installing: /home/shipengl/LRSMT/agiletaur/src/install/webots_ros2_msgs/lib/python3.8/site-packages/webots_ros2_msgs/webots_ros2_msgs_s__rosidl_typesupport_introspection_c.cpython-38-x86_64-linux-gnu.so
[7.213s] -- Set runtime path of "/home/shipengl/LRSMT/agiletaur/src/install/webots_ros2_msgs/lib/python3.8/site-packages/webots_ros2_msgs/webots_ros2_msgs_s__rosidl_typesupport_introspection_c.cpython-38-x86_64-linux-gnu.so" to ""
[7.213s] -- Installing: /home/shipengl/LRSMT/agiletaur/src/install/webots_ros2_msgs/lib/python3.8/site-packages/webots_ros2_msgs/webots_ros2_msgs_s__rosidl_typesupport_c.cpython-38-x86_64-linux-gnu.so
[7.214s] -- Set runtime path of "/home/shipengl/LRSMT/agiletaur/src/install/webots_ros2_msgs/lib/python3.8/site-packages/webots_ros2_msgs/webots_ros2_msgs_s__rosidl_typesupport_c.cpython-38-x86_64-linux-gnu.so" to ""
[7.214s] -- Installing: /home/shipengl/LRSMT/agiletaur/src/install/webots_ros2_msgs/lib/libwebots_ros2_msgs__python.so
[7.214s] -- Set runtime path of "/home/shipengl/LRSMT/agiletaur/src/install/webots_ros2_msgs/lib/libwebots_ros2_msgs__python.so" to ""
[7.215s] -- Installing: /home/shipengl/LRSMT/agiletaur/src/install/webots_ros2_msgs/share/webots_ros2_msgs/msg/WbCameraRecognitionObject.idl
[7.215s] -- Installing: /home/shipengl/LRSMT/agiletaur/src/install/webots_ros2_msgs/share/webots_ros2_msgs/msg/WbCameraRecognitionObjects.idl
[7.215s] -- Installing: /home/shipengl/LRSMT/agiletaur/src/install/webots_ros2_msgs/share/webots_ros2_msgs/srv/SetInt.idl
[7.215s] -- Installing: /home/shipengl/LRSMT/agiletaur/src/install/webots_ros2_msgs/share/webots_ros2_msgs/msg/WbCameraRecognitionObject.msg
[7.215s] -- Installing: /home/shipengl/LRSMT/agiletaur/src/install/webots_ros2_msgs/share/webots_ros2_msgs/msg/WbCameraRecognitionObjects.msg
[7.215s] -- Installing: /home/shipengl/LRSMT/agiletaur/src/install/webots_ros2_msgs/share/webots_ros2_msgs/srv/SetInt.srv
[7.215s] -- Installing: /home/shipengl/LRSMT/agiletaur/src/install/webots_ros2_msgs/share/webots_ros2_msgs/srv/SetInt_Request.msg
[7.215s] -- Installing: /home/shipengl/LRSMT/agiletaur/src/install/webots_ros2_msgs/share/webots_ros2_msgs/srv/SetInt_Response.msg
[7.215s] -- Installing: /home/shipengl/LRSMT/agiletaur/src/install/webots_ros2_msgs/share/ament_index/resource_index/package_run_dependencies/webots_ros2_msgs
[7.216s] -- Installing: /home/shipengl/LRSMT/agiletaur/src/install/webots_ros2_msgs/share/ament_index/resource_index/parent_prefix_path/webots_ros2_msgs
[7.216s] -- Installing: /home/shipengl/LRSMT/agiletaur/src/install/webots_ros2_msgs/share/webots_ros2_msgs/environment/ament_prefix_path.sh
[7.216s] -- Installing: /home/shipengl/LRSMT/agiletaur/src/install/webots_ros2_msgs/share/webots_ros2_msgs/environment/ament_prefix_path.dsv
[7.216s] -- Installing: /home/shipengl/LRSMT/agiletaur/src/install/webots_ros2_msgs/share/webots_ros2_msgs/environment/path.sh
[7.216s] -- Installing: /home/shipengl/LRSMT/agiletaur/src/install/webots_ros2_msgs/share/webots_ros2_msgs/environment/path.dsv
[7.217s] -- Installing: /home/shipengl/LRSMT/agiletaur/src/install/webots_ros2_msgs/share/webots_ros2_msgs/local_setup.bash
[7.217s] -- Installing: /home/shipengl/LRSMT/agiletaur/src/install/webots_ros2_msgs/share/webots_ros2_msgs/local_setup.sh
[7.217s] -- Installing: /home/shipengl/LRSMT/agiletaur/src/install/webots_ros2_msgs/share/webots_ros2_msgs/local_setup.zsh
[7.217s] -- Installing: /home/shipengl/LRSMT/agiletaur/src/install/webots_ros2_msgs/share/webots_ros2_msgs/local_setup.dsv
[7.217s] -- Installing: /home/shipengl/LRSMT/agiletaur/src/install/webots_ros2_msgs/share/webots_ros2_msgs/package.dsv
[7.217s] -- Installing: /home/shipengl/LRSMT/agiletaur/src/install/webots_ros2_msgs/share/ament_index/resource_index/packages/webots_ros2_msgs
[7.217s] -- Installing: /home/shipengl/LRSMT/agiletaur/src/install/webots_ros2_msgs/share/webots_ros2_msgs/cmake/webots_ros2_msgs__rosidl_generator_cExport.cmake
[7.217s] -- Installing: /home/shipengl/LRSMT/agiletaur/src/install/webots_ros2_msgs/share/webots_ros2_msgs/cmake/webots_ros2_msgs__rosidl_generator_cExport-noconfig.cmake
[7.218s] -- Installing: /home/shipengl/LRSMT/agiletaur/src/install/webots_ros2_msgs/share/webots_ros2_msgs/cmake/webots_ros2_msgs__rosidl_typesupport_introspection_cExport.cmake
[7.218s] -- Installing: /home/shipengl/LRSMT/agiletaur/src/install/webots_ros2_msgs/share/webots_ros2_msgs/cmake/webots_ros2_msgs__rosidl_typesupport_introspection_cExport-noconfig.cmake
[7.218s] -- Installing: /home/shipengl/LRSMT/agiletaur/src/install/webots_ros2_msgs/share/webots_ros2_msgs/cmake/webots_ros2_msgs__rosidl_typesupport_cExport.cmake
[7.218s] -- Installing: /home/shipengl/LRSMT/agiletaur/src/install/webots_ros2_msgs/share/webots_ros2_msgs/cmake/webots_ros2_msgs__rosidl_typesupport_cExport-noconfig.cmake
[7.218s] -- Installing: /home/shipengl/LRSMT/agiletaur/src/install/webots_ros2_msgs/share/webots_ros2_msgs/cmake/webots_ros2_msgs__rosidl_generator_cppExport.cmake
[7.218s] -- Installing: /home/shipengl/LRSMT/agiletaur/src/install/webots_ros2_msgs/share/webots_ros2_msgs/cmake/webots_ros2_msgs__rosidl_typesupport_introspection_cppExport.cmake
[7.218s] -- Installing: /home/shipengl/LRSMT/agiletaur/src/install/webots_ros2_msgs/share/webots_ros2_msgs/cmake/webots_ros2_msgs__rosidl_typesupport_introspection_cppExport-noconfig.cmake
[7.219s] -- Installing: /home/shipengl/LRSMT/agiletaur/src/install/webots_ros2_msgs/share/webots_ros2_msgs/cmake/webots_ros2_msgs__rosidl_typesupport_cppExport.cmake
[7.219s] -- Installing: /home/shipengl/LRSMT/agiletaur/src/install/webots_ros2_msgs/share/webots_ros2_msgs/cmake/webots_ros2_msgs__rosidl_typesupport_cppExport-noconfig.cmake
[7.219s] -- Installing: /home/shipengl/LRSMT/agiletaur/src/install/webots_ros2_msgs/share/webots_ros2_msgs/cmake/rosidl_cmake-extras.cmake
[7.219s] -- Installing: /home/shipengl/LRSMT/agiletaur/src/install/webots_ros2_msgs/share/webots_ros2_msgs/cmake/ament_cmake_export_dependencies-extras.cmake
[7.219s] -- Installing: /home/shipengl/LRSMT/agiletaur/src/install/webots_ros2_msgs/share/webots_ros2_msgs/cmake/ament_cmake_export_libraries-extras.cmake
[7.219s] -- Installing: /home/shipengl/LRSMT/agiletaur/src/install/webots_ros2_msgs/share/webots_ros2_msgs/cmake/ament_cmake_export_targets-extras.cmake
[7.219s] -- Installing: /home/shipengl/LRSMT/agiletaur/src/install/webots_ros2_msgs/share/webots_ros2_msgs/cmake/ament_cmake_export_include_directories-extras.cmake
[7.219s] -- Installing: /home/shipengl/LRSMT/agiletaur/src/install/webots_ros2_msgs/share/webots_ros2_msgs/cmake/rosidl_cmake_export_typesupport_libraries-extras.cmake
[7.219s] -- Installing: /home/shipengl/LRSMT/agiletaur/src/install/webots_ros2_msgs/share/webots_ros2_msgs/cmake/rosidl_cmake_export_typesupport_targets-extras.cmake
[7.220s] -- Installing: /home/shipengl/LRSMT/agiletaur/src/install/webots_ros2_msgs/share/webots_ros2_msgs/cmake/webots_ros2_msgsConfig.cmake
[7.220s] -- Installing: /home/shipengl/LRSMT/agiletaur/src/install/webots_ros2_msgs/share/webots_ros2_msgs/cmake/webots_ros2_msgsConfig-version.cmake
[7.220s] -- Installing: /home/shipengl/LRSMT/agiletaur/src/install/webots_ros2_msgs/share/webots_ros2_msgs/package.xml
[7.224s] Invoked command in '/home/shipengl/LRSMT/agiletaur/src/build/webots_ros2_msgs' returned '0': CMAKE_PREFIX_PATH=/opt/ros/foxy /usr/bin/cmake --install /home/shipengl/LRSMT/agiletaur/src/build/webots_ros2_msgs
