Performing C++ SOURCE FILE Test COMPILER_SUPPORT_Wshorten64to32 failed with the following output:
Change Dir: /home/shipengl/LRSMT/build/Eigen3/CMakeFiles/CMakeTmp

Run Build Command(s):/usr/bin/make cmTC_61403/fast && /usr/bin/make -f CMakeFiles/cmTC_61403.dir/build.make CMakeFiles/cmTC_61403.dir/build
make[1]: Entering directory '/home/shipengl/LRSMT/build/Eigen3/CMakeFiles/CMakeTmp'
Building CXX object CMakeFiles/cmTC_61403.dir/src.cxx.o
/usr/bin/c++    -pedantic -Wall -Wextra -Wundef -Wcast-align -Wchar-subscripts -Wnon-virtual-dtor -Wunused-local-typedefs -Wpointer-arith -Wwrite-strings -Wformat-security -DCOMPILER_SUPPORT_Wshorten64to32 -Werror   -Wshorten-64-to-32 -o CMakeFiles/cmTC_61403.dir/src.cxx.o -c /home/shipengl/LRSMT/build/Eigen3/CMakeFiles/CMakeTmp/src.cxx
c++: error: unrecognized command line option '-Wshorten-64-to-32'
make[1]: *** [CMakeFiles/cmTC_61403.dir/build.make:66: CMakeFiles/cmTC_61403.dir/src.cxx.o] Error 1
make[1]: Leaving directory '/home/shipengl/LRSMT/build/Eigen3/CMakeFiles/CMakeTmp'
make: *** [Makefile:121: cmTC_61403/fast] Error 2


Source file was:
int main() { return 0; }
Performing C++ SOURCE FILE Test COMPILER_SUPPORT_Wenumconversion failed with the following output:
Change Dir: /home/shipengl/LRSMT/build/Eigen3/CMakeFiles/CMakeTmp

Run Build Command(s):/usr/bin/make cmTC_e0970/fast && /usr/bin/make -f CMakeFiles/cmTC_e0970.dir/build.make CMakeFiles/cmTC_e0970.dir/build
make[1]: Entering directory '/home/shipengl/LRSMT/build/Eigen3/CMakeFiles/CMakeTmp'
Building CXX object CMakeFiles/cmTC_e0970.dir/src.cxx.o
/usr/bin/c++    -pedantic -Wall -Wextra -Wundef -Wcast-align -Wchar-subscripts -Wnon-virtual-dtor -Wunused-local-typedefs -Wpointer-arith -Wwrite-strings -Wformat-security -Wlogical-op -DCOMPILER_SUPPORT_Wenumconversion -Werror   -Wenum-conversion -o CMakeFiles/cmTC_e0970.dir/src.cxx.o -c /home/shipengl/LRSMT/build/Eigen3/CMakeFiles/CMakeTmp/src.cxx
c++: error: unrecognized command line option '-Wenum-conversion'; did you mean '-Wno-conversion'?
make[1]: *** [CMakeFiles/cmTC_e0970.dir/build.make:66: CMakeFiles/cmTC_e0970.dir/src.cxx.o] Error 1
make[1]: Leaving directory '/home/shipengl/LRSMT/build/Eigen3/CMakeFiles/CMakeTmp'
make: *** [Makefile:121: cmTC_e0970/fast] Error 2


Source file was:
int main() { return 0; }
Performing C++ SOURCE FILE Test COMPILER_SUPPORT_Wcpp11extensions failed with the following output:
Change Dir: /home/shipengl/LRSMT/build/Eigen3/CMakeFiles/CMakeTmp

Run Build Command(s):/usr/bin/make cmTC_bb967/fast && /usr/bin/make -f CMakeFiles/cmTC_bb967.dir/build.make CMakeFiles/cmTC_bb967.dir/build
make[1]: Entering directory '/home/shipengl/LRSMT/build/Eigen3/CMakeFiles/CMakeTmp'
Building CXX object CMakeFiles/cmTC_bb967.dir/src.cxx.o
/usr/bin/c++    -pedantic -Wall -Wextra -Wundef -Wcast-align -Wchar-subscripts -Wnon-virtual-dtor -Wunused-local-typedefs -Wpointer-arith -Wwrite-strings -Wformat-security -Wlogical-op -DCOMPILER_SUPPORT_Wcpp11extensions -Werror   -Wc++11-extensions -o CMakeFiles/cmTC_bb967.dir/src.cxx.o -c /home/shipengl/LRSMT/build/Eigen3/CMakeFiles/CMakeTmp/src.cxx
c++: error: unrecognized command line option '-Wc++11-extensions'; did you mean '-fms-extensions'?
make[1]: *** [CMakeFiles/cmTC_bb967.dir/build.make:66: CMakeFiles/cmTC_bb967.dir/src.cxx.o] Error 1
make[1]: Leaving directory '/home/shipengl/LRSMT/build/Eigen3/CMakeFiles/CMakeTmp'
make: *** [Makefile:121: cmTC_bb967/fast] Error 2


Source file was:
int main() { return 0; }
Performing C++ SOURCE FILE Test COMPILER_SUPPORT_wd981 failed with the following output:
Change Dir: /home/shipengl/LRSMT/build/Eigen3/CMakeFiles/CMakeTmp

Run Build Command(s):/usr/bin/make cmTC_11537/fast && /usr/bin/make -f CMakeFiles/cmTC_11537.dir/build.make CMakeFiles/cmTC_11537.dir/build
make[1]: Entering directory '/home/shipengl/LRSMT/build/Eigen3/CMakeFiles/CMakeTmp'
Building CXX object CMakeFiles/cmTC_11537.dir/src.cxx.o
/usr/bin/c++    -pedantic -Wall -Wextra -Wundef -Wcast-align -Wchar-subscripts -Wnon-virtual-dtor -Wunused-local-typedefs -Wpointer-arith -Wwrite-strings -Wformat-security -Wlogical-op -Wdouble-promotion -Wno-psabi -Wno-variadic-macros -Wno-long-long -fno-check-new -fno-common -fstrict-aliasing -DCOMPILER_SUPPORT_wd981 -Werror   -wd981 -o CMakeFiles/cmTC_11537.dir/src.cxx.o -c /home/shipengl/LRSMT/build/Eigen3/CMakeFiles/CMakeTmp/src.cxx
c++: error: unrecognized command line option '-wd981'
make[1]: *** [CMakeFiles/cmTC_11537.dir/build.make:66: CMakeFiles/cmTC_11537.dir/src.cxx.o] Error 1
make[1]: Leaving directory '/home/shipengl/LRSMT/build/Eigen3/CMakeFiles/CMakeTmp'
make: *** [Makefile:121: cmTC_11537/fast] Error 2


Source file was:
int main() { return 0; }
Performing C++ SOURCE FILE Test COMPILER_SUPPORT_wd2304 failed with the following output:
Change Dir: /home/shipengl/LRSMT/build/Eigen3/CMakeFiles/CMakeTmp

Run Build Command(s):/usr/bin/make cmTC_e941e/fast && /usr/bin/make -f CMakeFiles/cmTC_e941e.dir/build.make CMakeFiles/cmTC_e941e.dir/build
make[1]: Entering directory '/home/shipengl/LRSMT/build/Eigen3/CMakeFiles/CMakeTmp'
Building CXX object CMakeFiles/cmTC_e941e.dir/src.cxx.o
/usr/bin/c++    -pedantic -Wall -Wextra -Wundef -Wcast-align -Wchar-subscripts -Wnon-virtual-dtor -Wunused-local-typedefs -Wpointer-arith -Wwrite-strings -Wformat-security -Wlogical-op -Wdouble-promotion -Wno-psabi -Wno-variadic-macros -Wno-long-long -fno-check-new -fno-common -fstrict-aliasing -DCOMPILER_SUPPORT_wd2304 -Werror   -wd2304 -o CMakeFiles/cmTC_e941e.dir/src.cxx.o -c /home/shipengl/LRSMT/build/Eigen3/CMakeFiles/CMakeTmp/src.cxx
c++: error: unrecognized command line option '-wd2304'
make[1]: *** [CMakeFiles/cmTC_e941e.dir/build.make:66: CMakeFiles/cmTC_e941e.dir/src.cxx.o] Error 1
make[1]: Leaving directory '/home/shipengl/LRSMT/build/Eigen3/CMakeFiles/CMakeTmp'
make: *** [Makefile:121: cmTC_e941e/fast] Error 2


Source file was:
int main() { return 0; }
Performing C++ SOURCE FILE Test COMPILER_SUPPORT_STRICTANSI failed with the following output:
Change Dir: /home/shipengl/LRSMT/build/Eigen3/CMakeFiles/CMakeTmp

Run Build Command(s):/usr/bin/make cmTC_96a94/fast && /usr/bin/make -f CMakeFiles/cmTC_96a94.dir/build.make CMakeFiles/cmTC_96a94.dir/build
make[1]: Entering directory '/home/shipengl/LRSMT/build/Eigen3/CMakeFiles/CMakeTmp'
Building CXX object CMakeFiles/cmTC_96a94.dir/src.cxx.o
/usr/bin/c++    -pedantic -Wall -Wextra -Wundef -Wcast-align -Wchar-subscripts -Wnon-virtual-dtor -Wunused-local-typedefs -Wpointer-arith -Wwrite-strings -Wformat-security -Wlogical-op -Wdouble-promotion -Wno-psabi -Wno-variadic-macros -Wno-long-long -fno-check-new -fno-common -fstrict-aliasing -DCOMPILER_SUPPORT_STRICTANSI -Werror   -strict-ansi -o CMakeFiles/cmTC_96a94.dir/src.cxx.o -c /home/shipengl/LRSMT/build/Eigen3/CMakeFiles/CMakeTmp/src.cxx
c++: error: unrecognized command line option '-strict-ansi'; did you mean '-fstrict-enums'?
make[1]: *** [CMakeFiles/cmTC_96a94.dir/build.make:66: CMakeFiles/cmTC_96a94.dir/src.cxx.o] Error 1
make[1]: Leaving directory '/home/shipengl/LRSMT/build/Eigen3/CMakeFiles/CMakeTmp'
make: *** [Makefile:121: cmTC_96a94/fast] Error 2


Source file was:
int main() { return 0; }
Performing C++ SOURCE FILE Test COMPILER_SUPPORT_Qunusedarguments failed with the following output:
Change Dir: /home/shipengl/LRSMT/build/Eigen3/CMakeFiles/CMakeTmp

Run Build Command(s):/usr/bin/make cmTC_55f32/fast && /usr/bin/make -f CMakeFiles/cmTC_55f32.dir/build.make CMakeFiles/cmTC_55f32.dir/build
make[1]: Entering directory '/home/shipengl/LRSMT/build/Eigen3/CMakeFiles/CMakeTmp'
Building CXX object CMakeFiles/cmTC_55f32.dir/src.cxx.o
/usr/bin/c++    -pedantic -Wall -Wextra -Wundef -Wcast-align -Wchar-subscripts -Wnon-virtual-dtor -Wunused-local-typedefs -Wpointer-arith -Wwrite-strings -Wformat-security -Wlogical-op -Wdouble-promotion -Wno-psabi -Wno-variadic-macros -Wno-long-long -fno-check-new -fno-common -fstrict-aliasing -DCOMPILER_SUPPORT_Qunusedarguments -Werror   -Qunused-arguments -o CMakeFiles/cmTC_55f32.dir/src.cxx.o -c /home/shipengl/LRSMT/build/Eigen3/CMakeFiles/CMakeTmp/src.cxx
c++: error: unrecognized command line option '-Qunused-arguments'
make[1]: *** [CMakeFiles/cmTC_55f32.dir/build.make:66: CMakeFiles/cmTC_55f32.dir/src.cxx.o] Error 1
make[1]: Leaving directory '/home/shipengl/LRSMT/build/Eigen3/CMakeFiles/CMakeTmp'
make: *** [Makefile:121: cmTC_55f32/fast] Error 2


Source file was:
int main() { return 0; }
Performing C SOURCE FILE Test CMAKE_HAVE_LIBC_PTHREAD failed with the following output:
Change Dir: /home/shipengl/LRSMT/build/Eigen3/CMakeFiles/CMakeTmp

Run Build Command(s):/usr/bin/make cmTC_1a2b2/fast && /usr/bin/make -f CMakeFiles/cmTC_1a2b2.dir/build.make CMakeFiles/cmTC_1a2b2.dir/build
make[1]: Entering directory '/home/shipengl/LRSMT/build/Eigen3/CMakeFiles/CMakeTmp'
Building C object CMakeFiles/cmTC_1a2b2.dir/src.c.o
/usr/bin/cc   -DCMAKE_HAVE_LIBC_PTHREAD   -o CMakeFiles/cmTC_1a2b2.dir/src.c.o   -c /home/shipengl/LRSMT/build/Eigen3/CMakeFiles/CMakeTmp/src.c
Linking C executable cmTC_1a2b2
/usr/bin/cmake -E cmake_link_script CMakeFiles/cmTC_1a2b2.dir/link.txt --verbose=1
/usr/bin/cc  -DCMAKE_HAVE_LIBC_PTHREAD    -rdynamic CMakeFiles/cmTC_1a2b2.dir/src.c.o  -o cmTC_1a2b2 
/usr/bin/ld: CMakeFiles/cmTC_1a2b2.dir/src.c.o: in function `main':
src.c:(.text+0x46): undefined reference to `pthread_create'
/usr/bin/ld: src.c:(.text+0x52): undefined reference to `pthread_detach'
/usr/bin/ld: src.c:(.text+0x63): undefined reference to `pthread_join'
collect2: error: ld returned 1 exit status
make[1]: *** [CMakeFiles/cmTC_1a2b2.dir/build.make:87: cmTC_1a2b2] Error 1
make[1]: Leaving directory '/home/shipengl/LRSMT/build/Eigen3/CMakeFiles/CMakeTmp'
make: *** [Makefile:121: cmTC_1a2b2/fast] Error 2


Source file was:
#include <pthread.h>

void* test_func(void* data)
{
  return data;
}

int main(void)
{
  pthread_t thread;
  pthread_create(&thread, NULL, test_func, NULL);
  pthread_detach(thread);
  pthread_join(thread, NULL);
  pthread_atfork(NULL, NULL, NULL);
  pthread_exit(NULL);

  return 0;
}

Determining if the function pthread_create exists in the pthreads failed with the following output:
Change Dir: /home/shipengl/LRSMT/build/Eigen3/CMakeFiles/CMakeTmp

Run Build Command(s):/usr/bin/make cmTC_ffc67/fast && /usr/bin/make -f CMakeFiles/cmTC_ffc67.dir/build.make CMakeFiles/cmTC_ffc67.dir/build
make[1]: Entering directory '/home/shipengl/LRSMT/build/Eigen3/CMakeFiles/CMakeTmp'
Building C object CMakeFiles/cmTC_ffc67.dir/CheckFunctionExists.c.o
/usr/bin/cc   -DCHECK_FUNCTION_EXISTS=pthread_create   -o CMakeFiles/cmTC_ffc67.dir/CheckFunctionExists.c.o   -c /usr/share/cmake-3.16/Modules/CheckFunctionExists.c
Linking C executable cmTC_ffc67
/usr/bin/cmake -E cmake_link_script CMakeFiles/cmTC_ffc67.dir/link.txt --verbose=1
/usr/bin/cc  -DCHECK_FUNCTION_EXISTS=pthread_create    -rdynamic CMakeFiles/cmTC_ffc67.dir/CheckFunctionExists.c.o  -o cmTC_ffc67  -lpthreads 
/usr/bin/ld: cannot find -lpthreads
collect2: error: ld returned 1 exit status
make[1]: *** [CMakeFiles/cmTC_ffc67.dir/build.make:87: cmTC_ffc67] Error 1
make[1]: Leaving directory '/home/shipengl/LRSMT/build/Eigen3/CMakeFiles/CMakeTmp'
make: *** [Makefile:121: cmTC_ffc67/fast] Error 2



