Performing C++ SOURCE FILE Test COMPILER_SUPPORT_Wshorten64to32 failed with the following output:
Change Dir: /home/shipengl/LRSMT/env_build/eigen-3.3.2/build/CMakeFiles/CMakeTmp

Run Build Command:"/usr/bin/make" "cmTC_cc30e/fast"
/usr/bin/make -f CMakeFiles/cmTC_cc30e.dir/build.make CMakeFiles/cmTC_cc30e.dir/build
make[1]: Entering directory '/home/shipengl/LRSMT/env_build/eigen-3.3.2/build/CMakeFiles/CMakeTmp'
Building CXX object CMakeFiles/cmTC_cc30e.dir/src.cxx.o
/usr/bin/c++    -pedantic -Wall -Wextra -Wundef -Wcast-align -Wchar-subscripts -Wnon-virtual-dtor -Wunused-local-typedefs -Wpointer-arith -Wwrite-strings -Wformat-security -DCOMPILER_SUPPORT_Wshorten64to32 -Werror   -Wshorten-64-to-32 -o CMakeFiles/cmTC_cc30e.dir/src.cxx.o -c /home/shipengl/LRSMT/env_build/eigen-3.3.2/build/CMakeFiles/CMakeTmp/src.cxx
c++: error: unrecognized command line option '-Wshorten-64-to-32'
CMakeFiles/cmTC_cc30e.dir/build.make:65: recipe for target 'CMakeFiles/cmTC_cc30e.dir/src.cxx.o' failed
make[1]: *** [CMakeFiles/cmTC_cc30e.dir/src.cxx.o] Error 1
make[1]: Leaving directory '/home/shipengl/LRSMT/env_build/eigen-3.3.2/build/CMakeFiles/CMakeTmp'
Makefile:126: recipe for target 'cmTC_cc30e/fast' failed
make: *** [cmTC_cc30e/fast] Error 2

Source file was:
int main() { return 0; }
Performing C++ SOURCE FILE Test COMPILER_SUPPORT_Wenumconversion failed with the following output:
Change Dir: /home/shipengl/LRSMT/env_build/eigen-3.3.2/build/CMakeFiles/CMakeTmp

Run Build Command:"/usr/bin/make" "cmTC_6f4ed/fast"
/usr/bin/make -f CMakeFiles/cmTC_6f4ed.dir/build.make CMakeFiles/cmTC_6f4ed.dir/build
make[1]: Entering directory '/home/shipengl/LRSMT/env_build/eigen-3.3.2/build/CMakeFiles/CMakeTmp'
Building CXX object CMakeFiles/cmTC_6f4ed.dir/src.cxx.o
/usr/bin/c++    -pedantic -Wall -Wextra -Wundef -Wcast-align -Wchar-subscripts -Wnon-virtual-dtor -Wunused-local-typedefs -Wpointer-arith -Wwrite-strings -Wformat-security -Wlogical-op -DCOMPILER_SUPPORT_Wenumconversion -Werror   -Wenum-conversion -o CMakeFiles/cmTC_6f4ed.dir/src.cxx.o -c /home/shipengl/LRSMT/env_build/eigen-3.3.2/build/CMakeFiles/CMakeTmp/src.cxx
c++: error: unrecognized command line option '-Wenum-conversion'; did you mean '-Wno-conversion'?
CMakeFiles/cmTC_6f4ed.dir/build.make:65: recipe for target 'CMakeFiles/cmTC_6f4ed.dir/src.cxx.o' failed
make[1]: *** [CMakeFiles/cmTC_6f4ed.dir/src.cxx.o] Error 1
make[1]: Leaving directory '/home/shipengl/LRSMT/env_build/eigen-3.3.2/build/CMakeFiles/CMakeTmp'
Makefile:126: recipe for target 'cmTC_6f4ed/fast' failed
make: *** [cmTC_6f4ed/fast] Error 2

Source file was:
int main() { return 0; }
Performing C++ SOURCE FILE Test COMPILER_SUPPORT_Wcpp11extensions failed with the following output:
Change Dir: /home/shipengl/LRSMT/env_build/eigen-3.3.2/build/CMakeFiles/CMakeTmp

Run Build Command:"/usr/bin/make" "cmTC_f5da1/fast"
/usr/bin/make -f CMakeFiles/cmTC_f5da1.dir/build.make CMakeFiles/cmTC_f5da1.dir/build
make[1]: Entering directory '/home/shipengl/LRSMT/env_build/eigen-3.3.2/build/CMakeFiles/CMakeTmp'
Building CXX object CMakeFiles/cmTC_f5da1.dir/src.cxx.o
/usr/bin/c++    -pedantic -Wall -Wextra -Wundef -Wcast-align -Wchar-subscripts -Wnon-virtual-dtor -Wunused-local-typedefs -Wpointer-arith -Wwrite-strings -Wformat-security -Wlogical-op -DCOMPILER_SUPPORT_Wcpp11extensions -Werror   -Wc++11-extensions -o CMakeFiles/cmTC_f5da1.dir/src.cxx.o -c /home/shipengl/LRSMT/env_build/eigen-3.3.2/build/CMakeFiles/CMakeTmp/src.cxx
c++: error: unrecognized command line option '-Wc++11-extensions'; did you mean '-fms-extensions'?
CMakeFiles/cmTC_f5da1.dir/build.make:65: recipe for target 'CMakeFiles/cmTC_f5da1.dir/src.cxx.o' failed
make[1]: *** [CMakeFiles/cmTC_f5da1.dir/src.cxx.o] Error 1
make[1]: Leaving directory '/home/shipengl/LRSMT/env_build/eigen-3.3.2/build/CMakeFiles/CMakeTmp'
Makefile:126: recipe for target 'cmTC_f5da1/fast' failed
make: *** [cmTC_f5da1/fast] Error 2

Source file was:
int main() { return 0; }
Performing C++ SOURCE FILE Test COMPILER_SUPPORT_wd981 failed with the following output:
Change Dir: /home/shipengl/LRSMT/env_build/eigen-3.3.2/build/CMakeFiles/CMakeTmp

Run Build Command:"/usr/bin/make" "cmTC_19200/fast"
/usr/bin/make -f CMakeFiles/cmTC_19200.dir/build.make CMakeFiles/cmTC_19200.dir/build
make[1]: Entering directory '/home/shipengl/LRSMT/env_build/eigen-3.3.2/build/CMakeFiles/CMakeTmp'
Building CXX object CMakeFiles/cmTC_19200.dir/src.cxx.o
/usr/bin/c++    -pedantic -Wall -Wextra -Wundef -Wcast-align -Wchar-subscripts -Wnon-virtual-dtor -Wunused-local-typedefs -Wpointer-arith -Wwrite-strings -Wformat-security -Wlogical-op -Wdouble-promotion -Wno-psabi -Wno-variadic-macros -Wno-long-long -fno-check-new -fno-common -fstrict-aliasing -DCOMPILER_SUPPORT_wd981 -Werror   -wd981 -o CMakeFiles/cmTC_19200.dir/src.cxx.o -c /home/shipengl/LRSMT/env_build/eigen-3.3.2/build/CMakeFiles/CMakeTmp/src.cxx
c++: error: unrecognized command line option '-wd981'
CMakeFiles/cmTC_19200.dir/build.make:65: recipe for target 'CMakeFiles/cmTC_19200.dir/src.cxx.o' failed
make[1]: *** [CMakeFiles/cmTC_19200.dir/src.cxx.o] Error 1
make[1]: Leaving directory '/home/shipengl/LRSMT/env_build/eigen-3.3.2/build/CMakeFiles/CMakeTmp'
Makefile:126: recipe for target 'cmTC_19200/fast' failed
make: *** [cmTC_19200/fast] Error 2

Source file was:
int main() { return 0; }
Performing C++ SOURCE FILE Test COMPILER_SUPPORT_wd2304 failed with the following output:
Change Dir: /home/shipengl/LRSMT/env_build/eigen-3.3.2/build/CMakeFiles/CMakeTmp

Run Build Command:"/usr/bin/make" "cmTC_e1950/fast"
/usr/bin/make -f CMakeFiles/cmTC_e1950.dir/build.make CMakeFiles/cmTC_e1950.dir/build
make[1]: Entering directory '/home/shipengl/LRSMT/env_build/eigen-3.3.2/build/CMakeFiles/CMakeTmp'
Building CXX object CMakeFiles/cmTC_e1950.dir/src.cxx.o
/usr/bin/c++    -pedantic -Wall -Wextra -Wundef -Wcast-align -Wchar-subscripts -Wnon-virtual-dtor -Wunused-local-typedefs -Wpointer-arith -Wwrite-strings -Wformat-security -Wlogical-op -Wdouble-promotion -Wno-psabi -Wno-variadic-macros -Wno-long-long -fno-check-new -fno-common -fstrict-aliasing -DCOMPILER_SUPPORT_wd2304 -Werror   -wd2304 -o CMakeFiles/cmTC_e1950.dir/src.cxx.o -c /home/shipengl/LRSMT/env_build/eigen-3.3.2/build/CMakeFiles/CMakeTmp/src.cxx
c++: error: unrecognized command line option '-wd2304'
CMakeFiles/cmTC_e1950.dir/build.make:65: recipe for target 'CMakeFiles/cmTC_e1950.dir/src.cxx.o' failed
make[1]: *** [CMakeFiles/cmTC_e1950.dir/src.cxx.o] Error 1
make[1]: Leaving directory '/home/shipengl/LRSMT/env_build/eigen-3.3.2/build/CMakeFiles/CMakeTmp'
Makefile:126: recipe for target 'cmTC_e1950/fast' failed
make: *** [cmTC_e1950/fast] Error 2

Source file was:
int main() { return 0; }
Performing C++ SOURCE FILE Test COMPILER_SUPPORT_STRICTANSI failed with the following output:
Change Dir: /home/shipengl/LRSMT/env_build/eigen-3.3.2/build/CMakeFiles/CMakeTmp

Run Build Command:"/usr/bin/make" "cmTC_658d2/fast"
/usr/bin/make -f CMakeFiles/cmTC_658d2.dir/build.make CMakeFiles/cmTC_658d2.dir/build
make[1]: Entering directory '/home/shipengl/LRSMT/env_build/eigen-3.3.2/build/CMakeFiles/CMakeTmp'
Building CXX object CMakeFiles/cmTC_658d2.dir/src.cxx.o
/usr/bin/c++    -pedantic -Wall -Wextra -Wundef -Wcast-align -Wchar-subscripts -Wnon-virtual-dtor -Wunused-local-typedefs -Wpointer-arith -Wwrite-strings -Wformat-security -Wlogical-op -Wdouble-promotion -Wno-psabi -Wno-variadic-macros -Wno-long-long -fno-check-new -fno-common -fstrict-aliasing -DCOMPILER_SUPPORT_STRICTANSI -Werror   -strict-ansi -o CMakeFiles/cmTC_658d2.dir/src.cxx.o -c /home/shipengl/LRSMT/env_build/eigen-3.3.2/build/CMakeFiles/CMakeTmp/src.cxx
c++: error: unrecognized command line option '-strict-ansi'; did you mean '-fstrict-enums'?
CMakeFiles/cmTC_658d2.dir/build.make:65: recipe for target 'CMakeFiles/cmTC_658d2.dir/src.cxx.o' failed
make[1]: *** [CMakeFiles/cmTC_658d2.dir/src.cxx.o] Error 1
make[1]: Leaving directory '/home/shipengl/LRSMT/env_build/eigen-3.3.2/build/CMakeFiles/CMakeTmp'
Makefile:126: recipe for target 'cmTC_658d2/fast' failed
make: *** [cmTC_658d2/fast] Error 2

Source file was:
int main() { return 0; }
Performing C++ SOURCE FILE Test COMPILER_SUPPORT_Qunusedarguments failed with the following output:
Change Dir: /home/shipengl/LRSMT/env_build/eigen-3.3.2/build/CMakeFiles/CMakeTmp

Run Build Command:"/usr/bin/make" "cmTC_dd956/fast"
/usr/bin/make -f CMakeFiles/cmTC_dd956.dir/build.make CMakeFiles/cmTC_dd956.dir/build
make[1]: Entering directory '/home/shipengl/LRSMT/env_build/eigen-3.3.2/build/CMakeFiles/CMakeTmp'
Building CXX object CMakeFiles/cmTC_dd956.dir/src.cxx.o
/usr/bin/c++    -pedantic -Wall -Wextra -Wundef -Wcast-align -Wchar-subscripts -Wnon-virtual-dtor -Wunused-local-typedefs -Wpointer-arith -Wwrite-strings -Wformat-security -Wlogical-op -Wdouble-promotion -Wno-psabi -Wno-variadic-macros -Wno-long-long -fno-check-new -fno-common -fstrict-aliasing -DCOMPILER_SUPPORT_Qunusedarguments -Werror   -Qunused-arguments -o CMakeFiles/cmTC_dd956.dir/src.cxx.o -c /home/shipengl/LRSMT/env_build/eigen-3.3.2/build/CMakeFiles/CMakeTmp/src.cxx
c++: error: unrecognized command line option '-Qunused-arguments'; did you mean '-Wunused-parameter'?
CMakeFiles/cmTC_dd956.dir/build.make:65: recipe for target 'CMakeFiles/cmTC_dd956.dir/src.cxx.o' failed
make[1]: *** [CMakeFiles/cmTC_dd956.dir/src.cxx.o] Error 1
make[1]: Leaving directory '/home/shipengl/LRSMT/env_build/eigen-3.3.2/build/CMakeFiles/CMakeTmp'
Makefile:126: recipe for target 'cmTC_dd956/fast' failed
make: *** [cmTC_dd956/fast] Error 2

Source file was:
int main() { return 0; }
Compiling the Fortran compiler identification source file "CMakeFortranCompilerId.F" failed.
Compiler: CMAKE_Fortran_COMPILER-NOTFOUND 
Build flags: 
Id flags: -v 

The output was:
No such file or directory


Compiling the Fortran compiler identification source file "CMakeFortranCompilerId.F" failed.
Compiler: CMAKE_Fortran_COMPILER-NOTFOUND 
Build flags: 
Id flags:  

The output was:
No such file or directory


Compiling the Fortran compiler identification source file "CMakeFortranCompilerId.F" failed.
Compiler: CMAKE_Fortran_COMPILER-NOTFOUND 
Build flags: 
Id flags: -c 

The output was:
No such file or directory


Compiling the Fortran compiler identification source file "CMakeFortranCompilerId.F" failed.
Compiler: CMAKE_Fortran_COMPILER-NOTFOUND 
Build flags: 
Id flags: -fpp 

The output was:
No such file or directory


Compiling the Fortran compiler identification source file "CMakeFortranCompilerId.F" failed.
Compiler: CMAKE_Fortran_COMPILER-NOTFOUND 
Build flags: 
Id flags: -v 

The output was:
No such file or directory


Compiling the Fortran compiler identification source file "CMakeFortranCompilerId.F" failed.
Compiler: CMAKE_Fortran_COMPILER-NOTFOUND 
Build flags: 
Id flags:  

The output was:
No such file or directory


Compiling the Fortran compiler identification source file "CMakeFortranCompilerId.F" failed.
Compiler: CMAKE_Fortran_COMPILER-NOTFOUND 
Build flags: 
Id flags: -c 

The output was:
No such file or directory


Compiling the Fortran compiler identification source file "CMakeFortranCompilerId.F" failed.
Compiler: CMAKE_Fortran_COMPILER-NOTFOUND 
Build flags: 
Id flags: -fpp 

The output was:
No such file or directory


Determining if the pthread_create exist failed with the following output:
Change Dir: /home/shipengl/LRSMT/env_build/eigen-3.3.2/build/CMakeFiles/CMakeTmp

Run Build Command:"/usr/bin/make" "cmTC_a926b/fast"
/usr/bin/make -f CMakeFiles/cmTC_a926b.dir/build.make CMakeFiles/cmTC_a926b.dir/build
make[1]: Entering directory '/home/shipengl/LRSMT/env_build/eigen-3.3.2/build/CMakeFiles/CMakeTmp'
Building C object CMakeFiles/cmTC_a926b.dir/CheckSymbolExists.c.o
/usr/bin/cc    -o CMakeFiles/cmTC_a926b.dir/CheckSymbolExists.c.o   -c /home/shipengl/LRSMT/env_build/eigen-3.3.2/build/CMakeFiles/CMakeTmp/CheckSymbolExists.c
Linking C executable cmTC_a926b
/usr/bin/cmake -E cmake_link_script CMakeFiles/cmTC_a926b.dir/link.txt --verbose=1
/usr/bin/cc      -rdynamic CMakeFiles/cmTC_a926b.dir/CheckSymbolExists.c.o  -o cmTC_a926b 
CMakeFiles/cmTC_a926b.dir/CheckSymbolExists.c.o: In function `main':
CheckSymbolExists.c:(.text+0x1b): undefined reference to `pthread_create'
collect2: error: ld returned 1 exit status
CMakeFiles/cmTC_a926b.dir/build.make:97: recipe for target 'cmTC_a926b' failed
make[1]: *** [cmTC_a926b] Error 1
make[1]: Leaving directory '/home/shipengl/LRSMT/env_build/eigen-3.3.2/build/CMakeFiles/CMakeTmp'
Makefile:126: recipe for target 'cmTC_a926b/fast' failed
make: *** [cmTC_a926b/fast] Error 2

File /home/shipengl/LRSMT/env_build/eigen-3.3.2/build/CMakeFiles/CMakeTmp/CheckSymbolExists.c:
/* */
#include <pthread.h>

int main(int argc, char** argv)
{
  (void)argv;
#ifndef pthread_create
  return ((int*)(&pthread_create))[argc];
#else
  (void)argc;
  return 0;
#endif
}

Determining if the function pthread_create exists in the pthreads failed with the following output:
Change Dir: /home/shipengl/LRSMT/env_build/eigen-3.3.2/build/CMakeFiles/CMakeTmp

Run Build Command:"/usr/bin/make" "cmTC_9be08/fast"
/usr/bin/make -f CMakeFiles/cmTC_9be08.dir/build.make CMakeFiles/cmTC_9be08.dir/build
make[1]: Entering directory '/home/shipengl/LRSMT/env_build/eigen-3.3.2/build/CMakeFiles/CMakeTmp'
Building C object CMakeFiles/cmTC_9be08.dir/CheckFunctionExists.c.o
/usr/bin/cc   -DCHECK_FUNCTION_EXISTS=pthread_create   -o CMakeFiles/cmTC_9be08.dir/CheckFunctionExists.c.o   -c /usr/share/cmake-3.10/Modules/CheckFunctionExists.c
Linking C executable cmTC_9be08
/usr/bin/cmake -E cmake_link_script CMakeFiles/cmTC_9be08.dir/link.txt --verbose=1
/usr/bin/cc  -DCHECK_FUNCTION_EXISTS=pthread_create    -rdynamic CMakeFiles/cmTC_9be08.dir/CheckFunctionExists.c.o  -o cmTC_9be08 -lpthreads 
/usr/bin/ld: cannot find -lpthreads
collect2: error: ld returned 1 exit status
CMakeFiles/cmTC_9be08.dir/build.make:97: recipe for target 'cmTC_9be08' failed
make[1]: *** [cmTC_9be08] Error 1
make[1]: Leaving directory '/home/shipengl/LRSMT/env_build/eigen-3.3.2/build/CMakeFiles/CMakeTmp'
Makefile:126: recipe for target 'cmTC_9be08/fast' failed
make: *** [cmTC_9be08/fast] Error 2


