The system is: Linux - 4.15.0-156-generic - x86_64
Compiling the C compiler identification source file "CMakeCCompilerId.c" succeeded.
Compiler: /usr/bin/cc 
Build flags: 
Id flags:  

The output was:
0


Compilation of the C compiler identification source "CMakeCCompilerId.c" produced "a.out"

The C compiler identification is GNU, found in "/home/shipengl/LRSMT/env_build/eigen-3.3.2/build/CMakeFiles/3.10.2/CompilerIdC/a.out"

Compiling the CXX compiler identification source file "CMakeCXXCompilerId.cpp" succeeded.
Compiler: /usr/bin/c++ 
Build flags: 
Id flags:  

The output was:
0


Compilation of the CXX compiler identification source "CMakeCXXCompilerId.cpp" produced "a.out"

The CXX compiler identification is GNU, found in "/home/shipengl/LRSMT/env_build/eigen-3.3.2/build/CMakeFiles/3.10.2/CompilerIdCXX/a.out"

Determining if the C compiler works passed with the following output:
Change Dir: /home/shipengl/LRSMT/env_build/eigen-3.3.2/build/CMakeFiles/CMakeTmp

Run Build Command:"/usr/bin/make" "cmTC_5f7d5/fast"
/usr/bin/make -f CMakeFiles/cmTC_5f7d5.dir/build.make CMakeFiles/cmTC_5f7d5.dir/build
make[1]: Entering directory '/home/shipengl/LRSMT/env_build/eigen-3.3.2/build/CMakeFiles/CMakeTmp'
Building C object CMakeFiles/cmTC_5f7d5.dir/testCCompiler.c.o
/usr/bin/cc    -o CMakeFiles/cmTC_5f7d5.dir/testCCompiler.c.o   -c /home/shipengl/LRSMT/env_build/eigen-3.3.2/build/CMakeFiles/CMakeTmp/testCCompiler.c
Linking C executable cmTC_5f7d5
/usr/bin/cmake -E cmake_link_script CMakeFiles/cmTC_5f7d5.dir/link.txt --verbose=1
/usr/bin/cc      -rdynamic CMakeFiles/cmTC_5f7d5.dir/testCCompiler.c.o  -o cmTC_5f7d5 
make[1]: Leaving directory '/home/shipengl/LRSMT/env_build/eigen-3.3.2/build/CMakeFiles/CMakeTmp'


Detecting C compiler ABI info compiled with the following output:
Change Dir: /home/shipengl/LRSMT/env_build/eigen-3.3.2/build/CMakeFiles/CMakeTmp

Run Build Command:"/usr/bin/make" "cmTC_eb53f/fast"
/usr/bin/make -f CMakeFiles/cmTC_eb53f.dir/build.make CMakeFiles/cmTC_eb53f.dir/build
make[1]: Entering directory '/home/shipengl/LRSMT/env_build/eigen-3.3.2/build/CMakeFiles/CMakeTmp'
Building C object CMakeFiles/cmTC_eb53f.dir/CMakeCCompilerABI.c.o
/usr/bin/cc    -o CMakeFiles/cmTC_eb53f.dir/CMakeCCompilerABI.c.o   -c /usr/share/cmake-3.10/Modules/CMakeCCompilerABI.c
Linking C executable cmTC_eb53f
/usr/bin/cmake -E cmake_link_script CMakeFiles/cmTC_eb53f.dir/link.txt --verbose=1
/usr/bin/cc     -v -rdynamic CMakeFiles/cmTC_eb53f.dir/CMakeCCompilerABI.c.o  -o cmTC_eb53f 
Using built-in specs.
COLLECT_GCC=/usr/bin/cc
COLLECT_LTO_WRAPPER=/usr/lib/gcc/x86_64-linux-gnu/7/lto-wrapper
OFFLOAD_TARGET_NAMES=nvptx-none
OFFLOAD_TARGET_DEFAULT=1
Target: x86_64-linux-gnu
Configured with: ../src/configure -v --with-pkgversion='Ubuntu 7.5.0-3ubuntu1~18.04' --with-bugurl=file:///usr/share/doc/gcc-7/README.Bugs --enable-languages=c,ada,c++,go,brig,d,fortran,objc,obj-c++ --prefix=/usr --with-gcc-major-version-only --program-suffix=-7 --program-prefix=x86_64-linux-gnu- --enable-shared --enable-linker-build-id --libexecdir=/usr/lib --without-included-gettext --enable-threads=posix --libdir=/usr/lib --enable-nls --enable-bootstrap --enable-clocale=gnu --enable-libstdcxx-debug --enable-libstdcxx-time=yes --with-default-libstdcxx-abi=new --enable-gnu-unique-object --disable-vtable-verify --enable-libmpx --enable-plugin --enable-default-pie --with-system-zlib --with-target-system-zlib --enable-objc-gc=auto --enable-multiarch --disable-werror --with-arch-32=i686 --with-abi=m64 --with-multilib-list=m32,m64,mx32 --enable-multilib --with-tune=generic --enable-offload-targets=nvptx-none --without-cuda-driver --enable-checking=release --build=x86_64-linux-gnu --host=x86_64-linux-gnu --target=x86_64-linux-gnu
Thread model: posix
gcc version 7.5.0 (Ubuntu 7.5.0-3ubuntu1~18.04) 
COMPILER_PATH=/usr/lib/gcc/x86_64-linux-gnu/7/:/usr/lib/gcc/x86_64-linux-gnu/7/:/usr/lib/gcc/x86_64-linux-gnu/:/usr/lib/gcc/x86_64-linux-gnu/7/:/usr/lib/gcc/x86_64-linux-gnu/
LIBRARY_PATH=/usr/lib/gcc/x86_64-linux-gnu/7/:/usr/lib/gcc/x86_64-linux-gnu/7/../../../x86_64-linux-gnu/:/usr/lib/gcc/x86_64-linux-gnu/7/../../../../lib/:/lib/x86_64-linux-gnu/:/lib/../lib/:/usr/lib/x86_64-linux-gnu/:/usr/lib/../lib/:/usr/lib/gcc/x86_64-linux-gnu/7/../../../:/lib/:/usr/lib/
COLLECT_GCC_OPTIONS='-v' '-rdynamic' '-o' 'cmTC_eb53f' '-mtune=generic' '-march=x86-64'
 /usr/lib/gcc/x86_64-linux-gnu/7/collect2 -plugin /usr/lib/gcc/x86_64-linux-gnu/7/liblto_plugin.so -plugin-opt=/usr/lib/gcc/x86_64-linux-gnu/7/lto-wrapper -plugin-opt=-fresolution=/tmp/cc71EAWO.res -plugin-opt=-pass-through=-lgcc -plugin-opt=-pass-through=-lgcc_s -plugin-opt=-pass-through=-lc -plugin-opt=-pass-through=-lgcc -plugin-opt=-pass-through=-lgcc_s --build-id --eh-frame-hdr -m elf_x86_64 --hash-style=gnu --as-needed -export-dynamic -dynamic-linker /lib64/ld-linux-x86-64.so.2 -pie -z now -z relro -o cmTC_eb53f /usr/lib/gcc/x86_64-linux-gnu/7/../../../x86_64-linux-gnu/Scrt1.o /usr/lib/gcc/x86_64-linux-gnu/7/../../../x86_64-linux-gnu/crti.o /usr/lib/gcc/x86_64-linux-gnu/7/crtbeginS.o -L/usr/lib/gcc/x86_64-linux-gnu/7 -L/usr/lib/gcc/x86_64-linux-gnu/7/../../../x86_64-linux-gnu -L/usr/lib/gcc/x86_64-linux-gnu/7/../../../../lib -L/lib/x86_64-linux-gnu -L/lib/../lib -L/usr/lib/x86_64-linux-gnu -L/usr/lib/../lib -L/usr/lib/gcc/x86_64-linux-gnu/7/../../.. CMakeFiles/cmTC_eb53f.dir/CMakeCCompilerABI.c.o -lgcc --push-state --as-needed -lgcc_s --pop-state -lc -lgcc --push-state --as-needed -lgcc_s --pop-state /usr/lib/gcc/x86_64-linux-gnu/7/crtendS.o /usr/lib/gcc/x86_64-linux-gnu/7/../../../x86_64-linux-gnu/crtn.o
COLLECT_GCC_OPTIONS='-v' '-rdynamic' '-o' 'cmTC_eb53f' '-mtune=generic' '-march=x86-64'
make[1]: Leaving directory '/home/shipengl/LRSMT/env_build/eigen-3.3.2/build/CMakeFiles/CMakeTmp'


Parsed C implicit link information from above output:
  link line regex: [^( *|.*[/\])(ld|CMAKE_LINK_STARTFILE-NOTFOUND|([^/\]+-)?ld|collect2)[^/\]*( |$)]
  ignore line: [Change Dir: /home/shipengl/LRSMT/env_build/eigen-3.3.2/build/CMakeFiles/CMakeTmp]
  ignore line: []
  ignore line: [Run Build Command:"/usr/bin/make" "cmTC_eb53f/fast"]
  ignore line: [/usr/bin/make -f CMakeFiles/cmTC_eb53f.dir/build.make CMakeFiles/cmTC_eb53f.dir/build]
  ignore line: [make[1]: Entering directory '/home/shipengl/LRSMT/env_build/eigen-3.3.2/build/CMakeFiles/CMakeTmp']
  ignore line: [Building C object CMakeFiles/cmTC_eb53f.dir/CMakeCCompilerABI.c.o]
  ignore line: [/usr/bin/cc    -o CMakeFiles/cmTC_eb53f.dir/CMakeCCompilerABI.c.o   -c /usr/share/cmake-3.10/Modules/CMakeCCompilerABI.c]
  ignore line: [Linking C executable cmTC_eb53f]
  ignore line: [/usr/bin/cmake -E cmake_link_script CMakeFiles/cmTC_eb53f.dir/link.txt --verbose=1]
  ignore line: [/usr/bin/cc     -v -rdynamic CMakeFiles/cmTC_eb53f.dir/CMakeCCompilerABI.c.o  -o cmTC_eb53f ]
  ignore line: [Using built-in specs.]
  ignore line: [COLLECT_GCC=/usr/bin/cc]
  ignore line: [COLLECT_LTO_WRAPPER=/usr/lib/gcc/x86_64-linux-gnu/7/lto-wrapper]
  ignore line: [OFFLOAD_TARGET_NAMES=nvptx-none]
  ignore line: [OFFLOAD_TARGET_DEFAULT=1]
  ignore line: [Target: x86_64-linux-gnu]
  ignore line: [Configured with: ../src/configure -v --with-pkgversion='Ubuntu 7.5.0-3ubuntu1~18.04' --with-bugurl=file:///usr/share/doc/gcc-7/README.Bugs --enable-languages=c,ada,c++,go,brig,d,fortran,objc,obj-c++ --prefix=/usr --with-gcc-major-version-only --program-suffix=-7 --program-prefix=x86_64-linux-gnu- --enable-shared --enable-linker-build-id --libexecdir=/usr/lib --without-included-gettext --enable-threads=posix --libdir=/usr/lib --enable-nls --enable-bootstrap --enable-clocale=gnu --enable-libstdcxx-debug --enable-libstdcxx-time=yes --with-default-libstdcxx-abi=new --enable-gnu-unique-object --disable-vtable-verify --enable-libmpx --enable-plugin --enable-default-pie --with-system-zlib --with-target-system-zlib --enable-objc-gc=auto --enable-multiarch --disable-werror --with-arch-32=i686 --with-abi=m64 --with-multilib-list=m32,m64,mx32 --enable-multilib --with-tune=generic --enable-offload-targets=nvptx-none --without-cuda-driver --enable-checking=release --build=x86_64-linux-gnu --host=x86_64-linux-gnu --target=x86_64-linux-gnu]
  ignore line: [Thread model: posix]
  ignore line: [gcc version 7.5.0 (Ubuntu 7.5.0-3ubuntu1~18.04) ]
  ignore line: [COMPILER_PATH=/usr/lib/gcc/x86_64-linux-gnu/7/:/usr/lib/gcc/x86_64-linux-gnu/7/:/usr/lib/gcc/x86_64-linux-gnu/:/usr/lib/gcc/x86_64-linux-gnu/7/:/usr/lib/gcc/x86_64-linux-gnu/]
  ignore line: [LIBRARY_PATH=/usr/lib/gcc/x86_64-linux-gnu/7/:/usr/lib/gcc/x86_64-linux-gnu/7/../../../x86_64-linux-gnu/:/usr/lib/gcc/x86_64-linux-gnu/7/../../../../lib/:/lib/x86_64-linux-gnu/:/lib/../lib/:/usr/lib/x86_64-linux-gnu/:/usr/lib/../lib/:/usr/lib/gcc/x86_64-linux-gnu/7/../../../:/lib/:/usr/lib/]
  ignore line: [COLLECT_GCC_OPTIONS='-v' '-rdynamic' '-o' 'cmTC_eb53f' '-mtune=generic' '-march=x86-64']
  link line: [ /usr/lib/gcc/x86_64-linux-gnu/7/collect2 -plugin /usr/lib/gcc/x86_64-linux-gnu/7/liblto_plugin.so -plugin-opt=/usr/lib/gcc/x86_64-linux-gnu/7/lto-wrapper -plugin-opt=-fresolution=/tmp/cc71EAWO.res -plugin-opt=-pass-through=-lgcc -plugin-opt=-pass-through=-lgcc_s -plugin-opt=-pass-through=-lc -plugin-opt=-pass-through=-lgcc -plugin-opt=-pass-through=-lgcc_s --build-id --eh-frame-hdr -m elf_x86_64 --hash-style=gnu --as-needed -export-dynamic -dynamic-linker /lib64/ld-linux-x86-64.so.2 -pie -z now -z relro -o cmTC_eb53f /usr/lib/gcc/x86_64-linux-gnu/7/../../../x86_64-linux-gnu/Scrt1.o /usr/lib/gcc/x86_64-linux-gnu/7/../../../x86_64-linux-gnu/crti.o /usr/lib/gcc/x86_64-linux-gnu/7/crtbeginS.o -L/usr/lib/gcc/x86_64-linux-gnu/7 -L/usr/lib/gcc/x86_64-linux-gnu/7/../../../x86_64-linux-gnu -L/usr/lib/gcc/x86_64-linux-gnu/7/../../../../lib -L/lib/x86_64-linux-gnu -L/lib/../lib -L/usr/lib/x86_64-linux-gnu -L/usr/lib/../lib -L/usr/lib/gcc/x86_64-linux-gnu/7/../../.. CMakeFiles/cmTC_eb53f.dir/CMakeCCompilerABI.c.o -lgcc --push-state --as-needed -lgcc_s --pop-state -lc -lgcc --push-state --as-needed -lgcc_s --pop-state /usr/lib/gcc/x86_64-linux-gnu/7/crtendS.o /usr/lib/gcc/x86_64-linux-gnu/7/../../../x86_64-linux-gnu/crtn.o]
    arg [/usr/lib/gcc/x86_64-linux-gnu/7/collect2] ==> ignore
    arg [-plugin] ==> ignore
    arg [/usr/lib/gcc/x86_64-linux-gnu/7/liblto_plugin.so] ==> ignore
    arg [-plugin-opt=/usr/lib/gcc/x86_64-linux-gnu/7/lto-wrapper] ==> ignore
    arg [-plugin-opt=-fresolution=/tmp/cc71EAWO.res] ==> ignore
    arg [-plugin-opt=-pass-through=-lgcc] ==> ignore
    arg [-plugin-opt=-pass-through=-lgcc_s] ==> ignore
    arg [-plugin-opt=-pass-through=-lc] ==> ignore
    arg [-plugin-opt=-pass-through=-lgcc] ==> ignore
    arg [-plugin-opt=-pass-through=-lgcc_s] ==> ignore
    arg [--build-id] ==> ignore
    arg [--eh-frame-hdr] ==> ignore
    arg [-m] ==> ignore
    arg [elf_x86_64] ==> ignore
    arg [--hash-style=gnu] ==> ignore
    arg [--as-needed] ==> ignore
    arg [-export-dynamic] ==> ignore
    arg [-dynamic-linker] ==> ignore
    arg [/lib64/ld-linux-x86-64.so.2] ==> ignore
    arg [-pie] ==> ignore
    arg [-znow] ==> ignore
    arg [-zrelro] ==> ignore
    arg [-o] ==> ignore
    arg [cmTC_eb53f] ==> ignore
    arg [/usr/lib/gcc/x86_64-linux-gnu/7/../../../x86_64-linux-gnu/Scrt1.o] ==> ignore
    arg [/usr/lib/gcc/x86_64-linux-gnu/7/../../../x86_64-linux-gnu/crti.o] ==> ignore
    arg [/usr/lib/gcc/x86_64-linux-gnu/7/crtbeginS.o] ==> ignore
    arg [-L/usr/lib/gcc/x86_64-linux-gnu/7] ==> dir [/usr/lib/gcc/x86_64-linux-gnu/7]
    arg [-L/usr/lib/gcc/x86_64-linux-gnu/7/../../../x86_64-linux-gnu] ==> dir [/usr/lib/gcc/x86_64-linux-gnu/7/../../../x86_64-linux-gnu]
    arg [-L/usr/lib/gcc/x86_64-linux-gnu/7/../../../../lib] ==> dir [/usr/lib/gcc/x86_64-linux-gnu/7/../../../../lib]
    arg [-L/lib/x86_64-linux-gnu] ==> dir [/lib/x86_64-linux-gnu]
    arg [-L/lib/../lib] ==> dir [/lib/../lib]
    arg [-L/usr/lib/x86_64-linux-gnu] ==> dir [/usr/lib/x86_64-linux-gnu]
    arg [-L/usr/lib/../lib] ==> dir [/usr/lib/../lib]
    arg [-L/usr/lib/gcc/x86_64-linux-gnu/7/../../..] ==> dir [/usr/lib/gcc/x86_64-linux-gnu/7/../../..]
    arg [CMakeFiles/cmTC_eb53f.dir/CMakeCCompilerABI.c.o] ==> ignore
    arg [-lgcc] ==> lib [gcc]
    arg [--push-state] ==> ignore
    arg [--as-needed] ==> ignore
    arg [-lgcc_s] ==> lib [gcc_s]
    arg [--pop-state] ==> ignore
    arg [-lc] ==> lib [c]
    arg [-lgcc] ==> lib [gcc]
    arg [--push-state] ==> ignore
    arg [--as-needed] ==> ignore
    arg [-lgcc_s] ==> lib [gcc_s]
    arg [--pop-state] ==> ignore
    arg [/usr/lib/gcc/x86_64-linux-gnu/7/crtendS.o] ==> ignore
    arg [/usr/lib/gcc/x86_64-linux-gnu/7/../../../x86_64-linux-gnu/crtn.o] ==> ignore
  collapse library dir [/usr/lib/gcc/x86_64-linux-gnu/7] ==> [/usr/lib/gcc/x86_64-linux-gnu/7]
  collapse library dir [/usr/lib/gcc/x86_64-linux-gnu/7/../../../x86_64-linux-gnu] ==> [/usr/lib/x86_64-linux-gnu]
  collapse library dir [/usr/lib/gcc/x86_64-linux-gnu/7/../../../../lib] ==> [/usr/lib]
  collapse library dir [/lib/x86_64-linux-gnu] ==> [/lib/x86_64-linux-gnu]
  collapse library dir [/lib/../lib] ==> [/lib]
  collapse library dir [/usr/lib/x86_64-linux-gnu] ==> [/usr/lib/x86_64-linux-gnu]
  collapse library dir [/usr/lib/../lib] ==> [/usr/lib]
  collapse library dir [/usr/lib/gcc/x86_64-linux-gnu/7/../../..] ==> [/usr/lib]
  implicit libs: [gcc;gcc_s;c;gcc;gcc_s]
  implicit dirs: [/usr/lib/gcc/x86_64-linux-gnu/7;/usr/lib/x86_64-linux-gnu;/usr/lib;/lib/x86_64-linux-gnu;/lib]
  implicit fwks: []




Detecting C [-std=c11] compiler features compiled with the following output:
Change Dir: /home/shipengl/LRSMT/env_build/eigen-3.3.2/build/CMakeFiles/CMakeTmp

Run Build Command:"/usr/bin/make" "cmTC_dab04/fast"
/usr/bin/make -f CMakeFiles/cmTC_dab04.dir/build.make CMakeFiles/cmTC_dab04.dir/build
make[1]: Entering directory '/home/shipengl/LRSMT/env_build/eigen-3.3.2/build/CMakeFiles/CMakeTmp'
Building C object CMakeFiles/cmTC_dab04.dir/feature_tests.c.o
/usr/bin/cc   -std=c11 -o CMakeFiles/cmTC_dab04.dir/feature_tests.c.o   -c /home/shipengl/LRSMT/env_build/eigen-3.3.2/build/CMakeFiles/feature_tests.c
Linking C executable cmTC_dab04
/usr/bin/cmake -E cmake_link_script CMakeFiles/cmTC_dab04.dir/link.txt --verbose=1
/usr/bin/cc      -rdynamic CMakeFiles/cmTC_dab04.dir/feature_tests.c.o  -o cmTC_dab04 
make[1]: Leaving directory '/home/shipengl/LRSMT/env_build/eigen-3.3.2/build/CMakeFiles/CMakeTmp'


    Feature record: C_FEATURE:1c_function_prototypes
    Feature record: C_FEATURE:1c_restrict
    Feature record: C_FEATURE:1c_static_assert
    Feature record: C_FEATURE:1c_variadic_macros


Detecting C [-std=c99] compiler features compiled with the following output:
Change Dir: /home/shipengl/LRSMT/env_build/eigen-3.3.2/build/CMakeFiles/CMakeTmp

Run Build Command:"/usr/bin/make" "cmTC_b3077/fast"
/usr/bin/make -f CMakeFiles/cmTC_b3077.dir/build.make CMakeFiles/cmTC_b3077.dir/build
make[1]: Entering directory '/home/shipengl/LRSMT/env_build/eigen-3.3.2/build/CMakeFiles/CMakeTmp'
Building C object CMakeFiles/cmTC_b3077.dir/feature_tests.c.o
/usr/bin/cc   -std=c99 -o CMakeFiles/cmTC_b3077.dir/feature_tests.c.o   -c /home/shipengl/LRSMT/env_build/eigen-3.3.2/build/CMakeFiles/feature_tests.c
Linking C executable cmTC_b3077
/usr/bin/cmake -E cmake_link_script CMakeFiles/cmTC_b3077.dir/link.txt --verbose=1
/usr/bin/cc      -rdynamic CMakeFiles/cmTC_b3077.dir/feature_tests.c.o  -o cmTC_b3077 
make[1]: Leaving directory '/home/shipengl/LRSMT/env_build/eigen-3.3.2/build/CMakeFiles/CMakeTmp'


    Feature record: C_FEATURE:1c_function_prototypes
    Feature record: C_FEATURE:1c_restrict
    Feature record: C_FEATURE:0c_static_assert
    Feature record: C_FEATURE:1c_variadic_macros


Detecting C [-std=c90] compiler features compiled with the following output:
Change Dir: /home/shipengl/LRSMT/env_build/eigen-3.3.2/build/CMakeFiles/CMakeTmp

Run Build Command:"/usr/bin/make" "cmTC_99aad/fast"
/usr/bin/make -f CMakeFiles/cmTC_99aad.dir/build.make CMakeFiles/cmTC_99aad.dir/build
make[1]: Entering directory '/home/shipengl/LRSMT/env_build/eigen-3.3.2/build/CMakeFiles/CMakeTmp'
Building C object CMakeFiles/cmTC_99aad.dir/feature_tests.c.o
/usr/bin/cc   -std=c90 -o CMakeFiles/cmTC_99aad.dir/feature_tests.c.o   -c /home/shipengl/LRSMT/env_build/eigen-3.3.2/build/CMakeFiles/feature_tests.c
Linking C executable cmTC_99aad
/usr/bin/cmake -E cmake_link_script CMakeFiles/cmTC_99aad.dir/link.txt --verbose=1
/usr/bin/cc      -rdynamic CMakeFiles/cmTC_99aad.dir/feature_tests.c.o  -o cmTC_99aad 
make[1]: Leaving directory '/home/shipengl/LRSMT/env_build/eigen-3.3.2/build/CMakeFiles/CMakeTmp'


    Feature record: C_FEATURE:1c_function_prototypes
    Feature record: C_FEATURE:0c_restrict
    Feature record: C_FEATURE:0c_static_assert
    Feature record: C_FEATURE:0c_variadic_macros
Determining if the CXX compiler works passed with the following output:
Change Dir: /home/shipengl/LRSMT/env_build/eigen-3.3.2/build/CMakeFiles/CMakeTmp

Run Build Command:"/usr/bin/make" "cmTC_85a54/fast"
/usr/bin/make -f CMakeFiles/cmTC_85a54.dir/build.make CMakeFiles/cmTC_85a54.dir/build
make[1]: Entering directory '/home/shipengl/LRSMT/env_build/eigen-3.3.2/build/CMakeFiles/CMakeTmp'
Building CXX object CMakeFiles/cmTC_85a54.dir/testCXXCompiler.cxx.o
/usr/bin/c++     -o CMakeFiles/cmTC_85a54.dir/testCXXCompiler.cxx.o -c /home/shipengl/LRSMT/env_build/eigen-3.3.2/build/CMakeFiles/CMakeTmp/testCXXCompiler.cxx
Linking CXX executable cmTC_85a54
/usr/bin/cmake -E cmake_link_script CMakeFiles/cmTC_85a54.dir/link.txt --verbose=1
/usr/bin/c++       -rdynamic CMakeFiles/cmTC_85a54.dir/testCXXCompiler.cxx.o  -o cmTC_85a54 
make[1]: Leaving directory '/home/shipengl/LRSMT/env_build/eigen-3.3.2/build/CMakeFiles/CMakeTmp'


Detecting CXX compiler ABI info compiled with the following output:
Change Dir: /home/shipengl/LRSMT/env_build/eigen-3.3.2/build/CMakeFiles/CMakeTmp

Run Build Command:"/usr/bin/make" "cmTC_30d31/fast"
/usr/bin/make -f CMakeFiles/cmTC_30d31.dir/build.make CMakeFiles/cmTC_30d31.dir/build
make[1]: Entering directory '/home/shipengl/LRSMT/env_build/eigen-3.3.2/build/CMakeFiles/CMakeTmp'
Building CXX object CMakeFiles/cmTC_30d31.dir/CMakeCXXCompilerABI.cpp.o
/usr/bin/c++     -o CMakeFiles/cmTC_30d31.dir/CMakeCXXCompilerABI.cpp.o -c /usr/share/cmake-3.10/Modules/CMakeCXXCompilerABI.cpp
Linking CXX executable cmTC_30d31
/usr/bin/cmake -E cmake_link_script CMakeFiles/cmTC_30d31.dir/link.txt --verbose=1
/usr/bin/c++      -v -rdynamic CMakeFiles/cmTC_30d31.dir/CMakeCXXCompilerABI.cpp.o  -o cmTC_30d31 
Using built-in specs.
COLLECT_GCC=/usr/bin/c++
COLLECT_LTO_WRAPPER=/usr/lib/gcc/x86_64-linux-gnu/7/lto-wrapper
OFFLOAD_TARGET_NAMES=nvptx-none
OFFLOAD_TARGET_DEFAULT=1
Target: x86_64-linux-gnu
Configured with: ../src/configure -v --with-pkgversion='Ubuntu 7.5.0-3ubuntu1~18.04' --with-bugurl=file:///usr/share/doc/gcc-7/README.Bugs --enable-languages=c,ada,c++,go,brig,d,fortran,objc,obj-c++ --prefix=/usr --with-gcc-major-version-only --program-suffix=-7 --program-prefix=x86_64-linux-gnu- --enable-shared --enable-linker-build-id --libexecdir=/usr/lib --without-included-gettext --enable-threads=posix --libdir=/usr/lib --enable-nls --enable-bootstrap --enable-clocale=gnu --enable-libstdcxx-debug --enable-libstdcxx-time=yes --with-default-libstdcxx-abi=new --enable-gnu-unique-object --disable-vtable-verify --enable-libmpx --enable-plugin --enable-default-pie --with-system-zlib --with-target-system-zlib --enable-objc-gc=auto --enable-multiarch --disable-werror --with-arch-32=i686 --with-abi=m64 --with-multilib-list=m32,m64,mx32 --enable-multilib --with-tune=generic --enable-offload-targets=nvptx-none --without-cuda-driver --enable-checking=release --build=x86_64-linux-gnu --host=x86_64-linux-gnu --target=x86_64-linux-gnu
Thread model: posix
gcc version 7.5.0 (Ubuntu 7.5.0-3ubuntu1~18.04) 
COMPILER_PATH=/usr/lib/gcc/x86_64-linux-gnu/7/:/usr/lib/gcc/x86_64-linux-gnu/7/:/usr/lib/gcc/x86_64-linux-gnu/:/usr/lib/gcc/x86_64-linux-gnu/7/:/usr/lib/gcc/x86_64-linux-gnu/
LIBRARY_PATH=/usr/lib/gcc/x86_64-linux-gnu/7/:/usr/lib/gcc/x86_64-linux-gnu/7/../../../x86_64-linux-gnu/:/usr/lib/gcc/x86_64-linux-gnu/7/../../../../lib/:/lib/x86_64-linux-gnu/:/lib/../lib/:/usr/lib/x86_64-linux-gnu/:/usr/lib/../lib/:/usr/lib/gcc/x86_64-linux-gnu/7/../../../:/lib/:/usr/lib/
COLLECT_GCC_OPTIONS='-v' '-rdynamic' '-o' 'cmTC_30d31' '-shared-libgcc' '-mtune=generic' '-march=x86-64'
 /usr/lib/gcc/x86_64-linux-gnu/7/collect2 -plugin /usr/lib/gcc/x86_64-linux-gnu/7/liblto_plugin.so -plugin-opt=/usr/lib/gcc/x86_64-linux-gnu/7/lto-wrapper -plugin-opt=-fresolution=/tmp/ccBrh4Hr.res -plugin-opt=-pass-through=-lgcc_s -plugin-opt=-pass-through=-lgcc -plugin-opt=-pass-through=-lc -plugin-opt=-pass-through=-lgcc_s -plugin-opt=-pass-through=-lgcc --build-id --eh-frame-hdr -m elf_x86_64 --hash-style=gnu --as-needed -export-dynamic -dynamic-linker /lib64/ld-linux-x86-64.so.2 -pie -z now -z relro -o cmTC_30d31 /usr/lib/gcc/x86_64-linux-gnu/7/../../../x86_64-linux-gnu/Scrt1.o /usr/lib/gcc/x86_64-linux-gnu/7/../../../x86_64-linux-gnu/crti.o /usr/lib/gcc/x86_64-linux-gnu/7/crtbeginS.o -L/usr/lib/gcc/x86_64-linux-gnu/7 -L/usr/lib/gcc/x86_64-linux-gnu/7/../../../x86_64-linux-gnu -L/usr/lib/gcc/x86_64-linux-gnu/7/../../../../lib -L/lib/x86_64-linux-gnu -L/lib/../lib -L/usr/lib/x86_64-linux-gnu -L/usr/lib/../lib -L/usr/lib/gcc/x86_64-linux-gnu/7/../../.. CMakeFiles/cmTC_30d31.dir/CMakeCXXCompilerABI.cpp.o -lstdc++ -lm -lgcc_s -lgcc -lc -lgcc_s -lgcc /usr/lib/gcc/x86_64-linux-gnu/7/crtendS.o /usr/lib/gcc/x86_64-linux-gnu/7/../../../x86_64-linux-gnu/crtn.o
COLLECT_GCC_OPTIONS='-v' '-rdynamic' '-o' 'cmTC_30d31' '-shared-libgcc' '-mtune=generic' '-march=x86-64'
make[1]: Leaving directory '/home/shipengl/LRSMT/env_build/eigen-3.3.2/build/CMakeFiles/CMakeTmp'


Parsed CXX implicit link information from above output:
  link line regex: [^( *|.*[/\])(ld|CMAKE_LINK_STARTFILE-NOTFOUND|([^/\]+-)?ld|collect2)[^/\]*( |$)]
  ignore line: [Change Dir: /home/shipengl/LRSMT/env_build/eigen-3.3.2/build/CMakeFiles/CMakeTmp]
  ignore line: []
  ignore line: [Run Build Command:"/usr/bin/make" "cmTC_30d31/fast"]
  ignore line: [/usr/bin/make -f CMakeFiles/cmTC_30d31.dir/build.make CMakeFiles/cmTC_30d31.dir/build]
  ignore line: [make[1]: Entering directory '/home/shipengl/LRSMT/env_build/eigen-3.3.2/build/CMakeFiles/CMakeTmp']
  ignore line: [Building CXX object CMakeFiles/cmTC_30d31.dir/CMakeCXXCompilerABI.cpp.o]
  ignore line: [/usr/bin/c++     -o CMakeFiles/cmTC_30d31.dir/CMakeCXXCompilerABI.cpp.o -c /usr/share/cmake-3.10/Modules/CMakeCXXCompilerABI.cpp]
  ignore line: [Linking CXX executable cmTC_30d31]
  ignore line: [/usr/bin/cmake -E cmake_link_script CMakeFiles/cmTC_30d31.dir/link.txt --verbose=1]
  ignore line: [/usr/bin/c++      -v -rdynamic CMakeFiles/cmTC_30d31.dir/CMakeCXXCompilerABI.cpp.o  -o cmTC_30d31 ]
  ignore line: [Using built-in specs.]
  ignore line: [COLLECT_GCC=/usr/bin/c++]
  ignore line: [COLLECT_LTO_WRAPPER=/usr/lib/gcc/x86_64-linux-gnu/7/lto-wrapper]
  ignore line: [OFFLOAD_TARGET_NAMES=nvptx-none]
  ignore line: [OFFLOAD_TARGET_DEFAULT=1]
  ignore line: [Target: x86_64-linux-gnu]
  ignore line: [Configured with: ../src/configure -v --with-pkgversion='Ubuntu 7.5.0-3ubuntu1~18.04' --with-bugurl=file:///usr/share/doc/gcc-7/README.Bugs --enable-languages=c,ada,c++,go,brig,d,fortran,objc,obj-c++ --prefix=/usr --with-gcc-major-version-only --program-suffix=-7 --program-prefix=x86_64-linux-gnu- --enable-shared --enable-linker-build-id --libexecdir=/usr/lib --without-included-gettext --enable-threads=posix --libdir=/usr/lib --enable-nls --enable-bootstrap --enable-clocale=gnu --enable-libstdcxx-debug --enable-libstdcxx-time=yes --with-default-libstdcxx-abi=new --enable-gnu-unique-object --disable-vtable-verify --enable-libmpx --enable-plugin --enable-default-pie --with-system-zlib --with-target-system-zlib --enable-objc-gc=auto --enable-multiarch --disable-werror --with-arch-32=i686 --with-abi=m64 --with-multilib-list=m32,m64,mx32 --enable-multilib --with-tune=generic --enable-offload-targets=nvptx-none --without-cuda-driver --enable-checking=release --build=x86_64-linux-gnu --host=x86_64-linux-gnu --target=x86_64-linux-gnu]
  ignore line: [Thread model: posix]
  ignore line: [gcc version 7.5.0 (Ubuntu 7.5.0-3ubuntu1~18.04) ]
  ignore line: [COMPILER_PATH=/usr/lib/gcc/x86_64-linux-gnu/7/:/usr/lib/gcc/x86_64-linux-gnu/7/:/usr/lib/gcc/x86_64-linux-gnu/:/usr/lib/gcc/x86_64-linux-gnu/7/:/usr/lib/gcc/x86_64-linux-gnu/]
  ignore line: [LIBRARY_PATH=/usr/lib/gcc/x86_64-linux-gnu/7/:/usr/lib/gcc/x86_64-linux-gnu/7/../../../x86_64-linux-gnu/:/usr/lib/gcc/x86_64-linux-gnu/7/../../../../lib/:/lib/x86_64-linux-gnu/:/lib/../lib/:/usr/lib/x86_64-linux-gnu/:/usr/lib/../lib/:/usr/lib/gcc/x86_64-linux-gnu/7/../../../:/lib/:/usr/lib/]
  ignore line: [COLLECT_GCC_OPTIONS='-v' '-rdynamic' '-o' 'cmTC_30d31' '-shared-libgcc' '-mtune=generic' '-march=x86-64']
  link line: [ /usr/lib/gcc/x86_64-linux-gnu/7/collect2 -plugin /usr/lib/gcc/x86_64-linux-gnu/7/liblto_plugin.so -plugin-opt=/usr/lib/gcc/x86_64-linux-gnu/7/lto-wrapper -plugin-opt=-fresolution=/tmp/ccBrh4Hr.res -plugin-opt=-pass-through=-lgcc_s -plugin-opt=-pass-through=-lgcc -plugin-opt=-pass-through=-lc -plugin-opt=-pass-through=-lgcc_s -plugin-opt=-pass-through=-lgcc --build-id --eh-frame-hdr -m elf_x86_64 --hash-style=gnu --as-needed -export-dynamic -dynamic-linker /lib64/ld-linux-x86-64.so.2 -pie -z now -z relro -o cmTC_30d31 /usr/lib/gcc/x86_64-linux-gnu/7/../../../x86_64-linux-gnu/Scrt1.o /usr/lib/gcc/x86_64-linux-gnu/7/../../../x86_64-linux-gnu/crti.o /usr/lib/gcc/x86_64-linux-gnu/7/crtbeginS.o -L/usr/lib/gcc/x86_64-linux-gnu/7 -L/usr/lib/gcc/x86_64-linux-gnu/7/../../../x86_64-linux-gnu -L/usr/lib/gcc/x86_64-linux-gnu/7/../../../../lib -L/lib/x86_64-linux-gnu -L/lib/../lib -L/usr/lib/x86_64-linux-gnu -L/usr/lib/../lib -L/usr/lib/gcc/x86_64-linux-gnu/7/../../.. CMakeFiles/cmTC_30d31.dir/CMakeCXXCompilerABI.cpp.o -lstdc++ -lm -lgcc_s -lgcc -lc -lgcc_s -lgcc /usr/lib/gcc/x86_64-linux-gnu/7/crtendS.o /usr/lib/gcc/x86_64-linux-gnu/7/../../../x86_64-linux-gnu/crtn.o]
    arg [/usr/lib/gcc/x86_64-linux-gnu/7/collect2] ==> ignore
    arg [-plugin] ==> ignore
    arg [/usr/lib/gcc/x86_64-linux-gnu/7/liblto_plugin.so] ==> ignore
    arg [-plugin-opt=/usr/lib/gcc/x86_64-linux-gnu/7/lto-wrapper] ==> ignore
    arg [-plugin-opt=-fresolution=/tmp/ccBrh4Hr.res] ==> ignore
    arg [-plugin-opt=-pass-through=-lgcc_s] ==> ignore
    arg [-plugin-opt=-pass-through=-lgcc] ==> ignore
    arg [-plugin-opt=-pass-through=-lc] ==> ignore
    arg [-plugin-opt=-pass-through=-lgcc_s] ==> ignore
    arg [-plugin-opt=-pass-through=-lgcc] ==> ignore
    arg [--build-id] ==> ignore
    arg [--eh-frame-hdr] ==> ignore
    arg [-m] ==> ignore
    arg [elf_x86_64] ==> ignore
    arg [--hash-style=gnu] ==> ignore
    arg [--as-needed] ==> ignore
    arg [-export-dynamic] ==> ignore
    arg [-dynamic-linker] ==> ignore
    arg [/lib64/ld-linux-x86-64.so.2] ==> ignore
    arg [-pie] ==> ignore
    arg [-znow] ==> ignore
    arg [-zrelro] ==> ignore
    arg [-o] ==> ignore
    arg [cmTC_30d31] ==> ignore
    arg [/usr/lib/gcc/x86_64-linux-gnu/7/../../../x86_64-linux-gnu/Scrt1.o] ==> ignore
    arg [/usr/lib/gcc/x86_64-linux-gnu/7/../../../x86_64-linux-gnu/crti.o] ==> ignore
    arg [/usr/lib/gcc/x86_64-linux-gnu/7/crtbeginS.o] ==> ignore
    arg [-L/usr/lib/gcc/x86_64-linux-gnu/7] ==> dir [/usr/lib/gcc/x86_64-linux-gnu/7]
    arg [-L/usr/lib/gcc/x86_64-linux-gnu/7/../../../x86_64-linux-gnu] ==> dir [/usr/lib/gcc/x86_64-linux-gnu/7/../../../x86_64-linux-gnu]
    arg [-L/usr/lib/gcc/x86_64-linux-gnu/7/../../../../lib] ==> dir [/usr/lib/gcc/x86_64-linux-gnu/7/../../../../lib]
    arg [-L/lib/x86_64-linux-gnu] ==> dir [/lib/x86_64-linux-gnu]
    arg [-L/lib/../lib] ==> dir [/lib/../lib]
    arg [-L/usr/lib/x86_64-linux-gnu] ==> dir [/usr/lib/x86_64-linux-gnu]
    arg [-L/usr/lib/../lib] ==> dir [/usr/lib/../lib]
    arg [-L/usr/lib/gcc/x86_64-linux-gnu/7/../../..] ==> dir [/usr/lib/gcc/x86_64-linux-gnu/7/../../..]
    arg [CMakeFiles/cmTC_30d31.dir/CMakeCXXCompilerABI.cpp.o] ==> ignore
    arg [-lstdc++] ==> lib [stdc++]
    arg [-lm] ==> lib [m]
    arg [-lgcc_s] ==> lib [gcc_s]
    arg [-lgcc] ==> lib [gcc]
    arg [-lc] ==> lib [c]
    arg [-lgcc_s] ==> lib [gcc_s]
    arg [-lgcc] ==> lib [gcc]
    arg [/usr/lib/gcc/x86_64-linux-gnu/7/crtendS.o] ==> ignore
    arg [/usr/lib/gcc/x86_64-linux-gnu/7/../../../x86_64-linux-gnu/crtn.o] ==> ignore
  collapse library dir [/usr/lib/gcc/x86_64-linux-gnu/7] ==> [/usr/lib/gcc/x86_64-linux-gnu/7]
  collapse library dir [/usr/lib/gcc/x86_64-linux-gnu/7/../../../x86_64-linux-gnu] ==> [/usr/lib/x86_64-linux-gnu]
  collapse library dir [/usr/lib/gcc/x86_64-linux-gnu/7/../../../../lib] ==> [/usr/lib]
  collapse library dir [/lib/x86_64-linux-gnu] ==> [/lib/x86_64-linux-gnu]
  collapse library dir [/lib/../lib] ==> [/lib]
  collapse library dir [/usr/lib/x86_64-linux-gnu] ==> [/usr/lib/x86_64-linux-gnu]
  collapse library dir [/usr/lib/../lib] ==> [/usr/lib]
  collapse library dir [/usr/lib/gcc/x86_64-linux-gnu/7/../../..] ==> [/usr/lib]
  implicit libs: [stdc++;m;gcc_s;gcc;c;gcc_s;gcc]
  implicit dirs: [/usr/lib/gcc/x86_64-linux-gnu/7;/usr/lib/x86_64-linux-gnu;/usr/lib;/lib/x86_64-linux-gnu;/lib]
  implicit fwks: []




Detecting CXX [-std=c++1z] compiler features compiled with the following output:
Change Dir: /home/shipengl/LRSMT/env_build/eigen-3.3.2/build/CMakeFiles/CMakeTmp

Run Build Command:"/usr/bin/make" "cmTC_d7700/fast"
/usr/bin/make -f CMakeFiles/cmTC_d7700.dir/build.make CMakeFiles/cmTC_d7700.dir/build
make[1]: Entering directory '/home/shipengl/LRSMT/env_build/eigen-3.3.2/build/CMakeFiles/CMakeTmp'
Building CXX object CMakeFiles/cmTC_d7700.dir/feature_tests.cxx.o
/usr/bin/c++    -std=c++1z -o CMakeFiles/cmTC_d7700.dir/feature_tests.cxx.o -c /home/shipengl/LRSMT/env_build/eigen-3.3.2/build/CMakeFiles/feature_tests.cxx
Linking CXX executable cmTC_d7700
/usr/bin/cmake -E cmake_link_script CMakeFiles/cmTC_d7700.dir/link.txt --verbose=1
/usr/bin/c++       -rdynamic CMakeFiles/cmTC_d7700.dir/feature_tests.cxx.o  -o cmTC_d7700 
make[1]: Leaving directory '/home/shipengl/LRSMT/env_build/eigen-3.3.2/build/CMakeFiles/CMakeTmp'


    Feature record: CXX_FEATURE:1cxx_aggregate_default_initializers
    Feature record: CXX_FEATURE:1cxx_alias_templates
    Feature record: CXX_FEATURE:1cxx_alignas
    Feature record: CXX_FEATURE:1cxx_alignof
    Feature record: CXX_FEATURE:1cxx_attributes
    Feature record: CXX_FEATURE:1cxx_attribute_deprecated
    Feature record: CXX_FEATURE:1cxx_auto_type
    Feature record: CXX_FEATURE:1cxx_binary_literals
    Feature record: CXX_FEATURE:1cxx_constexpr
    Feature record: CXX_FEATURE:1cxx_contextual_conversions
    Feature record: CXX_FEATURE:1cxx_decltype
    Feature record: CXX_FEATURE:1cxx_decltype_auto
    Feature record: CXX_FEATURE:1cxx_decltype_incomplete_return_types
    Feature record: CXX_FEATURE:1cxx_default_function_template_args
    Feature record: CXX_FEATURE:1cxx_defaulted_functions
    Feature record: CXX_FEATURE:1cxx_defaulted_move_initializers
    Feature record: CXX_FEATURE:1cxx_delegating_constructors
    Feature record: CXX_FEATURE:1cxx_deleted_functions
    Feature record: CXX_FEATURE:1cxx_digit_separators
    Feature record: CXX_FEATURE:1cxx_enum_forward_declarations
    Feature record: CXX_FEATURE:1cxx_explicit_conversions
    Feature record: CXX_FEATURE:1cxx_extended_friend_declarations
    Feature record: CXX_FEATURE:1cxx_extern_templates
    Feature record: CXX_FEATURE:1cxx_final
    Feature record: CXX_FEATURE:1cxx_func_identifier
    Feature record: CXX_FEATURE:1cxx_generalized_initializers
    Feature record: CXX_FEATURE:1cxx_generic_lambdas
    Feature record: CXX_FEATURE:1cxx_inheriting_constructors
    Feature record: CXX_FEATURE:1cxx_inline_namespaces
    Feature record: CXX_FEATURE:1cxx_lambdas
    Feature record: CXX_FEATURE:1cxx_lambda_init_captures
    Feature record: CXX_FEATURE:1cxx_local_type_template_args
    Feature record: CXX_FEATURE:1cxx_long_long_type
    Feature record: CXX_FEATURE:1cxx_noexcept
    Feature record: CXX_FEATURE:1cxx_nonstatic_member_init
    Feature record: CXX_FEATURE:1cxx_nullptr
    Feature record: CXX_FEATURE:1cxx_override
    Feature record: CXX_FEATURE:1cxx_range_for
    Feature record: CXX_FEATURE:1cxx_raw_string_literals
    Feature record: CXX_FEATURE:1cxx_reference_qualified_functions
    Feature record: CXX_FEATURE:1cxx_relaxed_constexpr
    Feature record: CXX_FEATURE:1cxx_return_type_deduction
    Feature record: CXX_FEATURE:1cxx_right_angle_brackets
    Feature record: CXX_FEATURE:1cxx_rvalue_references
    Feature record: CXX_FEATURE:1cxx_sizeof_member
    Feature record: CXX_FEATURE:1cxx_static_assert
    Feature record: CXX_FEATURE:1cxx_strong_enums
    Feature record: CXX_FEATURE:1cxx_template_template_parameters
    Feature record: CXX_FEATURE:1cxx_thread_local
    Feature record: CXX_FEATURE:1cxx_trailing_return_types
    Feature record: CXX_FEATURE:1cxx_unicode_literals
    Feature record: CXX_FEATURE:1cxx_uniform_initialization
    Feature record: CXX_FEATURE:1cxx_unrestricted_unions
    Feature record: CXX_FEATURE:1cxx_user_literals
    Feature record: CXX_FEATURE:1cxx_variable_templates
    Feature record: CXX_FEATURE:1cxx_variadic_macros
    Feature record: CXX_FEATURE:1cxx_variadic_templates


Detecting CXX [-std=c++14] compiler features compiled with the following output:
Change Dir: /home/shipengl/LRSMT/env_build/eigen-3.3.2/build/CMakeFiles/CMakeTmp

Run Build Command:"/usr/bin/make" "cmTC_f4620/fast"
/usr/bin/make -f CMakeFiles/cmTC_f4620.dir/build.make CMakeFiles/cmTC_f4620.dir/build
make[1]: Entering directory '/home/shipengl/LRSMT/env_build/eigen-3.3.2/build/CMakeFiles/CMakeTmp'
Building CXX object CMakeFiles/cmTC_f4620.dir/feature_tests.cxx.o
/usr/bin/c++    -std=c++14 -o CMakeFiles/cmTC_f4620.dir/feature_tests.cxx.o -c /home/shipengl/LRSMT/env_build/eigen-3.3.2/build/CMakeFiles/feature_tests.cxx
Linking CXX executable cmTC_f4620
/usr/bin/cmake -E cmake_link_script CMakeFiles/cmTC_f4620.dir/link.txt --verbose=1
/usr/bin/c++       -rdynamic CMakeFiles/cmTC_f4620.dir/feature_tests.cxx.o  -o cmTC_f4620 
make[1]: Leaving directory '/home/shipengl/LRSMT/env_build/eigen-3.3.2/build/CMakeFiles/CMakeTmp'


    Feature record: CXX_FEATURE:1cxx_aggregate_default_initializers
    Feature record: CXX_FEATURE:1cxx_alias_templates
    Feature record: CXX_FEATURE:1cxx_alignas
    Feature record: CXX_FEATURE:1cxx_alignof
    Feature record: CXX_FEATURE:1cxx_attributes
    Feature record: CXX_FEATURE:1cxx_attribute_deprecated
    Feature record: CXX_FEATURE:1cxx_auto_type
    Feature record: CXX_FEATURE:1cxx_binary_literals
    Feature record: CXX_FEATURE:1cxx_constexpr
    Feature record: CXX_FEATURE:1cxx_contextual_conversions
    Feature record: CXX_FEATURE:1cxx_decltype
    Feature record: CXX_FEATURE:1cxx_decltype_auto
    Feature record: CXX_FEATURE:1cxx_decltype_incomplete_return_types
    Feature record: CXX_FEATURE:1cxx_default_function_template_args
    Feature record: CXX_FEATURE:1cxx_defaulted_functions
    Feature record: CXX_FEATURE:1cxx_defaulted_move_initializers
    Feature record: CXX_FEATURE:1cxx_delegating_constructors
    Feature record: CXX_FEATURE:1cxx_deleted_functions
    Feature record: CXX_FEATURE:1cxx_digit_separators
    Feature record: CXX_FEATURE:1cxx_enum_forward_declarations
    Feature record: CXX_FEATURE:1cxx_explicit_conversions
    Feature record: CXX_FEATURE:1cxx_extended_friend_declarations
    Feature record: CXX_FEATURE:1cxx_extern_templates
    Feature record: CXX_FEATURE:1cxx_final
    Feature record: CXX_FEATURE:1cxx_func_identifier
    Feature record: CXX_FEATURE:1cxx_generalized_initializers
    Feature record: CXX_FEATURE:1cxx_generic_lambdas
    Feature record: CXX_FEATURE:1cxx_inheriting_constructors
    Feature record: CXX_FEATURE:1cxx_inline_namespaces
    Feature record: CXX_FEATURE:1cxx_lambdas
    Feature record: CXX_FEATURE:1cxx_lambda_init_captures
    Feature record: CXX_FEATURE:1cxx_local_type_template_args
    Feature record: CXX_FEATURE:1cxx_long_long_type
    Feature record: CXX_FEATURE:1cxx_noexcept
    Feature record: CXX_FEATURE:1cxx_nonstatic_member_init
    Feature record: CXX_FEATURE:1cxx_nullptr
    Feature record: CXX_FEATURE:1cxx_override
    Feature record: CXX_FEATURE:1cxx_range_for
    Feature record: CXX_FEATURE:1cxx_raw_string_literals
    Feature record: CXX_FEATURE:1cxx_reference_qualified_functions
    Feature record: CXX_FEATURE:1cxx_relaxed_constexpr
    Feature record: CXX_FEATURE:1cxx_return_type_deduction
    Feature record: CXX_FEATURE:1cxx_right_angle_brackets
    Feature record: CXX_FEATURE:1cxx_rvalue_references
    Feature record: CXX_FEATURE:1cxx_sizeof_member
    Feature record: CXX_FEATURE:1cxx_static_assert
    Feature record: CXX_FEATURE:1cxx_strong_enums
    Feature record: CXX_FEATURE:1cxx_template_template_parameters
    Feature record: CXX_FEATURE:1cxx_thread_local
    Feature record: CXX_FEATURE:1cxx_trailing_return_types
    Feature record: CXX_FEATURE:1cxx_unicode_literals
    Feature record: CXX_FEATURE:1cxx_uniform_initialization
    Feature record: CXX_FEATURE:1cxx_unrestricted_unions
    Feature record: CXX_FEATURE:1cxx_user_literals
    Feature record: CXX_FEATURE:1cxx_variable_templates
    Feature record: CXX_FEATURE:1cxx_variadic_macros
    Feature record: CXX_FEATURE:1cxx_variadic_templates


Detecting CXX [-std=c++11] compiler features compiled with the following output:
Change Dir: /home/shipengl/LRSMT/env_build/eigen-3.3.2/build/CMakeFiles/CMakeTmp

Run Build Command:"/usr/bin/make" "cmTC_6cd16/fast"
/usr/bin/make -f CMakeFiles/cmTC_6cd16.dir/build.make CMakeFiles/cmTC_6cd16.dir/build
make[1]: Entering directory '/home/shipengl/LRSMT/env_build/eigen-3.3.2/build/CMakeFiles/CMakeTmp'
Building CXX object CMakeFiles/cmTC_6cd16.dir/feature_tests.cxx.o
/usr/bin/c++    -std=c++11 -o CMakeFiles/cmTC_6cd16.dir/feature_tests.cxx.o -c /home/shipengl/LRSMT/env_build/eigen-3.3.2/build/CMakeFiles/feature_tests.cxx
Linking CXX executable cmTC_6cd16
/usr/bin/cmake -E cmake_link_script CMakeFiles/cmTC_6cd16.dir/link.txt --verbose=1
/usr/bin/c++       -rdynamic CMakeFiles/cmTC_6cd16.dir/feature_tests.cxx.o  -o cmTC_6cd16 
make[1]: Leaving directory '/home/shipengl/LRSMT/env_build/eigen-3.3.2/build/CMakeFiles/CMakeTmp'


    Feature record: CXX_FEATURE:0cxx_aggregate_default_initializers
    Feature record: CXX_FEATURE:1cxx_alias_templates
    Feature record: CXX_FEATURE:1cxx_alignas
    Feature record: CXX_FEATURE:1cxx_alignof
    Feature record: CXX_FEATURE:1cxx_attributes
    Feature record: CXX_FEATURE:0cxx_attribute_deprecated
    Feature record: CXX_FEATURE:1cxx_auto_type
    Feature record: CXX_FEATURE:0cxx_binary_literals
    Feature record: CXX_FEATURE:1cxx_constexpr
    Feature record: CXX_FEATURE:0cxx_contextual_conversions
    Feature record: CXX_FEATURE:1cxx_decltype
    Feature record: CXX_FEATURE:0cxx_decltype_auto
    Feature record: CXX_FEATURE:1cxx_decltype_incomplete_return_types
    Feature record: CXX_FEATURE:1cxx_default_function_template_args
    Feature record: CXX_FEATURE:1cxx_defaulted_functions
    Feature record: CXX_FEATURE:1cxx_defaulted_move_initializers
    Feature record: CXX_FEATURE:1cxx_delegating_constructors
    Feature record: CXX_FEATURE:1cxx_deleted_functions
    Feature record: CXX_FEATURE:0cxx_digit_separators
    Feature record: CXX_FEATURE:1cxx_enum_forward_declarations
    Feature record: CXX_FEATURE:1cxx_explicit_conversions
    Feature record: CXX_FEATURE:1cxx_extended_friend_declarations
    Feature record: CXX_FEATURE:1cxx_extern_templates
    Feature record: CXX_FEATURE:1cxx_final
    Feature record: CXX_FEATURE:1cxx_func_identifier
    Feature record: CXX_FEATURE:1cxx_generalized_initializers
    Feature record: CXX_FEATURE:0cxx_generic_lambdas
    Feature record: CXX_FEATURE:1cxx_inheriting_constructors
    Feature record: CXX_FEATURE:1cxx_inline_namespaces
    Feature record: CXX_FEATURE:1cxx_lambdas
    Feature record: CXX_FEATURE:0cxx_lambda_init_captures
    Feature record: CXX_FEATURE:1cxx_local_type_template_args
    Feature record: CXX_FEATURE:1cxx_long_long_type
    Feature record: CXX_FEATURE:1cxx_noexcept
    Feature record: CXX_FEATURE:1cxx_nonstatic_member_init
    Feature record: CXX_FEATURE:1cxx_nullptr
    Feature record: CXX_FEATURE:1cxx_override
    Feature record: CXX_FEATURE:1cxx_range_for
    Feature record: CXX_FEATURE:1cxx_raw_string_literals
    Feature record: CXX_FEATURE:1cxx_reference_qualified_functions
    Feature record: CXX_FEATURE:0cxx_relaxed_constexpr
    Feature record: CXX_FEATURE:0cxx_return_type_deduction
    Feature record: CXX_FEATURE:1cxx_right_angle_brackets
    Feature record: CXX_FEATURE:1cxx_rvalue_references
    Feature record: CXX_FEATURE:1cxx_sizeof_member
    Feature record: CXX_FEATURE:1cxx_static_assert
    Feature record: CXX_FEATURE:1cxx_strong_enums
    Feature record: CXX_FEATURE:1cxx_template_template_parameters
    Feature record: CXX_FEATURE:1cxx_thread_local
    Feature record: CXX_FEATURE:1cxx_trailing_return_types
    Feature record: CXX_FEATURE:1cxx_unicode_literals
    Feature record: CXX_FEATURE:1cxx_uniform_initialization
    Feature record: CXX_FEATURE:1cxx_unrestricted_unions
    Feature record: CXX_FEATURE:1cxx_user_literals
    Feature record: CXX_FEATURE:0cxx_variable_templates
    Feature record: CXX_FEATURE:1cxx_variadic_macros
    Feature record: CXX_FEATURE:1cxx_variadic_templates


Detecting CXX [-std=c++98] compiler features compiled with the following output:
Change Dir: /home/shipengl/LRSMT/env_build/eigen-3.3.2/build/CMakeFiles/CMakeTmp

Run Build Command:"/usr/bin/make" "cmTC_e0158/fast"
/usr/bin/make -f CMakeFiles/cmTC_e0158.dir/build.make CMakeFiles/cmTC_e0158.dir/build
make[1]: Entering directory '/home/shipengl/LRSMT/env_build/eigen-3.3.2/build/CMakeFiles/CMakeTmp'
Building CXX object CMakeFiles/cmTC_e0158.dir/feature_tests.cxx.o
/usr/bin/c++    -std=c++98 -o CMakeFiles/cmTC_e0158.dir/feature_tests.cxx.o -c /home/shipengl/LRSMT/env_build/eigen-3.3.2/build/CMakeFiles/feature_tests.cxx
Linking CXX executable cmTC_e0158
/usr/bin/cmake -E cmake_link_script CMakeFiles/cmTC_e0158.dir/link.txt --verbose=1
/usr/bin/c++       -rdynamic CMakeFiles/cmTC_e0158.dir/feature_tests.cxx.o  -o cmTC_e0158 
make[1]: Leaving directory '/home/shipengl/LRSMT/env_build/eigen-3.3.2/build/CMakeFiles/CMakeTmp'


    Feature record: CXX_FEATURE:0cxx_aggregate_default_initializers
    Feature record: CXX_FEATURE:0cxx_alias_templates
    Feature record: CXX_FEATURE:0cxx_alignas
    Feature record: CXX_FEATURE:0cxx_alignof
    Feature record: CXX_FEATURE:0cxx_attributes
    Feature record: CXX_FEATURE:0cxx_attribute_deprecated
    Feature record: CXX_FEATURE:0cxx_auto_type
    Feature record: CXX_FEATURE:0cxx_binary_literals
    Feature record: CXX_FEATURE:0cxx_constexpr
    Feature record: CXX_FEATURE:0cxx_contextual_conversions
    Feature record: CXX_FEATURE:0cxx_decltype
    Feature record: CXX_FEATURE:0cxx_decltype_auto
    Feature record: CXX_FEATURE:0cxx_decltype_incomplete_return_types
    Feature record: CXX_FEATURE:0cxx_default_function_template_args
    Feature record: CXX_FEATURE:0cxx_defaulted_functions
    Feature record: CXX_FEATURE:0cxx_defaulted_move_initializers
    Feature record: CXX_FEATURE:0cxx_delegating_constructors
    Feature record: CXX_FEATURE:0cxx_deleted_functions
    Feature record: CXX_FEATURE:0cxx_digit_separators
    Feature record: CXX_FEATURE:0cxx_enum_forward_declarations
    Feature record: CXX_FEATURE:0cxx_explicit_conversions
    Feature record: CXX_FEATURE:0cxx_extended_friend_declarations
    Feature record: CXX_FEATURE:0cxx_extern_templates
    Feature record: CXX_FEATURE:0cxx_final
    Feature record: CXX_FEATURE:0cxx_func_identifier
    Feature record: CXX_FEATURE:0cxx_generalized_initializers
    Feature record: CXX_FEATURE:0cxx_generic_lambdas
    Feature record: CXX_FEATURE:0cxx_inheriting_constructors
    Feature record: CXX_FEATURE:0cxx_inline_namespaces
    Feature record: CXX_FEATURE:0cxx_lambdas
    Feature record: CXX_FEATURE:0cxx_lambda_init_captures
    Feature record: CXX_FEATURE:0cxx_local_type_template_args
    Feature record: CXX_FEATURE:0cxx_long_long_type
    Feature record: CXX_FEATURE:0cxx_noexcept
    Feature record: CXX_FEATURE:0cxx_nonstatic_member_init
    Feature record: CXX_FEATURE:0cxx_nullptr
    Feature record: CXX_FEATURE:0cxx_override
    Feature record: CXX_FEATURE:0cxx_range_for
    Feature record: CXX_FEATURE:0cxx_raw_string_literals
    Feature record: CXX_FEATURE:0cxx_reference_qualified_functions
    Feature record: CXX_FEATURE:0cxx_relaxed_constexpr
    Feature record: CXX_FEATURE:0cxx_return_type_deduction
    Feature record: CXX_FEATURE:0cxx_right_angle_brackets
    Feature record: CXX_FEATURE:0cxx_rvalue_references
    Feature record: CXX_FEATURE:0cxx_sizeof_member
    Feature record: CXX_FEATURE:0cxx_static_assert
    Feature record: CXX_FEATURE:0cxx_strong_enums
    Feature record: CXX_FEATURE:1cxx_template_template_parameters
    Feature record: CXX_FEATURE:0cxx_thread_local
    Feature record: CXX_FEATURE:0cxx_trailing_return_types
    Feature record: CXX_FEATURE:0cxx_unicode_literals
    Feature record: CXX_FEATURE:0cxx_uniform_initialization
    Feature record: CXX_FEATURE:0cxx_unrestricted_unions
    Feature record: CXX_FEATURE:0cxx_user_literals
    Feature record: CXX_FEATURE:0cxx_variable_templates
    Feature record: CXX_FEATURE:0cxx_variadic_macros
    Feature record: CXX_FEATURE:0cxx_variadic_templates
Performing C++ SOURCE FILE Test standard_math_library_linked_to_automatically succeeded with the following output:
Change Dir: /home/shipengl/LRSMT/env_build/eigen-3.3.2/build/CMakeFiles/CMakeTmp

Run Build Command:"/usr/bin/make" "cmTC_79bfa/fast"
/usr/bin/make -f CMakeFiles/cmTC_79bfa.dir/build.make CMakeFiles/cmTC_79bfa.dir/build
make[1]: Entering directory '/home/shipengl/LRSMT/env_build/eigen-3.3.2/build/CMakeFiles/CMakeTmp'
Building CXX object CMakeFiles/cmTC_79bfa.dir/src.cxx.o
/usr/bin/c++    -Dstandard_math_library_linked_to_automatically   -o CMakeFiles/cmTC_79bfa.dir/src.cxx.o -c /home/shipengl/LRSMT/env_build/eigen-3.3.2/build/CMakeFiles/CMakeTmp/src.cxx
Linking CXX executable cmTC_79bfa
/usr/bin/cmake -E cmake_link_script CMakeFiles/cmTC_79bfa.dir/link.txt --verbose=1
/usr/bin/c++   -Dstandard_math_library_linked_to_automatically    -rdynamic CMakeFiles/cmTC_79bfa.dir/src.cxx.o  -o cmTC_79bfa 
make[1]: Leaving directory '/home/shipengl/LRSMT/env_build/eigen-3.3.2/build/CMakeFiles/CMakeTmp'

Source file was:
#include<cmath>
int main() { std::sin(0.0); std::log(0.0f); }
Performing C++ SOURCE FILE Test COMPILER_SUPPORT_WERROR succeeded with the following output:
Change Dir: /home/shipengl/LRSMT/env_build/eigen-3.3.2/build/CMakeFiles/CMakeTmp

Run Build Command:"/usr/bin/make" "cmTC_1fa33/fast"
/usr/bin/make -f CMakeFiles/cmTC_1fa33.dir/build.make CMakeFiles/cmTC_1fa33.dir/build
make[1]: Entering directory '/home/shipengl/LRSMT/env_build/eigen-3.3.2/build/CMakeFiles/CMakeTmp'
Building CXX object CMakeFiles/cmTC_1fa33.dir/src.cxx.o
/usr/bin/c++    -DCOMPILER_SUPPORT_WERROR   -Werror -o CMakeFiles/cmTC_1fa33.dir/src.cxx.o -c /home/shipengl/LRSMT/env_build/eigen-3.3.2/build/CMakeFiles/CMakeTmp/src.cxx
Linking CXX executable cmTC_1fa33
/usr/bin/cmake -E cmake_link_script CMakeFiles/cmTC_1fa33.dir/link.txt --verbose=1
/usr/bin/c++   -DCOMPILER_SUPPORT_WERROR    -rdynamic CMakeFiles/cmTC_1fa33.dir/src.cxx.o  -o cmTC_1fa33 
make[1]: Leaving directory '/home/shipengl/LRSMT/env_build/eigen-3.3.2/build/CMakeFiles/CMakeTmp'

Source file was:
int main() { return 0; }
Performing C++ SOURCE FILE Test COMPILER_SUPPORT_pedantic succeeded with the following output:
Change Dir: /home/shipengl/LRSMT/env_build/eigen-3.3.2/build/CMakeFiles/CMakeTmp

Run Build Command:"/usr/bin/make" "cmTC_f7031/fast"
/usr/bin/make -f CMakeFiles/cmTC_f7031.dir/build.make CMakeFiles/cmTC_f7031.dir/build
make[1]: Entering directory '/home/shipengl/LRSMT/env_build/eigen-3.3.2/build/CMakeFiles/CMakeTmp'
Building CXX object CMakeFiles/cmTC_f7031.dir/src.cxx.o
/usr/bin/c++    -DCOMPILER_SUPPORT_pedantic -Werror   -pedantic -o CMakeFiles/cmTC_f7031.dir/src.cxx.o -c /home/shipengl/LRSMT/env_build/eigen-3.3.2/build/CMakeFiles/CMakeTmp/src.cxx
Linking CXX executable cmTC_f7031
/usr/bin/cmake -E cmake_link_script CMakeFiles/cmTC_f7031.dir/link.txt --verbose=1
/usr/bin/c++   -DCOMPILER_SUPPORT_pedantic -Werror    -rdynamic CMakeFiles/cmTC_f7031.dir/src.cxx.o  -o cmTC_f7031 
make[1]: Leaving directory '/home/shipengl/LRSMT/env_build/eigen-3.3.2/build/CMakeFiles/CMakeTmp'

Source file was:
int main() { return 0; }
Performing C++ SOURCE FILE Test COMPILER_SUPPORT_Wall succeeded with the following output:
Change Dir: /home/shipengl/LRSMT/env_build/eigen-3.3.2/build/CMakeFiles/CMakeTmp

Run Build Command:"/usr/bin/make" "cmTC_33c13/fast"
/usr/bin/make -f CMakeFiles/cmTC_33c13.dir/build.make CMakeFiles/cmTC_33c13.dir/build
make[1]: Entering directory '/home/shipengl/LRSMT/env_build/eigen-3.3.2/build/CMakeFiles/CMakeTmp'
Building CXX object CMakeFiles/cmTC_33c13.dir/src.cxx.o
/usr/bin/c++    -pedantic -DCOMPILER_SUPPORT_Wall -Werror   -Wall -o CMakeFiles/cmTC_33c13.dir/src.cxx.o -c /home/shipengl/LRSMT/env_build/eigen-3.3.2/build/CMakeFiles/CMakeTmp/src.cxx
Linking CXX executable cmTC_33c13
/usr/bin/cmake -E cmake_link_script CMakeFiles/cmTC_33c13.dir/link.txt --verbose=1
/usr/bin/c++   -pedantic -DCOMPILER_SUPPORT_Wall -Werror    -rdynamic CMakeFiles/cmTC_33c13.dir/src.cxx.o  -o cmTC_33c13 
make[1]: Leaving directory '/home/shipengl/LRSMT/env_build/eigen-3.3.2/build/CMakeFiles/CMakeTmp'

Source file was:
int main() { return 0; }
Performing C++ SOURCE FILE Test COMPILER_SUPPORT_Wextra succeeded with the following output:
Change Dir: /home/shipengl/LRSMT/env_build/eigen-3.3.2/build/CMakeFiles/CMakeTmp

Run Build Command:"/usr/bin/make" "cmTC_8fd71/fast"
/usr/bin/make -f CMakeFiles/cmTC_8fd71.dir/build.make CMakeFiles/cmTC_8fd71.dir/build
make[1]: Entering directory '/home/shipengl/LRSMT/env_build/eigen-3.3.2/build/CMakeFiles/CMakeTmp'
Building CXX object CMakeFiles/cmTC_8fd71.dir/src.cxx.o
/usr/bin/c++    -pedantic -Wall -DCOMPILER_SUPPORT_Wextra -Werror   -Wextra -o CMakeFiles/cmTC_8fd71.dir/src.cxx.o -c /home/shipengl/LRSMT/env_build/eigen-3.3.2/build/CMakeFiles/CMakeTmp/src.cxx
Linking CXX executable cmTC_8fd71
/usr/bin/cmake -E cmake_link_script CMakeFiles/cmTC_8fd71.dir/link.txt --verbose=1
/usr/bin/c++   -pedantic -Wall -DCOMPILER_SUPPORT_Wextra -Werror    -rdynamic CMakeFiles/cmTC_8fd71.dir/src.cxx.o  -o cmTC_8fd71 
make[1]: Leaving directory '/home/shipengl/LRSMT/env_build/eigen-3.3.2/build/CMakeFiles/CMakeTmp'

Source file was:
int main() { return 0; }
Performing C++ SOURCE FILE Test COMPILER_SUPPORT_Wundef succeeded with the following output:
Change Dir: /home/shipengl/LRSMT/env_build/eigen-3.3.2/build/CMakeFiles/CMakeTmp

Run Build Command:"/usr/bin/make" "cmTC_026fd/fast"
/usr/bin/make -f CMakeFiles/cmTC_026fd.dir/build.make CMakeFiles/cmTC_026fd.dir/build
make[1]: Entering directory '/home/shipengl/LRSMT/env_build/eigen-3.3.2/build/CMakeFiles/CMakeTmp'
Building CXX object CMakeFiles/cmTC_026fd.dir/src.cxx.o
/usr/bin/c++    -pedantic -Wall -Wextra -DCOMPILER_SUPPORT_Wundef -Werror   -Wundef -o CMakeFiles/cmTC_026fd.dir/src.cxx.o -c /home/shipengl/LRSMT/env_build/eigen-3.3.2/build/CMakeFiles/CMakeTmp/src.cxx
Linking CXX executable cmTC_026fd
/usr/bin/cmake -E cmake_link_script CMakeFiles/cmTC_026fd.dir/link.txt --verbose=1
/usr/bin/c++   -pedantic -Wall -Wextra -DCOMPILER_SUPPORT_Wundef -Werror    -rdynamic CMakeFiles/cmTC_026fd.dir/src.cxx.o  -o cmTC_026fd 
make[1]: Leaving directory '/home/shipengl/LRSMT/env_build/eigen-3.3.2/build/CMakeFiles/CMakeTmp'

Source file was:
int main() { return 0; }
Performing C++ SOURCE FILE Test COMPILER_SUPPORT_Wcastalign succeeded with the following output:
Change Dir: /home/shipengl/LRSMT/env_build/eigen-3.3.2/build/CMakeFiles/CMakeTmp

Run Build Command:"/usr/bin/make" "cmTC_d66eb/fast"
/usr/bin/make -f CMakeFiles/cmTC_d66eb.dir/build.make CMakeFiles/cmTC_d66eb.dir/build
make[1]: Entering directory '/home/shipengl/LRSMT/env_build/eigen-3.3.2/build/CMakeFiles/CMakeTmp'
Building CXX object CMakeFiles/cmTC_d66eb.dir/src.cxx.o
/usr/bin/c++    -pedantic -Wall -Wextra -Wundef -DCOMPILER_SUPPORT_Wcastalign -Werror   -Wcast-align -o CMakeFiles/cmTC_d66eb.dir/src.cxx.o -c /home/shipengl/LRSMT/env_build/eigen-3.3.2/build/CMakeFiles/CMakeTmp/src.cxx
Linking CXX executable cmTC_d66eb
/usr/bin/cmake -E cmake_link_script CMakeFiles/cmTC_d66eb.dir/link.txt --verbose=1
/usr/bin/c++   -pedantic -Wall -Wextra -Wundef -DCOMPILER_SUPPORT_Wcastalign -Werror    -rdynamic CMakeFiles/cmTC_d66eb.dir/src.cxx.o  -o cmTC_d66eb 
make[1]: Leaving directory '/home/shipengl/LRSMT/env_build/eigen-3.3.2/build/CMakeFiles/CMakeTmp'

Source file was:
int main() { return 0; }
Performing C++ SOURCE FILE Test COMPILER_SUPPORT_Wcharsubscripts succeeded with the following output:
Change Dir: /home/shipengl/LRSMT/env_build/eigen-3.3.2/build/CMakeFiles/CMakeTmp

Run Build Command:"/usr/bin/make" "cmTC_afdc9/fast"
/usr/bin/make -f CMakeFiles/cmTC_afdc9.dir/build.make CMakeFiles/cmTC_afdc9.dir/build
make[1]: Entering directory '/home/shipengl/LRSMT/env_build/eigen-3.3.2/build/CMakeFiles/CMakeTmp'
Building CXX object CMakeFiles/cmTC_afdc9.dir/src.cxx.o
/usr/bin/c++    -pedantic -Wall -Wextra -Wundef -Wcast-align -DCOMPILER_SUPPORT_Wcharsubscripts -Werror   -Wchar-subscripts -o CMakeFiles/cmTC_afdc9.dir/src.cxx.o -c /home/shipengl/LRSMT/env_build/eigen-3.3.2/build/CMakeFiles/CMakeTmp/src.cxx
Linking CXX executable cmTC_afdc9
/usr/bin/cmake -E cmake_link_script CMakeFiles/cmTC_afdc9.dir/link.txt --verbose=1
/usr/bin/c++   -pedantic -Wall -Wextra -Wundef -Wcast-align -DCOMPILER_SUPPORT_Wcharsubscripts -Werror    -rdynamic CMakeFiles/cmTC_afdc9.dir/src.cxx.o  -o cmTC_afdc9 
make[1]: Leaving directory '/home/shipengl/LRSMT/env_build/eigen-3.3.2/build/CMakeFiles/CMakeTmp'

Source file was:
int main() { return 0; }
Performing C++ SOURCE FILE Test COMPILER_SUPPORT_Wnonvirtualdtor succeeded with the following output:
Change Dir: /home/shipengl/LRSMT/env_build/eigen-3.3.2/build/CMakeFiles/CMakeTmp

Run Build Command:"/usr/bin/make" "cmTC_1131a/fast"
/usr/bin/make -f CMakeFiles/cmTC_1131a.dir/build.make CMakeFiles/cmTC_1131a.dir/build
make[1]: Entering directory '/home/shipengl/LRSMT/env_build/eigen-3.3.2/build/CMakeFiles/CMakeTmp'
Building CXX object CMakeFiles/cmTC_1131a.dir/src.cxx.o
/usr/bin/c++    -pedantic -Wall -Wextra -Wundef -Wcast-align -Wchar-subscripts -DCOMPILER_SUPPORT_Wnonvirtualdtor -Werror   -Wnon-virtual-dtor -o CMakeFiles/cmTC_1131a.dir/src.cxx.o -c /home/shipengl/LRSMT/env_build/eigen-3.3.2/build/CMakeFiles/CMakeTmp/src.cxx
Linking CXX executable cmTC_1131a
/usr/bin/cmake -E cmake_link_script CMakeFiles/cmTC_1131a.dir/link.txt --verbose=1
/usr/bin/c++   -pedantic -Wall -Wextra -Wundef -Wcast-align -Wchar-subscripts -DCOMPILER_SUPPORT_Wnonvirtualdtor -Werror    -rdynamic CMakeFiles/cmTC_1131a.dir/src.cxx.o  -o cmTC_1131a 
make[1]: Leaving directory '/home/shipengl/LRSMT/env_build/eigen-3.3.2/build/CMakeFiles/CMakeTmp'

Source file was:
int main() { return 0; }
Performing C++ SOURCE FILE Test COMPILER_SUPPORT_Wunusedlocaltypedefs succeeded with the following output:
Change Dir: /home/shipengl/LRSMT/env_build/eigen-3.3.2/build/CMakeFiles/CMakeTmp

Run Build Command:"/usr/bin/make" "cmTC_3bab9/fast"
/usr/bin/make -f CMakeFiles/cmTC_3bab9.dir/build.make CMakeFiles/cmTC_3bab9.dir/build
make[1]: Entering directory '/home/shipengl/LRSMT/env_build/eigen-3.3.2/build/CMakeFiles/CMakeTmp'
Building CXX object CMakeFiles/cmTC_3bab9.dir/src.cxx.o
/usr/bin/c++    -pedantic -Wall -Wextra -Wundef -Wcast-align -Wchar-subscripts -Wnon-virtual-dtor -DCOMPILER_SUPPORT_Wunusedlocaltypedefs -Werror   -Wunused-local-typedefs -o CMakeFiles/cmTC_3bab9.dir/src.cxx.o -c /home/shipengl/LRSMT/env_build/eigen-3.3.2/build/CMakeFiles/CMakeTmp/src.cxx
Linking CXX executable cmTC_3bab9
/usr/bin/cmake -E cmake_link_script CMakeFiles/cmTC_3bab9.dir/link.txt --verbose=1
/usr/bin/c++   -pedantic -Wall -Wextra -Wundef -Wcast-align -Wchar-subscripts -Wnon-virtual-dtor -DCOMPILER_SUPPORT_Wunusedlocaltypedefs -Werror    -rdynamic CMakeFiles/cmTC_3bab9.dir/src.cxx.o  -o cmTC_3bab9 
make[1]: Leaving directory '/home/shipengl/LRSMT/env_build/eigen-3.3.2/build/CMakeFiles/CMakeTmp'

Source file was:
int main() { return 0; }
Performing C++ SOURCE FILE Test COMPILER_SUPPORT_Wpointerarith succeeded with the following output:
Change Dir: /home/shipengl/LRSMT/env_build/eigen-3.3.2/build/CMakeFiles/CMakeTmp

Run Build Command:"/usr/bin/make" "cmTC_29beb/fast"
/usr/bin/make -f CMakeFiles/cmTC_29beb.dir/build.make CMakeFiles/cmTC_29beb.dir/build
make[1]: Entering directory '/home/shipengl/LRSMT/env_build/eigen-3.3.2/build/CMakeFiles/CMakeTmp'
Building CXX object CMakeFiles/cmTC_29beb.dir/src.cxx.o
/usr/bin/c++    -pedantic -Wall -Wextra -Wundef -Wcast-align -Wchar-subscripts -Wnon-virtual-dtor -Wunused-local-typedefs -DCOMPILER_SUPPORT_Wpointerarith -Werror   -Wpointer-arith -o CMakeFiles/cmTC_29beb.dir/src.cxx.o -c /home/shipengl/LRSMT/env_build/eigen-3.3.2/build/CMakeFiles/CMakeTmp/src.cxx
Linking CXX executable cmTC_29beb
/usr/bin/cmake -E cmake_link_script CMakeFiles/cmTC_29beb.dir/link.txt --verbose=1
/usr/bin/c++   -pedantic -Wall -Wextra -Wundef -Wcast-align -Wchar-subscripts -Wnon-virtual-dtor -Wunused-local-typedefs -DCOMPILER_SUPPORT_Wpointerarith -Werror    -rdynamic CMakeFiles/cmTC_29beb.dir/src.cxx.o  -o cmTC_29beb 
make[1]: Leaving directory '/home/shipengl/LRSMT/env_build/eigen-3.3.2/build/CMakeFiles/CMakeTmp'

Source file was:
int main() { return 0; }
Performing C++ SOURCE FILE Test COMPILER_SUPPORT_Wwritestrings succeeded with the following output:
Change Dir: /home/shipengl/LRSMT/env_build/eigen-3.3.2/build/CMakeFiles/CMakeTmp

Run Build Command:"/usr/bin/make" "cmTC_56e41/fast"
/usr/bin/make -f CMakeFiles/cmTC_56e41.dir/build.make CMakeFiles/cmTC_56e41.dir/build
make[1]: Entering directory '/home/shipengl/LRSMT/env_build/eigen-3.3.2/build/CMakeFiles/CMakeTmp'
Building CXX object CMakeFiles/cmTC_56e41.dir/src.cxx.o
/usr/bin/c++    -pedantic -Wall -Wextra -Wundef -Wcast-align -Wchar-subscripts -Wnon-virtual-dtor -Wunused-local-typedefs -Wpointer-arith -DCOMPILER_SUPPORT_Wwritestrings -Werror   -Wwrite-strings -o CMakeFiles/cmTC_56e41.dir/src.cxx.o -c /home/shipengl/LRSMT/env_build/eigen-3.3.2/build/CMakeFiles/CMakeTmp/src.cxx
Linking CXX executable cmTC_56e41
/usr/bin/cmake -E cmake_link_script CMakeFiles/cmTC_56e41.dir/link.txt --verbose=1
/usr/bin/c++   -pedantic -Wall -Wextra -Wundef -Wcast-align -Wchar-subscripts -Wnon-virtual-dtor -Wunused-local-typedefs -Wpointer-arith -DCOMPILER_SUPPORT_Wwritestrings -Werror    -rdynamic CMakeFiles/cmTC_56e41.dir/src.cxx.o  -o cmTC_56e41 
make[1]: Leaving directory '/home/shipengl/LRSMT/env_build/eigen-3.3.2/build/CMakeFiles/CMakeTmp'

Source file was:
int main() { return 0; }
Performing C++ SOURCE FILE Test COMPILER_SUPPORT_Wformatsecurity succeeded with the following output:
Change Dir: /home/shipengl/LRSMT/env_build/eigen-3.3.2/build/CMakeFiles/CMakeTmp

Run Build Command:"/usr/bin/make" "cmTC_4694b/fast"
/usr/bin/make -f CMakeFiles/cmTC_4694b.dir/build.make CMakeFiles/cmTC_4694b.dir/build
make[1]: Entering directory '/home/shipengl/LRSMT/env_build/eigen-3.3.2/build/CMakeFiles/CMakeTmp'
Building CXX object CMakeFiles/cmTC_4694b.dir/src.cxx.o
/usr/bin/c++    -pedantic -Wall -Wextra -Wundef -Wcast-align -Wchar-subscripts -Wnon-virtual-dtor -Wunused-local-typedefs -Wpointer-arith -Wwrite-strings -DCOMPILER_SUPPORT_Wformatsecurity -Werror   -Wformat-security -o CMakeFiles/cmTC_4694b.dir/src.cxx.o -c /home/shipengl/LRSMT/env_build/eigen-3.3.2/build/CMakeFiles/CMakeTmp/src.cxx
Linking CXX executable cmTC_4694b
/usr/bin/cmake -E cmake_link_script CMakeFiles/cmTC_4694b.dir/link.txt --verbose=1
/usr/bin/c++   -pedantic -Wall -Wextra -Wundef -Wcast-align -Wchar-subscripts -Wnon-virtual-dtor -Wunused-local-typedefs -Wpointer-arith -Wwrite-strings -DCOMPILER_SUPPORT_Wformatsecurity -Werror    -rdynamic CMakeFiles/cmTC_4694b.dir/src.cxx.o  -o cmTC_4694b 
make[1]: Leaving directory '/home/shipengl/LRSMT/env_build/eigen-3.3.2/build/CMakeFiles/CMakeTmp'

Source file was:
int main() { return 0; }
Performing C++ SOURCE FILE Test COMPILER_SUPPORT_Wlogicalop succeeded with the following output:
Change Dir: /home/shipengl/LRSMT/env_build/eigen-3.3.2/build/CMakeFiles/CMakeTmp

Run Build Command:"/usr/bin/make" "cmTC_c72d0/fast"
/usr/bin/make -f CMakeFiles/cmTC_c72d0.dir/build.make CMakeFiles/cmTC_c72d0.dir/build
make[1]: Entering directory '/home/shipengl/LRSMT/env_build/eigen-3.3.2/build/CMakeFiles/CMakeTmp'
Building CXX object CMakeFiles/cmTC_c72d0.dir/src.cxx.o
/usr/bin/c++    -pedantic -Wall -Wextra -Wundef -Wcast-align -Wchar-subscripts -Wnon-virtual-dtor -Wunused-local-typedefs -Wpointer-arith -Wwrite-strings -Wformat-security -DCOMPILER_SUPPORT_Wlogicalop -Werror   -Wlogical-op -o CMakeFiles/cmTC_c72d0.dir/src.cxx.o -c /home/shipengl/LRSMT/env_build/eigen-3.3.2/build/CMakeFiles/CMakeTmp/src.cxx
Linking CXX executable cmTC_c72d0
/usr/bin/cmake -E cmake_link_script CMakeFiles/cmTC_c72d0.dir/link.txt --verbose=1
/usr/bin/c++   -pedantic -Wall -Wextra -Wundef -Wcast-align -Wchar-subscripts -Wnon-virtual-dtor -Wunused-local-typedefs -Wpointer-arith -Wwrite-strings -Wformat-security -DCOMPILER_SUPPORT_Wlogicalop -Werror    -rdynamic CMakeFiles/cmTC_c72d0.dir/src.cxx.o  -o cmTC_c72d0 
make[1]: Leaving directory '/home/shipengl/LRSMT/env_build/eigen-3.3.2/build/CMakeFiles/CMakeTmp'

Source file was:
int main() { return 0; }
Performing C++ SOURCE FILE Test COMPILER_SUPPORT_Wdoublepromotion succeeded with the following output:
Change Dir: /home/shipengl/LRSMT/env_build/eigen-3.3.2/build/CMakeFiles/CMakeTmp

Run Build Command:"/usr/bin/make" "cmTC_08bea/fast"
/usr/bin/make -f CMakeFiles/cmTC_08bea.dir/build.make CMakeFiles/cmTC_08bea.dir/build
make[1]: Entering directory '/home/shipengl/LRSMT/env_build/eigen-3.3.2/build/CMakeFiles/CMakeTmp'
Building CXX object CMakeFiles/cmTC_08bea.dir/src.cxx.o
/usr/bin/c++    -pedantic -Wall -Wextra -Wundef -Wcast-align -Wchar-subscripts -Wnon-virtual-dtor -Wunused-local-typedefs -Wpointer-arith -Wwrite-strings -Wformat-security -Wlogical-op -DCOMPILER_SUPPORT_Wdoublepromotion -Werror   -Wdouble-promotion -o CMakeFiles/cmTC_08bea.dir/src.cxx.o -c /home/shipengl/LRSMT/env_build/eigen-3.3.2/build/CMakeFiles/CMakeTmp/src.cxx
Linking CXX executable cmTC_08bea
/usr/bin/cmake -E cmake_link_script CMakeFiles/cmTC_08bea.dir/link.txt --verbose=1
/usr/bin/c++   -pedantic -Wall -Wextra -Wundef -Wcast-align -Wchar-subscripts -Wnon-virtual-dtor -Wunused-local-typedefs -Wpointer-arith -Wwrite-strings -Wformat-security -Wlogical-op -DCOMPILER_SUPPORT_Wdoublepromotion -Werror    -rdynamic CMakeFiles/cmTC_08bea.dir/src.cxx.o  -o cmTC_08bea 
make[1]: Leaving directory '/home/shipengl/LRSMT/env_build/eigen-3.3.2/build/CMakeFiles/CMakeTmp'

Source file was:
int main() { return 0; }
Performing C++ SOURCE FILE Test COMPILER_SUPPORT_Wnopsabi succeeded with the following output:
Change Dir: /home/shipengl/LRSMT/env_build/eigen-3.3.2/build/CMakeFiles/CMakeTmp

Run Build Command:"/usr/bin/make" "cmTC_4b2f7/fast"
/usr/bin/make -f CMakeFiles/cmTC_4b2f7.dir/build.make CMakeFiles/cmTC_4b2f7.dir/build
make[1]: Entering directory '/home/shipengl/LRSMT/env_build/eigen-3.3.2/build/CMakeFiles/CMakeTmp'
Building CXX object CMakeFiles/cmTC_4b2f7.dir/src.cxx.o
/usr/bin/c++    -pedantic -Wall -Wextra -Wundef -Wcast-align -Wchar-subscripts -Wnon-virtual-dtor -Wunused-local-typedefs -Wpointer-arith -Wwrite-strings -Wformat-security -Wlogical-op -Wdouble-promotion -DCOMPILER_SUPPORT_Wnopsabi -Werror   -Wno-psabi -o CMakeFiles/cmTC_4b2f7.dir/src.cxx.o -c /home/shipengl/LRSMT/env_build/eigen-3.3.2/build/CMakeFiles/CMakeTmp/src.cxx
Linking CXX executable cmTC_4b2f7
/usr/bin/cmake -E cmake_link_script CMakeFiles/cmTC_4b2f7.dir/link.txt --verbose=1
/usr/bin/c++   -pedantic -Wall -Wextra -Wundef -Wcast-align -Wchar-subscripts -Wnon-virtual-dtor -Wunused-local-typedefs -Wpointer-arith -Wwrite-strings -Wformat-security -Wlogical-op -Wdouble-promotion -DCOMPILER_SUPPORT_Wnopsabi -Werror    -rdynamic CMakeFiles/cmTC_4b2f7.dir/src.cxx.o  -o cmTC_4b2f7 
make[1]: Leaving directory '/home/shipengl/LRSMT/env_build/eigen-3.3.2/build/CMakeFiles/CMakeTmp'

Source file was:
int main() { return 0; }
Performing C++ SOURCE FILE Test COMPILER_SUPPORT_Wnovariadicmacros succeeded with the following output:
Change Dir: /home/shipengl/LRSMT/env_build/eigen-3.3.2/build/CMakeFiles/CMakeTmp

Run Build Command:"/usr/bin/make" "cmTC_091e8/fast"
/usr/bin/make -f CMakeFiles/cmTC_091e8.dir/build.make CMakeFiles/cmTC_091e8.dir/build
make[1]: Entering directory '/home/shipengl/LRSMT/env_build/eigen-3.3.2/build/CMakeFiles/CMakeTmp'
Building CXX object CMakeFiles/cmTC_091e8.dir/src.cxx.o
/usr/bin/c++    -pedantic -Wall -Wextra -Wundef -Wcast-align -Wchar-subscripts -Wnon-virtual-dtor -Wunused-local-typedefs -Wpointer-arith -Wwrite-strings -Wformat-security -Wlogical-op -Wdouble-promotion -Wno-psabi -DCOMPILER_SUPPORT_Wnovariadicmacros -Werror   -Wno-variadic-macros -o CMakeFiles/cmTC_091e8.dir/src.cxx.o -c /home/shipengl/LRSMT/env_build/eigen-3.3.2/build/CMakeFiles/CMakeTmp/src.cxx
Linking CXX executable cmTC_091e8
/usr/bin/cmake -E cmake_link_script CMakeFiles/cmTC_091e8.dir/link.txt --verbose=1
/usr/bin/c++   -pedantic -Wall -Wextra -Wundef -Wcast-align -Wchar-subscripts -Wnon-virtual-dtor -Wunused-local-typedefs -Wpointer-arith -Wwrite-strings -Wformat-security -Wlogical-op -Wdouble-promotion -Wno-psabi -DCOMPILER_SUPPORT_Wnovariadicmacros -Werror    -rdynamic CMakeFiles/cmTC_091e8.dir/src.cxx.o  -o cmTC_091e8 
make[1]: Leaving directory '/home/shipengl/LRSMT/env_build/eigen-3.3.2/build/CMakeFiles/CMakeTmp'

Source file was:
int main() { return 0; }
Performing C++ SOURCE FILE Test COMPILER_SUPPORT_Wnolonglong succeeded with the following output:
Change Dir: /home/shipengl/LRSMT/env_build/eigen-3.3.2/build/CMakeFiles/CMakeTmp

Run Build Command:"/usr/bin/make" "cmTC_e6442/fast"
/usr/bin/make -f CMakeFiles/cmTC_e6442.dir/build.make CMakeFiles/cmTC_e6442.dir/build
make[1]: Entering directory '/home/shipengl/LRSMT/env_build/eigen-3.3.2/build/CMakeFiles/CMakeTmp'
Building CXX object CMakeFiles/cmTC_e6442.dir/src.cxx.o
/usr/bin/c++    -pedantic -Wall -Wextra -Wundef -Wcast-align -Wchar-subscripts -Wnon-virtual-dtor -Wunused-local-typedefs -Wpointer-arith -Wwrite-strings -Wformat-security -Wlogical-op -Wdouble-promotion -Wno-psabi -Wno-variadic-macros -DCOMPILER_SUPPORT_Wnolonglong -Werror   -Wno-long-long -o CMakeFiles/cmTC_e6442.dir/src.cxx.o -c /home/shipengl/LRSMT/env_build/eigen-3.3.2/build/CMakeFiles/CMakeTmp/src.cxx
Linking CXX executable cmTC_e6442
/usr/bin/cmake -E cmake_link_script CMakeFiles/cmTC_e6442.dir/link.txt --verbose=1
/usr/bin/c++   -pedantic -Wall -Wextra -Wundef -Wcast-align -Wchar-subscripts -Wnon-virtual-dtor -Wunused-local-typedefs -Wpointer-arith -Wwrite-strings -Wformat-security -Wlogical-op -Wdouble-promotion -Wno-psabi -Wno-variadic-macros -DCOMPILER_SUPPORT_Wnolonglong -Werror    -rdynamic CMakeFiles/cmTC_e6442.dir/src.cxx.o  -o cmTC_e6442 
make[1]: Leaving directory '/home/shipengl/LRSMT/env_build/eigen-3.3.2/build/CMakeFiles/CMakeTmp'

Source file was:
int main() { return 0; }
Performing C++ SOURCE FILE Test COMPILER_SUPPORT_fnochecknew succeeded with the following output:
Change Dir: /home/shipengl/LRSMT/env_build/eigen-3.3.2/build/CMakeFiles/CMakeTmp

Run Build Command:"/usr/bin/make" "cmTC_f3a30/fast"
/usr/bin/make -f CMakeFiles/cmTC_f3a30.dir/build.make CMakeFiles/cmTC_f3a30.dir/build
make[1]: Entering directory '/home/shipengl/LRSMT/env_build/eigen-3.3.2/build/CMakeFiles/CMakeTmp'
Building CXX object CMakeFiles/cmTC_f3a30.dir/src.cxx.o
/usr/bin/c++    -pedantic -Wall -Wextra -Wundef -Wcast-align -Wchar-subscripts -Wnon-virtual-dtor -Wunused-local-typedefs -Wpointer-arith -Wwrite-strings -Wformat-security -Wlogical-op -Wdouble-promotion -Wno-psabi -Wno-variadic-macros -Wno-long-long -DCOMPILER_SUPPORT_fnochecknew -Werror   -fno-check-new -o CMakeFiles/cmTC_f3a30.dir/src.cxx.o -c /home/shipengl/LRSMT/env_build/eigen-3.3.2/build/CMakeFiles/CMakeTmp/src.cxx
Linking CXX executable cmTC_f3a30
/usr/bin/cmake -E cmake_link_script CMakeFiles/cmTC_f3a30.dir/link.txt --verbose=1
/usr/bin/c++   -pedantic -Wall -Wextra -Wundef -Wcast-align -Wchar-subscripts -Wnon-virtual-dtor -Wunused-local-typedefs -Wpointer-arith -Wwrite-strings -Wformat-security -Wlogical-op -Wdouble-promotion -Wno-psabi -Wno-variadic-macros -Wno-long-long -DCOMPILER_SUPPORT_fnochecknew -Werror    -rdynamic CMakeFiles/cmTC_f3a30.dir/src.cxx.o  -o cmTC_f3a30 
make[1]: Leaving directory '/home/shipengl/LRSMT/env_build/eigen-3.3.2/build/CMakeFiles/CMakeTmp'

Source file was:
int main() { return 0; }
Performing C++ SOURCE FILE Test COMPILER_SUPPORT_fnocommon succeeded with the following output:
Change Dir: /home/shipengl/LRSMT/env_build/eigen-3.3.2/build/CMakeFiles/CMakeTmp

Run Build Command:"/usr/bin/make" "cmTC_dc6c5/fast"
/usr/bin/make -f CMakeFiles/cmTC_dc6c5.dir/build.make CMakeFiles/cmTC_dc6c5.dir/build
make[1]: Entering directory '/home/shipengl/LRSMT/env_build/eigen-3.3.2/build/CMakeFiles/CMakeTmp'
Building CXX object CMakeFiles/cmTC_dc6c5.dir/src.cxx.o
/usr/bin/c++    -pedantic -Wall -Wextra -Wundef -Wcast-align -Wchar-subscripts -Wnon-virtual-dtor -Wunused-local-typedefs -Wpointer-arith -Wwrite-strings -Wformat-security -Wlogical-op -Wdouble-promotion -Wno-psabi -Wno-variadic-macros -Wno-long-long -fno-check-new -DCOMPILER_SUPPORT_fnocommon -Werror   -fno-common -o CMakeFiles/cmTC_dc6c5.dir/src.cxx.o -c /home/shipengl/LRSMT/env_build/eigen-3.3.2/build/CMakeFiles/CMakeTmp/src.cxx
Linking CXX executable cmTC_dc6c5
/usr/bin/cmake -E cmake_link_script CMakeFiles/cmTC_dc6c5.dir/link.txt --verbose=1
/usr/bin/c++   -pedantic -Wall -Wextra -Wundef -Wcast-align -Wchar-subscripts -Wnon-virtual-dtor -Wunused-local-typedefs -Wpointer-arith -Wwrite-strings -Wformat-security -Wlogical-op -Wdouble-promotion -Wno-psabi -Wno-variadic-macros -Wno-long-long -fno-check-new -DCOMPILER_SUPPORT_fnocommon -Werror    -rdynamic CMakeFiles/cmTC_dc6c5.dir/src.cxx.o  -o cmTC_dc6c5 
make[1]: Leaving directory '/home/shipengl/LRSMT/env_build/eigen-3.3.2/build/CMakeFiles/CMakeTmp'

Source file was:
int main() { return 0; }
Performing C++ SOURCE FILE Test COMPILER_SUPPORT_fstrictaliasing succeeded with the following output:
Change Dir: /home/shipengl/LRSMT/env_build/eigen-3.3.2/build/CMakeFiles/CMakeTmp

Run Build Command:"/usr/bin/make" "cmTC_a4076/fast"
/usr/bin/make -f CMakeFiles/cmTC_a4076.dir/build.make CMakeFiles/cmTC_a4076.dir/build
make[1]: Entering directory '/home/shipengl/LRSMT/env_build/eigen-3.3.2/build/CMakeFiles/CMakeTmp'
Building CXX object CMakeFiles/cmTC_a4076.dir/src.cxx.o
/usr/bin/c++    -pedantic -Wall -Wextra -Wundef -Wcast-align -Wchar-subscripts -Wnon-virtual-dtor -Wunused-local-typedefs -Wpointer-arith -Wwrite-strings -Wformat-security -Wlogical-op -Wdouble-promotion -Wno-psabi -Wno-variadic-macros -Wno-long-long -fno-check-new -fno-common -DCOMPILER_SUPPORT_fstrictaliasing -Werror   -fstrict-aliasing -o CMakeFiles/cmTC_a4076.dir/src.cxx.o -c /home/shipengl/LRSMT/env_build/eigen-3.3.2/build/CMakeFiles/CMakeTmp/src.cxx
Linking CXX executable cmTC_a4076
/usr/bin/cmake -E cmake_link_script CMakeFiles/cmTC_a4076.dir/link.txt --verbose=1
/usr/bin/c++   -pedantic -Wall -Wextra -Wundef -Wcast-align -Wchar-subscripts -Wnon-virtual-dtor -Wunused-local-typedefs -Wpointer-arith -Wwrite-strings -Wformat-security -Wlogical-op -Wdouble-promotion -Wno-psabi -Wno-variadic-macros -Wno-long-long -fno-check-new -fno-common -DCOMPILER_SUPPORT_fstrictaliasing -Werror    -rdynamic CMakeFiles/cmTC_a4076.dir/src.cxx.o  -o cmTC_a4076 
make[1]: Leaving directory '/home/shipengl/LRSMT/env_build/eigen-3.3.2/build/CMakeFiles/CMakeTmp'

Source file was:
int main() { return 0; }
Performing C++ SOURCE FILE Test COMPILER_SUPPORT_ansi succeeded with the following output:
Change Dir: /home/shipengl/LRSMT/env_build/eigen-3.3.2/build/CMakeFiles/CMakeTmp

Run Build Command:"/usr/bin/make" "cmTC_6c271/fast"
/usr/bin/make -f CMakeFiles/cmTC_6c271.dir/build.make CMakeFiles/cmTC_6c271.dir/build
make[1]: Entering directory '/home/shipengl/LRSMT/env_build/eigen-3.3.2/build/CMakeFiles/CMakeTmp'
Building CXX object CMakeFiles/cmTC_6c271.dir/src.cxx.o
/usr/bin/c++    -pedantic -Wall -Wextra -Wundef -Wcast-align -Wchar-subscripts -Wnon-virtual-dtor -Wunused-local-typedefs -Wpointer-arith -Wwrite-strings -Wformat-security -Wlogical-op -Wdouble-promotion -Wno-psabi -Wno-variadic-macros -Wno-long-long -fno-check-new -fno-common -fstrict-aliasing -DCOMPILER_SUPPORT_ansi -Werror   -ansi -o CMakeFiles/cmTC_6c271.dir/src.cxx.o -c /home/shipengl/LRSMT/env_build/eigen-3.3.2/build/CMakeFiles/CMakeTmp/src.cxx
Linking CXX executable cmTC_6c271
/usr/bin/cmake -E cmake_link_script CMakeFiles/cmTC_6c271.dir/link.txt --verbose=1
/usr/bin/c++   -pedantic -Wall -Wextra -Wundef -Wcast-align -Wchar-subscripts -Wnon-virtual-dtor -Wunused-local-typedefs -Wpointer-arith -Wwrite-strings -Wformat-security -Wlogical-op -Wdouble-promotion -Wno-psabi -Wno-variadic-macros -Wno-long-long -fno-check-new -fno-common -fstrict-aliasing -DCOMPILER_SUPPORT_ansi -Werror    -rdynamic CMakeFiles/cmTC_6c271.dir/src.cxx.o  -o cmTC_6c271 
make[1]: Leaving directory '/home/shipengl/LRSMT/env_build/eigen-3.3.2/build/CMakeFiles/CMakeTmp'

Source file was:
int main() { return 0; }
Performing C++ SOURCE FILE Test COMPILER_SUPPORT_OPENMP succeeded with the following output:
Change Dir: /home/shipengl/LRSMT/env_build/eigen-3.3.2/build/CMakeFiles/CMakeTmp

Run Build Command:"/usr/bin/make" "cmTC_2e649/fast"
/usr/bin/make -f CMakeFiles/cmTC_2e649.dir/build.make CMakeFiles/cmTC_2e649.dir/build
make[1]: Entering directory '/home/shipengl/LRSMT/env_build/eigen-3.3.2/build/CMakeFiles/CMakeTmp'
Building CXX object CMakeFiles/cmTC_2e649.dir/src.cxx.o
/usr/bin/c++    -pedantic -Wall -Wextra -Wundef -Wcast-align -Wchar-subscripts -Wnon-virtual-dtor -Wunused-local-typedefs -Wpointer-arith -Wwrite-strings -Wformat-security -Wlogical-op -Wdouble-promotion -Wno-psabi -Wno-variadic-macros -Wno-long-long -fno-check-new -fno-common -fstrict-aliasing -ansi -DCOMPILER_SUPPORT_OPENMP   -fopenmp -o CMakeFiles/cmTC_2e649.dir/src.cxx.o -c /home/shipengl/LRSMT/env_build/eigen-3.3.2/build/CMakeFiles/CMakeTmp/src.cxx
Linking CXX executable cmTC_2e649
/usr/bin/cmake -E cmake_link_script CMakeFiles/cmTC_2e649.dir/link.txt --verbose=1
/usr/bin/c++   -pedantic -Wall -Wextra -Wundef -Wcast-align -Wchar-subscripts -Wnon-virtual-dtor -Wunused-local-typedefs -Wpointer-arith -Wwrite-strings -Wformat-security -Wlogical-op -Wdouble-promotion -Wno-psabi -Wno-variadic-macros -Wno-long-long -fno-check-new -fno-common -fstrict-aliasing -ansi -DCOMPILER_SUPPORT_OPENMP    -rdynamic CMakeFiles/cmTC_2e649.dir/src.cxx.o  -o cmTC_2e649 
make[1]: Leaving directory '/home/shipengl/LRSMT/env_build/eigen-3.3.2/build/CMakeFiles/CMakeTmp'

Source file was:
int main() { return 0; }
Performing C++ SOURCE FILE Test EIGEN_COMPILER_SUPPORT_CPP11 succeeded with the following output:
Change Dir: /home/shipengl/LRSMT/env_build/eigen-3.3.2/build/CMakeFiles/CMakeTmp

Run Build Command:"/usr/bin/make" "cmTC_6d5bc/fast"
/usr/bin/make -f CMakeFiles/cmTC_6d5bc.dir/build.make CMakeFiles/cmTC_6d5bc.dir/build
make[1]: Entering directory '/home/shipengl/LRSMT/env_build/eigen-3.3.2/build/CMakeFiles/CMakeTmp'
Building CXX object CMakeFiles/cmTC_6d5bc.dir/src.cxx.o
/usr/bin/c++    -pedantic -Wall -Wextra -Wundef -Wcast-align -Wchar-subscripts -Wnon-virtual-dtor -Wunused-local-typedefs -Wpointer-arith -Wwrite-strings -Wformat-security -Wlogical-op -Wdouble-promotion -Wno-psabi -Wno-variadic-macros -Wno-long-long -fno-check-new -fno-common -fstrict-aliasing -ansi -O1 -g1 -DEIGEN_COMPILER_SUPPORT_CPP11   -std=c++11 -o CMakeFiles/cmTC_6d5bc.dir/src.cxx.o -c /home/shipengl/LRSMT/env_build/eigen-3.3.2/build/CMakeFiles/CMakeTmp/src.cxx
Linking CXX executable cmTC_6d5bc
/usr/bin/cmake -E cmake_link_script CMakeFiles/cmTC_6d5bc.dir/link.txt --verbose=1
/usr/bin/c++   -pedantic -Wall -Wextra -Wundef -Wcast-align -Wchar-subscripts -Wnon-virtual-dtor -Wunused-local-typedefs -Wpointer-arith -Wwrite-strings -Wformat-security -Wlogical-op -Wdouble-promotion -Wno-psabi -Wno-variadic-macros -Wno-long-long -fno-check-new -fno-common -fstrict-aliasing -ansi -O1 -g1 -DEIGEN_COMPILER_SUPPORT_CPP11    -rdynamic CMakeFiles/cmTC_6d5bc.dir/src.cxx.o  -o cmTC_6d5bc 
make[1]: Leaving directory '/home/shipengl/LRSMT/env_build/eigen-3.3.2/build/CMakeFiles/CMakeTmp'

Source file was:
int main() { return 0; }
Performing C++ SOURCE FILE Test EIGEN_COMPILER_SUPPORT_CXX11 succeeded with the following output:
Change Dir: /home/shipengl/LRSMT/env_build/eigen-3.3.2/build/CMakeFiles/CMakeTmp

Run Build Command:"/usr/bin/make" "cmTC_2cf12/fast"
/usr/bin/make -f CMakeFiles/cmTC_2cf12.dir/build.make CMakeFiles/cmTC_2cf12.dir/build
make[1]: Entering directory '/home/shipengl/LRSMT/env_build/eigen-3.3.2/build/CMakeFiles/CMakeTmp'
Building CXX object CMakeFiles/cmTC_2cf12.dir/src.cxx.o
/usr/bin/c++    -pedantic -Wall -Wextra -Wundef -Wcast-align -Wchar-subscripts -Wnon-virtual-dtor -Wunused-local-typedefs -Wpointer-arith -Wwrite-strings -Wformat-security -Wlogical-op -Wdouble-promotion -Wno-psabi -Wno-variadic-macros -Wno-long-long -fno-check-new -fno-common -fstrict-aliasing -ansi -DEIGEN_COMPILER_SUPPORT_CXX11   -std=c++11 -o CMakeFiles/cmTC_2cf12.dir/src.cxx.o -c /home/shipengl/LRSMT/env_build/eigen-3.3.2/build/CMakeFiles/CMakeTmp/src.cxx
Linking CXX executable cmTC_2cf12
/usr/bin/cmake -E cmake_link_script CMakeFiles/cmTC_2cf12.dir/link.txt --verbose=1
/usr/bin/c++   -pedantic -Wall -Wextra -Wundef -Wcast-align -Wchar-subscripts -Wnon-virtual-dtor -Wunused-local-typedefs -Wpointer-arith -Wwrite-strings -Wformat-security -Wlogical-op -Wdouble-promotion -Wno-psabi -Wno-variadic-macros -Wno-long-long -fno-check-new -fno-common -fstrict-aliasing -ansi -DEIGEN_COMPILER_SUPPORT_CXX11    -rdynamic CMakeFiles/cmTC_2cf12.dir/src.cxx.o  -o cmTC_2cf12 
make[1]: Leaving directory '/home/shipengl/LRSMT/env_build/eigen-3.3.2/build/CMakeFiles/CMakeTmp'

Source file was:
int main() { return 0; }
Determining if the function sgemm_ exists passed with the following output:
Change Dir: /home/shipengl/LRSMT/env_build/eigen-3.3.2/build/CMakeFiles/CMakeTmp

Run Build Command:"/usr/bin/make" "cmTC_8c6e5/fast"
/usr/bin/make -f CMakeFiles/cmTC_8c6e5.dir/build.make CMakeFiles/cmTC_8c6e5.dir/build
make[1]: Entering directory '/home/shipengl/LRSMT/env_build/eigen-3.3.2/build/CMakeFiles/CMakeTmp'
Building C object CMakeFiles/cmTC_8c6e5.dir/CheckFunctionExists.c.o
/usr/bin/cc -DBLAS_USE_F2C  -DCHECK_FUNCTION_EXISTS=sgemm_   -o CMakeFiles/cmTC_8c6e5.dir/CheckFunctionExists.c.o   -c /usr/share/cmake-3.10/Modules/CheckFunctionExists.c
Linking C executable cmTC_8c6e5
/usr/bin/cmake -E cmake_link_script CMakeFiles/cmTC_8c6e5.dir/link.txt --verbose=1
/usr/bin/cc  -DCHECK_FUNCTION_EXISTS=sgemm_    -rdynamic CMakeFiles/cmTC_8c6e5.dir/CheckFunctionExists.c.o  -o cmTC_8c6e5 /usr/lib/x86_64-linux-gnu/libblas.so 
make[1]: Leaving directory '/home/shipengl/LRSMT/env_build/eigen-3.3.2/build/CMakeFiles/CMakeTmp'


Determining if the function cheev_ exists passed with the following output:
Change Dir: /home/shipengl/LRSMT/env_build/eigen-3.3.2/build/CMakeFiles/CMakeTmp

Run Build Command:"/usr/bin/make" "cmTC_3c415/fast"
/usr/bin/make -f CMakeFiles/cmTC_3c415.dir/build.make CMakeFiles/cmTC_3c415.dir/build
make[1]: Entering directory '/home/shipengl/LRSMT/env_build/eigen-3.3.2/build/CMakeFiles/CMakeTmp'
Building C object CMakeFiles/cmTC_3c415.dir/CheckFunctionExists.c.o
/usr/bin/cc -DLAPACK_USE_F2C  -DCHECK_FUNCTION_EXISTS=cheev_   -o CMakeFiles/cmTC_3c415.dir/CheckFunctionExists.c.o   -c /usr/share/cmake-3.10/Modules/CheckFunctionExists.c
Linking C executable cmTC_3c415
/usr/bin/cmake -E cmake_link_script CMakeFiles/cmTC_3c415.dir/link.txt --verbose=1
/usr/bin/cc  -DCHECK_FUNCTION_EXISTS=cheev_    -rdynamic CMakeFiles/cmTC_3c415.dir/CheckFunctionExists.c.o  -o cmTC_3c415 /usr/lib/x86_64-linux-gnu/liblapack.so /usr/lib/x86_64-linux-gnu/libblas.so 
make[1]: Leaving directory '/home/shipengl/LRSMT/env_build/eigen-3.3.2/build/CMakeFiles/CMakeTmp'


Performing C++ SOURCE FILE Test SUPERLU_HAS_GLOBAL_MEM_USAGE_T succeeded with the following output:
Change Dir: /home/shipengl/LRSMT/env_build/eigen-3.3.2/build/CMakeFiles/CMakeTmp

Run Build Command:"/usr/bin/make" "cmTC_18de9/fast"
/usr/bin/make -f CMakeFiles/cmTC_18de9.dir/build.make CMakeFiles/cmTC_18de9.dir/build
make[1]: Entering directory '/home/shipengl/LRSMT/env_build/eigen-3.3.2/build/CMakeFiles/CMakeTmp'
Building CXX object CMakeFiles/cmTC_18de9.dir/src.cxx.o
/usr/bin/c++  -DLAPACK_USE_F2C -I/usr/include/superlu  -pedantic -Wall -Wextra -Wundef -Wcast-align -Wchar-subscripts -Wnon-virtual-dtor -Wunused-local-typedefs -Wpointer-arith -Wwrite-strings -Wformat-security -Wlogical-op -Wdouble-promotion -Wno-psabi -Wno-variadic-macros -Wno-long-long -fno-check-new -fno-common -fstrict-aliasing -ansi -DSUPERLU_HAS_GLOBAL_MEM_USAGE_T   -o CMakeFiles/cmTC_18de9.dir/src.cxx.o -c /home/shipengl/LRSMT/env_build/eigen-3.3.2/build/CMakeFiles/CMakeTmp/src.cxx
/home/shipengl/LRSMT/env_build/eigen-3.3.2/build/CMakeFiles/CMakeTmp/src.cxx: In function int main():
/home/shipengl/LRSMT/env_build/eigen-3.3.2/build/CMakeFiles/CMakeTmp/src.cxx:6:15: warning: unused variable mem [-Wunused-variable]
   mem_usage_t mem;
               ^~~
Linking CXX executable cmTC_18de9
/usr/bin/cmake -E cmake_link_script CMakeFiles/cmTC_18de9.dir/link.txt --verbose=1
/usr/bin/c++   -pedantic -Wall -Wextra -Wundef -Wcast-align -Wchar-subscripts -Wnon-virtual-dtor -Wunused-local-typedefs -Wpointer-arith -Wwrite-strings -Wformat-security -Wlogical-op -Wdouble-promotion -Wno-psabi -Wno-variadic-macros -Wno-long-long -fno-check-new -fno-common -fstrict-aliasing -ansi -DSUPERLU_HAS_GLOBAL_MEM_USAGE_T    -rdynamic CMakeFiles/cmTC_18de9.dir/src.cxx.o  -o cmTC_18de9 
make[1]: Leaving directory '/home/shipengl/LRSMT/env_build/eigen-3.3.2/build/CMakeFiles/CMakeTmp'

Source file was:

typedef int int_t;
#include <supermatrix.h>
#include <slu_util.h>
int main() {
  mem_usage_t mem;
  return 0;
}
Performing C++ SOURCE FILE Test SUPERLU_HAS_CLEAN_ENUMS succeeded with the following output:
Change Dir: /home/shipengl/LRSMT/env_build/eigen-3.3.2/build/CMakeFiles/CMakeTmp

Run Build Command:"/usr/bin/make" "cmTC_de12c/fast"
/usr/bin/make -f CMakeFiles/cmTC_de12c.dir/build.make CMakeFiles/cmTC_de12c.dir/build
make[1]: Entering directory '/home/shipengl/LRSMT/env_build/eigen-3.3.2/build/CMakeFiles/CMakeTmp'
Building CXX object CMakeFiles/cmTC_de12c.dir/src.cxx.o
/usr/bin/c++  -DLAPACK_USE_F2C -I/usr/include/superlu  -pedantic -Wall -Wextra -Wundef -Wcast-align -Wchar-subscripts -Wnon-virtual-dtor -Wunused-local-typedefs -Wpointer-arith -Wwrite-strings -Wformat-security -Wlogical-op -Wdouble-promotion -Wno-psabi -Wno-variadic-macros -Wno-long-long -fno-check-new -fno-common -fstrict-aliasing -ansi -DSUPERLU_HAS_CLEAN_ENUMS   -o CMakeFiles/cmTC_de12c.dir/src.cxx.o -c /home/shipengl/LRSMT/env_build/eigen-3.3.2/build/CMakeFiles/CMakeTmp/src.cxx
Linking CXX executable cmTC_de12c
/usr/bin/cmake -E cmake_link_script CMakeFiles/cmTC_de12c.dir/link.txt --verbose=1
/usr/bin/c++   -pedantic -Wall -Wextra -Wundef -Wcast-align -Wchar-subscripts -Wnon-virtual-dtor -Wunused-local-typedefs -Wpointer-arith -Wwrite-strings -Wformat-security -Wlogical-op -Wdouble-promotion -Wno-psabi -Wno-variadic-macros -Wno-long-long -fno-check-new -fno-common -fstrict-aliasing -ansi -DSUPERLU_HAS_CLEAN_ENUMS    -rdynamic CMakeFiles/cmTC_de12c.dir/src.cxx.o  -o cmTC_de12c 
make[1]: Leaving directory '/home/shipengl/LRSMT/env_build/eigen-3.3.2/build/CMakeFiles/CMakeTmp'

Source file was:

typedef int int_t;
#include <supermatrix.h>
#include <superlu_enum_consts.h>
int main() {
  return SLU_SINGLE;
}
Performing C++ SOURCE FILE Test SUPERLU_HAS_GLOBALLU_T succeeded with the following output:
Change Dir: /home/shipengl/LRSMT/env_build/eigen-3.3.2/build/CMakeFiles/CMakeTmp

Run Build Command:"/usr/bin/make" "cmTC_0824c/fast"
/usr/bin/make -f CMakeFiles/cmTC_0824c.dir/build.make CMakeFiles/cmTC_0824c.dir/build
make[1]: Entering directory '/home/shipengl/LRSMT/env_build/eigen-3.3.2/build/CMakeFiles/CMakeTmp'
Building CXX object CMakeFiles/cmTC_0824c.dir/src.cxx.o
/usr/bin/c++  -DLAPACK_USE_F2C -I/usr/include/superlu  -pedantic -Wall -Wextra -Wundef -Wcast-align -Wchar-subscripts -Wnon-virtual-dtor -Wunused-local-typedefs -Wpointer-arith -Wwrite-strings -Wformat-security -Wlogical-op -Wdouble-promotion -Wno-psabi -Wno-variadic-macros -Wno-long-long -fno-check-new -fno-common -fstrict-aliasing -ansi -DSUPERLU_HAS_GLOBALLU_T   -o CMakeFiles/cmTC_0824c.dir/src.cxx.o -c /home/shipengl/LRSMT/env_build/eigen-3.3.2/build/CMakeFiles/CMakeTmp/src.cxx
/home/shipengl/LRSMT/env_build/eigen-3.3.2/build/CMakeFiles/CMakeTmp/src.cxx: In function int main():
/home/shipengl/LRSMT/env_build/eigen-3.3.2/build/CMakeFiles/CMakeTmp/src.cxx:7:14: warning: unused variable glu [-Wunused-variable]
   GlobalLU_t glu;
              ^~~
Linking CXX executable cmTC_0824c
/usr/bin/cmake -E cmake_link_script CMakeFiles/cmTC_0824c.dir/link.txt --verbose=1
/usr/bin/c++   -pedantic -Wall -Wextra -Wundef -Wcast-align -Wchar-subscripts -Wnon-virtual-dtor -Wunused-local-typedefs -Wpointer-arith -Wwrite-strings -Wformat-security -Wlogical-op -Wdouble-promotion -Wno-psabi -Wno-variadic-macros -Wno-long-long -fno-check-new -fno-common -fstrict-aliasing -ansi -DSUPERLU_HAS_GLOBALLU_T    -rdynamic CMakeFiles/cmTC_0824c.dir/src.cxx.o  -o cmTC_0824c 
make[1]: Leaving directory '/home/shipengl/LRSMT/env_build/eigen-3.3.2/build/CMakeFiles/CMakeTmp'

Source file was:

typedef int int_t;
#include <supermatrix.h>
#include <slu_util.h>
int main(void)
{
  GlobalLU_t glu;
  return 0;
}
Performing C++ SOURCE FILE Test COMPILER_SUPPORT_FASTMATH succeeded with the following output:
Change Dir: /home/shipengl/LRSMT/env_build/eigen-3.3.2/build/CMakeFiles/CMakeTmp

Run Build Command:"/usr/bin/make" "cmTC_01ba4/fast"
/usr/bin/make -f CMakeFiles/cmTC_01ba4.dir/build.make CMakeFiles/cmTC_01ba4.dir/build
make[1]: Entering directory '/home/shipengl/LRSMT/env_build/eigen-3.3.2/build/CMakeFiles/CMakeTmp'
Building CXX object CMakeFiles/cmTC_01ba4.dir/src.cxx.o
/usr/bin/c++    -pedantic -Wall -Wextra -Wundef -Wcast-align -Wchar-subscripts -Wnon-virtual-dtor -Wunused-local-typedefs -Wpointer-arith -Wwrite-strings -Wformat-security -Wlogical-op -Wdouble-promotion -Wno-psabi -Wno-variadic-macros -Wno-long-long -fno-check-new -fno-common -fstrict-aliasing -ansi -DCOMPILER_SUPPORT_FASTMATH   -ffast-math -o CMakeFiles/cmTC_01ba4.dir/src.cxx.o -c /home/shipengl/LRSMT/env_build/eigen-3.3.2/build/CMakeFiles/CMakeTmp/src.cxx
Linking CXX executable cmTC_01ba4
/usr/bin/cmake -E cmake_link_script CMakeFiles/cmTC_01ba4.dir/link.txt --verbose=1
/usr/bin/c++   -pedantic -Wall -Wextra -Wundef -Wcast-align -Wchar-subscripts -Wnon-virtual-dtor -Wunused-local-typedefs -Wpointer-arith -Wwrite-strings -Wformat-security -Wlogical-op -Wdouble-promotion -Wno-psabi -Wno-variadic-macros -Wno-long-long -fno-check-new -fno-common -fstrict-aliasing -ansi -DCOMPILER_SUPPORT_FASTMATH    -rdynamic CMakeFiles/cmTC_01ba4.dir/src.cxx.o  -o cmTC_01ba4 
make[1]: Leaving directory '/home/shipengl/LRSMT/env_build/eigen-3.3.2/build/CMakeFiles/CMakeTmp'

Source file was:
int main() { return 0; }
Determining if the include file pthread.h exists passed with the following output:
Change Dir: /home/shipengl/LRSMT/env_build/eigen-3.3.2/build/CMakeFiles/CMakeTmp

Run Build Command:"/usr/bin/make" "cmTC_1cfec/fast"
/usr/bin/make -f CMakeFiles/cmTC_1cfec.dir/build.make CMakeFiles/cmTC_1cfec.dir/build
make[1]: Entering directory '/home/shipengl/LRSMT/env_build/eigen-3.3.2/build/CMakeFiles/CMakeTmp'
Building C object CMakeFiles/cmTC_1cfec.dir/CheckIncludeFile.c.o
/usr/bin/cc    -o CMakeFiles/cmTC_1cfec.dir/CheckIncludeFile.c.o   -c /home/shipengl/LRSMT/env_build/eigen-3.3.2/build/CMakeFiles/CMakeTmp/CheckIncludeFile.c
Linking C executable cmTC_1cfec
/usr/bin/cmake -E cmake_link_script CMakeFiles/cmTC_1cfec.dir/link.txt --verbose=1
/usr/bin/cc      -rdynamic CMakeFiles/cmTC_1cfec.dir/CheckIncludeFile.c.o  -o cmTC_1cfec 
make[1]: Leaving directory '/home/shipengl/LRSMT/env_build/eigen-3.3.2/build/CMakeFiles/CMakeTmp'


Determining if the function pthread_create exists in the pthread passed with the following output:
Change Dir: /home/shipengl/LRSMT/env_build/eigen-3.3.2/build/CMakeFiles/CMakeTmp

Run Build Command:"/usr/bin/make" "cmTC_56ee9/fast"
/usr/bin/make -f CMakeFiles/cmTC_56ee9.dir/build.make CMakeFiles/cmTC_56ee9.dir/build
make[1]: Entering directory '/home/shipengl/LRSMT/env_build/eigen-3.3.2/build/CMakeFiles/CMakeTmp'
Building C object CMakeFiles/cmTC_56ee9.dir/CheckFunctionExists.c.o
/usr/bin/cc   -DCHECK_FUNCTION_EXISTS=pthread_create   -o CMakeFiles/cmTC_56ee9.dir/CheckFunctionExists.c.o   -c /usr/share/cmake-3.10/Modules/CheckFunctionExists.c
Linking C executable cmTC_56ee9
/usr/bin/cmake -E cmake_link_script CMakeFiles/cmTC_56ee9.dir/link.txt --verbose=1
/usr/bin/cc  -DCHECK_FUNCTION_EXISTS=pthread_create    -rdynamic CMakeFiles/cmTC_56ee9.dir/CheckFunctionExists.c.o  -o cmTC_56ee9 -lpthread 
make[1]: Leaving directory '/home/shipengl/LRSMT/env_build/eigen-3.3.2/build/CMakeFiles/CMakeTmp'


