-- Install configuration: ""
-- Up-to-date: /home/shipengl/LRSMT/agiletaur/install/agiletaur_launcher/share/agiletaur_launcher/launch
-- Up-to-date: /home/shipengl/LRSMT/agiletaur/install/agiletaur_launcher/share/agiletaur_launcher/launch/agiletaur_simu_launch.py
-- Up-to-date: /home/shipengl/LRSMT/agiletaur/install/agiletaur_launcher/share/agiletaur_launcher/launch/agiletaur_real_launch.py
-- Up-to-date: /home/shipengl/LRSMT/agiletaur/install/agiletaur_launcher/share/agiletaur_launcher/launch/singleleg_simu_launch.py
-- Up-to-date: /home/shipengl/LRSMT/agiletaur/install/agiletaur_launcher/share/agiletaur_launcher/config
-- Up-to-date: /home/shipengl/LRSMT/agiletaur/install/agiletaur_launcher/share/agiletaur_launcher/config/global_config.yaml
-- Up-to-date: /home/shipengl/LRSMT/agiletaur/install/agiletaur_launcher/share/ament_index/resource_index/package_run_dependencies/agiletaur_launcher
-- Up-to-date: /home/shipengl/LRSMT/agiletaur/install/agiletaur_launcher/share/ament_index/resource_index/parent_prefix_path/agiletaur_launcher
-- Up-to-date: /home/shipengl/LRSMT/agiletaur/install/agiletaur_launcher/share/agiletaur_launcher/environment/ament_prefix_path.sh
-- Up-to-date: /home/shipengl/LRSMT/agiletaur/install/agiletaur_launcher/share/agiletaur_launcher/environment/ament_prefix_path.dsv
-- Up-to-date: /home/shipengl/LRSMT/agiletaur/install/agiletaur_launcher/share/agiletaur_launcher/environment/path.sh
-- Up-to-date: /home/shipengl/LRSMT/agiletaur/install/agiletaur_launcher/share/agiletaur_launcher/environment/path.dsv
-- Up-to-date: /home/shipengl/LRSMT/agiletaur/install/agiletaur_launcher/share/agiletaur_launcher/local_setup.bash
-- Up-to-date: /home/shipengl/LRSMT/agiletaur/install/agiletaur_launcher/share/agiletaur_launcher/local_setup.sh
-- Up-to-date: /home/shipengl/LRSMT/agiletaur/install/agiletaur_launcher/share/agiletaur_launcher/local_setup.zsh
-- Up-to-date: /home/shipengl/LRSMT/agiletaur/install/agiletaur_launcher/share/agiletaur_launcher/local_setup.dsv
-- Installing: /home/shipengl/LRSMT/agiletaur/install/agiletaur_launcher/share/agiletaur_launcher/package.dsv
-- Up-to-date: /home/shipengl/LRSMT/agiletaur/install/agiletaur_launcher/share/ament_index/resource_index/packages/agiletaur_launcher
-- Up-to-date: /home/shipengl/LRSMT/agiletaur/install/agiletaur_launcher/share/agiletaur_launcher/cmake/agiletaur_launcherConfig.cmake
-- Up-to-date: /home/shipengl/LRSMT/agiletaur/install/agiletaur_launcher/share/agiletaur_launcher/cmake/agiletaur_launcherConfig-version.cmake
-- Up-to-date: /home/shipengl/LRSMT/agiletaur/install/agiletaur_launcher/share/agiletaur_launcher/package.xml
