[  2%] Built target webots_ros2_msgs__cpp
[ 12%] Built target webots_ros2_msgs__rosidl_generator_c
[ 23%] Built target webots_ros2_msgs__rosidl_typesupport_introspection_cpp
[ 34%] Built target webots_ros2_msgs__rosidl_typesupport_cpp
[ 44%] Built target webots_ros2_msgs__rosidl_typesupport_fastrtps_cpp
[ 55%] Built target webots_ros2_msgs__rosidl_typesupport_c
[ 65%] Built target webots_ros2_msgs__rosidl_typesupport_introspection_c
[ 76%] Built target webots_ros2_msgs__rosidl_typesupport_fastrtps_c
[ 76%] Built target webots_ros2_msgs
[ 78%] Built target webots_ros2_msgs__py
[ 87%] Built target webots_ros2_msgs__python
[ 91%] Built target webots_ros2_msgs__rosidl_typesupport_fastrtps_c__pyext
[ 95%] Built target webots_ros2_msgs__rosidl_typesupport_c__pyext
[100%] Built target webots_ros2_msgs__rosidl_typesupport_introspection_c__pyext
-- Install configuration: ""
-- Installing: /home/shipengl/LRSMT/install/webots_ros2_msgs/share/ament_index/resource_index/rosidl_interfaces/webots_ros2_msgs
-- Installing: /home/shipengl/LRSMT/install/webots_ros2_msgs/include/webots_ros2_msgs
-- Installing: /home/shipengl/LRSMT/install/webots_ros2_msgs/include/webots_ros2_msgs/srv
-- Installing: /home/shipengl/LRSMT/install/webots_ros2_msgs/include/webots_ros2_msgs/srv/set_int.h
-- Installing: /home/shipengl/LRSMT/install/webots_ros2_msgs/include/webots_ros2_msgs/srv/detail
-- Installing: /home/shipengl/LRSMT/install/webots_ros2_msgs/include/webots_ros2_msgs/srv/detail/set_int__functions.c
-- Installing: /home/shipengl/LRSMT/install/webots_ros2_msgs/include/webots_ros2_msgs/srv/detail/set_int__type_support.h
-- Installing: /home/shipengl/LRSMT/install/webots_ros2_msgs/include/webots_ros2_msgs/srv/detail/set_int__functions.h
-- Installing: /home/shipengl/LRSMT/install/webots_ros2_msgs/include/webots_ros2_msgs/srv/detail/set_int__struct.h
-- Installing: /home/shipengl/LRSMT/install/webots_ros2_msgs/include/webots_ros2_msgs/msg
-- Installing: /home/shipengl/LRSMT/install/webots_ros2_msgs/include/webots_ros2_msgs/msg/rosidl_generator_c__visibility_control.h
-- Installing: /home/shipengl/LRSMT/install/webots_ros2_msgs/include/webots_ros2_msgs/msg/wb_camera_recognition_objects.h
-- Installing: /home/shipengl/LRSMT/install/webots_ros2_msgs/include/webots_ros2_msgs/msg/detail
-- Installing: /home/shipengl/LRSMT/install/webots_ros2_msgs/include/webots_ros2_msgs/msg/detail/wb_camera_recognition_object__struct.h
-- Installing: /home/shipengl/LRSMT/install/webots_ros2_msgs/include/webots_ros2_msgs/msg/detail/wb_camera_recognition_object__functions.h
-- Installing: /home/shipengl/LRSMT/install/webots_ros2_msgs/include/webots_ros2_msgs/msg/detail/wb_camera_recognition_object__functions.c
-- Installing: /home/shipengl/LRSMT/install/webots_ros2_msgs/include/webots_ros2_msgs/msg/detail/wb_camera_recognition_objects__functions.c
-- Installing: /home/shipengl/LRSMT/install/webots_ros2_msgs/include/webots_ros2_msgs/msg/detail/wb_camera_recognition_object__type_support.h
-- Installing: /home/shipengl/LRSMT/install/webots_ros2_msgs/include/webots_ros2_msgs/msg/detail/wb_camera_recognition_objects__functions.h
-- Installing: /home/shipengl/LRSMT/install/webots_ros2_msgs/include/webots_ros2_msgs/msg/detail/wb_camera_recognition_objects__struct.h
-- Installing: /home/shipengl/LRSMT/install/webots_ros2_msgs/include/webots_ros2_msgs/msg/detail/wb_camera_recognition_objects__type_support.h
-- Installing: /home/shipengl/LRSMT/install/webots_ros2_msgs/include/webots_ros2_msgs/msg/wb_camera_recognition_object.h
-- Installing: /home/shipengl/LRSMT/install/webots_ros2_msgs/share/webots_ros2_msgs/environment/library_path.sh
-- Installing: /home/shipengl/LRSMT/install/webots_ros2_msgs/share/webots_ros2_msgs/environment/library_path.dsv
-- Installing: /home/shipengl/LRSMT/install/webots_ros2_msgs/lib/libwebots_ros2_msgs__rosidl_generator_c.so
-- Set runtime path of "/home/shipengl/LRSMT/install/webots_ros2_msgs/lib/libwebots_ros2_msgs__rosidl_generator_c.so" to ""
-- Up-to-date: /home/shipengl/LRSMT/install/webots_ros2_msgs/include/webots_ros2_msgs
-- Up-to-date: /home/shipengl/LRSMT/install/webots_ros2_msgs/include/webots_ros2_msgs/srv
-- Up-to-date: /home/shipengl/LRSMT/install/webots_ros2_msgs/include/webots_ros2_msgs/srv/detail
-- Installing: /home/shipengl/LRSMT/install/webots_ros2_msgs/include/webots_ros2_msgs/srv/detail/set_int__rosidl_typesupport_fastrtps_c.h
-- Up-to-date: /home/shipengl/LRSMT/install/webots_ros2_msgs/include/webots_ros2_msgs/msg
-- Installing: /home/shipengl/LRSMT/install/webots_ros2_msgs/include/webots_ros2_msgs/msg/rosidl_typesupport_fastrtps_c__visibility_control.h
-- Up-to-date: /home/shipengl/LRSMT/install/webots_ros2_msgs/include/webots_ros2_msgs/msg/detail
-- Installing: /home/shipengl/LRSMT/install/webots_ros2_msgs/include/webots_ros2_msgs/msg/detail/wb_camera_recognition_objects__rosidl_typesupport_fastrtps_c.h
-- Installing: /home/shipengl/LRSMT/install/webots_ros2_msgs/include/webots_ros2_msgs/msg/detail/wb_camera_recognition_object__rosidl_typesupport_fastrtps_c.h
-- Installing: /home/shipengl/LRSMT/install/webots_ros2_msgs/lib/libwebots_ros2_msgs__rosidl_typesupport_fastrtps_c.so
-- Set runtime path of "/home/shipengl/LRSMT/install/webots_ros2_msgs/lib/libwebots_ros2_msgs__rosidl_typesupport_fastrtps_c.so" to ""
-- Up-to-date: /home/shipengl/LRSMT/install/webots_ros2_msgs/include/webots_ros2_msgs
-- Up-to-date: /home/shipengl/LRSMT/install/webots_ros2_msgs/include/webots_ros2_msgs/srv
-- Up-to-date: /home/shipengl/LRSMT/install/webots_ros2_msgs/include/webots_ros2_msgs/srv/detail
-- Installing: /home/shipengl/LRSMT/install/webots_ros2_msgs/include/webots_ros2_msgs/srv/detail/set_int__rosidl_typesupport_fastrtps_cpp.hpp
-- Installing: /home/shipengl/LRSMT/install/webots_ros2_msgs/include/webots_ros2_msgs/srv/detail/dds_fastrtps
-- Up-to-date: /home/shipengl/LRSMT/install/webots_ros2_msgs/include/webots_ros2_msgs/msg
-- Installing: /home/shipengl/LRSMT/install/webots_ros2_msgs/include/webots_ros2_msgs/msg/rosidl_typesupport_fastrtps_cpp__visibility_control.h
-- Up-to-date: /home/shipengl/LRSMT/install/webots_ros2_msgs/include/webots_ros2_msgs/msg/detail
-- Installing: /home/shipengl/LRSMT/install/webots_ros2_msgs/include/webots_ros2_msgs/msg/detail/wb_camera_recognition_objects__rosidl_typesupport_fastrtps_cpp.hpp
-- Installing: /home/shipengl/LRSMT/install/webots_ros2_msgs/include/webots_ros2_msgs/msg/detail/wb_camera_recognition_object__rosidl_typesupport_fastrtps_cpp.hpp
-- Installing: /home/shipengl/LRSMT/install/webots_ros2_msgs/include/webots_ros2_msgs/msg/detail/dds_fastrtps
-- Installing: /home/shipengl/LRSMT/install/webots_ros2_msgs/lib/libwebots_ros2_msgs__rosidl_typesupport_fastrtps_cpp.so
-- Set runtime path of "/home/shipengl/LRSMT/install/webots_ros2_msgs/lib/libwebots_ros2_msgs__rosidl_typesupport_fastrtps_cpp.so" to ""
-- Up-to-date: /home/shipengl/LRSMT/install/webots_ros2_msgs/include/webots_ros2_msgs
-- Up-to-date: /home/shipengl/LRSMT/install/webots_ros2_msgs/include/webots_ros2_msgs/srv
-- Up-to-date: /home/shipengl/LRSMT/install/webots_ros2_msgs/include/webots_ros2_msgs/srv/detail
-- Installing: /home/shipengl/LRSMT/install/webots_ros2_msgs/include/webots_ros2_msgs/srv/detail/set_int__type_support.c
-- Installing: /home/shipengl/LRSMT/install/webots_ros2_msgs/include/webots_ros2_msgs/srv/detail/set_int__rosidl_typesupport_introspection_c.h
-- Up-to-date: /home/shipengl/LRSMT/install/webots_ros2_msgs/include/webots_ros2_msgs/msg
-- Installing: /home/shipengl/LRSMT/install/webots_ros2_msgs/include/webots_ros2_msgs/msg/rosidl_typesupport_introspection_c__visibility_control.h
-- Up-to-date: /home/shipengl/LRSMT/install/webots_ros2_msgs/include/webots_ros2_msgs/msg/detail
-- Installing: /home/shipengl/LRSMT/install/webots_ros2_msgs/include/webots_ros2_msgs/msg/detail/wb_camera_recognition_objects__type_support.c
-- Installing: /home/shipengl/LRSMT/install/webots_ros2_msgs/include/webots_ros2_msgs/msg/detail/wb_camera_recognition_object__type_support.c
-- Installing: /home/shipengl/LRSMT/install/webots_ros2_msgs/include/webots_ros2_msgs/msg/detail/wb_camera_recognition_objects__rosidl_typesupport_introspection_c.h
-- Installing: /home/shipengl/LRSMT/install/webots_ros2_msgs/include/webots_ros2_msgs/msg/detail/wb_camera_recognition_object__rosidl_typesupport_introspection_c.h
-- Installing: /home/shipengl/LRSMT/install/webots_ros2_msgs/lib/libwebots_ros2_msgs__rosidl_typesupport_introspection_c.so
-- Set runtime path of "/home/shipengl/LRSMT/install/webots_ros2_msgs/lib/libwebots_ros2_msgs__rosidl_typesupport_introspection_c.so" to ""
-- Installing: /home/shipengl/LRSMT/install/webots_ros2_msgs/lib/libwebots_ros2_msgs__rosidl_typesupport_c.so
-- Set runtime path of "/home/shipengl/LRSMT/install/webots_ros2_msgs/lib/libwebots_ros2_msgs__rosidl_typesupport_c.so" to ""
-- Up-to-date: /home/shipengl/LRSMT/install/webots_ros2_msgs/include/webots_ros2_msgs
-- Up-to-date: /home/shipengl/LRSMT/install/webots_ros2_msgs/include/webots_ros2_msgs/srv
-- Installing: /home/shipengl/LRSMT/install/webots_ros2_msgs/include/webots_ros2_msgs/srv/set_int.hpp
-- Up-to-date: /home/shipengl/LRSMT/install/webots_ros2_msgs/include/webots_ros2_msgs/srv/detail
-- Installing: /home/shipengl/LRSMT/install/webots_ros2_msgs/include/webots_ros2_msgs/srv/detail/set_int__traits.hpp
-- Installing: /home/shipengl/LRSMT/install/webots_ros2_msgs/include/webots_ros2_msgs/srv/detail/set_int__builder.hpp
-- Installing: /home/shipengl/LRSMT/install/webots_ros2_msgs/include/webots_ros2_msgs/srv/detail/set_int__struct.hpp
-- Up-to-date: /home/shipengl/LRSMT/install/webots_ros2_msgs/include/webots_ros2_msgs/msg
-- Installing: /home/shipengl/LRSMT/install/webots_ros2_msgs/include/webots_ros2_msgs/msg/wb_camera_recognition_objects.hpp
-- Installing: /home/shipengl/LRSMT/install/webots_ros2_msgs/include/webots_ros2_msgs/msg/wb_camera_recognition_object.hpp
-- Up-to-date: /home/shipengl/LRSMT/install/webots_ros2_msgs/include/webots_ros2_msgs/msg/detail
-- Installing: /home/shipengl/LRSMT/install/webots_ros2_msgs/include/webots_ros2_msgs/msg/detail/wb_camera_recognition_objects__builder.hpp
-- Installing: /home/shipengl/LRSMT/install/webots_ros2_msgs/include/webots_ros2_msgs/msg/detail/wb_camera_recognition_objects__traits.hpp
-- Installing: /home/shipengl/LRSMT/install/webots_ros2_msgs/include/webots_ros2_msgs/msg/detail/wb_camera_recognition_object__builder.hpp
-- Installing: /home/shipengl/LRSMT/install/webots_ros2_msgs/include/webots_ros2_msgs/msg/detail/wb_camera_recognition_objects__struct.hpp
-- Installing: /home/shipengl/LRSMT/install/webots_ros2_msgs/include/webots_ros2_msgs/msg/detail/wb_camera_recognition_object__traits.hpp
-- Installing: /home/shipengl/LRSMT/install/webots_ros2_msgs/include/webots_ros2_msgs/msg/detail/wb_camera_recognition_object__struct.hpp
-- Up-to-date: /home/shipengl/LRSMT/install/webots_ros2_msgs/include/webots_ros2_msgs
-- Up-to-date: /home/shipengl/LRSMT/install/webots_ros2_msgs/include/webots_ros2_msgs/srv
-- Up-to-date: /home/shipengl/LRSMT/install/webots_ros2_msgs/include/webots_ros2_msgs/srv/detail
-- Installing: /home/shipengl/LRSMT/install/webots_ros2_msgs/include/webots_ros2_msgs/srv/detail/set_int__rosidl_typesupport_introspection_cpp.hpp
-- Installing: /home/shipengl/LRSMT/install/webots_ros2_msgs/include/webots_ros2_msgs/srv/detail/set_int__type_support.cpp
-- Up-to-date: /home/shipengl/LRSMT/install/webots_ros2_msgs/include/webots_ros2_msgs/msg
-- Up-to-date: /home/shipengl/LRSMT/install/webots_ros2_msgs/include/webots_ros2_msgs/msg/detail
-- Installing: /home/shipengl/LRSMT/install/webots_ros2_msgs/include/webots_ros2_msgs/msg/detail/wb_camera_recognition_object__type_support.cpp
-- Installing: /home/shipengl/LRSMT/install/webots_ros2_msgs/include/webots_ros2_msgs/msg/detail/wb_camera_recognition_object__rosidl_typesupport_introspection_cpp.hpp
-- Installing: /home/shipengl/LRSMT/install/webots_ros2_msgs/include/webots_ros2_msgs/msg/detail/wb_camera_recognition_objects__type_support.cpp
-- Installing: /home/shipengl/LRSMT/install/webots_ros2_msgs/include/webots_ros2_msgs/msg/detail/wb_camera_recognition_objects__rosidl_typesupport_introspection_cpp.hpp
-- Installing: /home/shipengl/LRSMT/install/webots_ros2_msgs/lib/libwebots_ros2_msgs__rosidl_typesupport_introspection_cpp.so
-- Set runtime path of "/home/shipengl/LRSMT/install/webots_ros2_msgs/lib/libwebots_ros2_msgs__rosidl_typesupport_introspection_cpp.so" to ""
-- Installing: /home/shipengl/LRSMT/install/webots_ros2_msgs/lib/libwebots_ros2_msgs__rosidl_typesupport_cpp.so
-- Set runtime path of "/home/shipengl/LRSMT/install/webots_ros2_msgs/lib/libwebots_ros2_msgs__rosidl_typesupport_cpp.so" to ""
-- Installing: /home/shipengl/LRSMT/install/webots_ros2_msgs/share/webots_ros2_msgs/environment/pythonpath.sh
-- Installing: /home/shipengl/LRSMT/install/webots_ros2_msgs/share/webots_ros2_msgs/environment/pythonpath.dsv
-- Installing: /home/shipengl/LRSMT/install/webots_ros2_msgs/lib/python3.8/site-packages/webots_ros2_msgs/__init__.py
Compiling '/home/shipengl/LRSMT/install/webots_ros2_msgs/lib/python3.8/site-packages/webots_ros2_msgs/__init__.py'...
-- Installing: /home/shipengl/LRSMT/install/webots_ros2_msgs/lib/python3.8/site-packages/webots_ros2_msgs/msg
-- Installing: /home/shipengl/LRSMT/install/webots_ros2_msgs/lib/python3.8/site-packages/webots_ros2_msgs/msg/_wb_camera_recognition_objects.py
-- Installing: /home/shipengl/LRSMT/install/webots_ros2_msgs/lib/python3.8/site-packages/webots_ros2_msgs/msg/__init__.py
-- Installing: /home/shipengl/LRSMT/install/webots_ros2_msgs/lib/python3.8/site-packages/webots_ros2_msgs/msg/_wb_camera_recognition_objects_s.c
-- Installing: /home/shipengl/LRSMT/install/webots_ros2_msgs/lib/python3.8/site-packages/webots_ros2_msgs/msg/_wb_camera_recognition_object.py
-- Installing: /home/shipengl/LRSMT/install/webots_ros2_msgs/lib/python3.8/site-packages/webots_ros2_msgs/msg/_wb_camera_recognition_object_s.c
-- Installing: /home/shipengl/LRSMT/install/webots_ros2_msgs/lib/python3.8/site-packages/webots_ros2_msgs/srv
-- Installing: /home/shipengl/LRSMT/install/webots_ros2_msgs/lib/python3.8/site-packages/webots_ros2_msgs/srv/__init__.py
-- Installing: /home/shipengl/LRSMT/install/webots_ros2_msgs/lib/python3.8/site-packages/webots_ros2_msgs/srv/_set_int_s.c
-- Installing: /home/shipengl/LRSMT/install/webots_ros2_msgs/lib/python3.8/site-packages/webots_ros2_msgs/srv/_set_int.py
-- Installing: /home/shipengl/LRSMT/install/webots_ros2_msgs/lib/python3.8/site-packages/webots_ros2_msgs/webots_ros2_msgs_s__rosidl_typesupport_fastrtps_c.cpython-38-x86_64-linux-gnu.so
-- Set runtime path of "/home/shipengl/LRSMT/install/webots_ros2_msgs/lib/python3.8/site-packages/webots_ros2_msgs/webots_ros2_msgs_s__rosidl_typesupport_fastrtps_c.cpython-38-x86_64-linux-gnu.so" to ""
-- Installing: /home/shipengl/LRSMT/install/webots_ros2_msgs/lib/python3.8/site-packages/webots_ros2_msgs/webots_ros2_msgs_s__rosidl_typesupport_introspection_c.cpython-38-x86_64-linux-gnu.so
-- Set runtime path of "/home/shipengl/LRSMT/install/webots_ros2_msgs/lib/python3.8/site-packages/webots_ros2_msgs/webots_ros2_msgs_s__rosidl_typesupport_introspection_c.cpython-38-x86_64-linux-gnu.so" to ""
-- Installing: /home/shipengl/LRSMT/install/webots_ros2_msgs/lib/python3.8/site-packages/webots_ros2_msgs/webots_ros2_msgs_s__rosidl_typesupport_c.cpython-38-x86_64-linux-gnu.so
-- Set runtime path of "/home/shipengl/LRSMT/install/webots_ros2_msgs/lib/python3.8/site-packages/webots_ros2_msgs/webots_ros2_msgs_s__rosidl_typesupport_c.cpython-38-x86_64-linux-gnu.so" to ""
-- Installing: /home/shipengl/LRSMT/install/webots_ros2_msgs/lib/libwebots_ros2_msgs__python.so
-- Set runtime path of "/home/shipengl/LRSMT/install/webots_ros2_msgs/lib/libwebots_ros2_msgs__python.so" to ""
-- Installing: /home/shipengl/LRSMT/install/webots_ros2_msgs/share/webots_ros2_msgs/msg/WbCameraRecognitionObject.idl
-- Installing: /home/shipengl/LRSMT/install/webots_ros2_msgs/share/webots_ros2_msgs/msg/WbCameraRecognitionObjects.idl
-- Installing: /home/shipengl/LRSMT/install/webots_ros2_msgs/share/webots_ros2_msgs/srv/SetInt.idl
-- Installing: /home/shipengl/LRSMT/install/webots_ros2_msgs/share/webots_ros2_msgs/msg/WbCameraRecognitionObject.msg
-- Installing: /home/shipengl/LRSMT/install/webots_ros2_msgs/share/webots_ros2_msgs/msg/WbCameraRecognitionObjects.msg
-- Installing: /home/shipengl/LRSMT/install/webots_ros2_msgs/share/webots_ros2_msgs/srv/SetInt.srv
-- Installing: /home/shipengl/LRSMT/install/webots_ros2_msgs/share/webots_ros2_msgs/srv/SetInt_Request.msg
-- Installing: /home/shipengl/LRSMT/install/webots_ros2_msgs/share/webots_ros2_msgs/srv/SetInt_Response.msg
-- Installing: /home/shipengl/LRSMT/install/webots_ros2_msgs/share/ament_index/resource_index/package_run_dependencies/webots_ros2_msgs
-- Installing: /home/shipengl/LRSMT/install/webots_ros2_msgs/share/ament_index/resource_index/parent_prefix_path/webots_ros2_msgs
-- Installing: /home/shipengl/LRSMT/install/webots_ros2_msgs/share/webots_ros2_msgs/environment/ament_prefix_path.sh
-- Installing: /home/shipengl/LRSMT/install/webots_ros2_msgs/share/webots_ros2_msgs/environment/ament_prefix_path.dsv
-- Installing: /home/shipengl/LRSMT/install/webots_ros2_msgs/share/webots_ros2_msgs/environment/path.sh
-- Installing: /home/shipengl/LRSMT/install/webots_ros2_msgs/share/webots_ros2_msgs/environment/path.dsv
-- Installing: /home/shipengl/LRSMT/install/webots_ros2_msgs/share/webots_ros2_msgs/local_setup.bash
-- Installing: /home/shipengl/LRSMT/install/webots_ros2_msgs/share/webots_ros2_msgs/local_setup.sh
-- Installing: /home/shipengl/LRSMT/install/webots_ros2_msgs/share/webots_ros2_msgs/local_setup.zsh
-- Installing: /home/shipengl/LRSMT/install/webots_ros2_msgs/share/webots_ros2_msgs/local_setup.dsv
-- Installing: /home/shipengl/LRSMT/install/webots_ros2_msgs/share/webots_ros2_msgs/package.dsv
-- Installing: /home/shipengl/LRSMT/install/webots_ros2_msgs/share/ament_index/resource_index/packages/webots_ros2_msgs
-- Installing: /home/shipengl/LRSMT/install/webots_ros2_msgs/share/webots_ros2_msgs/cmake/webots_ros2_msgs__rosidl_generator_cExport.cmake
-- Installing: /home/shipengl/LRSMT/install/webots_ros2_msgs/share/webots_ros2_msgs/cmake/webots_ros2_msgs__rosidl_generator_cExport-noconfig.cmake
-- Installing: /home/shipengl/LRSMT/install/webots_ros2_msgs/share/webots_ros2_msgs/cmake/webots_ros2_msgs__rosidl_typesupport_introspection_cExport.cmake
-- Installing: /home/shipengl/LRSMT/install/webots_ros2_msgs/share/webots_ros2_msgs/cmake/webots_ros2_msgs__rosidl_typesupport_introspection_cExport-noconfig.cmake
-- Installing: /home/shipengl/LRSMT/install/webots_ros2_msgs/share/webots_ros2_msgs/cmake/webots_ros2_msgs__rosidl_typesupport_cExport.cmake
-- Installing: /home/shipengl/LRSMT/install/webots_ros2_msgs/share/webots_ros2_msgs/cmake/webots_ros2_msgs__rosidl_typesupport_cExport-noconfig.cmake
-- Installing: /home/shipengl/LRSMT/install/webots_ros2_msgs/share/webots_ros2_msgs/cmake/webots_ros2_msgs__rosidl_generator_cppExport.cmake
-- Installing: /home/shipengl/LRSMT/install/webots_ros2_msgs/share/webots_ros2_msgs/cmake/webots_ros2_msgs__rosidl_typesupport_introspection_cppExport.cmake
-- Installing: /home/shipengl/LRSMT/install/webots_ros2_msgs/share/webots_ros2_msgs/cmake/webots_ros2_msgs__rosidl_typesupport_introspection_cppExport-noconfig.cmake
-- Installing: /home/shipengl/LRSMT/install/webots_ros2_msgs/share/webots_ros2_msgs/cmake/webots_ros2_msgs__rosidl_typesupport_cppExport.cmake
-- Installing: /home/shipengl/LRSMT/install/webots_ros2_msgs/share/webots_ros2_msgs/cmake/webots_ros2_msgs__rosidl_typesupport_cppExport-noconfig.cmake
-- Installing: /home/shipengl/LRSMT/install/webots_ros2_msgs/share/webots_ros2_msgs/cmake/rosidl_cmake-extras.cmake
-- Installing: /home/shipengl/LRSMT/install/webots_ros2_msgs/share/webots_ros2_msgs/cmake/ament_cmake_export_dependencies-extras.cmake
-- Installing: /home/shipengl/LRSMT/install/webots_ros2_msgs/share/webots_ros2_msgs/cmake/ament_cmake_export_libraries-extras.cmake
-- Installing: /home/shipengl/LRSMT/install/webots_ros2_msgs/share/webots_ros2_msgs/cmake/ament_cmake_export_targets-extras.cmake
-- Installing: /home/shipengl/LRSMT/install/webots_ros2_msgs/share/webots_ros2_msgs/cmake/ament_cmake_export_include_directories-extras.cmake
-- Installing: /home/shipengl/LRSMT/install/webots_ros2_msgs/share/webots_ros2_msgs/cmake/rosidl_cmake_export_typesupport_libraries-extras.cmake
-- Installing: /home/shipengl/LRSMT/install/webots_ros2_msgs/share/webots_ros2_msgs/cmake/rosidl_cmake_export_typesupport_targets-extras.cmake
-- Installing: /home/shipengl/LRSMT/install/webots_ros2_msgs/share/webots_ros2_msgs/cmake/webots_ros2_msgsConfig.cmake
-- Installing: /home/shipengl/LRSMT/install/webots_ros2_msgs/share/webots_ros2_msgs/cmake/webots_ros2_msgsConfig-version.cmake
-- Installing: /home/shipengl/LRSMT/install/webots_ros2_msgs/share/webots_ros2_msgs/package.xml
