-- Install configuration: ""
-- Up-to-date: /home/shipengl/LRSMT/agiletaur/src/install/webots_bringup/share/webots_bringup/config
-- Up-to-date: /home/shipengl/LRSMT/agiletaur/src/install/webots_bringup/share/webots_bringup/config/webot_dof12_controller.yaml
-- Up-to-date: /home/shipengl/LRSMT/agiletaur/src/install/webots_bringup/share/webots_bringup/config/webot_singleleg_controller.yaml
-- Up-to-date: /home/shipengl/LRSMT/agiletaur/src/install/webots_bringup/share/webots_bringup/launch
-- Installing: /home/shipengl/LRSMT/agiletaur/src/install/webots_bringup/share/webots_bringup/launch/webots.launch_1.py
-- Up-to-date: /home/shipengl/LRSMT/agiletaur/src/install/webots_bringup/share/webots_bringup/launch/webots.launch.py
-- Up-to-date: /home/shipengl/LRSMT/agiletaur/src/install/webots_bringup/share/ament_index/resource_index/package_run_dependencies/webots_bringup
-- Up-to-date: /home/shipengl/LRSMT/agiletaur/src/install/webots_bringup/share/ament_index/resource_index/parent_prefix_path/webots_bringup
-- Up-to-date: /home/shipengl/LRSMT/agiletaur/src/install/webots_bringup/share/webots_bringup/environment/ament_prefix_path.sh
-- Up-to-date: /home/shipengl/LRSMT/agiletaur/src/install/webots_bringup/share/webots_bringup/environment/ament_prefix_path.dsv
-- Up-to-date: /home/shipengl/LRSMT/agiletaur/src/install/webots_bringup/share/webots_bringup/environment/path.sh
-- Up-to-date: /home/shipengl/LRSMT/agiletaur/src/install/webots_bringup/share/webots_bringup/environment/path.dsv
-- Up-to-date: /home/shipengl/LRSMT/agiletaur/src/install/webots_bringup/share/webots_bringup/local_setup.bash
-- Up-to-date: /home/shipengl/LRSMT/agiletaur/src/install/webots_bringup/share/webots_bringup/local_setup.sh
-- Up-to-date: /home/shipengl/LRSMT/agiletaur/src/install/webots_bringup/share/webots_bringup/local_setup.zsh
-- Up-to-date: /home/shipengl/LRSMT/agiletaur/src/install/webots_bringup/share/webots_bringup/local_setup.dsv
-- Installing: /home/shipengl/LRSMT/agiletaur/src/install/webots_bringup/share/webots_bringup/package.dsv
-- Up-to-date: /home/shipengl/LRSMT/agiletaur/src/install/webots_bringup/share/ament_index/resource_index/packages/webots_bringup
-- Up-to-date: /home/shipengl/LRSMT/agiletaur/src/install/webots_bringup/share/webots_bringup/cmake/webots_bringupConfig.cmake
-- Up-to-date: /home/shipengl/LRSMT/agiletaur/src/install/webots_bringup/share/webots_bringup/cmake/webots_bringupConfig-version.cmake
-- Up-to-date: /home/shipengl/LRSMT/agiletaur/src/install/webots_bringup/share/webots_bringup/package.xml
