[0.215s] Invoking command in '/home/shipengl/LRSMT/agiletaur/build/firstcontroller': CMAKE_PREFIX_PATH=/opt/ros/foxy /usr/bin/cmake --build /home/shipengl/LRSMT/agiletaur/build/firstcontroller -- -j16 -l16
[0.247s] [35m[1mScanning dependencies of target firstcontroller[0m
[0.270s] [ 50%] [32mBuilding CXX object CMakeFiles/firstcontroller.dir/src/firstcontroller.cpp.o[0m
[2.243s] [100%] [32m[1mLinking CXX shared library libfirstcontroller.so[0m
[2.331s] [100%] Built target firstcontroller
[2.341s] Invoked command in '/home/shipengl/LRSMT/agiletaur/build/firstcontroller' returned '0': CMAKE_PREFIX_PATH=/opt/ros/foxy /usr/bin/cmake --build /home/shipengl/LRSMT/agiletaur/build/firstcontroller -- -j16 -l16
[2.355s] Invoking command in '/home/shipengl/LRSMT/agiletaur/build/firstcontroller': CMAKE_PREFIX_PATH=/opt/ros/foxy /usr/bin/cmake --install /home/shipengl/LRSMT/agiletaur/build/firstcontroller
[2.361s] -- Install configuration: ""
[2.361s] -- Up-to-date: /home/shipengl/LRSMT/agiletaur/install/firstcontroller/share/firstcontroller/firstcontroller.xml
[2.361s] -- Installing: /home/shipengl/LRSMT/agiletaur/install/firstcontroller/lib/libfirstcontroller.so
[2.361s] -- Set runtime path of "/home/shipengl/LRSMT/agiletaur/install/firstcontroller/lib/libfirstcontroller.so" to ""
[2.361s] -- Up-to-date: /home/shipengl/LRSMT/agiletaur/install/firstcontroller/share/firstcontroller/environment/library_path.sh
[2.361s] -- Up-to-date: /home/shipengl/LRSMT/agiletaur/install/firstcontroller/share/firstcontroller/environment/library_path.dsv
[2.362s] -- Up-to-date: /home/shipengl/LRSMT/agiletaur/install/firstcontroller/share/ament_index/resource_index/package_run_dependencies/firstcontroller
[2.362s] -- Up-to-date: /home/shipengl/LRSMT/agiletaur/install/firstcontroller/share/ament_index/resource_index/parent_prefix_path/firstcontroller
[2.362s] -- Up-to-date: /home/shipengl/LRSMT/agiletaur/install/firstcontroller/share/firstcontroller/environment/ament_prefix_path.sh
[2.362s] -- Up-to-date: /home/shipengl/LRSMT/agiletaur/install/firstcontroller/share/firstcontroller/environment/ament_prefix_path.dsv
[2.362s] -- Up-to-date: /home/shipengl/LRSMT/agiletaur/install/firstcontroller/share/firstcontroller/environment/path.sh
[2.362s] -- Up-to-date: /home/shipengl/LRSMT/agiletaur/install/firstcontroller/share/firstcontroller/environment/path.dsv
[2.362s] -- Up-to-date: /home/shipengl/LRSMT/agiletaur/install/firstcontroller/share/firstcontroller/local_setup.bash
[2.362s] -- Up-to-date: /home/shipengl/LRSMT/agiletaur/install/firstcontroller/share/firstcontroller/local_setup.sh
[2.362s] -- Up-to-date: /home/shipengl/LRSMT/agiletaur/install/firstcontroller/share/firstcontroller/local_setup.zsh
[2.362s] -- Up-to-date: /home/shipengl/LRSMT/agiletaur/install/firstcontroller/share/firstcontroller/local_setup.dsv
[2.362s] -- Installing: /home/shipengl/LRSMT/agiletaur/install/firstcontroller/share/firstcontroller/package.dsv
[2.362s] -- Up-to-date: /home/shipengl/LRSMT/agiletaur/install/firstcontroller/share/ament_index/resource_index/packages/firstcontroller
[2.362s] -- Up-to-date: /home/shipengl/LRSMT/agiletaur/install/firstcontroller/share/ament_index/resource_index/webots_ros2_driver__pluginlib__plugin/firstcontroller
[2.363s] -- Up-to-date: /home/shipengl/LRSMT/agiletaur/install/firstcontroller/share/firstcontroller/cmake/ament_cmake_export_include_directories-extras.cmake
[2.363s] -- Up-to-date: /home/shipengl/LRSMT/agiletaur/install/firstcontroller/share/firstcontroller/cmake/ament_cmake_export_libraries-extras.cmake
[2.363s] -- Up-to-date: /home/shipengl/LRSMT/agiletaur/install/firstcontroller/share/firstcontroller/cmake/firstcontrollerConfig.cmake
[2.363s] -- Up-to-date: /home/shipengl/LRSMT/agiletaur/install/firstcontroller/share/firstcontroller/cmake/firstcontrollerConfig-version.cmake
[2.363s] -- Up-to-date: /home/shipengl/LRSMT/agiletaur/install/firstcontroller/share/firstcontroller/package.xml
[2.365s] Invoked command in '/home/shipengl/LRSMT/agiletaur/build/firstcontroller' returned '0': CMAKE_PREFIX_PATH=/opt/ros/foxy /usr/bin/cmake --install /home/shipengl/LRSMT/agiletaur/build/firstcontroller
