[0.212s] Invoking command in '/home/shipengl/LRSMT/agiletaur/build/firstcontroller': CMAKE_PREFIX_PATH=/opt/ros/foxy /usr/bin/cmake --build /home/shipengl/LRSMT/agiletaur/build/firstcontroller -- -j16 -l16
[0.245s] [35m[1mScanning dependencies of target firstcontroller[0m
[0.268s] [ 50%] [32mBuilding CXX object CMakeFiles/firstcontroller.dir/src/firstcontroller.cpp.o[0m
[1.530s] [01m[K/home/shipengl/LRSMT/agiletaur/src/agiletaur_controller/firstcontroller/src/firstcontroller.cpp:[m[K In member function ‘[01m[Kvirtual void firstcontroller::firstcontroller::step()[m[K’:
[1.531s] [01m[K/home/shipengl/LRSMT/agiletaur/src/agiletaur_controller/firstcontroller/src/firstcontroller.cpp:16:18:[m[K [01;35m[Kwarning: [m[Kformat ‘[01m[K%d[m[K’ expects argument of type ‘[01m[Kint[m[K’, but argument 2 has type ‘[01m[Kdouble[m[K’ [[01;35m[K-Wformat=[m[K]
[1.531s]    16 |    printf("step [01;35m[K%d[m[K", [32m[Ki[m[K);
[1.531s]       |                 [01;35m[K~^[m[K   [32m[K~[m[K
[1.531s]       |                  [01;35m[K|[m[K   [32m[K|[m[K
[1.531s]       |                  [01;35m[Kint[m[K [32m[Kdouble[m[K
[1.531s]       |                 [32m[K%f[m[K
[2.251s] [100%] [32m[1mLinking CXX shared library libfirstcontroller.so[0m
[2.337s] [100%] Built target firstcontroller
[2.346s] Invoked command in '/home/shipengl/LRSMT/agiletaur/build/firstcontroller' returned '0': CMAKE_PREFIX_PATH=/opt/ros/foxy /usr/bin/cmake --build /home/shipengl/LRSMT/agiletaur/build/firstcontroller -- -j16 -l16
[2.360s] Invoking command in '/home/shipengl/LRSMT/agiletaur/build/firstcontroller': CMAKE_PREFIX_PATH=/opt/ros/foxy /usr/bin/cmake --install /home/shipengl/LRSMT/agiletaur/build/firstcontroller
[2.366s] -- Install configuration: ""
[2.366s] -- Up-to-date: /home/shipengl/LRSMT/agiletaur/install/firstcontroller/share/firstcontroller/firstcontroller.xml
[2.366s] -- Installing: /home/shipengl/LRSMT/agiletaur/install/firstcontroller/lib/libfirstcontroller.so
[2.366s] -- Set runtime path of "/home/shipengl/LRSMT/agiletaur/install/firstcontroller/lib/libfirstcontroller.so" to ""
[2.366s] -- Up-to-date: /home/shipengl/LRSMT/agiletaur/install/firstcontroller/share/firstcontroller/environment/library_path.sh
[2.367s] -- Up-to-date: /home/shipengl/LRSMT/agiletaur/install/firstcontroller/share/firstcontroller/environment/library_path.dsv
[2.367s] -- Up-to-date: /home/shipengl/LRSMT/agiletaur/install/firstcontroller/share/ament_index/resource_index/package_run_dependencies/firstcontroller
[2.367s] -- Up-to-date: /home/shipengl/LRSMT/agiletaur/install/firstcontroller/share/ament_index/resource_index/parent_prefix_path/firstcontroller
[2.367s] -- Up-to-date: /home/shipengl/LRSMT/agiletaur/install/firstcontroller/share/firstcontroller/environment/ament_prefix_path.sh
[2.367s] -- Up-to-date: /home/shipengl/LRSMT/agiletaur/install/firstcontroller/share/firstcontroller/environment/ament_prefix_path.dsv
[2.367s] -- Up-to-date: /home/shipengl/LRSMT/agiletaur/install/firstcontroller/share/firstcontroller/environment/path.sh
[2.367s] -- Up-to-date: /home/shipengl/LRSMT/agiletaur/install/firstcontroller/share/firstcontroller/environment/path.dsv
[2.367s] -- Up-to-date: /home/shipengl/LRSMT/agiletaur/install/firstcontroller/share/firstcontroller/local_setup.bash
[2.367s] -- Up-to-date: /home/shipengl/LRSMT/agiletaur/install/firstcontroller/share/firstcontroller/local_setup.sh
[2.367s] -- Up-to-date: /home/shipengl/LRSMT/agiletaur/install/firstcontroller/share/firstcontroller/local_setup.zsh
[2.367s] -- Up-to-date: /home/shipengl/LRSMT/agiletaur/install/firstcontroller/share/firstcontroller/local_setup.dsv
[2.367s] -- Installing: /home/shipengl/LRSMT/agiletaur/install/firstcontroller/share/firstcontroller/package.dsv
[2.368s] -- Up-to-date: /home/shipengl/LRSMT/agiletaur/install/firstcontroller/share/ament_index/resource_index/packages/firstcontroller
[2.368s] -- Up-to-date: /home/shipengl/LRSMT/agiletaur/install/firstcontroller/share/ament_index/resource_index/webots_ros2_driver__pluginlib__plugin/firstcontroller
[2.368s] -- Up-to-date: /home/shipengl/LRSMT/agiletaur/install/firstcontroller/share/firstcontroller/cmake/ament_cmake_export_include_directories-extras.cmake
[2.368s] -- Up-to-date: /home/shipengl/LRSMT/agiletaur/install/firstcontroller/share/firstcontroller/cmake/ament_cmake_export_libraries-extras.cmake
[2.368s] -- Up-to-date: /home/shipengl/LRSMT/agiletaur/install/firstcontroller/share/firstcontroller/cmake/firstcontrollerConfig.cmake
[2.368s] -- Up-to-date: /home/shipengl/LRSMT/agiletaur/install/firstcontroller/share/firstcontroller/cmake/firstcontrollerConfig-version.cmake
[2.368s] -- Up-to-date: /home/shipengl/LRSMT/agiletaur/install/firstcontroller/share/firstcontroller/package.xml
[2.370s] Invoked command in '/home/shipengl/LRSMT/agiletaur/build/firstcontroller' returned '0': CMAKE_PREFIX_PATH=/opt/ros/foxy /usr/bin/cmake --install /home/shipengl/LRSMT/agiletaur/build/firstcontroller
