[0.055s] Invoking command in '/home/shipengl/LRSMT/agiletaur/build/agiletaur_launcher': CMAKE_PREFIX_PATH=${CMAKE_PREFIX_PATH}:/home/shipengl/LRSMT/agiletaur/install/webots_ros2_epuck:/opt/ros/foxy /usr/bin/cmake --build /home/shipengl/LRSMT/agiletaur/build/agiletaur_launcher -- -j16 -l16
[0.105s] Invoked command in '/home/shipengl/LRSMT/agiletaur/build/agiletaur_launcher' returned '0': CMAKE_PREFIX_PATH=${CMAKE_PREFIX_PATH}:/home/shipengl/LRSMT/agiletaur/install/webots_ros2_epuck:/opt/ros/foxy /usr/bin/cmake --build /home/shipengl/LRSMT/agiletaur/build/agiletaur_launcher -- -j16 -l16
[0.160s] Invoking command in '/home/shipengl/LRSMT/agiletaur/build/agiletaur_launcher': CMAKE_PREFIX_PATH=${CMAKE_PREFIX_PATH}:/home/shipengl/LRSMT/agiletaur/install/webots_ros2_epuck:/opt/ros/foxy /usr/bin/cmake --install /home/shipengl/LRSMT/agiletaur/build/agiletaur_launcher
[0.181s] -- Install configuration: ""
[0.181s] -- Up-to-date: /home/shipengl/LRSMT/agiletaur/install/agiletaur_launcher/share/agiletaur_launcher/launch
[0.182s] -- Up-to-date: /home/shipengl/LRSMT/agiletaur/install/agiletaur_launcher/share/agiletaur_launcher/launch/agiletaur_simu_launch.py
[0.182s] -- Up-to-date: /home/shipengl/LRSMT/agiletaur/install/agiletaur_launcher/share/agiletaur_launcher/launch/agiletaur_real_launch.py
[0.182s] -- Up-to-date: /home/shipengl/LRSMT/agiletaur/install/agiletaur_launcher/share/ament_index/resource_index/package_run_dependencies/agiletaur_launcher
[0.183s] -- Up-to-date: /home/shipengl/LRSMT/agiletaur/install/agiletaur_launcher/share/ament_index/resource_index/parent_prefix_path/agiletaur_launcher
[0.183s] -- Up-to-date: /home/shipengl/LRSMT/agiletaur/install/agiletaur_launcher/share/agiletaur_launcher/environment/ament_prefix_path.sh
[0.184s] -- Up-to-date: /home/shipengl/LRSMT/agiletaur/install/agiletaur_launcher/share/agiletaur_launcher/environment/ament_prefix_path.dsv
[0.184s] -- Up-to-date: /home/shipengl/LRSMT/agiletaur/install/agiletaur_launcher/share/agiletaur_launcher/environment/path.sh
[0.184s] -- Up-to-date: /home/shipengl/LRSMT/agiletaur/install/agiletaur_launcher/share/agiletaur_launcher/environment/path.dsv
[0.185s] -- Up-to-date: /home/shipengl/LRSMT/agiletaur/install/agiletaur_launcher/share/agiletaur_launcher/local_setup.bash
[0.186s] -- Up-to-date: /home/shipengl/LRSMT/agiletaur/install/agiletaur_launcher/share/agiletaur_launcher/local_setup.sh
[0.186s] -- Up-to-date: /home/shipengl/LRSMT/agiletaur/install/agiletaur_launcher/share/agiletaur_launcher/local_setup.zsh
[0.186s] -- Up-to-date: /home/shipengl/LRSMT/agiletaur/install/agiletaur_launcher/share/agiletaur_launcher/local_setup.dsv
[0.186s] -- Installing: /home/shipengl/LRSMT/agiletaur/install/agiletaur_launcher/share/agiletaur_launcher/package.dsv
[0.187s] -- Up-to-date: /home/shipengl/LRSMT/agiletaur/install/agiletaur_launcher/share/ament_index/resource_index/packages/agiletaur_launcher
[0.188s] -- Up-to-date: /home/shipengl/LRSMT/agiletaur/install/agiletaur_launcher/share/agiletaur_launcher/cmake/agiletaur_launcherConfig.cmake
[0.189s] -- Up-to-date: /home/shipengl/LRSMT/agiletaur/install/agiletaur_launcher/share/agiletaur_launcher/cmake/agiletaur_launcherConfig-version.cmake
[0.189s] -- Up-to-date: /home/shipengl/LRSMT/agiletaur/install/agiletaur_launcher/share/agiletaur_launcher/package.xml
[0.208s] Invoked command in '/home/shipengl/LRSMT/agiletaur/build/agiletaur_launcher' returned '0': CMAKE_PREFIX_PATH=${CMAKE_PREFIX_PATH}:/home/shipengl/LRSMT/agiletaur/install/webots_ros2_epuck:/opt/ros/foxy /usr/bin/cmake --install /home/shipengl/LRSMT/agiletaur/build/agiletaur_launcher
