[0.045s] Invoking command in '/home/shipengl/LRSMT/agiletaur/src/build/webots_bringup': CMAKE_PREFIX_PATH=/opt/ros/foxy /usr/bin/cmake /home/shipengl/LRSMT/agiletaur/src/webots_ros2_control/webots_bringup -DCMAKE_INSTALL_PREFIX=/home/shipengl/LRSMT/agiletaur/src/install/webots_bringup
[0.108s] -- The C compiler identification is GNU 9.3.0
[0.167s] -- The CXX compiler identification is GNU 9.3.0
[0.172s] -- Check for working C compiler: /usr/bin/cc
[0.253s] -- Check for working C compiler: /usr/bin/cc -- works
[0.254s] -- Detecting C compiler ABI info
[0.338s] -- Detecting C compiler ABI info - done
[0.356s] -- Detecting C compile features
[0.356s] -- Detecting C compile features - done
[0.359s] -- Check for working CXX compiler: /usr/bin/c++
[0.443s] -- Check for working CXX compiler: /usr/bin/c++ -- works
[0.445s] -- Detecting CXX compiler ABI info
[0.548s] -- Detecting CXX compiler ABI info - done
[0.572s] -- Detecting CXX compile features
[0.572s] -- Detecting CXX compile features - done
[0.576s] -- Found ament_cmake_auto: 0.9.9 (/opt/ros/foxy/share/ament_cmake_auto/cmake)
[0.625s] -- Found PythonInterp: /usr/bin/python3 (found suitable version "3.8.10", minimum required is "3") 
[0.625s] -- Using PYTHON_EXECUTABLE: /usr/bin/python3
[1.061s] -- Configuring done
[1.064s] -- Generating done
[1.065s] -- Build files have been written to: /home/shipengl/LRSMT/agiletaur/src/build/webots_bringup
[1.078s] Invoked command in '/home/shipengl/LRSMT/agiletaur/src/build/webots_bringup' returned '0': CMAKE_PREFIX_PATH=/opt/ros/foxy /usr/bin/cmake /home/shipengl/LRSMT/agiletaur/src/webots_ros2_control/webots_bringup -DCMAKE_INSTALL_PREFIX=/home/shipengl/LRSMT/agiletaur/src/install/webots_bringup
[1.083s] Invoking command in '/home/shipengl/LRSMT/agiletaur/src/build/webots_bringup': CMAKE_PREFIX_PATH=/opt/ros/foxy /usr/bin/cmake --build /home/shipengl/LRSMT/agiletaur/src/build/webots_bringup -- -j16 -l16
[1.130s] Invoked command in '/home/shipengl/LRSMT/agiletaur/src/build/webots_bringup' returned '0': CMAKE_PREFIX_PATH=/opt/ros/foxy /usr/bin/cmake --build /home/shipengl/LRSMT/agiletaur/src/build/webots_bringup -- -j16 -l16
[1.166s] Invoking command in '/home/shipengl/LRSMT/agiletaur/src/build/webots_bringup': CMAKE_PREFIX_PATH=/opt/ros/foxy /usr/bin/cmake --install /home/shipengl/LRSMT/agiletaur/src/build/webots_bringup
[1.179s] -- Install configuration: ""
[1.180s] -- Installing: /home/shipengl/LRSMT/agiletaur/src/install/webots_bringup/share/webots_bringup/config
[1.181s] -- Installing: /home/shipengl/LRSMT/agiletaur/src/install/webots_bringup/share/webots_bringup/config/webot_dof12_controller.yaml
[1.181s] -- Installing: /home/shipengl/LRSMT/agiletaur/src/install/webots_bringup/share/webots_bringup/config/webot_singleleg_controller.yaml
[1.181s] -- Installing: /home/shipengl/LRSMT/agiletaur/src/install/webots_bringup/share/webots_bringup/launch
[1.182s] -- Installing: /home/shipengl/LRSMT/agiletaur/src/install/webots_bringup/share/webots_bringup/launch/webots.launch.py
[1.182s] -- Installing: /home/shipengl/LRSMT/agiletaur/src/install/webots_bringup/share/webots_bringup/launch/webots.launch copy.py
[1.182s] -- Installing: /home/shipengl/LRSMT/agiletaur/src/install/webots_bringup/share/ament_index/resource_index/package_run_dependencies/webots_bringup
[1.182s] -- Installing: /home/shipengl/LRSMT/agiletaur/src/install/webots_bringup/share/ament_index/resource_index/parent_prefix_path/webots_bringup
[1.182s] -- Installing: /home/shipengl/LRSMT/agiletaur/src/install/webots_bringup/share/webots_bringup/environment/ament_prefix_path.sh
[1.182s] -- Installing: /home/shipengl/LRSMT/agiletaur/src/install/webots_bringup/share/webots_bringup/environment/ament_prefix_path.dsv
[1.183s] -- Installing: /home/shipengl/LRSMT/agiletaur/src/install/webots_bringup/share/webots_bringup/environment/path.sh
[1.183s] -- Installing: /home/shipengl/LRSMT/agiletaur/src/install/webots_bringup/share/webots_bringup/environment/path.dsv
[1.183s] -- Installing: /home/shipengl/LRSMT/agiletaur/src/install/webots_bringup/share/webots_bringup/local_setup.bash
[1.183s] -- Installing: /home/shipengl/LRSMT/agiletaur/src/install/webots_bringup/share/webots_bringup/local_setup.sh
[1.184s] -- Installing: /home/shipengl/LRSMT/agiletaur/src/install/webots_bringup/share/webots_bringup/local_setup.zsh
[1.184s] -- Installing: /home/shipengl/LRSMT/agiletaur/src/install/webots_bringup/share/webots_bringup/local_setup.dsv
[1.185s] -- Installing: /home/shipengl/LRSMT/agiletaur/src/install/webots_bringup/share/webots_bringup/package.dsv
[1.185s] -- Installing: /home/shipengl/LRSMT/agiletaur/src/install/webots_bringup/share/ament_index/resource_index/packages/webots_bringup
[1.186s] -- Installing: /home/shipengl/LRSMT/agiletaur/src/install/webots_bringup/share/webots_bringup/cmake/webots_bringupConfig.cmake
[1.186s] -- Installing: /home/shipengl/LRSMT/agiletaur/src/install/webots_bringup/share/webots_bringup/cmake/webots_bringupConfig-version.cmake
[1.186s] -- Installing: /home/shipengl/LRSMT/agiletaur/src/install/webots_bringup/share/webots_bringup/package.xml
[1.205s] Invoked command in '/home/shipengl/LRSMT/agiletaur/src/build/webots_bringup' returned '0': CMAKE_PREFIX_PATH=/opt/ros/foxy /usr/bin/cmake --install /home/shipengl/LRSMT/agiletaur/src/build/webots_bringup
