running egg_info
creating ../../../build/webots_ros2_core/webots_ros2_core.egg-info
writing ../../../build/webots_ros2_core/webots_ros2_core.egg-info/PKG-INFO
writing dependency_links to ../../../build/webots_ros2_core/webots_ros2_core.egg-info/dependency_links.txt
writing entry points to ../../../build/webots_ros2_core/webots_ros2_core.egg-info/entry_points.txt
writing requirements to ../../../build/webots_ros2_core/webots_ros2_core.egg-info/requires.txt
writing top-level names to ../../../build/webots_ros2_core/webots_ros2_core.egg-info/top_level.txt
writing manifest file '../../../build/webots_ros2_core/webots_ros2_core.egg-info/SOURCES.txt'
reading manifest file '../../../build/webots_ros2_core/webots_ros2_core.egg-info/SOURCES.txt'
writing manifest file '../../../build/webots_ros2_core/webots_ros2_core.egg-info/SOURCES.txt'
running build
running build_py
creating /home/shipengl/LRSMT/agiletaur/build/webots_ros2_core/build
creating /home/shipengl/LRSMT/agiletaur/build/webots_ros2_core/build/lib
creating /home/shipengl/LRSMT/agiletaur/build/webots_ros2_core/build/lib/webots_ros2_core
copying webots_ros2_core/webots_node.py -> /home/shipengl/LRSMT/agiletaur/build/webots_ros2_core/build/lib/webots_ros2_core
copying webots_ros2_core/utils.py -> /home/shipengl/LRSMT/agiletaur/build/webots_ros2_core/build/lib/webots_ros2_core
copying webots_ros2_core/webots_launcher.py -> /home/shipengl/LRSMT/agiletaur/build/webots_ros2_core/build/lib/webots_ros2_core
copying webots_ros2_core/webots_robotic_arm_node.py -> /home/shipengl/LRSMT/agiletaur/build/webots_ros2_core/build/lib/webots_ros2_core
copying webots_ros2_core/__init__.py -> /home/shipengl/LRSMT/agiletaur/build/webots_ros2_core/build/lib/webots_ros2_core
copying webots_ros2_core/trajectory_follower.py -> /home/shipengl/LRSMT/agiletaur/build/webots_ros2_core/build/lib/webots_ros2_core
copying webots_ros2_core/webots_differential_drive_node.py -> /home/shipengl/LRSMT/agiletaur/build/webots_ros2_core/build/lib/webots_ros2_core
copying webots_ros2_core/joint_state_publisher.py -> /home/shipengl/LRSMT/agiletaur/build/webots_ros2_core/build/lib/webots_ros2_core
creating /home/shipengl/LRSMT/agiletaur/build/webots_ros2_core/build/lib/webots_ros2_core/devices
copying webots_ros2_core/devices/lidar_device.py -> /home/shipengl/LRSMT/agiletaur/build/webots_ros2_core/build/lib/webots_ros2_core/devices
copying webots_ros2_core/devices/device_manager.py -> /home/shipengl/LRSMT/agiletaur/build/webots_ros2_core/build/lib/webots_ros2_core/devices
copying webots_ros2_core/devices/range_finder_device.py -> /home/shipengl/LRSMT/agiletaur/build/webots_ros2_core/build/lib/webots_ros2_core/devices
copying webots_ros2_core/devices/camera_device.py -> /home/shipengl/LRSMT/agiletaur/build/webots_ros2_core/build/lib/webots_ros2_core/devices
copying webots_ros2_core/devices/__init__.py -> /home/shipengl/LRSMT/agiletaur/build/webots_ros2_core/build/lib/webots_ros2_core/devices
copying webots_ros2_core/devices/robot_device.py -> /home/shipengl/LRSMT/agiletaur/build/webots_ros2_core/build/lib/webots_ros2_core/devices
copying webots_ros2_core/devices/device.py -> /home/shipengl/LRSMT/agiletaur/build/webots_ros2_core/build/lib/webots_ros2_core/devices
copying webots_ros2_core/devices/light_sensor_device.py -> /home/shipengl/LRSMT/agiletaur/build/webots_ros2_core/build/lib/webots_ros2_core/devices
copying webots_ros2_core/devices/sensor_device.py -> /home/shipengl/LRSMT/agiletaur/build/webots_ros2_core/build/lib/webots_ros2_core/devices
copying webots_ros2_core/devices/led_device.py -> /home/shipengl/LRSMT/agiletaur/build/webots_ros2_core/build/lib/webots_ros2_core/devices
copying webots_ros2_core/devices/imu_device.py -> /home/shipengl/LRSMT/agiletaur/build/webots_ros2_core/build/lib/webots_ros2_core/devices
copying webots_ros2_core/devices/distance_sensor_device.py -> /home/shipengl/LRSMT/agiletaur/build/webots_ros2_core/build/lib/webots_ros2_core/devices
copying webots_ros2_core/devices/gps_device.py -> /home/shipengl/LRSMT/agiletaur/build/webots_ros2_core/build/lib/webots_ros2_core/devices
creating /home/shipengl/LRSMT/agiletaur/build/webots_ros2_core/build/lib/webots_ros2_core/math
copying webots_ros2_core/math/__init__.py -> /home/shipengl/LRSMT/agiletaur/build/webots_ros2_core/build/lib/webots_ros2_core/math
copying webots_ros2_core/math/interpolation.py -> /home/shipengl/LRSMT/agiletaur/build/webots_ros2_core/build/lib/webots_ros2_core/math
copying webots_ros2_core/math/quaternions.py -> /home/shipengl/LRSMT/agiletaur/build/webots_ros2_core/build/lib/webots_ros2_core/math
creating /home/shipengl/LRSMT/agiletaur/build/webots_ros2_core/build/lib/webots_ros2_core/webots
copying webots_ros2_core/webots/__init__.py -> /home/shipengl/LRSMT/agiletaur/build/webots_ros2_core/build/lib/webots_ros2_core/webots
copying webots_ros2_core/webots/controller.py -> /home/shipengl/LRSMT/agiletaur/build/webots_ros2_core/build/lib/webots_ros2_core/webots
copying webots_ros2_core/webots/vehicle.py -> /home/shipengl/LRSMT/agiletaur/build/webots_ros2_core/build/lib/webots_ros2_core/webots
running install
running install_lib
creating /home/shipengl/LRSMT/agiletaur/install/webots_ros2_core/lib/python3.8/site-packages/webots_ros2_core
copying /home/shipengl/LRSMT/agiletaur/build/webots_ros2_core/build/lib/webots_ros2_core/webots_node.py -> /home/shipengl/LRSMT/agiletaur/install/webots_ros2_core/lib/python3.8/site-packages/webots_ros2_core
copying /home/shipengl/LRSMT/agiletaur/build/webots_ros2_core/build/lib/webots_ros2_core/utils.py -> /home/shipengl/LRSMT/agiletaur/install/webots_ros2_core/lib/python3.8/site-packages/webots_ros2_core
copying /home/shipengl/LRSMT/agiletaur/build/webots_ros2_core/build/lib/webots_ros2_core/webots_launcher.py -> /home/shipengl/LRSMT/agiletaur/install/webots_ros2_core/lib/python3.8/site-packages/webots_ros2_core
copying /home/shipengl/LRSMT/agiletaur/build/webots_ros2_core/build/lib/webots_ros2_core/webots_robotic_arm_node.py -> /home/shipengl/LRSMT/agiletaur/install/webots_ros2_core/lib/python3.8/site-packages/webots_ros2_core
copying /home/shipengl/LRSMT/agiletaur/build/webots_ros2_core/build/lib/webots_ros2_core/__init__.py -> /home/shipengl/LRSMT/agiletaur/install/webots_ros2_core/lib/python3.8/site-packages/webots_ros2_core
creating /home/shipengl/LRSMT/agiletaur/install/webots_ros2_core/lib/python3.8/site-packages/webots_ros2_core/webots
copying /home/shipengl/LRSMT/agiletaur/build/webots_ros2_core/build/lib/webots_ros2_core/webots/__init__.py -> /home/shipengl/LRSMT/agiletaur/install/webots_ros2_core/lib/python3.8/site-packages/webots_ros2_core/webots
copying /home/shipengl/LRSMT/agiletaur/build/webots_ros2_core/build/lib/webots_ros2_core/webots/controller.py -> /home/shipengl/LRSMT/agiletaur/install/webots_ros2_core/lib/python3.8/site-packages/webots_ros2_core/webots
copying /home/shipengl/LRSMT/agiletaur/build/webots_ros2_core/build/lib/webots_ros2_core/webots/vehicle.py -> /home/shipengl/LRSMT/agiletaur/install/webots_ros2_core/lib/python3.8/site-packages/webots_ros2_core/webots
creating /home/shipengl/LRSMT/agiletaur/install/webots_ros2_core/lib/python3.8/site-packages/webots_ros2_core/math
copying /home/shipengl/LRSMT/agiletaur/build/webots_ros2_core/build/lib/webots_ros2_core/math/__init__.py -> /home/shipengl/LRSMT/agiletaur/install/webots_ros2_core/lib/python3.8/site-packages/webots_ros2_core/math
copying /home/shipengl/LRSMT/agiletaur/build/webots_ros2_core/build/lib/webots_ros2_core/math/interpolation.py -> /home/shipengl/LRSMT/agiletaur/install/webots_ros2_core/lib/python3.8/site-packages/webots_ros2_core/math
copying /home/shipengl/LRSMT/agiletaur/build/webots_ros2_core/build/lib/webots_ros2_core/math/quaternions.py -> /home/shipengl/LRSMT/agiletaur/install/webots_ros2_core/lib/python3.8/site-packages/webots_ros2_core/math
copying /home/shipengl/LRSMT/agiletaur/build/webots_ros2_core/build/lib/webots_ros2_core/trajectory_follower.py -> /home/shipengl/LRSMT/agiletaur/install/webots_ros2_core/lib/python3.8/site-packages/webots_ros2_core
copying /home/shipengl/LRSMT/agiletaur/build/webots_ros2_core/build/lib/webots_ros2_core/webots_differential_drive_node.py -> /home/shipengl/LRSMT/agiletaur/install/webots_ros2_core/lib/python3.8/site-packages/webots_ros2_core
creating /home/shipengl/LRSMT/agiletaur/install/webots_ros2_core/lib/python3.8/site-packages/webots_ros2_core/devices
copying /home/shipengl/LRSMT/agiletaur/build/webots_ros2_core/build/lib/webots_ros2_core/devices/lidar_device.py -> /home/shipengl/LRSMT/agiletaur/install/webots_ros2_core/lib/python3.8/site-packages/webots_ros2_core/devices
copying /home/shipengl/LRSMT/agiletaur/build/webots_ros2_core/build/lib/webots_ros2_core/devices/device_manager.py -> /home/shipengl/LRSMT/agiletaur/install/webots_ros2_core/lib/python3.8/site-packages/webots_ros2_core/devices
copying /home/shipengl/LRSMT/agiletaur/build/webots_ros2_core/build/lib/webots_ros2_core/devices/range_finder_device.py -> /home/shipengl/LRSMT/agiletaur/install/webots_ros2_core/lib/python3.8/site-packages/webots_ros2_core/devices
copying /home/shipengl/LRSMT/agiletaur/build/webots_ros2_core/build/lib/webots_ros2_core/devices/camera_device.py -> /home/shipengl/LRSMT/agiletaur/install/webots_ros2_core/lib/python3.8/site-packages/webots_ros2_core/devices
copying /home/shipengl/LRSMT/agiletaur/build/webots_ros2_core/build/lib/webots_ros2_core/devices/__init__.py -> /home/shipengl/LRSMT/agiletaur/install/webots_ros2_core/lib/python3.8/site-packages/webots_ros2_core/devices
copying /home/shipengl/LRSMT/agiletaur/build/webots_ros2_core/build/lib/webots_ros2_core/devices/robot_device.py -> /home/shipengl/LRSMT/agiletaur/install/webots_ros2_core/lib/python3.8/site-packages/webots_ros2_core/devices
copying /home/shipengl/LRSMT/agiletaur/build/webots_ros2_core/build/lib/webots_ros2_core/devices/device.py -> /home/shipengl/LRSMT/agiletaur/install/webots_ros2_core/lib/python3.8/site-packages/webots_ros2_core/devices
copying /home/shipengl/LRSMT/agiletaur/build/webots_ros2_core/build/lib/webots_ros2_core/devices/light_sensor_device.py -> /home/shipengl/LRSMT/agiletaur/install/webots_ros2_core/lib/python3.8/site-packages/webots_ros2_core/devices
copying /home/shipengl/LRSMT/agiletaur/build/webots_ros2_core/build/lib/webots_ros2_core/devices/sensor_device.py -> /home/shipengl/LRSMT/agiletaur/install/webots_ros2_core/lib/python3.8/site-packages/webots_ros2_core/devices
copying /home/shipengl/LRSMT/agiletaur/build/webots_ros2_core/build/lib/webots_ros2_core/devices/led_device.py -> /home/shipengl/LRSMT/agiletaur/install/webots_ros2_core/lib/python3.8/site-packages/webots_ros2_core/devices
copying /home/shipengl/LRSMT/agiletaur/build/webots_ros2_core/build/lib/webots_ros2_core/devices/imu_device.py -> /home/shipengl/LRSMT/agiletaur/install/webots_ros2_core/lib/python3.8/site-packages/webots_ros2_core/devices
copying /home/shipengl/LRSMT/agiletaur/build/webots_ros2_core/build/lib/webots_ros2_core/devices/distance_sensor_device.py -> /home/shipengl/LRSMT/agiletaur/install/webots_ros2_core/lib/python3.8/site-packages/webots_ros2_core/devices
copying /home/shipengl/LRSMT/agiletaur/build/webots_ros2_core/build/lib/webots_ros2_core/devices/gps_device.py -> /home/shipengl/LRSMT/agiletaur/install/webots_ros2_core/lib/python3.8/site-packages/webots_ros2_core/devices
copying /home/shipengl/LRSMT/agiletaur/build/webots_ros2_core/build/lib/webots_ros2_core/joint_state_publisher.py -> /home/shipengl/LRSMT/agiletaur/install/webots_ros2_core/lib/python3.8/site-packages/webots_ros2_core
byte-compiling /home/shipengl/LRSMT/agiletaur/install/webots_ros2_core/lib/python3.8/site-packages/webots_ros2_core/webots_node.py to webots_node.cpython-38.pyc
byte-compiling /home/shipengl/LRSMT/agiletaur/install/webots_ros2_core/lib/python3.8/site-packages/webots_ros2_core/utils.py to utils.cpython-38.pyc
byte-compiling /home/shipengl/LRSMT/agiletaur/install/webots_ros2_core/lib/python3.8/site-packages/webots_ros2_core/webots_launcher.py to webots_launcher.cpython-38.pyc
byte-compiling /home/shipengl/LRSMT/agiletaur/install/webots_ros2_core/lib/python3.8/site-packages/webots_ros2_core/webots_robotic_arm_node.py to webots_robotic_arm_node.cpython-38.pyc
byte-compiling /home/shipengl/LRSMT/agiletaur/install/webots_ros2_core/lib/python3.8/site-packages/webots_ros2_core/__init__.py to __init__.cpython-38.pyc
byte-compiling /home/shipengl/LRSMT/agiletaur/install/webots_ros2_core/lib/python3.8/site-packages/webots_ros2_core/webots/__init__.py to __init__.cpython-38.pyc
byte-compiling /home/shipengl/LRSMT/agiletaur/install/webots_ros2_core/lib/python3.8/site-packages/webots_ros2_core/webots/controller.py to controller.cpython-38.pyc
byte-compiling /home/shipengl/LRSMT/agiletaur/install/webots_ros2_core/lib/python3.8/site-packages/webots_ros2_core/webots/vehicle.py to vehicle.cpython-38.pyc
byte-compiling /home/shipengl/LRSMT/agiletaur/install/webots_ros2_core/lib/python3.8/site-packages/webots_ros2_core/math/__init__.py to __init__.cpython-38.pyc
byte-compiling /home/shipengl/LRSMT/agiletaur/install/webots_ros2_core/lib/python3.8/site-packages/webots_ros2_core/math/interpolation.py to interpolation.cpython-38.pyc
byte-compiling /home/shipengl/LRSMT/agiletaur/install/webots_ros2_core/lib/python3.8/site-packages/webots_ros2_core/math/quaternions.py to quaternions.cpython-38.pyc
byte-compiling /home/shipengl/LRSMT/agiletaur/install/webots_ros2_core/lib/python3.8/site-packages/webots_ros2_core/trajectory_follower.py to trajectory_follower.cpython-38.pyc
byte-compiling /home/shipengl/LRSMT/agiletaur/install/webots_ros2_core/lib/python3.8/site-packages/webots_ros2_core/webots_differential_drive_node.py to webots_differential_drive_node.cpython-38.pyc
byte-compiling /home/shipengl/LRSMT/agiletaur/install/webots_ros2_core/lib/python3.8/site-packages/webots_ros2_core/devices/lidar_device.py to lidar_device.cpython-38.pyc
byte-compiling /home/shipengl/LRSMT/agiletaur/install/webots_ros2_core/lib/python3.8/site-packages/webots_ros2_core/devices/device_manager.py to device_manager.cpython-38.pyc
byte-compiling /home/shipengl/LRSMT/agiletaur/install/webots_ros2_core/lib/python3.8/site-packages/webots_ros2_core/devices/range_finder_device.py to range_finder_device.cpython-38.pyc
byte-compiling /home/shipengl/LRSMT/agiletaur/install/webots_ros2_core/lib/python3.8/site-packages/webots_ros2_core/devices/camera_device.py to camera_device.cpython-38.pyc
byte-compiling /home/shipengl/LRSMT/agiletaur/install/webots_ros2_core/lib/python3.8/site-packages/webots_ros2_core/devices/__init__.py to __init__.cpython-38.pyc
byte-compiling /home/shipengl/LRSMT/agiletaur/install/webots_ros2_core/lib/python3.8/site-packages/webots_ros2_core/devices/robot_device.py to robot_device.cpython-38.pyc
byte-compiling /home/shipengl/LRSMT/agiletaur/install/webots_ros2_core/lib/python3.8/site-packages/webots_ros2_core/devices/device.py to device.cpython-38.pyc
byte-compiling /home/shipengl/LRSMT/agiletaur/install/webots_ros2_core/lib/python3.8/site-packages/webots_ros2_core/devices/light_sensor_device.py to light_sensor_device.cpython-38.pyc
byte-compiling /home/shipengl/LRSMT/agiletaur/install/webots_ros2_core/lib/python3.8/site-packages/webots_ros2_core/devices/sensor_device.py to sensor_device.cpython-38.pyc
byte-compiling /home/shipengl/LRSMT/agiletaur/install/webots_ros2_core/lib/python3.8/site-packages/webots_ros2_core/devices/led_device.py to led_device.cpython-38.pyc
byte-compiling /home/shipengl/LRSMT/agiletaur/install/webots_ros2_core/lib/python3.8/site-packages/webots_ros2_core/devices/imu_device.py to imu_device.cpython-38.pyc
byte-compiling /home/shipengl/LRSMT/agiletaur/install/webots_ros2_core/lib/python3.8/site-packages/webots_ros2_core/devices/distance_sensor_device.py to distance_sensor_device.cpython-38.pyc
byte-compiling /home/shipengl/LRSMT/agiletaur/install/webots_ros2_core/lib/python3.8/site-packages/webots_ros2_core/devices/gps_device.py to gps_device.cpython-38.pyc
byte-compiling /home/shipengl/LRSMT/agiletaur/install/webots_ros2_core/lib/python3.8/site-packages/webots_ros2_core/joint_state_publisher.py to joint_state_publisher.cpython-38.pyc
running install_data
creating /home/shipengl/LRSMT/agiletaur/install/webots_ros2_core/share/ament_index
creating /home/shipengl/LRSMT/agiletaur/install/webots_ros2_core/share/ament_index/resource_index
creating /home/shipengl/LRSMT/agiletaur/install/webots_ros2_core/share/ament_index/resource_index/packages
copying resource/webots_ros2_core -> /home/shipengl/LRSMT/agiletaur/install/webots_ros2_core/share/ament_index/resource_index/packages
copying package.xml -> /home/shipengl/LRSMT/agiletaur/install/webots_ros2_core/share/webots_ros2_core
creating /home/shipengl/LRSMT/agiletaur/install/webots_ros2_core/share/webots_ros2_core/launch
copying launch/robot_launch.py -> /home/shipengl/LRSMT/agiletaur/install/webots_ros2_core/share/webots_ros2_core/launch
running install_egg_info
Copying ../../../build/webots_ros2_core/webots_ros2_core.egg-info to /home/shipengl/LRSMT/agiletaur/install/webots_ros2_core/lib/python3.8/site-packages/webots_ros2_core-1.1.3-py3.8.egg-info
running install_scripts
Installing webots_differential_drive_node script to /home/shipengl/LRSMT/agiletaur/install/webots_ros2_core/lib/webots_ros2_core
Installing webots_node script to /home/shipengl/LRSMT/agiletaur/install/webots_ros2_core/lib/webots_ros2_core
Installing webots_robotic_arm_node script to /home/shipengl/LRSMT/agiletaur/install/webots_ros2_core/lib/webots_ros2_core
writing list of installed files to '/home/shipengl/LRSMT/agiletaur/build/webots_ros2_core/install.log'
