[0.181s] Invoking command in '/home/shipengl/LRSMT/agiletaur/src/webots_interface/webots_ros2_core': CMAKE_PREFIX_PATH=/home/shipengl/LRSMT/agiletaur/install/webots_ros2_msgs:/home/shipengl/LRSMT/agiletaur/install/webots_ros2_control:/home/shipengl/LRSMT/agiletaur/install/webots_ros2_driver LD_LIBRARY_PATH=/home/shipengl/LRSMT/agiletaur/install/webots_ros2_msgs/lib:/home/shipengl/LRSMT/agiletaur/install/webots_ros2_control/lib:/home/shipengl/LRSMT/agiletaur/install/webots_ros2_driver/lib:/opt/ros/foxy/opt/yaml_cpp_vendor/lib:/opt/ros/foxy/opt/rviz_ogre_vendor/lib:/opt/ros/foxy/lib/x86_64-linux-gnu:/opt/ros/foxy/lib PYTHONPATH=/home/shipengl/LRSMT/agiletaur/install/webots_ros2_core/lib/python3.8/site-packages:/home/shipengl/LRSMT/agiletaur/install/webots_ros2_msgs/lib/python3.8/site-packages:/home/shipengl/LRSMT/agiletaur/install/webots_ros2/lib/python3.8/site-packages:/home/shipengl/LRSMT/agiletaur/install/webots_ros2_universal_robot/lib/python3.8/site-packages:/home/shipengl/LRSMT/agiletaur/install/webots_ros2_turtlebot/lib/python3.8/site-packages:/home/shipengl/LRSMT/agiletaur/install/webots_ros2_tiago/lib/python3.8/site-packages:/home/shipengl/LRSMT/agiletaur/install/webots_ros2_tests/lib/python3.8/site-packages:/home/shipengl/LRSMT/agiletaur/install/webots_ros2_tesla/lib/python3.8/site-packages:/home/shipengl/LRSMT/agiletaur/install/webots_ros2_mavic/lib/python3.8/site-packages:/home/shipengl/LRSMT/agiletaur/install/webots_ros2_epuck/lib/python3.8/site-packages:/home/shipengl/LRSMT/agiletaur/install/webots_ros2_driver/lib/python3.8/site-packages:/home/shipengl/LRSMT/agiletaur/install/webots_ros2_core/lib/python3.8/site-packages:/home/shipengl/LRSMT/agiletaur/install/webots_ros2_importer/lib/python3.8/site-packages:/opt/ros/foxy/lib/python3.8/site-packages /usr/bin/python3 setup.py egg_info --egg-base ../../../build/webots_ros2_core build --build-base /home/shipengl/LRSMT/agiletaur/build/webots_ros2_core/build install --prefix /home/shipengl/LRSMT/agiletaur/install/webots_ros2_core --record /home/shipengl/LRSMT/agiletaur/build/webots_ros2_core/install.log --single-version-externally-managed
[0.345s] running egg_info
[0.346s] creating ../../../build/webots_ros2_core/webots_ros2_core.egg-info
[0.346s] writing ../../../build/webots_ros2_core/webots_ros2_core.egg-info/PKG-INFO
[0.346s] writing dependency_links to ../../../build/webots_ros2_core/webots_ros2_core.egg-info/dependency_links.txt
[0.346s] writing entry points to ../../../build/webots_ros2_core/webots_ros2_core.egg-info/entry_points.txt
[0.346s] writing requirements to ../../../build/webots_ros2_core/webots_ros2_core.egg-info/requires.txt
[0.347s] writing top-level names to ../../../build/webots_ros2_core/webots_ros2_core.egg-info/top_level.txt
[0.348s] writing manifest file '../../../build/webots_ros2_core/webots_ros2_core.egg-info/SOURCES.txt'
[0.374s] reading manifest file '../../../build/webots_ros2_core/webots_ros2_core.egg-info/SOURCES.txt'
[0.375s] writing manifest file '../../../build/webots_ros2_core/webots_ros2_core.egg-info/SOURCES.txt'
[0.376s] running build
[0.376s] running build_py
[0.376s] creating /home/shipengl/LRSMT/agiletaur/build/webots_ros2_core/build
[0.376s] creating /home/shipengl/LRSMT/agiletaur/build/webots_ros2_core/build/lib
[0.376s] creating /home/shipengl/LRSMT/agiletaur/build/webots_ros2_core/build/lib/webots_ros2_core
[0.376s] copying webots_ros2_core/webots_node.py -> /home/shipengl/LRSMT/agiletaur/build/webots_ros2_core/build/lib/webots_ros2_core
[0.376s] copying webots_ros2_core/utils.py -> /home/shipengl/LRSMT/agiletaur/build/webots_ros2_core/build/lib/webots_ros2_core
[0.376s] copying webots_ros2_core/webots_launcher.py -> /home/shipengl/LRSMT/agiletaur/build/webots_ros2_core/build/lib/webots_ros2_core
[0.376s] copying webots_ros2_core/webots_robotic_arm_node.py -> /home/shipengl/LRSMT/agiletaur/build/webots_ros2_core/build/lib/webots_ros2_core
[0.376s] copying webots_ros2_core/__init__.py -> /home/shipengl/LRSMT/agiletaur/build/webots_ros2_core/build/lib/webots_ros2_core
[0.376s] copying webots_ros2_core/trajectory_follower.py -> /home/shipengl/LRSMT/agiletaur/build/webots_ros2_core/build/lib/webots_ros2_core
[0.376s] copying webots_ros2_core/webots_differential_drive_node.py -> /home/shipengl/LRSMT/agiletaur/build/webots_ros2_core/build/lib/webots_ros2_core
[0.376s] copying webots_ros2_core/joint_state_publisher.py -> /home/shipengl/LRSMT/agiletaur/build/webots_ros2_core/build/lib/webots_ros2_core
[0.377s] creating /home/shipengl/LRSMT/agiletaur/build/webots_ros2_core/build/lib/webots_ros2_core/devices
[0.377s] copying webots_ros2_core/devices/lidar_device.py -> /home/shipengl/LRSMT/agiletaur/build/webots_ros2_core/build/lib/webots_ros2_core/devices
[0.377s] copying webots_ros2_core/devices/device_manager.py -> /home/shipengl/LRSMT/agiletaur/build/webots_ros2_core/build/lib/webots_ros2_core/devices
[0.377s] copying webots_ros2_core/devices/range_finder_device.py -> /home/shipengl/LRSMT/agiletaur/build/webots_ros2_core/build/lib/webots_ros2_core/devices
[0.377s] copying webots_ros2_core/devices/camera_device.py -> /home/shipengl/LRSMT/agiletaur/build/webots_ros2_core/build/lib/webots_ros2_core/devices
[0.377s] copying webots_ros2_core/devices/__init__.py -> /home/shipengl/LRSMT/agiletaur/build/webots_ros2_core/build/lib/webots_ros2_core/devices
[0.377s] copying webots_ros2_core/devices/robot_device.py -> /home/shipengl/LRSMT/agiletaur/build/webots_ros2_core/build/lib/webots_ros2_core/devices
[0.377s] copying webots_ros2_core/devices/device.py -> /home/shipengl/LRSMT/agiletaur/build/webots_ros2_core/build/lib/webots_ros2_core/devices
[0.377s] copying webots_ros2_core/devices/light_sensor_device.py -> /home/shipengl/LRSMT/agiletaur/build/webots_ros2_core/build/lib/webots_ros2_core/devices
[0.377s] copying webots_ros2_core/devices/sensor_device.py -> /home/shipengl/LRSMT/agiletaur/build/webots_ros2_core/build/lib/webots_ros2_core/devices
[0.377s] copying webots_ros2_core/devices/led_device.py -> /home/shipengl/LRSMT/agiletaur/build/webots_ros2_core/build/lib/webots_ros2_core/devices
[0.377s] copying webots_ros2_core/devices/imu_device.py -> /home/shipengl/LRSMT/agiletaur/build/webots_ros2_core/build/lib/webots_ros2_core/devices
[0.377s] copying webots_ros2_core/devices/distance_sensor_device.py -> /home/shipengl/LRSMT/agiletaur/build/webots_ros2_core/build/lib/webots_ros2_core/devices
[0.378s] copying webots_ros2_core/devices/gps_device.py -> /home/shipengl/LRSMT/agiletaur/build/webots_ros2_core/build/lib/webots_ros2_core/devices
[0.378s] creating /home/shipengl/LRSMT/agiletaur/build/webots_ros2_core/build/lib/webots_ros2_core/math
[0.378s] copying webots_ros2_core/math/__init__.py -> /home/shipengl/LRSMT/agiletaur/build/webots_ros2_core/build/lib/webots_ros2_core/math
[0.378s] copying webots_ros2_core/math/interpolation.py -> /home/shipengl/LRSMT/agiletaur/build/webots_ros2_core/build/lib/webots_ros2_core/math
[0.378s] copying webots_ros2_core/math/quaternions.py -> /home/shipengl/LRSMT/agiletaur/build/webots_ros2_core/build/lib/webots_ros2_core/math
[0.378s] creating /home/shipengl/LRSMT/agiletaur/build/webots_ros2_core/build/lib/webots_ros2_core/webots
[0.378s] copying webots_ros2_core/webots/__init__.py -> /home/shipengl/LRSMT/agiletaur/build/webots_ros2_core/build/lib/webots_ros2_core/webots
[0.378s] copying webots_ros2_core/webots/controller.py -> /home/shipengl/LRSMT/agiletaur/build/webots_ros2_core/build/lib/webots_ros2_core/webots
[0.378s] copying webots_ros2_core/webots/vehicle.py -> /home/shipengl/LRSMT/agiletaur/build/webots_ros2_core/build/lib/webots_ros2_core/webots
[0.379s] running install
[0.379s] running install_lib
[0.380s] creating /home/shipengl/LRSMT/agiletaur/install/webots_ros2_core/lib/python3.8/site-packages/webots_ros2_core
[0.380s] copying /home/shipengl/LRSMT/agiletaur/build/webots_ros2_core/build/lib/webots_ros2_core/webots_node.py -> /home/shipengl/LRSMT/agiletaur/install/webots_ros2_core/lib/python3.8/site-packages/webots_ros2_core
[0.380s] copying /home/shipengl/LRSMT/agiletaur/build/webots_ros2_core/build/lib/webots_ros2_core/utils.py -> /home/shipengl/LRSMT/agiletaur/install/webots_ros2_core/lib/python3.8/site-packages/webots_ros2_core
[0.381s] copying /home/shipengl/LRSMT/agiletaur/build/webots_ros2_core/build/lib/webots_ros2_core/webots_launcher.py -> /home/shipengl/LRSMT/agiletaur/install/webots_ros2_core/lib/python3.8/site-packages/webots_ros2_core
[0.381s] copying /home/shipengl/LRSMT/agiletaur/build/webots_ros2_core/build/lib/webots_ros2_core/webots_robotic_arm_node.py -> /home/shipengl/LRSMT/agiletaur/install/webots_ros2_core/lib/python3.8/site-packages/webots_ros2_core
[0.381s] copying /home/shipengl/LRSMT/agiletaur/build/webots_ros2_core/build/lib/webots_ros2_core/__init__.py -> /home/shipengl/LRSMT/agiletaur/install/webots_ros2_core/lib/python3.8/site-packages/webots_ros2_core
[0.381s] creating /home/shipengl/LRSMT/agiletaur/install/webots_ros2_core/lib/python3.8/site-packages/webots_ros2_core/webots
[0.381s] copying /home/shipengl/LRSMT/agiletaur/build/webots_ros2_core/build/lib/webots_ros2_core/webots/__init__.py -> /home/shipengl/LRSMT/agiletaur/install/webots_ros2_core/lib/python3.8/site-packages/webots_ros2_core/webots
[0.381s] copying /home/shipengl/LRSMT/agiletaur/build/webots_ros2_core/build/lib/webots_ros2_core/webots/controller.py -> /home/shipengl/LRSMT/agiletaur/install/webots_ros2_core/lib/python3.8/site-packages/webots_ros2_core/webots
[0.381s] copying /home/shipengl/LRSMT/agiletaur/build/webots_ros2_core/build/lib/webots_ros2_core/webots/vehicle.py -> /home/shipengl/LRSMT/agiletaur/install/webots_ros2_core/lib/python3.8/site-packages/webots_ros2_core/webots
[0.381s] creating /home/shipengl/LRSMT/agiletaur/install/webots_ros2_core/lib/python3.8/site-packages/webots_ros2_core/math
[0.381s] copying /home/shipengl/LRSMT/agiletaur/build/webots_ros2_core/build/lib/webots_ros2_core/math/__init__.py -> /home/shipengl/LRSMT/agiletaur/install/webots_ros2_core/lib/python3.8/site-packages/webots_ros2_core/math
[0.381s] copying /home/shipengl/LRSMT/agiletaur/build/webots_ros2_core/build/lib/webots_ros2_core/math/interpolation.py -> /home/shipengl/LRSMT/agiletaur/install/webots_ros2_core/lib/python3.8/site-packages/webots_ros2_core/math
[0.381s] copying /home/shipengl/LRSMT/agiletaur/build/webots_ros2_core/build/lib/webots_ros2_core/math/quaternions.py -> /home/shipengl/LRSMT/agiletaur/install/webots_ros2_core/lib/python3.8/site-packages/webots_ros2_core/math
[0.381s] copying /home/shipengl/LRSMT/agiletaur/build/webots_ros2_core/build/lib/webots_ros2_core/trajectory_follower.py -> /home/shipengl/LRSMT/agiletaur/install/webots_ros2_core/lib/python3.8/site-packages/webots_ros2_core
[0.381s] copying /home/shipengl/LRSMT/agiletaur/build/webots_ros2_core/build/lib/webots_ros2_core/webots_differential_drive_node.py -> /home/shipengl/LRSMT/agiletaur/install/webots_ros2_core/lib/python3.8/site-packages/webots_ros2_core
[0.381s] creating /home/shipengl/LRSMT/agiletaur/install/webots_ros2_core/lib/python3.8/site-packages/webots_ros2_core/devices
[0.382s] copying /home/shipengl/LRSMT/agiletaur/build/webots_ros2_core/build/lib/webots_ros2_core/devices/lidar_device.py -> /home/shipengl/LRSMT/agiletaur/install/webots_ros2_core/lib/python3.8/site-packages/webots_ros2_core/devices
[0.382s] copying /home/shipengl/LRSMT/agiletaur/build/webots_ros2_core/build/lib/webots_ros2_core/devices/device_manager.py -> /home/shipengl/LRSMT/agiletaur/install/webots_ros2_core/lib/python3.8/site-packages/webots_ros2_core/devices
[0.382s] copying /home/shipengl/LRSMT/agiletaur/build/webots_ros2_core/build/lib/webots_ros2_core/devices/range_finder_device.py -> /home/shipengl/LRSMT/agiletaur/install/webots_ros2_core/lib/python3.8/site-packages/webots_ros2_core/devices
[0.382s] copying /home/shipengl/LRSMT/agiletaur/build/webots_ros2_core/build/lib/webots_ros2_core/devices/camera_device.py -> /home/shipengl/LRSMT/agiletaur/install/webots_ros2_core/lib/python3.8/site-packages/webots_ros2_core/devices
[0.382s] copying /home/shipengl/LRSMT/agiletaur/build/webots_ros2_core/build/lib/webots_ros2_core/devices/__init__.py -> /home/shipengl/LRSMT/agiletaur/install/webots_ros2_core/lib/python3.8/site-packages/webots_ros2_core/devices
[0.382s] copying /home/shipengl/LRSMT/agiletaur/build/webots_ros2_core/build/lib/webots_ros2_core/devices/robot_device.py -> /home/shipengl/LRSMT/agiletaur/install/webots_ros2_core/lib/python3.8/site-packages/webots_ros2_core/devices
[0.382s] copying /home/shipengl/LRSMT/agiletaur/build/webots_ros2_core/build/lib/webots_ros2_core/devices/device.py -> /home/shipengl/LRSMT/agiletaur/install/webots_ros2_core/lib/python3.8/site-packages/webots_ros2_core/devices
[0.382s] copying /home/shipengl/LRSMT/agiletaur/build/webots_ros2_core/build/lib/webots_ros2_core/devices/light_sensor_device.py -> /home/shipengl/LRSMT/agiletaur/install/webots_ros2_core/lib/python3.8/site-packages/webots_ros2_core/devices
[0.382s] copying /home/shipengl/LRSMT/agiletaur/build/webots_ros2_core/build/lib/webots_ros2_core/devices/sensor_device.py -> /home/shipengl/LRSMT/agiletaur/install/webots_ros2_core/lib/python3.8/site-packages/webots_ros2_core/devices
[0.382s] copying /home/shipengl/LRSMT/agiletaur/build/webots_ros2_core/build/lib/webots_ros2_core/devices/led_device.py -> /home/shipengl/LRSMT/agiletaur/install/webots_ros2_core/lib/python3.8/site-packages/webots_ros2_core/devices
[0.382s] copying /home/shipengl/LRSMT/agiletaur/build/webots_ros2_core/build/lib/webots_ros2_core/devices/imu_device.py -> /home/shipengl/LRSMT/agiletaur/install/webots_ros2_core/lib/python3.8/site-packages/webots_ros2_core/devices
[0.382s] copying /home/shipengl/LRSMT/agiletaur/build/webots_ros2_core/build/lib/webots_ros2_core/devices/distance_sensor_device.py -> /home/shipengl/LRSMT/agiletaur/install/webots_ros2_core/lib/python3.8/site-packages/webots_ros2_core/devices
[0.382s] copying /home/shipengl/LRSMT/agiletaur/build/webots_ros2_core/build/lib/webots_ros2_core/devices/gps_device.py -> /home/shipengl/LRSMT/agiletaur/install/webots_ros2_core/lib/python3.8/site-packages/webots_ros2_core/devices
[0.383s] copying /home/shipengl/LRSMT/agiletaur/build/webots_ros2_core/build/lib/webots_ros2_core/joint_state_publisher.py -> /home/shipengl/LRSMT/agiletaur/install/webots_ros2_core/lib/python3.8/site-packages/webots_ros2_core
[0.383s] byte-compiling /home/shipengl/LRSMT/agiletaur/install/webots_ros2_core/lib/python3.8/site-packages/webots_ros2_core/webots_node.py to webots_node.cpython-38.pyc
[0.384s] byte-compiling /home/shipengl/LRSMT/agiletaur/install/webots_ros2_core/lib/python3.8/site-packages/webots_ros2_core/utils.py to utils.cpython-38.pyc
[0.386s] byte-compiling /home/shipengl/LRSMT/agiletaur/install/webots_ros2_core/lib/python3.8/site-packages/webots_ros2_core/webots_launcher.py to webots_launcher.cpython-38.pyc
[0.386s] byte-compiling /home/shipengl/LRSMT/agiletaur/install/webots_ros2_core/lib/python3.8/site-packages/webots_ros2_core/webots_robotic_arm_node.py to webots_robotic_arm_node.cpython-38.pyc
[0.386s] byte-compiling /home/shipengl/LRSMT/agiletaur/install/webots_ros2_core/lib/python3.8/site-packages/webots_ros2_core/__init__.py to __init__.cpython-38.pyc
[0.387s] byte-compiling /home/shipengl/LRSMT/agiletaur/install/webots_ros2_core/lib/python3.8/site-packages/webots_ros2_core/webots/__init__.py to __init__.cpython-38.pyc
[0.387s] byte-compiling /home/shipengl/LRSMT/agiletaur/install/webots_ros2_core/lib/python3.8/site-packages/webots_ros2_core/webots/controller.py to controller.cpython-38.pyc
[0.387s] byte-compiling /home/shipengl/LRSMT/agiletaur/install/webots_ros2_core/lib/python3.8/site-packages/webots_ros2_core/webots/vehicle.py to vehicle.cpython-38.pyc
[0.387s] byte-compiling /home/shipengl/LRSMT/agiletaur/install/webots_ros2_core/lib/python3.8/site-packages/webots_ros2_core/math/__init__.py to __init__.cpython-38.pyc
[0.387s] byte-compiling /home/shipengl/LRSMT/agiletaur/install/webots_ros2_core/lib/python3.8/site-packages/webots_ros2_core/math/interpolation.py to interpolation.cpython-38.pyc
[0.387s] byte-compiling /home/shipengl/LRSMT/agiletaur/install/webots_ros2_core/lib/python3.8/site-packages/webots_ros2_core/math/quaternions.py to quaternions.cpython-38.pyc
[0.389s] byte-compiling /home/shipengl/LRSMT/agiletaur/install/webots_ros2_core/lib/python3.8/site-packages/webots_ros2_core/trajectory_follower.py to trajectory_follower.cpython-38.pyc
[0.390s] byte-compiling /home/shipengl/LRSMT/agiletaur/install/webots_ros2_core/lib/python3.8/site-packages/webots_ros2_core/webots_differential_drive_node.py to webots_differential_drive_node.cpython-38.pyc
[0.391s] byte-compiling /home/shipengl/LRSMT/agiletaur/install/webots_ros2_core/lib/python3.8/site-packages/webots_ros2_core/devices/lidar_device.py to lidar_device.cpython-38.pyc
[0.392s] byte-compiling /home/shipengl/LRSMT/agiletaur/install/webots_ros2_core/lib/python3.8/site-packages/webots_ros2_core/devices/device_manager.py to device_manager.cpython-38.pyc
[0.393s] byte-compiling /home/shipengl/LRSMT/agiletaur/install/webots_ros2_core/lib/python3.8/site-packages/webots_ros2_core/devices/range_finder_device.py to range_finder_device.cpython-38.pyc
[0.393s] byte-compiling /home/shipengl/LRSMT/agiletaur/install/webots_ros2_core/lib/python3.8/site-packages/webots_ros2_core/devices/camera_device.py to camera_device.cpython-38.pyc
[0.394s] byte-compiling /home/shipengl/LRSMT/agiletaur/install/webots_ros2_core/lib/python3.8/site-packages/webots_ros2_core/devices/__init__.py to __init__.cpython-38.pyc
[0.394s] byte-compiling /home/shipengl/LRSMT/agiletaur/install/webots_ros2_core/lib/python3.8/site-packages/webots_ros2_core/devices/robot_device.py to robot_device.cpython-38.pyc
[0.395s] byte-compiling /home/shipengl/LRSMT/agiletaur/install/webots_ros2_core/lib/python3.8/site-packages/webots_ros2_core/devices/device.py to device.cpython-38.pyc
[0.395s] byte-compiling /home/shipengl/LRSMT/agiletaur/install/webots_ros2_core/lib/python3.8/site-packages/webots_ros2_core/devices/light_sensor_device.py to light_sensor_device.cpython-38.pyc
[0.395s] byte-compiling /home/shipengl/LRSMT/agiletaur/install/webots_ros2_core/lib/python3.8/site-packages/webots_ros2_core/devices/sensor_device.py to sensor_device.cpython-38.pyc
[0.396s] byte-compiling /home/shipengl/LRSMT/agiletaur/install/webots_ros2_core/lib/python3.8/site-packages/webots_ros2_core/devices/led_device.py to led_device.cpython-38.pyc
[0.396s] byte-compiling /home/shipengl/LRSMT/agiletaur/install/webots_ros2_core/lib/python3.8/site-packages/webots_ros2_core/devices/imu_device.py to imu_device.cpython-38.pyc
[0.396s] byte-compiling /home/shipengl/LRSMT/agiletaur/install/webots_ros2_core/lib/python3.8/site-packages/webots_ros2_core/devices/distance_sensor_device.py to distance_sensor_device.cpython-38.pyc
[0.397s] byte-compiling /home/shipengl/LRSMT/agiletaur/install/webots_ros2_core/lib/python3.8/site-packages/webots_ros2_core/devices/gps_device.py to gps_device.cpython-38.pyc
[0.397s] byte-compiling /home/shipengl/LRSMT/agiletaur/install/webots_ros2_core/lib/python3.8/site-packages/webots_ros2_core/joint_state_publisher.py to joint_state_publisher.cpython-38.pyc
[0.398s] running install_data
[0.398s] creating /home/shipengl/LRSMT/agiletaur/install/webots_ros2_core/share/ament_index
[0.398s] creating /home/shipengl/LRSMT/agiletaur/install/webots_ros2_core/share/ament_index/resource_index
[0.398s] creating /home/shipengl/LRSMT/agiletaur/install/webots_ros2_core/share/ament_index/resource_index/packages
[0.398s] copying resource/webots_ros2_core -> /home/shipengl/LRSMT/agiletaur/install/webots_ros2_core/share/ament_index/resource_index/packages
[0.398s] copying package.xml -> /home/shipengl/LRSMT/agiletaur/install/webots_ros2_core/share/webots_ros2_core
[0.398s] creating /home/shipengl/LRSMT/agiletaur/install/webots_ros2_core/share/webots_ros2_core/launch
[0.398s] copying launch/robot_launch.py -> /home/shipengl/LRSMT/agiletaur/install/webots_ros2_core/share/webots_ros2_core/launch
[0.399s] running install_egg_info
[0.400s] Copying ../../../build/webots_ros2_core/webots_ros2_core.egg-info to /home/shipengl/LRSMT/agiletaur/install/webots_ros2_core/lib/python3.8/site-packages/webots_ros2_core-1.1.3-py3.8.egg-info
[0.400s] running install_scripts
[0.414s] Installing webots_differential_drive_node script to /home/shipengl/LRSMT/agiletaur/install/webots_ros2_core/lib/webots_ros2_core
[0.414s] Installing webots_node script to /home/shipengl/LRSMT/agiletaur/install/webots_ros2_core/lib/webots_ros2_core
[0.414s] Installing webots_robotic_arm_node script to /home/shipengl/LRSMT/agiletaur/install/webots_ros2_core/lib/webots_ros2_core
[0.415s] writing list of installed files to '/home/shipengl/LRSMT/agiletaur/build/webots_ros2_core/install.log'
[0.430s] Invoked command in '/home/shipengl/LRSMT/agiletaur/src/webots_interface/webots_ros2_core' returned '0': CMAKE_PREFIX_PATH=/home/shipengl/LRSMT/agiletaur/install/webots_ros2_msgs:/home/shipengl/LRSMT/agiletaur/install/webots_ros2_control:/home/shipengl/LRSMT/agiletaur/install/webots_ros2_driver LD_LIBRARY_PATH=/home/shipengl/LRSMT/agiletaur/install/webots_ros2_msgs/lib:/home/shipengl/LRSMT/agiletaur/install/webots_ros2_control/lib:/home/shipengl/LRSMT/agiletaur/install/webots_ros2_driver/lib:/opt/ros/foxy/opt/yaml_cpp_vendor/lib:/opt/ros/foxy/opt/rviz_ogre_vendor/lib:/opt/ros/foxy/lib/x86_64-linux-gnu:/opt/ros/foxy/lib PYTHONPATH=/home/shipengl/LRSMT/agiletaur/install/webots_ros2_core/lib/python3.8/site-packages:/home/shipengl/LRSMT/agiletaur/install/webots_ros2_msgs/lib/python3.8/site-packages:/home/shipengl/LRSMT/agiletaur/install/webots_ros2/lib/python3.8/site-packages:/home/shipengl/LRSMT/agiletaur/install/webots_ros2_universal_robot/lib/python3.8/site-packages:/home/shipengl/LRSMT/agiletaur/install/webots_ros2_turtlebot/lib/python3.8/site-packages:/home/shipengl/LRSMT/agiletaur/install/webots_ros2_tiago/lib/python3.8/site-packages:/home/shipengl/LRSMT/agiletaur/install/webots_ros2_tests/lib/python3.8/site-packages:/home/shipengl/LRSMT/agiletaur/install/webots_ros2_tesla/lib/python3.8/site-packages:/home/shipengl/LRSMT/agiletaur/install/webots_ros2_mavic/lib/python3.8/site-packages:/home/shipengl/LRSMT/agiletaur/install/webots_ros2_epuck/lib/python3.8/site-packages:/home/shipengl/LRSMT/agiletaur/install/webots_ros2_driver/lib/python3.8/site-packages:/home/shipengl/LRSMT/agiletaur/install/webots_ros2_core/lib/python3.8/site-packages:/home/shipengl/LRSMT/agiletaur/install/webots_ros2_importer/lib/python3.8/site-packages:/opt/ros/foxy/lib/python3.8/site-packages /usr/bin/python3 setup.py egg_info --egg-base ../../../build/webots_ros2_core build --build-base /home/shipengl/LRSMT/agiletaur/build/webots_ros2_core/build install --prefix /home/shipengl/LRSMT/agiletaur/install/webots_ros2_core --record /home/shipengl/LRSMT/agiletaur/build/webots_ros2_core/install.log --single-version-externally-managed
