[0.011s] Invoking command in '/home/shipengl/LRSMT/agiletaur/build/agiletaur_controller': CMAKE_PREFIX_PATH=/opt/ros/foxy /usr/bin/cmake /home/shipengl/LRSMT/agiletaur/src/agiletaur_controller -DCMAKE_INSTALL_PREFIX=/home/shipengl/LRSMT/agiletaur/install/agiletaur_controller
[0.050s] -- The C compiler identification is GNU 9.3.0
[0.086s] -- The CXX compiler identification is GNU 9.3.0
[0.089s] -- Check for working C compiler: /usr/bin/cc
[0.135s] -- Check for working C compiler: /usr/bin/cc -- works
[0.136s] -- Detecting C compiler ABI info
[0.181s] -- Detecting C compiler ABI info - done
[0.191s] -- Detecting C compile features
[0.191s] -- Detecting C compile features - done
[0.193s] -- Check for working CXX compiler: /usr/bin/c++
[0.251s] -- Check for working CXX compiler: /usr/bin/c++ -- works
[0.252s] -- Detecting CXX compiler ABI info
[0.306s] -- Detecting CXX compiler ABI info - done
[0.314s] -- Detecting CXX compile features
[0.315s] -- Detecting CXX compile features - done
[0.317s] -- Found ament_cmake: 0.9.9 (/opt/ros/foxy/share/ament_cmake/cmake)
[0.333s] -- Found PythonInterp: /usr/bin/python3 (found suitable version "3.8.10", minimum required is "3") 
[0.334s] -- Using PYTHON_EXECUTABLE: /usr/bin/python3
[0.485s] -- Found rclcpp: 2.4.0 (/opt/ros/foxy/share/rclcpp/cmake)
[0.521s] -- Using all available rosidl_typesupport_c: rosidl_typesupport_fastrtps_c;rosidl_typesupport_introspection_c
[0.526s] -- Found rosidl_adapter: 1.2.1 (/opt/ros/foxy/share/rosidl_adapter/cmake)
[0.574s] -- Found OpenSSL: /usr/lib/x86_64-linux-gnu/libcrypto.so (found version "1.1.1f")  
[0.594s] -- Found FastRTPS: /opt/ros/foxy/include  
[0.650s] -- Using all available rosidl_typesupport_cpp: rosidl_typesupport_fastrtps_cpp;rosidl_typesupport_introspection_cpp
[0.689s] -- Found rmw_implementation_cmake: 1.0.3 (/opt/ros/foxy/share/rmw_implementation_cmake/cmake)
[0.691s] -- Using RMW implementation 'rmw_fastrtps_cpp' as default
[0.691s] -- Looking for pthread.h
[0.741s] -- Looking for pthread.h - found
[0.742s] -- Performing Test CMAKE_HAVE_LIBC_PTHREAD
[0.793s] -- Performing Test CMAKE_HAVE_LIBC_PTHREAD - Failed
[0.794s] -- Looking for pthread_create in pthreads
[0.835s] -- Looking for pthread_create in pthreads - not found
[0.835s] -- Looking for pthread_create in pthread
[0.880s] -- Looking for pthread_create in pthread - found
[0.881s] -- Found Threads: TRUE  
[1.000s] CMake Error at /opt/ros/foxy/share/ament_cmake_target_dependencies/cmake/ament_target_dependencies.cmake:42 (message):
[1.000s]   ament_target_dependencies() the first argument must be a valid target name
[1.000s] Call Stack (most recent call first):
[1.000s]   CMakeLists.txt:37 (ament_target_dependencies)
[1.000s] 
[1.000s] 
[1.002s] -- Configuring incomplete, errors occurred!
[1.002s] See also "/home/shipengl/LRSMT/agiletaur/build/agiletaur_controller/CMakeFiles/CMakeOutput.log".
[1.002s] See also "/home/shipengl/LRSMT/agiletaur/build/agiletaur_controller/CMakeFiles/CMakeError.log".
[1.008s] Invoked command in '/home/shipengl/LRSMT/agiletaur/build/agiletaur_controller' returned '1': CMAKE_PREFIX_PATH=/opt/ros/foxy /usr/bin/cmake /home/shipengl/LRSMT/agiletaur/src/agiletaur_controller -DCMAKE_INSTALL_PREFIX=/home/shipengl/LRSMT/agiletaur/install/agiletaur_controller
