[0.053s] Invoking command in '/home/shipengl/LRSMT/build/webots_description': CMAKE_PREFIX_PATH=${CMAKE_PREFIX_PATH}:/opt/ros/foxy /usr/bin/cmake /home/shipengl/LRSMT/agiletaur/src/webots_ros2_control/webots_description -DCMAKE_INSTALL_PREFIX=/home/shipengl/LRSMT/install/webots_description
[0.133s] -- The C compiler identification is GNU 9.3.0
[0.210s] -- The CXX compiler identification is GNU 9.3.0
[0.219s] -- Check for working C compiler: /usr/bin/cc
[0.314s] -- Check for working C compiler: /usr/bin/cc -- works
[0.315s] -- Detecting C compiler ABI info
[0.401s] -- Detecting C compiler ABI info - done
[0.421s] -- Detecting C compile features
[0.422s] -- Detecting C compile features - done
[0.425s] -- Check for working CXX compiler: /usr/bin/c++
[0.546s] -- Check for working CXX compiler: /usr/bin/c++ -- works
[0.547s] -- Detecting CXX compiler ABI info
[0.861s] -- Detecting CXX compiler ABI info - done
[0.947s] -- Detecting CXX compile features
[0.948s] -- Detecting CXX compile features - done
[0.953s] -- Found ament_cmake_auto: 0.9.9 (/opt/ros/foxy/share/ament_cmake_auto/cmake)
[1.107s] -- Found PythonInterp: /usr/bin/python3 (found suitable version "3.8.10", minimum required is "3") 
[1.108s] -- Using PYTHON_EXECUTABLE: /usr/bin/python3
[2.002s] -- Configuring done
[2.003s] -- Generating done
[2.003s] -- Build files have been written to: /home/shipengl/LRSMT/build/webots_description
[2.010s] Invoked command in '/home/shipengl/LRSMT/build/webots_description' returned '0': CMAKE_PREFIX_PATH=${CMAKE_PREFIX_PATH}:/opt/ros/foxy /usr/bin/cmake /home/shipengl/LRSMT/agiletaur/src/webots_ros2_control/webots_description -DCMAKE_INSTALL_PREFIX=/home/shipengl/LRSMT/install/webots_description
[2.012s] Invoking command in '/home/shipengl/LRSMT/build/webots_description': CMAKE_PREFIX_PATH=${CMAKE_PREFIX_PATH}:/opt/ros/foxy /usr/bin/cmake --build /home/shipengl/LRSMT/build/webots_description -- -j16 -l16
[2.117s] Invoked command in '/home/shipengl/LRSMT/build/webots_description' returned '0': CMAKE_PREFIX_PATH=${CMAKE_PREFIX_PATH}:/opt/ros/foxy /usr/bin/cmake --build /home/shipengl/LRSMT/build/webots_description -- -j16 -l16
[2.197s] Invoking command in '/home/shipengl/LRSMT/build/webots_description': CMAKE_PREFIX_PATH=${CMAKE_PREFIX_PATH}:/opt/ros/foxy /usr/bin/cmake --install /home/shipengl/LRSMT/build/webots_description
[2.216s] -- Install configuration: ""
[2.216s] -- Installing: /home/shipengl/LRSMT/install/webots_description/share/webots_description/urdf
[2.216s] -- Installing: /home/shipengl/LRSMT/install/webots_description/share/webots_description/urdf/dof12.urdf
[2.217s] -- Installing: /home/shipengl/LRSMT/install/webots_description/share/webots_description/urdf/agiletaur.urdf
[2.217s] -- Installing: /home/shipengl/LRSMT/install/webots_description/share/ament_index/resource_index/package_run_dependencies/webots_description
[2.217s] -- Installing: /home/shipengl/LRSMT/install/webots_description/share/ament_index/resource_index/parent_prefix_path/webots_description
[2.217s] -- Installing: /home/shipengl/LRSMT/install/webots_description/share/webots_description/environment/ament_prefix_path.sh
[2.217s] -- Installing: /home/shipengl/LRSMT/install/webots_description/share/webots_description/environment/ament_prefix_path.dsv
[2.217s] -- Installing: /home/shipengl/LRSMT/install/webots_description/share/webots_description/environment/path.sh
[2.217s] -- Installing: /home/shipengl/LRSMT/install/webots_description/share/webots_description/environment/path.dsv
[2.217s] -- Installing: /home/shipengl/LRSMT/install/webots_description/share/webots_description/local_setup.bash
[2.218s] -- Installing: /home/shipengl/LRSMT/install/webots_description/share/webots_description/local_setup.sh
[2.218s] -- Installing: /home/shipengl/LRSMT/install/webots_description/share/webots_description/local_setup.zsh
[2.218s] -- Installing: /home/shipengl/LRSMT/install/webots_description/share/webots_description/local_setup.dsv
[2.218s] -- Installing: /home/shipengl/LRSMT/install/webots_description/share/webots_description/package.dsv
[2.218s] -- Installing: /home/shipengl/LRSMT/install/webots_description/share/ament_index/resource_index/packages/webots_description
[2.218s] -- Installing: /home/shipengl/LRSMT/install/webots_description/share/webots_description/cmake/webots_descriptionConfig.cmake
[2.218s] -- Installing: /home/shipengl/LRSMT/install/webots_description/share/webots_description/cmake/webots_descriptionConfig-version.cmake
[2.218s] -- Installing: /home/shipengl/LRSMT/install/webots_description/share/webots_description/package.xml
[2.252s] Invoked command in '/home/shipengl/LRSMT/build/webots_description' returned '0': CMAKE_PREFIX_PATH=${CMAKE_PREFIX_PATH}:/opt/ros/foxy /usr/bin/cmake --install /home/shipengl/LRSMT/build/webots_description
