[0.014s] Invoking command in '/home/shipengl/LRSMT/build/odrive_ros2_control': AMENT_PREFIX_PATH=/home/shipengl/LRSMT/install/odrive_bringup:/home/shipengl/LRSMT/install/odrive_hardware_interface:/home/shipengl/LRSMT/install/odrive_description:${AMENT_PREFIX_PATH} CMAKE_PREFIX_PATH=/home/shipengl/LRSMT/install/odrive_bringup:/home/shipengl/LRSMT/install/odrive_hardware_interface:/home/shipengl/LRSMT/install/odrive_description:/home/shipengl/LRSMT/agiletaur/install/webots_simulation_assets:/home/shipengl/LRSMT/agiletaur/install/webots_ros2_control:/home/shipengl/LRSMT/agiletaur/install/webots_ros2_driver:/home/shipengl/LRSMT/agiletaur/install/webots_ros2_msgs:/home/shipengl/LRSMT/agiletaur/install/webots_description:/home/shipengl/LRSMT/agiletaur/install/webots_bringup:/home/shipengl/LRSMT/agiletaur/install/odrive_ros2_control:/home/shipengl/LRSMT/agiletaur/install/odrive_hardware_interface:/home/shipengl/LRSMT/agiletaur/install/odrive_bringup:/home/shipengl/LRSMT/agiletaur/install/odrive_description:/home/shipengl/LRSMT/agiletaur/install/agiletaur_launcher:/home/shipengl/LRSMT/agiletaur/install/cpp_pubsub:/home/shipengl/LRSMT/agiletaur/install/agiletaur_controller:/opt/ros/foxy LD_LIBRARY_PATH=/home/shipengl/LRSMT/install/odrive_hardware_interface/lib:${LD_LIBRARY_PATH} /usr/bin/cmake /home/shipengl/LRSMT/agiletaur/src/odrive_ros2_control/odrive_ros2_control -DCMAKE_INSTALL_PREFIX=/home/shipengl/LRSMT/install/odrive_ros2_control
[0.072s] -- The C compiler identification is GNU 9.3.0
[0.131s] -- The CXX compiler identification is GNU 9.3.0
[0.137s] -- Check for working C compiler: /usr/bin/cc
[0.202s] -- Check for working C compiler: /usr/bin/cc -- works
[0.202s] -- Detecting C compiler ABI info
[0.265s] -- Detecting C compiler ABI info - done
[0.278s] -- Detecting C compile features
[0.278s] -- Detecting C compile features - done
[0.281s] -- Check for working CXX compiler: /usr/bin/c++
[0.354s] -- Check for working CXX compiler: /usr/bin/c++ -- works
[0.356s] -- Detecting CXX compiler ABI info
[0.430s] -- Detecting CXX compiler ABI info - done
[0.443s] -- Detecting CXX compile features
[0.444s] -- Detecting CXX compile features - done
[0.447s] -- Found ament_cmake_auto: 0.9.9 (/opt/ros/foxy/share/ament_cmake_auto/cmake)
[0.476s] -- Found PythonInterp: /usr/bin/python3 (found suitable version "3.8.10", minimum required is "3") 
[0.476s] -- Using PYTHON_EXECUTABLE: /usr/bin/python3
[0.848s] -- Configuring done
[0.851s] -- Generating done
[0.852s] -- Build files have been written to: /home/shipengl/LRSMT/build/odrive_ros2_control
[0.856s] Invoked command in '/home/shipengl/LRSMT/build/odrive_ros2_control' returned '0': AMENT_PREFIX_PATH=/home/shipengl/LRSMT/install/odrive_bringup:/home/shipengl/LRSMT/install/odrive_hardware_interface:/home/shipengl/LRSMT/install/odrive_description:${AMENT_PREFIX_PATH} CMAKE_PREFIX_PATH=/home/shipengl/LRSMT/install/odrive_bringup:/home/shipengl/LRSMT/install/odrive_hardware_interface:/home/shipengl/LRSMT/install/odrive_description:/home/shipengl/LRSMT/agiletaur/install/webots_simulation_assets:/home/shipengl/LRSMT/agiletaur/install/webots_ros2_control:/home/shipengl/LRSMT/agiletaur/install/webots_ros2_driver:/home/shipengl/LRSMT/agiletaur/install/webots_ros2_msgs:/home/shipengl/LRSMT/agiletaur/install/webots_description:/home/shipengl/LRSMT/agiletaur/install/webots_bringup:/home/shipengl/LRSMT/agiletaur/install/odrive_ros2_control:/home/shipengl/LRSMT/agiletaur/install/odrive_hardware_interface:/home/shipengl/LRSMT/agiletaur/install/odrive_bringup:/home/shipengl/LRSMT/agiletaur/install/odrive_description:/home/shipengl/LRSMT/agiletaur/install/agiletaur_launcher:/home/shipengl/LRSMT/agiletaur/install/cpp_pubsub:/home/shipengl/LRSMT/agiletaur/install/agiletaur_controller:/opt/ros/foxy LD_LIBRARY_PATH=/home/shipengl/LRSMT/install/odrive_hardware_interface/lib:${LD_LIBRARY_PATH} /usr/bin/cmake /home/shipengl/LRSMT/agiletaur/src/odrive_ros2_control/odrive_ros2_control -DCMAKE_INSTALL_PREFIX=/home/shipengl/LRSMT/install/odrive_ros2_control
[0.860s] Invoking command in '/home/shipengl/LRSMT/build/odrive_ros2_control': AMENT_PREFIX_PATH=/home/shipengl/LRSMT/install/odrive_bringup:/home/shipengl/LRSMT/install/odrive_hardware_interface:/home/shipengl/LRSMT/install/odrive_description:${AMENT_PREFIX_PATH} CMAKE_PREFIX_PATH=/home/shipengl/LRSMT/install/odrive_bringup:/home/shipengl/LRSMT/install/odrive_hardware_interface:/home/shipengl/LRSMT/install/odrive_description:/home/shipengl/LRSMT/agiletaur/install/webots_simulation_assets:/home/shipengl/LRSMT/agiletaur/install/webots_ros2_control:/home/shipengl/LRSMT/agiletaur/install/webots_ros2_driver:/home/shipengl/LRSMT/agiletaur/install/webots_ros2_msgs:/home/shipengl/LRSMT/agiletaur/install/webots_description:/home/shipengl/LRSMT/agiletaur/install/webots_bringup:/home/shipengl/LRSMT/agiletaur/install/odrive_ros2_control:/home/shipengl/LRSMT/agiletaur/install/odrive_hardware_interface:/home/shipengl/LRSMT/agiletaur/install/odrive_bringup:/home/shipengl/LRSMT/agiletaur/install/odrive_description:/home/shipengl/LRSMT/agiletaur/install/agiletaur_launcher:/home/shipengl/LRSMT/agiletaur/install/cpp_pubsub:/home/shipengl/LRSMT/agiletaur/install/agiletaur_controller:/opt/ros/foxy LD_LIBRARY_PATH=/home/shipengl/LRSMT/install/odrive_hardware_interface/lib:${LD_LIBRARY_PATH} /usr/bin/cmake --build /home/shipengl/LRSMT/build/odrive_ros2_control -- -j16 -l16
[0.900s] Invoked command in '/home/shipengl/LRSMT/build/odrive_ros2_control' returned '0': AMENT_PREFIX_PATH=/home/shipengl/LRSMT/install/odrive_bringup:/home/shipengl/LRSMT/install/odrive_hardware_interface:/home/shipengl/LRSMT/install/odrive_description:${AMENT_PREFIX_PATH} CMAKE_PREFIX_PATH=/home/shipengl/LRSMT/install/odrive_bringup:/home/shipengl/LRSMT/install/odrive_hardware_interface:/home/shipengl/LRSMT/install/odrive_description:/home/shipengl/LRSMT/agiletaur/install/webots_simulation_assets:/home/shipengl/LRSMT/agiletaur/install/webots_ros2_control:/home/shipengl/LRSMT/agiletaur/install/webots_ros2_driver:/home/shipengl/LRSMT/agiletaur/install/webots_ros2_msgs:/home/shipengl/LRSMT/agiletaur/install/webots_description:/home/shipengl/LRSMT/agiletaur/install/webots_bringup:/home/shipengl/LRSMT/agiletaur/install/odrive_ros2_control:/home/shipengl/LRSMT/agiletaur/install/odrive_hardware_interface:/home/shipengl/LRSMT/agiletaur/install/odrive_bringup:/home/shipengl/LRSMT/agiletaur/install/odrive_description:/home/shipengl/LRSMT/agiletaur/install/agiletaur_launcher:/home/shipengl/LRSMT/agiletaur/install/cpp_pubsub:/home/shipengl/LRSMT/agiletaur/install/agiletaur_controller:/opt/ros/foxy LD_LIBRARY_PATH=/home/shipengl/LRSMT/install/odrive_hardware_interface/lib:${LD_LIBRARY_PATH} /usr/bin/cmake --build /home/shipengl/LRSMT/build/odrive_ros2_control -- -j16 -l16
[0.921s] Invoking command in '/home/shipengl/LRSMT/build/odrive_ros2_control': AMENT_PREFIX_PATH=/home/shipengl/LRSMT/install/odrive_bringup:/home/shipengl/LRSMT/install/odrive_hardware_interface:/home/shipengl/LRSMT/install/odrive_description:${AMENT_PREFIX_PATH} CMAKE_PREFIX_PATH=/home/shipengl/LRSMT/install/odrive_bringup:/home/shipengl/LRSMT/install/odrive_hardware_interface:/home/shipengl/LRSMT/install/odrive_description:/home/shipengl/LRSMT/agiletaur/install/webots_simulation_assets:/home/shipengl/LRSMT/agiletaur/install/webots_ros2_control:/home/shipengl/LRSMT/agiletaur/install/webots_ros2_driver:/home/shipengl/LRSMT/agiletaur/install/webots_ros2_msgs:/home/shipengl/LRSMT/agiletaur/install/webots_description:/home/shipengl/LRSMT/agiletaur/install/webots_bringup:/home/shipengl/LRSMT/agiletaur/install/odrive_ros2_control:/home/shipengl/LRSMT/agiletaur/install/odrive_hardware_interface:/home/shipengl/LRSMT/agiletaur/install/odrive_bringup:/home/shipengl/LRSMT/agiletaur/install/odrive_description:/home/shipengl/LRSMT/agiletaur/install/agiletaur_launcher:/home/shipengl/LRSMT/agiletaur/install/cpp_pubsub:/home/shipengl/LRSMT/agiletaur/install/agiletaur_controller:/opt/ros/foxy LD_LIBRARY_PATH=/home/shipengl/LRSMT/install/odrive_hardware_interface/lib:${LD_LIBRARY_PATH} /usr/bin/cmake --install /home/shipengl/LRSMT/build/odrive_ros2_control
[0.930s] -- Install configuration: ""
[0.930s] -- Installing: /home/shipengl/LRSMT/install/odrive_ros2_control/share/ament_index/resource_index/package_run_dependencies/odrive_ros2_control
[0.930s] -- Installing: /home/shipengl/LRSMT/install/odrive_ros2_control/share/ament_index/resource_index/parent_prefix_path/odrive_ros2_control
[0.930s] -- Installing: /home/shipengl/LRSMT/install/odrive_ros2_control/share/odrive_ros2_control/environment/ament_prefix_path.sh
[0.931s] -- Installing: /home/shipengl/LRSMT/install/odrive_ros2_control/share/odrive_ros2_control/environment/ament_prefix_path.dsv
[0.931s] -- Installing: /home/shipengl/LRSMT/install/odrive_ros2_control/share/odrive_ros2_control/environment/path.sh
[0.931s] -- Installing: /home/shipengl/LRSMT/install/odrive_ros2_control/share/odrive_ros2_control/environment/path.dsv
[0.931s] -- Installing: /home/shipengl/LRSMT/install/odrive_ros2_control/share/odrive_ros2_control/local_setup.bash
[0.932s] -- Installing: /home/shipengl/LRSMT/install/odrive_ros2_control/share/odrive_ros2_control/local_setup.sh
[0.932s] -- Installing: /home/shipengl/LRSMT/install/odrive_ros2_control/share/odrive_ros2_control/local_setup.zsh
[0.932s] -- Installing: /home/shipengl/LRSMT/install/odrive_ros2_control/share/odrive_ros2_control/local_setup.dsv
[0.932s] -- Installing: /home/shipengl/LRSMT/install/odrive_ros2_control/share/odrive_ros2_control/package.dsv
[0.932s] -- Installing: /home/shipengl/LRSMT/install/odrive_ros2_control/share/ament_index/resource_index/packages/odrive_ros2_control
[0.932s] -- Installing: /home/shipengl/LRSMT/install/odrive_ros2_control/share/odrive_ros2_control/cmake/odrive_ros2_controlConfig.cmake
[0.933s] -- Installing: /home/shipengl/LRSMT/install/odrive_ros2_control/share/odrive_ros2_control/cmake/odrive_ros2_controlConfig-version.cmake
[0.933s] -- Installing: /home/shipengl/LRSMT/install/odrive_ros2_control/share/odrive_ros2_control/package.xml
[0.937s] Invoked command in '/home/shipengl/LRSMT/build/odrive_ros2_control' returned '0': AMENT_PREFIX_PATH=/home/shipengl/LRSMT/install/odrive_bringup:/home/shipengl/LRSMT/install/odrive_hardware_interface:/home/shipengl/LRSMT/install/odrive_description:${AMENT_PREFIX_PATH} CMAKE_PREFIX_PATH=/home/shipengl/LRSMT/install/odrive_bringup:/home/shipengl/LRSMT/install/odrive_hardware_interface:/home/shipengl/LRSMT/install/odrive_description:/home/shipengl/LRSMT/agiletaur/install/webots_simulation_assets:/home/shipengl/LRSMT/agiletaur/install/webots_ros2_control:/home/shipengl/LRSMT/agiletaur/install/webots_ros2_driver:/home/shipengl/LRSMT/agiletaur/install/webots_ros2_msgs:/home/shipengl/LRSMT/agiletaur/install/webots_description:/home/shipengl/LRSMT/agiletaur/install/webots_bringup:/home/shipengl/LRSMT/agiletaur/install/odrive_ros2_control:/home/shipengl/LRSMT/agiletaur/install/odrive_hardware_interface:/home/shipengl/LRSMT/agiletaur/install/odrive_bringup:/home/shipengl/LRSMT/agiletaur/install/odrive_description:/home/shipengl/LRSMT/agiletaur/install/agiletaur_launcher:/home/shipengl/LRSMT/agiletaur/install/cpp_pubsub:/home/shipengl/LRSMT/agiletaur/install/agiletaur_controller:/opt/ros/foxy LD_LIBRARY_PATH=/home/shipengl/LRSMT/install/odrive_hardware_interface/lib:${LD_LIBRARY_PATH} /usr/bin/cmake --install /home/shipengl/LRSMT/build/odrive_ros2_control
