[0.066s] Invoking command in '/home/shipengl/LRSMT/build/agiletaur_controller': CMAKE_PREFIX_PATH=${CMAKE_PREFIX_PATH}:/opt/ros/foxy /usr/bin/cmake --build /home/shipengl/LRSMT/build/agiletaur_controller -- -j16 -l16
[0.123s] [35m[1mScanning dependencies of target agiletaur_controller[0m
[0.180s] [ 16%] [32mBuilding CXX object CMakeFiles/agiletaur_controller.dir/src/proxy/lowerproxy.cpp.o[0m
[5.361s] [ 33%] [32m[1mLinking CXX executable agiletaur_controller[0m
[5.631s] [100%] Built target agiletaur_controller
[5.648s] Invoked command in '/home/shipengl/LRSMT/build/agiletaur_controller' returned '0': CMAKE_PREFIX_PATH=${CMAKE_PREFIX_PATH}:/opt/ros/foxy /usr/bin/cmake --build /home/shipengl/LRSMT/build/agiletaur_controller -- -j16 -l16
[5.694s] Invoking command in '/home/shipengl/LRSMT/build/agiletaur_controller': CMAKE_PREFIX_PATH=${CMAKE_PREFIX_PATH}:/opt/ros/foxy /usr/bin/cmake --install /home/shipengl/LRSMT/build/agiletaur_controller
[5.708s] -- Install configuration: ""
[5.708s] -- Installing: /home/shipengl/LRSMT/install/agiletaur_controller/lib/agiletaur_controller/agiletaur_controller
[5.709s] -- Set runtime path of "/home/shipengl/LRSMT/install/agiletaur_controller/lib/agiletaur_controller/agiletaur_controller" to ""
[5.709s] -- Installing: /home/shipengl/LRSMT/install/agiletaur_controller/share/ament_index/resource_index/package_run_dependencies/agiletaur_controller
[5.710s] -- Installing: /home/shipengl/LRSMT/install/agiletaur_controller/share/ament_index/resource_index/parent_prefix_path/agiletaur_controller
[5.710s] -- Installing: /home/shipengl/LRSMT/install/agiletaur_controller/share/agiletaur_controller/environment/ament_prefix_path.sh
[5.710s] -- Installing: /home/shipengl/LRSMT/install/agiletaur_controller/share/agiletaur_controller/environment/ament_prefix_path.dsv
[5.710s] -- Installing: /home/shipengl/LRSMT/install/agiletaur_controller/share/agiletaur_controller/environment/path.sh
[5.711s] -- Installing: /home/shipengl/LRSMT/install/agiletaur_controller/share/agiletaur_controller/environment/path.dsv
[5.711s] -- Installing: /home/shipengl/LRSMT/install/agiletaur_controller/share/agiletaur_controller/local_setup.bash
[5.711s] -- Installing: /home/shipengl/LRSMT/install/agiletaur_controller/share/agiletaur_controller/local_setup.sh
[5.711s] -- Installing: /home/shipengl/LRSMT/install/agiletaur_controller/share/agiletaur_controller/local_setup.zsh
[5.711s] -- Installing: /home/shipengl/LRSMT/install/agiletaur_controller/share/agiletaur_controller/local_setup.dsv
[5.711s] -- Installing: /home/shipengl/LRSMT/install/agiletaur_controller/share/agiletaur_controller/package.dsv
[5.712s] -- Installing: /home/shipengl/LRSMT/install/agiletaur_controller/share/ament_index/resource_index/packages/agiletaur_controller
[5.712s] -- Installing: /home/shipengl/LRSMT/install/agiletaur_controller/share/agiletaur_controller/cmake/agiletaur_controllerConfig.cmake
[5.712s] -- Installing: /home/shipengl/LRSMT/install/agiletaur_controller/share/agiletaur_controller/cmake/agiletaur_controllerConfig-version.cmake
[5.713s] -- Installing: /home/shipengl/LRSMT/install/agiletaur_controller/share/agiletaur_controller/package.xml
[5.718s] Invoked command in '/home/shipengl/LRSMT/build/agiletaur_controller' returned '0': CMAKE_PREFIX_PATH=${CMAKE_PREFIX_PATH}:/opt/ros/foxy /usr/bin/cmake --install /home/shipengl/LRSMT/build/agiletaur_controller
