-- Found ament_cmake: 0.9.9 (/opt/ros/foxy/share/ament_cmake/cmake)
-- Using PYTHON_EXECUTABLE: /usr/bin/python3
-- Found rclcpp: 2.4.0 (/opt/ros/foxy/share/rclcpp/cmake)
-- Using all available rosidl_typesupport_c: rosidl_typesupport_fastrtps_c;rosidl_typesupport_introspection_c
-- Found rosidl_adapter: 1.2.1 (/opt/ros/foxy/share/rosidl_adapter/cmake)
-- Found OpenSSL: /usr/lib/x86_64-linux-gnu/libcrypto.so (found version "1.1.1f")  
-- Found FastRTPS: /opt/ros/foxy/include  
-- Using all available rosidl_typesupport_cpp: rosidl_typesupport_fastrtps_cpp;rosidl_typesupport_introspection_cpp
-- Found rmw_implementation_cmake: 1.0.3 (/opt/ros/foxy/share/rmw_implementation_cmake/cmake)
-- Using RMW implementation 'rmw_fastrtps_cpp' as default
-- Looking for pthread.h
-- Looking for pthread.h - found
-- Performing Test CMAKE_HAVE_LIBC_PTHREAD
-- Performing Test CMAKE_HAVE_LIBC_PTHREAD - Failed
-- Looking for pthread_create in pthreads
-- Looking for pthread_create in pthreads - not found
-- Looking for pthread_create in pthread
-- Looking for pthread_create in pthread - found
-- Found Threads: TRUE  
-- Configuring done
-- Generating done
-- Build files have been written to: /home/shipengl/LRSMT/agiletaur/build/agiletaur_controller
[35m[1mScanning dependencies of target agiletaur_controller[0m
[ 57%] [32mBuilding CXX object CMakeFiles/agiletaur_controller.dir/src/controller/controller_monitor.cpp.o[0m
[ 57%] [32mBuilding CXX object CMakeFiles/agiletaur_controller.dir/src/proxy/lowerproxy.cpp.o[0m
[ 71%] [32mBuilding CXX object CMakeFiles/agiletaur_controller.dir/src/proxy/upperproxy.cpp.o[0m
[ 85%] [32mBuilding CXX object CMakeFiles/agiletaur_controller.dir/src/main.cpp.o[0m
[ 85%] [32mBuilding CXX object CMakeFiles/agiletaur_controller.dir/src/config/config_parser.cpp.o[0m
[ 57%] [32mBuilding CXX object CMakeFiles/agiletaur_controller.dir/src/controller/pid_controller.cpp.o[0m
[100%] [32m[1mLinking CXX executable /home/shipengl/LRSMT/agiletaur/src/agiletaur_controller/bin/agiletaur_controller[0m
[100%] Built target agiletaur_controller
-- Install configuration: ""
-- Installing: /home/shipengl/LRSMT/agiletaur/install/agiletaur_controller/bin/agiletaur_controller
-- Set runtime path of "/home/shipengl/LRSMT/agiletaur/install/agiletaur_controller/bin/agiletaur_controller" to ""
-- Up-to-date: /home/shipengl/LRSMT/agiletaur/install/agiletaur_controller/share/ament_index/resource_index/package_run_dependencies/agiletaur_controller
-- Up-to-date: /home/shipengl/LRSMT/agiletaur/install/agiletaur_controller/share/ament_index/resource_index/parent_prefix_path/agiletaur_controller
-- Up-to-date: /home/shipengl/LRSMT/agiletaur/install/agiletaur_controller/share/agiletaur_controller/environment/ament_prefix_path.sh
-- Installing: /home/shipengl/LRSMT/agiletaur/install/agiletaur_controller/share/agiletaur_controller/environment/ament_prefix_path.dsv
-- Up-to-date: /home/shipengl/LRSMT/agiletaur/install/agiletaur_controller/share/agiletaur_controller/environment/path.sh
-- Installing: /home/shipengl/LRSMT/agiletaur/install/agiletaur_controller/share/agiletaur_controller/environment/path.dsv
-- Up-to-date: /home/shipengl/LRSMT/agiletaur/install/agiletaur_controller/share/agiletaur_controller/local_setup.bash
-- Up-to-date: /home/shipengl/LRSMT/agiletaur/install/agiletaur_controller/share/agiletaur_controller/local_setup.sh
-- Up-to-date: /home/shipengl/LRSMT/agiletaur/install/agiletaur_controller/share/agiletaur_controller/local_setup.zsh
-- Installing: /home/shipengl/LRSMT/agiletaur/install/agiletaur_controller/share/agiletaur_controller/local_setup.dsv
-- Installing: /home/shipengl/LRSMT/agiletaur/install/agiletaur_controller/share/agiletaur_controller/package.dsv
-- Up-to-date: /home/shipengl/LRSMT/agiletaur/install/agiletaur_controller/share/ament_index/resource_index/packages/agiletaur_controller
-- Up-to-date: /home/shipengl/LRSMT/agiletaur/install/agiletaur_controller/share/agiletaur_controller/cmake/agiletaur_controllerConfig.cmake
-- Up-to-date: /home/shipengl/LRSMT/agiletaur/install/agiletaur_controller/share/agiletaur_controller/cmake/agiletaur_controllerConfig-version.cmake
-- Up-to-date: /home/shipengl/LRSMT/agiletaur/install/agiletaur_controller/share/agiletaur_controller/package.xml
