[0.182s] Invoking command in '/home/shipengl/LRSMT/agiletaur/src/webots_interface/webots_ros2': AMENT_PREFIX_PATH=/home/shipengl/LRSMT/agiletaur/install/webots_ros2_tesla:/home/shipengl/LRSMT/agiletaur/install/webots_ros2_core:/home/shipengl/LRSMT/agiletaur/install/webots_ros2_importer:/home/shipengl/LRSMT/agiletaur/install/webots_ros2:/home/shipengl/LRSMT/agiletaur/install/webots_ros2_universal_robot:/home/shipengl/LRSMT/agiletaur/install/webots_ros2_turtlebot:/home/shipengl/LRSMT/agiletaur/install/webots_ros2_tiago:/home/shipengl/LRSMT/agiletaur/install/webots_ros2_tests:/home/shipengl/LRSMT/agiletaur/install/webots_ros2_mavic:/home/shipengl/LRSMT/agiletaur/install/webots_ros2_epuck:/home/shipengl/LRSMT/agiletaur/install/webots_ros2_control:/home/shipengl/LRSMT/agiletaur/install/webots_ros2_driver:/home/shipengl/LRSMT/agiletaur/install/webots_ros2_msgs:/opt/ros/foxy PYTHONPATH=/home/shipengl/LRSMT/agiletaur/install/webots_ros2/lib/python3.8/site-packages:/home/shipengl/LRSMT/agiletaur/install/webots_ros2_tesla/lib/python3.8/site-packages:/home/shipengl/LRSMT/agiletaur/install/webots_ros2_driver/lib/python3.8/site-packages:/home/shipengl/LRSMT/agiletaur/install/webots_ros2_core/lib/python3.8/site-packages:/home/shipengl/LRSMT/agiletaur/install/webots_ros2_msgs/lib/python3.8/site-packages:/home/shipengl/LRSMT/agiletaur/install/webots_ros2_importer/lib/python3.8/site-packages:/home/shipengl/LRSMT/agiletaur/install/webots_ros2/lib/python3.8/site-packages:/home/shipengl/LRSMT/agiletaur/install/webots_ros2_universal_robot/lib/python3.8/site-packages:/home/shipengl/LRSMT/agiletaur/install/webots_ros2_turtlebot/lib/python3.8/site-packages:/home/shipengl/LRSMT/agiletaur/install/webots_ros2_tiago/lib/python3.8/site-packages:/home/shipengl/LRSMT/agiletaur/install/webots_ros2_tests/lib/python3.8/site-packages:/home/shipengl/LRSMT/agiletaur/install/webots_ros2_mavic/lib/python3.8/site-packages:/home/shipengl/LRSMT/agiletaur/install/webots_ros2_epuck/lib/python3.8/site-packages:/opt/ros/foxy/lib/python3.8/site-packages /usr/bin/python3 setup.py egg_info --egg-base ../../../build/webots_ros2 build --build-base /home/shipengl/LRSMT/agiletaur/build/webots_ros2/build install --prefix /home/shipengl/LRSMT/agiletaur/install/webots_ros2 --record /home/shipengl/LRSMT/agiletaur/build/webots_ros2/install.log --single-version-externally-managed
[0.329s] running egg_info
[0.329s] creating ../../../build/webots_ros2/webots_ros2.egg-info
[0.330s] writing ../../../build/webots_ros2/webots_ros2.egg-info/PKG-INFO
[0.330s] writing dependency_links to ../../../build/webots_ros2/webots_ros2.egg-info/dependency_links.txt
[0.330s] writing requirements to ../../../build/webots_ros2/webots_ros2.egg-info/requires.txt
[0.330s] writing top-level names to ../../../build/webots_ros2/webots_ros2.egg-info/top_level.txt
[0.331s] writing manifest file '../../../build/webots_ros2/webots_ros2.egg-info/SOURCES.txt'
[0.354s] reading manifest file '../../../build/webots_ros2/webots_ros2.egg-info/SOURCES.txt'
[0.354s] writing manifest file '../../../build/webots_ros2/webots_ros2.egg-info/SOURCES.txt'
[0.355s] running build
[0.355s] running build_py
[0.355s] creating /home/shipengl/LRSMT/agiletaur/build/webots_ros2/build
[0.355s] creating /home/shipengl/LRSMT/agiletaur/build/webots_ros2/build/lib
[0.355s] creating /home/shipengl/LRSMT/agiletaur/build/webots_ros2/build/lib/webots_ros2
[0.355s] copying webots_ros2/__init__.py -> /home/shipengl/LRSMT/agiletaur/build/webots_ros2/build/lib/webots_ros2
[0.355s] running install
[0.356s] running install_lib
[0.356s] creating /home/shipengl/LRSMT/agiletaur/install/webots_ros2/lib/python3.8/site-packages/webots_ros2
[0.356s] copying /home/shipengl/LRSMT/agiletaur/build/webots_ros2/build/lib/webots_ros2/__init__.py -> /home/shipengl/LRSMT/agiletaur/install/webots_ros2/lib/python3.8/site-packages/webots_ros2
[0.357s] byte-compiling /home/shipengl/LRSMT/agiletaur/install/webots_ros2/lib/python3.8/site-packages/webots_ros2/__init__.py to __init__.cpython-38.pyc
[0.358s] running install_data
[0.358s] copying package.xml -> /home/shipengl/LRSMT/agiletaur/install/webots_ros2/share/webots_ros2
[0.358s] creating /home/shipengl/LRSMT/agiletaur/install/webots_ros2/share/ament_index
[0.358s] creating /home/shipengl/LRSMT/agiletaur/install/webots_ros2/share/ament_index/resource_index
[0.358s] creating /home/shipengl/LRSMT/agiletaur/install/webots_ros2/share/ament_index/resource_index/packages
[0.358s] copying resource/webots_ros2 -> /home/shipengl/LRSMT/agiletaur/install/webots_ros2/share/ament_index/resource_index/packages
[0.359s] running install_egg_info
[0.360s] Copying ../../../build/webots_ros2/webots_ros2.egg-info to /home/shipengl/LRSMT/agiletaur/install/webots_ros2/lib/python3.8/site-packages/webots_ros2-1.1.3-py3.8.egg-info
[0.360s] running install_scripts
[0.372s] writing list of installed files to '/home/shipengl/LRSMT/agiletaur/build/webots_ros2/install.log'
[0.384s] Invoked command in '/home/shipengl/LRSMT/agiletaur/src/webots_interface/webots_ros2' returned '0': AMENT_PREFIX_PATH=/home/shipengl/LRSMT/agiletaur/install/webots_ros2_tesla:/home/shipengl/LRSMT/agiletaur/install/webots_ros2_core:/home/shipengl/LRSMT/agiletaur/install/webots_ros2_importer:/home/shipengl/LRSMT/agiletaur/install/webots_ros2:/home/shipengl/LRSMT/agiletaur/install/webots_ros2_universal_robot:/home/shipengl/LRSMT/agiletaur/install/webots_ros2_turtlebot:/home/shipengl/LRSMT/agiletaur/install/webots_ros2_tiago:/home/shipengl/LRSMT/agiletaur/install/webots_ros2_tests:/home/shipengl/LRSMT/agiletaur/install/webots_ros2_mavic:/home/shipengl/LRSMT/agiletaur/install/webots_ros2_epuck:/home/shipengl/LRSMT/agiletaur/install/webots_ros2_control:/home/shipengl/LRSMT/agiletaur/install/webots_ros2_driver:/home/shipengl/LRSMT/agiletaur/install/webots_ros2_msgs:/opt/ros/foxy PYTHONPATH=/home/shipengl/LRSMT/agiletaur/install/webots_ros2/lib/python3.8/site-packages:/home/shipengl/LRSMT/agiletaur/install/webots_ros2_tesla/lib/python3.8/site-packages:/home/shipengl/LRSMT/agiletaur/install/webots_ros2_driver/lib/python3.8/site-packages:/home/shipengl/LRSMT/agiletaur/install/webots_ros2_core/lib/python3.8/site-packages:/home/shipengl/LRSMT/agiletaur/install/webots_ros2_msgs/lib/python3.8/site-packages:/home/shipengl/LRSMT/agiletaur/install/webots_ros2_importer/lib/python3.8/site-packages:/home/shipengl/LRSMT/agiletaur/install/webots_ros2/lib/python3.8/site-packages:/home/shipengl/LRSMT/agiletaur/install/webots_ros2_universal_robot/lib/python3.8/site-packages:/home/shipengl/LRSMT/agiletaur/install/webots_ros2_turtlebot/lib/python3.8/site-packages:/home/shipengl/LRSMT/agiletaur/install/webots_ros2_tiago/lib/python3.8/site-packages:/home/shipengl/LRSMT/agiletaur/install/webots_ros2_tests/lib/python3.8/site-packages:/home/shipengl/LRSMT/agiletaur/install/webots_ros2_mavic/lib/python3.8/site-packages:/home/shipengl/LRSMT/agiletaur/install/webots_ros2_epuck/lib/python3.8/site-packages:/opt/ros/foxy/lib/python3.8/site-packages /usr/bin/python3 setup.py egg_info --egg-base ../../../build/webots_ros2 build --build-base /home/shipengl/LRSMT/agiletaur/build/webots_ros2/build install --prefix /home/shipengl/LRSMT/agiletaur/install/webots_ros2 --record /home/shipengl/LRSMT/agiletaur/build/webots_ros2/install.log --single-version-externally-managed
