[0.048s] Invoking command in '/home/shipengl/LRSMT/agiletaur/src/build/odrive_description': CMAKE_PREFIX_PATH=/opt/ros/foxy /usr/bin/cmake /home/shipengl/LRSMT/agiletaur/src/odrive_ros2_control/odrive_description -DCMAKE_INSTALL_PREFIX=/home/shipengl/LRSMT/agiletaur/src/install/odrive_description
[0.127s] -- The C compiler identification is GNU 9.3.0
[0.201s] -- The CXX compiler identification is GNU 9.3.0
[0.207s] -- Check for working C compiler: /usr/bin/cc
[0.285s] -- Check for working C compiler: /usr/bin/cc -- works
[0.286s] -- Detecting C compiler ABI info
[0.371s] -- Detecting C compiler ABI info - done
[0.391s] -- Detecting C compile features
[0.392s] -- Detecting C compile features - done
[0.396s] -- Check for working CXX compiler: /usr/bin/c++
[0.483s] -- Check for working CXX compiler: /usr/bin/c++ -- works
[0.484s] -- Detecting CXX compiler ABI info
[0.592s] -- Detecting CXX compiler ABI info - done
[0.617s] -- Detecting CXX compile features
[0.618s] -- Detecting CXX compile features - done
[0.625s] -- Found ament_cmake_auto: 0.9.9 (/opt/ros/foxy/share/ament_cmake_auto/cmake)
[0.659s] -- Found PythonInterp: /usr/bin/python3 (found suitable version "3.8.10", minimum required is "3") 
[0.659s] -- Using PYTHON_EXECUTABLE: /usr/bin/python3
[1.090s] -- Configuring done
[1.094s] -- Generating done
[1.095s] -- Build files have been written to: /home/shipengl/LRSMT/agiletaur/src/build/odrive_description
[1.111s] Invoked command in '/home/shipengl/LRSMT/agiletaur/src/build/odrive_description' returned '0': CMAKE_PREFIX_PATH=/opt/ros/foxy /usr/bin/cmake /home/shipengl/LRSMT/agiletaur/src/odrive_ros2_control/odrive_description -DCMAKE_INSTALL_PREFIX=/home/shipengl/LRSMT/agiletaur/src/install/odrive_description
[1.111s] Invoking command in '/home/shipengl/LRSMT/agiletaur/src/build/odrive_description': CMAKE_PREFIX_PATH=/opt/ros/foxy /usr/bin/cmake --build /home/shipengl/LRSMT/agiletaur/src/build/odrive_description -- -j16 -l16
[1.184s] Invoked command in '/home/shipengl/LRSMT/agiletaur/src/build/odrive_description' returned '0': CMAKE_PREFIX_PATH=/opt/ros/foxy /usr/bin/cmake --build /home/shipengl/LRSMT/agiletaur/src/build/odrive_description -- -j16 -l16
[1.248s] Invoking command in '/home/shipengl/LRSMT/agiletaur/src/build/odrive_description': CMAKE_PREFIX_PATH=/opt/ros/foxy /usr/bin/cmake --install /home/shipengl/LRSMT/agiletaur/src/build/odrive_description
[1.257s] -- Install configuration: ""
[1.257s] -- Installing: /home/shipengl/LRSMT/agiletaur/src/install/odrive_description/share/odrive_description/urdf
[1.257s] -- Installing: /home/shipengl/LRSMT/agiletaur/src/install/odrive_description/share/odrive_description/urdf/odrive.urdf.xacro
[1.258s] -- Installing: /home/shipengl/LRSMT/agiletaur/src/install/odrive_description/share/odrive_description/urdf/odrive.ros2_control.xacro
[1.259s] -- Installing: /home/shipengl/LRSMT/agiletaur/src/install/odrive_description/share/ament_index/resource_index/package_run_dependencies/odrive_description
[1.259s] -- Installing: /home/shipengl/LRSMT/agiletaur/src/install/odrive_description/share/ament_index/resource_index/parent_prefix_path/odrive_description
[1.260s] -- Installing: /home/shipengl/LRSMT/agiletaur/src/install/odrive_description/share/odrive_description/environment/ament_prefix_path.sh
[1.260s] -- Installing: /home/shipengl/LRSMT/agiletaur/src/install/odrive_description/share/odrive_description/environment/ament_prefix_path.dsv
[1.260s] -- Installing: /home/shipengl/LRSMT/agiletaur/src/install/odrive_description/share/odrive_description/environment/path.sh
[1.261s] -- Installing: /home/shipengl/LRSMT/agiletaur/src/install/odrive_description/share/odrive_description/environment/path.dsv
[1.261s] -- Installing: /home/shipengl/LRSMT/agiletaur/src/install/odrive_description/share/odrive_description/local_setup.bash
[1.261s] -- Installing: /home/shipengl/LRSMT/agiletaur/src/install/odrive_description/share/odrive_description/local_setup.sh
[1.261s] -- Installing: /home/shipengl/LRSMT/agiletaur/src/install/odrive_description/share/odrive_description/local_setup.zsh
[1.261s] -- Installing: /home/shipengl/LRSMT/agiletaur/src/install/odrive_description/share/odrive_description/local_setup.dsv
[1.263s] -- Installing: /home/shipengl/LRSMT/agiletaur/src/install/odrive_description/share/odrive_description/package.dsv
[1.263s] -- Installing: /home/shipengl/LRSMT/agiletaur/src/install/odrive_description/share/ament_index/resource_index/packages/odrive_description
[1.263s] -- Installing: /home/shipengl/LRSMT/agiletaur/src/install/odrive_description/share/odrive_description/cmake/odrive_descriptionConfig.cmake
[1.263s] -- Installing: /home/shipengl/LRSMT/agiletaur/src/install/odrive_description/share/odrive_description/cmake/odrive_descriptionConfig-version.cmake
[1.264s] -- Installing: /home/shipengl/LRSMT/agiletaur/src/install/odrive_description/share/odrive_description/package.xml
[1.276s] Invoked command in '/home/shipengl/LRSMT/agiletaur/src/build/odrive_description' returned '0': CMAKE_PREFIX_PATH=/opt/ros/foxy /usr/bin/cmake --install /home/shipengl/LRSMT/agiletaur/src/build/odrive_description
