[0.043s] Invoking command in '/home/shipengl/LRSMT/agiletaur/src/build/agiletaur_controller': CMAKE_PREFIX_PATH=/opt/ros/foxy /usr/bin/cmake /home/shipengl/LRSMT/agiletaur/src/agiletaur_controller -DCMAKE_INSTALL_PREFIX=/home/shipengl/LRSMT/agiletaur/src/install/agiletaur_controller
[0.109s] -- The C compiler identification is GNU 9.3.0
[0.166s] -- The CXX compiler identification is GNU 9.3.0
[0.173s] -- Check for working C compiler: /usr/bin/cc
[0.255s] -- Check for working C compiler: /usr/bin/cc -- works
[0.257s] -- Detecting C compiler ABI info
[0.343s] -- Detecting C compiler ABI info - done
[0.366s] -- Detecting C compile features
[0.366s] -- Detecting C compile features - done
[0.370s] -- Check for working CXX compiler: /usr/bin/c++
[0.466s] -- Check for working CXX compiler: /usr/bin/c++ -- works
[0.468s] -- Detecting CXX compiler ABI info
[0.576s] -- Detecting CXX compiler ABI info - done
[0.605s] -- Detecting CXX compile features
[0.606s] -- Detecting CXX compile features - done
[0.607s] -- Found ament_cmake: 0.9.9 (/opt/ros/foxy/share/ament_cmake/cmake)
[0.644s] -- Found PythonInterp: /usr/bin/python3 (found suitable version "3.8.10", minimum required is "3") 
[0.644s] -- Using PYTHON_EXECUTABLE: /usr/bin/python3
[0.896s] -- Found rclcpp: 2.4.0 (/opt/ros/foxy/share/rclcpp/cmake)
[0.963s] -- Using all available rosidl_typesupport_c: rosidl_typesupport_fastrtps_c;rosidl_typesupport_introspection_c
[0.975s] -- Found rosidl_adapter: 1.2.1 (/opt/ros/foxy/share/rosidl_adapter/cmake)
[1.101s] -- Found OpenSSL: /usr/lib/x86_64-linux-gnu/libcrypto.so (found version "1.1.1f")  
[1.138s] -- Found FastRTPS: /opt/ros/foxy/include  
[1.253s] -- Using all available rosidl_typesupport_cpp: rosidl_typesupport_fastrtps_cpp;rosidl_typesupport_introspection_cpp
[1.344s] -- Found rmw_implementation_cmake: 1.0.3 (/opt/ros/foxy/share/rmw_implementation_cmake/cmake)
[1.347s] -- Using RMW implementation 'rmw_fastrtps_cpp' as default
[1.354s] -- Looking for pthread.h
[1.425s] -- Looking for pthread.h - found
[1.425s] -- Performing Test CMAKE_HAVE_LIBC_PTHREAD
[1.498s] -- Performing Test CMAKE_HAVE_LIBC_PTHREAD - Failed
[1.498s] -- Looking for pthread_create in pthreads
[1.549s] -- Looking for pthread_create in pthreads - not found
[1.550s] -- Looking for pthread_create in pthread
[1.630s] -- Looking for pthread_create in pthread - found
[1.631s] -- Found Threads: TRUE  
[1.956s] -- Configuring done
[1.964s] -- Generating done
[1.965s] -- Build files have been written to: /home/shipengl/LRSMT/agiletaur/src/build/agiletaur_controller
[1.973s] Invoked command in '/home/shipengl/LRSMT/agiletaur/src/build/agiletaur_controller' returned '0': CMAKE_PREFIX_PATH=/opt/ros/foxy /usr/bin/cmake /home/shipengl/LRSMT/agiletaur/src/agiletaur_controller -DCMAKE_INSTALL_PREFIX=/home/shipengl/LRSMT/agiletaur/src/install/agiletaur_controller
[1.976s] Invoking command in '/home/shipengl/LRSMT/agiletaur/src/build/agiletaur_controller': CMAKE_PREFIX_PATH=/opt/ros/foxy /usr/bin/cmake --build /home/shipengl/LRSMT/agiletaur/src/build/agiletaur_controller -- -j16 -l16
[2.020s] [35m[1mScanning dependencies of target agiletaur_controller[0m
[2.113s] [ 16%] [32mBuilding CXX object CMakeFiles/agiletaur_controller.dir/src/proxy/upperproxy.cpp.o[0m
[2.113s] [ 33%] [32mBuilding CXX object CMakeFiles/agiletaur_controller.dir/src/main.cpp.o[0m
[2.114s] [ 50%] [32mBuilding CXX object CMakeFiles/agiletaur_controller.dir/src/controller/pid_controller.cpp.o[0m
[2.114s] [ 66%] [32mBuilding CXX object CMakeFiles/agiletaur_controller.dir/src/controller/controller_monitor.cpp.o[0m
[2.114s] [ 83%] [32mBuilding CXX object CMakeFiles/agiletaur_controller.dir/src/proxy/lowerproxy.cpp.o[0m
[5.211s] In file included from [01m[K/home/shipengl/LRSMT/agiletaur/src/agiletaur_controller/src/main.cpp:9[m[K:
[5.211s] [01m[K/home/shipengl/LRSMT/agiletaur/src/agiletaur_controller/include/main.h:43:14:[m[K [01;35m[Kwarning: [m[K‘[01m[Ktimer[m[K’ defined but not used [[01;35m[K-Wunused-variable[m[K]
[5.211s]    43 | static float [01;35m[Ktimer[m[K[10] = { 0 };
[5.211s]       |              [01;35m[K^~~~~[m[K
[5.211s] [01m[K/home/shipengl/LRSMT/agiletaur/src/agiletaur_controller/include/main.h:41:12:[m[K [01;35m[Kwarning: [m[K‘[01m[Kinit_done[m[K’ defined but not used [[01;35m[K-Wunused-variable[m[K]
[5.211s]    41 | static int [01;35m[Kinit_done[m[K = 0;
[5.211s]       |            [01;35m[K^~~~~~~~~[m[K
[5.211s] [01m[K/home/shipengl/LRSMT/agiletaur/src/agiletaur_controller/include/main.h:40:14:[m[K [01;35m[Kwarning: [m[K‘[01m[Kinit_cnt[m[K’ defined but not used [[01;35m[K-Wunused-variable[m[K]
[5.212s]    40 | static float [01;35m[Kinit_cnt[m[K = 0;
[5.212s]       |              [01;35m[K^~~~~~~~[m[K
[6.009s] [100%] [32m[1mLinking CXX executable agiletaur_controller[0m
[6.175s] [100%] Built target agiletaur_controller
[6.190s] Invoked command in '/home/shipengl/LRSMT/agiletaur/src/build/agiletaur_controller' returned '0': CMAKE_PREFIX_PATH=/opt/ros/foxy /usr/bin/cmake --build /home/shipengl/LRSMT/agiletaur/src/build/agiletaur_controller -- -j16 -l16
[6.222s] Invoking command in '/home/shipengl/LRSMT/agiletaur/src/build/agiletaur_controller': CMAKE_PREFIX_PATH=/opt/ros/foxy /usr/bin/cmake --install /home/shipengl/LRSMT/agiletaur/src/build/agiletaur_controller
[6.231s] -- Install configuration: ""
[6.231s] -- Installing: /home/shipengl/LRSMT/agiletaur/src/install/agiletaur_controller/lib/agiletaur_controller/agiletaur_controller
[6.232s] -- Set runtime path of "/home/shipengl/LRSMT/agiletaur/src/install/agiletaur_controller/lib/agiletaur_controller/agiletaur_controller" to ""
[6.232s] -- Installing: /home/shipengl/LRSMT/agiletaur/src/install/agiletaur_controller/share/ament_index/resource_index/package_run_dependencies/agiletaur_controller
[6.232s] -- Installing: /home/shipengl/LRSMT/agiletaur/src/install/agiletaur_controller/share/ament_index/resource_index/parent_prefix_path/agiletaur_controller
[6.232s] -- Installing: /home/shipengl/LRSMT/agiletaur/src/install/agiletaur_controller/share/agiletaur_controller/environment/ament_prefix_path.sh
[6.232s] -- Installing: /home/shipengl/LRSMT/agiletaur/src/install/agiletaur_controller/share/agiletaur_controller/environment/ament_prefix_path.dsv
[6.233s] -- Installing: /home/shipengl/LRSMT/agiletaur/src/install/agiletaur_controller/share/agiletaur_controller/environment/path.sh
[6.233s] -- Installing: /home/shipengl/LRSMT/agiletaur/src/install/agiletaur_controller/share/agiletaur_controller/environment/path.dsv
[6.233s] -- Installing: /home/shipengl/LRSMT/agiletaur/src/install/agiletaur_controller/share/agiletaur_controller/local_setup.bash
[6.233s] -- Installing: /home/shipengl/LRSMT/agiletaur/src/install/agiletaur_controller/share/agiletaur_controller/local_setup.sh
[6.233s] -- Installing: /home/shipengl/LRSMT/agiletaur/src/install/agiletaur_controller/share/agiletaur_controller/local_setup.zsh
[6.233s] -- Installing: /home/shipengl/LRSMT/agiletaur/src/install/agiletaur_controller/share/agiletaur_controller/local_setup.dsv
[6.234s] -- Installing: /home/shipengl/LRSMT/agiletaur/src/install/agiletaur_controller/share/agiletaur_controller/package.dsv
[6.234s] -- Installing: /home/shipengl/LRSMT/agiletaur/src/install/agiletaur_controller/share/ament_index/resource_index/packages/agiletaur_controller
[6.234s] -- Installing: /home/shipengl/LRSMT/agiletaur/src/install/agiletaur_controller/share/agiletaur_controller/cmake/agiletaur_controllerConfig.cmake
[6.234s] -- Installing: /home/shipengl/LRSMT/agiletaur/src/install/agiletaur_controller/share/agiletaur_controller/cmake/agiletaur_controllerConfig-version.cmake
[6.234s] -- Installing: /home/shipengl/LRSMT/agiletaur/src/install/agiletaur_controller/share/agiletaur_controller/package.xml
[6.238s] Invoked command in '/home/shipengl/LRSMT/agiletaur/src/build/agiletaur_controller' returned '0': CMAKE_PREFIX_PATH=/opt/ros/foxy /usr/bin/cmake --install /home/shipengl/LRSMT/agiletaur/src/build/agiletaur_controller
