[0.052s] Invoking command in '/home/shipengl/LRSMT/agiletaur/src/build/odrive_hardware_interface': CMAKE_PREFIX_PATH=${CMAKE_PREFIX_PATH}:/opt/ros/foxy /usr/bin/cmake --build /home/shipengl/LRSMT/agiletaur/src/build/odrive_hardware_interface -- -j16 -l16
[0.118s] [ 50%] Built target odrive_usb
[0.162s] [100%] Built target odrive_hardware_interface
[0.202s] Invoked command in '/home/shipengl/LRSMT/agiletaur/src/build/odrive_hardware_interface' returned '0': CMAKE_PREFIX_PATH=${CMAKE_PREFIX_PATH}:/opt/ros/foxy /usr/bin/cmake --build /home/shipengl/LRSMT/agiletaur/src/build/odrive_hardware_interface -- -j16 -l16
[0.297s] Invoking command in '/home/shipengl/LRSMT/agiletaur/src/build/odrive_hardware_interface': CMAKE_PREFIX_PATH=${CMAKE_PREFIX_PATH}:/opt/ros/foxy /usr/bin/cmake --install /home/shipengl/LRSMT/agiletaur/src/build/odrive_hardware_interface
[0.305s] -- Install configuration: ""
[0.305s] -- Up-to-date: /home/shipengl/LRSMT/agiletaur/src/install/odrive_hardware_interface/share/odrive_hardware_interface/odrive_hardware_interface.xml
[0.305s] -- Up-to-date: /home/shipengl/LRSMT/agiletaur/src/install/odrive_hardware_interface/include
[0.305s] -- Up-to-date: /home/shipengl/LRSMT/agiletaur/src/install/odrive_hardware_interface/include/odrive_hardware_interface
[0.306s] -- Up-to-date: /home/shipengl/LRSMT/agiletaur/src/install/odrive_hardware_interface/include/odrive_hardware_interface/odrive_endpoints.hpp
[0.306s] -- Up-to-date: /home/shipengl/LRSMT/agiletaur/src/install/odrive_hardware_interface/include/odrive_hardware_interface/visibility_control.hpp
[0.307s] -- Up-to-date: /home/shipengl/LRSMT/agiletaur/src/install/odrive_hardware_interface/include/odrive_hardware_interface/odrive_usb.hpp
[0.307s] -- Up-to-date: /home/shipengl/LRSMT/agiletaur/src/install/odrive_hardware_interface/include/odrive_hardware_interface/odrive_hardware_interface.hpp
[0.307s] -- Up-to-date: /home/shipengl/LRSMT/agiletaur/src/install/odrive_hardware_interface/share/odrive_hardware_interface/environment/library_path.sh
[0.307s] -- Up-to-date: /home/shipengl/LRSMT/agiletaur/src/install/odrive_hardware_interface/share/odrive_hardware_interface/environment/library_path.dsv
[0.308s] -- Up-to-date: /home/shipengl/LRSMT/agiletaur/src/install/odrive_hardware_interface/lib/libodrive_usb.so
[0.308s] -- Up-to-date: /home/shipengl/LRSMT/agiletaur/src/install/odrive_hardware_interface/lib/libodrive_hardware_interface.so
[0.309s] -- Up-to-date: /home/shipengl/LRSMT/agiletaur/src/install/odrive_hardware_interface/share/ament_index/resource_index/package_run_dependencies/odrive_hardware_interface
[0.310s] -- Up-to-date: /home/shipengl/LRSMT/agiletaur/src/install/odrive_hardware_interface/share/ament_index/resource_index/parent_prefix_path/odrive_hardware_interface
[0.310s] -- Up-to-date: /home/shipengl/LRSMT/agiletaur/src/install/odrive_hardware_interface/share/odrive_hardware_interface/environment/ament_prefix_path.sh
[0.310s] -- Up-to-date: /home/shipengl/LRSMT/agiletaur/src/install/odrive_hardware_interface/share/odrive_hardware_interface/environment/ament_prefix_path.dsv
[0.310s] -- Up-to-date: /home/shipengl/LRSMT/agiletaur/src/install/odrive_hardware_interface/share/odrive_hardware_interface/environment/path.sh
[0.310s] -- Up-to-date: /home/shipengl/LRSMT/agiletaur/src/install/odrive_hardware_interface/share/odrive_hardware_interface/environment/path.dsv
[0.310s] -- Up-to-date: /home/shipengl/LRSMT/agiletaur/src/install/odrive_hardware_interface/share/odrive_hardware_interface/local_setup.bash
[0.310s] -- Up-to-date: /home/shipengl/LRSMT/agiletaur/src/install/odrive_hardware_interface/share/odrive_hardware_interface/local_setup.sh
[0.311s] -- Up-to-date: /home/shipengl/LRSMT/agiletaur/src/install/odrive_hardware_interface/share/odrive_hardware_interface/local_setup.zsh
[0.311s] -- Up-to-date: /home/shipengl/LRSMT/agiletaur/src/install/odrive_hardware_interface/share/odrive_hardware_interface/local_setup.dsv
[0.311s] -- Installing: /home/shipengl/LRSMT/agiletaur/src/install/odrive_hardware_interface/share/odrive_hardware_interface/package.dsv
[0.311s] -- Up-to-date: /home/shipengl/LRSMT/agiletaur/src/install/odrive_hardware_interface/share/ament_index/resource_index/packages/odrive_hardware_interface
[0.312s] -- Up-to-date: /home/shipengl/LRSMT/agiletaur/src/install/odrive_hardware_interface/share/ament_index/resource_index/hardware_interface__pluginlib__plugin/odrive_hardware_interface
[0.312s] -- Up-to-date: /home/shipengl/LRSMT/agiletaur/src/install/odrive_hardware_interface/share/odrive_hardware_interface/cmake/ament_cmake_export_dependencies-extras.cmake
[0.312s] -- Up-to-date: /home/shipengl/LRSMT/agiletaur/src/install/odrive_hardware_interface/share/odrive_hardware_interface/cmake/ament_cmake_export_include_directories-extras.cmake
[0.312s] -- Up-to-date: /home/shipengl/LRSMT/agiletaur/src/install/odrive_hardware_interface/share/odrive_hardware_interface/cmake/ament_cmake_export_libraries-extras.cmake
[0.312s] -- Up-to-date: /home/shipengl/LRSMT/agiletaur/src/install/odrive_hardware_interface/share/odrive_hardware_interface/cmake/odrive_hardware_interfaceConfig.cmake
[0.313s] -- Up-to-date: /home/shipengl/LRSMT/agiletaur/src/install/odrive_hardware_interface/share/odrive_hardware_interface/cmake/odrive_hardware_interfaceConfig-version.cmake
[0.313s] -- Up-to-date: /home/shipengl/LRSMT/agiletaur/src/install/odrive_hardware_interface/share/odrive_hardware_interface/package.xml
[0.337s] Invoked command in '/home/shipengl/LRSMT/agiletaur/src/build/odrive_hardware_interface' returned '0': CMAKE_PREFIX_PATH=${CMAKE_PREFIX_PATH}:/opt/ros/foxy /usr/bin/cmake --install /home/shipengl/LRSMT/agiletaur/src/build/odrive_hardware_interface
