-- Install configuration: ""
-- Up-to-date: /home/shipengl/LRSMT/agiletaur/src/install/odrive_bringup/share/odrive_bringup/config
-- Up-to-date: /home/shipengl/LRSMT/agiletaur/src/install/odrive_bringup/share/odrive_bringup/config/odrive_controllers.yaml
-- Up-to-date: /home/shipengl/LRSMT/agiletaur/src/install/odrive_bringup/share/odrive_bringup/launch
-- Up-to-date: /home/shipengl/LRSMT/agiletaur/src/install/odrive_bringup/share/odrive_bringup/launch/odrive.launch.py
-- Up-to-date: /home/shipengl/LRSMT/agiletaur/src/install/odrive_bringup/share/odrive_bringup/launch/build
-- Up-to-date: /home/shipengl/LRSMT/agiletaur/src/install/odrive_bringup/share/odrive_bringup/launch/build/.built_by
-- Up-to-date: /home/shipengl/LRSMT/agiletaur/src/install/odrive_bringup/share/odrive_bringup/launch/build/COLCON_IGNORE
-- Up-to-date: /home/shipengl/LRSMT/agiletaur/src/install/odrive_bringup/share/odrive_bringup/launch/install
-- Up-to-date: /home/shipengl/LRSMT/agiletaur/src/install/odrive_bringup/share/odrive_bringup/launch/install/setup.sh
-- Up-to-date: /home/shipengl/LRSMT/agiletaur/src/install/odrive_bringup/share/odrive_bringup/launch/install/local_setup.bash
-- Up-to-date: /home/shipengl/LRSMT/agiletaur/src/install/odrive_bringup/share/odrive_bringup/launch/install/.colcon_install_layout
-- Up-to-date: /home/shipengl/LRSMT/agiletaur/src/install/odrive_bringup/share/odrive_bringup/launch/install/setup.ps1
-- Up-to-date: /home/shipengl/LRSMT/agiletaur/src/install/odrive_bringup/share/odrive_bringup/launch/install/local_setup.sh
-- Up-to-date: /home/shipengl/LRSMT/agiletaur/src/install/odrive_bringup/share/odrive_bringup/launch/install/local_setup.zsh
-- Up-to-date: /home/shipengl/LRSMT/agiletaur/src/install/odrive_bringup/share/odrive_bringup/launch/install/local_setup.ps1
-- Up-to-date: /home/shipengl/LRSMT/agiletaur/src/install/odrive_bringup/share/odrive_bringup/launch/install/setup.bash
-- Up-to-date: /home/shipengl/LRSMT/agiletaur/src/install/odrive_bringup/share/odrive_bringup/launch/install/COLCON_IGNORE
-- Up-to-date: /home/shipengl/LRSMT/agiletaur/src/install/odrive_bringup/share/odrive_bringup/launch/install/setup.zsh
-- Up-to-date: /home/shipengl/LRSMT/agiletaur/src/install/odrive_bringup/share/odrive_bringup/launch/install/_local_setup_util_sh.py
-- Up-to-date: /home/shipengl/LRSMT/agiletaur/src/install/odrive_bringup/share/odrive_bringup/launch/install/_local_setup_util_ps1.py
-- Up-to-date: /home/shipengl/LRSMT/agiletaur/src/install/odrive_bringup/share/odrive_bringup/launch/log
-- Up-to-date: /home/shipengl/LRSMT/agiletaur/src/install/odrive_bringup/share/odrive_bringup/launch/log/latest
-- Up-to-date: /home/shipengl/LRSMT/agiletaur/src/install/odrive_bringup/share/odrive_bringup/launch/log/build_2022-01-05_22-05-42
-- Up-to-date: /home/shipengl/LRSMT/agiletaur/src/install/odrive_bringup/share/odrive_bringup/launch/log/build_2022-01-05_22-05-42/events.log
-- Up-to-date: /home/shipengl/LRSMT/agiletaur/src/install/odrive_bringup/share/odrive_bringup/launch/log/build_2022-01-05_22-05-42/logger_all.log
-- Up-to-date: /home/shipengl/LRSMT/agiletaur/src/install/odrive_bringup/share/odrive_bringup/launch/log/COLCON_IGNORE
-- Up-to-date: /home/shipengl/LRSMT/agiletaur/src/install/odrive_bringup/share/odrive_bringup/launch/log/latest_build
-- Up-to-date: /home/shipengl/LRSMT/agiletaur/src/install/odrive_bringup/share/ament_index/resource_index/package_run_dependencies/odrive_bringup
-- Up-to-date: /home/shipengl/LRSMT/agiletaur/src/install/odrive_bringup/share/ament_index/resource_index/parent_prefix_path/odrive_bringup
-- Up-to-date: /home/shipengl/LRSMT/agiletaur/src/install/odrive_bringup/share/odrive_bringup/environment/ament_prefix_path.sh
-- Up-to-date: /home/shipengl/LRSMT/agiletaur/src/install/odrive_bringup/share/odrive_bringup/environment/ament_prefix_path.dsv
-- Up-to-date: /home/shipengl/LRSMT/agiletaur/src/install/odrive_bringup/share/odrive_bringup/environment/path.sh
-- Up-to-date: /home/shipengl/LRSMT/agiletaur/src/install/odrive_bringup/share/odrive_bringup/environment/path.dsv
-- Up-to-date: /home/shipengl/LRSMT/agiletaur/src/install/odrive_bringup/share/odrive_bringup/local_setup.bash
-- Up-to-date: /home/shipengl/LRSMT/agiletaur/src/install/odrive_bringup/share/odrive_bringup/local_setup.sh
-- Up-to-date: /home/shipengl/LRSMT/agiletaur/src/install/odrive_bringup/share/odrive_bringup/local_setup.zsh
-- Up-to-date: /home/shipengl/LRSMT/agiletaur/src/install/odrive_bringup/share/odrive_bringup/local_setup.dsv
-- Up-to-date: /home/shipengl/LRSMT/agiletaur/src/install/odrive_bringup/share/odrive_bringup/package.dsv
-- Up-to-date: /home/shipengl/LRSMT/agiletaur/src/install/odrive_bringup/share/ament_index/resource_index/packages/odrive_bringup
-- Up-to-date: /home/shipengl/LRSMT/agiletaur/src/install/odrive_bringup/share/odrive_bringup/cmake/odrive_bringupConfig.cmake
-- Up-to-date: /home/shipengl/LRSMT/agiletaur/src/install/odrive_bringup/share/odrive_bringup/cmake/odrive_bringupConfig-version.cmake
-- Up-to-date: /home/shipengl/LRSMT/agiletaur/src/install/odrive_bringup/share/odrive_bringup/package.xml
