[0.193s] Invoking command in '/home/shipengl/LRSMT/agiletaur/src/webots_interface/webots_ros2_tesla': AMENT_PREFIX_PATH=/home/shipengl/LRSMT/agiletaur/install/webots_ros2_core:/home/shipengl/LRSMT/agiletaur/install/webots_ros2_msgs:${AMENT_PREFIX_PATH} CMAKE_PREFIX_PATH=/home/shipengl/LRSMT/agiletaur/install/webots_ros2_msgs LD_LIBRARY_PATH=/home/shipengl/LRSMT/agiletaur/install/webots_ros2_msgs/lib:${LD_LIBRARY_PATH} PYTHONPATH=/home/shipengl/LRSMT/agiletaur/install/webots_ros2_tesla/lib/python3.8/site-packages:/home/shipengl/LRSMT/agiletaur/install/webots_ros2_core/lib/python3.8/site-packages:/home/shipengl/LRSMT/agiletaur/install/webots_ros2_msgs/lib/python3.8/site-packages:${PYTHONPATH} /usr/bin/python3 setup.py egg_info --egg-base ../../../build/webots_ros2_tesla build --build-base /home/shipengl/LRSMT/agiletaur/build/webots_ros2_tesla/build install --prefix /home/shipengl/LRSMT/agiletaur/install/webots_ros2_tesla --record /home/shipengl/LRSMT/agiletaur/build/webots_ros2_tesla/install.log --single-version-externally-managed
[0.361s] running egg_info
[0.362s] writing ../../../build/webots_ros2_tesla/webots_ros2_tesla.egg-info/PKG-INFO
[0.362s] writing dependency_links to ../../../build/webots_ros2_tesla/webots_ros2_tesla.egg-info/dependency_links.txt
[0.362s] writing entry points to ../../../build/webots_ros2_tesla/webots_ros2_tesla.egg-info/entry_points.txt
[0.363s] writing requirements to ../../../build/webots_ros2_tesla/webots_ros2_tesla.egg-info/requires.txt
[0.363s] writing top-level names to ../../../build/webots_ros2_tesla/webots_ros2_tesla.egg-info/top_level.txt
[0.388s] reading manifest file '../../../build/webots_ros2_tesla/webots_ros2_tesla.egg-info/SOURCES.txt'
[0.388s] writing manifest file '../../../build/webots_ros2_tesla/webots_ros2_tesla.egg-info/SOURCES.txt'
[0.388s] running build
[0.389s] running build_py
[0.389s] running install
[0.389s] running install_lib
[0.390s] running install_data
[0.390s] running install_egg_info
[0.391s] removing '/home/shipengl/LRSMT/agiletaur/install/webots_ros2_tesla/lib/python3.8/site-packages/webots_ros2_tesla-1.1.3-py3.8.egg-info' (and everything under it)
[0.392s] Copying ../../../build/webots_ros2_tesla/webots_ros2_tesla.egg-info to /home/shipengl/LRSMT/agiletaur/install/webots_ros2_tesla/lib/python3.8/site-packages/webots_ros2_tesla-1.1.3-py3.8.egg-info
[0.392s] running install_scripts
[0.404s] Installing lane_follower script to /home/shipengl/LRSMT/agiletaur/install/webots_ros2_tesla/lib/webots_ros2_tesla
[0.404s] Installing tesla_driver script to /home/shipengl/LRSMT/agiletaur/install/webots_ros2_tesla/lib/webots_ros2_tesla
[0.404s] writing list of installed files to '/home/shipengl/LRSMT/agiletaur/build/webots_ros2_tesla/install.log'
[0.416s] Invoked command in '/home/shipengl/LRSMT/agiletaur/src/webots_interface/webots_ros2_tesla' returned '0': AMENT_PREFIX_PATH=/home/shipengl/LRSMT/agiletaur/install/webots_ros2_core:/home/shipengl/LRSMT/agiletaur/install/webots_ros2_msgs:${AMENT_PREFIX_PATH} CMAKE_PREFIX_PATH=/home/shipengl/LRSMT/agiletaur/install/webots_ros2_msgs LD_LIBRARY_PATH=/home/shipengl/LRSMT/agiletaur/install/webots_ros2_msgs/lib:${LD_LIBRARY_PATH} PYTHONPATH=/home/shipengl/LRSMT/agiletaur/install/webots_ros2_tesla/lib/python3.8/site-packages:/home/shipengl/LRSMT/agiletaur/install/webots_ros2_core/lib/python3.8/site-packages:/home/shipengl/LRSMT/agiletaur/install/webots_ros2_msgs/lib/python3.8/site-packages:${PYTHONPATH} /usr/bin/python3 setup.py egg_info --egg-base ../../../build/webots_ros2_tesla build --build-base /home/shipengl/LRSMT/agiletaur/build/webots_ros2_tesla/build install --prefix /home/shipengl/LRSMT/agiletaur/install/webots_ros2_tesla --record /home/shipengl/LRSMT/agiletaur/build/webots_ros2_tesla/install.log --single-version-externally-managed
