[0.037s] Invoking command in '/home/shipengl/LRSMT/agiletaur/build/webots_bringup': CMAKE_PREFIX_PATH=/opt/ros/foxy /usr/bin/cmake /home/shipengl/LRSMT/agiletaur/src/webots_ros2_control/webots_bringup -DCMAKE_INSTALL_PREFIX=/home/shipengl/LRSMT/agiletaur/install/webots_bringup
[0.100s] -- The C compiler identification is GNU 9.3.0
[0.162s] -- The CXX compiler identification is GNU 9.3.0
[0.169s] -- Check for working C compiler: /usr/bin/cc
[0.246s] -- Check for working C compiler: /usr/bin/cc -- works
[0.247s] -- Detecting C compiler ABI info
[0.326s] -- Detecting C compiler ABI info - done
[0.343s] -- Detecting C compile features
[0.344s] -- Detecting C compile features - done
[0.346s] -- Check for working CXX compiler: /usr/bin/c++
[0.425s] -- Check for working CXX compiler: /usr/bin/c++ -- works
[0.427s] -- Detecting CXX compiler ABI info
[0.528s] -- Detecting CXX compiler ABI info - done
[0.551s] -- Detecting CXX compile features
[0.552s] -- Detecting CXX compile features - done
[0.555s] -- Found ament_cmake_auto: 0.9.9 (/opt/ros/foxy/share/ament_cmake_auto/cmake)
[0.595s] -- Found PythonInterp: /usr/bin/python3 (found suitable version "3.8.10", minimum required is "3") 
[0.595s] -- Using PYTHON_EXECUTABLE: /usr/bin/python3
[1.108s] -- Configuring done
[1.111s] -- Generating done
[1.111s] -- Build files have been written to: /home/shipengl/LRSMT/agiletaur/build/webots_bringup
[1.130s] Invoked command in '/home/shipengl/LRSMT/agiletaur/build/webots_bringup' returned '0': CMAKE_PREFIX_PATH=/opt/ros/foxy /usr/bin/cmake /home/shipengl/LRSMT/agiletaur/src/webots_ros2_control/webots_bringup -DCMAKE_INSTALL_PREFIX=/home/shipengl/LRSMT/agiletaur/install/webots_bringup
[1.134s] Invoking command in '/home/shipengl/LRSMT/agiletaur/build/webots_bringup': CMAKE_PREFIX_PATH=/opt/ros/foxy /usr/bin/cmake --build /home/shipengl/LRSMT/agiletaur/build/webots_bringup -- -j16 -l16
[1.201s] Invoked command in '/home/shipengl/LRSMT/agiletaur/build/webots_bringup' returned '0': CMAKE_PREFIX_PATH=/opt/ros/foxy /usr/bin/cmake --build /home/shipengl/LRSMT/agiletaur/build/webots_bringup -- -j16 -l16
[1.230s] Invoking command in '/home/shipengl/LRSMT/agiletaur/build/webots_bringup': CMAKE_PREFIX_PATH=/opt/ros/foxy /usr/bin/cmake --install /home/shipengl/LRSMT/agiletaur/build/webots_bringup
[1.241s] -- Install configuration: ""
[1.241s] -- Installing: /home/shipengl/LRSMT/agiletaur/install/webots_bringup/share/webots_bringup/config
[1.241s] -- Installing: /home/shipengl/LRSMT/agiletaur/install/webots_bringup/share/webots_bringup/config/webot_controllers.yaml
[1.241s] -- Installing: /home/shipengl/LRSMT/agiletaur/install/webots_bringup/share/webots_bringup/launch
[1.242s] -- Installing: /home/shipengl/LRSMT/agiletaur/install/webots_bringup/share/webots_bringup/launch/webots.launch.py
[1.242s] -- Installing: /home/shipengl/LRSMT/agiletaur/install/webots_bringup/share/ament_index/resource_index/package_run_dependencies/webots_bringup
[1.242s] -- Installing: /home/shipengl/LRSMT/agiletaur/install/webots_bringup/share/ament_index/resource_index/parent_prefix_path/webots_bringup
[1.242s] -- Installing: /home/shipengl/LRSMT/agiletaur/install/webots_bringup/share/webots_bringup/environment/ament_prefix_path.sh
[1.242s] -- Installing: /home/shipengl/LRSMT/agiletaur/install/webots_bringup/share/webots_bringup/environment/ament_prefix_path.dsv
[1.243s] -- Installing: /home/shipengl/LRSMT/agiletaur/install/webots_bringup/share/webots_bringup/environment/path.sh
[1.243s] -- Installing: /home/shipengl/LRSMT/agiletaur/install/webots_bringup/share/webots_bringup/environment/path.dsv
[1.244s] -- Installing: /home/shipengl/LRSMT/agiletaur/install/webots_bringup/share/webots_bringup/local_setup.bash
[1.244s] -- Installing: /home/shipengl/LRSMT/agiletaur/install/webots_bringup/share/webots_bringup/local_setup.sh
[1.245s] -- Installing: /home/shipengl/LRSMT/agiletaur/install/webots_bringup/share/webots_bringup/local_setup.zsh
[1.245s] -- Installing: /home/shipengl/LRSMT/agiletaur/install/webots_bringup/share/webots_bringup/local_setup.dsv
[1.245s] -- Installing: /home/shipengl/LRSMT/agiletaur/install/webots_bringup/share/webots_bringup/package.dsv
[1.246s] -- Installing: /home/shipengl/LRSMT/agiletaur/install/webots_bringup/share/ament_index/resource_index/packages/webots_bringup
[1.246s] -- Installing: /home/shipengl/LRSMT/agiletaur/install/webots_bringup/share/webots_bringup/cmake/webots_bringupConfig.cmake
[1.246s] -- Installing: /home/shipengl/LRSMT/agiletaur/install/webots_bringup/share/webots_bringup/cmake/webots_bringupConfig-version.cmake
[1.247s] -- Installing: /home/shipengl/LRSMT/agiletaur/install/webots_bringup/share/webots_bringup/package.xml
[1.257s] Invoked command in '/home/shipengl/LRSMT/agiletaur/build/webots_bringup' returned '0': CMAKE_PREFIX_PATH=/opt/ros/foxy /usr/bin/cmake --install /home/shipengl/LRSMT/agiletaur/build/webots_bringup
