[0.044s] Invoking command in '/home/shipengl/LRSMT/agiletaur/build/odrive_hardware_interface': CMAKE_PREFIX_PATH=${CMAKE_PREFIX_PATH}:/home/shipengl/LRSMT/agiletaur/install/webots_ros2_epuck:/opt/ros/foxy /usr/bin/cmake /home/shipengl/LRSMT/agiletaur/src/odrive_ros2_control/odrive_hardware_interface -DCMAKE_INSTALL_PREFIX=/home/shipengl/LRSMT/agiletaur/install/odrive_hardware_interface
[0.113s] -- The C compiler identification is GNU 9.3.0
[0.175s] -- The CXX compiler identification is GNU 9.3.0
[0.180s] -- Check for working C compiler: /usr/bin/cc
[0.251s] -- Check for working C compiler: /usr/bin/cc -- works
[0.253s] -- Detecting C compiler ABI info
[0.324s] -- Detecting C compiler ABI info - done
[0.338s] -- Detecting C compile features
[0.338s] -- Detecting C compile features - done
[0.340s] -- Check for working CXX compiler: /usr/bin/c++
[0.421s] -- Check for working CXX compiler: /usr/bin/c++ -- works
[0.423s] -- Detecting CXX compiler ABI info
[0.523s] -- Detecting CXX compiler ABI info - done
[0.546s] -- Detecting CXX compile features
[0.547s] -- Detecting CXX compile features - done
[0.551s] -- Found ament_cmake_auto: 0.9.9 (/opt/ros/foxy/share/ament_cmake_auto/cmake)
[0.586s] -- Found PythonInterp: /usr/bin/python3 (found suitable version "3.8.10", minimum required is "3") 
[0.586s] -- Using PYTHON_EXECUTABLE: /usr/bin/python3
[1.032s] -- Using all available rosidl_typesupport_c: rosidl_typesupport_fastrtps_c;rosidl_typesupport_introspection_c
[1.043s] -- Found rosidl_adapter: 1.2.1 (/opt/ros/foxy/share/rosidl_adapter/cmake)
[1.158s] -- Found OpenSSL: /usr/lib/x86_64-linux-gnu/libcrypto.so (found version "1.1.1f")  
[1.184s] -- Found FastRTPS: /opt/ros/foxy/include  
[1.280s] -- Using all available rosidl_typesupport_cpp: rosidl_typesupport_fastrtps_cpp;rosidl_typesupport_introspection_cpp
[1.810s] -- Found rmw_implementation_cmake: 1.0.3 (/opt/ros/foxy/share/rmw_implementation_cmake/cmake)
[1.812s] -- Using RMW implementation 'rmw_fastrtps_cpp' as default
[1.813s] -- Looking for pthread.h
[1.866s] -- Looking for pthread.h - found
[1.866s] -- Performing Test CMAKE_HAVE_LIBC_PTHREAD
[1.922s] -- Performing Test CMAKE_HAVE_LIBC_PTHREAD - Failed
[1.922s] -- Looking for pthread_create in pthreads
[1.970s] -- Looking for pthread_create in pthreads - not found
[1.970s] -- Looking for pthread_create in pthread
[2.027s] -- Looking for pthread_create in pthread - found
[2.028s] -- Found Threads: TRUE  
[2.144s] -- Checking for one of the modules 'libusb-1.0'
[2.197s] -- Found ament_lint_auto: 0.9.6 (/opt/ros/foxy/share/ament_lint_auto/cmake)
[2.215s] -- Added test 'copyright' to check source files copyright and LICENSE
[2.216s] -- Added test 'cppcheck' to perform static code analysis on C / C++ code
[2.217s] -- Configured cppcheck include dirs: /home/shipengl/LRSMT/agiletaur/src/odrive_ros2_control/odrive_hardware_interface/include
[2.217s] -- Configured cppcheck exclude dirs and/or files: 
[2.218s] -- Added test 'cpplint' to check C / C++ code against the Google style
[2.219s] -- Configured cpplint exclude dirs and/or files: 
[2.219s] -- Added test 'lint_cmake' to check CMake code style
[2.220s] -- Added test 'uncrustify' to check C / C++ code style
[2.221s] -- Configured uncrustify additional arguments: 
[2.221s] -- Added test 'xmllint' to check XML markup files
[2.225s] -- Configuring done
[2.252s] -- Generating done
[2.254s] -- Build files have been written to: /home/shipengl/LRSMT/agiletaur/build/odrive_hardware_interface
[2.260s] Invoked command in '/home/shipengl/LRSMT/agiletaur/build/odrive_hardware_interface' returned '0': CMAKE_PREFIX_PATH=${CMAKE_PREFIX_PATH}:/home/shipengl/LRSMT/agiletaur/install/webots_ros2_epuck:/opt/ros/foxy /usr/bin/cmake /home/shipengl/LRSMT/agiletaur/src/odrive_ros2_control/odrive_hardware_interface -DCMAKE_INSTALL_PREFIX=/home/shipengl/LRSMT/agiletaur/install/odrive_hardware_interface
[2.263s] Invoking command in '/home/shipengl/LRSMT/agiletaur/build/odrive_hardware_interface': CMAKE_PREFIX_PATH=${CMAKE_PREFIX_PATH}:/home/shipengl/LRSMT/agiletaur/install/webots_ros2_epuck:/opt/ros/foxy /usr/bin/cmake --build /home/shipengl/LRSMT/agiletaur/build/odrive_hardware_interface -- -j16 -l16
[2.295s] [35m[1mScanning dependencies of target odrive_usb[0m
[2.304s] [ 25%] [32mBuilding CXX object CMakeFiles/odrive_usb.dir/src/odrive_usb.cpp.o[0m
[2.788s] [ 50%] [32m[1mLinking CXX shared library libodrive_usb.so[0m
[2.896s] [ 50%] Built target odrive_usb
[2.905s] [35m[1mScanning dependencies of target odrive_hardware_interface[0m
[2.939s] [ 75%] [32mBuilding CXX object CMakeFiles/odrive_hardware_interface.dir/src/odrive_hardware_interface.cpp.o[0m
[5.996s] [100%] [32m[1mLinking CXX shared library libodrive_hardware_interface.so[0m
[6.156s] [100%] Built target odrive_hardware_interface
[6.168s] Invoked command in '/home/shipengl/LRSMT/agiletaur/build/odrive_hardware_interface' returned '0': CMAKE_PREFIX_PATH=${CMAKE_PREFIX_PATH}:/home/shipengl/LRSMT/agiletaur/install/webots_ros2_epuck:/opt/ros/foxy /usr/bin/cmake --build /home/shipengl/LRSMT/agiletaur/build/odrive_hardware_interface -- -j16 -l16
[6.190s] Invoking command in '/home/shipengl/LRSMT/agiletaur/build/odrive_hardware_interface': CMAKE_PREFIX_PATH=${CMAKE_PREFIX_PATH}:/home/shipengl/LRSMT/agiletaur/install/webots_ros2_epuck:/opt/ros/foxy /usr/bin/cmake --install /home/shipengl/LRSMT/agiletaur/build/odrive_hardware_interface
[6.199s] -- Install configuration: ""
[6.199s] -- Installing: /home/shipengl/LRSMT/agiletaur/install/odrive_hardware_interface/share/odrive_hardware_interface/odrive_hardware_interface.xml
[6.199s] -- Installing: /home/shipengl/LRSMT/agiletaur/install/odrive_hardware_interface/include
[6.199s] -- Installing: /home/shipengl/LRSMT/agiletaur/install/odrive_hardware_interface/include/odrive_hardware_interface
[6.199s] -- Installing: /home/shipengl/LRSMT/agiletaur/install/odrive_hardware_interface/include/odrive_hardware_interface/odrive_endpoints.hpp
[6.199s] -- Installing: /home/shipengl/LRSMT/agiletaur/install/odrive_hardware_interface/include/odrive_hardware_interface/visibility_control.hpp
[6.199s] -- Installing: /home/shipengl/LRSMT/agiletaur/install/odrive_hardware_interface/include/odrive_hardware_interface/odrive_usb.hpp
[6.200s] -- Installing: /home/shipengl/LRSMT/agiletaur/install/odrive_hardware_interface/include/odrive_hardware_interface/odrive_hardware_interface.hpp
[6.200s] -- Installing: /home/shipengl/LRSMT/agiletaur/install/odrive_hardware_interface/share/odrive_hardware_interface/environment/library_path.sh
[6.200s] -- Installing: /home/shipengl/LRSMT/agiletaur/install/odrive_hardware_interface/share/odrive_hardware_interface/environment/library_path.dsv
[6.200s] -- Installing: /home/shipengl/LRSMT/agiletaur/install/odrive_hardware_interface/lib/libodrive_usb.so
[6.200s] -- Set runtime path of "/home/shipengl/LRSMT/agiletaur/install/odrive_hardware_interface/lib/libodrive_usb.so" to ""
[6.200s] -- Installing: /home/shipengl/LRSMT/agiletaur/install/odrive_hardware_interface/lib/libodrive_hardware_interface.so
[6.201s] -- Set runtime path of "/home/shipengl/LRSMT/agiletaur/install/odrive_hardware_interface/lib/libodrive_hardware_interface.so" to ""
[6.202s] -- Installing: /home/shipengl/LRSMT/agiletaur/install/odrive_hardware_interface/share/ament_index/resource_index/package_run_dependencies/odrive_hardware_interface
[6.202s] -- Installing: /home/shipengl/LRSMT/agiletaur/install/odrive_hardware_interface/share/ament_index/resource_index/parent_prefix_path/odrive_hardware_interface
[6.202s] -- Installing: /home/shipengl/LRSMT/agiletaur/install/odrive_hardware_interface/share/odrive_hardware_interface/environment/ament_prefix_path.sh
[6.202s] -- Installing: /home/shipengl/LRSMT/agiletaur/install/odrive_hardware_interface/share/odrive_hardware_interface/environment/ament_prefix_path.dsv
[6.202s] -- Installing: /home/shipengl/LRSMT/agiletaur/install/odrive_hardware_interface/share/odrive_hardware_interface/environment/path.sh
[6.203s] -- Installing: /home/shipengl/LRSMT/agiletaur/install/odrive_hardware_interface/share/odrive_hardware_interface/environment/path.dsv
[6.203s] -- Installing: /home/shipengl/LRSMT/agiletaur/install/odrive_hardware_interface/share/odrive_hardware_interface/local_setup.bash
[6.203s] -- Installing: /home/shipengl/LRSMT/agiletaur/install/odrive_hardware_interface/share/odrive_hardware_interface/local_setup.sh
[6.203s] -- Installing: /home/shipengl/LRSMT/agiletaur/install/odrive_hardware_interface/share/odrive_hardware_interface/local_setup.zsh
[6.203s] -- Installing: /home/shipengl/LRSMT/agiletaur/install/odrive_hardware_interface/share/odrive_hardware_interface/local_setup.dsv
[6.204s] -- Installing: /home/shipengl/LRSMT/agiletaur/install/odrive_hardware_interface/share/odrive_hardware_interface/package.dsv
[6.204s] -- Installing: /home/shipengl/LRSMT/agiletaur/install/odrive_hardware_interface/share/ament_index/resource_index/packages/odrive_hardware_interface
[6.204s] -- Installing: /home/shipengl/LRSMT/agiletaur/install/odrive_hardware_interface/share/ament_index/resource_index/hardware_interface__pluginlib__plugin/odrive_hardware_interface
[6.204s] -- Installing: /home/shipengl/LRSMT/agiletaur/install/odrive_hardware_interface/share/odrive_hardware_interface/cmake/ament_cmake_export_dependencies-extras.cmake
[6.204s] -- Installing: /home/shipengl/LRSMT/agiletaur/install/odrive_hardware_interface/share/odrive_hardware_interface/cmake/ament_cmake_export_include_directories-extras.cmake
[6.204s] -- Installing: /home/shipengl/LRSMT/agiletaur/install/odrive_hardware_interface/share/odrive_hardware_interface/cmake/ament_cmake_export_libraries-extras.cmake
[6.204s] -- Installing: /home/shipengl/LRSMT/agiletaur/install/odrive_hardware_interface/share/odrive_hardware_interface/cmake/odrive_hardware_interfaceConfig.cmake
[6.204s] -- Installing: /home/shipengl/LRSMT/agiletaur/install/odrive_hardware_interface/share/odrive_hardware_interface/cmake/odrive_hardware_interfaceConfig-version.cmake
[6.204s] -- Installing: /home/shipengl/LRSMT/agiletaur/install/odrive_hardware_interface/share/odrive_hardware_interface/package.xml
[6.208s] Invoked command in '/home/shipengl/LRSMT/agiletaur/build/odrive_hardware_interface' returned '0': CMAKE_PREFIX_PATH=${CMAKE_PREFIX_PATH}:/home/shipengl/LRSMT/agiletaur/install/webots_ros2_epuck:/opt/ros/foxy /usr/bin/cmake --install /home/shipengl/LRSMT/agiletaur/build/odrive_hardware_interface
