[0.010s] Invoking command in '/home/shipengl/LRSMT/agiletaur/build/odrive_bringup': AMENT_PREFIX_PATH=/home/shipengl/LRSMT/agiletaur/install/odrive_description:${AMENT_PREFIX_PATH} CMAKE_PREFIX_PATH=/home/shipengl/LRSMT/agiletaur/install/odrive_description:/opt/ros/foxy /usr/bin/cmake /home/shipengl/LRSMT/agiletaur/src/odrive_ros2_control/odrive_bringup -DCMAKE_INSTALL_PREFIX=/home/shipengl/LRSMT/agiletaur/install/odrive_bringup
[0.056s] -- The C compiler identification is GNU 9.3.0
[0.102s] -- The CXX compiler identification is GNU 9.3.0
[0.106s] -- Check for working C compiler: /usr/bin/cc
[0.161s] -- Check for working C compiler: /usr/bin/cc -- works
[0.161s] -- Detecting C compiler ABI info
[0.217s] -- Detecting C compiler ABI info - done
[0.227s] -- Detecting C compile features
[0.227s] -- Detecting C compile features - done
[0.230s] -- Check for working CXX compiler: /usr/bin/c++
[0.292s] -- Check for working CXX compiler: /usr/bin/c++ -- works
[0.293s] -- Detecting CXX compiler ABI info
[0.353s] -- Detecting CXX compiler ABI info - done
[0.364s] -- Detecting CXX compile features
[0.365s] -- Detecting CXX compile features - done
[0.367s] -- Found ament_cmake_auto: 0.9.9 (/opt/ros/foxy/share/ament_cmake_auto/cmake)
[0.388s] -- Found PythonInterp: /usr/bin/python3 (found suitable version "3.8.10", minimum required is "3") 
[0.388s] -- Using PYTHON_EXECUTABLE: /usr/bin/python3
[0.664s] -- Configuring done
[0.666s] -- Generating done
[0.666s] -- Build files have been written to: /home/shipengl/LRSMT/agiletaur/build/odrive_bringup
[0.669s] Invoked command in '/home/shipengl/LRSMT/agiletaur/build/odrive_bringup' returned '0': AMENT_PREFIX_PATH=/home/shipengl/LRSMT/agiletaur/install/odrive_description:${AMENT_PREFIX_PATH} CMAKE_PREFIX_PATH=/home/shipengl/LRSMT/agiletaur/install/odrive_description:/opt/ros/foxy /usr/bin/cmake /home/shipengl/LRSMT/agiletaur/src/odrive_ros2_control/odrive_bringup -DCMAKE_INSTALL_PREFIX=/home/shipengl/LRSMT/agiletaur/install/odrive_bringup
[0.672s] Invoking command in '/home/shipengl/LRSMT/agiletaur/build/odrive_bringup': AMENT_PREFIX_PATH=/home/shipengl/LRSMT/agiletaur/install/odrive_description:${AMENT_PREFIX_PATH} CMAKE_PREFIX_PATH=/home/shipengl/LRSMT/agiletaur/install/odrive_description:/opt/ros/foxy /usr/bin/cmake --build /home/shipengl/LRSMT/agiletaur/build/odrive_bringup -- -j16 -l16
[0.702s] Invoked command in '/home/shipengl/LRSMT/agiletaur/build/odrive_bringup' returned '0': AMENT_PREFIX_PATH=/home/shipengl/LRSMT/agiletaur/install/odrive_description:${AMENT_PREFIX_PATH} CMAKE_PREFIX_PATH=/home/shipengl/LRSMT/agiletaur/install/odrive_description:/opt/ros/foxy /usr/bin/cmake --build /home/shipengl/LRSMT/agiletaur/build/odrive_bringup -- -j16 -l16
[0.719s] Invoking command in '/home/shipengl/LRSMT/agiletaur/build/odrive_bringup': AMENT_PREFIX_PATH=/home/shipengl/LRSMT/agiletaur/install/odrive_description:${AMENT_PREFIX_PATH} CMAKE_PREFIX_PATH=/home/shipengl/LRSMT/agiletaur/install/odrive_description:/opt/ros/foxy /usr/bin/cmake --install /home/shipengl/LRSMT/agiletaur/build/odrive_bringup
[0.726s] -- Install configuration: ""
[0.726s] -- Installing: /home/shipengl/LRSMT/agiletaur/install/odrive_bringup/share/odrive_bringup/config
[0.726s] -- Installing: /home/shipengl/LRSMT/agiletaur/install/odrive_bringup/share/odrive_bringup/config/odrive_controllers.yaml
[0.726s] -- Installing: /home/shipengl/LRSMT/agiletaur/install/odrive_bringup/share/odrive_bringup/launch
[0.726s] -- Installing: /home/shipengl/LRSMT/agiletaur/install/odrive_bringup/share/odrive_bringup/launch/odrive.launch.py
[0.727s] -- Installing: /home/shipengl/LRSMT/agiletaur/install/odrive_bringup/share/ament_index/resource_index/package_run_dependencies/odrive_bringup
[0.727s] -- Installing: /home/shipengl/LRSMT/agiletaur/install/odrive_bringup/share/ament_index/resource_index/parent_prefix_path/odrive_bringup
[0.727s] -- Installing: /home/shipengl/LRSMT/agiletaur/install/odrive_bringup/share/odrive_bringup/environment/ament_prefix_path.sh
[0.727s] -- Installing: /home/shipengl/LRSMT/agiletaur/install/odrive_bringup/share/odrive_bringup/environment/ament_prefix_path.dsv
[0.727s] -- Installing: /home/shipengl/LRSMT/agiletaur/install/odrive_bringup/share/odrive_bringup/environment/path.sh
[0.727s] -- Installing: /home/shipengl/LRSMT/agiletaur/install/odrive_bringup/share/odrive_bringup/environment/path.dsv
[0.727s] -- Installing: /home/shipengl/LRSMT/agiletaur/install/odrive_bringup/share/odrive_bringup/local_setup.bash
[0.728s] -- Installing: /home/shipengl/LRSMT/agiletaur/install/odrive_bringup/share/odrive_bringup/local_setup.sh
[0.728s] -- Installing: /home/shipengl/LRSMT/agiletaur/install/odrive_bringup/share/odrive_bringup/local_setup.zsh
[0.728s] -- Installing: /home/shipengl/LRSMT/agiletaur/install/odrive_bringup/share/odrive_bringup/local_setup.dsv
[0.728s] -- Installing: /home/shipengl/LRSMT/agiletaur/install/odrive_bringup/share/odrive_bringup/package.dsv
[0.728s] -- Installing: /home/shipengl/LRSMT/agiletaur/install/odrive_bringup/share/ament_index/resource_index/packages/odrive_bringup
[0.728s] -- Installing: /home/shipengl/LRSMT/agiletaur/install/odrive_bringup/share/odrive_bringup/cmake/odrive_bringupConfig.cmake
[0.728s] -- Installing: /home/shipengl/LRSMT/agiletaur/install/odrive_bringup/share/odrive_bringup/cmake/odrive_bringupConfig-version.cmake
[0.728s] -- Installing: /home/shipengl/LRSMT/agiletaur/install/odrive_bringup/share/odrive_bringup/package.xml
[0.730s] Invoked command in '/home/shipengl/LRSMT/agiletaur/build/odrive_bringup' returned '0': AMENT_PREFIX_PATH=/home/shipengl/LRSMT/agiletaur/install/odrive_description:${AMENT_PREFIX_PATH} CMAKE_PREFIX_PATH=/home/shipengl/LRSMT/agiletaur/install/odrive_description:/opt/ros/foxy /usr/bin/cmake --install /home/shipengl/LRSMT/agiletaur/build/odrive_bringup
