[0.011s] Invoking command in '/home/shipengl/LRSMT/agiletaur/src/build/webots_ros2_driver': AMENT_PREFIX_PATH=/home/shipengl/LRSMT/agiletaur/src/install/webots_ros2_msgs:${AMENT_PREFIX_PATH} CMAKE_PREFIX_PATH=/home/shipengl/LRSMT/agiletaur/src/install/webots_ros2_msgs:/opt/ros/foxy LD_LIBRARY_PATH=/home/shipengl/LRSMT/agiletaur/src/install/webots_ros2_msgs/lib:${LD_LIBRARY_PATH} PYTHONPATH=/home/shipengl/LRSMT/agiletaur/src/install/webots_ros2_msgs/lib/python3.8/site-packages:${PYTHONPATH} /usr/bin/cmake /home/shipengl/LRSMT/agiletaur/src/webots_ros2_control/webots_ros2_driver -DCMAKE_INSTALL_PREFIX=/home/shipengl/LRSMT/agiletaur/src/install/webots_ros2_driver
[0.065s] -- The C compiler identification is GNU 9.3.0
[0.118s] -- The CXX compiler identification is GNU 9.3.0
[0.123s] -- Check for working C compiler: /usr/bin/cc
[0.183s] -- Check for working C compiler: /usr/bin/cc -- works
[0.184s] -- Detecting C compiler ABI info
[0.244s] -- Detecting C compiler ABI info - done
[0.256s] -- Detecting C compile features
[0.256s] -- Detecting C compile features - done
[0.259s] -- Check for working CXX compiler: /usr/bin/c++
[0.330s] -- Check for working CXX compiler: /usr/bin/c++ -- works
[0.331s] -- Detecting CXX compiler ABI info
[0.405s] -- Detecting CXX compiler ABI info - done
[0.416s] -- Detecting CXX compile features
[0.417s] -- Detecting CXX compile features - done
[0.419s] -- Found ament_cmake: 0.9.9 (/opt/ros/foxy/share/ament_cmake/cmake)
[0.444s] -- Found PythonInterp: /usr/bin/python3 (found suitable version "3.8.10", minimum required is "3") 
[0.444s] -- Using PYTHON_EXECUTABLE: /usr/bin/python3
[0.671s] -- Found rosgraph_msgs: 1.0.0 (/opt/ros/foxy/share/rosgraph_msgs/cmake)
[0.701s] -- Using all available rosidl_typesupport_c: rosidl_typesupport_fastrtps_c;rosidl_typesupport_introspection_c
[0.708s] -- Found rosidl_adapter: 1.2.1 (/opt/ros/foxy/share/rosidl_adapter/cmake)
[0.779s] -- Found OpenSSL: /usr/lib/x86_64-linux-gnu/libcrypto.so (found version "1.1.1f")  
[0.808s] -- Found FastRTPS: /opt/ros/foxy/include  
[0.881s] -- Using all available rosidl_typesupport_cpp: rosidl_typesupport_fastrtps_cpp;rosidl_typesupport_introspection_cpp
[0.925s] -- Found rclcpp: 2.4.0 (/opt/ros/foxy/share/rclcpp/cmake)
[0.965s] -- Found rmw_implementation_cmake: 1.0.3 (/opt/ros/foxy/share/rmw_implementation_cmake/cmake)
[0.967s] -- Using RMW implementation 'rmw_fastrtps_cpp' as default
[0.968s] -- Looking for pthread.h
[1.028s] -- Looking for pthread.h - found
[1.028s] -- Performing Test CMAKE_HAVE_LIBC_PTHREAD
[1.084s] -- Performing Test CMAKE_HAVE_LIBC_PTHREAD - Failed
[1.084s] -- Looking for pthread_create in pthreads
[1.131s] -- Looking for pthread_create in pthreads - not found
[1.131s] -- Looking for pthread_create in pthread
[1.189s] -- Looking for pthread_create in pthread - found
[1.189s] -- Found Threads: TRUE  
[1.328s] -- Found pluginlib: 2.5.3 (/opt/ros/foxy/share/pluginlib/cmake)
[1.357s] -- Found rclcpp_lifecycle: 2.4.0 (/opt/ros/foxy/share/rclcpp_lifecycle/cmake)
[1.390s] -- Found sensor_msgs: 2.0.4 (/opt/ros/foxy/share/sensor_msgs/cmake)
[1.507s] -- Found tf2_ros: 0.13.12 (/opt/ros/foxy/share/tf2_ros/cmake)
[1.863s] -- Found vision_msgs: 2.0.0 (/opt/ros/foxy/share/vision_msgs/cmake)
[1.980s] -- Found webots_ros2_msgs: 1.1.3 (/home/shipengl/LRSMT/agiletaur/src/install/webots_ros2_msgs/share/webots_ros2_msgs/cmake)
[2.161s] -- Found TinyXML2: /usr/lib/x86_64-linux-gnu/libtinyxml2.so  
[2.166s] -- Found PythonLibs: /usr/lib/x86_64-linux-gnu/libpython3.8.so (found suitable exact version "3.8.10") 
[2.286s] -- Configuring done
[2.307s] -- Generating done
[2.309s] -- Build files have been written to: /home/shipengl/LRSMT/agiletaur/src/build/webots_ros2_driver
[2.317s] Invoked command in '/home/shipengl/LRSMT/agiletaur/src/build/webots_ros2_driver' returned '0': AMENT_PREFIX_PATH=/home/shipengl/LRSMT/agiletaur/src/install/webots_ros2_msgs:${AMENT_PREFIX_PATH} CMAKE_PREFIX_PATH=/home/shipengl/LRSMT/agiletaur/src/install/webots_ros2_msgs:/opt/ros/foxy LD_LIBRARY_PATH=/home/shipengl/LRSMT/agiletaur/src/install/webots_ros2_msgs/lib:${LD_LIBRARY_PATH} PYTHONPATH=/home/shipengl/LRSMT/agiletaur/src/install/webots_ros2_msgs/lib/python3.8/site-packages:${PYTHONPATH} /usr/bin/cmake /home/shipengl/LRSMT/agiletaur/src/webots_ros2_control/webots_ros2_driver -DCMAKE_INSTALL_PREFIX=/home/shipengl/LRSMT/agiletaur/src/install/webots_ros2_driver
[2.318s] Invoking command in '/home/shipengl/LRSMT/agiletaur/src/build/webots_ros2_driver': AMENT_PREFIX_PATH=/home/shipengl/LRSMT/agiletaur/src/install/webots_ros2_msgs:${AMENT_PREFIX_PATH} CMAKE_PREFIX_PATH=/home/shipengl/LRSMT/agiletaur/src/install/webots_ros2_msgs:/opt/ros/foxy LD_LIBRARY_PATH=/home/shipengl/LRSMT/agiletaur/src/install/webots_ros2_msgs/lib:${LD_LIBRARY_PATH} PYTHONPATH=/home/shipengl/LRSMT/agiletaur/src/install/webots_ros2_msgs/lib/python3.8/site-packages:${PYTHONPATH} /usr/bin/cmake --build /home/shipengl/LRSMT/agiletaur/src/build/webots_ros2_driver -- -j16 -l16
[2.355s] [35m[1mScanning dependencies of target webots_ros2_driver_imu[0m
[2.356s] [35m[1mScanning dependencies of target driver[0m
[2.398s] [ 11%] [32mBuilding CXX object CMakeFiles/webots_ros2_driver_imu.dir/src/plugins/dynamic/Ros2IMU.cpp.o[0m
[2.398s] [ 11%] [32mBuilding CXX object CMakeFiles/webots_ros2_driver_imu.dir/src/plugins/Ros2SensorPlugin.cpp.o[0m
[2.398s] [ 16%] [32mBuilding CXX object CMakeFiles/webots_ros2_driver_imu.dir/src/utils/Utils.cpp.o[0m
[2.462s] [ 22%] [32mBuilding CXX object CMakeFiles/driver.dir/src/Driver.cpp.o[0m
[2.468s] [ 33%] [32mBuilding CXX object CMakeFiles/driver.dir/src/plugins/static/Ros2Lidar.cpp.o[0m
[2.468s] [ 38%] [32mBuilding CXX object CMakeFiles/driver.dir/src/PythonPlugin.cpp.o[0m
[2.469s] [ 44%] [32mBuilding CXX object CMakeFiles/driver.dir/src/WebotsNode.cpp.o[0m
[2.469s] [ 50%] [32mBuilding CXX object CMakeFiles/driver.dir/src/plugins/static/Ros2Camera.cpp.o[0m
[2.470s] [ 33%] [32mBuilding CXX object CMakeFiles/driver.dir/src/plugins/Ros2SensorPlugin.cpp.o[0m
[2.471s] [ 55%] [32mBuilding CXX object CMakeFiles/driver.dir/src/plugins/static/Ros2GPS.cpp.o[0m
[2.472s] [ 61%] [32mBuilding CXX object CMakeFiles/driver.dir/src/plugins/static/Ros2RangeFinder.cpp.o[0m
[2.479s] [ 66%] [32mBuilding CXX object CMakeFiles/driver.dir/src/plugins/static/Ros2LED.cpp.o[0m
[2.482s] [ 77%] [32mBuilding CXX object CMakeFiles/driver.dir/src/utils/Math.cpp.o[0m
[2.482s] [ 77%] [32mBuilding CXX object CMakeFiles/driver.dir/src/plugins/static/Ros2DistanceSensor.cpp.o[0m
[2.494s] [ 83%] [32mBuilding CXX object CMakeFiles/driver.dir/src/plugins/static/Ros2LightSensor.cpp.o[0m
[2.512s] [ 88%] [32mBuilding CXX object CMakeFiles/driver.dir/src/utils/Utils.cpp.o[0m
[9.165s] [ 94%] [32m[1mLinking CXX shared library libwebots_ros2_driver_imu.so[0m
[9.347s] [ 94%] Built target webots_ros2_driver_imu
[12.399s] [100%] [32m[1mLinking CXX executable driver[0m
[13.055s] [100%] Built target driver
[13.064s] Invoked command in '/home/shipengl/LRSMT/agiletaur/src/build/webots_ros2_driver' returned '0': AMENT_PREFIX_PATH=/home/shipengl/LRSMT/agiletaur/src/install/webots_ros2_msgs:${AMENT_PREFIX_PATH} CMAKE_PREFIX_PATH=/home/shipengl/LRSMT/agiletaur/src/install/webots_ros2_msgs:/opt/ros/foxy LD_LIBRARY_PATH=/home/shipengl/LRSMT/agiletaur/src/install/webots_ros2_msgs/lib:${LD_LIBRARY_PATH} PYTHONPATH=/home/shipengl/LRSMT/agiletaur/src/install/webots_ros2_msgs/lib/python3.8/site-packages:${PYTHONPATH} /usr/bin/cmake --build /home/shipengl/LRSMT/agiletaur/src/build/webots_ros2_driver -- -j16 -l16
[13.100s] Invoking command in '/home/shipengl/LRSMT/agiletaur/src/build/webots_ros2_driver': AMENT_PREFIX_PATH=/home/shipengl/LRSMT/agiletaur/src/install/webots_ros2_msgs:${AMENT_PREFIX_PATH} CMAKE_PREFIX_PATH=/home/shipengl/LRSMT/agiletaur/src/install/webots_ros2_msgs:/opt/ros/foxy LD_LIBRARY_PATH=/home/shipengl/LRSMT/agiletaur/src/install/webots_ros2_msgs/lib:${LD_LIBRARY_PATH} PYTHONPATH=/home/shipengl/LRSMT/agiletaur/src/install/webots_ros2_msgs/lib/python3.8/site-packages:${PYTHONPATH} /usr/bin/cmake --install /home/shipengl/LRSMT/agiletaur/src/build/webots_ros2_driver
[13.108s] -- Install configuration: ""
[13.108s] -- Installing: /home/shipengl/LRSMT/agiletaur/src/install/webots_ros2_driver/share/webots_ros2_driver/environment/pythonpath.sh
[13.108s] -- Installing: /home/shipengl/LRSMT/agiletaur/src/install/webots_ros2_driver/share/webots_ros2_driver/environment/pythonpath.dsv
[13.108s] -- Installing: /home/shipengl/LRSMT/agiletaur/src/install/webots_ros2_driver/lib/python3.8/site-packages/webots_ros2_driver_webots
[13.108s] -- Installing: /home/shipengl/LRSMT/agiletaur/src/install/webots_ros2_driver/lib/python3.8/site-packages/webots_ros2_driver_webots/_vehicle.so
[13.109s] -- Installing: /home/shipengl/LRSMT/agiletaur/src/install/webots_ros2_driver/lib/python3.8/site-packages/webots_ros2_driver_webots/__init__.py
[13.109s] -- Installing: /home/shipengl/LRSMT/agiletaur/src/install/webots_ros2_driver/lib/python3.8/site-packages/webots_ros2_driver_webots/controller.py
[13.109s] -- Installing: /home/shipengl/LRSMT/agiletaur/src/install/webots_ros2_driver/lib/python3.8/site-packages/webots_ros2_driver_webots/vehicle.py
[13.109s] -- Installing: /home/shipengl/LRSMT/agiletaur/src/install/webots_ros2_driver/lib/python3.8/site-packages/webots_ros2_driver_webots/_controller.so
[13.155s] Listing '/home/shipengl/LRSMT/agiletaur/src/install/webots_ros2_driver/lib/python3.8/site-packages/webots_ros2_driver_webots'...
[13.155s] Compiling '/home/shipengl/LRSMT/agiletaur/src/install/webots_ros2_driver/lib/python3.8/site-packages/webots_ros2_driver_webots/__init__.py'...
[13.156s] Compiling '/home/shipengl/LRSMT/agiletaur/src/install/webots_ros2_driver/lib/python3.8/site-packages/webots_ros2_driver_webots/controller.py'...
[13.156s] Compiling '/home/shipengl/LRSMT/agiletaur/src/install/webots_ros2_driver/lib/python3.8/site-packages/webots_ros2_driver_webots/vehicle.py'...
[13.160s] -- Installing: /home/shipengl/LRSMT/agiletaur/src/install/webots_ros2_driver/lib/python3.8/site-packages/webots_ros2_driver
[13.160s] -- Installing: /home/shipengl/LRSMT/agiletaur/src/install/webots_ros2_driver/lib/python3.8/site-packages/webots_ros2_driver/utils.py
[13.160s] -- Installing: /home/shipengl/LRSMT/agiletaur/src/install/webots_ros2_driver/lib/python3.8/site-packages/webots_ros2_driver/webots_launcher.py
[13.160s] -- Installing: /home/shipengl/LRSMT/agiletaur/src/install/webots_ros2_driver/lib/python3.8/site-packages/webots_ros2_driver/__init__.py
[13.188s] Listing '/home/shipengl/LRSMT/agiletaur/src/install/webots_ros2_driver/lib/python3.8/site-packages/webots_ros2_driver'...
[13.188s] Compiling '/home/shipengl/LRSMT/agiletaur/src/install/webots_ros2_driver/lib/python3.8/site-packages/webots_ros2_driver/__init__.py'...
[13.188s] Compiling '/home/shipengl/LRSMT/agiletaur/src/install/webots_ros2_driver/lib/python3.8/site-packages/webots_ros2_driver/utils.py'...
[13.188s] Compiling '/home/shipengl/LRSMT/agiletaur/src/install/webots_ros2_driver/lib/python3.8/site-packages/webots_ros2_driver/webots_launcher.py'...
[13.192s] -- Installing: /home/shipengl/LRSMT/agiletaur/src/install/webots_ros2_driver/include
[13.192s] -- Installing: /home/shipengl/LRSMT/agiletaur/src/install/webots_ros2_driver/include/webots_ros2_driver
[13.192s] -- Installing: /home/shipengl/LRSMT/agiletaur/src/install/webots_ros2_driver/include/webots_ros2_driver/plugins
[13.193s] -- Installing: /home/shipengl/LRSMT/agiletaur/src/install/webots_ros2_driver/include/webots_ros2_driver/plugins/static
[13.193s] -- Installing: /home/shipengl/LRSMT/agiletaur/src/install/webots_ros2_driver/include/webots_ros2_driver/plugins/static/Ros2LED.hpp
[13.193s] -- Installing: /home/shipengl/LRSMT/agiletaur/src/install/webots_ros2_driver/include/webots_ros2_driver/plugins/static/Ros2Lidar.hpp
[13.193s] -- Installing: /home/shipengl/LRSMT/agiletaur/src/install/webots_ros2_driver/include/webots_ros2_driver/plugins/static/Ros2LightSensor.hpp
[13.193s] -- Installing: /home/shipengl/LRSMT/agiletaur/src/install/webots_ros2_driver/include/webots_ros2_driver/plugins/static/Ros2Camera.hpp
[13.193s] -- Installing: /home/shipengl/LRSMT/agiletaur/src/install/webots_ros2_driver/include/webots_ros2_driver/plugins/static/Ros2DistanceSensor.hpp
[13.193s] -- Installing: /home/shipengl/LRSMT/agiletaur/src/install/webots_ros2_driver/include/webots_ros2_driver/plugins/static/Ros2RangeFinder.hpp
[13.193s] -- Installing: /home/shipengl/LRSMT/agiletaur/src/install/webots_ros2_driver/include/webots_ros2_driver/plugins/static/Ros2GPS.hpp
[13.193s] -- Installing: /home/shipengl/LRSMT/agiletaur/src/install/webots_ros2_driver/include/webots_ros2_driver/plugins/Ros2SensorPlugin.hpp
[13.193s] -- Installing: /home/shipengl/LRSMT/agiletaur/src/install/webots_ros2_driver/include/webots_ros2_driver/plugins/dynamic
[13.193s] -- Installing: /home/shipengl/LRSMT/agiletaur/src/install/webots_ros2_driver/include/webots_ros2_driver/plugins/dynamic/Ros2IMU.hpp
[13.193s] -- Installing: /home/shipengl/LRSMT/agiletaur/src/install/webots_ros2_driver/include/webots_ros2_driver/WebotsNode.hpp
[13.193s] -- Installing: /home/shipengl/LRSMT/agiletaur/src/install/webots_ros2_driver/include/webots_ros2_driver/utils
[13.193s] -- Installing: /home/shipengl/LRSMT/agiletaur/src/install/webots_ros2_driver/include/webots_ros2_driver/utils/Math.hpp
[13.194s] -- Installing: /home/shipengl/LRSMT/agiletaur/src/install/webots_ros2_driver/include/webots_ros2_driver/utils/Utils.hpp
[13.194s] -- Installing: /home/shipengl/LRSMT/agiletaur/src/install/webots_ros2_driver/include/webots_ros2_driver/PluginInterface.hpp
[13.194s] -- Installing: /home/shipengl/LRSMT/agiletaur/src/install/webots_ros2_driver/include/webots_ros2_driver/PythonPlugin.hpp
[13.194s] -- Installing: /home/shipengl/LRSMT/agiletaur/src/install/webots_ros2_driver/lib/webots_ros2_driver/driver
[13.198s] -- Set runtime path of "/home/shipengl/LRSMT/agiletaur/src/install/webots_ros2_driver/lib/webots_ros2_driver/driver" to ""
[13.198s] -- Installing: /home/shipengl/LRSMT/agiletaur/src/install/webots_ros2_driver/include/webots_ros2_driver/webots_ros2_driver
[13.198s] -- Installing: /home/shipengl/LRSMT/agiletaur/src/install/webots_ros2_driver/include/webots_ros2_driver/webots_ros2_driver/plugins
[13.198s] -- Installing: /home/shipengl/LRSMT/agiletaur/src/install/webots_ros2_driver/include/webots_ros2_driver/webots_ros2_driver/plugins/static
[13.198s] -- Installing: /home/shipengl/LRSMT/agiletaur/src/install/webots_ros2_driver/include/webots_ros2_driver/webots_ros2_driver/plugins/static/Ros2LED.hpp
[13.198s] -- Installing: /home/shipengl/LRSMT/agiletaur/src/install/webots_ros2_driver/include/webots_ros2_driver/webots_ros2_driver/plugins/static/Ros2Lidar.hpp
[13.198s] -- Installing: /home/shipengl/LRSMT/agiletaur/src/install/webots_ros2_driver/include/webots_ros2_driver/webots_ros2_driver/plugins/static/Ros2LightSensor.hpp
[13.198s] -- Installing: /home/shipengl/LRSMT/agiletaur/src/install/webots_ros2_driver/include/webots_ros2_driver/webots_ros2_driver/plugins/static/Ros2Camera.hpp
[13.198s] -- Installing: /home/shipengl/LRSMT/agiletaur/src/install/webots_ros2_driver/include/webots_ros2_driver/webots_ros2_driver/plugins/static/Ros2DistanceSensor.hpp
[13.198s] -- Installing: /home/shipengl/LRSMT/agiletaur/src/install/webots_ros2_driver/include/webots_ros2_driver/webots_ros2_driver/plugins/static/Ros2RangeFinder.hpp
[13.199s] -- Installing: /home/shipengl/LRSMT/agiletaur/src/install/webots_ros2_driver/include/webots_ros2_driver/webots_ros2_driver/plugins/static/Ros2GPS.hpp
[13.199s] -- Installing: /home/shipengl/LRSMT/agiletaur/src/install/webots_ros2_driver/include/webots_ros2_driver/webots_ros2_driver/plugins/Ros2SensorPlugin.hpp
[13.199s] -- Installing: /home/shipengl/LRSMT/agiletaur/src/install/webots_ros2_driver/include/webots_ros2_driver/webots_ros2_driver/plugins/dynamic
[13.199s] -- Installing: /home/shipengl/LRSMT/agiletaur/src/install/webots_ros2_driver/include/webots_ros2_driver/webots_ros2_driver/plugins/dynamic/Ros2IMU.hpp
[13.199s] -- Installing: /home/shipengl/LRSMT/agiletaur/src/install/webots_ros2_driver/include/webots_ros2_driver/webots_ros2_driver/WebotsNode.hpp
[13.199s] -- Installing: /home/shipengl/LRSMT/agiletaur/src/install/webots_ros2_driver/include/webots_ros2_driver/webots_ros2_driver/utils
[13.199s] -- Installing: /home/shipengl/LRSMT/agiletaur/src/install/webots_ros2_driver/include/webots_ros2_driver/webots_ros2_driver/utils/Math.hpp
[13.199s] -- Installing: /home/shipengl/LRSMT/agiletaur/src/install/webots_ros2_driver/include/webots_ros2_driver/webots_ros2_driver/utils/Utils.hpp
[13.199s] -- Installing: /home/shipengl/LRSMT/agiletaur/src/install/webots_ros2_driver/include/webots_ros2_driver/webots_ros2_driver/PluginInterface.hpp
[13.199s] -- Installing: /home/shipengl/LRSMT/agiletaur/src/install/webots_ros2_driver/include/webots_ros2_driver/webots_ros2_driver/PythonPlugin.hpp
[13.199s] -- Installing: /home/shipengl/LRSMT/agiletaur/src/install/webots_ros2_driver/include/webots/c
[13.199s] -- Installing: /home/shipengl/LRSMT/agiletaur/src/install/webots_ros2_driver/include/webots/c/webots
[13.199s] -- Installing: /home/shipengl/LRSMT/agiletaur/src/install/webots_ros2_driver/include/webots/c/webots/led.h
[13.200s] -- Installing: /home/shipengl/LRSMT/agiletaur/src/install/webots_ros2_driver/include/webots/c/webots/device.h
[13.200s] -- Installing: /home/shipengl/LRSMT/agiletaur/src/install/webots_ros2_driver/include/webots/c/webots/emitter.h
[13.200s] -- Installing: /home/shipengl/LRSMT/agiletaur/src/install/webots_ros2_driver/include/webots/c/webots/robot.h
[13.200s] -- Installing: /home/shipengl/LRSMT/agiletaur/src/install/webots_ros2_driver/include/webots/c/webots/supervisor.h
[13.200s] -- Installing: /home/shipengl/LRSMT/agiletaur/src/install/webots_ros2_driver/include/webots/c/webots/skin.h
[13.200s] -- Installing: /home/shipengl/LRSMT/agiletaur/src/install/webots_ros2_driver/include/webots/c/webots/lidar_point.h
[13.200s] -- Installing: /home/shipengl/LRSMT/agiletaur/src/install/webots_ros2_driver/include/webots/c/webots/inertial_unit.h
[13.200s] -- Installing: /home/shipengl/LRSMT/agiletaur/src/install/webots_ros2_driver/include/webots/c/webots/joystick.h
[13.200s] -- Installing: /home/shipengl/LRSMT/agiletaur/src/install/webots_ros2_driver/include/webots/c/webots/camera_recognition_object.h
[13.200s] -- Installing: /home/shipengl/LRSMT/agiletaur/src/install/webots_ros2_driver/include/webots/c/webots/pen.h
[13.200s] -- Installing: /home/shipengl/LRSMT/agiletaur/src/install/webots_ros2_driver/include/webots/c/webots/range_finder.h
[13.201s] -- Installing: /home/shipengl/LRSMT/agiletaur/src/install/webots_ros2_driver/include/webots/c/webots/mouse_state.h
[13.201s] -- Installing: /home/shipengl/LRSMT/agiletaur/src/install/webots_ros2_driver/include/webots/c/webots/radio.h
[13.201s] -- Installing: /home/shipengl/LRSMT/agiletaur/src/install/webots_ros2_driver/include/webots/c/webots/position_sensor.h
[13.201s] -- Installing: /home/shipengl/LRSMT/agiletaur/src/install/webots_ros2_driver/include/webots/c/webots/contact_point.h
[13.201s] -- Installing: /home/shipengl/LRSMT/agiletaur/src/install/webots_ros2_driver/include/webots/c/webots/plugins
[13.201s] -- Installing: /home/shipengl/LRSMT/agiletaur/src/install/webots_ros2_driver/include/webots/c/webots/plugins/robot_window
[13.201s] -- Installing: /home/shipengl/LRSMT/agiletaur/src/install/webots_ros2_driver/include/webots/c/webots/plugins/robot_window/default.h
[13.201s] -- Installing: /home/shipengl/LRSMT/agiletaur/src/install/webots_ros2_driver/include/webots/c/webots/plugins/robot_window/generic_robot_window
[13.201s] -- Installing: /home/shipengl/LRSMT/agiletaur/src/install/webots_ros2_driver/include/webots/c/webots/plugins/robot_window/generic_robot_window/generic.h
[13.201s] -- Installing: /home/shipengl/LRSMT/agiletaur/src/install/webots_ros2_driver/include/webots/c/webots/plugins/robot_window/robot_window.h
[13.201s] -- Installing: /home/shipengl/LRSMT/agiletaur/src/install/webots_ros2_driver/include/webots/c/webots/plugins/robot_window/robot_wwi.h
[13.201s] -- Installing: /home/shipengl/LRSMT/agiletaur/src/install/webots_ros2_driver/include/webots/c/webots/connector.h
[13.202s] -- Installing: /home/shipengl/LRSMT/agiletaur/src/install/webots_ros2_driver/include/webots/c/webots/motor.h
[13.202s] -- Installing: /home/shipengl/LRSMT/agiletaur/src/install/webots_ros2_driver/include/webots/c/webots/remote_control.h
[13.202s] -- Installing: /home/shipengl/LRSMT/agiletaur/src/install/webots_ros2_driver/include/webots/c/webots/camera.h
[13.202s] -- Installing: /home/shipengl/LRSMT/agiletaur/src/install/webots_ros2_driver/include/webots/c/webots/radar.h
[13.202s] -- Installing: /home/shipengl/LRSMT/agiletaur/src/install/webots_ros2_driver/include/webots/c/webots/lidar.h
[13.202s] -- Installing: /home/shipengl/LRSMT/agiletaur/src/install/webots_ros2_driver/include/webots/c/webots/mouse.h
[13.202s] -- Installing: /home/shipengl/LRSMT/agiletaur/src/install/webots_ros2_driver/include/webots/c/webots/vehicle
[13.202s] -- Installing: /home/shipengl/LRSMT/agiletaur/src/install/webots_ros2_driver/include/webots/c/webots/vehicle/car.h
[13.202s] -- Installing: /home/shipengl/LRSMT/agiletaur/src/install/webots_ros2_driver/include/webots/c/webots/vehicle/driver.h
[13.202s] -- Installing: /home/shipengl/LRSMT/agiletaur/src/install/webots_ros2_driver/include/webots/c/webots/types.h
[13.202s] -- Installing: /home/shipengl/LRSMT/agiletaur/src/install/webots_ros2_driver/include/webots/c/webots/radar_target.h
[13.202s] -- Installing: /home/shipengl/LRSMT/agiletaur/src/install/webots_ros2_driver/include/webots/c/webots/altimeter.h
[13.203s] -- Installing: /home/shipengl/LRSMT/agiletaur/src/install/webots_ros2_driver/include/webots/c/webots/receiver.h
[13.203s] -- Installing: /home/shipengl/LRSMT/agiletaur/src/install/webots_ros2_driver/include/webots/c/webots/keyboard.h
[13.203s] -- Installing: /home/shipengl/LRSMT/agiletaur/src/install/webots_ros2_driver/include/webots/c/webots/compass.h
[13.203s] -- Installing: /home/shipengl/LRSMT/agiletaur/src/install/webots_ros2_driver/include/webots/c/webots/utils
[13.203s] -- Installing: /home/shipengl/LRSMT/agiletaur/src/install/webots_ros2_driver/include/webots/c/webots/utils/motion.h
[13.203s] -- Installing: /home/shipengl/LRSMT/agiletaur/src/install/webots_ros2_driver/include/webots/c/webots/utils/ansi_codes.h
[13.203s] -- Installing: /home/shipengl/LRSMT/agiletaur/src/install/webots_ros2_driver/include/webots/c/webots/utils/system.h
[13.203s] -- Installing: /home/shipengl/LRSMT/agiletaur/src/install/webots_ros2_driver/include/webots/c/webots/utils/string.h
[13.203s] -- Installing: /home/shipengl/LRSMT/agiletaur/src/install/webots_ros2_driver/include/webots/c/webots/distance_sensor.h
[13.203s] -- Installing: /home/shipengl/LRSMT/agiletaur/src/install/webots_ros2_driver/include/webots/c/webots/gps.h
[13.203s] -- Installing: /home/shipengl/LRSMT/agiletaur/src/install/webots_ros2_driver/include/webots/c/webots/console.h
[13.203s] -- Installing: /home/shipengl/LRSMT/agiletaur/src/install/webots_ros2_driver/include/webots/c/webots/accelerometer.h
[13.203s] -- Installing: /home/shipengl/LRSMT/agiletaur/src/install/webots_ros2_driver/include/webots/c/webots/light_sensor.h
[13.204s] -- Installing: /home/shipengl/LRSMT/agiletaur/src/install/webots_ros2_driver/include/webots/c/webots/nodes.h
[13.204s] -- Installing: /home/shipengl/LRSMT/agiletaur/src/install/webots_ros2_driver/include/webots/c/webots/touch_sensor.h
[13.204s] -- Installing: /home/shipengl/LRSMT/agiletaur/src/install/webots_ros2_driver/include/webots/c/webots/display.h
[13.204s] -- Installing: /home/shipengl/LRSMT/agiletaur/src/install/webots_ros2_driver/include/webots/c/webots/brake.h
[13.204s] -- Installing: /home/shipengl/LRSMT/agiletaur/src/install/webots_ros2_driver/include/webots/c/webots/microphone.h
[13.204s] -- Installing: /home/shipengl/LRSMT/agiletaur/src/install/webots_ros2_driver/include/webots/c/webots/gyro.h
[13.204s] -- Installing: /home/shipengl/LRSMT/agiletaur/src/install/webots_ros2_driver/include/webots/c/webots/speaker.h
[13.204s] -- Installing: /home/shipengl/LRSMT/agiletaur/src/install/webots_ros2_driver/include/webots/cpp
[13.204s] -- Installing: /home/shipengl/LRSMT/agiletaur/src/install/webots_ros2_driver/include/webots/cpp/webots
[13.204s] -- Installing: /home/shipengl/LRSMT/agiletaur/src/install/webots_ros2_driver/include/webots/cpp/webots/Gyro.hpp
[13.205s] -- Installing: /home/shipengl/LRSMT/agiletaur/src/install/webots_ros2_driver/include/webots/cpp/webots/Skin.hpp
[13.205s] -- Installing: /home/shipengl/LRSMT/agiletaur/src/install/webots_ros2_driver/include/webots/cpp/webots/Supervisor.hpp
[13.205s] -- Installing: /home/shipengl/LRSMT/agiletaur/src/install/webots_ros2_driver/include/webots/cpp/webots/Node.hpp
[13.205s] -- Installing: /home/shipengl/LRSMT/agiletaur/src/install/webots_ros2_driver/include/webots/cpp/webots/Connector.hpp
[13.205s] -- Installing: /home/shipengl/LRSMT/agiletaur/src/install/webots_ros2_driver/include/webots/cpp/webots/Brake.hpp
[13.205s] -- Installing: /home/shipengl/LRSMT/agiletaur/src/install/webots_ros2_driver/include/webots/cpp/webots/Speaker.hpp
[13.205s] -- Installing: /home/shipengl/LRSMT/agiletaur/src/install/webots_ros2_driver/include/webots/cpp/webots/LED.hpp
[13.205s] -- Installing: /home/shipengl/LRSMT/agiletaur/src/install/webots_ros2_driver/include/webots/cpp/webots/Emitter.hpp
[13.205s] -- Installing: /home/shipengl/LRSMT/agiletaur/src/install/webots_ros2_driver/include/webots/cpp/webots/PositionSensor.hpp
[13.205s] -- Installing: /home/shipengl/LRSMT/agiletaur/src/install/webots_ros2_driver/include/webots/cpp/webots/ImageRef.hpp
[13.205s] -- Installing: /home/shipengl/LRSMT/agiletaur/src/install/webots_ros2_driver/include/webots/cpp/webots/Accelerometer.hpp
[13.205s] -- Installing: /home/shipengl/LRSMT/agiletaur/src/install/webots_ros2_driver/include/webots/cpp/webots/Keyboard.hpp
[13.205s] -- Installing: /home/shipengl/LRSMT/agiletaur/src/install/webots_ros2_driver/include/webots/cpp/webots/Radar.hpp
[13.206s] -- Installing: /home/shipengl/LRSMT/agiletaur/src/install/webots_ros2_driver/include/webots/cpp/webots/Device.hpp
[13.206s] -- Installing: /home/shipengl/LRSMT/agiletaur/src/install/webots_ros2_driver/include/webots/cpp/webots/Display.hpp
[13.206s] -- Installing: /home/shipengl/LRSMT/agiletaur/src/install/webots_ros2_driver/include/webots/cpp/webots/Joystick.hpp
[13.206s] -- Installing: /home/shipengl/LRSMT/agiletaur/src/install/webots_ros2_driver/include/webots/cpp/webots/vehicle
[13.206s] -- Installing: /home/shipengl/LRSMT/agiletaur/src/install/webots_ros2_driver/include/webots/cpp/webots/vehicle/Car.hpp
[13.206s] -- Installing: /home/shipengl/LRSMT/agiletaur/src/install/webots_ros2_driver/include/webots/cpp/webots/vehicle/Driver.hpp
[13.206s] -- Installing: /home/shipengl/LRSMT/agiletaur/src/install/webots_ros2_driver/include/webots/cpp/webots/Field.hpp
[13.206s] -- Installing: /home/shipengl/LRSMT/agiletaur/src/install/webots_ros2_driver/include/webots/cpp/webots/Camera.hpp
[13.206s] -- Installing: /home/shipengl/LRSMT/agiletaur/src/install/webots_ros2_driver/include/webots/cpp/webots/RangeFinder.hpp
[13.206s] -- Installing: /home/shipengl/LRSMT/agiletaur/src/install/webots_ros2_driver/include/webots/cpp/webots/TouchSensor.hpp
[13.206s] -- Installing: /home/shipengl/LRSMT/agiletaur/src/install/webots_ros2_driver/include/webots/cpp/webots/Robot.hpp
[13.206s] -- Installing: /home/shipengl/LRSMT/agiletaur/src/install/webots_ros2_driver/include/webots/cpp/webots/Receiver.hpp
[13.206s] -- Installing: /home/shipengl/LRSMT/agiletaur/src/install/webots_ros2_driver/include/webots/cpp/webots/utils
[13.206s] -- Installing: /home/shipengl/LRSMT/agiletaur/src/install/webots_ros2_driver/include/webots/cpp/webots/utils/Motion.hpp
[13.207s] -- Installing: /home/shipengl/LRSMT/agiletaur/src/install/webots_ros2_driver/include/webots/cpp/webots/utils/AnsiCodes.hpp
[13.207s] -- Installing: /home/shipengl/LRSMT/agiletaur/src/install/webots_ros2_driver/include/webots/cpp/webots/DistanceSensor.hpp
[13.207s] -- Installing: /home/shipengl/LRSMT/agiletaur/src/install/webots_ros2_driver/include/webots/cpp/webots/Mouse.hpp
[13.207s] -- Installing: /home/shipengl/LRSMT/agiletaur/src/install/webots_ros2_driver/include/webots/cpp/webots/Motor.hpp
[13.207s] -- Installing: /home/shipengl/LRSMT/agiletaur/src/install/webots_ros2_driver/include/webots/cpp/webots/GPS.hpp
[13.207s] -- Installing: /home/shipengl/LRSMT/agiletaur/src/install/webots_ros2_driver/include/webots/cpp/webots/Pen.hpp
[13.207s] -- Installing: /home/shipengl/LRSMT/agiletaur/src/install/webots_ros2_driver/include/webots/cpp/webots/LightSensor.hpp
[13.207s] -- Installing: /home/shipengl/LRSMT/agiletaur/src/install/webots_ros2_driver/include/webots/cpp/webots/Compass.hpp
[13.207s] -- Installing: /home/shipengl/LRSMT/agiletaur/src/install/webots_ros2_driver/include/webots/cpp/webots/Lidar.hpp
[13.207s] -- Installing: /home/shipengl/LRSMT/agiletaur/src/install/webots_ros2_driver/include/webots/cpp/webots/Altimeter.hpp
[13.207s] -- Installing: /home/shipengl/LRSMT/agiletaur/src/install/webots_ros2_driver/include/webots/cpp/webots/InertialUnit.hpp
[13.207s] -- Installing: /home/shipengl/LRSMT/agiletaur/src/install/webots_ros2_driver/lib/libwebots_ros2_driver_imu.so
[13.207s] -- Set runtime path of "/home/shipengl/LRSMT/agiletaur/src/install/webots_ros2_driver/lib/libwebots_ros2_driver_imu.so" to ""
[13.207s] -- Up-to-date: /home/shipengl/LRSMT/agiletaur/src/install/webots_ros2_driver/lib
[13.207s] -- Installing: /home/shipengl/LRSMT/agiletaur/src/install/webots_ros2_driver/lib/libdriver.so
[13.207s] -- Installing: /home/shipengl/LRSMT/agiletaur/src/install/webots_ros2_driver/lib/libController.so
[13.207s] -- Installing: /home/shipengl/LRSMT/agiletaur/src/install/webots_ros2_driver/lib/libCppDriver.so
[13.208s] -- Installing: /home/shipengl/LRSMT/agiletaur/src/install/webots_ros2_driver/lib/libcar.so
[13.208s] -- Installing: /home/shipengl/LRSMT/agiletaur/src/install/webots_ros2_driver/lib/libCppCar.so
[13.208s] -- Installing: /home/shipengl/LRSMT/agiletaur/src/install/webots_ros2_driver/lib/libCppController.so
[13.208s] -- Installing: /home/shipengl/LRSMT/agiletaur/src/install/webots_ros2_driver/share/webots_ros2_driver/webots_ros2_imu.xml
[13.208s] -- Installing: /home/shipengl/LRSMT/agiletaur/src/install/webots_ros2_driver/share/webots_ros2_driver/environment/library_path.sh
[13.208s] -- Installing: /home/shipengl/LRSMT/agiletaur/src/install/webots_ros2_driver/share/webots_ros2_driver/environment/library_path.dsv
[13.208s] -- Installing: /home/shipengl/LRSMT/agiletaur/src/install/webots_ros2_driver/share/ament_index/resource_index/package_run_dependencies/webots_ros2_driver
[13.208s] -- Installing: /home/shipengl/LRSMT/agiletaur/src/install/webots_ros2_driver/share/ament_index/resource_index/parent_prefix_path/webots_ros2_driver
[13.209s] -- Installing: /home/shipengl/LRSMT/agiletaur/src/install/webots_ros2_driver/share/webots_ros2_driver/environment/ament_prefix_path.sh
[13.209s] -- Installing: /home/shipengl/LRSMT/agiletaur/src/install/webots_ros2_driver/share/webots_ros2_driver/environment/ament_prefix_path.dsv
[13.209s] -- Installing: /home/shipengl/LRSMT/agiletaur/src/install/webots_ros2_driver/share/webots_ros2_driver/environment/path.sh
[13.209s] -- Installing: /home/shipengl/LRSMT/agiletaur/src/install/webots_ros2_driver/share/webots_ros2_driver/environment/path.dsv
[13.209s] -- Installing: /home/shipengl/LRSMT/agiletaur/src/install/webots_ros2_driver/share/webots_ros2_driver/local_setup.bash
[13.209s] -- Installing: /home/shipengl/LRSMT/agiletaur/src/install/webots_ros2_driver/share/webots_ros2_driver/local_setup.sh
[13.209s] -- Installing: /home/shipengl/LRSMT/agiletaur/src/install/webots_ros2_driver/share/webots_ros2_driver/local_setup.zsh
[13.209s] -- Installing: /home/shipengl/LRSMT/agiletaur/src/install/webots_ros2_driver/share/webots_ros2_driver/local_setup.dsv
[13.209s] -- Installing: /home/shipengl/LRSMT/agiletaur/src/install/webots_ros2_driver/share/webots_ros2_driver/package.dsv
[13.210s] -- Installing: /home/shipengl/LRSMT/agiletaur/src/install/webots_ros2_driver/share/ament_index/resource_index/packages/webots_ros2_driver
[13.210s] -- Installing: /home/shipengl/LRSMT/agiletaur/src/install/webots_ros2_driver/share/ament_index/resource_index/webots_ros2_driver__pluginlib__plugin/webots_ros2_driver
[13.210s] -- Installing: /home/shipengl/LRSMT/agiletaur/src/install/webots_ros2_driver/share/webots_ros2_driver/cmake/ament_cmake_export_include_directories-extras.cmake
[13.210s] -- Installing: /home/shipengl/LRSMT/agiletaur/src/install/webots_ros2_driver/share/webots_ros2_driver/cmake/ament_cmake_export_dependencies-extras.cmake
[13.210s] -- Installing: /home/shipengl/LRSMT/agiletaur/src/install/webots_ros2_driver/share/webots_ros2_driver/cmake/ament_cmake_export_libraries-extras.cmake
[13.210s] -- Installing: /home/shipengl/LRSMT/agiletaur/src/install/webots_ros2_driver/share/webots_ros2_driver/cmake/webots_ros2_driverConfig.cmake
[13.210s] -- Installing: /home/shipengl/LRSMT/agiletaur/src/install/webots_ros2_driver/share/webots_ros2_driver/cmake/webots_ros2_driverConfig-version.cmake
[13.210s] -- Installing: /home/shipengl/LRSMT/agiletaur/src/install/webots_ros2_driver/share/webots_ros2_driver/package.xml
[13.213s] Invoked command in '/home/shipengl/LRSMT/agiletaur/src/build/webots_ros2_driver' returned '0': AMENT_PREFIX_PATH=/home/shipengl/LRSMT/agiletaur/src/install/webots_ros2_msgs:${AMENT_PREFIX_PATH} CMAKE_PREFIX_PATH=/home/shipengl/LRSMT/agiletaur/src/install/webots_ros2_msgs:/opt/ros/foxy LD_LIBRARY_PATH=/home/shipengl/LRSMT/agiletaur/src/install/webots_ros2_msgs/lib:${LD_LIBRARY_PATH} PYTHONPATH=/home/shipengl/LRSMT/agiletaur/src/install/webots_ros2_msgs/lib/python3.8/site-packages:${PYTHONPATH} /usr/bin/cmake --install /home/shipengl/LRSMT/agiletaur/src/build/webots_ros2_driver
