[0.056s] Invoking command in '/home/shipengl/LRSMT/agiletaur/build/agiletaur_controller': CMAKE_PREFIX_PATH=${CMAKE_PREFIX_PATH}:/home/shipengl/LRSMT/agiletaur/install/webots_ros2_epuck:/opt/ros/foxy /usr/bin/cmake --build /home/shipengl/LRSMT/agiletaur/build/agiletaur_controller -- -j16 -l16
[0.111s] -- Hello Guys!!! Start compile!
[0.111s] -- Found ament_cmake: 0.9.9 (/opt/ros/foxy/share/ament_cmake/cmake)
[0.126s] -- Using PYTHON_EXECUTABLE: /usr/bin/python3
[0.354s] -- Found rclcpp: 2.4.0 (/opt/ros/foxy/share/rclcpp/cmake)
[0.399s] -- Using all available rosidl_typesupport_c: rosidl_typesupport_fastrtps_c;rosidl_typesupport_introspection_c
[0.407s] -- Found rosidl_adapter: 1.2.1 (/opt/ros/foxy/share/rosidl_adapter/cmake)
[0.525s] -- Using all available rosidl_typesupport_cpp: rosidl_typesupport_fastrtps_cpp;rosidl_typesupport_introspection_cpp
[0.574s] -- Found rmw_implementation_cmake: 1.0.3 (/opt/ros/foxy/share/rmw_implementation_cmake/cmake)
[0.578s] -- Using RMW implementation 'rmw_fastrtps_cpp' as default
[0.810s] -- Configuring done
[0.816s] -- Generating done
[0.817s] -- Build files have been written to: /home/shipengl/LRSMT/agiletaur/build/agiletaur_controller
[0.855s] [100%] Built target agiletaur_controller
[0.864s] Invoked command in '/home/shipengl/LRSMT/agiletaur/build/agiletaur_controller' returned '0': CMAKE_PREFIX_PATH=${CMAKE_PREFIX_PATH}:/home/shipengl/LRSMT/agiletaur/install/webots_ros2_epuck:/opt/ros/foxy /usr/bin/cmake --build /home/shipengl/LRSMT/agiletaur/build/agiletaur_controller -- -j16 -l16
[0.891s] Invoking command in '/home/shipengl/LRSMT/agiletaur/build/agiletaur_controller': CMAKE_PREFIX_PATH=${CMAKE_PREFIX_PATH}:/home/shipengl/LRSMT/agiletaur/install/webots_ros2_epuck:/opt/ros/foxy /usr/bin/cmake --install /home/shipengl/LRSMT/agiletaur/build/agiletaur_controller
[0.898s] -- Install configuration: ""
[0.898s] -- Up-to-date: /home/shipengl/LRSMT/agiletaur/install/agiletaur_controller/bin/agiletaur_controller
[0.899s] -- Up-to-date: /home/shipengl/LRSMT/agiletaur/install/agiletaur_controller/share/ament_index/resource_index/package_run_dependencies/agiletaur_controller
[0.899s] -- Up-to-date: /home/shipengl/LRSMT/agiletaur/install/agiletaur_controller/share/ament_index/resource_index/parent_prefix_path/agiletaur_controller
[0.899s] -- Up-to-date: /home/shipengl/LRSMT/agiletaur/install/agiletaur_controller/share/agiletaur_controller/environment/ament_prefix_path.sh
[0.901s] -- Installing: /home/shipengl/LRSMT/agiletaur/install/agiletaur_controller/share/agiletaur_controller/environment/ament_prefix_path.dsv
[0.901s] -- Up-to-date: /home/shipengl/LRSMT/agiletaur/install/agiletaur_controller/share/agiletaur_controller/environment/path.sh
[0.901s] -- Installing: /home/shipengl/LRSMT/agiletaur/install/agiletaur_controller/share/agiletaur_controller/environment/path.dsv
[0.902s] -- Up-to-date: /home/shipengl/LRSMT/agiletaur/install/agiletaur_controller/share/agiletaur_controller/local_setup.bash
[0.902s] -- Up-to-date: /home/shipengl/LRSMT/agiletaur/install/agiletaur_controller/share/agiletaur_controller/local_setup.sh
[0.904s] -- Up-to-date: /home/shipengl/LRSMT/agiletaur/install/agiletaur_controller/share/agiletaur_controller/local_setup.zsh
[0.904s] -- Installing: /home/shipengl/LRSMT/agiletaur/install/agiletaur_controller/share/agiletaur_controller/local_setup.dsv
[0.905s] -- Installing: /home/shipengl/LRSMT/agiletaur/install/agiletaur_controller/share/agiletaur_controller/package.dsv
[0.905s] -- Up-to-date: /home/shipengl/LRSMT/agiletaur/install/agiletaur_controller/share/ament_index/resource_index/packages/agiletaur_controller
[0.905s] -- Up-to-date: /home/shipengl/LRSMT/agiletaur/install/agiletaur_controller/share/agiletaur_controller/cmake/agiletaur_controllerConfig.cmake
[0.905s] -- Up-to-date: /home/shipengl/LRSMT/agiletaur/install/agiletaur_controller/share/agiletaur_controller/cmake/agiletaur_controllerConfig-version.cmake
[0.905s] -- Up-to-date: /home/shipengl/LRSMT/agiletaur/install/agiletaur_controller/share/agiletaur_controller/package.xml
[0.905s] Invoked command in '/home/shipengl/LRSMT/agiletaur/build/agiletaur_controller' returned '0': CMAKE_PREFIX_PATH=${CMAKE_PREFIX_PATH}:/home/shipengl/LRSMT/agiletaur/install/webots_ros2_epuck:/opt/ros/foxy /usr/bin/cmake --install /home/shipengl/LRSMT/agiletaur/build/agiletaur_controller
