[0.056s] Invoking command in '/home/shipengl/LRSMT/agiletaur/build/odrive_description': CMAKE_PREFIX_PATH=${CMAKE_PREFIX_PATH}:/opt/ros/foxy /usr/bin/cmake --build /home/shipengl/LRSMT/agiletaur/build/odrive_description -- -j16 -l16
[0.110s] Invoked command in '/home/shipengl/LRSMT/agiletaur/build/odrive_description' returned '0': CMAKE_PREFIX_PATH=${CMAKE_PREFIX_PATH}:/opt/ros/foxy /usr/bin/cmake --build /home/shipengl/LRSMT/agiletaur/build/odrive_description -- -j16 -l16
[0.161s] Invoking command in '/home/shipengl/LRSMT/agiletaur/build/odrive_description': CMAKE_PREFIX_PATH=${CMAKE_PREFIX_PATH}:/opt/ros/foxy /usr/bin/cmake --install /home/shipengl/LRSMT/agiletaur/build/odrive_description
[0.172s] -- Install configuration: ""
[0.172s] -- Up-to-date: /home/shipengl/LRSMT/agiletaur/install/odrive_description/share/odrive_description/urdf
[0.173s] -- Up-to-date: /home/shipengl/LRSMT/agiletaur/install/odrive_description/share/odrive_description/urdf/odrive.urdf.xacro
[0.175s] -- Up-to-date: /home/shipengl/LRSMT/agiletaur/install/odrive_description/share/odrive_description/urdf/odrive.ros2_control.xacro
[0.176s] -- Up-to-date: /home/shipengl/LRSMT/agiletaur/install/odrive_description/share/ament_index/resource_index/package_run_dependencies/odrive_description
[0.176s] -- Up-to-date: /home/shipengl/LRSMT/agiletaur/install/odrive_description/share/ament_index/resource_index/parent_prefix_path/odrive_description
[0.177s] -- Up-to-date: /home/shipengl/LRSMT/agiletaur/install/odrive_description/share/odrive_description/environment/ament_prefix_path.sh
[0.178s] -- Up-to-date: /home/shipengl/LRSMT/agiletaur/install/odrive_description/share/odrive_description/environment/ament_prefix_path.dsv
[0.180s] -- Up-to-date: /home/shipengl/LRSMT/agiletaur/install/odrive_description/share/odrive_description/environment/path.sh
[0.180s] -- Up-to-date: /home/shipengl/LRSMT/agiletaur/install/odrive_description/share/odrive_description/environment/path.dsv
[0.180s] -- Up-to-date: /home/shipengl/LRSMT/agiletaur/install/odrive_description/share/odrive_description/local_setup.bash
[0.180s] -- Up-to-date: /home/shipengl/LRSMT/agiletaur/install/odrive_description/share/odrive_description/local_setup.sh
[0.181s] -- Up-to-date: /home/shipengl/LRSMT/agiletaur/install/odrive_description/share/odrive_description/local_setup.zsh
[0.181s] -- Up-to-date: /home/shipengl/LRSMT/agiletaur/install/odrive_description/share/odrive_description/local_setup.dsv
[0.182s] -- Installing: /home/shipengl/LRSMT/agiletaur/install/odrive_description/share/odrive_description/package.dsv
[0.184s] -- Up-to-date: /home/shipengl/LRSMT/agiletaur/install/odrive_description/share/ament_index/resource_index/packages/odrive_description
[0.185s] -- Up-to-date: /home/shipengl/LRSMT/agiletaur/install/odrive_description/share/odrive_description/cmake/odrive_descriptionConfig.cmake
[0.187s] -- Up-to-date: /home/shipengl/LRSMT/agiletaur/install/odrive_description/share/odrive_description/cmake/odrive_descriptionConfig-version.cmake
[0.188s] -- Up-to-date: /home/shipengl/LRSMT/agiletaur/install/odrive_description/share/odrive_description/package.xml
[0.197s] Invoked command in '/home/shipengl/LRSMT/agiletaur/build/odrive_description' returned '0': CMAKE_PREFIX_PATH=${CMAKE_PREFIX_PATH}:/opt/ros/foxy /usr/bin/cmake --install /home/shipengl/LRSMT/agiletaur/build/odrive_description
