[0.009s] Invoking command in '/home/shipengl/LRSMT/agiletaur/build/webots_ros2_control': AMENT_PREFIX_PATH=/home/shipengl/LRSMT/agiletaur/install/webots_ros2_driver:/home/shipengl/LRSMT/agiletaur/install/webots_ros2_msgs:${AMENT_PREFIX_PATH} CMAKE_PREFIX_PATH=/home/shipengl/LRSMT/agiletaur/install/webots_ros2_driver:/home/shipengl/LRSMT/agiletaur/install/webots_ros2_msgs:/opt/ros/foxy LD_LIBRARY_PATH=/home/shipengl/LRSMT/agiletaur/install/webots_ros2_driver/lib:/home/shipengl/LRSMT/agiletaur/install/webots_ros2_msgs/lib:${LD_LIBRARY_PATH} PYTHONPATH=/home/shipengl/LRSMT/agiletaur/install/webots_ros2_driver/lib/python3.8/site-packages:/home/shipengl/LRSMT/agiletaur/install/webots_ros2_msgs/lib/python3.8/site-packages:${PYTHONPATH} /usr/bin/cmake /home/shipengl/LRSMT/agiletaur/src/webots_ros2_control/webots_ros2_control -DCMAKE_INSTALL_PREFIX=/home/shipengl/LRSMT/agiletaur/install/webots_ros2_control
[0.049s] -- The C compiler identification is GNU 9.3.0
[0.089s] -- The CXX compiler identification is GNU 9.3.0
[0.093s] -- Check for working C compiler: /usr/bin/cc
[0.140s] -- Check for working C compiler: /usr/bin/cc -- works
[0.141s] -- Detecting C compiler ABI info
[0.190s] -- Detecting C compiler ABI info - done
[0.199s] -- Detecting C compile features
[0.200s] -- Detecting C compile features - done
[0.202s] -- Check for working CXX compiler: /usr/bin/c++
[0.255s] -- Check for working CXX compiler: /usr/bin/c++ -- works
[0.256s] -- Detecting CXX compiler ABI info
[0.312s] -- Detecting CXX compiler ABI info - done
[0.323s] -- Detecting CXX compile features
[0.324s] -- Detecting CXX compile features - done
[0.326s] -- Found ament_cmake: 0.9.9 (/opt/ros/foxy/share/ament_cmake/cmake)
[0.346s] -- Found PythonInterp: /usr/bin/python3 (found suitable version "3.8.10", minimum required is "3") 
[0.346s] -- Using PYTHON_EXECUTABLE: /usr/bin/python3
[0.504s] -- Found hardware_interface: 0.8.1 (/opt/ros/foxy/share/hardware_interface/cmake)
[0.528s] -- Using all available rosidl_typesupport_c: rosidl_typesupport_fastrtps_c;rosidl_typesupport_introspection_c
[0.533s] -- Found rosidl_adapter: 1.2.1 (/opt/ros/foxy/share/rosidl_adapter/cmake)
[0.581s] -- Found OpenSSL: /usr/lib/x86_64-linux-gnu/libcrypto.so (found version "1.1.1f")  
[0.601s] -- Found FastRTPS: /opt/ros/foxy/include  
[0.653s] -- Using all available rosidl_typesupport_cpp: rosidl_typesupport_fastrtps_cpp;rosidl_typesupport_introspection_cpp
[1.025s] -- Found controller_manager: 0.8.1 (/opt/ros/foxy/share/controller_manager/cmake)
[1.073s] -- Found rmw_implementation_cmake: 1.0.3 (/opt/ros/foxy/share/rmw_implementation_cmake/cmake)
[1.075s] -- Using RMW implementation 'rmw_fastrtps_cpp' as default
[1.075s] -- Looking for pthread.h
[1.123s] -- Looking for pthread.h - found
[1.123s] -- Performing Test CMAKE_HAVE_LIBC_PTHREAD
[1.172s] -- Performing Test CMAKE_HAVE_LIBC_PTHREAD - Failed
[1.172s] -- Looking for pthread_create in pthreads
[1.211s] -- Looking for pthread_create in pthreads - not found
[1.211s] -- Looking for pthread_create in pthread
[1.258s] -- Looking for pthread_create in pthread - found
[1.259s] -- Found Threads: TRUE  
[1.514s] -- Found webots_ros2_driver: 1.1.3 (/home/shipengl/LRSMT/agiletaur/install/webots_ros2_driver/share/webots_ros2_driver/cmake)
[2.486s] -- Configuring done
[2.540s] -- Generating done
[2.542s] -- Build files have been written to: /home/shipengl/LRSMT/agiletaur/build/webots_ros2_control
[2.549s] Invoked command in '/home/shipengl/LRSMT/agiletaur/build/webots_ros2_control' returned '0': AMENT_PREFIX_PATH=/home/shipengl/LRSMT/agiletaur/install/webots_ros2_driver:/home/shipengl/LRSMT/agiletaur/install/webots_ros2_msgs:${AMENT_PREFIX_PATH} CMAKE_PREFIX_PATH=/home/shipengl/LRSMT/agiletaur/install/webots_ros2_driver:/home/shipengl/LRSMT/agiletaur/install/webots_ros2_msgs:/opt/ros/foxy LD_LIBRARY_PATH=/home/shipengl/LRSMT/agiletaur/install/webots_ros2_driver/lib:/home/shipengl/LRSMT/agiletaur/install/webots_ros2_msgs/lib:${LD_LIBRARY_PATH} PYTHONPATH=/home/shipengl/LRSMT/agiletaur/install/webots_ros2_driver/lib/python3.8/site-packages:/home/shipengl/LRSMT/agiletaur/install/webots_ros2_msgs/lib/python3.8/site-packages:${PYTHONPATH} /usr/bin/cmake /home/shipengl/LRSMT/agiletaur/src/webots_ros2_control/webots_ros2_control -DCMAKE_INSTALL_PREFIX=/home/shipengl/LRSMT/agiletaur/install/webots_ros2_control
[2.551s] Invoking command in '/home/shipengl/LRSMT/agiletaur/build/webots_ros2_control': AMENT_PREFIX_PATH=/home/shipengl/LRSMT/agiletaur/install/webots_ros2_driver:/home/shipengl/LRSMT/agiletaur/install/webots_ros2_msgs:${AMENT_PREFIX_PATH} CMAKE_PREFIX_PATH=/home/shipengl/LRSMT/agiletaur/install/webots_ros2_driver:/home/shipengl/LRSMT/agiletaur/install/webots_ros2_msgs:/opt/ros/foxy LD_LIBRARY_PATH=/home/shipengl/LRSMT/agiletaur/install/webots_ros2_driver/lib:/home/shipengl/LRSMT/agiletaur/install/webots_ros2_msgs/lib:${LD_LIBRARY_PATH} PYTHONPATH=/home/shipengl/LRSMT/agiletaur/install/webots_ros2_driver/lib/python3.8/site-packages:/home/shipengl/LRSMT/agiletaur/install/webots_ros2_msgs/lib/python3.8/site-packages:${PYTHONPATH} /usr/bin/cmake --build /home/shipengl/LRSMT/agiletaur/build/webots_ros2_control -- -j16 -l16
[2.581s] [35m[1mScanning dependencies of target webots_ros2_control_system[0m
[2.581s] [35m[1mScanning dependencies of target webots_ros2_control[0m
[2.610s] [ 25%] [32mBuilding CXX object CMakeFiles/webots_ros2_control_system.dir/src/Ros2ControlSystem.cpp.o[0m
[2.624s] [ 50%] [32mBuilding CXX object CMakeFiles/webots_ros2_control.dir/src/Ros2Control.cpp.o[0m
[4.910s] [ 75%] [32m[1mLinking CXX shared library libwebots_ros2_control_system.so[0m
[5.009s] [ 75%] Built target webots_ros2_control_system
[5.975s] [100%] [32m[1mLinking CXX shared library libwebots_ros2_control.so[0m
[6.169s] [100%] Built target webots_ros2_control
[6.178s] Invoked command in '/home/shipengl/LRSMT/agiletaur/build/webots_ros2_control' returned '0': AMENT_PREFIX_PATH=/home/shipengl/LRSMT/agiletaur/install/webots_ros2_driver:/home/shipengl/LRSMT/agiletaur/install/webots_ros2_msgs:${AMENT_PREFIX_PATH} CMAKE_PREFIX_PATH=/home/shipengl/LRSMT/agiletaur/install/webots_ros2_driver:/home/shipengl/LRSMT/agiletaur/install/webots_ros2_msgs:/opt/ros/foxy LD_LIBRARY_PATH=/home/shipengl/LRSMT/agiletaur/install/webots_ros2_driver/lib:/home/shipengl/LRSMT/agiletaur/install/webots_ros2_msgs/lib:${LD_LIBRARY_PATH} PYTHONPATH=/home/shipengl/LRSMT/agiletaur/install/webots_ros2_driver/lib/python3.8/site-packages:/home/shipengl/LRSMT/agiletaur/install/webots_ros2_msgs/lib/python3.8/site-packages:${PYTHONPATH} /usr/bin/cmake --build /home/shipengl/LRSMT/agiletaur/build/webots_ros2_control -- -j16 -l16
[6.196s] Invoking command in '/home/shipengl/LRSMT/agiletaur/build/webots_ros2_control': AMENT_PREFIX_PATH=/home/shipengl/LRSMT/agiletaur/install/webots_ros2_driver:/home/shipengl/LRSMT/agiletaur/install/webots_ros2_msgs:${AMENT_PREFIX_PATH} CMAKE_PREFIX_PATH=/home/shipengl/LRSMT/agiletaur/install/webots_ros2_driver:/home/shipengl/LRSMT/agiletaur/install/webots_ros2_msgs:/opt/ros/foxy LD_LIBRARY_PATH=/home/shipengl/LRSMT/agiletaur/install/webots_ros2_driver/lib:/home/shipengl/LRSMT/agiletaur/install/webots_ros2_msgs/lib:${LD_LIBRARY_PATH} PYTHONPATH=/home/shipengl/LRSMT/agiletaur/install/webots_ros2_driver/lib/python3.8/site-packages:/home/shipengl/LRSMT/agiletaur/install/webots_ros2_msgs/lib/python3.8/site-packages:${PYTHONPATH} /usr/bin/cmake --install /home/shipengl/LRSMT/agiletaur/build/webots_ros2_control
[6.202s] -- Install configuration: ""
[6.203s] -- Installing: /home/shipengl/LRSMT/agiletaur/install/webots_ros2_control/share/webots_ros2_control/webots_ros2_control.xml
[6.203s] -- Installing: /home/shipengl/LRSMT/agiletaur/install/webots_ros2_control/share/webots_ros2_control/webots_ros2_control_system.xml
[6.203s] -- Installing: /home/shipengl/LRSMT/agiletaur/install/webots_ros2_control/lib/libwebots_ros2_control.so
[6.204s] -- Set runtime path of "/home/shipengl/LRSMT/agiletaur/install/webots_ros2_control/lib/libwebots_ros2_control.so" to ""
[6.204s] -- Installing: /home/shipengl/LRSMT/agiletaur/install/webots_ros2_control/lib/libwebots_ros2_control_system.so
[6.204s] -- Set runtime path of "/home/shipengl/LRSMT/agiletaur/install/webots_ros2_control/lib/libwebots_ros2_control_system.so" to ""
[6.204s] -- Installing: /home/shipengl/LRSMT/agiletaur/install/webots_ros2_control/share/webots_ros2_control/environment/library_path.sh
[6.204s] -- Installing: /home/shipengl/LRSMT/agiletaur/install/webots_ros2_control/share/webots_ros2_control/environment/library_path.dsv
[6.205s] -- Installing: /home/shipengl/LRSMT/agiletaur/install/webots_ros2_control/share/ament_index/resource_index/package_run_dependencies/webots_ros2_control
[6.205s] -- Installing: /home/shipengl/LRSMT/agiletaur/install/webots_ros2_control/share/ament_index/resource_index/parent_prefix_path/webots_ros2_control
[6.205s] -- Installing: /home/shipengl/LRSMT/agiletaur/install/webots_ros2_control/share/webots_ros2_control/environment/ament_prefix_path.sh
[6.205s] -- Installing: /home/shipengl/LRSMT/agiletaur/install/webots_ros2_control/share/webots_ros2_control/environment/ament_prefix_path.dsv
[6.205s] -- Installing: /home/shipengl/LRSMT/agiletaur/install/webots_ros2_control/share/webots_ros2_control/environment/path.sh
[6.205s] -- Installing: /home/shipengl/LRSMT/agiletaur/install/webots_ros2_control/share/webots_ros2_control/environment/path.dsv
[6.205s] -- Installing: /home/shipengl/LRSMT/agiletaur/install/webots_ros2_control/share/webots_ros2_control/local_setup.bash
[6.205s] -- Installing: /home/shipengl/LRSMT/agiletaur/install/webots_ros2_control/share/webots_ros2_control/local_setup.sh
[6.205s] -- Installing: /home/shipengl/LRSMT/agiletaur/install/webots_ros2_control/share/webots_ros2_control/local_setup.zsh
[6.206s] -- Installing: /home/shipengl/LRSMT/agiletaur/install/webots_ros2_control/share/webots_ros2_control/local_setup.dsv
[6.206s] -- Installing: /home/shipengl/LRSMT/agiletaur/install/webots_ros2_control/share/webots_ros2_control/package.dsv
[6.206s] -- Installing: /home/shipengl/LRSMT/agiletaur/install/webots_ros2_control/share/ament_index/resource_index/packages/webots_ros2_control
[6.206s] -- Installing: /home/shipengl/LRSMT/agiletaur/install/webots_ros2_control/share/ament_index/resource_index/webots_ros2_driver__pluginlib__plugin/webots_ros2_control
[6.206s] -- Installing: /home/shipengl/LRSMT/agiletaur/install/webots_ros2_control/share/ament_index/resource_index/webots_ros2_control__pluginlib__plugin/webots_ros2_control
[6.206s] -- Installing: /home/shipengl/LRSMT/agiletaur/install/webots_ros2_control/share/webots_ros2_control/cmake/ament_cmake_export_include_directories-extras.cmake
[6.206s] -- Installing: /home/shipengl/LRSMT/agiletaur/install/webots_ros2_control/share/webots_ros2_control/cmake/ament_cmake_export_dependencies-extras.cmake
[6.206s] -- Installing: /home/shipengl/LRSMT/agiletaur/install/webots_ros2_control/share/webots_ros2_control/cmake/ament_cmake_export_libraries-extras.cmake
[6.206s] -- Installing: /home/shipengl/LRSMT/agiletaur/install/webots_ros2_control/share/webots_ros2_control/cmake/webots_ros2_controlConfig.cmake
[6.206s] -- Installing: /home/shipengl/LRSMT/agiletaur/install/webots_ros2_control/share/webots_ros2_control/cmake/webots_ros2_controlConfig-version.cmake
[6.206s] -- Installing: /home/shipengl/LRSMT/agiletaur/install/webots_ros2_control/share/webots_ros2_control/package.xml
[6.209s] Invoked command in '/home/shipengl/LRSMT/agiletaur/build/webots_ros2_control' returned '0': AMENT_PREFIX_PATH=/home/shipengl/LRSMT/agiletaur/install/webots_ros2_driver:/home/shipengl/LRSMT/agiletaur/install/webots_ros2_msgs:${AMENT_PREFIX_PATH} CMAKE_PREFIX_PATH=/home/shipengl/LRSMT/agiletaur/install/webots_ros2_driver:/home/shipengl/LRSMT/agiletaur/install/webots_ros2_msgs:/opt/ros/foxy LD_LIBRARY_PATH=/home/shipengl/LRSMT/agiletaur/install/webots_ros2_driver/lib:/home/shipengl/LRSMT/agiletaur/install/webots_ros2_msgs/lib:${LD_LIBRARY_PATH} PYTHONPATH=/home/shipengl/LRSMT/agiletaur/install/webots_ros2_driver/lib/python3.8/site-packages:/home/shipengl/LRSMT/agiletaur/install/webots_ros2_msgs/lib/python3.8/site-packages:${PYTHONPATH} /usr/bin/cmake --install /home/shipengl/LRSMT/agiletaur/build/webots_ros2_control
