/home/shipengl/LRSMT/agiletaur/install/webots_ros2_core/lib/python3.8/site-packages/webots_ros2_core/webots_node.py
/home/shipengl/LRSMT/agiletaur/install/webots_ros2_core/lib/python3.8/site-packages/webots_ros2_core/utils.py
/home/shipengl/LRSMT/agiletaur/install/webots_ros2_core/lib/python3.8/site-packages/webots_ros2_core/webots_launcher.py
/home/shipengl/LRSMT/agiletaur/install/webots_ros2_core/lib/python3.8/site-packages/webots_ros2_core/webots_robotic_arm_node.py
/home/shipengl/LRSMT/agiletaur/install/webots_ros2_core/lib/python3.8/site-packages/webots_ros2_core/__init__.py
/home/shipengl/LRSMT/agiletaur/install/webots_ros2_core/lib/python3.8/site-packages/webots_ros2_core/trajectory_follower.py
/home/shipengl/LRSMT/agiletaur/install/webots_ros2_core/lib/python3.8/site-packages/webots_ros2_core/webots_differential_drive_node.py
/home/shipengl/LRSMT/agiletaur/install/webots_ros2_core/lib/python3.8/site-packages/webots_ros2_core/joint_state_publisher.py
/home/shipengl/LRSMT/agiletaur/install/webots_ros2_core/lib/python3.8/site-packages/webots_ros2_core/devices/lidar_device.py
/home/shipengl/LRSMT/agiletaur/install/webots_ros2_core/lib/python3.8/site-packages/webots_ros2_core/devices/device_manager.py
/home/shipengl/LRSMT/agiletaur/install/webots_ros2_core/lib/python3.8/site-packages/webots_ros2_core/devices/range_finder_device.py
/home/shipengl/LRSMT/agiletaur/install/webots_ros2_core/lib/python3.8/site-packages/webots_ros2_core/devices/camera_device.py
/home/shipengl/LRSMT/agiletaur/install/webots_ros2_core/lib/python3.8/site-packages/webots_ros2_core/devices/__init__.py
/home/shipengl/LRSMT/agiletaur/install/webots_ros2_core/lib/python3.8/site-packages/webots_ros2_core/devices/robot_device.py
/home/shipengl/LRSMT/agiletaur/install/webots_ros2_core/lib/python3.8/site-packages/webots_ros2_core/devices/device.py
/home/shipengl/LRSMT/agiletaur/install/webots_ros2_core/lib/python3.8/site-packages/webots_ros2_core/devices/light_sensor_device.py
/home/shipengl/LRSMT/agiletaur/install/webots_ros2_core/lib/python3.8/site-packages/webots_ros2_core/devices/sensor_device.py
/home/shipengl/LRSMT/agiletaur/install/webots_ros2_core/lib/python3.8/site-packages/webots_ros2_core/devices/led_device.py
/home/shipengl/LRSMT/agiletaur/install/webots_ros2_core/lib/python3.8/site-packages/webots_ros2_core/devices/imu_device.py
/home/shipengl/LRSMT/agiletaur/install/webots_ros2_core/lib/python3.8/site-packages/webots_ros2_core/devices/distance_sensor_device.py
/home/shipengl/LRSMT/agiletaur/install/webots_ros2_core/lib/python3.8/site-packages/webots_ros2_core/devices/gps_device.py
/home/shipengl/LRSMT/agiletaur/install/webots_ros2_core/lib/python3.8/site-packages/webots_ros2_core/math/__init__.py
/home/shipengl/LRSMT/agiletaur/install/webots_ros2_core/lib/python3.8/site-packages/webots_ros2_core/math/interpolation.py
/home/shipengl/LRSMT/agiletaur/install/webots_ros2_core/lib/python3.8/site-packages/webots_ros2_core/math/quaternions.py
/home/shipengl/LRSMT/agiletaur/install/webots_ros2_core/lib/python3.8/site-packages/webots_ros2_core/webots/__init__.py
/home/shipengl/LRSMT/agiletaur/install/webots_ros2_core/lib/python3.8/site-packages/webots_ros2_core/webots/controller.py
/home/shipengl/LRSMT/agiletaur/install/webots_ros2_core/lib/python3.8/site-packages/webots_ros2_core/webots/vehicle.py
/home/shipengl/LRSMT/agiletaur/install/webots_ros2_core/lib/python3.8/site-packages/webots_ros2_core/__pycache__/webots_node.cpython-38.pyc
/home/shipengl/LRSMT/agiletaur/install/webots_ros2_core/lib/python3.8/site-packages/webots_ros2_core/__pycache__/utils.cpython-38.pyc
/home/shipengl/LRSMT/agiletaur/install/webots_ros2_core/lib/python3.8/site-packages/webots_ros2_core/__pycache__/webots_launcher.cpython-38.pyc
/home/shipengl/LRSMT/agiletaur/install/webots_ros2_core/lib/python3.8/site-packages/webots_ros2_core/__pycache__/webots_robotic_arm_node.cpython-38.pyc
/home/shipengl/LRSMT/agiletaur/install/webots_ros2_core/lib/python3.8/site-packages/webots_ros2_core/__pycache__/__init__.cpython-38.pyc
/home/shipengl/LRSMT/agiletaur/install/webots_ros2_core/lib/python3.8/site-packages/webots_ros2_core/__pycache__/trajectory_follower.cpython-38.pyc
/home/shipengl/LRSMT/agiletaur/install/webots_ros2_core/lib/python3.8/site-packages/webots_ros2_core/__pycache__/webots_differential_drive_node.cpython-38.pyc
/home/shipengl/LRSMT/agiletaur/install/webots_ros2_core/lib/python3.8/site-packages/webots_ros2_core/__pycache__/joint_state_publisher.cpython-38.pyc
/home/shipengl/LRSMT/agiletaur/install/webots_ros2_core/lib/python3.8/site-packages/webots_ros2_core/devices/__pycache__/lidar_device.cpython-38.pyc
/home/shipengl/LRSMT/agiletaur/install/webots_ros2_core/lib/python3.8/site-packages/webots_ros2_core/devices/__pycache__/device_manager.cpython-38.pyc
/home/shipengl/LRSMT/agiletaur/install/webots_ros2_core/lib/python3.8/site-packages/webots_ros2_core/devices/__pycache__/range_finder_device.cpython-38.pyc
/home/shipengl/LRSMT/agiletaur/install/webots_ros2_core/lib/python3.8/site-packages/webots_ros2_core/devices/__pycache__/camera_device.cpython-38.pyc
/home/shipengl/LRSMT/agiletaur/install/webots_ros2_core/lib/python3.8/site-packages/webots_ros2_core/devices/__pycache__/__init__.cpython-38.pyc
/home/shipengl/LRSMT/agiletaur/install/webots_ros2_core/lib/python3.8/site-packages/webots_ros2_core/devices/__pycache__/robot_device.cpython-38.pyc
/home/shipengl/LRSMT/agiletaur/install/webots_ros2_core/lib/python3.8/site-packages/webots_ros2_core/devices/__pycache__/device.cpython-38.pyc
/home/shipengl/LRSMT/agiletaur/install/webots_ros2_core/lib/python3.8/site-packages/webots_ros2_core/devices/__pycache__/light_sensor_device.cpython-38.pyc
/home/shipengl/LRSMT/agiletaur/install/webots_ros2_core/lib/python3.8/site-packages/webots_ros2_core/devices/__pycache__/sensor_device.cpython-38.pyc
/home/shipengl/LRSMT/agiletaur/install/webots_ros2_core/lib/python3.8/site-packages/webots_ros2_core/devices/__pycache__/led_device.cpython-38.pyc
/home/shipengl/LRSMT/agiletaur/install/webots_ros2_core/lib/python3.8/site-packages/webots_ros2_core/devices/__pycache__/imu_device.cpython-38.pyc
/home/shipengl/LRSMT/agiletaur/install/webots_ros2_core/lib/python3.8/site-packages/webots_ros2_core/devices/__pycache__/distance_sensor_device.cpython-38.pyc
/home/shipengl/LRSMT/agiletaur/install/webots_ros2_core/lib/python3.8/site-packages/webots_ros2_core/devices/__pycache__/gps_device.cpython-38.pyc
/home/shipengl/LRSMT/agiletaur/install/webots_ros2_core/lib/python3.8/site-packages/webots_ros2_core/math/__pycache__/__init__.cpython-38.pyc
/home/shipengl/LRSMT/agiletaur/install/webots_ros2_core/lib/python3.8/site-packages/webots_ros2_core/math/__pycache__/interpolation.cpython-38.pyc
/home/shipengl/LRSMT/agiletaur/install/webots_ros2_core/lib/python3.8/site-packages/webots_ros2_core/math/__pycache__/quaternions.cpython-38.pyc
/home/shipengl/LRSMT/agiletaur/install/webots_ros2_core/lib/python3.8/site-packages/webots_ros2_core/webots/__pycache__/__init__.cpython-38.pyc
/home/shipengl/LRSMT/agiletaur/install/webots_ros2_core/lib/python3.8/site-packages/webots_ros2_core/webots/__pycache__/controller.cpython-38.pyc
/home/shipengl/LRSMT/agiletaur/install/webots_ros2_core/lib/python3.8/site-packages/webots_ros2_core/webots/__pycache__/vehicle.cpython-38.pyc
/home/shipengl/LRSMT/agiletaur/install/webots_ros2_core/share/ament_index/resource_index/packages/webots_ros2_core
/home/shipengl/LRSMT/agiletaur/install/webots_ros2_core/share/webots_ros2_core/package.xml
/home/shipengl/LRSMT/agiletaur/install/webots_ros2_core/share/webots_ros2_core/launch/robot_launch.py
/home/shipengl/LRSMT/agiletaur/install/webots_ros2_core/lib/python3.8/site-packages/webots_ros2_core-1.1.3-py3.8.egg-info/entry_points.txt
/home/shipengl/LRSMT/agiletaur/install/webots_ros2_core/lib/python3.8/site-packages/webots_ros2_core-1.1.3-py3.8.egg-info/PKG-INFO
/home/shipengl/LRSMT/agiletaur/install/webots_ros2_core/lib/python3.8/site-packages/webots_ros2_core-1.1.3-py3.8.egg-info/SOURCES.txt
/home/shipengl/LRSMT/agiletaur/install/webots_ros2_core/lib/python3.8/site-packages/webots_ros2_core-1.1.3-py3.8.egg-info/top_level.txt
/home/shipengl/LRSMT/agiletaur/install/webots_ros2_core/lib/python3.8/site-packages/webots_ros2_core-1.1.3-py3.8.egg-info/requires.txt
/home/shipengl/LRSMT/agiletaur/install/webots_ros2_core/lib/python3.8/site-packages/webots_ros2_core-1.1.3-py3.8.egg-info/zip-safe
/home/shipengl/LRSMT/agiletaur/install/webots_ros2_core/lib/python3.8/site-packages/webots_ros2_core-1.1.3-py3.8.egg-info/dependency_links.txt
/home/shipengl/LRSMT/agiletaur/install/webots_ros2_core/lib/webots_ros2_core/webots_differential_drive_node
/home/shipengl/LRSMT/agiletaur/install/webots_ros2_core/lib/webots_ros2_core/webots_node
/home/shipengl/LRSMT/agiletaur/install/webots_ros2_core/lib/webots_ros2_core/webots_robotic_arm_node
