[0.013s] Invoking command in '/home/shipengl/LRSMT/agiletaur/build/odrive_ros2_control': CMAKE_PREFIX_PATH=/home/shipengl/LRSMT/agiletaur/install/odrive_bringup:/home/shipengl/LRSMT/agiletaur/install/odrive_hardware_interface:/home/shipengl/LRSMT/agiletaur/install/odrive_description:/home/shipengl/LRSMT/agiletaur/install/webots_simulation_assets:/home/shipengl/LRSMT/agiletaur/install/webots_ros2_control:/home/shipengl/LRSMT/agiletaur/install/webots_ros2_driver:/home/shipengl/LRSMT/agiletaur/install/webots_ros2_msgs:/home/shipengl/LRSMT/agiletaur/install/webots_description:/home/shipengl/LRSMT/agiletaur/install/webots_bringup:/home/shipengl/LRSMT/agiletaur/install/odrive_ros2_control:/home/shipengl/LRSMT/agiletaur/install/agiletaur_launcher:/home/shipengl/LRSMT/agiletaur/install/agiletaur_controller:/home/shipengl/LRSMT/agiletaur/install/webots_ros2_epuck:/opt/ros/foxy LD_LIBRARY_PATH=/home/shipengl/LRSMT/agiletaur/install/odrive_hardware_interface/lib:/home/shipengl/LRSMT/agiletaur/install/webots_ros2_control/lib:/home/shipengl/LRSMT/agiletaur/install/webots_ros2_driver/lib:/home/shipengl/LRSMT/agiletaur/install/webots_ros2_msgs/lib:/opt/ros/foxy/opt/yaml_cpp_vendor/lib:/opt/ros/foxy/opt/rviz_ogre_vendor/lib:/opt/ros/foxy/lib/x86_64-linux-gnu:/opt/ros/foxy/lib /usr/bin/cmake /home/shipengl/LRSMT/agiletaur/src/odrive_ros2_control/odrive_ros2_control -DCMAKE_INSTALL_PREFIX=/home/shipengl/LRSMT/agiletaur/install/odrive_ros2_control
[0.057s] -- The C compiler identification is GNU 9.3.0
[0.098s] -- The CXX compiler identification is GNU 9.3.0
[0.102s] -- Check for working C compiler: /usr/bin/cc
[0.154s] -- Check for working C compiler: /usr/bin/cc -- works
[0.155s] -- Detecting C compiler ABI info
[0.207s] -- Detecting C compiler ABI info - done
[0.218s] -- Detecting C compile features
[0.218s] -- Detecting C compile features - done
[0.220s] -- Check for working CXX compiler: /usr/bin/c++
[0.278s] -- Check for working CXX compiler: /usr/bin/c++ -- works
[0.279s] -- Detecting CXX compiler ABI info
[0.338s] -- Detecting CXX compiler ABI info - done
[0.348s] -- Detecting CXX compile features
[0.348s] -- Detecting CXX compile features - done
[0.350s] -- Found ament_cmake_auto: 0.9.9 (/opt/ros/foxy/share/ament_cmake_auto/cmake)
[0.372s] -- Found PythonInterp: /usr/bin/python3 (found suitable version "3.8.10", minimum required is "3") 
[0.372s] -- Using PYTHON_EXECUTABLE: /usr/bin/python3
[0.637s] -- Configuring done
[0.640s] -- Generating done
[0.641s] -- Build files have been written to: /home/shipengl/LRSMT/agiletaur/build/odrive_ros2_control
[0.645s] Invoked command in '/home/shipengl/LRSMT/agiletaur/build/odrive_ros2_control' returned '0': CMAKE_PREFIX_PATH=/home/shipengl/LRSMT/agiletaur/install/odrive_bringup:/home/shipengl/LRSMT/agiletaur/install/odrive_hardware_interface:/home/shipengl/LRSMT/agiletaur/install/odrive_description:/home/shipengl/LRSMT/agiletaur/install/webots_simulation_assets:/home/shipengl/LRSMT/agiletaur/install/webots_ros2_control:/home/shipengl/LRSMT/agiletaur/install/webots_ros2_driver:/home/shipengl/LRSMT/agiletaur/install/webots_ros2_msgs:/home/shipengl/LRSMT/agiletaur/install/webots_description:/home/shipengl/LRSMT/agiletaur/install/webots_bringup:/home/shipengl/LRSMT/agiletaur/install/odrive_ros2_control:/home/shipengl/LRSMT/agiletaur/install/agiletaur_launcher:/home/shipengl/LRSMT/agiletaur/install/agiletaur_controller:/home/shipengl/LRSMT/agiletaur/install/webots_ros2_epuck:/opt/ros/foxy LD_LIBRARY_PATH=/home/shipengl/LRSMT/agiletaur/install/odrive_hardware_interface/lib:/home/shipengl/LRSMT/agiletaur/install/webots_ros2_control/lib:/home/shipengl/LRSMT/agiletaur/install/webots_ros2_driver/lib:/home/shipengl/LRSMT/agiletaur/install/webots_ros2_msgs/lib:/opt/ros/foxy/opt/yaml_cpp_vendor/lib:/opt/ros/foxy/opt/rviz_ogre_vendor/lib:/opt/ros/foxy/lib/x86_64-linux-gnu:/opt/ros/foxy/lib /usr/bin/cmake /home/shipengl/LRSMT/agiletaur/src/odrive_ros2_control/odrive_ros2_control -DCMAKE_INSTALL_PREFIX=/home/shipengl/LRSMT/agiletaur/install/odrive_ros2_control
[0.649s] Invoking command in '/home/shipengl/LRSMT/agiletaur/build/odrive_ros2_control': CMAKE_PREFIX_PATH=/home/shipengl/LRSMT/agiletaur/install/odrive_bringup:/home/shipengl/LRSMT/agiletaur/install/odrive_hardware_interface:/home/shipengl/LRSMT/agiletaur/install/odrive_description:/home/shipengl/LRSMT/agiletaur/install/webots_simulation_assets:/home/shipengl/LRSMT/agiletaur/install/webots_ros2_control:/home/shipengl/LRSMT/agiletaur/install/webots_ros2_driver:/home/shipengl/LRSMT/agiletaur/install/webots_ros2_msgs:/home/shipengl/LRSMT/agiletaur/install/webots_description:/home/shipengl/LRSMT/agiletaur/install/webots_bringup:/home/shipengl/LRSMT/agiletaur/install/odrive_ros2_control:/home/shipengl/LRSMT/agiletaur/install/agiletaur_launcher:/home/shipengl/LRSMT/agiletaur/install/agiletaur_controller:/home/shipengl/LRSMT/agiletaur/install/webots_ros2_epuck:/opt/ros/foxy LD_LIBRARY_PATH=/home/shipengl/LRSMT/agiletaur/install/odrive_hardware_interface/lib:/home/shipengl/LRSMT/agiletaur/install/webots_ros2_control/lib:/home/shipengl/LRSMT/agiletaur/install/webots_ros2_driver/lib:/home/shipengl/LRSMT/agiletaur/install/webots_ros2_msgs/lib:/opt/ros/foxy/opt/yaml_cpp_vendor/lib:/opt/ros/foxy/opt/rviz_ogre_vendor/lib:/opt/ros/foxy/lib/x86_64-linux-gnu:/opt/ros/foxy/lib /usr/bin/cmake --build /home/shipengl/LRSMT/agiletaur/build/odrive_ros2_control -- -j16 -l16
[0.679s] Invoked command in '/home/shipengl/LRSMT/agiletaur/build/odrive_ros2_control' returned '0': CMAKE_PREFIX_PATH=/home/shipengl/LRSMT/agiletaur/install/odrive_bringup:/home/shipengl/LRSMT/agiletaur/install/odrive_hardware_interface:/home/shipengl/LRSMT/agiletaur/install/odrive_description:/home/shipengl/LRSMT/agiletaur/install/webots_simulation_assets:/home/shipengl/LRSMT/agiletaur/install/webots_ros2_control:/home/shipengl/LRSMT/agiletaur/install/webots_ros2_driver:/home/shipengl/LRSMT/agiletaur/install/webots_ros2_msgs:/home/shipengl/LRSMT/agiletaur/install/webots_description:/home/shipengl/LRSMT/agiletaur/install/webots_bringup:/home/shipengl/LRSMT/agiletaur/install/odrive_ros2_control:/home/shipengl/LRSMT/agiletaur/install/agiletaur_launcher:/home/shipengl/LRSMT/agiletaur/install/agiletaur_controller:/home/shipengl/LRSMT/agiletaur/install/webots_ros2_epuck:/opt/ros/foxy LD_LIBRARY_PATH=/home/shipengl/LRSMT/agiletaur/install/odrive_hardware_interface/lib:/home/shipengl/LRSMT/agiletaur/install/webots_ros2_control/lib:/home/shipengl/LRSMT/agiletaur/install/webots_ros2_driver/lib:/home/shipengl/LRSMT/agiletaur/install/webots_ros2_msgs/lib:/opt/ros/foxy/opt/yaml_cpp_vendor/lib:/opt/ros/foxy/opt/rviz_ogre_vendor/lib:/opt/ros/foxy/lib/x86_64-linux-gnu:/opt/ros/foxy/lib /usr/bin/cmake --build /home/shipengl/LRSMT/agiletaur/build/odrive_ros2_control -- -j16 -l16
[0.695s] Invoking command in '/home/shipengl/LRSMT/agiletaur/build/odrive_ros2_control': CMAKE_PREFIX_PATH=/home/shipengl/LRSMT/agiletaur/install/odrive_bringup:/home/shipengl/LRSMT/agiletaur/install/odrive_hardware_interface:/home/shipengl/LRSMT/agiletaur/install/odrive_description:/home/shipengl/LRSMT/agiletaur/install/webots_simulation_assets:/home/shipengl/LRSMT/agiletaur/install/webots_ros2_control:/home/shipengl/LRSMT/agiletaur/install/webots_ros2_driver:/home/shipengl/LRSMT/agiletaur/install/webots_ros2_msgs:/home/shipengl/LRSMT/agiletaur/install/webots_description:/home/shipengl/LRSMT/agiletaur/install/webots_bringup:/home/shipengl/LRSMT/agiletaur/install/odrive_ros2_control:/home/shipengl/LRSMT/agiletaur/install/agiletaur_launcher:/home/shipengl/LRSMT/agiletaur/install/agiletaur_controller:/home/shipengl/LRSMT/agiletaur/install/webots_ros2_epuck:/opt/ros/foxy LD_LIBRARY_PATH=/home/shipengl/LRSMT/agiletaur/install/odrive_hardware_interface/lib:/home/shipengl/LRSMT/agiletaur/install/webots_ros2_control/lib:/home/shipengl/LRSMT/agiletaur/install/webots_ros2_driver/lib:/home/shipengl/LRSMT/agiletaur/install/webots_ros2_msgs/lib:/opt/ros/foxy/opt/yaml_cpp_vendor/lib:/opt/ros/foxy/opt/rviz_ogre_vendor/lib:/opt/ros/foxy/lib/x86_64-linux-gnu:/opt/ros/foxy/lib /usr/bin/cmake --install /home/shipengl/LRSMT/agiletaur/build/odrive_ros2_control
[0.701s] -- Install configuration: ""
[0.702s] -- Installing: /home/shipengl/LRSMT/agiletaur/install/odrive_ros2_control/share/ament_index/resource_index/package_run_dependencies/odrive_ros2_control
[0.702s] -- Installing: /home/shipengl/LRSMT/agiletaur/install/odrive_ros2_control/share/ament_index/resource_index/parent_prefix_path/odrive_ros2_control
[0.702s] -- Installing: /home/shipengl/LRSMT/agiletaur/install/odrive_ros2_control/share/odrive_ros2_control/environment/ament_prefix_path.sh
[0.702s] -- Installing: /home/shipengl/LRSMT/agiletaur/install/odrive_ros2_control/share/odrive_ros2_control/environment/ament_prefix_path.dsv
[0.702s] -- Installing: /home/shipengl/LRSMT/agiletaur/install/odrive_ros2_control/share/odrive_ros2_control/environment/path.sh
[0.702s] -- Installing: /home/shipengl/LRSMT/agiletaur/install/odrive_ros2_control/share/odrive_ros2_control/environment/path.dsv
[0.703s] -- Installing: /home/shipengl/LRSMT/agiletaur/install/odrive_ros2_control/share/odrive_ros2_control/local_setup.bash
[0.703s] -- Installing: /home/shipengl/LRSMT/agiletaur/install/odrive_ros2_control/share/odrive_ros2_control/local_setup.sh
[0.703s] -- Installing: /home/shipengl/LRSMT/agiletaur/install/odrive_ros2_control/share/odrive_ros2_control/local_setup.zsh
[0.703s] -- Installing: /home/shipengl/LRSMT/agiletaur/install/odrive_ros2_control/share/odrive_ros2_control/local_setup.dsv
[0.703s] -- Installing: /home/shipengl/LRSMT/agiletaur/install/odrive_ros2_control/share/odrive_ros2_control/package.dsv
[0.703s] -- Installing: /home/shipengl/LRSMT/agiletaur/install/odrive_ros2_control/share/ament_index/resource_index/packages/odrive_ros2_control
[0.703s] -- Installing: /home/shipengl/LRSMT/agiletaur/install/odrive_ros2_control/share/odrive_ros2_control/cmake/odrive_ros2_controlConfig.cmake
[0.703s] -- Installing: /home/shipengl/LRSMT/agiletaur/install/odrive_ros2_control/share/odrive_ros2_control/cmake/odrive_ros2_controlConfig-version.cmake
[0.703s] -- Installing: /home/shipengl/LRSMT/agiletaur/install/odrive_ros2_control/share/odrive_ros2_control/package.xml
[0.707s] Invoked command in '/home/shipengl/LRSMT/agiletaur/build/odrive_ros2_control' returned '0': CMAKE_PREFIX_PATH=/home/shipengl/LRSMT/agiletaur/install/odrive_bringup:/home/shipengl/LRSMT/agiletaur/install/odrive_hardware_interface:/home/shipengl/LRSMT/agiletaur/install/odrive_description:/home/shipengl/LRSMT/agiletaur/install/webots_simulation_assets:/home/shipengl/LRSMT/agiletaur/install/webots_ros2_control:/home/shipengl/LRSMT/agiletaur/install/webots_ros2_driver:/home/shipengl/LRSMT/agiletaur/install/webots_ros2_msgs:/home/shipengl/LRSMT/agiletaur/install/webots_description:/home/shipengl/LRSMT/agiletaur/install/webots_bringup:/home/shipengl/LRSMT/agiletaur/install/odrive_ros2_control:/home/shipengl/LRSMT/agiletaur/install/agiletaur_launcher:/home/shipengl/LRSMT/agiletaur/install/agiletaur_controller:/home/shipengl/LRSMT/agiletaur/install/webots_ros2_epuck:/opt/ros/foxy LD_LIBRARY_PATH=/home/shipengl/LRSMT/agiletaur/install/odrive_hardware_interface/lib:/home/shipengl/LRSMT/agiletaur/install/webots_ros2_control/lib:/home/shipengl/LRSMT/agiletaur/install/webots_ros2_driver/lib:/home/shipengl/LRSMT/agiletaur/install/webots_ros2_msgs/lib:/opt/ros/foxy/opt/yaml_cpp_vendor/lib:/opt/ros/foxy/opt/rviz_ogre_vendor/lib:/opt/ros/foxy/lib/x86_64-linux-gnu:/opt/ros/foxy/lib /usr/bin/cmake --install /home/shipengl/LRSMT/agiletaur/build/odrive_ros2_control
