[0.204s] Invoking command in '/home/shipengl/LRSMT/agiletaur/build/firstcontroller': CMAKE_PREFIX_PATH=/opt/ros/foxy /usr/bin/cmake --build /home/shipengl/LRSMT/agiletaur/build/firstcontroller -- -j16 -l16
[0.236s] [35m[1mScanning dependencies of target firstcontroller[0m
[0.259s] [ 50%] [32mBuilding CXX object CMakeFiles/firstcontroller.dir/src/firstcontroller.cpp.o[0m
[1.559s] [01m[K/home/shipengl/LRSMT/agiletaur/src/agiletaur_controller/firstcontroller/src/firstcontroller.cpp:[m[K In member function ‘[01m[Kvirtual void firstcontroller::firstcontroller::step()[m[K’:
[1.559s] [01m[K/home/shipengl/LRSMT/agiletaur/src/agiletaur_controller/firstcontroller/src/firstcontroller.cpp:16:11:[m[K [01;35m[Kwarning: [m[Ktoo many arguments for format [[01;35m[K-Wformat-extra-args[m[K]
[1.559s]    16 |    printf([01;35m[K"step"[m[K, i);
[1.559s]       |           [01;35m[K^~~~~~[m[K
[2.291s] [100%] [32m[1mLinking CXX shared library libfirstcontroller.so[0m
[2.391s] [100%] Built target firstcontroller
[2.400s] Invoked command in '/home/shipengl/LRSMT/agiletaur/build/firstcontroller' returned '0': CMAKE_PREFIX_PATH=/opt/ros/foxy /usr/bin/cmake --build /home/shipengl/LRSMT/agiletaur/build/firstcontroller -- -j16 -l16
[2.416s] Invoking command in '/home/shipengl/LRSMT/agiletaur/build/firstcontroller': CMAKE_PREFIX_PATH=/opt/ros/foxy /usr/bin/cmake --install /home/shipengl/LRSMT/agiletaur/build/firstcontroller
[2.422s] -- Install configuration: ""
[2.422s] -- Installing: /home/shipengl/LRSMT/agiletaur/install/firstcontroller/share/firstcontroller/firstcontroller.xml
[2.422s] -- Installing: /home/shipengl/LRSMT/agiletaur/install/firstcontroller/lib/libfirstcontroller.so
[2.423s] -- Set runtime path of "/home/shipengl/LRSMT/agiletaur/install/firstcontroller/lib/libfirstcontroller.so" to ""
[2.423s] -- Installing: /home/shipengl/LRSMT/agiletaur/install/firstcontroller/share/firstcontroller/environment/library_path.sh
[2.423s] -- Installing: /home/shipengl/LRSMT/agiletaur/install/firstcontroller/share/firstcontroller/environment/library_path.dsv
[2.423s] -- Up-to-date: /home/shipengl/LRSMT/agiletaur/install/firstcontroller/share/ament_index/resource_index/package_run_dependencies/firstcontroller
[2.423s] -- Installing: /home/shipengl/LRSMT/agiletaur/install/firstcontroller/share/ament_index/resource_index/parent_prefix_path/firstcontroller
[2.423s] -- Up-to-date: /home/shipengl/LRSMT/agiletaur/install/firstcontroller/share/firstcontroller/environment/ament_prefix_path.sh
[2.424s] -- Installing: /home/shipengl/LRSMT/agiletaur/install/firstcontroller/share/firstcontroller/environment/ament_prefix_path.dsv
[2.424s] -- Up-to-date: /home/shipengl/LRSMT/agiletaur/install/firstcontroller/share/firstcontroller/environment/path.sh
[2.424s] -- Installing: /home/shipengl/LRSMT/agiletaur/install/firstcontroller/share/firstcontroller/environment/path.dsv
[2.424s] -- Up-to-date: /home/shipengl/LRSMT/agiletaur/install/firstcontroller/share/firstcontroller/local_setup.bash
[2.424s] -- Installing: /home/shipengl/LRSMT/agiletaur/install/firstcontroller/share/firstcontroller/local_setup.sh
[2.424s] -- Up-to-date: /home/shipengl/LRSMT/agiletaur/install/firstcontroller/share/firstcontroller/local_setup.zsh
[2.424s] -- Installing: /home/shipengl/LRSMT/agiletaur/install/firstcontroller/share/firstcontroller/local_setup.dsv
[2.424s] -- Installing: /home/shipengl/LRSMT/agiletaur/install/firstcontroller/share/firstcontroller/package.dsv
[2.424s] -- Up-to-date: /home/shipengl/LRSMT/agiletaur/install/firstcontroller/share/ament_index/resource_index/packages/firstcontroller
[2.424s] -- Installing: /home/shipengl/LRSMT/agiletaur/install/firstcontroller/share/ament_index/resource_index/webots_ros2_driver__pluginlib__plugin/firstcontroller
[2.424s] -- Installing: /home/shipengl/LRSMT/agiletaur/install/firstcontroller/share/firstcontroller/cmake/ament_cmake_export_include_directories-extras.cmake
[2.424s] -- Installing: /home/shipengl/LRSMT/agiletaur/install/firstcontroller/share/firstcontroller/cmake/ament_cmake_export_libraries-extras.cmake
[2.424s] -- Installing: /home/shipengl/LRSMT/agiletaur/install/firstcontroller/share/firstcontroller/cmake/firstcontrollerConfig.cmake
[2.424s] -- Up-to-date: /home/shipengl/LRSMT/agiletaur/install/firstcontroller/share/firstcontroller/cmake/firstcontrollerConfig-version.cmake
[2.425s] -- Up-to-date: /home/shipengl/LRSMT/agiletaur/install/firstcontroller/share/firstcontroller/package.xml
[2.427s] Invoked command in '/home/shipengl/LRSMT/agiletaur/build/firstcontroller' returned '0': CMAKE_PREFIX_PATH=/opt/ros/foxy /usr/bin/cmake --install /home/shipengl/LRSMT/agiletaur/build/firstcontroller
