[0.042s] Invoking command in '/home/shipengl/LRSMT/agiletaur/build/agiletaur_launcher': CMAKE_PREFIX_PATH=${CMAKE_PREFIX_PATH}:/home/shipengl/LRSMT/agiletaur/install/webots_ros2_epuck:/opt/ros/foxy /usr/bin/cmake /home/shipengl/LRSMT/agiletaur/src/agiletaur_launcher -DCMAKE_INSTALL_PREFIX=/home/shipengl/LRSMT/agiletaur/install/agiletaur_launcher
[0.112s] -- The C compiler identification is GNU 9.3.0
[0.185s] -- The CXX compiler identification is GNU 9.3.0
[0.190s] -- Check for working C compiler: /usr/bin/cc
[0.261s] -- Check for working C compiler: /usr/bin/cc -- works
[0.261s] -- Detecting C compiler ABI info
[0.334s] -- Detecting C compiler ABI info - done
[0.358s] -- Detecting C compile features
[0.358s] -- Detecting C compile features - done
[0.362s] -- Check for working CXX compiler: /usr/bin/c++
[0.444s] -- Check for working CXX compiler: /usr/bin/c++ -- works
[0.445s] -- Detecting CXX compiler ABI info
[0.531s] -- Detecting CXX compiler ABI info - done
[0.549s] -- Detecting CXX compile features
[0.550s] -- Detecting CXX compile features - done
[0.553s] -- Found ament_cmake: 0.9.9 (/opt/ros/foxy/share/ament_cmake/cmake)
[0.584s] -- Found PythonInterp: /usr/bin/python3 (found suitable version "3.8.10", minimum required is "3") 
[0.584s] -- Using PYTHON_EXECUTABLE: /usr/bin/python3
[0.877s] -- Found ament_lint_auto: 0.9.6 (/opt/ros/foxy/share/ament_lint_auto/cmake)
[1.036s] -- Added test 'copyright' to check source files copyright and LICENSE
[1.037s] -- Added test 'flake8' to check Python code syntax and style conventions
[1.038s] -- Added test 'lint_cmake' to check CMake code style
[1.039s] -- Added test 'pep257' to check Python code against some of the style conventions in PEP 257
[1.040s] -- Added test 'xmllint' to check XML markup files
[1.043s] -- Configuring done
[1.046s] -- Generating done
[1.047s] -- Build files have been written to: /home/shipengl/LRSMT/agiletaur/build/agiletaur_launcher
[1.052s] Invoked command in '/home/shipengl/LRSMT/agiletaur/build/agiletaur_launcher' returned '0': CMAKE_PREFIX_PATH=${CMAKE_PREFIX_PATH}:/home/shipengl/LRSMT/agiletaur/install/webots_ros2_epuck:/opt/ros/foxy /usr/bin/cmake /home/shipengl/LRSMT/agiletaur/src/agiletaur_launcher -DCMAKE_INSTALL_PREFIX=/home/shipengl/LRSMT/agiletaur/install/agiletaur_launcher
[1.056s] Invoking command in '/home/shipengl/LRSMT/agiletaur/build/agiletaur_launcher': CMAKE_PREFIX_PATH=${CMAKE_PREFIX_PATH}:/home/shipengl/LRSMT/agiletaur/install/webots_ros2_epuck:/opt/ros/foxy /usr/bin/cmake --build /home/shipengl/LRSMT/agiletaur/build/agiletaur_launcher -- -j16 -l16
[1.121s] Invoked command in '/home/shipengl/LRSMT/agiletaur/build/agiletaur_launcher' returned '0': CMAKE_PREFIX_PATH=${CMAKE_PREFIX_PATH}:/home/shipengl/LRSMT/agiletaur/install/webots_ros2_epuck:/opt/ros/foxy /usr/bin/cmake --build /home/shipengl/LRSMT/agiletaur/build/agiletaur_launcher -- -j16 -l16
[1.172s] Invoking command in '/home/shipengl/LRSMT/agiletaur/build/agiletaur_launcher': CMAKE_PREFIX_PATH=${CMAKE_PREFIX_PATH}:/home/shipengl/LRSMT/agiletaur/install/webots_ros2_epuck:/opt/ros/foxy /usr/bin/cmake --install /home/shipengl/LRSMT/agiletaur/build/agiletaur_launcher
[1.184s] -- Install configuration: ""
[1.184s] -- Installing: /home/shipengl/LRSMT/agiletaur/install/agiletaur_launcher/share/ament_index/resource_index/package_run_dependencies/agiletaur_launcher
[1.184s] -- Installing: /home/shipengl/LRSMT/agiletaur/install/agiletaur_launcher/share/ament_index/resource_index/parent_prefix_path/agiletaur_launcher
[1.185s] -- Installing: /home/shipengl/LRSMT/agiletaur/install/agiletaur_launcher/share/agiletaur_launcher/environment/ament_prefix_path.sh
[1.185s] -- Installing: /home/shipengl/LRSMT/agiletaur/install/agiletaur_launcher/share/agiletaur_launcher/environment/ament_prefix_path.dsv
[1.186s] -- Installing: /home/shipengl/LRSMT/agiletaur/install/agiletaur_launcher/share/agiletaur_launcher/environment/path.sh
[1.186s] -- Installing: /home/shipengl/LRSMT/agiletaur/install/agiletaur_launcher/share/agiletaur_launcher/environment/path.dsv
[1.190s] -- Installing: /home/shipengl/LRSMT/agiletaur/install/agiletaur_launcher/share/agiletaur_launcher/local_setup.bash
[1.190s] -- Installing: /home/shipengl/LRSMT/agiletaur/install/agiletaur_launcher/share/agiletaur_launcher/local_setup.sh
[1.190s] -- Installing: /home/shipengl/LRSMT/agiletaur/install/agiletaur_launcher/share/agiletaur_launcher/local_setup.zsh
[1.190s] -- Installing: /home/shipengl/LRSMT/agiletaur/install/agiletaur_launcher/share/agiletaur_launcher/local_setup.dsv
[1.191s] -- Installing: /home/shipengl/LRSMT/agiletaur/install/agiletaur_launcher/share/agiletaur_launcher/package.dsv
[1.191s] -- Installing: /home/shipengl/LRSMT/agiletaur/install/agiletaur_launcher/share/ament_index/resource_index/packages/agiletaur_launcher
[1.191s] -- Installing: /home/shipengl/LRSMT/agiletaur/install/agiletaur_launcher/share/agiletaur_launcher/cmake/agiletaur_launcherConfig.cmake
[1.191s] -- Installing: /home/shipengl/LRSMT/agiletaur/install/agiletaur_launcher/share/agiletaur_launcher/cmake/agiletaur_launcherConfig-version.cmake
[1.191s] -- Installing: /home/shipengl/LRSMT/agiletaur/install/agiletaur_launcher/share/agiletaur_launcher/package.xml
[1.208s] Invoked command in '/home/shipengl/LRSMT/agiletaur/build/agiletaur_launcher' returned '0': CMAKE_PREFIX_PATH=${CMAKE_PREFIX_PATH}:/home/shipengl/LRSMT/agiletaur/install/webots_ros2_epuck:/opt/ros/foxy /usr/bin/cmake --install /home/shipengl/LRSMT/agiletaur/build/agiletaur_launcher
