[0.039s] Invoking command in '/home/shipengl/LRSMT/agiletaur/build/webots_ros2_msgs': CMAKE_PREFIX_PATH=/opt/ros/foxy /usr/bin/cmake /home/shipengl/LRSMT/agiletaur/src/webots_ros2_control/webots_ros2_msgs -DCMAKE_INSTALL_PREFIX=/home/shipengl/LRSMT/agiletaur/install/webots_ros2_msgs
[0.095s] -- The C compiler identification is GNU 9.3.0
[0.158s] -- The CXX compiler identification is GNU 9.3.0
[0.165s] -- Check for working C compiler: /usr/bin/cc
[0.242s] -- Check for working C compiler: /usr/bin/cc -- works
[0.243s] -- Detecting C compiler ABI info
[0.321s] -- Detecting C compiler ABI info - done
[0.336s] -- Detecting C compile features
[0.337s] -- Detecting C compile features - done
[0.341s] -- Check for working CXX compiler: /usr/bin/c++
[0.424s] -- Check for working CXX compiler: /usr/bin/c++ -- works
[0.425s] -- Detecting CXX compiler ABI info
[0.525s] -- Detecting CXX compiler ABI info - done
[0.546s] -- Detecting CXX compile features
[0.547s] -- Detecting CXX compile features - done
[0.550s] -- Found ament_cmake: 0.9.9 (/opt/ros/foxy/share/ament_cmake/cmake)
[0.579s] -- Found PythonInterp: /usr/bin/python3 (found suitable version "3.8.10", minimum required is "3") 
[0.579s] -- Using PYTHON_EXECUTABLE: /usr/bin/python3
[0.834s] -- Found builtin_interfaces: 1.0.0 (/opt/ros/foxy/share/builtin_interfaces/cmake)
[0.870s] -- Using all available rosidl_typesupport_c: rosidl_typesupport_fastrtps_c;rosidl_typesupport_introspection_c
[0.879s] -- Found rosidl_adapter: 1.2.1 (/opt/ros/foxy/share/rosidl_adapter/cmake)
[0.963s] -- Found OpenSSL: /usr/lib/x86_64-linux-gnu/libcrypto.so (found version "1.1.1f")  
[0.997s] -- Found FastRTPS: /opt/ros/foxy/include  
[1.086s] -- Using all available rosidl_typesupport_cpp: rosidl_typesupport_fastrtps_cpp;rosidl_typesupport_introspection_cpp
[1.119s] -- Found rosidl_default_generators: 1.0.1 (/opt/ros/foxy/share/rosidl_default_generators/cmake)
[1.133s] -- Found geometry_msgs: 2.0.4 (/opt/ros/foxy/share/geometry_msgs/cmake)
[1.227s] -- Found vision_msgs: 2.0.0 (/opt/ros/foxy/share/vision_msgs/cmake)
[1.516s] -- Found PythonInterp: /usr/bin/python3 (found version "3.8.10") 
[1.823s] -- Found ament_cmake_cppcheck: 0.9.6 (/opt/ros/foxy/share/ament_cmake_cppcheck/cmake)
[1.825s] -- Found ament_cmake_cpplint: 0.9.6 (/opt/ros/foxy/share/ament_cmake_cpplint/cmake)
[1.827s] -- Found ament_cmake_uncrustify: 0.9.6 (/opt/ros/foxy/share/ament_cmake_uncrustify/cmake)
[1.829s] -- Found ament_cmake_ros: 0.9.2 (/opt/ros/foxy/share/ament_cmake_ros/cmake)
[2.236s] -- Using all available rosidl_typesupport_c: rosidl_typesupport_fastrtps_c;rosidl_typesupport_introspection_c
[2.439s] -- Using all available rosidl_typesupport_cpp: rosidl_typesupport_fastrtps_cpp;rosidl_typesupport_introspection_cpp
[2.466s] -- Found PythonInterp: /usr/bin/python3 (found suitable version "3.8.10", minimum required is "3.5") 
[2.467s] -- Found python_cmake_module: 0.8.1 (/opt/ros/foxy/share/python_cmake_module/cmake)
[2.493s] -- Found PythonLibs: /usr/lib/x86_64-linux-gnu/libpython3.8.so (found suitable version "3.8.10", minimum required is "3.5") 
[2.493s] -- Using PYTHON_EXECUTABLE: /usr/bin/python3
[2.493s] -- Using PYTHON_INCLUDE_DIRS: /usr/include/python3.8
[2.493s] -- Using PYTHON_LIBRARIES: /usr/lib/x86_64-linux-gnu/libpython3.8.so
[2.513s] -- Found PythonExtra: .so  
[2.617s] -- Found ament_cmake_flake8: 0.9.6 (/opt/ros/foxy/share/ament_cmake_flake8/cmake)
[2.619s] -- Found ament_cmake_pep257: 0.9.6 (/opt/ros/foxy/share/ament_cmake_pep257/cmake)
[2.622s] -- Found ament_lint_auto: 0.9.6 (/opt/ros/foxy/share/ament_lint_auto/cmake)
[2.636s] -- Added test 'lint_cmake' to check CMake code style
[2.636s] -- Added test 'xmllint' to check XML markup files
[2.642s] -- Configuring done
[2.719s] -- Generating done
[2.722s] -- Build files have been written to: /home/shipengl/LRSMT/agiletaur/build/webots_ros2_msgs
[2.731s] Invoked command in '/home/shipengl/LRSMT/agiletaur/build/webots_ros2_msgs' returned '0': CMAKE_PREFIX_PATH=/opt/ros/foxy /usr/bin/cmake /home/shipengl/LRSMT/agiletaur/src/webots_ros2_control/webots_ros2_msgs -DCMAKE_INSTALL_PREFIX=/home/shipengl/LRSMT/agiletaur/install/webots_ros2_msgs
[2.734s] Invoking command in '/home/shipengl/LRSMT/agiletaur/build/webots_ros2_msgs': CMAKE_PREFIX_PATH=/opt/ros/foxy /usr/bin/cmake --build /home/shipengl/LRSMT/agiletaur/build/webots_ros2_msgs -- -j16 -l16
[2.773s] [35m[1mScanning dependencies of target webots_ros2_msgs__cpp[0m
[2.773s] [  2%] [34m[1mGenerating C code for ROS interfaces[0m
[2.782s] [  4%] [34m[1mGenerating C++ code for ROS interfaces[0m
[3.090s] [35m[1mScanning dependencies of target webots_ros2_msgs__rosidl_generator_c[0m
[3.091s] [  4%] Built target webots_ros2_msgs__cpp
[3.103s] [  6%] [34m[1mGenerating C++ type support dispatch for ROS interfaces[0m
[3.103s] [  8%] [34m[1mGenerating C++ introspection for ROS interfaces[0m
[3.104s] [ 10%] [32mBuilding C object CMakeFiles/webots_ros2_msgs__rosidl_generator_c.dir/rosidl_generator_c/webots_ros2_msgs/msg/detail/wb_camera_recognition_object__functions.c.o[0m
[3.104s] [ 12%] [34m[1mGenerating C++ type support for eProsima Fast-RTPS[0m
[3.105s] [ 14%] [32mBuilding C object CMakeFiles/webots_ros2_msgs__rosidl_generator_c.dir/rosidl_generator_c/webots_ros2_msgs/srv/detail/set_int__functions.c.o[0m
[3.107s] [ 17%] [32mBuilding C object CMakeFiles/webots_ros2_msgs__rosidl_generator_c.dir/rosidl_generator_c/webots_ros2_msgs/msg/detail/wb_camera_recognition_objects__functions.c.o[0m
[3.162s] [ 19%] [32m[1mLinking C shared library libwebots_ros2_msgs__rosidl_generator_c.so[0m
[3.200s] [ 19%] Built target webots_ros2_msgs__rosidl_generator_c
[3.212s] [ 23%] [34m[1mGenerating C introspection for ROS interfaces[0m
[3.212s] [ 23%] [34m[1mGenerating C type support dispatch for ROS interfaces[0m
[3.416s] [35m[1mScanning dependencies of target webots_ros2_msgs__rosidl_typesupport_introspection_cpp[0m
[3.429s] [35m[1mScanning dependencies of target webots_ros2_msgs__rosidl_typesupport_cpp[0m
[3.431s] [ 25%] [32mBuilding CXX object CMakeFiles/webots_ros2_msgs__rosidl_typesupport_introspection_cpp.dir/rosidl_typesupport_introspection_cpp/webots_ros2_msgs/msg/detail/wb_camera_recognition_object__type_support.cpp.o[0m
[3.434s] [ 27%] [32mBuilding CXX object CMakeFiles/webots_ros2_msgs__rosidl_typesupport_introspection_cpp.dir/rosidl_typesupport_introspection_cpp/webots_ros2_msgs/msg/detail/wb_camera_recognition_objects__type_support.cpp.o[0m
[3.435s] [ 29%] [32mBuilding CXX object CMakeFiles/webots_ros2_msgs__rosidl_typesupport_introspection_cpp.dir/rosidl_typesupport_introspection_cpp/webots_ros2_msgs/srv/detail/set_int__type_support.cpp.o[0m
[3.451s] [ 31%] [32mBuilding CXX object CMakeFiles/webots_ros2_msgs__rosidl_typesupport_cpp.dir/rosidl_typesupport_cpp/webots_ros2_msgs/msg/wb_camera_recognition_objects__type_support.cpp.o[0m
[3.451s] [ 34%] [32mBuilding CXX object CMakeFiles/webots_ros2_msgs__rosidl_typesupport_cpp.dir/rosidl_typesupport_cpp/webots_ros2_msgs/msg/wb_camera_recognition_object__type_support.cpp.o[0m
[3.451s] [ 36%] [32mBuilding CXX object CMakeFiles/webots_ros2_msgs__rosidl_typesupport_cpp.dir/rosidl_typesupport_cpp/webots_ros2_msgs/srv/set_int__type_support.cpp.o[0m
[3.511s] [35m[1mScanning dependencies of target webots_ros2_msgs__rosidl_typesupport_c[0m
[3.534s] [ 38%] [32mBuilding CXX object CMakeFiles/webots_ros2_msgs__rosidl_typesupport_c.dir/rosidl_typesupport_c/webots_ros2_msgs/msg/wb_camera_recognition_objects__type_support.cpp.o[0m
[3.535s] [ 40%] [32mBuilding CXX object CMakeFiles/webots_ros2_msgs__rosidl_typesupport_c.dir/rosidl_typesupport_c/webots_ros2_msgs/msg/wb_camera_recognition_object__type_support.cpp.o[0m
[3.535s] [ 42%] [32mBuilding CXX object CMakeFiles/webots_ros2_msgs__rosidl_typesupport_c.dir/rosidl_typesupport_c/webots_ros2_msgs/srv/set_int__type_support.cpp.o[0m
[3.588s] [ 44%] [32m[1mLinking CXX shared library libwebots_ros2_msgs__rosidl_typesupport_c.so[0m
[3.592s] [35m[1mScanning dependencies of target webots_ros2_msgs__rosidl_typesupport_introspection_c[0m
[3.618s] [ 46%] [32mBuilding C object CMakeFiles/webots_ros2_msgs__rosidl_typesupport_introspection_c.dir/rosidl_typesupport_introspection_c/webots_ros2_msgs/msg/detail/wb_camera_recognition_object__type_support.c.o[0m
[3.619s] [ 48%] [32mBuilding C object CMakeFiles/webots_ros2_msgs__rosidl_typesupport_introspection_c.dir/rosidl_typesupport_introspection_c/webots_ros2_msgs/srv/detail/set_int__type_support.c.o[0m
[3.619s] [ 51%] [32mBuilding C object CMakeFiles/webots_ros2_msgs__rosidl_typesupport_introspection_c.dir/rosidl_typesupport_introspection_c/webots_ros2_msgs/msg/detail/wb_camera_recognition_objects__type_support.c.o[0m
[3.664s] [ 51%] Built target webots_ros2_msgs__rosidl_typesupport_c
[3.674s] [ 53%] [32m[1mLinking C shared library libwebots_ros2_msgs__rosidl_typesupport_introspection_c.so[0m
[3.682s] [35m[1mScanning dependencies of target webots_ros2_msgs__rosidl_typesupport_fastrtps_cpp[0m
[3.712s] [ 55%] [32mBuilding CXX object CMakeFiles/webots_ros2_msgs__rosidl_typesupport_fastrtps_cpp.dir/rosidl_typesupport_fastrtps_cpp/webots_ros2_msgs/msg/detail/dds_fastrtps/wb_camera_recognition_objects__type_support.cpp.o[0m
[3.713s] [ 57%] [32mBuilding CXX object CMakeFiles/webots_ros2_msgs__rosidl_typesupport_fastrtps_cpp.dir/rosidl_typesupport_fastrtps_cpp/webots_ros2_msgs/msg/detail/dds_fastrtps/wb_camera_recognition_object__type_support.cpp.o[0m
[3.719s] [ 57%] Built target webots_ros2_msgs__rosidl_typesupport_introspection_c
[3.721s] [ 59%] [32mBuilding CXX object CMakeFiles/webots_ros2_msgs__rosidl_typesupport_fastrtps_cpp.dir/rosidl_typesupport_fastrtps_cpp/webots_ros2_msgs/srv/detail/dds_fastrtps/set_int__type_support.cpp.o[0m
[3.957s] [ 61%] [32m[1mLinking CXX shared library libwebots_ros2_msgs__rosidl_typesupport_cpp.so[0m
[4.007s] [ 61%] Built target webots_ros2_msgs__rosidl_typesupport_cpp
[4.024s] [ 63%] [32m[1mLinking CXX shared library libwebots_ros2_msgs__rosidl_typesupport_introspection_cpp.so[0m
[4.103s] [ 63%] Built target webots_ros2_msgs__rosidl_typesupport_introspection_cpp
[4.293s] [ 65%] [32m[1mLinking CXX shared library libwebots_ros2_msgs__rosidl_typesupport_fastrtps_cpp.so[0m
[4.390s] [ 65%] Built target webots_ros2_msgs__rosidl_typesupport_fastrtps_cpp
[4.400s] [ 68%] [34m[1mGenerating C type support for eProsima Fast-RTPS[0m
[4.665s] [35m[1mScanning dependencies of target webots_ros2_msgs__rosidl_typesupport_fastrtps_c[0m
[4.685s] [ 70%] [32mBuilding CXX object CMakeFiles/webots_ros2_msgs__rosidl_typesupport_fastrtps_c.dir/rosidl_typesupport_fastrtps_c/webots_ros2_msgs/msg/detail/wb_camera_recognition_objects__type_support_c.cpp.o[0m
[4.685s] [ 74%] [32mBuilding CXX object CMakeFiles/webots_ros2_msgs__rosidl_typesupport_fastrtps_c.dir/rosidl_typesupport_fastrtps_c/webots_ros2_msgs/msg/detail/wb_camera_recognition_object__type_support_c.cpp.o[0m
[4.685s] [ 74%] [32mBuilding CXX object CMakeFiles/webots_ros2_msgs__rosidl_typesupport_fastrtps_c.dir/rosidl_typesupport_fastrtps_c/webots_ros2_msgs/srv/detail/set_int__type_support_c.cpp.o[0m
[5.021s] [ 76%] [32m[1mLinking CXX shared library libwebots_ros2_msgs__rosidl_typesupport_fastrtps_c.so[0m
[5.091s] [ 76%] Built target webots_ros2_msgs__rosidl_typesupport_fastrtps_c
[5.098s] [35m[1mScanning dependencies of target webots_ros2_msgs[0m
[5.108s] [ 76%] Built target webots_ros2_msgs
[5.115s] [35m[1mScanning dependencies of target webots_ros2_msgs__py[0m
[5.124s] [ 78%] [34m[1mGenerating Python code for ROS interfaces[0m
[5.610s] [ 78%] Built target webots_ros2_msgs__py
[5.618s] [35m[1mScanning dependencies of target webots_ros2_msgs__python[0m
[5.638s] [ 85%] [32mBuilding C object CMakeFiles/webots_ros2_msgs__python.dir/rosidl_generator_py/webots_ros2_msgs/srv/_set_int_s.c.o[0m
[5.638s] [ 85%] [32mBuilding C object CMakeFiles/webots_ros2_msgs__python.dir/rosidl_generator_py/webots_ros2_msgs/msg/_wb_camera_recognition_object_s.c.o[0m
[5.638s] [ 85%] [32mBuilding C object CMakeFiles/webots_ros2_msgs__python.dir/rosidl_generator_py/webots_ros2_msgs/msg/_wb_camera_recognition_objects_s.c.o[0m
[5.721s] [ 87%] [32m[1mLinking C shared library rosidl_generator_py/webots_ros2_msgs/libwebots_ros2_msgs__python.so[0m
[5.758s] [ 87%] Built target webots_ros2_msgs__python
[5.767s] [35m[1mScanning dependencies of target webots_ros2_msgs__rosidl_typesupport_c__pyext[0m
[5.767s] [35m[1mScanning dependencies of target webots_ros2_msgs__rosidl_typesupport_introspection_c__pyext[0m
[5.767s] [35m[1mScanning dependencies of target webots_ros2_msgs__rosidl_typesupport_fastrtps_c__pyext[0m
[5.784s] [ 91%] [32mBuilding C object CMakeFiles/webots_ros2_msgs__rosidl_typesupport_introspection_c__pyext.dir/rosidl_generator_py/webots_ros2_msgs/_webots_ros2_msgs_s.ep.rosidl_typesupport_introspection_c.c.o[0m
[5.784s] [ 91%] [32mBuilding C object CMakeFiles/webots_ros2_msgs__rosidl_typesupport_c__pyext.dir/rosidl_generator_py/webots_ros2_msgs/_webots_ros2_msgs_s.ep.rosidl_typesupport_c.c.o[0m
[5.789s] [ 93%] [32mBuilding C object CMakeFiles/webots_ros2_msgs__rosidl_typesupport_fastrtps_c__pyext.dir/rosidl_generator_py/webots_ros2_msgs/_webots_ros2_msgs_s.ep.rosidl_typesupport_fastrtps_c.c.o[0m
[5.863s] [ 95%] [32m[1mLinking C shared library rosidl_generator_py/webots_ros2_msgs/webots_ros2_msgs_s__rosidl_typesupport_c.cpython-38-x86_64-linux-gnu.so[0m
[5.865s] [ 97%] [32m[1mLinking C shared library rosidl_generator_py/webots_ros2_msgs/webots_ros2_msgs_s__rosidl_typesupport_introspection_c.cpython-38-x86_64-linux-gnu.so[0m
[5.870s] [100%] [32m[1mLinking CXX shared library rosidl_generator_py/webots_ros2_msgs/webots_ros2_msgs_s__rosidl_typesupport_fastrtps_c.cpython-38-x86_64-linux-gnu.so[0m
[5.902s] [100%] Built target webots_ros2_msgs__rosidl_typesupport_c__pyext
[5.904s] [100%] Built target webots_ros2_msgs__rosidl_typesupport_introspection_c__pyext
[5.934s] [100%] Built target webots_ros2_msgs__rosidl_typesupport_fastrtps_c__pyext
[5.943s] Invoked command in '/home/shipengl/LRSMT/agiletaur/build/webots_ros2_msgs' returned '0': CMAKE_PREFIX_PATH=/opt/ros/foxy /usr/bin/cmake --build /home/shipengl/LRSMT/agiletaur/build/webots_ros2_msgs -- -j16 -l16
[5.990s] Invoking command in '/home/shipengl/LRSMT/agiletaur/build/webots_ros2_msgs': CMAKE_PREFIX_PATH=/opt/ros/foxy /usr/bin/cmake --install /home/shipengl/LRSMT/agiletaur/build/webots_ros2_msgs
[5.997s] -- Install configuration: ""
[5.997s] -- Installing: /home/shipengl/LRSMT/agiletaur/install/webots_ros2_msgs/share/ament_index/resource_index/rosidl_interfaces/webots_ros2_msgs
[5.997s] -- Installing: /home/shipengl/LRSMT/agiletaur/install/webots_ros2_msgs/include/webots_ros2_msgs
[5.997s] -- Installing: /home/shipengl/LRSMT/agiletaur/install/webots_ros2_msgs/include/webots_ros2_msgs/srv
[5.997s] -- Installing: /home/shipengl/LRSMT/agiletaur/install/webots_ros2_msgs/include/webots_ros2_msgs/srv/set_int.h
[5.997s] -- Installing: /home/shipengl/LRSMT/agiletaur/install/webots_ros2_msgs/include/webots_ros2_msgs/srv/detail
[5.998s] -- Installing: /home/shipengl/LRSMT/agiletaur/install/webots_ros2_msgs/include/webots_ros2_msgs/srv/detail/set_int__functions.c
[5.998s] -- Installing: /home/shipengl/LRSMT/agiletaur/install/webots_ros2_msgs/include/webots_ros2_msgs/srv/detail/set_int__type_support.h
[5.998s] -- Installing: /home/shipengl/LRSMT/agiletaur/install/webots_ros2_msgs/include/webots_ros2_msgs/srv/detail/set_int__functions.h
[5.998s] -- Installing: /home/shipengl/LRSMT/agiletaur/install/webots_ros2_msgs/include/webots_ros2_msgs/srv/detail/set_int__struct.h
[5.998s] -- Installing: /home/shipengl/LRSMT/agiletaur/install/webots_ros2_msgs/include/webots_ros2_msgs/msg
[5.998s] -- Installing: /home/shipengl/LRSMT/agiletaur/install/webots_ros2_msgs/include/webots_ros2_msgs/msg/rosidl_generator_c__visibility_control.h
[5.998s] -- Installing: /home/shipengl/LRSMT/agiletaur/install/webots_ros2_msgs/include/webots_ros2_msgs/msg/wb_camera_recognition_objects.h
[5.998s] -- Installing: /home/shipengl/LRSMT/agiletaur/install/webots_ros2_msgs/include/webots_ros2_msgs/msg/detail
[5.999s] -- Installing: /home/shipengl/LRSMT/agiletaur/install/webots_ros2_msgs/include/webots_ros2_msgs/msg/detail/wb_camera_recognition_object__struct.h
[5.999s] -- Installing: /home/shipengl/LRSMT/agiletaur/install/webots_ros2_msgs/include/webots_ros2_msgs/msg/detail/wb_camera_recognition_object__functions.h
[5.999s] -- Installing: /home/shipengl/LRSMT/agiletaur/install/webots_ros2_msgs/include/webots_ros2_msgs/msg/detail/wb_camera_recognition_object__functions.c
[5.999s] -- Installing: /home/shipengl/LRSMT/agiletaur/install/webots_ros2_msgs/include/webots_ros2_msgs/msg/detail/wb_camera_recognition_objects__functions.c
[5.999s] -- Installing: /home/shipengl/LRSMT/agiletaur/install/webots_ros2_msgs/include/webots_ros2_msgs/msg/detail/wb_camera_recognition_object__type_support.h
[5.999s] -- Installing: /home/shipengl/LRSMT/agiletaur/install/webots_ros2_msgs/include/webots_ros2_msgs/msg/detail/wb_camera_recognition_objects__functions.h
[5.999s] -- Installing: /home/shipengl/LRSMT/agiletaur/install/webots_ros2_msgs/include/webots_ros2_msgs/msg/detail/wb_camera_recognition_objects__struct.h
[6.000s] -- Installing: /home/shipengl/LRSMT/agiletaur/install/webots_ros2_msgs/include/webots_ros2_msgs/msg/detail/wb_camera_recognition_objects__type_support.h
[6.000s] -- Installing: /home/shipengl/LRSMT/agiletaur/install/webots_ros2_msgs/include/webots_ros2_msgs/msg/wb_camera_recognition_object.h
[6.000s] -- Installing: /home/shipengl/LRSMT/agiletaur/install/webots_ros2_msgs/share/webots_ros2_msgs/environment/library_path.sh
[6.000s] -- Installing: /home/shipengl/LRSMT/agiletaur/install/webots_ros2_msgs/share/webots_ros2_msgs/environment/library_path.dsv
[6.000s] -- Installing: /home/shipengl/LRSMT/agiletaur/install/webots_ros2_msgs/lib/libwebots_ros2_msgs__rosidl_generator_c.so
[6.000s] -- Set runtime path of "/home/shipengl/LRSMT/agiletaur/install/webots_ros2_msgs/lib/libwebots_ros2_msgs__rosidl_generator_c.so" to ""
[6.000s] -- Up-to-date: /home/shipengl/LRSMT/agiletaur/install/webots_ros2_msgs/include/webots_ros2_msgs
[6.001s] -- Up-to-date: /home/shipengl/LRSMT/agiletaur/install/webots_ros2_msgs/include/webots_ros2_msgs/srv
[6.001s] -- Up-to-date: /home/shipengl/LRSMT/agiletaur/install/webots_ros2_msgs/include/webots_ros2_msgs/srv/detail
[6.001s] -- Installing: /home/shipengl/LRSMT/agiletaur/install/webots_ros2_msgs/include/webots_ros2_msgs/srv/detail/set_int__rosidl_typesupport_fastrtps_c.h
[6.001s] -- Up-to-date: /home/shipengl/LRSMT/agiletaur/install/webots_ros2_msgs/include/webots_ros2_msgs/msg
[6.001s] -- Installing: /home/shipengl/LRSMT/agiletaur/install/webots_ros2_msgs/include/webots_ros2_msgs/msg/rosidl_typesupport_fastrtps_c__visibility_control.h
[6.001s] -- Up-to-date: /home/shipengl/LRSMT/agiletaur/install/webots_ros2_msgs/include/webots_ros2_msgs/msg/detail
[6.002s] -- Installing: /home/shipengl/LRSMT/agiletaur/install/webots_ros2_msgs/include/webots_ros2_msgs/msg/detail/wb_camera_recognition_objects__rosidl_typesupport_fastrtps_c.h
[6.002s] -- Installing: /home/shipengl/LRSMT/agiletaur/install/webots_ros2_msgs/include/webots_ros2_msgs/msg/detail/wb_camera_recognition_object__rosidl_typesupport_fastrtps_c.h
[6.002s] -- Installing: /home/shipengl/LRSMT/agiletaur/install/webots_ros2_msgs/lib/libwebots_ros2_msgs__rosidl_typesupport_fastrtps_c.so
[6.002s] -- Set runtime path of "/home/shipengl/LRSMT/agiletaur/install/webots_ros2_msgs/lib/libwebots_ros2_msgs__rosidl_typesupport_fastrtps_c.so" to ""
[6.002s] -- Up-to-date: /home/shipengl/LRSMT/agiletaur/install/webots_ros2_msgs/include/webots_ros2_msgs
[6.002s] -- Up-to-date: /home/shipengl/LRSMT/agiletaur/install/webots_ros2_msgs/include/webots_ros2_msgs/srv
[6.003s] -- Up-to-date: /home/shipengl/LRSMT/agiletaur/install/webots_ros2_msgs/include/webots_ros2_msgs/srv/detail
[6.003s] -- Installing: /home/shipengl/LRSMT/agiletaur/install/webots_ros2_msgs/include/webots_ros2_msgs/srv/detail/set_int__rosidl_typesupport_fastrtps_cpp.hpp
[6.003s] -- Installing: /home/shipengl/LRSMT/agiletaur/install/webots_ros2_msgs/include/webots_ros2_msgs/srv/detail/dds_fastrtps
[6.003s] -- Up-to-date: /home/shipengl/LRSMT/agiletaur/install/webots_ros2_msgs/include/webots_ros2_msgs/msg
[6.003s] -- Installing: /home/shipengl/LRSMT/agiletaur/install/webots_ros2_msgs/include/webots_ros2_msgs/msg/rosidl_typesupport_fastrtps_cpp__visibility_control.h
[6.003s] -- Up-to-date: /home/shipengl/LRSMT/agiletaur/install/webots_ros2_msgs/include/webots_ros2_msgs/msg/detail
[6.003s] -- Installing: /home/shipengl/LRSMT/agiletaur/install/webots_ros2_msgs/include/webots_ros2_msgs/msg/detail/wb_camera_recognition_objects__rosidl_typesupport_fastrtps_cpp.hpp
[6.003s] -- Installing: /home/shipengl/LRSMT/agiletaur/install/webots_ros2_msgs/include/webots_ros2_msgs/msg/detail/wb_camera_recognition_object__rosidl_typesupport_fastrtps_cpp.hpp
[6.004s] -- Installing: /home/shipengl/LRSMT/agiletaur/install/webots_ros2_msgs/include/webots_ros2_msgs/msg/detail/dds_fastrtps
[6.004s] -- Installing: /home/shipengl/LRSMT/agiletaur/install/webots_ros2_msgs/lib/libwebots_ros2_msgs__rosidl_typesupport_fastrtps_cpp.so
[6.004s] -- Set runtime path of "/home/shipengl/LRSMT/agiletaur/install/webots_ros2_msgs/lib/libwebots_ros2_msgs__rosidl_typesupport_fastrtps_cpp.so" to ""
[6.004s] -- Up-to-date: /home/shipengl/LRSMT/agiletaur/install/webots_ros2_msgs/include/webots_ros2_msgs
[6.004s] -- Up-to-date: /home/shipengl/LRSMT/agiletaur/install/webots_ros2_msgs/include/webots_ros2_msgs/srv
[6.004s] -- Up-to-date: /home/shipengl/LRSMT/agiletaur/install/webots_ros2_msgs/include/webots_ros2_msgs/srv/detail
[6.004s] -- Installing: /home/shipengl/LRSMT/agiletaur/install/webots_ros2_msgs/include/webots_ros2_msgs/srv/detail/set_int__type_support.c
[6.004s] -- Installing: /home/shipengl/LRSMT/agiletaur/install/webots_ros2_msgs/include/webots_ros2_msgs/srv/detail/set_int__rosidl_typesupport_introspection_c.h
[6.005s] -- Up-to-date: /home/shipengl/LRSMT/agiletaur/install/webots_ros2_msgs/include/webots_ros2_msgs/msg
[6.005s] -- Installing: /home/shipengl/LRSMT/agiletaur/install/webots_ros2_msgs/include/webots_ros2_msgs/msg/rosidl_typesupport_introspection_c__visibility_control.h
[6.005s] -- Up-to-date: /home/shipengl/LRSMT/agiletaur/install/webots_ros2_msgs/include/webots_ros2_msgs/msg/detail
[6.005s] -- Installing: /home/shipengl/LRSMT/agiletaur/install/webots_ros2_msgs/include/webots_ros2_msgs/msg/detail/wb_camera_recognition_objects__type_support.c
[6.005s] -- Installing: /home/shipengl/LRSMT/agiletaur/install/webots_ros2_msgs/include/webots_ros2_msgs/msg/detail/wb_camera_recognition_object__type_support.c
[6.005s] -- Installing: /home/shipengl/LRSMT/agiletaur/install/webots_ros2_msgs/include/webots_ros2_msgs/msg/detail/wb_camera_recognition_objects__rosidl_typesupport_introspection_c.h
[6.005s] -- Installing: /home/shipengl/LRSMT/agiletaur/install/webots_ros2_msgs/include/webots_ros2_msgs/msg/detail/wb_camera_recognition_object__rosidl_typesupport_introspection_c.h
[6.005s] -- Installing: /home/shipengl/LRSMT/agiletaur/install/webots_ros2_msgs/lib/libwebots_ros2_msgs__rosidl_typesupport_introspection_c.so
[6.005s] -- Set runtime path of "/home/shipengl/LRSMT/agiletaur/install/webots_ros2_msgs/lib/libwebots_ros2_msgs__rosidl_typesupport_introspection_c.so" to ""
[6.006s] -- Installing: /home/shipengl/LRSMT/agiletaur/install/webots_ros2_msgs/lib/libwebots_ros2_msgs__rosidl_typesupport_c.so
[6.006s] -- Set runtime path of "/home/shipengl/LRSMT/agiletaur/install/webots_ros2_msgs/lib/libwebots_ros2_msgs__rosidl_typesupport_c.so" to ""
[6.006s] -- Up-to-date: /home/shipengl/LRSMT/agiletaur/install/webots_ros2_msgs/include/webots_ros2_msgs
[6.006s] -- Up-to-date: /home/shipengl/LRSMT/agiletaur/install/webots_ros2_msgs/include/webots_ros2_msgs/srv
[6.006s] -- Installing: /home/shipengl/LRSMT/agiletaur/install/webots_ros2_msgs/include/webots_ros2_msgs/srv/set_int.hpp
[6.006s] -- Up-to-date: /home/shipengl/LRSMT/agiletaur/install/webots_ros2_msgs/include/webots_ros2_msgs/srv/detail
[6.006s] -- Installing: /home/shipengl/LRSMT/agiletaur/install/webots_ros2_msgs/include/webots_ros2_msgs/srv/detail/set_int__traits.hpp
[6.006s] -- Installing: /home/shipengl/LRSMT/agiletaur/install/webots_ros2_msgs/include/webots_ros2_msgs/srv/detail/set_int__builder.hpp
[6.006s] -- Installing: /home/shipengl/LRSMT/agiletaur/install/webots_ros2_msgs/include/webots_ros2_msgs/srv/detail/set_int__struct.hpp
[6.007s] -- Up-to-date: /home/shipengl/LRSMT/agiletaur/install/webots_ros2_msgs/include/webots_ros2_msgs/msg
[6.007s] -- Installing: /home/shipengl/LRSMT/agiletaur/install/webots_ros2_msgs/include/webots_ros2_msgs/msg/wb_camera_recognition_objects.hpp
[6.007s] -- Installing: /home/shipengl/LRSMT/agiletaur/install/webots_ros2_msgs/include/webots_ros2_msgs/msg/wb_camera_recognition_object.hpp
[6.007s] -- Up-to-date: /home/shipengl/LRSMT/agiletaur/install/webots_ros2_msgs/include/webots_ros2_msgs/msg/detail
[6.007s] -- Installing: /home/shipengl/LRSMT/agiletaur/install/webots_ros2_msgs/include/webots_ros2_msgs/msg/detail/wb_camera_recognition_objects__builder.hpp
[6.007s] -- Installing: /home/shipengl/LRSMT/agiletaur/install/webots_ros2_msgs/include/webots_ros2_msgs/msg/detail/wb_camera_recognition_objects__traits.hpp
[6.007s] -- Installing: /home/shipengl/LRSMT/agiletaur/install/webots_ros2_msgs/include/webots_ros2_msgs/msg/detail/wb_camera_recognition_object__builder.hpp
[6.007s] -- Installing: /home/shipengl/LRSMT/agiletaur/install/webots_ros2_msgs/include/webots_ros2_msgs/msg/detail/wb_camera_recognition_objects__struct.hpp
[6.007s] -- Installing: /home/shipengl/LRSMT/agiletaur/install/webots_ros2_msgs/include/webots_ros2_msgs/msg/detail/wb_camera_recognition_object__traits.hpp
[6.008s] -- Installing: /home/shipengl/LRSMT/agiletaur/install/webots_ros2_msgs/include/webots_ros2_msgs/msg/detail/wb_camera_recognition_object__struct.hpp
[6.008s] -- Up-to-date: /home/shipengl/LRSMT/agiletaur/install/webots_ros2_msgs/include/webots_ros2_msgs
[6.008s] -- Up-to-date: /home/shipengl/LRSMT/agiletaur/install/webots_ros2_msgs/include/webots_ros2_msgs/srv
[6.008s] -- Up-to-date: /home/shipengl/LRSMT/agiletaur/install/webots_ros2_msgs/include/webots_ros2_msgs/srv/detail
[6.008s] -- Installing: /home/shipengl/LRSMT/agiletaur/install/webots_ros2_msgs/include/webots_ros2_msgs/srv/detail/set_int__rosidl_typesupport_introspection_cpp.hpp
[6.008s] -- Installing: /home/shipengl/LRSMT/agiletaur/install/webots_ros2_msgs/include/webots_ros2_msgs/srv/detail/set_int__type_support.cpp
[6.008s] -- Up-to-date: /home/shipengl/LRSMT/agiletaur/install/webots_ros2_msgs/include/webots_ros2_msgs/msg
[6.008s] -- Up-to-date: /home/shipengl/LRSMT/agiletaur/install/webots_ros2_msgs/include/webots_ros2_msgs/msg/detail
[6.008s] -- Installing: /home/shipengl/LRSMT/agiletaur/install/webots_ros2_msgs/include/webots_ros2_msgs/msg/detail/wb_camera_recognition_object__type_support.cpp
[6.009s] -- Installing: /home/shipengl/LRSMT/agiletaur/install/webots_ros2_msgs/include/webots_ros2_msgs/msg/detail/wb_camera_recognition_object__rosidl_typesupport_introspection_cpp.hpp
[6.009s] -- Installing: /home/shipengl/LRSMT/agiletaur/install/webots_ros2_msgs/include/webots_ros2_msgs/msg/detail/wb_camera_recognition_objects__type_support.cpp
[6.009s] -- Installing: /home/shipengl/LRSMT/agiletaur/install/webots_ros2_msgs/include/webots_ros2_msgs/msg/detail/wb_camera_recognition_objects__rosidl_typesupport_introspection_cpp.hpp
[6.009s] -- Installing: /home/shipengl/LRSMT/agiletaur/install/webots_ros2_msgs/lib/libwebots_ros2_msgs__rosidl_typesupport_introspection_cpp.so
[6.009s] -- Set runtime path of "/home/shipengl/LRSMT/agiletaur/install/webots_ros2_msgs/lib/libwebots_ros2_msgs__rosidl_typesupport_introspection_cpp.so" to ""
[6.009s] -- Installing: /home/shipengl/LRSMT/agiletaur/install/webots_ros2_msgs/lib/libwebots_ros2_msgs__rosidl_typesupport_cpp.so
[6.009s] -- Set runtime path of "/home/shipengl/LRSMT/agiletaur/install/webots_ros2_msgs/lib/libwebots_ros2_msgs__rosidl_typesupport_cpp.so" to ""
[6.010s] -- Installing: /home/shipengl/LRSMT/agiletaur/install/webots_ros2_msgs/share/webots_ros2_msgs/environment/pythonpath.sh
[6.010s] -- Installing: /home/shipengl/LRSMT/agiletaur/install/webots_ros2_msgs/share/webots_ros2_msgs/environment/pythonpath.dsv
[6.010s] -- Installing: /home/shipengl/LRSMT/agiletaur/install/webots_ros2_msgs/lib/python3.8/site-packages/webots_ros2_msgs/__init__.py
[6.028s] Compiling '/home/shipengl/LRSMT/agiletaur/install/webots_ros2_msgs/lib/python3.8/site-packages/webots_ros2_msgs/__init__.py'...
[6.032s] -- Installing: /home/shipengl/LRSMT/agiletaur/install/webots_ros2_msgs/lib/python3.8/site-packages/webots_ros2_msgs/msg
[6.032s] -- Installing: /home/shipengl/LRSMT/agiletaur/install/webots_ros2_msgs/lib/python3.8/site-packages/webots_ros2_msgs/msg/_wb_camera_recognition_objects.py
[6.032s] -- Installing: /home/shipengl/LRSMT/agiletaur/install/webots_ros2_msgs/lib/python3.8/site-packages/webots_ros2_msgs/msg/__init__.py
[6.032s] -- Installing: /home/shipengl/LRSMT/agiletaur/install/webots_ros2_msgs/lib/python3.8/site-packages/webots_ros2_msgs/msg/_wb_camera_recognition_objects_s.c
[6.032s] -- Installing: /home/shipengl/LRSMT/agiletaur/install/webots_ros2_msgs/lib/python3.8/site-packages/webots_ros2_msgs/msg/_wb_camera_recognition_object.py
[6.033s] -- Installing: /home/shipengl/LRSMT/agiletaur/install/webots_ros2_msgs/lib/python3.8/site-packages/webots_ros2_msgs/msg/_wb_camera_recognition_object_s.c
[6.033s] -- Installing: /home/shipengl/LRSMT/agiletaur/install/webots_ros2_msgs/lib/python3.8/site-packages/webots_ros2_msgs/srv
[6.033s] -- Installing: /home/shipengl/LRSMT/agiletaur/install/webots_ros2_msgs/lib/python3.8/site-packages/webots_ros2_msgs/srv/__init__.py
[6.033s] -- Installing: /home/shipengl/LRSMT/agiletaur/install/webots_ros2_msgs/lib/python3.8/site-packages/webots_ros2_msgs/srv/_set_int_s.c
[6.033s] -- Installing: /home/shipengl/LRSMT/agiletaur/install/webots_ros2_msgs/lib/python3.8/site-packages/webots_ros2_msgs/srv/_set_int.py
[6.033s] -- Installing: /home/shipengl/LRSMT/agiletaur/install/webots_ros2_msgs/lib/python3.8/site-packages/webots_ros2_msgs/webots_ros2_msgs_s__rosidl_typesupport_fastrtps_c.cpython-38-x86_64-linux-gnu.so
[6.033s] -- Set runtime path of "/home/shipengl/LRSMT/agiletaur/install/webots_ros2_msgs/lib/python3.8/site-packages/webots_ros2_msgs/webots_ros2_msgs_s__rosidl_typesupport_fastrtps_c.cpython-38-x86_64-linux-gnu.so" to ""
[6.033s] -- Installing: /home/shipengl/LRSMT/agiletaur/install/webots_ros2_msgs/lib/python3.8/site-packages/webots_ros2_msgs/webots_ros2_msgs_s__rosidl_typesupport_introspection_c.cpython-38-x86_64-linux-gnu.so
[6.033s] -- Set runtime path of "/home/shipengl/LRSMT/agiletaur/install/webots_ros2_msgs/lib/python3.8/site-packages/webots_ros2_msgs/webots_ros2_msgs_s__rosidl_typesupport_introspection_c.cpython-38-x86_64-linux-gnu.so" to ""
[6.034s] -- Installing: /home/shipengl/LRSMT/agiletaur/install/webots_ros2_msgs/lib/python3.8/site-packages/webots_ros2_msgs/webots_ros2_msgs_s__rosidl_typesupport_c.cpython-38-x86_64-linux-gnu.so
[6.034s] -- Set runtime path of "/home/shipengl/LRSMT/agiletaur/install/webots_ros2_msgs/lib/python3.8/site-packages/webots_ros2_msgs/webots_ros2_msgs_s__rosidl_typesupport_c.cpython-38-x86_64-linux-gnu.so" to ""
[6.034s] -- Installing: /home/shipengl/LRSMT/agiletaur/install/webots_ros2_msgs/lib/libwebots_ros2_msgs__python.so
[6.034s] -- Set runtime path of "/home/shipengl/LRSMT/agiletaur/install/webots_ros2_msgs/lib/libwebots_ros2_msgs__python.so" to ""
[6.034s] -- Installing: /home/shipengl/LRSMT/agiletaur/install/webots_ros2_msgs/share/webots_ros2_msgs/msg/WbCameraRecognitionObject.idl
[6.035s] -- Installing: /home/shipengl/LRSMT/agiletaur/install/webots_ros2_msgs/share/webots_ros2_msgs/msg/WbCameraRecognitionObjects.idl
[6.035s] -- Installing: /home/shipengl/LRSMT/agiletaur/install/webots_ros2_msgs/share/webots_ros2_msgs/srv/SetInt.idl
[6.035s] -- Installing: /home/shipengl/LRSMT/agiletaur/install/webots_ros2_msgs/share/webots_ros2_msgs/msg/WbCameraRecognitionObject.msg
[6.035s] -- Installing: /home/shipengl/LRSMT/agiletaur/install/webots_ros2_msgs/share/webots_ros2_msgs/msg/WbCameraRecognitionObjects.msg
[6.035s] -- Installing: /home/shipengl/LRSMT/agiletaur/install/webots_ros2_msgs/share/webots_ros2_msgs/srv/SetInt.srv
[6.035s] -- Installing: /home/shipengl/LRSMT/agiletaur/install/webots_ros2_msgs/share/webots_ros2_msgs/srv/SetInt_Request.msg
[6.036s] -- Installing: /home/shipengl/LRSMT/agiletaur/install/webots_ros2_msgs/share/webots_ros2_msgs/srv/SetInt_Response.msg
[6.036s] -- Installing: /home/shipengl/LRSMT/agiletaur/install/webots_ros2_msgs/share/ament_index/resource_index/package_run_dependencies/webots_ros2_msgs
[6.036s] -- Installing: /home/shipengl/LRSMT/agiletaur/install/webots_ros2_msgs/share/ament_index/resource_index/parent_prefix_path/webots_ros2_msgs
[6.036s] -- Installing: /home/shipengl/LRSMT/agiletaur/install/webots_ros2_msgs/share/webots_ros2_msgs/environment/ament_prefix_path.sh
[6.036s] -- Installing: /home/shipengl/LRSMT/agiletaur/install/webots_ros2_msgs/share/webots_ros2_msgs/environment/ament_prefix_path.dsv
[6.036s] -- Installing: /home/shipengl/LRSMT/agiletaur/install/webots_ros2_msgs/share/webots_ros2_msgs/environment/path.sh
[6.036s] -- Installing: /home/shipengl/LRSMT/agiletaur/install/webots_ros2_msgs/share/webots_ros2_msgs/environment/path.dsv
[6.036s] -- Installing: /home/shipengl/LRSMT/agiletaur/install/webots_ros2_msgs/share/webots_ros2_msgs/local_setup.bash
[6.036s] -- Installing: /home/shipengl/LRSMT/agiletaur/install/webots_ros2_msgs/share/webots_ros2_msgs/local_setup.sh
[6.037s] -- Installing: /home/shipengl/LRSMT/agiletaur/install/webots_ros2_msgs/share/webots_ros2_msgs/local_setup.zsh
[6.037s] -- Installing: /home/shipengl/LRSMT/agiletaur/install/webots_ros2_msgs/share/webots_ros2_msgs/local_setup.dsv
[6.037s] -- Installing: /home/shipengl/LRSMT/agiletaur/install/webots_ros2_msgs/share/webots_ros2_msgs/package.dsv
[6.037s] -- Installing: /home/shipengl/LRSMT/agiletaur/install/webots_ros2_msgs/share/ament_index/resource_index/packages/webots_ros2_msgs
[6.037s] -- Installing: /home/shipengl/LRSMT/agiletaur/install/webots_ros2_msgs/share/webots_ros2_msgs/cmake/webots_ros2_msgs__rosidl_generator_cExport.cmake
[6.037s] -- Installing: /home/shipengl/LRSMT/agiletaur/install/webots_ros2_msgs/share/webots_ros2_msgs/cmake/webots_ros2_msgs__rosidl_generator_cExport-noconfig.cmake
[6.037s] -- Installing: /home/shipengl/LRSMT/agiletaur/install/webots_ros2_msgs/share/webots_ros2_msgs/cmake/webots_ros2_msgs__rosidl_typesupport_introspection_cExport.cmake
[6.037s] -- Installing: /home/shipengl/LRSMT/agiletaur/install/webots_ros2_msgs/share/webots_ros2_msgs/cmake/webots_ros2_msgs__rosidl_typesupport_introspection_cExport-noconfig.cmake
[6.038s] -- Installing: /home/shipengl/LRSMT/agiletaur/install/webots_ros2_msgs/share/webots_ros2_msgs/cmake/webots_ros2_msgs__rosidl_typesupport_cExport.cmake
[6.038s] -- Installing: /home/shipengl/LRSMT/agiletaur/install/webots_ros2_msgs/share/webots_ros2_msgs/cmake/webots_ros2_msgs__rosidl_typesupport_cExport-noconfig.cmake
[6.038s] -- Installing: /home/shipengl/LRSMT/agiletaur/install/webots_ros2_msgs/share/webots_ros2_msgs/cmake/webots_ros2_msgs__rosidl_generator_cppExport.cmake
[6.038s] -- Installing: /home/shipengl/LRSMT/agiletaur/install/webots_ros2_msgs/share/webots_ros2_msgs/cmake/webots_ros2_msgs__rosidl_typesupport_introspection_cppExport.cmake
[6.038s] -- Installing: /home/shipengl/LRSMT/agiletaur/install/webots_ros2_msgs/share/webots_ros2_msgs/cmake/webots_ros2_msgs__rosidl_typesupport_introspection_cppExport-noconfig.cmake
[6.038s] -- Installing: /home/shipengl/LRSMT/agiletaur/install/webots_ros2_msgs/share/webots_ros2_msgs/cmake/webots_ros2_msgs__rosidl_typesupport_cppExport.cmake
[6.038s] -- Installing: /home/shipengl/LRSMT/agiletaur/install/webots_ros2_msgs/share/webots_ros2_msgs/cmake/webots_ros2_msgs__rosidl_typesupport_cppExport-noconfig.cmake
[6.038s] -- Installing: /home/shipengl/LRSMT/agiletaur/install/webots_ros2_msgs/share/webots_ros2_msgs/cmake/rosidl_cmake-extras.cmake
[6.039s] -- Installing: /home/shipengl/LRSMT/agiletaur/install/webots_ros2_msgs/share/webots_ros2_msgs/cmake/ament_cmake_export_dependencies-extras.cmake
[6.039s] -- Installing: /home/shipengl/LRSMT/agiletaur/install/webots_ros2_msgs/share/webots_ros2_msgs/cmake/ament_cmake_export_libraries-extras.cmake
[6.039s] -- Installing: /home/shipengl/LRSMT/agiletaur/install/webots_ros2_msgs/share/webots_ros2_msgs/cmake/ament_cmake_export_targets-extras.cmake
[6.039s] -- Installing: /home/shipengl/LRSMT/agiletaur/install/webots_ros2_msgs/share/webots_ros2_msgs/cmake/ament_cmake_export_include_directories-extras.cmake
[6.039s] -- Installing: /home/shipengl/LRSMT/agiletaur/install/webots_ros2_msgs/share/webots_ros2_msgs/cmake/rosidl_cmake_export_typesupport_libraries-extras.cmake
[6.039s] -- Installing: /home/shipengl/LRSMT/agiletaur/install/webots_ros2_msgs/share/webots_ros2_msgs/cmake/rosidl_cmake_export_typesupport_targets-extras.cmake
[6.039s] -- Installing: /home/shipengl/LRSMT/agiletaur/install/webots_ros2_msgs/share/webots_ros2_msgs/cmake/webots_ros2_msgsConfig.cmake
[6.039s] -- Installing: /home/shipengl/LRSMT/agiletaur/install/webots_ros2_msgs/share/webots_ros2_msgs/cmake/webots_ros2_msgsConfig-version.cmake
[6.040s] -- Installing: /home/shipengl/LRSMT/agiletaur/install/webots_ros2_msgs/share/webots_ros2_msgs/package.xml
[6.041s] Invoked command in '/home/shipengl/LRSMT/agiletaur/build/webots_ros2_msgs' returned '0': CMAKE_PREFIX_PATH=/opt/ros/foxy /usr/bin/cmake --install /home/shipengl/LRSMT/agiletaur/build/webots_ros2_msgs
