[0.066s] Invoking command in '/home/shipengl/LRSMT/agiletaur/build/odrive_bringup': AMENT_PREFIX_PATH=/home/shipengl/LRSMT/agiletaur/install/odrive_description:${AMENT_PREFIX_PATH} CMAKE_PREFIX_PATH=/home/shipengl/LRSMT/agiletaur/install/odrive_description:/opt/ros/foxy /usr/bin/cmake --build /home/shipengl/LRSMT/agiletaur/build/odrive_bringup -- -j16 -l16
[0.094s] Invoked command in '/home/shipengl/LRSMT/agiletaur/build/odrive_bringup' returned '0': AMENT_PREFIX_PATH=/home/shipengl/LRSMT/agiletaur/install/odrive_description:${AMENT_PREFIX_PATH} CMAKE_PREFIX_PATH=/home/shipengl/LRSMT/agiletaur/install/odrive_description:/opt/ros/foxy /usr/bin/cmake --build /home/shipengl/LRSMT/agiletaur/build/odrive_bringup -- -j16 -l16
[0.120s] Invoking command in '/home/shipengl/LRSMT/agiletaur/build/odrive_bringup': AMENT_PREFIX_PATH=/home/shipengl/LRSMT/agiletaur/install/odrive_description:${AMENT_PREFIX_PATH} CMAKE_PREFIX_PATH=/home/shipengl/LRSMT/agiletaur/install/odrive_description:/opt/ros/foxy /usr/bin/cmake --install /home/shipengl/LRSMT/agiletaur/build/odrive_bringup
[0.129s] -- Install configuration: ""
[0.129s] -- Up-to-date: /home/shipengl/LRSMT/agiletaur/install/odrive_bringup/share/odrive_bringup/config
[0.129s] -- Up-to-date: /home/shipengl/LRSMT/agiletaur/install/odrive_bringup/share/odrive_bringup/config/odrive_controllers.yaml
[0.129s] -- Up-to-date: /home/shipengl/LRSMT/agiletaur/install/odrive_bringup/share/odrive_bringup/launch
[0.130s] -- Up-to-date: /home/shipengl/LRSMT/agiletaur/install/odrive_bringup/share/odrive_bringup/launch/odrive.launch.py
[0.130s] -- Up-to-date: /home/shipengl/LRSMT/agiletaur/install/odrive_bringup/share/odrive_bringup/launch/build
[0.130s] -- Up-to-date: /home/shipengl/LRSMT/agiletaur/install/odrive_bringup/share/odrive_bringup/launch/build/.built_by
[0.130s] -- Up-to-date: /home/shipengl/LRSMT/agiletaur/install/odrive_bringup/share/odrive_bringup/launch/build/COLCON_IGNORE
[0.130s] -- Up-to-date: /home/shipengl/LRSMT/agiletaur/install/odrive_bringup/share/odrive_bringup/launch/install
[0.131s] -- Up-to-date: /home/shipengl/LRSMT/agiletaur/install/odrive_bringup/share/odrive_bringup/launch/install/setup.sh
[0.131s] -- Up-to-date: /home/shipengl/LRSMT/agiletaur/install/odrive_bringup/share/odrive_bringup/launch/install/local_setup.bash
[0.131s] -- Up-to-date: /home/shipengl/LRSMT/agiletaur/install/odrive_bringup/share/odrive_bringup/launch/install/.colcon_install_layout
[0.131s] -- Up-to-date: /home/shipengl/LRSMT/agiletaur/install/odrive_bringup/share/odrive_bringup/launch/install/setup.ps1
[0.131s] -- Up-to-date: /home/shipengl/LRSMT/agiletaur/install/odrive_bringup/share/odrive_bringup/launch/install/local_setup.sh
[0.131s] -- Up-to-date: /home/shipengl/LRSMT/agiletaur/install/odrive_bringup/share/odrive_bringup/launch/install/local_setup.zsh
[0.131s] -- Up-to-date: /home/shipengl/LRSMT/agiletaur/install/odrive_bringup/share/odrive_bringup/launch/install/local_setup.ps1
[0.131s] -- Up-to-date: /home/shipengl/LRSMT/agiletaur/install/odrive_bringup/share/odrive_bringup/launch/install/setup.bash
[0.132s] -- Up-to-date: /home/shipengl/LRSMT/agiletaur/install/odrive_bringup/share/odrive_bringup/launch/install/COLCON_IGNORE
[0.134s] -- Up-to-date: /home/shipengl/LRSMT/agiletaur/install/odrive_bringup/share/odrive_bringup/launch/install/setup.zsh
[0.134s] -- Up-to-date: /home/shipengl/LRSMT/agiletaur/install/odrive_bringup/share/odrive_bringup/launch/install/_local_setup_util_sh.py
[0.134s] -- Up-to-date: /home/shipengl/LRSMT/agiletaur/install/odrive_bringup/share/odrive_bringup/launch/install/_local_setup_util_ps1.py
[0.134s] -- Up-to-date: /home/shipengl/LRSMT/agiletaur/install/odrive_bringup/share/odrive_bringup/launch/log
[0.135s] -- Up-to-date: /home/shipengl/LRSMT/agiletaur/install/odrive_bringup/share/odrive_bringup/launch/log/latest
[0.135s] -- Up-to-date: /home/shipengl/LRSMT/agiletaur/install/odrive_bringup/share/odrive_bringup/launch/log/build_2022-01-05_22-05-42
[0.135s] -- Up-to-date: /home/shipengl/LRSMT/agiletaur/install/odrive_bringup/share/odrive_bringup/launch/log/build_2022-01-05_22-05-42/events.log
[0.135s] -- Up-to-date: /home/shipengl/LRSMT/agiletaur/install/odrive_bringup/share/odrive_bringup/launch/log/build_2022-01-05_22-05-42/logger_all.log
[0.135s] -- Up-to-date: /home/shipengl/LRSMT/agiletaur/install/odrive_bringup/share/odrive_bringup/launch/log/COLCON_IGNORE
[0.136s] -- Up-to-date: /home/shipengl/LRSMT/agiletaur/install/odrive_bringup/share/odrive_bringup/launch/log/latest_build
[0.136s] -- Up-to-date: /home/shipengl/LRSMT/agiletaur/install/odrive_bringup/share/ament_index/resource_index/package_run_dependencies/odrive_bringup
[0.136s] -- Up-to-date: /home/shipengl/LRSMT/agiletaur/install/odrive_bringup/share/ament_index/resource_index/parent_prefix_path/odrive_bringup
[0.136s] -- Up-to-date: /home/shipengl/LRSMT/agiletaur/install/odrive_bringup/share/odrive_bringup/environment/ament_prefix_path.sh
[0.136s] -- Up-to-date: /home/shipengl/LRSMT/agiletaur/install/odrive_bringup/share/odrive_bringup/environment/ament_prefix_path.dsv
[0.136s] -- Up-to-date: /home/shipengl/LRSMT/agiletaur/install/odrive_bringup/share/odrive_bringup/environment/path.sh
[0.136s] -- Up-to-date: /home/shipengl/LRSMT/agiletaur/install/odrive_bringup/share/odrive_bringup/environment/path.dsv
[0.137s] -- Up-to-date: /home/shipengl/LRSMT/agiletaur/install/odrive_bringup/share/odrive_bringup/local_setup.bash
[0.137s] -- Up-to-date: /home/shipengl/LRSMT/agiletaur/install/odrive_bringup/share/odrive_bringup/local_setup.sh
[0.137s] -- Up-to-date: /home/shipengl/LRSMT/agiletaur/install/odrive_bringup/share/odrive_bringup/local_setup.zsh
[0.137s] -- Up-to-date: /home/shipengl/LRSMT/agiletaur/install/odrive_bringup/share/odrive_bringup/local_setup.dsv
[0.137s] -- Installing: /home/shipengl/LRSMT/agiletaur/install/odrive_bringup/share/odrive_bringup/package.dsv
[0.138s] -- Up-to-date: /home/shipengl/LRSMT/agiletaur/install/odrive_bringup/share/ament_index/resource_index/packages/odrive_bringup
[0.139s] -- Up-to-date: /home/shipengl/LRSMT/agiletaur/install/odrive_bringup/share/odrive_bringup/cmake/odrive_bringupConfig.cmake
[0.139s] -- Up-to-date: /home/shipengl/LRSMT/agiletaur/install/odrive_bringup/share/odrive_bringup/cmake/odrive_bringupConfig-version.cmake
[0.139s] -- Up-to-date: /home/shipengl/LRSMT/agiletaur/install/odrive_bringup/share/odrive_bringup/package.xml
[0.140s] Invoked command in '/home/shipengl/LRSMT/agiletaur/build/odrive_bringup' returned '0': AMENT_PREFIX_PATH=/home/shipengl/LRSMT/agiletaur/install/odrive_description:${AMENT_PREFIX_PATH} CMAKE_PREFIX_PATH=/home/shipengl/LRSMT/agiletaur/install/odrive_description:/opt/ros/foxy /usr/bin/cmake --install /home/shipengl/LRSMT/agiletaur/build/odrive_bringup
