[0.010s] Invoking command in '/home/shipengl/LRSMT/agiletaur/build/odrive_ros2_control': AMENT_PREFIX_PATH=/home/shipengl/LRSMT/agiletaur/install/odrive_bringup:/home/shipengl/LRSMT/agiletaur/install/odrive_hardware_interface:/home/shipengl/LRSMT/agiletaur/install/odrive_description:${AMENT_PREFIX_PATH} CMAKE_PREFIX_PATH=/home/shipengl/LRSMT/agiletaur/install/odrive_bringup:/home/shipengl/LRSMT/agiletaur/install/odrive_hardware_interface:/home/shipengl/LRSMT/agiletaur/install/odrive_description:/opt/ros/foxy LD_LIBRARY_PATH=/home/shipengl/LRSMT/agiletaur/install/odrive_hardware_interface/lib:${LD_LIBRARY_PATH} /usr/bin/cmake /home/shipengl/LRSMT/agiletaur/src/odrive_ros2_control/odrive_ros2_control -DCMAKE_INSTALL_PREFIX=/home/shipengl/LRSMT/agiletaur/install/odrive_ros2_control
[0.055s] -- The C compiler identification is GNU 9.3.0
[0.095s] -- The CXX compiler identification is GNU 9.3.0
[0.099s] -- Check for working C compiler: /usr/bin/cc
[0.151s] -- Check for working C compiler: /usr/bin/cc -- works
[0.152s] -- Detecting C compiler ABI info
[0.201s] -- Detecting C compiler ABI info - done
[0.213s] -- Detecting C compile features
[0.213s] -- Detecting C compile features - done
[0.215s] -- Check for working CXX compiler: /usr/bin/c++
[0.271s] -- Check for working CXX compiler: /usr/bin/c++ -- works
[0.272s] -- Detecting CXX compiler ABI info
[0.331s] -- Detecting CXX compiler ABI info - done
[0.341s] -- Detecting CXX compile features
[0.341s] -- Detecting CXX compile features - done
[0.343s] -- Found ament_cmake_auto: 0.9.9 (/opt/ros/foxy/share/ament_cmake_auto/cmake)
[0.364s] -- Found PythonInterp: /usr/bin/python3 (found suitable version "3.8.10", minimum required is "3") 
[0.364s] -- Using PYTHON_EXECUTABLE: /usr/bin/python3
[0.647s] -- Configuring done
[0.649s] -- Generating done
[0.651s] -- Build files have been written to: /home/shipengl/LRSMT/agiletaur/build/odrive_ros2_control
[0.655s] Invoked command in '/home/shipengl/LRSMT/agiletaur/build/odrive_ros2_control' returned '0': AMENT_PREFIX_PATH=/home/shipengl/LRSMT/agiletaur/install/odrive_bringup:/home/shipengl/LRSMT/agiletaur/install/odrive_hardware_interface:/home/shipengl/LRSMT/agiletaur/install/odrive_description:${AMENT_PREFIX_PATH} CMAKE_PREFIX_PATH=/home/shipengl/LRSMT/agiletaur/install/odrive_bringup:/home/shipengl/LRSMT/agiletaur/install/odrive_hardware_interface:/home/shipengl/LRSMT/agiletaur/install/odrive_description:/opt/ros/foxy LD_LIBRARY_PATH=/home/shipengl/LRSMT/agiletaur/install/odrive_hardware_interface/lib:${LD_LIBRARY_PATH} /usr/bin/cmake /home/shipengl/LRSMT/agiletaur/src/odrive_ros2_control/odrive_ros2_control -DCMAKE_INSTALL_PREFIX=/home/shipengl/LRSMT/agiletaur/install/odrive_ros2_control
[0.657s] Invoking command in '/home/shipengl/LRSMT/agiletaur/build/odrive_ros2_control': AMENT_PREFIX_PATH=/home/shipengl/LRSMT/agiletaur/install/odrive_bringup:/home/shipengl/LRSMT/agiletaur/install/odrive_hardware_interface:/home/shipengl/LRSMT/agiletaur/install/odrive_description:${AMENT_PREFIX_PATH} CMAKE_PREFIX_PATH=/home/shipengl/LRSMT/agiletaur/install/odrive_bringup:/home/shipengl/LRSMT/agiletaur/install/odrive_hardware_interface:/home/shipengl/LRSMT/agiletaur/install/odrive_description:/opt/ros/foxy LD_LIBRARY_PATH=/home/shipengl/LRSMT/agiletaur/install/odrive_hardware_interface/lib:${LD_LIBRARY_PATH} /usr/bin/cmake --build /home/shipengl/LRSMT/agiletaur/build/odrive_ros2_control -- -j16 -l16
[0.691s] Invoked command in '/home/shipengl/LRSMT/agiletaur/build/odrive_ros2_control' returned '0': AMENT_PREFIX_PATH=/home/shipengl/LRSMT/agiletaur/install/odrive_bringup:/home/shipengl/LRSMT/agiletaur/install/odrive_hardware_interface:/home/shipengl/LRSMT/agiletaur/install/odrive_description:${AMENT_PREFIX_PATH} CMAKE_PREFIX_PATH=/home/shipengl/LRSMT/agiletaur/install/odrive_bringup:/home/shipengl/LRSMT/agiletaur/install/odrive_hardware_interface:/home/shipengl/LRSMT/agiletaur/install/odrive_description:/opt/ros/foxy LD_LIBRARY_PATH=/home/shipengl/LRSMT/agiletaur/install/odrive_hardware_interface/lib:${LD_LIBRARY_PATH} /usr/bin/cmake --build /home/shipengl/LRSMT/agiletaur/build/odrive_ros2_control -- -j16 -l16
[0.710s] Invoking command in '/home/shipengl/LRSMT/agiletaur/build/odrive_ros2_control': AMENT_PREFIX_PATH=/home/shipengl/LRSMT/agiletaur/install/odrive_bringup:/home/shipengl/LRSMT/agiletaur/install/odrive_hardware_interface:/home/shipengl/LRSMT/agiletaur/install/odrive_description:${AMENT_PREFIX_PATH} CMAKE_PREFIX_PATH=/home/shipengl/LRSMT/agiletaur/install/odrive_bringup:/home/shipengl/LRSMT/agiletaur/install/odrive_hardware_interface:/home/shipengl/LRSMT/agiletaur/install/odrive_description:/opt/ros/foxy LD_LIBRARY_PATH=/home/shipengl/LRSMT/agiletaur/install/odrive_hardware_interface/lib:${LD_LIBRARY_PATH} /usr/bin/cmake --install /home/shipengl/LRSMT/agiletaur/build/odrive_ros2_control
[0.716s] -- Install configuration: ""
[0.717s] -- Installing: /home/shipengl/LRSMT/agiletaur/install/odrive_ros2_control/share/ament_index/resource_index/package_run_dependencies/odrive_ros2_control
[0.717s] -- Installing: /home/shipengl/LRSMT/agiletaur/install/odrive_ros2_control/share/ament_index/resource_index/parent_prefix_path/odrive_ros2_control
[0.717s] -- Installing: /home/shipengl/LRSMT/agiletaur/install/odrive_ros2_control/share/odrive_ros2_control/environment/ament_prefix_path.sh
[0.717s] -- Installing: /home/shipengl/LRSMT/agiletaur/install/odrive_ros2_control/share/odrive_ros2_control/environment/ament_prefix_path.dsv
[0.717s] -- Installing: /home/shipengl/LRSMT/agiletaur/install/odrive_ros2_control/share/odrive_ros2_control/environment/path.sh
[0.718s] -- Installing: /home/shipengl/LRSMT/agiletaur/install/odrive_ros2_control/share/odrive_ros2_control/environment/path.dsv
[0.718s] -- Installing: /home/shipengl/LRSMT/agiletaur/install/odrive_ros2_control/share/odrive_ros2_control/local_setup.bash
[0.718s] -- Installing: /home/shipengl/LRSMT/agiletaur/install/odrive_ros2_control/share/odrive_ros2_control/local_setup.sh
[0.719s] -- Installing: /home/shipengl/LRSMT/agiletaur/install/odrive_ros2_control/share/odrive_ros2_control/local_setup.zsh
[0.719s] -- Installing: /home/shipengl/LRSMT/agiletaur/install/odrive_ros2_control/share/odrive_ros2_control/local_setup.dsv
[0.719s] -- Installing: /home/shipengl/LRSMT/agiletaur/install/odrive_ros2_control/share/odrive_ros2_control/package.dsv
[0.719s] -- Installing: /home/shipengl/LRSMT/agiletaur/install/odrive_ros2_control/share/ament_index/resource_index/packages/odrive_ros2_control
[0.721s] -- Installing: /home/shipengl/LRSMT/agiletaur/install/odrive_ros2_control/share/odrive_ros2_control/cmake/odrive_ros2_controlConfig.cmake
[0.721s] -- Installing: /home/shipengl/LRSMT/agiletaur/install/odrive_ros2_control/share/odrive_ros2_control/cmake/odrive_ros2_controlConfig-version.cmake
[0.721s] -- Installing: /home/shipengl/LRSMT/agiletaur/install/odrive_ros2_control/share/odrive_ros2_control/package.xml
[0.722s] Invoked command in '/home/shipengl/LRSMT/agiletaur/build/odrive_ros2_control' returned '0': AMENT_PREFIX_PATH=/home/shipengl/LRSMT/agiletaur/install/odrive_bringup:/home/shipengl/LRSMT/agiletaur/install/odrive_hardware_interface:/home/shipengl/LRSMT/agiletaur/install/odrive_description:${AMENT_PREFIX_PATH} CMAKE_PREFIX_PATH=/home/shipengl/LRSMT/agiletaur/install/odrive_bringup:/home/shipengl/LRSMT/agiletaur/install/odrive_hardware_interface:/home/shipengl/LRSMT/agiletaur/install/odrive_description:/opt/ros/foxy LD_LIBRARY_PATH=/home/shipengl/LRSMT/agiletaur/install/odrive_hardware_interface/lib:${LD_LIBRARY_PATH} /usr/bin/cmake --install /home/shipengl/LRSMT/agiletaur/build/odrive_ros2_control
