[0.065s] Invoking command in '/home/shipengl/LRSMT/build/webots_ros2_msgs': CMAKE_PREFIX_PATH=${CMAKE_PREFIX_PATH}:/opt/ros/foxy /usr/bin/cmake --build /home/shipengl/LRSMT/build/webots_ros2_msgs -- -j16 -l16
[0.136s] [ 10%] Built target webots_ros2_msgs__rosidl_generator_c
[0.136s] [ 12%] Built target webots_ros2_msgs__cpp
[0.172s] [ 23%] Built target webots_ros2_msgs__rosidl_typesupport_c
[0.211s] [ 34%] Built target webots_ros2_msgs__rosidl_typesupport_cpp
[0.226s] [ 55%] Built target webots_ros2_msgs__rosidl_typesupport_fastrtps_cpp
[0.226s] [ 55%] Built target webots_ros2_msgs__rosidl_typesupport_introspection_cpp
[0.226s] [ 65%] Built target webots_ros2_msgs__rosidl_typesupport_introspection_c
[0.277s] [ 76%] Built target webots_ros2_msgs__rosidl_typesupport_fastrtps_c
[0.289s] [ 76%] Built target webots_ros2_msgs
[0.316s] [ 78%] Built target webots_ros2_msgs__py
[0.350s] [ 87%] Built target webots_ros2_msgs__python
[0.387s] [ 91%] Built target webots_ros2_msgs__rosidl_typesupport_fastrtps_c__pyext
[0.388s] [100%] Built target webots_ros2_msgs__rosidl_typesupport_introspection_c__pyext
[0.389s] [100%] Built target webots_ros2_msgs__rosidl_typesupport_c__pyext
[0.436s] Invoked command in '/home/shipengl/LRSMT/build/webots_ros2_msgs' returned '0': CMAKE_PREFIX_PATH=${CMAKE_PREFIX_PATH}:/opt/ros/foxy /usr/bin/cmake --build /home/shipengl/LRSMT/build/webots_ros2_msgs -- -j16 -l16
[0.512s] Invoking command in '/home/shipengl/LRSMT/build/webots_ros2_msgs': CMAKE_PREFIX_PATH=${CMAKE_PREFIX_PATH}:/opt/ros/foxy /usr/bin/cmake --install /home/shipengl/LRSMT/build/webots_ros2_msgs
[0.522s] -- Install configuration: ""
[0.524s] -- Up-to-date: /home/shipengl/LRSMT/install/webots_ros2_msgs/share/ament_index/resource_index/rosidl_interfaces/webots_ros2_msgs
[0.524s] -- Up-to-date: /home/shipengl/LRSMT/install/webots_ros2_msgs/include/webots_ros2_msgs
[0.525s] -- Up-to-date: /home/shipengl/LRSMT/install/webots_ros2_msgs/include/webots_ros2_msgs/srv
[0.526s] -- Up-to-date: /home/shipengl/LRSMT/install/webots_ros2_msgs/include/webots_ros2_msgs/srv/set_int.h
[0.528s] -- Up-to-date: /home/shipengl/LRSMT/install/webots_ros2_msgs/include/webots_ros2_msgs/srv/detail
[0.529s] -- Up-to-date: /home/shipengl/LRSMT/install/webots_ros2_msgs/include/webots_ros2_msgs/srv/detail/set_int__functions.c
[0.529s] -- Up-to-date: /home/shipengl/LRSMT/install/webots_ros2_msgs/include/webots_ros2_msgs/srv/detail/set_int__type_support.h
[0.529s] -- Up-to-date: /home/shipengl/LRSMT/install/webots_ros2_msgs/include/webots_ros2_msgs/srv/detail/set_int__functions.h
[0.530s] -- Up-to-date: /home/shipengl/LRSMT/install/webots_ros2_msgs/include/webots_ros2_msgs/srv/detail/set_int__struct.h
[0.530s] -- Up-to-date: /home/shipengl/LRSMT/install/webots_ros2_msgs/include/webots_ros2_msgs/msg
[0.530s] -- Up-to-date: /home/shipengl/LRSMT/install/webots_ros2_msgs/include/webots_ros2_msgs/msg/rosidl_generator_c__visibility_control.h
[0.530s] -- Up-to-date: /home/shipengl/LRSMT/install/webots_ros2_msgs/include/webots_ros2_msgs/msg/wb_camera_recognition_objects.h
[0.530s] -- Up-to-date: /home/shipengl/LRSMT/install/webots_ros2_msgs/include/webots_ros2_msgs/msg/detail
[0.531s] -- Up-to-date: /home/shipengl/LRSMT/install/webots_ros2_msgs/include/webots_ros2_msgs/msg/detail/wb_camera_recognition_object__struct.h
[0.531s] -- Up-to-date: /home/shipengl/LRSMT/install/webots_ros2_msgs/include/webots_ros2_msgs/msg/detail/wb_camera_recognition_object__functions.h
[0.531s] -- Up-to-date: /home/shipengl/LRSMT/install/webots_ros2_msgs/include/webots_ros2_msgs/msg/detail/wb_camera_recognition_object__functions.c
[0.531s] -- Up-to-date: /home/shipengl/LRSMT/install/webots_ros2_msgs/include/webots_ros2_msgs/msg/detail/wb_camera_recognition_objects__functions.c
[0.531s] -- Up-to-date: /home/shipengl/LRSMT/install/webots_ros2_msgs/include/webots_ros2_msgs/msg/detail/wb_camera_recognition_object__type_support.h
[0.531s] -- Up-to-date: /home/shipengl/LRSMT/install/webots_ros2_msgs/include/webots_ros2_msgs/msg/detail/wb_camera_recognition_objects__functions.h
[0.531s] -- Up-to-date: /home/shipengl/LRSMT/install/webots_ros2_msgs/include/webots_ros2_msgs/msg/detail/wb_camera_recognition_objects__struct.h
[0.531s] -- Up-to-date: /home/shipengl/LRSMT/install/webots_ros2_msgs/include/webots_ros2_msgs/msg/detail/wb_camera_recognition_objects__type_support.h
[0.532s] -- Up-to-date: /home/shipengl/LRSMT/install/webots_ros2_msgs/include/webots_ros2_msgs/msg/wb_camera_recognition_object.h
[0.532s] -- Up-to-date: /home/shipengl/LRSMT/install/webots_ros2_msgs/share/webots_ros2_msgs/environment/library_path.sh
[0.532s] -- Up-to-date: /home/shipengl/LRSMT/install/webots_ros2_msgs/share/webots_ros2_msgs/environment/library_path.dsv
[0.532s] -- Up-to-date: /home/shipengl/LRSMT/install/webots_ros2_msgs/lib/libwebots_ros2_msgs__rosidl_generator_c.so
[0.532s] -- Up-to-date: /home/shipengl/LRSMT/install/webots_ros2_msgs/include/webots_ros2_msgs
[0.532s] -- Up-to-date: /home/shipengl/LRSMT/install/webots_ros2_msgs/include/webots_ros2_msgs/srv
[0.532s] -- Up-to-date: /home/shipengl/LRSMT/install/webots_ros2_msgs/include/webots_ros2_msgs/srv/detail
[0.532s] -- Up-to-date: /home/shipengl/LRSMT/install/webots_ros2_msgs/include/webots_ros2_msgs/srv/detail/set_int__rosidl_typesupport_fastrtps_c.h
[0.532s] -- Up-to-date: /home/shipengl/LRSMT/install/webots_ros2_msgs/include/webots_ros2_msgs/msg
[0.532s] -- Up-to-date: /home/shipengl/LRSMT/install/webots_ros2_msgs/include/webots_ros2_msgs/msg/rosidl_typesupport_fastrtps_c__visibility_control.h
[0.532s] -- Up-to-date: /home/shipengl/LRSMT/install/webots_ros2_msgs/include/webots_ros2_msgs/msg/detail
[0.532s] -- Up-to-date: /home/shipengl/LRSMT/install/webots_ros2_msgs/include/webots_ros2_msgs/msg/detail/wb_camera_recognition_objects__rosidl_typesupport_fastrtps_c.h
[0.533s] -- Up-to-date: /home/shipengl/LRSMT/install/webots_ros2_msgs/include/webots_ros2_msgs/msg/detail/wb_camera_recognition_object__rosidl_typesupport_fastrtps_c.h
[0.533s] -- Up-to-date: /home/shipengl/LRSMT/install/webots_ros2_msgs/lib/libwebots_ros2_msgs__rosidl_typesupport_fastrtps_c.so
[0.533s] -- Up-to-date: /home/shipengl/LRSMT/install/webots_ros2_msgs/include/webots_ros2_msgs
[0.533s] -- Up-to-date: /home/shipengl/LRSMT/install/webots_ros2_msgs/include/webots_ros2_msgs/srv
[0.533s] -- Up-to-date: /home/shipengl/LRSMT/install/webots_ros2_msgs/include/webots_ros2_msgs/srv/detail
[0.533s] -- Up-to-date: /home/shipengl/LRSMT/install/webots_ros2_msgs/include/webots_ros2_msgs/srv/detail/set_int__rosidl_typesupport_fastrtps_cpp.hpp
[0.533s] -- Up-to-date: /home/shipengl/LRSMT/install/webots_ros2_msgs/include/webots_ros2_msgs/srv/detail/dds_fastrtps
[0.533s] -- Up-to-date: /home/shipengl/LRSMT/install/webots_ros2_msgs/include/webots_ros2_msgs/msg
[0.534s] -- Up-to-date: /home/shipengl/LRSMT/install/webots_ros2_msgs/include/webots_ros2_msgs/msg/rosidl_typesupport_fastrtps_cpp__visibility_control.h
[0.534s] -- Up-to-date: /home/shipengl/LRSMT/install/webots_ros2_msgs/include/webots_ros2_msgs/msg/detail
[0.534s] -- Up-to-date: /home/shipengl/LRSMT/install/webots_ros2_msgs/include/webots_ros2_msgs/msg/detail/wb_camera_recognition_objects__rosidl_typesupport_fastrtps_cpp.hpp
[0.534s] -- Up-to-date: /home/shipengl/LRSMT/install/webots_ros2_msgs/include/webots_ros2_msgs/msg/detail/wb_camera_recognition_object__rosidl_typesupport_fastrtps_cpp.hpp
[0.534s] -- Up-to-date: /home/shipengl/LRSMT/install/webots_ros2_msgs/include/webots_ros2_msgs/msg/detail/dds_fastrtps
[0.534s] -- Up-to-date: /home/shipengl/LRSMT/install/webots_ros2_msgs/lib/libwebots_ros2_msgs__rosidl_typesupport_fastrtps_cpp.so
[0.534s] -- Up-to-date: /home/shipengl/LRSMT/install/webots_ros2_msgs/include/webots_ros2_msgs
[0.534s] -- Up-to-date: /home/shipengl/LRSMT/install/webots_ros2_msgs/include/webots_ros2_msgs/srv
[0.534s] -- Up-to-date: /home/shipengl/LRSMT/install/webots_ros2_msgs/include/webots_ros2_msgs/srv/detail
[0.534s] -- Up-to-date: /home/shipengl/LRSMT/install/webots_ros2_msgs/include/webots_ros2_msgs/srv/detail/set_int__type_support.c
[0.534s] -- Up-to-date: /home/shipengl/LRSMT/install/webots_ros2_msgs/include/webots_ros2_msgs/srv/detail/set_int__rosidl_typesupport_introspection_c.h
[0.534s] -- Up-to-date: /home/shipengl/LRSMT/install/webots_ros2_msgs/include/webots_ros2_msgs/msg
[0.535s] -- Up-to-date: /home/shipengl/LRSMT/install/webots_ros2_msgs/include/webots_ros2_msgs/msg/rosidl_typesupport_introspection_c__visibility_control.h
[0.535s] -- Up-to-date: /home/shipengl/LRSMT/install/webots_ros2_msgs/include/webots_ros2_msgs/msg/detail
[0.535s] -- Up-to-date: /home/shipengl/LRSMT/install/webots_ros2_msgs/include/webots_ros2_msgs/msg/detail/wb_camera_recognition_objects__type_support.c
[0.535s] -- Up-to-date: /home/shipengl/LRSMT/install/webots_ros2_msgs/include/webots_ros2_msgs/msg/detail/wb_camera_recognition_object__type_support.c
[0.535s] -- Up-to-date: /home/shipengl/LRSMT/install/webots_ros2_msgs/include/webots_ros2_msgs/msg/detail/wb_camera_recognition_objects__rosidl_typesupport_introspection_c.h
[0.535s] -- Up-to-date: /home/shipengl/LRSMT/install/webots_ros2_msgs/include/webots_ros2_msgs/msg/detail/wb_camera_recognition_object__rosidl_typesupport_introspection_c.h
[0.535s] -- Up-to-date: /home/shipengl/LRSMT/install/webots_ros2_msgs/lib/libwebots_ros2_msgs__rosidl_typesupport_introspection_c.so
[0.535s] -- Up-to-date: /home/shipengl/LRSMT/install/webots_ros2_msgs/lib/libwebots_ros2_msgs__rosidl_typesupport_c.so
[0.535s] -- Up-to-date: /home/shipengl/LRSMT/install/webots_ros2_msgs/include/webots_ros2_msgs
[0.535s] -- Up-to-date: /home/shipengl/LRSMT/install/webots_ros2_msgs/include/webots_ros2_msgs/srv
[0.536s] -- Up-to-date: /home/shipengl/LRSMT/install/webots_ros2_msgs/include/webots_ros2_msgs/srv/set_int.hpp
[0.536s] -- Up-to-date: /home/shipengl/LRSMT/install/webots_ros2_msgs/include/webots_ros2_msgs/srv/detail
[0.536s] -- Up-to-date: /home/shipengl/LRSMT/install/webots_ros2_msgs/include/webots_ros2_msgs/srv/detail/set_int__traits.hpp
[0.536s] -- Up-to-date: /home/shipengl/LRSMT/install/webots_ros2_msgs/include/webots_ros2_msgs/srv/detail/set_int__builder.hpp
[0.536s] -- Up-to-date: /home/shipengl/LRSMT/install/webots_ros2_msgs/include/webots_ros2_msgs/srv/detail/set_int__struct.hpp
[0.536s] -- Up-to-date: /home/shipengl/LRSMT/install/webots_ros2_msgs/include/webots_ros2_msgs/msg
[0.536s] -- Up-to-date: /home/shipengl/LRSMT/install/webots_ros2_msgs/include/webots_ros2_msgs/msg/wb_camera_recognition_objects.hpp
[0.536s] -- Up-to-date: /home/shipengl/LRSMT/install/webots_ros2_msgs/include/webots_ros2_msgs/msg/wb_camera_recognition_object.hpp
[0.536s] -- Up-to-date: /home/shipengl/LRSMT/install/webots_ros2_msgs/include/webots_ros2_msgs/msg/detail
[0.536s] -- Up-to-date: /home/shipengl/LRSMT/install/webots_ros2_msgs/include/webots_ros2_msgs/msg/detail/wb_camera_recognition_objects__builder.hpp
[0.536s] -- Up-to-date: /home/shipengl/LRSMT/install/webots_ros2_msgs/include/webots_ros2_msgs/msg/detail/wb_camera_recognition_objects__traits.hpp
[0.537s] -- Up-to-date: /home/shipengl/LRSMT/install/webots_ros2_msgs/include/webots_ros2_msgs/msg/detail/wb_camera_recognition_object__builder.hpp
[0.537s] -- Up-to-date: /home/shipengl/LRSMT/install/webots_ros2_msgs/include/webots_ros2_msgs/msg/detail/wb_camera_recognition_objects__struct.hpp
[0.537s] -- Up-to-date: /home/shipengl/LRSMT/install/webots_ros2_msgs/include/webots_ros2_msgs/msg/detail/wb_camera_recognition_object__traits.hpp
[0.537s] -- Up-to-date: /home/shipengl/LRSMT/install/webots_ros2_msgs/include/webots_ros2_msgs/msg/detail/wb_camera_recognition_object__struct.hpp
[0.537s] -- Up-to-date: /home/shipengl/LRSMT/install/webots_ros2_msgs/include/webots_ros2_msgs
[0.537s] -- Up-to-date: /home/shipengl/LRSMT/install/webots_ros2_msgs/include/webots_ros2_msgs/srv
[0.538s] -- Up-to-date: /home/shipengl/LRSMT/install/webots_ros2_msgs/include/webots_ros2_msgs/srv/detail
[0.538s] -- Up-to-date: /home/shipengl/LRSMT/install/webots_ros2_msgs/include/webots_ros2_msgs/srv/detail/set_int__rosidl_typesupport_introspection_cpp.hpp
[0.538s] -- Up-to-date: /home/shipengl/LRSMT/install/webots_ros2_msgs/include/webots_ros2_msgs/srv/detail/set_int__type_support.cpp
[0.539s] -- Up-to-date: /home/shipengl/LRSMT/install/webots_ros2_msgs/include/webots_ros2_msgs/msg
[0.539s] -- Up-to-date: /home/shipengl/LRSMT/install/webots_ros2_msgs/include/webots_ros2_msgs/msg/detail
[0.539s] -- Up-to-date: /home/shipengl/LRSMT/install/webots_ros2_msgs/include/webots_ros2_msgs/msg/detail/wb_camera_recognition_object__type_support.cpp
[0.539s] -- Up-to-date: /home/shipengl/LRSMT/install/webots_ros2_msgs/include/webots_ros2_msgs/msg/detail/wb_camera_recognition_object__rosidl_typesupport_introspection_cpp.hpp
[0.539s] -- Up-to-date: /home/shipengl/LRSMT/install/webots_ros2_msgs/include/webots_ros2_msgs/msg/detail/wb_camera_recognition_objects__type_support.cpp
[0.540s] -- Up-to-date: /home/shipengl/LRSMT/install/webots_ros2_msgs/include/webots_ros2_msgs/msg/detail/wb_camera_recognition_objects__rosidl_typesupport_introspection_cpp.hpp
[0.542s] -- Up-to-date: /home/shipengl/LRSMT/install/webots_ros2_msgs/lib/libwebots_ros2_msgs__rosidl_typesupport_introspection_cpp.so
[0.543s] -- Up-to-date: /home/shipengl/LRSMT/install/webots_ros2_msgs/lib/libwebots_ros2_msgs__rosidl_typesupport_cpp.so
[0.543s] -- Up-to-date: /home/shipengl/LRSMT/install/webots_ros2_msgs/share/webots_ros2_msgs/environment/pythonpath.sh
[0.543s] -- Up-to-date: /home/shipengl/LRSMT/install/webots_ros2_msgs/share/webots_ros2_msgs/environment/pythonpath.dsv
[0.544s] -- Up-to-date: /home/shipengl/LRSMT/install/webots_ros2_msgs/lib/python3.8/site-packages/webots_ros2_msgs/__init__.py
[0.564s] -- Up-to-date: /home/shipengl/LRSMT/install/webots_ros2_msgs/lib/python3.8/site-packages/webots_ros2_msgs/msg
[0.564s] -- Up-to-date: /home/shipengl/LRSMT/install/webots_ros2_msgs/lib/python3.8/site-packages/webots_ros2_msgs/msg/_wb_camera_recognition_objects.py
[0.564s] -- Up-to-date: /home/shipengl/LRSMT/install/webots_ros2_msgs/lib/python3.8/site-packages/webots_ros2_msgs/msg/__init__.py
[0.564s] -- Up-to-date: /home/shipengl/LRSMT/install/webots_ros2_msgs/lib/python3.8/site-packages/webots_ros2_msgs/msg/_wb_camera_recognition_objects_s.c
[0.565s] -- Up-to-date: /home/shipengl/LRSMT/install/webots_ros2_msgs/lib/python3.8/site-packages/webots_ros2_msgs/msg/_wb_camera_recognition_object.py
[0.565s] -- Up-to-date: /home/shipengl/LRSMT/install/webots_ros2_msgs/lib/python3.8/site-packages/webots_ros2_msgs/msg/_wb_camera_recognition_object_s.c
[0.565s] -- Up-to-date: /home/shipengl/LRSMT/install/webots_ros2_msgs/lib/python3.8/site-packages/webots_ros2_msgs/srv
[0.565s] -- Up-to-date: /home/shipengl/LRSMT/install/webots_ros2_msgs/lib/python3.8/site-packages/webots_ros2_msgs/srv/__init__.py
[0.565s] -- Up-to-date: /home/shipengl/LRSMT/install/webots_ros2_msgs/lib/python3.8/site-packages/webots_ros2_msgs/srv/_set_int_s.c
[0.565s] -- Up-to-date: /home/shipengl/LRSMT/install/webots_ros2_msgs/lib/python3.8/site-packages/webots_ros2_msgs/srv/_set_int.py
[0.565s] -- Up-to-date: /home/shipengl/LRSMT/install/webots_ros2_msgs/lib/python3.8/site-packages/webots_ros2_msgs/webots_ros2_msgs_s__rosidl_typesupport_fastrtps_c.cpython-38-x86_64-linux-gnu.so
[0.565s] -- Up-to-date: /home/shipengl/LRSMT/install/webots_ros2_msgs/lib/python3.8/site-packages/webots_ros2_msgs/webots_ros2_msgs_s__rosidl_typesupport_introspection_c.cpython-38-x86_64-linux-gnu.so
[0.566s] -- Up-to-date: /home/shipengl/LRSMT/install/webots_ros2_msgs/lib/python3.8/site-packages/webots_ros2_msgs/webots_ros2_msgs_s__rosidl_typesupport_c.cpython-38-x86_64-linux-gnu.so
[0.566s] -- Up-to-date: /home/shipengl/LRSMT/install/webots_ros2_msgs/lib/libwebots_ros2_msgs__python.so
[0.567s] -- Up-to-date: /home/shipengl/LRSMT/install/webots_ros2_msgs/share/webots_ros2_msgs/msg/WbCameraRecognitionObject.idl
[0.567s] -- Up-to-date: /home/shipengl/LRSMT/install/webots_ros2_msgs/share/webots_ros2_msgs/msg/WbCameraRecognitionObjects.idl
[0.567s] -- Up-to-date: /home/shipengl/LRSMT/install/webots_ros2_msgs/share/webots_ros2_msgs/srv/SetInt.idl
[0.567s] -- Up-to-date: /home/shipengl/LRSMT/install/webots_ros2_msgs/share/webots_ros2_msgs/msg/WbCameraRecognitionObject.msg
[0.567s] -- Up-to-date: /home/shipengl/LRSMT/install/webots_ros2_msgs/share/webots_ros2_msgs/msg/WbCameraRecognitionObjects.msg
[0.567s] -- Up-to-date: /home/shipengl/LRSMT/install/webots_ros2_msgs/share/webots_ros2_msgs/srv/SetInt.srv
[0.568s] -- Up-to-date: /home/shipengl/LRSMT/install/webots_ros2_msgs/share/webots_ros2_msgs/srv/SetInt_Request.msg
[0.568s] -- Up-to-date: /home/shipengl/LRSMT/install/webots_ros2_msgs/share/webots_ros2_msgs/srv/SetInt_Response.msg
[0.568s] -- Up-to-date: /home/shipengl/LRSMT/install/webots_ros2_msgs/share/ament_index/resource_index/package_run_dependencies/webots_ros2_msgs
[0.568s] -- Up-to-date: /home/shipengl/LRSMT/install/webots_ros2_msgs/share/ament_index/resource_index/parent_prefix_path/webots_ros2_msgs
[0.569s] -- Up-to-date: /home/shipengl/LRSMT/install/webots_ros2_msgs/share/webots_ros2_msgs/environment/ament_prefix_path.sh
[0.569s] -- Up-to-date: /home/shipengl/LRSMT/install/webots_ros2_msgs/share/webots_ros2_msgs/environment/ament_prefix_path.dsv
[0.569s] -- Up-to-date: /home/shipengl/LRSMT/install/webots_ros2_msgs/share/webots_ros2_msgs/environment/path.sh
[0.569s] -- Up-to-date: /home/shipengl/LRSMT/install/webots_ros2_msgs/share/webots_ros2_msgs/environment/path.dsv
[0.569s] -- Up-to-date: /home/shipengl/LRSMT/install/webots_ros2_msgs/share/webots_ros2_msgs/local_setup.bash
[0.569s] -- Up-to-date: /home/shipengl/LRSMT/install/webots_ros2_msgs/share/webots_ros2_msgs/local_setup.sh
[0.569s] -- Up-to-date: /home/shipengl/LRSMT/install/webots_ros2_msgs/share/webots_ros2_msgs/local_setup.zsh
[0.569s] -- Up-to-date: /home/shipengl/LRSMT/install/webots_ros2_msgs/share/webots_ros2_msgs/local_setup.dsv
[0.569s] -- Installing: /home/shipengl/LRSMT/install/webots_ros2_msgs/share/webots_ros2_msgs/package.dsv
[0.570s] -- Up-to-date: /home/shipengl/LRSMT/install/webots_ros2_msgs/share/ament_index/resource_index/packages/webots_ros2_msgs
[0.570s] -- Up-to-date: /home/shipengl/LRSMT/install/webots_ros2_msgs/share/webots_ros2_msgs/cmake/webots_ros2_msgs__rosidl_generator_cExport.cmake
[0.570s] -- Up-to-date: /home/shipengl/LRSMT/install/webots_ros2_msgs/share/webots_ros2_msgs/cmake/webots_ros2_msgs__rosidl_generator_cExport-noconfig.cmake
[0.570s] -- Up-to-date: /home/shipengl/LRSMT/install/webots_ros2_msgs/share/webots_ros2_msgs/cmake/webots_ros2_msgs__rosidl_typesupport_introspection_cExport.cmake
[0.570s] -- Up-to-date: /home/shipengl/LRSMT/install/webots_ros2_msgs/share/webots_ros2_msgs/cmake/webots_ros2_msgs__rosidl_typesupport_introspection_cExport-noconfig.cmake
[0.570s] -- Up-to-date: /home/shipengl/LRSMT/install/webots_ros2_msgs/share/webots_ros2_msgs/cmake/webots_ros2_msgs__rosidl_typesupport_cExport.cmake
[0.570s] -- Up-to-date: /home/shipengl/LRSMT/install/webots_ros2_msgs/share/webots_ros2_msgs/cmake/webots_ros2_msgs__rosidl_typesupport_cExport-noconfig.cmake
[0.570s] -- Up-to-date: /home/shipengl/LRSMT/install/webots_ros2_msgs/share/webots_ros2_msgs/cmake/webots_ros2_msgs__rosidl_generator_cppExport.cmake
[0.571s] -- Up-to-date: /home/shipengl/LRSMT/install/webots_ros2_msgs/share/webots_ros2_msgs/cmake/webots_ros2_msgs__rosidl_typesupport_introspection_cppExport.cmake
[0.571s] -- Up-to-date: /home/shipengl/LRSMT/install/webots_ros2_msgs/share/webots_ros2_msgs/cmake/webots_ros2_msgs__rosidl_typesupport_introspection_cppExport-noconfig.cmake
[0.571s] -- Up-to-date: /home/shipengl/LRSMT/install/webots_ros2_msgs/share/webots_ros2_msgs/cmake/webots_ros2_msgs__rosidl_typesupport_cppExport.cmake
[0.571s] -- Up-to-date: /home/shipengl/LRSMT/install/webots_ros2_msgs/share/webots_ros2_msgs/cmake/webots_ros2_msgs__rosidl_typesupport_cppExport-noconfig.cmake
[0.571s] -- Up-to-date: /home/shipengl/LRSMT/install/webots_ros2_msgs/share/webots_ros2_msgs/cmake/rosidl_cmake-extras.cmake
[0.571s] -- Up-to-date: /home/shipengl/LRSMT/install/webots_ros2_msgs/share/webots_ros2_msgs/cmake/ament_cmake_export_dependencies-extras.cmake
[0.571s] -- Up-to-date: /home/shipengl/LRSMT/install/webots_ros2_msgs/share/webots_ros2_msgs/cmake/ament_cmake_export_libraries-extras.cmake
[0.571s] -- Up-to-date: /home/shipengl/LRSMT/install/webots_ros2_msgs/share/webots_ros2_msgs/cmake/ament_cmake_export_targets-extras.cmake
[0.572s] -- Up-to-date: /home/shipengl/LRSMT/install/webots_ros2_msgs/share/webots_ros2_msgs/cmake/ament_cmake_export_include_directories-extras.cmake
[0.572s] -- Up-to-date: /home/shipengl/LRSMT/install/webots_ros2_msgs/share/webots_ros2_msgs/cmake/rosidl_cmake_export_typesupport_libraries-extras.cmake
[0.574s] -- Up-to-date: /home/shipengl/LRSMT/install/webots_ros2_msgs/share/webots_ros2_msgs/cmake/rosidl_cmake_export_typesupport_targets-extras.cmake
[0.574s] -- Up-to-date: /home/shipengl/LRSMT/install/webots_ros2_msgs/share/webots_ros2_msgs/cmake/webots_ros2_msgsConfig.cmake
[0.575s] -- Up-to-date: /home/shipengl/LRSMT/install/webots_ros2_msgs/share/webots_ros2_msgs/cmake/webots_ros2_msgsConfig-version.cmake
[0.575s] -- Up-to-date: /home/shipengl/LRSMT/install/webots_ros2_msgs/share/webots_ros2_msgs/package.xml
[0.591s] Invoked command in '/home/shipengl/LRSMT/build/webots_ros2_msgs' returned '0': CMAKE_PREFIX_PATH=${CMAKE_PREFIX_PATH}:/opt/ros/foxy /usr/bin/cmake --install /home/shipengl/LRSMT/build/webots_ros2_msgs
