[0.024s] Invoking command in '/home/shipengl/LRSMT/agiletaur/build/webots_ros2_msgs': CMAKE_PREFIX_PATH=${CMAKE_PREFIX_PATH}:/home/shipengl/LRSMT/agiletaur/install/webots_ros2:/home/shipengl/LRSMT/agiletaur/install/webots_ros2_tests:/home/shipengl/LRSMT/agiletaur/install/webots_ros2_tesla:/home/shipengl/LRSMT/agiletaur/install/webots_ros2_core:/home/shipengl/LRSMT/agiletaur/install/webots_ros2_importer:/opt/ros/foxy/home/shipengl/LRSMT/agiletaur/install/firstcontroller /usr/bin/cmake --build /home/shipengl/LRSMT/agiletaur/build/webots_ros2_msgs -- -j16 -l16
[0.231s] [  2%] Built target webots_ros2_msgs__cpp
[0.231s] [ 12%] Built target webots_ros2_msgs__rosidl_generator_c
[0.232s] [ 34%] Built target webots_ros2_msgs__rosidl_typesupport_introspection_cpp
[0.233s] [ 34%] Built target webots_ros2_msgs__rosidl_typesupport_cpp
[0.233s] [ 44%] Built target webots_ros2_msgs__rosidl_typesupport_c
[0.234s] [ 55%] Built target webots_ros2_msgs__rosidl_typesupport_introspection_c
[0.234s] [ 65%] Built target webots_ros2_msgs__rosidl_typesupport_fastrtps_cpp
[0.234s] [ 76%] Built target webots_ros2_msgs__rosidl_typesupport_fastrtps_c
[0.235s] [ 76%] Built target webots_ros2_msgs
[0.236s] [ 78%] Built target webots_ros2_msgs__py
[0.236s] [ 87%] Built target webots_ros2_msgs__python
[0.237s] [100%] Built target webots_ros2_msgs__rosidl_typesupport_fastrtps_c__pyext
[0.237s] [100%] Built target webots_ros2_msgs__rosidl_typesupport_introspection_c__pyext
[0.237s] [100%] Built target webots_ros2_msgs__rosidl_typesupport_c__pyext
[0.237s] Invoked command in '/home/shipengl/LRSMT/agiletaur/build/webots_ros2_msgs' returned '0': CMAKE_PREFIX_PATH=${CMAKE_PREFIX_PATH}:/home/shipengl/LRSMT/agiletaur/install/webots_ros2:/home/shipengl/LRSMT/agiletaur/install/webots_ros2_tests:/home/shipengl/LRSMT/agiletaur/install/webots_ros2_tesla:/home/shipengl/LRSMT/agiletaur/install/webots_ros2_core:/home/shipengl/LRSMT/agiletaur/install/webots_ros2_importer:/opt/ros/foxy/home/shipengl/LRSMT/agiletaur/install/firstcontroller /usr/bin/cmake --build /home/shipengl/LRSMT/agiletaur/build/webots_ros2_msgs -- -j16 -l16
[0.295s] Invoking command in '/home/shipengl/LRSMT/agiletaur/build/webots_ros2_msgs': CMAKE_PREFIX_PATH=${CMAKE_PREFIX_PATH}:/home/shipengl/LRSMT/agiletaur/install/webots_ros2:/home/shipengl/LRSMT/agiletaur/install/webots_ros2_tests:/home/shipengl/LRSMT/agiletaur/install/webots_ros2_tesla:/home/shipengl/LRSMT/agiletaur/install/webots_ros2_core:/home/shipengl/LRSMT/agiletaur/install/webots_ros2_importer:/opt/ros/foxy/home/shipengl/LRSMT/agiletaur/install/firstcontroller /usr/bin/cmake --install /home/shipengl/LRSMT/agiletaur/build/webots_ros2_msgs
[0.301s] -- Install configuration: ""
[0.302s] -- Up-to-date: /home/shipengl/LRSMT/agiletaur/install/webots_ros2_msgs/share/ament_index/resource_index/rosidl_interfaces/webots_ros2_msgs
[0.302s] -- Up-to-date: /home/shipengl/LRSMT/agiletaur/install/webots_ros2_msgs/include/webots_ros2_msgs
[0.302s] -- Up-to-date: /home/shipengl/LRSMT/agiletaur/install/webots_ros2_msgs/include/webots_ros2_msgs/srv
[0.302s] -- Up-to-date: /home/shipengl/LRSMT/agiletaur/install/webots_ros2_msgs/include/webots_ros2_msgs/srv/set_int.h
[0.302s] -- Up-to-date: /home/shipengl/LRSMT/agiletaur/install/webots_ros2_msgs/include/webots_ros2_msgs/srv/detail
[0.303s] -- Up-to-date: /home/shipengl/LRSMT/agiletaur/install/webots_ros2_msgs/include/webots_ros2_msgs/srv/detail/set_int__functions.c
[0.303s] -- Up-to-date: /home/shipengl/LRSMT/agiletaur/install/webots_ros2_msgs/include/webots_ros2_msgs/srv/detail/set_int__type_support.h
[0.303s] -- Up-to-date: /home/shipengl/LRSMT/agiletaur/install/webots_ros2_msgs/include/webots_ros2_msgs/srv/detail/set_int__functions.h
[0.303s] -- Up-to-date: /home/shipengl/LRSMT/agiletaur/install/webots_ros2_msgs/include/webots_ros2_msgs/srv/detail/set_int__struct.h
[0.303s] -- Up-to-date: /home/shipengl/LRSMT/agiletaur/install/webots_ros2_msgs/include/webots_ros2_msgs/msg
[0.303s] -- Up-to-date: /home/shipengl/LRSMT/agiletaur/install/webots_ros2_msgs/include/webots_ros2_msgs/msg/rosidl_generator_c__visibility_control.h
[0.304s] -- Up-to-date: /home/shipengl/LRSMT/agiletaur/install/webots_ros2_msgs/include/webots_ros2_msgs/msg/wb_camera_recognition_objects.h
[0.304s] -- Up-to-date: /home/shipengl/LRSMT/agiletaur/install/webots_ros2_msgs/include/webots_ros2_msgs/msg/detail
[0.304s] -- Up-to-date: /home/shipengl/LRSMT/agiletaur/install/webots_ros2_msgs/include/webots_ros2_msgs/msg/detail/wb_camera_recognition_object__struct.h
[0.304s] -- Up-to-date: /home/shipengl/LRSMT/agiletaur/install/webots_ros2_msgs/include/webots_ros2_msgs/msg/detail/wb_camera_recognition_object__functions.h
[0.304s] -- Up-to-date: /home/shipengl/LRSMT/agiletaur/install/webots_ros2_msgs/include/webots_ros2_msgs/msg/detail/wb_camera_recognition_object__functions.c
[0.304s] -- Up-to-date: /home/shipengl/LRSMT/agiletaur/install/webots_ros2_msgs/include/webots_ros2_msgs/msg/detail/wb_camera_recognition_objects__functions.c
[0.305s] -- Up-to-date: /home/shipengl/LRSMT/agiletaur/install/webots_ros2_msgs/include/webots_ros2_msgs/msg/detail/wb_camera_recognition_object__type_support.h
[0.305s] -- Up-to-date: /home/shipengl/LRSMT/agiletaur/install/webots_ros2_msgs/include/webots_ros2_msgs/msg/detail/wb_camera_recognition_objects__functions.h
[0.305s] -- Up-to-date: /home/shipengl/LRSMT/agiletaur/install/webots_ros2_msgs/include/webots_ros2_msgs/msg/detail/wb_camera_recognition_objects__struct.h
[0.305s] -- Up-to-date: /home/shipengl/LRSMT/agiletaur/install/webots_ros2_msgs/include/webots_ros2_msgs/msg/detail/wb_camera_recognition_objects__type_support.h
[0.305s] -- Up-to-date: /home/shipengl/LRSMT/agiletaur/install/webots_ros2_msgs/include/webots_ros2_msgs/msg/wb_camera_recognition_object.h
[0.305s] -- Up-to-date: /home/shipengl/LRSMT/agiletaur/install/webots_ros2_msgs/share/webots_ros2_msgs/environment/library_path.sh
[0.306s] -- Up-to-date: /home/shipengl/LRSMT/agiletaur/install/webots_ros2_msgs/share/webots_ros2_msgs/environment/library_path.dsv
[0.306s] -- Up-to-date: /home/shipengl/LRSMT/agiletaur/install/webots_ros2_msgs/lib/libwebots_ros2_msgs__rosidl_generator_c.so
[0.306s] -- Up-to-date: /home/shipengl/LRSMT/agiletaur/install/webots_ros2_msgs/include/webots_ros2_msgs
[0.307s] -- Up-to-date: /home/shipengl/LRSMT/agiletaur/install/webots_ros2_msgs/include/webots_ros2_msgs/srv
[0.308s] -- Up-to-date: /home/shipengl/LRSMT/agiletaur/install/webots_ros2_msgs/include/webots_ros2_msgs/srv/detail
[0.308s] -- Up-to-date: /home/shipengl/LRSMT/agiletaur/install/webots_ros2_msgs/include/webots_ros2_msgs/srv/detail/set_int__rosidl_typesupport_fastrtps_c.h
[0.308s] -- Up-to-date: /home/shipengl/LRSMT/agiletaur/install/webots_ros2_msgs/include/webots_ros2_msgs/msg
[0.309s] -- Up-to-date: /home/shipengl/LRSMT/agiletaur/install/webots_ros2_msgs/include/webots_ros2_msgs/msg/rosidl_typesupport_fastrtps_c__visibility_control.h
[0.309s] -- Up-to-date: /home/shipengl/LRSMT/agiletaur/install/webots_ros2_msgs/include/webots_ros2_msgs/msg/detail
[0.309s] -- Up-to-date: /home/shipengl/LRSMT/agiletaur/install/webots_ros2_msgs/include/webots_ros2_msgs/msg/detail/wb_camera_recognition_objects__rosidl_typesupport_fastrtps_c.h
[0.309s] -- Up-to-date: /home/shipengl/LRSMT/agiletaur/install/webots_ros2_msgs/include/webots_ros2_msgs/msg/detail/wb_camera_recognition_object__rosidl_typesupport_fastrtps_c.h
[0.310s] -- Up-to-date: /home/shipengl/LRSMT/agiletaur/install/webots_ros2_msgs/lib/libwebots_ros2_msgs__rosidl_typesupport_fastrtps_c.so
[0.310s] -- Up-to-date: /home/shipengl/LRSMT/agiletaur/install/webots_ros2_msgs/include/webots_ros2_msgs
[0.311s] -- Up-to-date: /home/shipengl/LRSMT/agiletaur/install/webots_ros2_msgs/include/webots_ros2_msgs/srv
[0.311s] -- Up-to-date: /home/shipengl/LRSMT/agiletaur/install/webots_ros2_msgs/include/webots_ros2_msgs/srv/detail
[0.311s] -- Up-to-date: /home/shipengl/LRSMT/agiletaur/install/webots_ros2_msgs/include/webots_ros2_msgs/srv/detail/set_int__rosidl_typesupport_fastrtps_cpp.hpp
[0.312s] -- Up-to-date: /home/shipengl/LRSMT/agiletaur/install/webots_ros2_msgs/include/webots_ros2_msgs/srv/detail/dds_fastrtps
[0.312s] -- Up-to-date: /home/shipengl/LRSMT/agiletaur/install/webots_ros2_msgs/include/webots_ros2_msgs/msg
[0.313s] -- Up-to-date: /home/shipengl/LRSMT/agiletaur/install/webots_ros2_msgs/include/webots_ros2_msgs/msg/rosidl_typesupport_fastrtps_cpp__visibility_control.h
[0.313s] -- Up-to-date: /home/shipengl/LRSMT/agiletaur/install/webots_ros2_msgs/include/webots_ros2_msgs/msg/detail
[0.313s] -- Up-to-date: /home/shipengl/LRSMT/agiletaur/install/webots_ros2_msgs/include/webots_ros2_msgs/msg/detail/wb_camera_recognition_objects__rosidl_typesupport_fastrtps_cpp.hpp
[0.313s] -- Up-to-date: /home/shipengl/LRSMT/agiletaur/install/webots_ros2_msgs/include/webots_ros2_msgs/msg/detail/wb_camera_recognition_object__rosidl_typesupport_fastrtps_cpp.hpp
[0.313s] -- Up-to-date: /home/shipengl/LRSMT/agiletaur/install/webots_ros2_msgs/include/webots_ros2_msgs/msg/detail/dds_fastrtps
[0.314s] -- Up-to-date: /home/shipengl/LRSMT/agiletaur/install/webots_ros2_msgs/lib/libwebots_ros2_msgs__rosidl_typesupport_fastrtps_cpp.so
[0.314s] -- Up-to-date: /home/shipengl/LRSMT/agiletaur/install/webots_ros2_msgs/include/webots_ros2_msgs
[0.315s] -- Up-to-date: /home/shipengl/LRSMT/agiletaur/install/webots_ros2_msgs/include/webots_ros2_msgs/srv
[0.315s] -- Up-to-date: /home/shipengl/LRSMT/agiletaur/install/webots_ros2_msgs/include/webots_ros2_msgs/srv/detail
[0.315s] -- Up-to-date: /home/shipengl/LRSMT/agiletaur/install/webots_ros2_msgs/include/webots_ros2_msgs/srv/detail/set_int__type_support.c
[0.316s] -- Up-to-date: /home/shipengl/LRSMT/agiletaur/install/webots_ros2_msgs/include/webots_ros2_msgs/srv/detail/set_int__rosidl_typesupport_introspection_c.h
[0.316s] -- Up-to-date: /home/shipengl/LRSMT/agiletaur/install/webots_ros2_msgs/include/webots_ros2_msgs/msg
[0.317s] -- Up-to-date: /home/shipengl/LRSMT/agiletaur/install/webots_ros2_msgs/include/webots_ros2_msgs/msg/rosidl_typesupport_introspection_c__visibility_control.h
[0.317s] -- Up-to-date: /home/shipengl/LRSMT/agiletaur/install/webots_ros2_msgs/include/webots_ros2_msgs/msg/detail
[0.317s] -- Up-to-date: /home/shipengl/LRSMT/agiletaur/install/webots_ros2_msgs/include/webots_ros2_msgs/msg/detail/wb_camera_recognition_objects__type_support.c
[0.319s] -- Up-to-date: /home/shipengl/LRSMT/agiletaur/install/webots_ros2_msgs/include/webots_ros2_msgs/msg/detail/wb_camera_recognition_object__type_support.c
[0.319s] -- Up-to-date: /home/shipengl/LRSMT/agiletaur/install/webots_ros2_msgs/include/webots_ros2_msgs/msg/detail/wb_camera_recognition_objects__rosidl_typesupport_introspection_c.h
[0.320s] -- Up-to-date: /home/shipengl/LRSMT/agiletaur/install/webots_ros2_msgs/include/webots_ros2_msgs/msg/detail/wb_camera_recognition_object__rosidl_typesupport_introspection_c.h
[0.320s] -- Up-to-date: /home/shipengl/LRSMT/agiletaur/install/webots_ros2_msgs/lib/libwebots_ros2_msgs__rosidl_typesupport_introspection_c.so
[0.321s] -- Up-to-date: /home/shipengl/LRSMT/agiletaur/install/webots_ros2_msgs/lib/libwebots_ros2_msgs__rosidl_typesupport_c.so
[0.322s] -- Up-to-date: /home/shipengl/LRSMT/agiletaur/install/webots_ros2_msgs/include/webots_ros2_msgs
[0.323s] -- Up-to-date: /home/shipengl/LRSMT/agiletaur/install/webots_ros2_msgs/include/webots_ros2_msgs/srv
[0.324s] -- Up-to-date: /home/shipengl/LRSMT/agiletaur/install/webots_ros2_msgs/include/webots_ros2_msgs/srv/set_int.hpp
[0.324s] -- Up-to-date: /home/shipengl/LRSMT/agiletaur/install/webots_ros2_msgs/include/webots_ros2_msgs/srv/detail
[0.325s] -- Up-to-date: /home/shipengl/LRSMT/agiletaur/install/webots_ros2_msgs/include/webots_ros2_msgs/srv/detail/set_int__traits.hpp
[0.325s] -- Up-to-date: /home/shipengl/LRSMT/agiletaur/install/webots_ros2_msgs/include/webots_ros2_msgs/srv/detail/set_int__builder.hpp
[0.326s] -- Up-to-date: /home/shipengl/LRSMT/agiletaur/install/webots_ros2_msgs/include/webots_ros2_msgs/srv/detail/set_int__struct.hpp
[0.326s] -- Up-to-date: /home/shipengl/LRSMT/agiletaur/install/webots_ros2_msgs/include/webots_ros2_msgs/msg
[0.328s] -- Up-to-date: /home/shipengl/LRSMT/agiletaur/install/webots_ros2_msgs/include/webots_ros2_msgs/msg/wb_camera_recognition_objects.hpp
[0.328s] -- Up-to-date: /home/shipengl/LRSMT/agiletaur/install/webots_ros2_msgs/include/webots_ros2_msgs/msg/wb_camera_recognition_object.hpp
[0.328s] -- Up-to-date: /home/shipengl/LRSMT/agiletaur/install/webots_ros2_msgs/include/webots_ros2_msgs/msg/detail
[0.328s] -- Up-to-date: /home/shipengl/LRSMT/agiletaur/install/webots_ros2_msgs/include/webots_ros2_msgs/msg/detail/wb_camera_recognition_objects__builder.hpp
[0.328s] -- Up-to-date: /home/shipengl/LRSMT/agiletaur/install/webots_ros2_msgs/include/webots_ros2_msgs/msg/detail/wb_camera_recognition_objects__traits.hpp
[0.328s] -- Up-to-date: /home/shipengl/LRSMT/agiletaur/install/webots_ros2_msgs/include/webots_ros2_msgs/msg/detail/wb_camera_recognition_object__builder.hpp
[0.328s] -- Up-to-date: /home/shipengl/LRSMT/agiletaur/install/webots_ros2_msgs/include/webots_ros2_msgs/msg/detail/wb_camera_recognition_objects__struct.hpp
[0.328s] -- Up-to-date: /home/shipengl/LRSMT/agiletaur/install/webots_ros2_msgs/include/webots_ros2_msgs/msg/detail/wb_camera_recognition_object__traits.hpp
[0.328s] -- Up-to-date: /home/shipengl/LRSMT/agiletaur/install/webots_ros2_msgs/include/webots_ros2_msgs/msg/detail/wb_camera_recognition_object__struct.hpp
[0.328s] -- Up-to-date: /home/shipengl/LRSMT/agiletaur/install/webots_ros2_msgs/include/webots_ros2_msgs
[0.329s] -- Up-to-date: /home/shipengl/LRSMT/agiletaur/install/webots_ros2_msgs/include/webots_ros2_msgs/srv
[0.329s] -- Up-to-date: /home/shipengl/LRSMT/agiletaur/install/webots_ros2_msgs/include/webots_ros2_msgs/srv/detail
[0.329s] -- Up-to-date: /home/shipengl/LRSMT/agiletaur/install/webots_ros2_msgs/include/webots_ros2_msgs/srv/detail/set_int__rosidl_typesupport_introspection_cpp.hpp
[0.329s] -- Up-to-date: /home/shipengl/LRSMT/agiletaur/install/webots_ros2_msgs/include/webots_ros2_msgs/srv/detail/set_int__type_support.cpp
[0.329s] -- Up-to-date: /home/shipengl/LRSMT/agiletaur/install/webots_ros2_msgs/include/webots_ros2_msgs/msg
[0.329s] -- Up-to-date: /home/shipengl/LRSMT/agiletaur/install/webots_ros2_msgs/include/webots_ros2_msgs/msg/detail
[0.329s] -- Up-to-date: /home/shipengl/LRSMT/agiletaur/install/webots_ros2_msgs/include/webots_ros2_msgs/msg/detail/wb_camera_recognition_object__type_support.cpp
[0.329s] -- Up-to-date: /home/shipengl/LRSMT/agiletaur/install/webots_ros2_msgs/include/webots_ros2_msgs/msg/detail/wb_camera_recognition_object__rosidl_typesupport_introspection_cpp.hpp
[0.330s] -- Up-to-date: /home/shipengl/LRSMT/agiletaur/install/webots_ros2_msgs/include/webots_ros2_msgs/msg/detail/wb_camera_recognition_objects__type_support.cpp
[0.330s] -- Up-to-date: /home/shipengl/LRSMT/agiletaur/install/webots_ros2_msgs/include/webots_ros2_msgs/msg/detail/wb_camera_recognition_objects__rosidl_typesupport_introspection_cpp.hpp
[0.330s] -- Up-to-date: /home/shipengl/LRSMT/agiletaur/install/webots_ros2_msgs/lib/libwebots_ros2_msgs__rosidl_typesupport_introspection_cpp.so
[0.330s] -- Up-to-date: /home/shipengl/LRSMT/agiletaur/install/webots_ros2_msgs/lib/libwebots_ros2_msgs__rosidl_typesupport_cpp.so
[0.330s] -- Up-to-date: /home/shipengl/LRSMT/agiletaur/install/webots_ros2_msgs/share/webots_ros2_msgs/environment/pythonpath.sh
[0.330s] -- Up-to-date: /home/shipengl/LRSMT/agiletaur/install/webots_ros2_msgs/share/webots_ros2_msgs/environment/pythonpath.dsv
[0.330s] -- Up-to-date: /home/shipengl/LRSMT/agiletaur/install/webots_ros2_msgs/lib/python3.8/site-packages/webots_ros2_msgs/__init__.py
[0.339s] -- Up-to-date: /home/shipengl/LRSMT/agiletaur/install/webots_ros2_msgs/lib/python3.8/site-packages/webots_ros2_msgs/msg
[0.339s] -- Up-to-date: /home/shipengl/LRSMT/agiletaur/install/webots_ros2_msgs/lib/python3.8/site-packages/webots_ros2_msgs/msg/_wb_camera_recognition_objects.py
[0.339s] -- Up-to-date: /home/shipengl/LRSMT/agiletaur/install/webots_ros2_msgs/lib/python3.8/site-packages/webots_ros2_msgs/msg/__init__.py
[0.339s] -- Up-to-date: /home/shipengl/LRSMT/agiletaur/install/webots_ros2_msgs/lib/python3.8/site-packages/webots_ros2_msgs/msg/_wb_camera_recognition_objects_s.c
[0.339s] -- Up-to-date: /home/shipengl/LRSMT/agiletaur/install/webots_ros2_msgs/lib/python3.8/site-packages/webots_ros2_msgs/msg/_wb_camera_recognition_object.py
[0.339s] -- Up-to-date: /home/shipengl/LRSMT/agiletaur/install/webots_ros2_msgs/lib/python3.8/site-packages/webots_ros2_msgs/msg/_wb_camera_recognition_object_s.c
[0.340s] -- Up-to-date: /home/shipengl/LRSMT/agiletaur/install/webots_ros2_msgs/lib/python3.8/site-packages/webots_ros2_msgs/srv
[0.340s] -- Up-to-date: /home/shipengl/LRSMT/agiletaur/install/webots_ros2_msgs/lib/python3.8/site-packages/webots_ros2_msgs/srv/__init__.py
[0.340s] -- Up-to-date: /home/shipengl/LRSMT/agiletaur/install/webots_ros2_msgs/lib/python3.8/site-packages/webots_ros2_msgs/srv/_set_int_s.c
[0.340s] -- Up-to-date: /home/shipengl/LRSMT/agiletaur/install/webots_ros2_msgs/lib/python3.8/site-packages/webots_ros2_msgs/srv/_set_int.py
[0.340s] -- Up-to-date: /home/shipengl/LRSMT/agiletaur/install/webots_ros2_msgs/lib/python3.8/site-packages/webots_ros2_msgs/webots_ros2_msgs_s__rosidl_typesupport_fastrtps_c.cpython-38-x86_64-linux-gnu.so
[0.340s] -- Up-to-date: /home/shipengl/LRSMT/agiletaur/install/webots_ros2_msgs/lib/python3.8/site-packages/webots_ros2_msgs/webots_ros2_msgs_s__rosidl_typesupport_introspection_c.cpython-38-x86_64-linux-gnu.so
[0.340s] -- Up-to-date: /home/shipengl/LRSMT/agiletaur/install/webots_ros2_msgs/lib/python3.8/site-packages/webots_ros2_msgs/webots_ros2_msgs_s__rosidl_typesupport_c.cpython-38-x86_64-linux-gnu.so
[0.341s] -- Up-to-date: /home/shipengl/LRSMT/agiletaur/install/webots_ros2_msgs/lib/libwebots_ros2_msgs__python.so
[0.341s] -- Up-to-date: /home/shipengl/LRSMT/agiletaur/install/webots_ros2_msgs/share/webots_ros2_msgs/msg/WbCameraRecognitionObject.idl
[0.343s] -- Up-to-date: /home/shipengl/LRSMT/agiletaur/install/webots_ros2_msgs/share/webots_ros2_msgs/msg/WbCameraRecognitionObjects.idl
[0.344s] -- Up-to-date: /home/shipengl/LRSMT/agiletaur/install/webots_ros2_msgs/share/webots_ros2_msgs/srv/SetInt.idl
[0.344s] -- Up-to-date: /home/shipengl/LRSMT/agiletaur/install/webots_ros2_msgs/share/webots_ros2_msgs/msg/WbCameraRecognitionObject.msg
[0.344s] -- Up-to-date: /home/shipengl/LRSMT/agiletaur/install/webots_ros2_msgs/share/webots_ros2_msgs/msg/WbCameraRecognitionObjects.msg
[0.345s] -- Up-to-date: /home/shipengl/LRSMT/agiletaur/install/webots_ros2_msgs/share/webots_ros2_msgs/srv/SetInt.srv
[0.345s] -- Up-to-date: /home/shipengl/LRSMT/agiletaur/install/webots_ros2_msgs/share/webots_ros2_msgs/srv/SetInt_Request.msg
[0.345s] -- Up-to-date: /home/shipengl/LRSMT/agiletaur/install/webots_ros2_msgs/share/webots_ros2_msgs/srv/SetInt_Response.msg
[0.346s] -- Up-to-date: /home/shipengl/LRSMT/agiletaur/install/webots_ros2_msgs/share/ament_index/resource_index/package_run_dependencies/webots_ros2_msgs
[0.346s] -- Up-to-date: /home/shipengl/LRSMT/agiletaur/install/webots_ros2_msgs/share/ament_index/resource_index/parent_prefix_path/webots_ros2_msgs
[0.346s] -- Up-to-date: /home/shipengl/LRSMT/agiletaur/install/webots_ros2_msgs/share/webots_ros2_msgs/environment/ament_prefix_path.sh
[0.347s] -- Up-to-date: /home/shipengl/LRSMT/agiletaur/install/webots_ros2_msgs/share/webots_ros2_msgs/environment/ament_prefix_path.dsv
[0.347s] -- Up-to-date: /home/shipengl/LRSMT/agiletaur/install/webots_ros2_msgs/share/webots_ros2_msgs/environment/path.sh
[0.348s] -- Up-to-date: /home/shipengl/LRSMT/agiletaur/install/webots_ros2_msgs/share/webots_ros2_msgs/environment/path.dsv
[0.348s] -- Up-to-date: /home/shipengl/LRSMT/agiletaur/install/webots_ros2_msgs/share/webots_ros2_msgs/local_setup.bash
[0.348s] -- Up-to-date: /home/shipengl/LRSMT/agiletaur/install/webots_ros2_msgs/share/webots_ros2_msgs/local_setup.sh
[0.349s] -- Up-to-date: /home/shipengl/LRSMT/agiletaur/install/webots_ros2_msgs/share/webots_ros2_msgs/local_setup.zsh
[0.349s] -- Up-to-date: /home/shipengl/LRSMT/agiletaur/install/webots_ros2_msgs/share/webots_ros2_msgs/local_setup.dsv
[0.350s] -- Installing: /home/shipengl/LRSMT/agiletaur/install/webots_ros2_msgs/share/webots_ros2_msgs/package.dsv
[0.350s] -- Up-to-date: /home/shipengl/LRSMT/agiletaur/install/webots_ros2_msgs/share/ament_index/resource_index/packages/webots_ros2_msgs
[0.350s] -- Up-to-date: /home/shipengl/LRSMT/agiletaur/install/webots_ros2_msgs/share/webots_ros2_msgs/cmake/webots_ros2_msgs__rosidl_generator_cExport.cmake
[0.351s] -- Up-to-date: /home/shipengl/LRSMT/agiletaur/install/webots_ros2_msgs/share/webots_ros2_msgs/cmake/webots_ros2_msgs__rosidl_generator_cExport-noconfig.cmake
[0.351s] -- Up-to-date: /home/shipengl/LRSMT/agiletaur/install/webots_ros2_msgs/share/webots_ros2_msgs/cmake/webots_ros2_msgs__rosidl_typesupport_introspection_cExport.cmake
[0.352s] -- Up-to-date: /home/shipengl/LRSMT/agiletaur/install/webots_ros2_msgs/share/webots_ros2_msgs/cmake/webots_ros2_msgs__rosidl_typesupport_introspection_cExport-noconfig.cmake
[0.352s] -- Up-to-date: /home/shipengl/LRSMT/agiletaur/install/webots_ros2_msgs/share/webots_ros2_msgs/cmake/webots_ros2_msgs__rosidl_typesupport_cExport.cmake
[0.352s] -- Up-to-date: /home/shipengl/LRSMT/agiletaur/install/webots_ros2_msgs/share/webots_ros2_msgs/cmake/webots_ros2_msgs__rosidl_typesupport_cExport-noconfig.cmake
[0.353s] -- Up-to-date: /home/shipengl/LRSMT/agiletaur/install/webots_ros2_msgs/share/webots_ros2_msgs/cmake/webots_ros2_msgs__rosidl_generator_cppExport.cmake
[0.354s] -- Up-to-date: /home/shipengl/LRSMT/agiletaur/install/webots_ros2_msgs/share/webots_ros2_msgs/cmake/webots_ros2_msgs__rosidl_typesupport_introspection_cppExport.cmake
[0.354s] -- Up-to-date: /home/shipengl/LRSMT/agiletaur/install/webots_ros2_msgs/share/webots_ros2_msgs/cmake/webots_ros2_msgs__rosidl_typesupport_introspection_cppExport-noconfig.cmake
[0.354s] -- Up-to-date: /home/shipengl/LRSMT/agiletaur/install/webots_ros2_msgs/share/webots_ros2_msgs/cmake/webots_ros2_msgs__rosidl_typesupport_cppExport.cmake
[0.355s] -- Up-to-date: /home/shipengl/LRSMT/agiletaur/install/webots_ros2_msgs/share/webots_ros2_msgs/cmake/webots_ros2_msgs__rosidl_typesupport_cppExport-noconfig.cmake
[0.355s] -- Up-to-date: /home/shipengl/LRSMT/agiletaur/install/webots_ros2_msgs/share/webots_ros2_msgs/cmake/rosidl_cmake-extras.cmake
[0.355s] -- Up-to-date: /home/shipengl/LRSMT/agiletaur/install/webots_ros2_msgs/share/webots_ros2_msgs/cmake/ament_cmake_export_dependencies-extras.cmake
[0.355s] -- Up-to-date: /home/shipengl/LRSMT/agiletaur/install/webots_ros2_msgs/share/webots_ros2_msgs/cmake/ament_cmake_export_libraries-extras.cmake
[0.355s] -- Up-to-date: /home/shipengl/LRSMT/agiletaur/install/webots_ros2_msgs/share/webots_ros2_msgs/cmake/ament_cmake_export_targets-extras.cmake
[0.356s] -- Up-to-date: /home/shipengl/LRSMT/agiletaur/install/webots_ros2_msgs/share/webots_ros2_msgs/cmake/ament_cmake_export_include_directories-extras.cmake
[0.356s] -- Up-to-date: /home/shipengl/LRSMT/agiletaur/install/webots_ros2_msgs/share/webots_ros2_msgs/cmake/rosidl_cmake_export_typesupport_libraries-extras.cmake
[0.357s] -- Up-to-date: /home/shipengl/LRSMT/agiletaur/install/webots_ros2_msgs/share/webots_ros2_msgs/cmake/rosidl_cmake_export_typesupport_targets-extras.cmake
[0.357s] -- Up-to-date: /home/shipengl/LRSMT/agiletaur/install/webots_ros2_msgs/share/webots_ros2_msgs/cmake/webots_ros2_msgsConfig.cmake
[0.357s] -- Up-to-date: /home/shipengl/LRSMT/agiletaur/install/webots_ros2_msgs/share/webots_ros2_msgs/cmake/webots_ros2_msgsConfig-version.cmake
[0.358s] -- Up-to-date: /home/shipengl/LRSMT/agiletaur/install/webots_ros2_msgs/share/webots_ros2_msgs/package.xml
[0.360s] Invoked command in '/home/shipengl/LRSMT/agiletaur/build/webots_ros2_msgs' returned '0': CMAKE_PREFIX_PATH=${CMAKE_PREFIX_PATH}:/home/shipengl/LRSMT/agiletaur/install/webots_ros2:/home/shipengl/LRSMT/agiletaur/install/webots_ros2_tests:/home/shipengl/LRSMT/agiletaur/install/webots_ros2_tesla:/home/shipengl/LRSMT/agiletaur/install/webots_ros2_core:/home/shipengl/LRSMT/agiletaur/install/webots_ros2_importer:/opt/ros/foxy/home/shipengl/LRSMT/agiletaur/install/firstcontroller /usr/bin/cmake --install /home/shipengl/LRSMT/agiletaur/build/webots_ros2_msgs
