[0.182s] Invoking command in '/home/shipengl/LRSMT/agiletaur/build/webots_ros2_driver': AMENT_PREFIX_PATH=/home/shipengl/LRSMT/agiletaur/install/webots_ros2_msgs:${AMENT_PREFIX_PATH} CMAKE_PREFIX_PATH=/home/shipengl/LRSMT/agiletaur/install/webots_ros2_msgs:/opt/ros/foxy LD_LIBRARY_PATH=/home/shipengl/LRSMT/agiletaur/install/webots_ros2_msgs/lib:${LD_LIBRARY_PATH} PYTHONPATH=/home/shipengl/LRSMT/agiletaur/install/webots_ros2_msgs/lib/python3.8/site-packages:${PYTHONPATH} /usr/bin/cmake --build /home/shipengl/LRSMT/agiletaur/build/webots_ros2_driver -- -j16 -l16
[0.248s] [ 22%] Built target webots_ros2_driver_imu
[0.259s] [100%] Built target driver
[0.268s] Invoked command in '/home/shipengl/LRSMT/agiletaur/build/webots_ros2_driver' returned '0': AMENT_PREFIX_PATH=/home/shipengl/LRSMT/agiletaur/install/webots_ros2_msgs:${AMENT_PREFIX_PATH} CMAKE_PREFIX_PATH=/home/shipengl/LRSMT/agiletaur/install/webots_ros2_msgs:/opt/ros/foxy LD_LIBRARY_PATH=/home/shipengl/LRSMT/agiletaur/install/webots_ros2_msgs/lib:${LD_LIBRARY_PATH} PYTHONPATH=/home/shipengl/LRSMT/agiletaur/install/webots_ros2_msgs/lib/python3.8/site-packages:${PYTHONPATH} /usr/bin/cmake --build /home/shipengl/LRSMT/agiletaur/build/webots_ros2_driver -- -j16 -l16
[0.297s] Invoking command in '/home/shipengl/LRSMT/agiletaur/build/webots_ros2_driver': AMENT_PREFIX_PATH=/home/shipengl/LRSMT/agiletaur/install/webots_ros2_msgs:${AMENT_PREFIX_PATH} CMAKE_PREFIX_PATH=/home/shipengl/LRSMT/agiletaur/install/webots_ros2_msgs:/opt/ros/foxy LD_LIBRARY_PATH=/home/shipengl/LRSMT/agiletaur/install/webots_ros2_msgs/lib:${LD_LIBRARY_PATH} PYTHONPATH=/home/shipengl/LRSMT/agiletaur/install/webots_ros2_msgs/lib/python3.8/site-packages:${PYTHONPATH} /usr/bin/cmake --install /home/shipengl/LRSMT/agiletaur/build/webots_ros2_driver
[0.303s] -- Install configuration: ""
[0.303s] -- Up-to-date: /home/shipengl/LRSMT/agiletaur/install/webots_ros2_driver/share/webots_ros2_driver/environment/pythonpath.sh
[0.303s] -- Up-to-date: /home/shipengl/LRSMT/agiletaur/install/webots_ros2_driver/share/webots_ros2_driver/environment/pythonpath.dsv
[0.303s] -- Up-to-date: /home/shipengl/LRSMT/agiletaur/install/webots_ros2_driver/lib/python3.8/site-packages/webots_ros2_driver_webots
[0.303s] -- Up-to-date: /home/shipengl/LRSMT/agiletaur/install/webots_ros2_driver/lib/python3.8/site-packages/webots_ros2_driver_webots/_vehicle.so
[0.304s] -- Up-to-date: /home/shipengl/LRSMT/agiletaur/install/webots_ros2_driver/lib/python3.8/site-packages/webots_ros2_driver_webots/__init__.py
[0.304s] -- Up-to-date: /home/shipengl/LRSMT/agiletaur/install/webots_ros2_driver/lib/python3.8/site-packages/webots_ros2_driver_webots/controller.py
[0.304s] -- Up-to-date: /home/shipengl/LRSMT/agiletaur/install/webots_ros2_driver/lib/python3.8/site-packages/webots_ros2_driver_webots/vehicle.py
[0.304s] -- Up-to-date: /home/shipengl/LRSMT/agiletaur/install/webots_ros2_driver/lib/python3.8/site-packages/webots_ros2_driver_webots/_controller.so
[0.327s] Listing '/home/shipengl/LRSMT/agiletaur/install/webots_ros2_driver/lib/python3.8/site-packages/webots_ros2_driver_webots'...
[0.330s] -- Up-to-date: /home/shipengl/LRSMT/agiletaur/install/webots_ros2_driver/lib/python3.8/site-packages/webots_ros2_driver
[0.330s] -- Up-to-date: /home/shipengl/LRSMT/agiletaur/install/webots_ros2_driver/lib/python3.8/site-packages/webots_ros2_driver/utils.py
[0.330s] -- Up-to-date: /home/shipengl/LRSMT/agiletaur/install/webots_ros2_driver/lib/python3.8/site-packages/webots_ros2_driver/webots_launcher.py
[0.330s] -- Up-to-date: /home/shipengl/LRSMT/agiletaur/install/webots_ros2_driver/lib/python3.8/site-packages/webots_ros2_driver/__init__.py
[0.351s] Listing '/home/shipengl/LRSMT/agiletaur/install/webots_ros2_driver/lib/python3.8/site-packages/webots_ros2_driver'...
[0.354s] -- Up-to-date: /home/shipengl/LRSMT/agiletaur/install/webots_ros2_driver/include
[0.354s] -- Up-to-date: /home/shipengl/LRSMT/agiletaur/install/webots_ros2_driver/include/webots_ros2_driver
[0.354s] -- Up-to-date: /home/shipengl/LRSMT/agiletaur/install/webots_ros2_driver/include/webots_ros2_driver/plugins
[0.354s] -- Up-to-date: /home/shipengl/LRSMT/agiletaur/install/webots_ros2_driver/include/webots_ros2_driver/plugins/static
[0.354s] -- Up-to-date: /home/shipengl/LRSMT/agiletaur/install/webots_ros2_driver/include/webots_ros2_driver/plugins/static/Ros2LED.hpp
[0.355s] -- Up-to-date: /home/shipengl/LRSMT/agiletaur/install/webots_ros2_driver/include/webots_ros2_driver/plugins/static/Ros2Lidar.hpp
[0.355s] -- Up-to-date: /home/shipengl/LRSMT/agiletaur/install/webots_ros2_driver/include/webots_ros2_driver/plugins/static/Ros2LightSensor.hpp
[0.355s] -- Up-to-date: /home/shipengl/LRSMT/agiletaur/install/webots_ros2_driver/include/webots_ros2_driver/plugins/static/Ros2Camera.hpp
[0.355s] -- Up-to-date: /home/shipengl/LRSMT/agiletaur/install/webots_ros2_driver/include/webots_ros2_driver/plugins/static/Ros2DistanceSensor.hpp
[0.355s] -- Up-to-date: /home/shipengl/LRSMT/agiletaur/install/webots_ros2_driver/include/webots_ros2_driver/plugins/static/Ros2RangeFinder.hpp
[0.355s] -- Up-to-date: /home/shipengl/LRSMT/agiletaur/install/webots_ros2_driver/include/webots_ros2_driver/plugins/static/Ros2GPS.hpp
[0.355s] -- Up-to-date: /home/shipengl/LRSMT/agiletaur/install/webots_ros2_driver/include/webots_ros2_driver/plugins/Ros2SensorPlugin.hpp
[0.355s] -- Up-to-date: /home/shipengl/LRSMT/agiletaur/install/webots_ros2_driver/include/webots_ros2_driver/plugins/dynamic
[0.355s] -- Up-to-date: /home/shipengl/LRSMT/agiletaur/install/webots_ros2_driver/include/webots_ros2_driver/plugins/dynamic/Ros2IMU.hpp
[0.355s] -- Up-to-date: /home/shipengl/LRSMT/agiletaur/install/webots_ros2_driver/include/webots_ros2_driver/WebotsNode.hpp
[0.355s] -- Up-to-date: /home/shipengl/LRSMT/agiletaur/install/webots_ros2_driver/include/webots_ros2_driver/utils
[0.356s] -- Up-to-date: /home/shipengl/LRSMT/agiletaur/install/webots_ros2_driver/include/webots_ros2_driver/utils/Math.hpp
[0.356s] -- Up-to-date: /home/shipengl/LRSMT/agiletaur/install/webots_ros2_driver/include/webots_ros2_driver/utils/Utils.hpp
[0.356s] -- Up-to-date: /home/shipengl/LRSMT/agiletaur/install/webots_ros2_driver/include/webots_ros2_driver/PluginInterface.hpp
[0.356s] -- Up-to-date: /home/shipengl/LRSMT/agiletaur/install/webots_ros2_driver/include/webots_ros2_driver/PythonPlugin.hpp
[0.356s] -- Up-to-date: /home/shipengl/LRSMT/agiletaur/install/webots_ros2_driver/lib/webots_ros2_driver/driver
[0.356s] -- Up-to-date: /home/shipengl/LRSMT/agiletaur/install/webots_ros2_driver/include/webots_ros2_driver/webots_ros2_driver
[0.356s] -- Up-to-date: /home/shipengl/LRSMT/agiletaur/install/webots_ros2_driver/include/webots_ros2_driver/webots_ros2_driver/plugins
[0.356s] -- Up-to-date: /home/shipengl/LRSMT/agiletaur/install/webots_ros2_driver/include/webots_ros2_driver/webots_ros2_driver/plugins/static
[0.356s] -- Up-to-date: /home/shipengl/LRSMT/agiletaur/install/webots_ros2_driver/include/webots_ros2_driver/webots_ros2_driver/plugins/static/Ros2LED.hpp
[0.356s] -- Up-to-date: /home/shipengl/LRSMT/agiletaur/install/webots_ros2_driver/include/webots_ros2_driver/webots_ros2_driver/plugins/static/Ros2Lidar.hpp
[0.356s] -- Up-to-date: /home/shipengl/LRSMT/agiletaur/install/webots_ros2_driver/include/webots_ros2_driver/webots_ros2_driver/plugins/static/Ros2LightSensor.hpp
[0.356s] -- Up-to-date: /home/shipengl/LRSMT/agiletaur/install/webots_ros2_driver/include/webots_ros2_driver/webots_ros2_driver/plugins/static/Ros2Camera.hpp
[0.356s] -- Up-to-date: /home/shipengl/LRSMT/agiletaur/install/webots_ros2_driver/include/webots_ros2_driver/webots_ros2_driver/plugins/static/Ros2DistanceSensor.hpp
[0.357s] -- Up-to-date: /home/shipengl/LRSMT/agiletaur/install/webots_ros2_driver/include/webots_ros2_driver/webots_ros2_driver/plugins/static/Ros2RangeFinder.hpp
[0.357s] -- Up-to-date: /home/shipengl/LRSMT/agiletaur/install/webots_ros2_driver/include/webots_ros2_driver/webots_ros2_driver/plugins/static/Ros2GPS.hpp
[0.357s] -- Up-to-date: /home/shipengl/LRSMT/agiletaur/install/webots_ros2_driver/include/webots_ros2_driver/webots_ros2_driver/plugins/Ros2SensorPlugin.hpp
[0.357s] -- Up-to-date: /home/shipengl/LRSMT/agiletaur/install/webots_ros2_driver/include/webots_ros2_driver/webots_ros2_driver/plugins/dynamic
[0.357s] -- Up-to-date: /home/shipengl/LRSMT/agiletaur/install/webots_ros2_driver/include/webots_ros2_driver/webots_ros2_driver/plugins/dynamic/Ros2IMU.hpp
[0.357s] -- Up-to-date: /home/shipengl/LRSMT/agiletaur/install/webots_ros2_driver/include/webots_ros2_driver/webots_ros2_driver/WebotsNode.hpp
[0.357s] -- Up-to-date: /home/shipengl/LRSMT/agiletaur/install/webots_ros2_driver/include/webots_ros2_driver/webots_ros2_driver/utils
[0.357s] -- Up-to-date: /home/shipengl/LRSMT/agiletaur/install/webots_ros2_driver/include/webots_ros2_driver/webots_ros2_driver/utils/Math.hpp
[0.357s] -- Up-to-date: /home/shipengl/LRSMT/agiletaur/install/webots_ros2_driver/include/webots_ros2_driver/webots_ros2_driver/utils/Utils.hpp
[0.357s] -- Up-to-date: /home/shipengl/LRSMT/agiletaur/install/webots_ros2_driver/include/webots_ros2_driver/webots_ros2_driver/PluginInterface.hpp
[0.357s] -- Up-to-date: /home/shipengl/LRSMT/agiletaur/install/webots_ros2_driver/include/webots_ros2_driver/webots_ros2_driver/PythonPlugin.hpp
[0.358s] -- Up-to-date: /home/shipengl/LRSMT/agiletaur/install/webots_ros2_driver/include/webots/c
[0.358s] -- Up-to-date: /home/shipengl/LRSMT/agiletaur/install/webots_ros2_driver/include/webots/c/webots
[0.358s] -- Up-to-date: /home/shipengl/LRSMT/agiletaur/install/webots_ros2_driver/include/webots/c/webots/led.h
[0.358s] -- Up-to-date: /home/shipengl/LRSMT/agiletaur/install/webots_ros2_driver/include/webots/c/webots/device.h
[0.358s] -- Up-to-date: /home/shipengl/LRSMT/agiletaur/install/webots_ros2_driver/include/webots/c/webots/emitter.h
[0.358s] -- Up-to-date: /home/shipengl/LRSMT/agiletaur/install/webots_ros2_driver/include/webots/c/webots/robot.h
[0.358s] -- Up-to-date: /home/shipengl/LRSMT/agiletaur/install/webots_ros2_driver/include/webots/c/webots/supervisor.h
[0.358s] -- Up-to-date: /home/shipengl/LRSMT/agiletaur/install/webots_ros2_driver/include/webots/c/webots/skin.h
[0.358s] -- Up-to-date: /home/shipengl/LRSMT/agiletaur/install/webots_ros2_driver/include/webots/c/webots/lidar_point.h
[0.358s] -- Up-to-date: /home/shipengl/LRSMT/agiletaur/install/webots_ros2_driver/include/webots/c/webots/inertial_unit.h
[0.358s] -- Up-to-date: /home/shipengl/LRSMT/agiletaur/install/webots_ros2_driver/include/webots/c/webots/joystick.h
[0.358s] -- Up-to-date: /home/shipengl/LRSMT/agiletaur/install/webots_ros2_driver/include/webots/c/webots/camera_recognition_object.h
[0.358s] -- Up-to-date: /home/shipengl/LRSMT/agiletaur/install/webots_ros2_driver/include/webots/c/webots/pen.h
[0.358s] -- Up-to-date: /home/shipengl/LRSMT/agiletaur/install/webots_ros2_driver/include/webots/c/webots/range_finder.h
[0.358s] -- Up-to-date: /home/shipengl/LRSMT/agiletaur/install/webots_ros2_driver/include/webots/c/webots/mouse_state.h
[0.358s] -- Up-to-date: /home/shipengl/LRSMT/agiletaur/install/webots_ros2_driver/include/webots/c/webots/radio.h
[0.359s] -- Up-to-date: /home/shipengl/LRSMT/agiletaur/install/webots_ros2_driver/include/webots/c/webots/position_sensor.h
[0.359s] -- Up-to-date: /home/shipengl/LRSMT/agiletaur/install/webots_ros2_driver/include/webots/c/webots/contact_point.h
[0.359s] -- Up-to-date: /home/shipengl/LRSMT/agiletaur/install/webots_ros2_driver/include/webots/c/webots/plugins
[0.359s] -- Up-to-date: /home/shipengl/LRSMT/agiletaur/install/webots_ros2_driver/include/webots/c/webots/plugins/robot_window
[0.359s] -- Up-to-date: /home/shipengl/LRSMT/agiletaur/install/webots_ros2_driver/include/webots/c/webots/plugins/robot_window/default.h
[0.359s] -- Up-to-date: /home/shipengl/LRSMT/agiletaur/install/webots_ros2_driver/include/webots/c/webots/plugins/robot_window/generic_robot_window
[0.359s] -- Up-to-date: /home/shipengl/LRSMT/agiletaur/install/webots_ros2_driver/include/webots/c/webots/plugins/robot_window/generic_robot_window/generic.h
[0.359s] -- Up-to-date: /home/shipengl/LRSMT/agiletaur/install/webots_ros2_driver/include/webots/c/webots/plugins/robot_window/robot_window.h
[0.359s] -- Up-to-date: /home/shipengl/LRSMT/agiletaur/install/webots_ros2_driver/include/webots/c/webots/plugins/robot_window/robot_wwi.h
[0.359s] -- Up-to-date: /home/shipengl/LRSMT/agiletaur/install/webots_ros2_driver/include/webots/c/webots/connector.h
[0.359s] -- Up-to-date: /home/shipengl/LRSMT/agiletaur/install/webots_ros2_driver/include/webots/c/webots/motor.h
[0.359s] -- Up-to-date: /home/shipengl/LRSMT/agiletaur/install/webots_ros2_driver/include/webots/c/webots/remote_control.h
[0.359s] -- Up-to-date: /home/shipengl/LRSMT/agiletaur/install/webots_ros2_driver/include/webots/c/webots/camera.h
[0.359s] -- Up-to-date: /home/shipengl/LRSMT/agiletaur/install/webots_ros2_driver/include/webots/c/webots/radar.h
[0.359s] -- Up-to-date: /home/shipengl/LRSMT/agiletaur/install/webots_ros2_driver/include/webots/c/webots/lidar.h
[0.360s] -- Up-to-date: /home/shipengl/LRSMT/agiletaur/install/webots_ros2_driver/include/webots/c/webots/mouse.h
[0.360s] -- Up-to-date: /home/shipengl/LRSMT/agiletaur/install/webots_ros2_driver/include/webots/c/webots/vehicle
[0.360s] -- Up-to-date: /home/shipengl/LRSMT/agiletaur/install/webots_ros2_driver/include/webots/c/webots/vehicle/car.h
[0.360s] -- Up-to-date: /home/shipengl/LRSMT/agiletaur/install/webots_ros2_driver/include/webots/c/webots/vehicle/driver.h
[0.360s] -- Up-to-date: /home/shipengl/LRSMT/agiletaur/install/webots_ros2_driver/include/webots/c/webots/types.h
[0.360s] -- Up-to-date: /home/shipengl/LRSMT/agiletaur/install/webots_ros2_driver/include/webots/c/webots/radar_target.h
[0.360s] -- Up-to-date: /home/shipengl/LRSMT/agiletaur/install/webots_ros2_driver/include/webots/c/webots/altimeter.h
[0.360s] -- Up-to-date: /home/shipengl/LRSMT/agiletaur/install/webots_ros2_driver/include/webots/c/webots/receiver.h
[0.360s] -- Up-to-date: /home/shipengl/LRSMT/agiletaur/install/webots_ros2_driver/include/webots/c/webots/keyboard.h
[0.360s] -- Up-to-date: /home/shipengl/LRSMT/agiletaur/install/webots_ros2_driver/include/webots/c/webots/compass.h
[0.360s] -- Up-to-date: /home/shipengl/LRSMT/agiletaur/install/webots_ros2_driver/include/webots/c/webots/utils
[0.360s] -- Up-to-date: /home/shipengl/LRSMT/agiletaur/install/webots_ros2_driver/include/webots/c/webots/utils/motion.h
[0.360s] -- Up-to-date: /home/shipengl/LRSMT/agiletaur/install/webots_ros2_driver/include/webots/c/webots/utils/ansi_codes.h
[0.360s] -- Up-to-date: /home/shipengl/LRSMT/agiletaur/install/webots_ros2_driver/include/webots/c/webots/utils/system.h
[0.360s] -- Up-to-date: /home/shipengl/LRSMT/agiletaur/install/webots_ros2_driver/include/webots/c/webots/utils/string.h
[0.361s] -- Up-to-date: /home/shipengl/LRSMT/agiletaur/install/webots_ros2_driver/include/webots/c/webots/distance_sensor.h
[0.361s] -- Up-to-date: /home/shipengl/LRSMT/agiletaur/install/webots_ros2_driver/include/webots/c/webots/gps.h
[0.361s] -- Up-to-date: /home/shipengl/LRSMT/agiletaur/install/webots_ros2_driver/include/webots/c/webots/console.h
[0.361s] -- Up-to-date: /home/shipengl/LRSMT/agiletaur/install/webots_ros2_driver/include/webots/c/webots/accelerometer.h
[0.362s] -- Up-to-date: /home/shipengl/LRSMT/agiletaur/install/webots_ros2_driver/include/webots/c/webots/light_sensor.h
[0.362s] -- Up-to-date: /home/shipengl/LRSMT/agiletaur/install/webots_ros2_driver/include/webots/c/webots/nodes.h
[0.363s] -- Up-to-date: /home/shipengl/LRSMT/agiletaur/install/webots_ros2_driver/include/webots/c/webots/touch_sensor.h
[0.363s] -- Up-to-date: /home/shipengl/LRSMT/agiletaur/install/webots_ros2_driver/include/webots/c/webots/display.h
[0.363s] -- Up-to-date: /home/shipengl/LRSMT/agiletaur/install/webots_ros2_driver/include/webots/c/webots/brake.h
[0.363s] -- Up-to-date: /home/shipengl/LRSMT/agiletaur/install/webots_ros2_driver/include/webots/c/webots/microphone.h
[0.363s] -- Up-to-date: /home/shipengl/LRSMT/agiletaur/install/webots_ros2_driver/include/webots/c/webots/gyro.h
[0.363s] -- Up-to-date: /home/shipengl/LRSMT/agiletaur/install/webots_ros2_driver/include/webots/c/webots/speaker.h
[0.363s] -- Up-to-date: /home/shipengl/LRSMT/agiletaur/install/webots_ros2_driver/include/webots/cpp
[0.363s] -- Up-to-date: /home/shipengl/LRSMT/agiletaur/install/webots_ros2_driver/include/webots/cpp/webots
[0.363s] -- Up-to-date: /home/shipengl/LRSMT/agiletaur/install/webots_ros2_driver/include/webots/cpp/webots/Gyro.hpp
[0.364s] -- Up-to-date: /home/shipengl/LRSMT/agiletaur/install/webots_ros2_driver/include/webots/cpp/webots/Skin.hpp
[0.364s] -- Up-to-date: /home/shipengl/LRSMT/agiletaur/install/webots_ros2_driver/include/webots/cpp/webots/Supervisor.hpp
[0.364s] -- Up-to-date: /home/shipengl/LRSMT/agiletaur/install/webots_ros2_driver/include/webots/cpp/webots/Node.hpp
[0.364s] -- Up-to-date: /home/shipengl/LRSMT/agiletaur/install/webots_ros2_driver/include/webots/cpp/webots/Connector.hpp
[0.364s] -- Up-to-date: /home/shipengl/LRSMT/agiletaur/install/webots_ros2_driver/include/webots/cpp/webots/Brake.hpp
[0.364s] -- Up-to-date: /home/shipengl/LRSMT/agiletaur/install/webots_ros2_driver/include/webots/cpp/webots/Speaker.hpp
[0.364s] -- Up-to-date: /home/shipengl/LRSMT/agiletaur/install/webots_ros2_driver/include/webots/cpp/webots/LED.hpp
[0.364s] -- Up-to-date: /home/shipengl/LRSMT/agiletaur/install/webots_ros2_driver/include/webots/cpp/webots/Emitter.hpp
[0.364s] -- Up-to-date: /home/shipengl/LRSMT/agiletaur/install/webots_ros2_driver/include/webots/cpp/webots/PositionSensor.hpp
[0.365s] -- Up-to-date: /home/shipengl/LRSMT/agiletaur/install/webots_ros2_driver/include/webots/cpp/webots/ImageRef.hpp
[0.365s] -- Up-to-date: /home/shipengl/LRSMT/agiletaur/install/webots_ros2_driver/include/webots/cpp/webots/Accelerometer.hpp
[0.365s] -- Up-to-date: /home/shipengl/LRSMT/agiletaur/install/webots_ros2_driver/include/webots/cpp/webots/Keyboard.hpp
[0.365s] -- Up-to-date: /home/shipengl/LRSMT/agiletaur/install/webots_ros2_driver/include/webots/cpp/webots/Radar.hpp
[0.366s] -- Up-to-date: /home/shipengl/LRSMT/agiletaur/install/webots_ros2_driver/include/webots/cpp/webots/Device.hpp
[0.366s] -- Up-to-date: /home/shipengl/LRSMT/agiletaur/install/webots_ros2_driver/include/webots/cpp/webots/Display.hpp
[0.366s] -- Up-to-date: /home/shipengl/LRSMT/agiletaur/install/webots_ros2_driver/include/webots/cpp/webots/Joystick.hpp
[0.366s] -- Up-to-date: /home/shipengl/LRSMT/agiletaur/install/webots_ros2_driver/include/webots/cpp/webots/vehicle
[0.366s] -- Up-to-date: /home/shipengl/LRSMT/agiletaur/install/webots_ros2_driver/include/webots/cpp/webots/vehicle/Car.hpp
[0.366s] -- Up-to-date: /home/shipengl/LRSMT/agiletaur/install/webots_ros2_driver/include/webots/cpp/webots/vehicle/Driver.hpp
[0.366s] -- Up-to-date: /home/shipengl/LRSMT/agiletaur/install/webots_ros2_driver/include/webots/cpp/webots/Field.hpp
[0.367s] -- Up-to-date: /home/shipengl/LRSMT/agiletaur/install/webots_ros2_driver/include/webots/cpp/webots/Camera.hpp
[0.367s] -- Up-to-date: /home/shipengl/LRSMT/agiletaur/install/webots_ros2_driver/include/webots/cpp/webots/RangeFinder.hpp
[0.367s] -- Up-to-date: /home/shipengl/LRSMT/agiletaur/install/webots_ros2_driver/include/webots/cpp/webots/TouchSensor.hpp
[0.368s] -- Up-to-date: /home/shipengl/LRSMT/agiletaur/install/webots_ros2_driver/include/webots/cpp/webots/Robot.hpp
[0.368s] -- Up-to-date: /home/shipengl/LRSMT/agiletaur/install/webots_ros2_driver/include/webots/cpp/webots/Receiver.hpp
[0.368s] -- Up-to-date: /home/shipengl/LRSMT/agiletaur/install/webots_ros2_driver/include/webots/cpp/webots/utils
[0.368s] -- Up-to-date: /home/shipengl/LRSMT/agiletaur/install/webots_ros2_driver/include/webots/cpp/webots/utils/Motion.hpp
[0.368s] -- Up-to-date: /home/shipengl/LRSMT/agiletaur/install/webots_ros2_driver/include/webots/cpp/webots/utils/AnsiCodes.hpp
[0.368s] -- Up-to-date: /home/shipengl/LRSMT/agiletaur/install/webots_ros2_driver/include/webots/cpp/webots/DistanceSensor.hpp
[0.368s] -- Up-to-date: /home/shipengl/LRSMT/agiletaur/install/webots_ros2_driver/include/webots/cpp/webots/Mouse.hpp
[0.369s] -- Up-to-date: /home/shipengl/LRSMT/agiletaur/install/webots_ros2_driver/include/webots/cpp/webots/Motor.hpp
[0.369s] -- Up-to-date: /home/shipengl/LRSMT/agiletaur/install/webots_ros2_driver/include/webots/cpp/webots/GPS.hpp
[0.369s] -- Up-to-date: /home/shipengl/LRSMT/agiletaur/install/webots_ros2_driver/include/webots/cpp/webots/Pen.hpp
[0.370s] -- Up-to-date: /home/shipengl/LRSMT/agiletaur/install/webots_ros2_driver/include/webots/cpp/webots/LightSensor.hpp
[0.370s] -- Up-to-date: /home/shipengl/LRSMT/agiletaur/install/webots_ros2_driver/include/webots/cpp/webots/Compass.hpp
[0.370s] -- Up-to-date: /home/shipengl/LRSMT/agiletaur/install/webots_ros2_driver/include/webots/cpp/webots/Lidar.hpp
[0.370s] -- Up-to-date: /home/shipengl/LRSMT/agiletaur/install/webots_ros2_driver/include/webots/cpp/webots/Altimeter.hpp
[0.370s] -- Up-to-date: /home/shipengl/LRSMT/agiletaur/install/webots_ros2_driver/include/webots/cpp/webots/InertialUnit.hpp
[0.370s] -- Up-to-date: /home/shipengl/LRSMT/agiletaur/install/webots_ros2_driver/lib/libwebots_ros2_driver_imu.so
[0.371s] -- Up-to-date: /home/shipengl/LRSMT/agiletaur/install/webots_ros2_driver/lib
[0.371s] -- Up-to-date: /home/shipengl/LRSMT/agiletaur/install/webots_ros2_driver/lib/libdriver.so
[0.371s] -- Up-to-date: /home/shipengl/LRSMT/agiletaur/install/webots_ros2_driver/lib/libController.so
[0.372s] -- Up-to-date: /home/shipengl/LRSMT/agiletaur/install/webots_ros2_driver/lib/libCppDriver.so
[0.372s] -- Up-to-date: /home/shipengl/LRSMT/agiletaur/install/webots_ros2_driver/lib/libcar.so
[0.372s] -- Up-to-date: /home/shipengl/LRSMT/agiletaur/install/webots_ros2_driver/lib/libCppCar.so
[0.372s] -- Up-to-date: /home/shipengl/LRSMT/agiletaur/install/webots_ros2_driver/lib/libCppController.so
[0.372s] -- Up-to-date: /home/shipengl/LRSMT/agiletaur/install/webots_ros2_driver/share/webots_ros2_driver/webots_ros2_imu.xml
[0.372s] -- Up-to-date: /home/shipengl/LRSMT/agiletaur/install/webots_ros2_driver/share/webots_ros2_driver/environment/library_path.sh
[0.372s] -- Up-to-date: /home/shipengl/LRSMT/agiletaur/install/webots_ros2_driver/share/webots_ros2_driver/environment/library_path.dsv
[0.373s] -- Up-to-date: /home/shipengl/LRSMT/agiletaur/install/webots_ros2_driver/share/ament_index/resource_index/package_run_dependencies/webots_ros2_driver
[0.373s] -- Up-to-date: /home/shipengl/LRSMT/agiletaur/install/webots_ros2_driver/share/ament_index/resource_index/parent_prefix_path/webots_ros2_driver
[0.373s] -- Up-to-date: /home/shipengl/LRSMT/agiletaur/install/webots_ros2_driver/share/webots_ros2_driver/environment/ament_prefix_path.sh
[0.373s] -- Up-to-date: /home/shipengl/LRSMT/agiletaur/install/webots_ros2_driver/share/webots_ros2_driver/environment/ament_prefix_path.dsv
[0.373s] -- Up-to-date: /home/shipengl/LRSMT/agiletaur/install/webots_ros2_driver/share/webots_ros2_driver/environment/path.sh
[0.373s] -- Up-to-date: /home/shipengl/LRSMT/agiletaur/install/webots_ros2_driver/share/webots_ros2_driver/environment/path.dsv
[0.374s] -- Up-to-date: /home/shipengl/LRSMT/agiletaur/install/webots_ros2_driver/share/webots_ros2_driver/local_setup.bash
[0.374s] -- Up-to-date: /home/shipengl/LRSMT/agiletaur/install/webots_ros2_driver/share/webots_ros2_driver/local_setup.sh
[0.374s] -- Up-to-date: /home/shipengl/LRSMT/agiletaur/install/webots_ros2_driver/share/webots_ros2_driver/local_setup.zsh
[0.374s] -- Up-to-date: /home/shipengl/LRSMT/agiletaur/install/webots_ros2_driver/share/webots_ros2_driver/local_setup.dsv
[0.374s] -- Installing: /home/shipengl/LRSMT/agiletaur/install/webots_ros2_driver/share/webots_ros2_driver/package.dsv
[0.374s] -- Up-to-date: /home/shipengl/LRSMT/agiletaur/install/webots_ros2_driver/share/ament_index/resource_index/packages/webots_ros2_driver
[0.374s] -- Up-to-date: /home/shipengl/LRSMT/agiletaur/install/webots_ros2_driver/share/ament_index/resource_index/webots_ros2_driver__pluginlib__plugin/webots_ros2_driver
[0.375s] -- Up-to-date: /home/shipengl/LRSMT/agiletaur/install/webots_ros2_driver/share/webots_ros2_driver/cmake/ament_cmake_export_include_directories-extras.cmake
[0.376s] -- Up-to-date: /home/shipengl/LRSMT/agiletaur/install/webots_ros2_driver/share/webots_ros2_driver/cmake/ament_cmake_export_dependencies-extras.cmake
[0.376s] -- Up-to-date: /home/shipengl/LRSMT/agiletaur/install/webots_ros2_driver/share/webots_ros2_driver/cmake/ament_cmake_export_libraries-extras.cmake
[0.376s] -- Up-to-date: /home/shipengl/LRSMT/agiletaur/install/webots_ros2_driver/share/webots_ros2_driver/cmake/webots_ros2_driverConfig.cmake
[0.377s] -- Up-to-date: /home/shipengl/LRSMT/agiletaur/install/webots_ros2_driver/share/webots_ros2_driver/cmake/webots_ros2_driverConfig-version.cmake
[0.377s] -- Up-to-date: /home/shipengl/LRSMT/agiletaur/install/webots_ros2_driver/share/webots_ros2_driver/package.xml
[0.377s] Invoked command in '/home/shipengl/LRSMT/agiletaur/build/webots_ros2_driver' returned '0': AMENT_PREFIX_PATH=/home/shipengl/LRSMT/agiletaur/install/webots_ros2_msgs:${AMENT_PREFIX_PATH} CMAKE_PREFIX_PATH=/home/shipengl/LRSMT/agiletaur/install/webots_ros2_msgs:/opt/ros/foxy LD_LIBRARY_PATH=/home/shipengl/LRSMT/agiletaur/install/webots_ros2_msgs/lib:${LD_LIBRARY_PATH} PYTHONPATH=/home/shipengl/LRSMT/agiletaur/install/webots_ros2_msgs/lib/python3.8/site-packages:${PYTHONPATH} /usr/bin/cmake --install /home/shipengl/LRSMT/agiletaur/build/webots_ros2_driver
