running egg_info
writing ../../../build/webots_ros2_tesla/webots_ros2_tesla.egg-info/PKG-INFO
writing dependency_links to ../../../build/webots_ros2_tesla/webots_ros2_tesla.egg-info/dependency_links.txt
writing entry points to ../../../build/webots_ros2_tesla/webots_ros2_tesla.egg-info/entry_points.txt
writing requirements to ../../../build/webots_ros2_tesla/webots_ros2_tesla.egg-info/requires.txt
writing top-level names to ../../../build/webots_ros2_tesla/webots_ros2_tesla.egg-info/top_level.txt
reading manifest file '../../../build/webots_ros2_tesla/webots_ros2_tesla.egg-info/SOURCES.txt'
writing manifest file '../../../build/webots_ros2_tesla/webots_ros2_tesla.egg-info/SOURCES.txt'
running build
running build_py
running install
running install_lib
running install_data
running install_egg_info
removing '/home/shipengl/LRSMT/agiletaur/install/webots_ros2_tesla/lib/python3.8/site-packages/webots_ros2_tesla-1.1.3-py3.8.egg-info' (and everything under it)
Copying ../../../build/webots_ros2_tesla/webots_ros2_tesla.egg-info to /home/shipengl/LRSMT/agiletaur/install/webots_ros2_tesla/lib/python3.8/site-packages/webots_ros2_tesla-1.1.3-py3.8.egg-info
running install_scripts
Installing lane_follower script to /home/shipengl/LRSMT/agiletaur/install/webots_ros2_tesla/lib/webots_ros2_tesla
Installing tesla_driver script to /home/shipengl/LRSMT/agiletaur/install/webots_ros2_tesla/lib/webots_ros2_tesla
writing list of installed files to '/home/shipengl/LRSMT/agiletaur/build/webots_ros2_tesla/install.log'
