[0.055s] Invoking command in '/home/shipengl/LRSMT/agiletaur/build/odrive_hardware_interface': CMAKE_PREFIX_PATH=${CMAKE_PREFIX_PATH}:/opt/ros/foxy /usr/bin/cmake --build /home/shipengl/LRSMT/agiletaur/build/odrive_hardware_interface -- -j16 -l16
[0.121s] [ 50%] Built target odrive_usb
[0.175s] [100%] Built target odrive_hardware_interface
[0.199s] Invoked command in '/home/shipengl/LRSMT/agiletaur/build/odrive_hardware_interface' returned '0': CMAKE_PREFIX_PATH=${CMAKE_PREFIX_PATH}:/opt/ros/foxy /usr/bin/cmake --build /home/shipengl/LRSMT/agiletaur/build/odrive_hardware_interface -- -j16 -l16
[0.275s] Invoking command in '/home/shipengl/LRSMT/agiletaur/build/odrive_hardware_interface': CMAKE_PREFIX_PATH=${CMAKE_PREFIX_PATH}:/opt/ros/foxy /usr/bin/cmake --install /home/shipengl/LRSMT/agiletaur/build/odrive_hardware_interface
[0.283s] -- Install configuration: ""
[0.284s] -- Up-to-date: /home/shipengl/LRSMT/agiletaur/install/odrive_hardware_interface/share/odrive_hardware_interface/odrive_hardware_interface.xml
[0.284s] -- Up-to-date: /home/shipengl/LRSMT/agiletaur/install/odrive_hardware_interface/include
[0.285s] -- Up-to-date: /home/shipengl/LRSMT/agiletaur/install/odrive_hardware_interface/include/odrive_hardware_interface
[0.285s] -- Up-to-date: /home/shipengl/LRSMT/agiletaur/install/odrive_hardware_interface/include/odrive_hardware_interface/odrive_endpoints.hpp
[0.285s] -- Up-to-date: /home/shipengl/LRSMT/agiletaur/install/odrive_hardware_interface/include/odrive_hardware_interface/visibility_control.hpp
[0.286s] -- Up-to-date: /home/shipengl/LRSMT/agiletaur/install/odrive_hardware_interface/include/odrive_hardware_interface/odrive_usb.hpp
[0.286s] -- Up-to-date: /home/shipengl/LRSMT/agiletaur/install/odrive_hardware_interface/include/odrive_hardware_interface/odrive_hardware_interface.hpp
[0.286s] -- Up-to-date: /home/shipengl/LRSMT/agiletaur/install/odrive_hardware_interface/share/odrive_hardware_interface/environment/library_path.sh
[0.286s] -- Up-to-date: /home/shipengl/LRSMT/agiletaur/install/odrive_hardware_interface/share/odrive_hardware_interface/environment/library_path.dsv
[0.286s] -- Up-to-date: /home/shipengl/LRSMT/agiletaur/install/odrive_hardware_interface/lib/libodrive_usb.so
[0.287s] -- Up-to-date: /home/shipengl/LRSMT/agiletaur/install/odrive_hardware_interface/lib/libodrive_hardware_interface.so
[0.288s] -- Up-to-date: /home/shipengl/LRSMT/agiletaur/install/odrive_hardware_interface/share/ament_index/resource_index/package_run_dependencies/odrive_hardware_interface
[0.288s] -- Up-to-date: /home/shipengl/LRSMT/agiletaur/install/odrive_hardware_interface/share/ament_index/resource_index/parent_prefix_path/odrive_hardware_interface
[0.288s] -- Up-to-date: /home/shipengl/LRSMT/agiletaur/install/odrive_hardware_interface/share/odrive_hardware_interface/environment/ament_prefix_path.sh
[0.288s] -- Up-to-date: /home/shipengl/LRSMT/agiletaur/install/odrive_hardware_interface/share/odrive_hardware_interface/environment/ament_prefix_path.dsv
[0.288s] -- Up-to-date: /home/shipengl/LRSMT/agiletaur/install/odrive_hardware_interface/share/odrive_hardware_interface/environment/path.sh
[0.288s] -- Up-to-date: /home/shipengl/LRSMT/agiletaur/install/odrive_hardware_interface/share/odrive_hardware_interface/environment/path.dsv
[0.289s] -- Up-to-date: /home/shipengl/LRSMT/agiletaur/install/odrive_hardware_interface/share/odrive_hardware_interface/local_setup.bash
[0.290s] -- Up-to-date: /home/shipengl/LRSMT/agiletaur/install/odrive_hardware_interface/share/odrive_hardware_interface/local_setup.sh
[0.290s] -- Up-to-date: /home/shipengl/LRSMT/agiletaur/install/odrive_hardware_interface/share/odrive_hardware_interface/local_setup.zsh
[0.291s] -- Up-to-date: /home/shipengl/LRSMT/agiletaur/install/odrive_hardware_interface/share/odrive_hardware_interface/local_setup.dsv
[0.291s] -- Installing: /home/shipengl/LRSMT/agiletaur/install/odrive_hardware_interface/share/odrive_hardware_interface/package.dsv
[0.291s] -- Up-to-date: /home/shipengl/LRSMT/agiletaur/install/odrive_hardware_interface/share/ament_index/resource_index/packages/odrive_hardware_interface
[0.291s] -- Up-to-date: /home/shipengl/LRSMT/agiletaur/install/odrive_hardware_interface/share/ament_index/resource_index/hardware_interface__pluginlib__plugin/odrive_hardware_interface
[0.291s] -- Up-to-date: /home/shipengl/LRSMT/agiletaur/install/odrive_hardware_interface/share/odrive_hardware_interface/cmake/ament_cmake_export_dependencies-extras.cmake
[0.291s] -- Up-to-date: /home/shipengl/LRSMT/agiletaur/install/odrive_hardware_interface/share/odrive_hardware_interface/cmake/ament_cmake_export_include_directories-extras.cmake
[0.291s] -- Up-to-date: /home/shipengl/LRSMT/agiletaur/install/odrive_hardware_interface/share/odrive_hardware_interface/cmake/ament_cmake_export_libraries-extras.cmake
[0.292s] -- Up-to-date: /home/shipengl/LRSMT/agiletaur/install/odrive_hardware_interface/share/odrive_hardware_interface/cmake/odrive_hardware_interfaceConfig.cmake
[0.292s] -- Up-to-date: /home/shipengl/LRSMT/agiletaur/install/odrive_hardware_interface/share/odrive_hardware_interface/cmake/odrive_hardware_interfaceConfig-version.cmake
[0.292s] -- Up-to-date: /home/shipengl/LRSMT/agiletaur/install/odrive_hardware_interface/share/odrive_hardware_interface/package.xml
[0.324s] Invoked command in '/home/shipengl/LRSMT/agiletaur/build/odrive_hardware_interface' returned '0': CMAKE_PREFIX_PATH=${CMAKE_PREFIX_PATH}:/opt/ros/foxy /usr/bin/cmake --install /home/shipengl/LRSMT/agiletaur/build/odrive_hardware_interface
