[0.035s] Invoking command in '/home/shipengl/LRSMT/agiletaur/build/agiletaur_launcher': CMAKE_PREFIX_PATH=/opt/ros/foxy /usr/bin/cmake /home/shipengl/LRSMT/agiletaur/src/agiletaur_launcher -DCMAKE_INSTALL_PREFIX=/home/shipengl/LRSMT/agiletaur/install/agiletaur_launcher
[0.096s] -- The C compiler identification is GNU 9.3.0
[0.159s] -- The CXX compiler identification is GNU 9.3.0
[0.165s] -- Check for working C compiler: /usr/bin/cc
[0.243s] -- Check for working C compiler: /usr/bin/cc -- works
[0.244s] -- Detecting C compiler ABI info
[0.324s] -- Detecting C compiler ABI info - done
[0.346s] -- Detecting C compile features
[0.347s] -- Detecting C compile features - done
[0.351s] -- Check for working CXX compiler: /usr/bin/c++
[0.430s] -- Check for working CXX compiler: /usr/bin/c++ -- works
[0.431s] -- Detecting CXX compiler ABI info
[0.522s] -- Detecting CXX compiler ABI info - done
[0.537s] -- Detecting CXX compile features
[0.538s] -- Detecting CXX compile features - done
[0.540s] -- Found ament_cmake_auto: 0.9.9 (/opt/ros/foxy/share/ament_cmake_auto/cmake)
[0.570s] -- Found PythonInterp: /usr/bin/python3 (found suitable version "3.8.10", minimum required is "3") 
[0.571s] -- Using PYTHON_EXECUTABLE: /usr/bin/python3
[0.989s] -- Configuring done
[0.991s] -- Generating done
[0.993s] -- Build files have been written to: /home/shipengl/LRSMT/agiletaur/build/agiletaur_launcher
[0.998s] Invoked command in '/home/shipengl/LRSMT/agiletaur/build/agiletaur_launcher' returned '0': CMAKE_PREFIX_PATH=/opt/ros/foxy /usr/bin/cmake /home/shipengl/LRSMT/agiletaur/src/agiletaur_launcher -DCMAKE_INSTALL_PREFIX=/home/shipengl/LRSMT/agiletaur/install/agiletaur_launcher
[1.001s] Invoking command in '/home/shipengl/LRSMT/agiletaur/build/agiletaur_launcher': CMAKE_PREFIX_PATH=/opt/ros/foxy /usr/bin/cmake --build /home/shipengl/LRSMT/agiletaur/build/agiletaur_launcher -- -j16 -l16
[1.050s] Invoked command in '/home/shipengl/LRSMT/agiletaur/build/agiletaur_launcher' returned '0': CMAKE_PREFIX_PATH=/opt/ros/foxy /usr/bin/cmake --build /home/shipengl/LRSMT/agiletaur/build/agiletaur_launcher -- -j16 -l16
[1.078s] Invoking command in '/home/shipengl/LRSMT/agiletaur/build/agiletaur_launcher': CMAKE_PREFIX_PATH=/opt/ros/foxy /usr/bin/cmake --install /home/shipengl/LRSMT/agiletaur/build/agiletaur_launcher
[1.090s] -- Install configuration: ""
[1.090s] -- Installing: /home/shipengl/LRSMT/agiletaur/install/agiletaur_launcher/share/agiletaur_launcher/launch
[1.091s] -- Installing: /home/shipengl/LRSMT/agiletaur/install/agiletaur_launcher/share/agiletaur_launcher/launch/agiletaur_simu_launch.py
[1.091s] -- Installing: /home/shipengl/LRSMT/agiletaur/install/agiletaur_launcher/share/agiletaur_launcher/launch/agiletaur_real_launch.py
[1.091s] -- Installing: /home/shipengl/LRSMT/agiletaur/install/agiletaur_launcher/share/agiletaur_launcher/config
[1.091s] -- Installing: /home/shipengl/LRSMT/agiletaur/install/agiletaur_launcher/share/agiletaur_launcher/config/global_config.yaml
[1.091s] -- Installing: /home/shipengl/LRSMT/agiletaur/install/agiletaur_launcher/share/ament_index/resource_index/package_run_dependencies/agiletaur_launcher
[1.092s] -- Installing: /home/shipengl/LRSMT/agiletaur/install/agiletaur_launcher/share/ament_index/resource_index/parent_prefix_path/agiletaur_launcher
[1.092s] -- Installing: /home/shipengl/LRSMT/agiletaur/install/agiletaur_launcher/share/agiletaur_launcher/environment/ament_prefix_path.sh
[1.092s] -- Installing: /home/shipengl/LRSMT/agiletaur/install/agiletaur_launcher/share/agiletaur_launcher/environment/ament_prefix_path.dsv
[1.092s] -- Installing: /home/shipengl/LRSMT/agiletaur/install/agiletaur_launcher/share/agiletaur_launcher/environment/path.sh
[1.093s] -- Installing: /home/shipengl/LRSMT/agiletaur/install/agiletaur_launcher/share/agiletaur_launcher/environment/path.dsv
[1.093s] -- Installing: /home/shipengl/LRSMT/agiletaur/install/agiletaur_launcher/share/agiletaur_launcher/local_setup.bash
[1.093s] -- Installing: /home/shipengl/LRSMT/agiletaur/install/agiletaur_launcher/share/agiletaur_launcher/local_setup.sh
[1.095s] -- Installing: /home/shipengl/LRSMT/agiletaur/install/agiletaur_launcher/share/agiletaur_launcher/local_setup.zsh
[1.095s] -- Installing: /home/shipengl/LRSMT/agiletaur/install/agiletaur_launcher/share/agiletaur_launcher/local_setup.dsv
[1.096s] -- Installing: /home/shipengl/LRSMT/agiletaur/install/agiletaur_launcher/share/agiletaur_launcher/package.dsv
[1.096s] -- Installing: /home/shipengl/LRSMT/agiletaur/install/agiletaur_launcher/share/ament_index/resource_index/packages/agiletaur_launcher
[1.096s] -- Installing: /home/shipengl/LRSMT/agiletaur/install/agiletaur_launcher/share/agiletaur_launcher/cmake/agiletaur_launcherConfig.cmake
[1.097s] -- Installing: /home/shipengl/LRSMT/agiletaur/install/agiletaur_launcher/share/agiletaur_launcher/cmake/agiletaur_launcherConfig-version.cmake
[1.097s] -- Installing: /home/shipengl/LRSMT/agiletaur/install/agiletaur_launcher/share/agiletaur_launcher/package.xml
[1.110s] Invoked command in '/home/shipengl/LRSMT/agiletaur/build/agiletaur_launcher' returned '0': CMAKE_PREFIX_PATH=/opt/ros/foxy /usr/bin/cmake --install /home/shipengl/LRSMT/agiletaur/build/agiletaur_launcher
