[0.021s] Invoking command in '/home/shipengl/LRSMT/agiletaur/build/webots_ros2_msgs': CMAKE_PREFIX_PATH=${CMAKE_PREFIX_PATH}:/home/shipengl/LRSMT/agiletaur/install/webots_ros2:/home/shipengl/LRSMT/agiletaur/install/webots_ros2_universal_robot:/home/shipengl/LRSMT/agiletaur/install/webots_ros2_turtlebot:/home/shipengl/LRSMT/agiletaur/install/webots_ros2_tiago:/home/shipengl/LRSMT/agiletaur/install/webots_ros2_tests:/home/shipengl/LRSMT/agiletaur/install/webots_ros2_tesla:/home/shipengl/LRSMT/agiletaur/install/webots_ros2_mavic:/home/shipengl/LRSMT/agiletaur/install/webots_ros2_epuck:/home/shipengl/LRSMT/agiletaur/install/webots_ros2_core:/home/shipengl/LRSMT/agiletaur/install/webots_ros2_importer:/opt/ros/foxy /usr/bin/cmake /home/shipengl/LRSMT/agiletaur/src/webots_interface/webots_ros2_msgs -DCMAKE_INSTALL_PREFIX=/home/shipengl/LRSMT/agiletaur/install/webots_ros2_msgs
[0.204s] -- The C compiler identification is GNU 9.3.0
[0.205s] -- The CXX compiler identification is GNU 9.3.0
[0.205s] -- Check for working C compiler: /usr/bin/cc
[0.205s] -- Check for working C compiler: /usr/bin/cc -- works
[0.205s] -- Detecting C compiler ABI info
[0.206s] -- Detecting C compiler ABI info - done
[0.207s] -- Detecting C compile features
[0.208s] -- Detecting C compile features - done
[0.208s] -- Check for working CXX compiler: /usr/bin/c++
[0.267s] -- Check for working CXX compiler: /usr/bin/c++ -- works
[0.268s] -- Detecting CXX compiler ABI info
[0.329s] -- Detecting CXX compiler ABI info - done
[0.340s] -- Detecting CXX compile features
[0.340s] -- Detecting CXX compile features - done
[0.343s] -- Found ament_cmake: 0.9.9 (/opt/ros/foxy/share/ament_cmake/cmake)
[0.363s] -- Found PythonInterp: /usr/bin/python3 (found suitable version "3.8.10", minimum required is "3") 
[0.364s] -- Using PYTHON_EXECUTABLE: /usr/bin/python3
[0.542s] -- Found builtin_interfaces: 1.0.0 (/opt/ros/foxy/share/builtin_interfaces/cmake)
[0.567s] -- Using all available rosidl_typesupport_c: rosidl_typesupport_fastrtps_c;rosidl_typesupport_introspection_c
[0.574s] -- Found rosidl_adapter: 1.2.1 (/opt/ros/foxy/share/rosidl_adapter/cmake)
[0.624s] -- Found OpenSSL: /usr/lib/x86_64-linux-gnu/libcrypto.so (found version "1.1.1f")  
[0.646s] -- Found FastRTPS: /opt/ros/foxy/include  
[0.704s] -- Using all available rosidl_typesupport_cpp: rosidl_typesupport_fastrtps_cpp;rosidl_typesupport_introspection_cpp
[0.736s] -- Found rosidl_default_generators: 1.0.1 (/opt/ros/foxy/share/rosidl_default_generators/cmake)
[0.746s] -- Found geometry_msgs: 2.0.4 (/opt/ros/foxy/share/geometry_msgs/cmake)
[0.792s] -- Found vision_msgs: 2.0.0 (/opt/ros/foxy/share/vision_msgs/cmake)
[0.988s] -- Found PythonInterp: /usr/bin/python3 (found version "3.8.10") 
[1.186s] -- Found ament_cmake_cppcheck: 0.9.6 (/opt/ros/foxy/share/ament_cmake_cppcheck/cmake)
[1.188s] -- Found ament_cmake_cpplint: 0.9.6 (/opt/ros/foxy/share/ament_cmake_cpplint/cmake)
[1.190s] -- Found ament_cmake_uncrustify: 0.9.6 (/opt/ros/foxy/share/ament_cmake_uncrustify/cmake)
[1.192s] -- Found ament_cmake_ros: 0.9.2 (/opt/ros/foxy/share/ament_cmake_ros/cmake)
[1.446s] -- Using all available rosidl_typesupport_c: rosidl_typesupport_fastrtps_c;rosidl_typesupport_introspection_c
[1.584s] -- Using all available rosidl_typesupport_cpp: rosidl_typesupport_fastrtps_cpp;rosidl_typesupport_introspection_cpp
[1.606s] -- Found PythonInterp: /usr/bin/python3 (found suitable version "3.8.10", minimum required is "3.5") 
[1.608s] -- Found python_cmake_module: 0.8.1 (/opt/ros/foxy/share/python_cmake_module/cmake)
[1.626s] -- Found PythonLibs: /usr/lib/x86_64-linux-gnu/libpython3.8.so (found suitable version "3.8.10", minimum required is "3.5") 
[1.627s] -- Using PYTHON_EXECUTABLE: /usr/bin/python3
[1.627s] -- Using PYTHON_INCLUDE_DIRS: /usr/include/python3.8
[1.627s] -- Using PYTHON_LIBRARIES: /usr/lib/x86_64-linux-gnu/libpython3.8.so
[1.643s] -- Found PythonExtra: .so  
[1.729s] -- Found ament_cmake_flake8: 0.9.6 (/opt/ros/foxy/share/ament_cmake_flake8/cmake)
[1.731s] -- Found ament_cmake_pep257: 0.9.6 (/opt/ros/foxy/share/ament_cmake_pep257/cmake)
[1.734s] -- Found ament_lint_auto: 0.9.6 (/opt/ros/foxy/share/ament_lint_auto/cmake)
[1.743s] -- Added test 'lint_cmake' to check CMake code style
[1.744s] -- Added test 'xmllint' to check XML markup files
[1.747s] -- Configuring done
[1.806s] -- Generating done
[1.808s] -- Build files have been written to: /home/shipengl/LRSMT/agiletaur/build/webots_ros2_msgs
[1.815s] Invoked command in '/home/shipengl/LRSMT/agiletaur/build/webots_ros2_msgs' returned '0': CMAKE_PREFIX_PATH=${CMAKE_PREFIX_PATH}:/home/shipengl/LRSMT/agiletaur/install/webots_ros2:/home/shipengl/LRSMT/agiletaur/install/webots_ros2_universal_robot:/home/shipengl/LRSMT/agiletaur/install/webots_ros2_turtlebot:/home/shipengl/LRSMT/agiletaur/install/webots_ros2_tiago:/home/shipengl/LRSMT/agiletaur/install/webots_ros2_tests:/home/shipengl/LRSMT/agiletaur/install/webots_ros2_tesla:/home/shipengl/LRSMT/agiletaur/install/webots_ros2_mavic:/home/shipengl/LRSMT/agiletaur/install/webots_ros2_epuck:/home/shipengl/LRSMT/agiletaur/install/webots_ros2_core:/home/shipengl/LRSMT/agiletaur/install/webots_ros2_importer:/opt/ros/foxy /usr/bin/cmake /home/shipengl/LRSMT/agiletaur/src/webots_interface/webots_ros2_msgs -DCMAKE_INSTALL_PREFIX=/home/shipengl/LRSMT/agiletaur/install/webots_ros2_msgs
[1.816s] Invoking command in '/home/shipengl/LRSMT/agiletaur/build/webots_ros2_msgs': CMAKE_PREFIX_PATH=${CMAKE_PREFIX_PATH}:/home/shipengl/LRSMT/agiletaur/install/webots_ros2:/home/shipengl/LRSMT/agiletaur/install/webots_ros2_universal_robot:/home/shipengl/LRSMT/agiletaur/install/webots_ros2_turtlebot:/home/shipengl/LRSMT/agiletaur/install/webots_ros2_tiago:/home/shipengl/LRSMT/agiletaur/install/webots_ros2_tests:/home/shipengl/LRSMT/agiletaur/install/webots_ros2_tesla:/home/shipengl/LRSMT/agiletaur/install/webots_ros2_mavic:/home/shipengl/LRSMT/agiletaur/install/webots_ros2_epuck:/home/shipengl/LRSMT/agiletaur/install/webots_ros2_core:/home/shipengl/LRSMT/agiletaur/install/webots_ros2_importer:/opt/ros/foxy /usr/bin/cmake --build /home/shipengl/LRSMT/agiletaur/build/webots_ros2_msgs -- -j16 -l16
[1.846s] [35m[1mScanning dependencies of target webots_ros2_msgs__cpp[0m
[1.846s] [  2%] [34m[1mGenerating C code for ROS interfaces[0m
[1.855s] [  4%] [34m[1mGenerating C++ code for ROS interfaces[0m
[2.098s] [  4%] Built target webots_ros2_msgs__cpp
[2.105s] [35m[1mScanning dependencies of target webots_ros2_msgs__rosidl_generator_c[0m
[2.107s] [ 10%] [34m[1mGenerating C++ type support for eProsima Fast-RTPS[0m
[2.107s] [ 10%] [34m[1mGenerating C++ type support dispatch for ROS interfaces[0m
[2.107s] [ 10%] [34m[1mGenerating C++ introspection for ROS interfaces[0m
[2.118s] [ 17%] [32mBuilding C object CMakeFiles/webots_ros2_msgs__rosidl_generator_c.dir/rosidl_generator_c/webots_ros2_msgs/srv/detail/set_int__functions.c.o[0m
[2.118s] [ 17%] [32mBuilding C object CMakeFiles/webots_ros2_msgs__rosidl_generator_c.dir/rosidl_generator_c/webots_ros2_msgs/msg/detail/wb_camera_recognition_objects__functions.c.o[0m
[2.119s] [ 17%] [32mBuilding C object CMakeFiles/webots_ros2_msgs__rosidl_generator_c.dir/rosidl_generator_c/webots_ros2_msgs/msg/detail/wb_camera_recognition_object__functions.c.o[0m
[2.156s] [ 19%] [32m[1mLinking C shared library libwebots_ros2_msgs__rosidl_generator_c.so[0m
[2.188s] [ 19%] Built target webots_ros2_msgs__rosidl_generator_c
[2.197s] [ 23%] [34m[1mGenerating C introspection for ROS interfaces[0m
[2.197s] [ 23%] [34m[1mGenerating C type support dispatch for ROS interfaces[0m
[2.348s] [35m[1mScanning dependencies of target webots_ros2_msgs__rosidl_typesupport_cpp[0m
[2.362s] [ 27%] [32mBuilding CXX object CMakeFiles/webots_ros2_msgs__rosidl_typesupport_cpp.dir/rosidl_typesupport_cpp/webots_ros2_msgs/msg/wb_camera_recognition_object__type_support.cpp.o[0m
[2.362s] [ 27%] [32mBuilding CXX object CMakeFiles/webots_ros2_msgs__rosidl_typesupport_cpp.dir/rosidl_typesupport_cpp/webots_ros2_msgs/msg/wb_camera_recognition_objects__type_support.cpp.o[0m
[2.364s] [ 29%] [32mBuilding CXX object CMakeFiles/webots_ros2_msgs__rosidl_typesupport_cpp.dir/rosidl_typesupport_cpp/webots_ros2_msgs/srv/set_int__type_support.cpp.o[0m
[2.374s] [35m[1mScanning dependencies of target webots_ros2_msgs__rosidl_typesupport_introspection_cpp[0m
[2.389s] [ 31%] [32mBuilding CXX object CMakeFiles/webots_ros2_msgs__rosidl_typesupport_introspection_cpp.dir/rosidl_typesupport_introspection_cpp/webots_ros2_msgs/srv/detail/set_int__type_support.cpp.o[0m
[2.391s] [ 36%] [32mBuilding CXX object CMakeFiles/webots_ros2_msgs__rosidl_typesupport_introspection_cpp.dir/rosidl_typesupport_introspection_cpp/webots_ros2_msgs/msg/detail/wb_camera_recognition_object__type_support.cpp.o[0m
[2.392s] [ 36%] [32mBuilding CXX object CMakeFiles/webots_ros2_msgs__rosidl_typesupport_introspection_cpp.dir/rosidl_typesupport_introspection_cpp/webots_ros2_msgs/msg/detail/wb_camera_recognition_objects__type_support.cpp.o[0m
[2.407s] [35m[1mScanning dependencies of target webots_ros2_msgs__rosidl_typesupport_fastrtps_cpp[0m
[2.432s] [ 42%] [32mBuilding CXX object CMakeFiles/webots_ros2_msgs__rosidl_typesupport_fastrtps_cpp.dir/rosidl_typesupport_fastrtps_cpp/webots_ros2_msgs/srv/detail/dds_fastrtps/set_int__type_support.cpp.o[0m
[2.432s] [ 42%] [32mBuilding CXX object CMakeFiles/webots_ros2_msgs__rosidl_typesupport_fastrtps_cpp.dir/rosidl_typesupport_fastrtps_cpp/webots_ros2_msgs/msg/detail/dds_fastrtps/wb_camera_recognition_objects__type_support.cpp.o[0m
[2.432s] [ 42%] [32mBuilding CXX object CMakeFiles/webots_ros2_msgs__rosidl_typesupport_fastrtps_cpp.dir/rosidl_typesupport_fastrtps_cpp/webots_ros2_msgs/msg/detail/dds_fastrtps/wb_camera_recognition_object__type_support.cpp.o[0m
[2.457s] [35m[1mScanning dependencies of target webots_ros2_msgs__rosidl_typesupport_c[0m
[2.478s] [ 48%] [32mBuilding CXX object CMakeFiles/webots_ros2_msgs__rosidl_typesupport_c.dir/rosidl_typesupport_c/webots_ros2_msgs/msg/wb_camera_recognition_objects__type_support.cpp.o[0m
[2.478s] [ 48%] [32mBuilding CXX object CMakeFiles/webots_ros2_msgs__rosidl_typesupport_c.dir/rosidl_typesupport_c/webots_ros2_msgs/msg/wb_camera_recognition_object__type_support.cpp.o[0m
[2.478s] [ 48%] [32mBuilding CXX object CMakeFiles/webots_ros2_msgs__rosidl_typesupport_c.dir/rosidl_typesupport_c/webots_ros2_msgs/srv/set_int__type_support.cpp.o[0m
[2.528s] [35m[1mScanning dependencies of target webots_ros2_msgs__rosidl_typesupport_introspection_c[0m
[2.528s] [ 51%] [32m[1mLinking CXX shared library libwebots_ros2_msgs__rosidl_typesupport_c.so[0m
[2.548s] [ 53%] [32mBuilding C object CMakeFiles/webots_ros2_msgs__rosidl_typesupport_introspection_c.dir/rosidl_typesupport_introspection_c/webots_ros2_msgs/msg/detail/wb_camera_recognition_object__type_support.c.o[0m
[2.550s] [ 57%] [32mBuilding C object CMakeFiles/webots_ros2_msgs__rosidl_typesupport_introspection_c.dir/rosidl_typesupport_introspection_c/webots_ros2_msgs/msg/detail/wb_camera_recognition_objects__type_support.c.o[0m
[2.550s] [ 57%] [32mBuilding C object CMakeFiles/webots_ros2_msgs__rosidl_typesupport_introspection_c.dir/rosidl_typesupport_introspection_c/webots_ros2_msgs/srv/detail/set_int__type_support.c.o[0m
[2.594s] [ 57%] Built target webots_ros2_msgs__rosidl_typesupport_c
[2.600s] [ 59%] [32m[1mLinking C shared library libwebots_ros2_msgs__rosidl_typesupport_introspection_c.so[0m
[2.633s] [ 59%] Built target webots_ros2_msgs__rosidl_typesupport_introspection_c
[2.709s] [ 61%] [32m[1mLinking CXX shared library libwebots_ros2_msgs__rosidl_typesupport_cpp.so[0m
[2.749s] [ 61%] Built target webots_ros2_msgs__rosidl_typesupport_cpp
[2.865s] [ 63%] [32m[1mLinking CXX shared library libwebots_ros2_msgs__rosidl_typesupport_introspection_cpp.so[0m
[2.926s] [ 63%] Built target webots_ros2_msgs__rosidl_typesupport_introspection_cpp
[2.943s] [ 65%] [32m[1mLinking CXX shared library libwebots_ros2_msgs__rosidl_typesupport_fastrtps_cpp.so[0m
[3.004s] [ 65%] Built target webots_ros2_msgs__rosidl_typesupport_fastrtps_cpp
[3.011s] [ 68%] [34m[1mGenerating C type support for eProsima Fast-RTPS[0m
[3.222s] [35m[1mScanning dependencies of target webots_ros2_msgs__rosidl_typesupport_fastrtps_c[0m
[3.239s] [ 72%] [32mBuilding CXX object CMakeFiles/webots_ros2_msgs__rosidl_typesupport_fastrtps_c.dir/rosidl_typesupport_fastrtps_c/webots_ros2_msgs/msg/detail/wb_camera_recognition_objects__type_support_c.cpp.o[0m
[3.239s] [ 72%] [32mBuilding CXX object CMakeFiles/webots_ros2_msgs__rosidl_typesupport_fastrtps_c.dir/rosidl_typesupport_fastrtps_c/webots_ros2_msgs/msg/detail/wb_camera_recognition_object__type_support_c.cpp.o[0m
[3.239s] [ 74%] [32mBuilding CXX object CMakeFiles/webots_ros2_msgs__rosidl_typesupport_fastrtps_c.dir/rosidl_typesupport_fastrtps_c/webots_ros2_msgs/srv/detail/set_int__type_support_c.cpp.o[0m
[3.505s] [ 76%] [32m[1mLinking CXX shared library libwebots_ros2_msgs__rosidl_typesupport_fastrtps_c.so[0m
[3.564s] [ 76%] Built target webots_ros2_msgs__rosidl_typesupport_fastrtps_c
[3.571s] [35m[1mScanning dependencies of target webots_ros2_msgs[0m
[3.578s] [ 76%] Built target webots_ros2_msgs
[3.584s] [35m[1mScanning dependencies of target webots_ros2_msgs__py[0m
[3.592s] [ 78%] [34m[1mGenerating Python code for ROS interfaces[0m
[4.009s] [ 78%] Built target webots_ros2_msgs__py
[4.015s] [35m[1mScanning dependencies of target webots_ros2_msgs__python[0m
[4.033s] [ 82%] [32mBuilding C object CMakeFiles/webots_ros2_msgs__python.dir/rosidl_generator_py/webots_ros2_msgs/msg/_wb_camera_recognition_objects_s.c.o[0m
[4.033s] [ 82%] [32mBuilding C object CMakeFiles/webots_ros2_msgs__python.dir/rosidl_generator_py/webots_ros2_msgs/srv/_set_int_s.c.o[0m
[4.033s] [ 85%] [32mBuilding C object CMakeFiles/webots_ros2_msgs__python.dir/rosidl_generator_py/webots_ros2_msgs/msg/_wb_camera_recognition_object_s.c.o[0m
[4.099s] [ 87%] [32m[1mLinking C shared library rosidl_generator_py/webots_ros2_msgs/libwebots_ros2_msgs__python.so[0m
[4.131s] [ 87%] Built target webots_ros2_msgs__python
[4.139s] [35m[1mScanning dependencies of target webots_ros2_msgs__rosidl_typesupport_c__pyext[0m
[4.139s] [35m[1mScanning dependencies of target webots_ros2_msgs__rosidl_typesupport_introspection_c__pyext[0m
[4.139s] [35m[1mScanning dependencies of target webots_ros2_msgs__rosidl_typesupport_fastrtps_c__pyext[0m
[4.155s] [ 91%] [32mBuilding C object CMakeFiles/webots_ros2_msgs__rosidl_typesupport_introspection_c__pyext.dir/rosidl_generator_py/webots_ros2_msgs/_webots_ros2_msgs_s.ep.rosidl_typesupport_introspection_c.c.o[0m
[4.155s] [ 91%] [32mBuilding C object CMakeFiles/webots_ros2_msgs__rosidl_typesupport_c__pyext.dir/rosidl_generator_py/webots_ros2_msgs/_webots_ros2_msgs_s.ep.rosidl_typesupport_c.c.o[0m
[4.156s] [ 93%] [32mBuilding C object CMakeFiles/webots_ros2_msgs__rosidl_typesupport_fastrtps_c__pyext.dir/rosidl_generator_py/webots_ros2_msgs/_webots_ros2_msgs_s.ep.rosidl_typesupport_fastrtps_c.c.o[0m
[4.221s] [ 97%] [32m[1mLinking C shared library rosidl_generator_py/webots_ros2_msgs/webots_ros2_msgs_s__rosidl_typesupport_c.cpython-38-x86_64-linux-gnu.so[0m
[4.221s] [ 97%] [32m[1mLinking C shared library rosidl_generator_py/webots_ros2_msgs/webots_ros2_msgs_s__rosidl_typesupport_introspection_c.cpython-38-x86_64-linux-gnu.so[0m
[4.222s] [100%] [32m[1mLinking CXX shared library rosidl_generator_py/webots_ros2_msgs/webots_ros2_msgs_s__rosidl_typesupport_fastrtps_c.cpython-38-x86_64-linux-gnu.so[0m
[4.253s] [100%] Built target webots_ros2_msgs__rosidl_typesupport_introspection_c__pyext
[4.253s] [100%] Built target webots_ros2_msgs__rosidl_typesupport_c__pyext
[4.276s] [100%] Built target webots_ros2_msgs__rosidl_typesupport_fastrtps_c__pyext
[4.285s] Invoked command in '/home/shipengl/LRSMT/agiletaur/build/webots_ros2_msgs' returned '0': CMAKE_PREFIX_PATH=${CMAKE_PREFIX_PATH}:/home/shipengl/LRSMT/agiletaur/install/webots_ros2:/home/shipengl/LRSMT/agiletaur/install/webots_ros2_universal_robot:/home/shipengl/LRSMT/agiletaur/install/webots_ros2_turtlebot:/home/shipengl/LRSMT/agiletaur/install/webots_ros2_tiago:/home/shipengl/LRSMT/agiletaur/install/webots_ros2_tests:/home/shipengl/LRSMT/agiletaur/install/webots_ros2_tesla:/home/shipengl/LRSMT/agiletaur/install/webots_ros2_mavic:/home/shipengl/LRSMT/agiletaur/install/webots_ros2_epuck:/home/shipengl/LRSMT/agiletaur/install/webots_ros2_core:/home/shipengl/LRSMT/agiletaur/install/webots_ros2_importer:/opt/ros/foxy /usr/bin/cmake --build /home/shipengl/LRSMT/agiletaur/build/webots_ros2_msgs -- -j16 -l16
[4.329s] Invoking command in '/home/shipengl/LRSMT/agiletaur/build/webots_ros2_msgs': CMAKE_PREFIX_PATH=${CMAKE_PREFIX_PATH}:/home/shipengl/LRSMT/agiletaur/install/webots_ros2:/home/shipengl/LRSMT/agiletaur/install/webots_ros2_universal_robot:/home/shipengl/LRSMT/agiletaur/install/webots_ros2_turtlebot:/home/shipengl/LRSMT/agiletaur/install/webots_ros2_tiago:/home/shipengl/LRSMT/agiletaur/install/webots_ros2_tests:/home/shipengl/LRSMT/agiletaur/install/webots_ros2_tesla:/home/shipengl/LRSMT/agiletaur/install/webots_ros2_mavic:/home/shipengl/LRSMT/agiletaur/install/webots_ros2_epuck:/home/shipengl/LRSMT/agiletaur/install/webots_ros2_core:/home/shipengl/LRSMT/agiletaur/install/webots_ros2_importer:/opt/ros/foxy /usr/bin/cmake --install /home/shipengl/LRSMT/agiletaur/build/webots_ros2_msgs
[4.336s] -- Install configuration: ""
[4.336s] -- Installing: /home/shipengl/LRSMT/agiletaur/install/webots_ros2_msgs/share/ament_index/resource_index/rosidl_interfaces/webots_ros2_msgs
[4.336s] -- Installing: /home/shipengl/LRSMT/agiletaur/install/webots_ros2_msgs/include/webots_ros2_msgs
[4.336s] -- Installing: /home/shipengl/LRSMT/agiletaur/install/webots_ros2_msgs/include/webots_ros2_msgs/srv
[4.336s] -- Installing: /home/shipengl/LRSMT/agiletaur/install/webots_ros2_msgs/include/webots_ros2_msgs/srv/set_int.h
[4.336s] -- Installing: /home/shipengl/LRSMT/agiletaur/install/webots_ros2_msgs/include/webots_ros2_msgs/srv/detail
[4.336s] -- Installing: /home/shipengl/LRSMT/agiletaur/install/webots_ros2_msgs/include/webots_ros2_msgs/srv/detail/set_int__functions.c
[4.337s] -- Installing: /home/shipengl/LRSMT/agiletaur/install/webots_ros2_msgs/include/webots_ros2_msgs/srv/detail/set_int__type_support.h
[4.337s] -- Installing: /home/shipengl/LRSMT/agiletaur/install/webots_ros2_msgs/include/webots_ros2_msgs/srv/detail/set_int__functions.h
[4.337s] -- Installing: /home/shipengl/LRSMT/agiletaur/install/webots_ros2_msgs/include/webots_ros2_msgs/srv/detail/set_int__struct.h
[4.337s] -- Installing: /home/shipengl/LRSMT/agiletaur/install/webots_ros2_msgs/include/webots_ros2_msgs/msg
[4.337s] -- Installing: /home/shipengl/LRSMT/agiletaur/install/webots_ros2_msgs/include/webots_ros2_msgs/msg/rosidl_generator_c__visibility_control.h
[4.337s] -- Installing: /home/shipengl/LRSMT/agiletaur/install/webots_ros2_msgs/include/webots_ros2_msgs/msg/wb_camera_recognition_objects.h
[4.337s] -- Installing: /home/shipengl/LRSMT/agiletaur/install/webots_ros2_msgs/include/webots_ros2_msgs/msg/detail
[4.337s] -- Installing: /home/shipengl/LRSMT/agiletaur/install/webots_ros2_msgs/include/webots_ros2_msgs/msg/detail/wb_camera_recognition_object__struct.h
[4.337s] -- Installing: /home/shipengl/LRSMT/agiletaur/install/webots_ros2_msgs/include/webots_ros2_msgs/msg/detail/wb_camera_recognition_object__functions.h
[4.337s] -- Installing: /home/shipengl/LRSMT/agiletaur/install/webots_ros2_msgs/include/webots_ros2_msgs/msg/detail/wb_camera_recognition_object__functions.c
[4.337s] -- Installing: /home/shipengl/LRSMT/agiletaur/install/webots_ros2_msgs/include/webots_ros2_msgs/msg/detail/wb_camera_recognition_objects__functions.c
[4.337s] -- Installing: /home/shipengl/LRSMT/agiletaur/install/webots_ros2_msgs/include/webots_ros2_msgs/msg/detail/wb_camera_recognition_object__type_support.h
[4.337s] -- Installing: /home/shipengl/LRSMT/agiletaur/install/webots_ros2_msgs/include/webots_ros2_msgs/msg/detail/wb_camera_recognition_objects__functions.h
[4.338s] -- Installing: /home/shipengl/LRSMT/agiletaur/install/webots_ros2_msgs/include/webots_ros2_msgs/msg/detail/wb_camera_recognition_objects__struct.h
[4.338s] -- Installing: /home/shipengl/LRSMT/agiletaur/install/webots_ros2_msgs/include/webots_ros2_msgs/msg/detail/wb_camera_recognition_objects__type_support.h
[4.338s] -- Installing: /home/shipengl/LRSMT/agiletaur/install/webots_ros2_msgs/include/webots_ros2_msgs/msg/wb_camera_recognition_object.h
[4.338s] -- Installing: /home/shipengl/LRSMT/agiletaur/install/webots_ros2_msgs/share/webots_ros2_msgs/environment/library_path.sh
[4.338s] -- Installing: /home/shipengl/LRSMT/agiletaur/install/webots_ros2_msgs/share/webots_ros2_msgs/environment/library_path.dsv
[4.338s] -- Installing: /home/shipengl/LRSMT/agiletaur/install/webots_ros2_msgs/lib/libwebots_ros2_msgs__rosidl_generator_c.so
[4.338s] -- Set runtime path of "/home/shipengl/LRSMT/agiletaur/install/webots_ros2_msgs/lib/libwebots_ros2_msgs__rosidl_generator_c.so" to ""
[4.338s] -- Up-to-date: /home/shipengl/LRSMT/agiletaur/install/webots_ros2_msgs/include/webots_ros2_msgs
[4.338s] -- Up-to-date: /home/shipengl/LRSMT/agiletaur/install/webots_ros2_msgs/include/webots_ros2_msgs/srv
[4.338s] -- Up-to-date: /home/shipengl/LRSMT/agiletaur/install/webots_ros2_msgs/include/webots_ros2_msgs/srv/detail
[4.338s] -- Installing: /home/shipengl/LRSMT/agiletaur/install/webots_ros2_msgs/include/webots_ros2_msgs/srv/detail/set_int__rosidl_typesupport_fastrtps_c.h
[4.338s] -- Up-to-date: /home/shipengl/LRSMT/agiletaur/install/webots_ros2_msgs/include/webots_ros2_msgs/msg
[4.338s] -- Installing: /home/shipengl/LRSMT/agiletaur/install/webots_ros2_msgs/include/webots_ros2_msgs/msg/rosidl_typesupport_fastrtps_c__visibility_control.h
[4.338s] -- Up-to-date: /home/shipengl/LRSMT/agiletaur/install/webots_ros2_msgs/include/webots_ros2_msgs/msg/detail
[4.338s] -- Installing: /home/shipengl/LRSMT/agiletaur/install/webots_ros2_msgs/include/webots_ros2_msgs/msg/detail/wb_camera_recognition_objects__rosidl_typesupport_fastrtps_c.h
[4.339s] -- Installing: /home/shipengl/LRSMT/agiletaur/install/webots_ros2_msgs/include/webots_ros2_msgs/msg/detail/wb_camera_recognition_object__rosidl_typesupport_fastrtps_c.h
[4.339s] -- Installing: /home/shipengl/LRSMT/agiletaur/install/webots_ros2_msgs/lib/libwebots_ros2_msgs__rosidl_typesupport_fastrtps_c.so
[4.339s] -- Set runtime path of "/home/shipengl/LRSMT/agiletaur/install/webots_ros2_msgs/lib/libwebots_ros2_msgs__rosidl_typesupport_fastrtps_c.so" to ""
[4.339s] -- Up-to-date: /home/shipengl/LRSMT/agiletaur/install/webots_ros2_msgs/include/webots_ros2_msgs
[4.339s] -- Up-to-date: /home/shipengl/LRSMT/agiletaur/install/webots_ros2_msgs/include/webots_ros2_msgs/srv
[4.339s] -- Up-to-date: /home/shipengl/LRSMT/agiletaur/install/webots_ros2_msgs/include/webots_ros2_msgs/srv/detail
[4.339s] -- Installing: /home/shipengl/LRSMT/agiletaur/install/webots_ros2_msgs/include/webots_ros2_msgs/srv/detail/set_int__rosidl_typesupport_fastrtps_cpp.hpp
[4.339s] -- Installing: /home/shipengl/LRSMT/agiletaur/install/webots_ros2_msgs/include/webots_ros2_msgs/srv/detail/dds_fastrtps
[4.339s] -- Up-to-date: /home/shipengl/LRSMT/agiletaur/install/webots_ros2_msgs/include/webots_ros2_msgs/msg
[4.339s] -- Installing: /home/shipengl/LRSMT/agiletaur/install/webots_ros2_msgs/include/webots_ros2_msgs/msg/rosidl_typesupport_fastrtps_cpp__visibility_control.h
[4.339s] -- Up-to-date: /home/shipengl/LRSMT/agiletaur/install/webots_ros2_msgs/include/webots_ros2_msgs/msg/detail
[4.339s] -- Installing: /home/shipengl/LRSMT/agiletaur/install/webots_ros2_msgs/include/webots_ros2_msgs/msg/detail/wb_camera_recognition_objects__rosidl_typesupport_fastrtps_cpp.hpp
[4.339s] -- Installing: /home/shipengl/LRSMT/agiletaur/install/webots_ros2_msgs/include/webots_ros2_msgs/msg/detail/wb_camera_recognition_object__rosidl_typesupport_fastrtps_cpp.hpp
[4.339s] -- Installing: /home/shipengl/LRSMT/agiletaur/install/webots_ros2_msgs/include/webots_ros2_msgs/msg/detail/dds_fastrtps
[4.339s] -- Installing: /home/shipengl/LRSMT/agiletaur/install/webots_ros2_msgs/lib/libwebots_ros2_msgs__rosidl_typesupport_fastrtps_cpp.so
[4.340s] -- Set runtime path of "/home/shipengl/LRSMT/agiletaur/install/webots_ros2_msgs/lib/libwebots_ros2_msgs__rosidl_typesupport_fastrtps_cpp.so" to ""
[4.340s] -- Up-to-date: /home/shipengl/LRSMT/agiletaur/install/webots_ros2_msgs/include/webots_ros2_msgs
[4.340s] -- Up-to-date: /home/shipengl/LRSMT/agiletaur/install/webots_ros2_msgs/include/webots_ros2_msgs/srv
[4.340s] -- Up-to-date: /home/shipengl/LRSMT/agiletaur/install/webots_ros2_msgs/include/webots_ros2_msgs/srv/detail
[4.340s] -- Installing: /home/shipengl/LRSMT/agiletaur/install/webots_ros2_msgs/include/webots_ros2_msgs/srv/detail/set_int__type_support.c
[4.340s] -- Installing: /home/shipengl/LRSMT/agiletaur/install/webots_ros2_msgs/include/webots_ros2_msgs/srv/detail/set_int__rosidl_typesupport_introspection_c.h
[4.340s] -- Up-to-date: /home/shipengl/LRSMT/agiletaur/install/webots_ros2_msgs/include/webots_ros2_msgs/msg
[4.340s] -- Installing: /home/shipengl/LRSMT/agiletaur/install/webots_ros2_msgs/include/webots_ros2_msgs/msg/rosidl_typesupport_introspection_c__visibility_control.h
[4.340s] -- Up-to-date: /home/shipengl/LRSMT/agiletaur/install/webots_ros2_msgs/include/webots_ros2_msgs/msg/detail
[4.340s] -- Installing: /home/shipengl/LRSMT/agiletaur/install/webots_ros2_msgs/include/webots_ros2_msgs/msg/detail/wb_camera_recognition_objects__type_support.c
[4.340s] -- Installing: /home/shipengl/LRSMT/agiletaur/install/webots_ros2_msgs/include/webots_ros2_msgs/msg/detail/wb_camera_recognition_object__type_support.c
[4.340s] -- Installing: /home/shipengl/LRSMT/agiletaur/install/webots_ros2_msgs/include/webots_ros2_msgs/msg/detail/wb_camera_recognition_objects__rosidl_typesupport_introspection_c.h
[4.340s] -- Installing: /home/shipengl/LRSMT/agiletaur/install/webots_ros2_msgs/include/webots_ros2_msgs/msg/detail/wb_camera_recognition_object__rosidl_typesupport_introspection_c.h
[4.340s] -- Installing: /home/shipengl/LRSMT/agiletaur/install/webots_ros2_msgs/lib/libwebots_ros2_msgs__rosidl_typesupport_introspection_c.so
[4.340s] -- Set runtime path of "/home/shipengl/LRSMT/agiletaur/install/webots_ros2_msgs/lib/libwebots_ros2_msgs__rosidl_typesupport_introspection_c.so" to ""
[4.340s] -- Installing: /home/shipengl/LRSMT/agiletaur/install/webots_ros2_msgs/lib/libwebots_ros2_msgs__rosidl_typesupport_c.so
[4.341s] -- Set runtime path of "/home/shipengl/LRSMT/agiletaur/install/webots_ros2_msgs/lib/libwebots_ros2_msgs__rosidl_typesupport_c.so" to ""
[4.341s] -- Up-to-date: /home/shipengl/LRSMT/agiletaur/install/webots_ros2_msgs/include/webots_ros2_msgs
[4.341s] -- Up-to-date: /home/shipengl/LRSMT/agiletaur/install/webots_ros2_msgs/include/webots_ros2_msgs/srv
[4.341s] -- Installing: /home/shipengl/LRSMT/agiletaur/install/webots_ros2_msgs/include/webots_ros2_msgs/srv/set_int.hpp
[4.341s] -- Up-to-date: /home/shipengl/LRSMT/agiletaur/install/webots_ros2_msgs/include/webots_ros2_msgs/srv/detail
[4.341s] -- Installing: /home/shipengl/LRSMT/agiletaur/install/webots_ros2_msgs/include/webots_ros2_msgs/srv/detail/set_int__traits.hpp
[4.341s] -- Installing: /home/shipengl/LRSMT/agiletaur/install/webots_ros2_msgs/include/webots_ros2_msgs/srv/detail/set_int__builder.hpp
[4.341s] -- Installing: /home/shipengl/LRSMT/agiletaur/install/webots_ros2_msgs/include/webots_ros2_msgs/srv/detail/set_int__struct.hpp
[4.341s] -- Up-to-date: /home/shipengl/LRSMT/agiletaur/install/webots_ros2_msgs/include/webots_ros2_msgs/msg
[4.341s] -- Installing: /home/shipengl/LRSMT/agiletaur/install/webots_ros2_msgs/include/webots_ros2_msgs/msg/wb_camera_recognition_objects.hpp
[4.341s] -- Installing: /home/shipengl/LRSMT/agiletaur/install/webots_ros2_msgs/include/webots_ros2_msgs/msg/wb_camera_recognition_object.hpp
[4.341s] -- Up-to-date: /home/shipengl/LRSMT/agiletaur/install/webots_ros2_msgs/include/webots_ros2_msgs/msg/detail
[4.342s] -- Installing: /home/shipengl/LRSMT/agiletaur/install/webots_ros2_msgs/include/webots_ros2_msgs/msg/detail/wb_camera_recognition_objects__builder.hpp
[4.342s] -- Installing: /home/shipengl/LRSMT/agiletaur/install/webots_ros2_msgs/include/webots_ros2_msgs/msg/detail/wb_camera_recognition_objects__traits.hpp
[4.342s] -- Installing: /home/shipengl/LRSMT/agiletaur/install/webots_ros2_msgs/include/webots_ros2_msgs/msg/detail/wb_camera_recognition_object__builder.hpp
[4.342s] -- Installing: /home/shipengl/LRSMT/agiletaur/install/webots_ros2_msgs/include/webots_ros2_msgs/msg/detail/wb_camera_recognition_objects__struct.hpp
[4.342s] -- Installing: /home/shipengl/LRSMT/agiletaur/install/webots_ros2_msgs/include/webots_ros2_msgs/msg/detail/wb_camera_recognition_object__traits.hpp
[4.342s] -- Installing: /home/shipengl/LRSMT/agiletaur/install/webots_ros2_msgs/include/webots_ros2_msgs/msg/detail/wb_camera_recognition_object__struct.hpp
[4.342s] -- Up-to-date: /home/shipengl/LRSMT/agiletaur/install/webots_ros2_msgs/include/webots_ros2_msgs
[4.342s] -- Up-to-date: /home/shipengl/LRSMT/agiletaur/install/webots_ros2_msgs/include/webots_ros2_msgs/srv
[4.342s] -- Up-to-date: /home/shipengl/LRSMT/agiletaur/install/webots_ros2_msgs/include/webots_ros2_msgs/srv/detail
[4.342s] -- Installing: /home/shipengl/LRSMT/agiletaur/install/webots_ros2_msgs/include/webots_ros2_msgs/srv/detail/set_int__rosidl_typesupport_introspection_cpp.hpp
[4.342s] -- Installing: /home/shipengl/LRSMT/agiletaur/install/webots_ros2_msgs/include/webots_ros2_msgs/srv/detail/set_int__type_support.cpp
[4.342s] -- Up-to-date: /home/shipengl/LRSMT/agiletaur/install/webots_ros2_msgs/include/webots_ros2_msgs/msg
[4.342s] -- Up-to-date: /home/shipengl/LRSMT/agiletaur/install/webots_ros2_msgs/include/webots_ros2_msgs/msg/detail
[4.342s] -- Installing: /home/shipengl/LRSMT/agiletaur/install/webots_ros2_msgs/include/webots_ros2_msgs/msg/detail/wb_camera_recognition_object__type_support.cpp
[4.342s] -- Installing: /home/shipengl/LRSMT/agiletaur/install/webots_ros2_msgs/include/webots_ros2_msgs/msg/detail/wb_camera_recognition_object__rosidl_typesupport_introspection_cpp.hpp
[4.342s] -- Installing: /home/shipengl/LRSMT/agiletaur/install/webots_ros2_msgs/include/webots_ros2_msgs/msg/detail/wb_camera_recognition_objects__type_support.cpp
[4.343s] -- Installing: /home/shipengl/LRSMT/agiletaur/install/webots_ros2_msgs/include/webots_ros2_msgs/msg/detail/wb_camera_recognition_objects__rosidl_typesupport_introspection_cpp.hpp
[4.343s] -- Installing: /home/shipengl/LRSMT/agiletaur/install/webots_ros2_msgs/lib/libwebots_ros2_msgs__rosidl_typesupport_introspection_cpp.so
[4.343s] -- Set runtime path of "/home/shipengl/LRSMT/agiletaur/install/webots_ros2_msgs/lib/libwebots_ros2_msgs__rosidl_typesupport_introspection_cpp.so" to ""
[4.343s] -- Installing: /home/shipengl/LRSMT/agiletaur/install/webots_ros2_msgs/lib/libwebots_ros2_msgs__rosidl_typesupport_cpp.so
[4.343s] -- Set runtime path of "/home/shipengl/LRSMT/agiletaur/install/webots_ros2_msgs/lib/libwebots_ros2_msgs__rosidl_typesupport_cpp.so" to ""
[4.343s] -- Installing: /home/shipengl/LRSMT/agiletaur/install/webots_ros2_msgs/share/webots_ros2_msgs/environment/pythonpath.sh
[4.343s] -- Installing: /home/shipengl/LRSMT/agiletaur/install/webots_ros2_msgs/share/webots_ros2_msgs/environment/pythonpath.dsv
[4.343s] -- Installing: /home/shipengl/LRSMT/agiletaur/install/webots_ros2_msgs/lib/python3.8/site-packages/webots_ros2_msgs/__init__.py
[4.367s] Compiling '/home/shipengl/LRSMT/agiletaur/install/webots_ros2_msgs/lib/python3.8/site-packages/webots_ros2_msgs/__init__.py'...
[4.369s] -- Installing: /home/shipengl/LRSMT/agiletaur/install/webots_ros2_msgs/lib/python3.8/site-packages/webots_ros2_msgs/msg
[4.369s] -- Installing: /home/shipengl/LRSMT/agiletaur/install/webots_ros2_msgs/lib/python3.8/site-packages/webots_ros2_msgs/msg/_wb_camera_recognition_objects.py
[4.370s] -- Installing: /home/shipengl/LRSMT/agiletaur/install/webots_ros2_msgs/lib/python3.8/site-packages/webots_ros2_msgs/msg/__init__.py
[4.370s] -- Installing: /home/shipengl/LRSMT/agiletaur/install/webots_ros2_msgs/lib/python3.8/site-packages/webots_ros2_msgs/msg/_wb_camera_recognition_objects_s.c
[4.370s] -- Installing: /home/shipengl/LRSMT/agiletaur/install/webots_ros2_msgs/lib/python3.8/site-packages/webots_ros2_msgs/msg/_wb_camera_recognition_object.py
[4.370s] -- Installing: /home/shipengl/LRSMT/agiletaur/install/webots_ros2_msgs/lib/python3.8/site-packages/webots_ros2_msgs/msg/_wb_camera_recognition_object_s.c
[4.370s] -- Installing: /home/shipengl/LRSMT/agiletaur/install/webots_ros2_msgs/lib/python3.8/site-packages/webots_ros2_msgs/srv
[4.370s] -- Installing: /home/shipengl/LRSMT/agiletaur/install/webots_ros2_msgs/lib/python3.8/site-packages/webots_ros2_msgs/srv/__init__.py
[4.370s] -- Installing: /home/shipengl/LRSMT/agiletaur/install/webots_ros2_msgs/lib/python3.8/site-packages/webots_ros2_msgs/srv/_set_int_s.c
[4.370s] -- Installing: /home/shipengl/LRSMT/agiletaur/install/webots_ros2_msgs/lib/python3.8/site-packages/webots_ros2_msgs/srv/_set_int.py
[4.370s] -- Installing: /home/shipengl/LRSMT/agiletaur/install/webots_ros2_msgs/lib/python3.8/site-packages/webots_ros2_msgs/webots_ros2_msgs_s__rosidl_typesupport_fastrtps_c.cpython-38-x86_64-linux-gnu.so
[4.371s] -- Set runtime path of "/home/shipengl/LRSMT/agiletaur/install/webots_ros2_msgs/lib/python3.8/site-packages/webots_ros2_msgs/webots_ros2_msgs_s__rosidl_typesupport_fastrtps_c.cpython-38-x86_64-linux-gnu.so" to ""
[4.371s] -- Installing: /home/shipengl/LRSMT/agiletaur/install/webots_ros2_msgs/lib/python3.8/site-packages/webots_ros2_msgs/webots_ros2_msgs_s__rosidl_typesupport_introspection_c.cpython-38-x86_64-linux-gnu.so
[4.371s] -- Set runtime path of "/home/shipengl/LRSMT/agiletaur/install/webots_ros2_msgs/lib/python3.8/site-packages/webots_ros2_msgs/webots_ros2_msgs_s__rosidl_typesupport_introspection_c.cpython-38-x86_64-linux-gnu.so" to ""
[4.371s] -- Installing: /home/shipengl/LRSMT/agiletaur/install/webots_ros2_msgs/lib/python3.8/site-packages/webots_ros2_msgs/webots_ros2_msgs_s__rosidl_typesupport_c.cpython-38-x86_64-linux-gnu.so
[4.372s] -- Set runtime path of "/home/shipengl/LRSMT/agiletaur/install/webots_ros2_msgs/lib/python3.8/site-packages/webots_ros2_msgs/webots_ros2_msgs_s__rosidl_typesupport_c.cpython-38-x86_64-linux-gnu.so" to ""
[4.372s] -- Installing: /home/shipengl/LRSMT/agiletaur/install/webots_ros2_msgs/lib/libwebots_ros2_msgs__python.so
[4.372s] -- Set runtime path of "/home/shipengl/LRSMT/agiletaur/install/webots_ros2_msgs/lib/libwebots_ros2_msgs__python.so" to ""
[4.372s] -- Installing: /home/shipengl/LRSMT/agiletaur/install/webots_ros2_msgs/share/webots_ros2_msgs/msg/WbCameraRecognitionObject.idl
[4.372s] -- Installing: /home/shipengl/LRSMT/agiletaur/install/webots_ros2_msgs/share/webots_ros2_msgs/msg/WbCameraRecognitionObjects.idl
[4.372s] -- Installing: /home/shipengl/LRSMT/agiletaur/install/webots_ros2_msgs/share/webots_ros2_msgs/srv/SetInt.idl
[4.373s] -- Installing: /home/shipengl/LRSMT/agiletaur/install/webots_ros2_msgs/share/webots_ros2_msgs/msg/WbCameraRecognitionObject.msg
[4.373s] -- Installing: /home/shipengl/LRSMT/agiletaur/install/webots_ros2_msgs/share/webots_ros2_msgs/msg/WbCameraRecognitionObjects.msg
[4.373s] -- Installing: /home/shipengl/LRSMT/agiletaur/install/webots_ros2_msgs/share/webots_ros2_msgs/srv/SetInt.srv
[4.373s] -- Installing: /home/shipengl/LRSMT/agiletaur/install/webots_ros2_msgs/share/webots_ros2_msgs/srv/SetInt_Request.msg
[4.373s] -- Installing: /home/shipengl/LRSMT/agiletaur/install/webots_ros2_msgs/share/webots_ros2_msgs/srv/SetInt_Response.msg
[4.373s] -- Installing: /home/shipengl/LRSMT/agiletaur/install/webots_ros2_msgs/share/ament_index/resource_index/package_run_dependencies/webots_ros2_msgs
[4.373s] -- Installing: /home/shipengl/LRSMT/agiletaur/install/webots_ros2_msgs/share/ament_index/resource_index/parent_prefix_path/webots_ros2_msgs
[4.374s] -- Installing: /home/shipengl/LRSMT/agiletaur/install/webots_ros2_msgs/share/webots_ros2_msgs/environment/ament_prefix_path.sh
[4.374s] -- Installing: /home/shipengl/LRSMT/agiletaur/install/webots_ros2_msgs/share/webots_ros2_msgs/environment/ament_prefix_path.dsv
[4.374s] -- Installing: /home/shipengl/LRSMT/agiletaur/install/webots_ros2_msgs/share/webots_ros2_msgs/environment/path.sh
[4.374s] -- Installing: /home/shipengl/LRSMT/agiletaur/install/webots_ros2_msgs/share/webots_ros2_msgs/environment/path.dsv
[4.374s] -- Installing: /home/shipengl/LRSMT/agiletaur/install/webots_ros2_msgs/share/webots_ros2_msgs/local_setup.bash
[4.374s] -- Installing: /home/shipengl/LRSMT/agiletaur/install/webots_ros2_msgs/share/webots_ros2_msgs/local_setup.sh
[4.374s] -- Installing: /home/shipengl/LRSMT/agiletaur/install/webots_ros2_msgs/share/webots_ros2_msgs/local_setup.zsh
[4.374s] -- Installing: /home/shipengl/LRSMT/agiletaur/install/webots_ros2_msgs/share/webots_ros2_msgs/local_setup.dsv
[4.374s] -- Installing: /home/shipengl/LRSMT/agiletaur/install/webots_ros2_msgs/share/webots_ros2_msgs/package.dsv
[4.374s] -- Installing: /home/shipengl/LRSMT/agiletaur/install/webots_ros2_msgs/share/ament_index/resource_index/packages/webots_ros2_msgs
[4.375s] -- Installing: /home/shipengl/LRSMT/agiletaur/install/webots_ros2_msgs/share/webots_ros2_msgs/cmake/webots_ros2_msgs__rosidl_generator_cExport.cmake
[4.375s] -- Installing: /home/shipengl/LRSMT/agiletaur/install/webots_ros2_msgs/share/webots_ros2_msgs/cmake/webots_ros2_msgs__rosidl_generator_cExport-noconfig.cmake
[4.375s] -- Installing: /home/shipengl/LRSMT/agiletaur/install/webots_ros2_msgs/share/webots_ros2_msgs/cmake/webots_ros2_msgs__rosidl_typesupport_introspection_cExport.cmake
[4.375s] -- Installing: /home/shipengl/LRSMT/agiletaur/install/webots_ros2_msgs/share/webots_ros2_msgs/cmake/webots_ros2_msgs__rosidl_typesupport_introspection_cExport-noconfig.cmake
[4.375s] -- Installing: /home/shipengl/LRSMT/agiletaur/install/webots_ros2_msgs/share/webots_ros2_msgs/cmake/webots_ros2_msgs__rosidl_typesupport_cExport.cmake
[4.375s] -- Installing: /home/shipengl/LRSMT/agiletaur/install/webots_ros2_msgs/share/webots_ros2_msgs/cmake/webots_ros2_msgs__rosidl_typesupport_cExport-noconfig.cmake
[4.375s] -- Installing: /home/shipengl/LRSMT/agiletaur/install/webots_ros2_msgs/share/webots_ros2_msgs/cmake/webots_ros2_msgs__rosidl_generator_cppExport.cmake
[4.375s] -- Installing: /home/shipengl/LRSMT/agiletaur/install/webots_ros2_msgs/share/webots_ros2_msgs/cmake/webots_ros2_msgs__rosidl_typesupport_introspection_cppExport.cmake
[4.376s] -- Installing: /home/shipengl/LRSMT/agiletaur/install/webots_ros2_msgs/share/webots_ros2_msgs/cmake/webots_ros2_msgs__rosidl_typesupport_introspection_cppExport-noconfig.cmake
[4.376s] -- Installing: /home/shipengl/LRSMT/agiletaur/install/webots_ros2_msgs/share/webots_ros2_msgs/cmake/webots_ros2_msgs__rosidl_typesupport_cppExport.cmake
[4.376s] -- Installing: /home/shipengl/LRSMT/agiletaur/install/webots_ros2_msgs/share/webots_ros2_msgs/cmake/webots_ros2_msgs__rosidl_typesupport_cppExport-noconfig.cmake
[4.376s] -- Installing: /home/shipengl/LRSMT/agiletaur/install/webots_ros2_msgs/share/webots_ros2_msgs/cmake/rosidl_cmake-extras.cmake
[4.376s] -- Installing: /home/shipengl/LRSMT/agiletaur/install/webots_ros2_msgs/share/webots_ros2_msgs/cmake/ament_cmake_export_dependencies-extras.cmake
[4.376s] -- Installing: /home/shipengl/LRSMT/agiletaur/install/webots_ros2_msgs/share/webots_ros2_msgs/cmake/ament_cmake_export_libraries-extras.cmake
[4.376s] -- Installing: /home/shipengl/LRSMT/agiletaur/install/webots_ros2_msgs/share/webots_ros2_msgs/cmake/ament_cmake_export_targets-extras.cmake
[4.376s] -- Installing: /home/shipengl/LRSMT/agiletaur/install/webots_ros2_msgs/share/webots_ros2_msgs/cmake/ament_cmake_export_include_directories-extras.cmake
[4.376s] -- Installing: /home/shipengl/LRSMT/agiletaur/install/webots_ros2_msgs/share/webots_ros2_msgs/cmake/rosidl_cmake_export_typesupport_libraries-extras.cmake
[4.376s] -- Installing: /home/shipengl/LRSMT/agiletaur/install/webots_ros2_msgs/share/webots_ros2_msgs/cmake/rosidl_cmake_export_typesupport_targets-extras.cmake
[4.376s] -- Installing: /home/shipengl/LRSMT/agiletaur/install/webots_ros2_msgs/share/webots_ros2_msgs/cmake/webots_ros2_msgsConfig.cmake
[4.377s] -- Installing: /home/shipengl/LRSMT/agiletaur/install/webots_ros2_msgs/share/webots_ros2_msgs/cmake/webots_ros2_msgsConfig-version.cmake
[4.377s] -- Installing: /home/shipengl/LRSMT/agiletaur/install/webots_ros2_msgs/share/webots_ros2_msgs/package.xml
[4.379s] Invoked command in '/home/shipengl/LRSMT/agiletaur/build/webots_ros2_msgs' returned '0': CMAKE_PREFIX_PATH=${CMAKE_PREFIX_PATH}:/home/shipengl/LRSMT/agiletaur/install/webots_ros2:/home/shipengl/LRSMT/agiletaur/install/webots_ros2_universal_robot:/home/shipengl/LRSMT/agiletaur/install/webots_ros2_turtlebot:/home/shipengl/LRSMT/agiletaur/install/webots_ros2_tiago:/home/shipengl/LRSMT/agiletaur/install/webots_ros2_tests:/home/shipengl/LRSMT/agiletaur/install/webots_ros2_tesla:/home/shipengl/LRSMT/agiletaur/install/webots_ros2_mavic:/home/shipengl/LRSMT/agiletaur/install/webots_ros2_epuck:/home/shipengl/LRSMT/agiletaur/install/webots_ros2_core:/home/shipengl/LRSMT/agiletaur/install/webots_ros2_importer:/opt/ros/foxy /usr/bin/cmake --install /home/shipengl/LRSMT/agiletaur/build/webots_ros2_msgs
