[0.064s] Invoking command in '/home/shipengl/LRSMT/build/qpOASES': /usr/bin/cmake --build /home/shipengl/LRSMT/build/qpOASES -- -j16 -l16
[0.143s] [ 46%] Built target qpOASES
[0.187s] [ 51%] Built target example1a
[0.190s] [ 65%] Built target example1b
[0.190s] [ 65%] Built target example5
[0.190s] [ 65%] Built target example1
[0.190s] [ 70%] Built target qrecipe
[0.191s] [ 75%] Built target example2
[0.195s] [ 80%] Built target example3b
[0.203s] [ 85%] Built target example3
[0.204s] [ 90%] Built target exampleLP
[0.205s] [ 95%] Built target example4
[0.208s] [100%] Built target qrecipeSchur
[0.256s] Invoked command in '/home/shipengl/LRSMT/build/qpOASES' returned '0': /usr/bin/cmake --build /home/shipengl/LRSMT/build/qpOASES -- -j16 -l16
[0.369s] Invoking command in '/home/shipengl/LRSMT/build/qpOASES': /usr/bin/cmake --install /home/shipengl/LRSMT/build/qpOASES
[0.391s] -- Install configuration: "Release"
[0.391s] -- Up-to-date: /home/shipengl/LRSMT/install/qpOASES/lib/libqpOASES.a
[0.391s] -- Up-to-date: /home/shipengl/LRSMT/install/qpOASES/include/qpOASES.hpp
[0.392s] -- Up-to-date: /home/shipengl/LRSMT/install/qpOASES/include/qpOASES
[0.392s] -- Up-to-date: /home/shipengl/LRSMT/install/qpOASES/include/qpOASES/MessageHandling.hpp
[0.392s] -- Up-to-date: /home/shipengl/LRSMT/install/qpOASES/include/qpOASES/UnitTesting.hpp
[0.392s] -- Up-to-date: /home/shipengl/LRSMT/install/qpOASES/include/qpOASES/QProblem.ipp
[0.392s] -- Up-to-date: /home/shipengl/LRSMT/install/qpOASES/include/qpOASES/Bounds.ipp
[0.393s] -- Up-to-date: /home/shipengl/LRSMT/install/qpOASES/include/qpOASES/Indexlist.hpp
[0.393s] -- Up-to-date: /home/shipengl/LRSMT/install/qpOASES/include/qpOASES/SQProblem.ipp
[0.394s] -- Up-to-date: /home/shipengl/LRSMT/install/qpOASES/include/qpOASES/ConstraintProduct.hpp
[0.394s] -- Up-to-date: /home/shipengl/LRSMT/install/qpOASES/include/qpOASES/QProblemB.hpp
[0.395s] -- Up-to-date: /home/shipengl/LRSMT/install/qpOASES/include/qpOASES/MessageHandling.ipp
[0.395s] -- Up-to-date: /home/shipengl/LRSMT/install/qpOASES/include/qpOASES/Bounds.hpp
[0.395s] -- Up-to-date: /home/shipengl/LRSMT/install/qpOASES/include/qpOASES/extras
[0.396s] -- Up-to-date: /home/shipengl/LRSMT/install/qpOASES/include/qpOASES/extras/OQPinterface.hpp
[0.396s] -- Up-to-date: /home/shipengl/LRSMT/install/qpOASES/include/qpOASES/extras/SolutionAnalysis.ipp
[0.396s] -- Up-to-date: /home/shipengl/LRSMT/install/qpOASES/include/qpOASES/extras/SolutionAnalysis.hpp
[0.397s] -- Up-to-date: /home/shipengl/LRSMT/install/qpOASES/include/qpOASES/Flipper.hpp
[0.397s] -- Up-to-date: /home/shipengl/LRSMT/install/qpOASES/include/qpOASES/Options.hpp
[0.398s] -- Up-to-date: /home/shipengl/LRSMT/install/qpOASES/include/qpOASES/SQProblemSchur.hpp
[0.399s] -- Up-to-date: /home/shipengl/LRSMT/install/qpOASES/include/qpOASES/Types.hpp
[0.399s] -- Up-to-date: /home/shipengl/LRSMT/install/qpOASES/include/qpOASES/Constraints.ipp
[0.399s] -- Up-to-date: /home/shipengl/LRSMT/install/qpOASES/include/qpOASES/Indexlist.ipp
[0.400s] -- Up-to-date: /home/shipengl/LRSMT/install/qpOASES/include/qpOASES/SQProblemSchur.ipp
[0.400s] -- Up-to-date: /home/shipengl/LRSMT/install/qpOASES/include/qpOASES/Matrices.hpp
[0.401s] -- Up-to-date: /home/shipengl/LRSMT/install/qpOASES/include/qpOASES/QProblem.hpp
[0.401s] -- Up-to-date: /home/shipengl/LRSMT/install/qpOASES/include/qpOASES/LapackBlasReplacement.hpp
[0.401s] -- Up-to-date: /home/shipengl/LRSMT/install/qpOASES/include/qpOASES/Constants.hpp
[0.403s] -- Up-to-date: /home/shipengl/LRSMT/install/qpOASES/include/qpOASES/SparseSolver.hpp
[0.404s] -- Up-to-date: /home/shipengl/LRSMT/install/qpOASES/include/qpOASES/QProblemB.ipp
[0.404s] -- Up-to-date: /home/shipengl/LRSMT/install/qpOASES/include/qpOASES/SubjectTo.ipp
[0.404s] -- Up-to-date: /home/shipengl/LRSMT/install/qpOASES/include/qpOASES/SQProblem.hpp
[0.405s] -- Up-to-date: /home/shipengl/LRSMT/install/qpOASES/include/qpOASES/SubjectTo.hpp
[0.405s] -- Up-to-date: /home/shipengl/LRSMT/install/qpOASES/include/qpOASES/Utils.hpp
[0.405s] -- Up-to-date: /home/shipengl/LRSMT/install/qpOASES/include/qpOASES/Constraints.hpp
[0.406s] -- Up-to-date: /home/shipengl/LRSMT/install/qpOASES/include/qpOASES/Utils.ipp
[0.444s] Invoked command in '/home/shipengl/LRSMT/build/qpOASES' returned '0': /usr/bin/cmake --install /home/shipengl/LRSMT/build/qpOASES
