[0.010s] Invoking command in '/home/shipengl/LRSMT/agiletaur/src/build/odrive_ros2_control': AMENT_PREFIX_PATH=/home/shipengl/LRSMT/agiletaur/src/install/odrive_bringup:/home/shipengl/LRSMT/agiletaur/src/install/odrive_hardware_interface:/home/shipengl/LRSMT/agiletaur/src/install/odrive_description:${AMENT_PREFIX_PATH} CMAKE_PREFIX_PATH=/home/shipengl/LRSMT/agiletaur/src/install/odrive_bringup:/home/shipengl/LRSMT/agiletaur/src/install/odrive_hardware_interface:/home/shipengl/LRSMT/agiletaur/src/install/odrive_description:/opt/ros/foxy LD_LIBRARY_PATH=/home/shipengl/LRSMT/agiletaur/src/install/odrive_hardware_interface/lib:${LD_LIBRARY_PATH} /usr/bin/cmake /home/shipengl/LRSMT/agiletaur/src/odrive_ros2_control/odrive_ros2_control -DCMAKE_INSTALL_PREFIX=/home/shipengl/LRSMT/agiletaur/src/install/odrive_ros2_control
[0.058s] -- The C compiler identification is GNU 9.3.0
[0.109s] -- The CXX compiler identification is GNU 9.3.0
[0.113s] -- Check for working C compiler: /usr/bin/cc
[0.175s] -- Check for working C compiler: /usr/bin/cc -- works
[0.175s] -- Detecting C compiler ABI info
[0.236s] -- Detecting C compiler ABI info - done
[0.247s] -- Detecting C compile features
[0.247s] -- Detecting C compile features - done
[0.250s] -- Check for working CXX compiler: /usr/bin/c++
[0.325s] -- Check for working CXX compiler: /usr/bin/c++ -- works
[0.326s] -- Detecting CXX compiler ABI info
[0.404s] -- Detecting CXX compiler ABI info - done
[0.418s] -- Detecting CXX compile features
[0.419s] -- Detecting CXX compile features - done
[0.421s] -- Found ament_cmake_auto: 0.9.9 (/opt/ros/foxy/share/ament_cmake_auto/cmake)
[0.446s] -- Found PythonInterp: /usr/bin/python3 (found suitable version "3.8.10", minimum required is "3") 
[0.447s] -- Using PYTHON_EXECUTABLE: /usr/bin/python3
[0.730s] -- Configuring done
[0.731s] -- Generating done
[0.732s] -- Build files have been written to: /home/shipengl/LRSMT/agiletaur/src/build/odrive_ros2_control
[0.735s] Invoked command in '/home/shipengl/LRSMT/agiletaur/src/build/odrive_ros2_control' returned '0': AMENT_PREFIX_PATH=/home/shipengl/LRSMT/agiletaur/src/install/odrive_bringup:/home/shipengl/LRSMT/agiletaur/src/install/odrive_hardware_interface:/home/shipengl/LRSMT/agiletaur/src/install/odrive_description:${AMENT_PREFIX_PATH} CMAKE_PREFIX_PATH=/home/shipengl/LRSMT/agiletaur/src/install/odrive_bringup:/home/shipengl/LRSMT/agiletaur/src/install/odrive_hardware_interface:/home/shipengl/LRSMT/agiletaur/src/install/odrive_description:/opt/ros/foxy LD_LIBRARY_PATH=/home/shipengl/LRSMT/agiletaur/src/install/odrive_hardware_interface/lib:${LD_LIBRARY_PATH} /usr/bin/cmake /home/shipengl/LRSMT/agiletaur/src/odrive_ros2_control/odrive_ros2_control -DCMAKE_INSTALL_PREFIX=/home/shipengl/LRSMT/agiletaur/src/install/odrive_ros2_control
[0.737s] Invoking command in '/home/shipengl/LRSMT/agiletaur/src/build/odrive_ros2_control': AMENT_PREFIX_PATH=/home/shipengl/LRSMT/agiletaur/src/install/odrive_bringup:/home/shipengl/LRSMT/agiletaur/src/install/odrive_hardware_interface:/home/shipengl/LRSMT/agiletaur/src/install/odrive_description:${AMENT_PREFIX_PATH} CMAKE_PREFIX_PATH=/home/shipengl/LRSMT/agiletaur/src/install/odrive_bringup:/home/shipengl/LRSMT/agiletaur/src/install/odrive_hardware_interface:/home/shipengl/LRSMT/agiletaur/src/install/odrive_description:/opt/ros/foxy LD_LIBRARY_PATH=/home/shipengl/LRSMT/agiletaur/src/install/odrive_hardware_interface/lib:${LD_LIBRARY_PATH} /usr/bin/cmake --build /home/shipengl/LRSMT/agiletaur/src/build/odrive_ros2_control -- -j16 -l16
[0.770s] Invoked command in '/home/shipengl/LRSMT/agiletaur/src/build/odrive_ros2_control' returned '0': AMENT_PREFIX_PATH=/home/shipengl/LRSMT/agiletaur/src/install/odrive_bringup:/home/shipengl/LRSMT/agiletaur/src/install/odrive_hardware_interface:/home/shipengl/LRSMT/agiletaur/src/install/odrive_description:${AMENT_PREFIX_PATH} CMAKE_PREFIX_PATH=/home/shipengl/LRSMT/agiletaur/src/install/odrive_bringup:/home/shipengl/LRSMT/agiletaur/src/install/odrive_hardware_interface:/home/shipengl/LRSMT/agiletaur/src/install/odrive_description:/opt/ros/foxy LD_LIBRARY_PATH=/home/shipengl/LRSMT/agiletaur/src/install/odrive_hardware_interface/lib:${LD_LIBRARY_PATH} /usr/bin/cmake --build /home/shipengl/LRSMT/agiletaur/src/build/odrive_ros2_control -- -j16 -l16
[0.788s] Invoking command in '/home/shipengl/LRSMT/agiletaur/src/build/odrive_ros2_control': AMENT_PREFIX_PATH=/home/shipengl/LRSMT/agiletaur/src/install/odrive_bringup:/home/shipengl/LRSMT/agiletaur/src/install/odrive_hardware_interface:/home/shipengl/LRSMT/agiletaur/src/install/odrive_description:${AMENT_PREFIX_PATH} CMAKE_PREFIX_PATH=/home/shipengl/LRSMT/agiletaur/src/install/odrive_bringup:/home/shipengl/LRSMT/agiletaur/src/install/odrive_hardware_interface:/home/shipengl/LRSMT/agiletaur/src/install/odrive_description:/opt/ros/foxy LD_LIBRARY_PATH=/home/shipengl/LRSMT/agiletaur/src/install/odrive_hardware_interface/lib:${LD_LIBRARY_PATH} /usr/bin/cmake --install /home/shipengl/LRSMT/agiletaur/src/build/odrive_ros2_control
[0.796s] -- Install configuration: ""
[0.796s] -- Installing: /home/shipengl/LRSMT/agiletaur/src/install/odrive_ros2_control/share/ament_index/resource_index/package_run_dependencies/odrive_ros2_control
[0.796s] -- Installing: /home/shipengl/LRSMT/agiletaur/src/install/odrive_ros2_control/share/ament_index/resource_index/parent_prefix_path/odrive_ros2_control
[0.796s] -- Installing: /home/shipengl/LRSMT/agiletaur/src/install/odrive_ros2_control/share/odrive_ros2_control/environment/ament_prefix_path.sh
[0.796s] -- Installing: /home/shipengl/LRSMT/agiletaur/src/install/odrive_ros2_control/share/odrive_ros2_control/environment/ament_prefix_path.dsv
[0.796s] -- Installing: /home/shipengl/LRSMT/agiletaur/src/install/odrive_ros2_control/share/odrive_ros2_control/environment/path.sh
[0.796s] -- Installing: /home/shipengl/LRSMT/agiletaur/src/install/odrive_ros2_control/share/odrive_ros2_control/environment/path.dsv
[0.796s] -- Installing: /home/shipengl/LRSMT/agiletaur/src/install/odrive_ros2_control/share/odrive_ros2_control/local_setup.bash
[0.796s] -- Installing: /home/shipengl/LRSMT/agiletaur/src/install/odrive_ros2_control/share/odrive_ros2_control/local_setup.sh
[0.797s] -- Installing: /home/shipengl/LRSMT/agiletaur/src/install/odrive_ros2_control/share/odrive_ros2_control/local_setup.zsh
[0.797s] -- Installing: /home/shipengl/LRSMT/agiletaur/src/install/odrive_ros2_control/share/odrive_ros2_control/local_setup.dsv
[0.797s] -- Installing: /home/shipengl/LRSMT/agiletaur/src/install/odrive_ros2_control/share/odrive_ros2_control/package.dsv
[0.797s] -- Installing: /home/shipengl/LRSMT/agiletaur/src/install/odrive_ros2_control/share/ament_index/resource_index/packages/odrive_ros2_control
[0.797s] -- Installing: /home/shipengl/LRSMT/agiletaur/src/install/odrive_ros2_control/share/odrive_ros2_control/cmake/odrive_ros2_controlConfig.cmake
[0.797s] -- Installing: /home/shipengl/LRSMT/agiletaur/src/install/odrive_ros2_control/share/odrive_ros2_control/cmake/odrive_ros2_controlConfig-version.cmake
[0.797s] -- Installing: /home/shipengl/LRSMT/agiletaur/src/install/odrive_ros2_control/share/odrive_ros2_control/package.xml
[0.800s] Invoked command in '/home/shipengl/LRSMT/agiletaur/src/build/odrive_ros2_control' returned '0': AMENT_PREFIX_PATH=/home/shipengl/LRSMT/agiletaur/src/install/odrive_bringup:/home/shipengl/LRSMT/agiletaur/src/install/odrive_hardware_interface:/home/shipengl/LRSMT/agiletaur/src/install/odrive_description:${AMENT_PREFIX_PATH} CMAKE_PREFIX_PATH=/home/shipengl/LRSMT/agiletaur/src/install/odrive_bringup:/home/shipengl/LRSMT/agiletaur/src/install/odrive_hardware_interface:/home/shipengl/LRSMT/agiletaur/src/install/odrive_description:/opt/ros/foxy LD_LIBRARY_PATH=/home/shipengl/LRSMT/agiletaur/src/install/odrive_hardware_interface/lib:${LD_LIBRARY_PATH} /usr/bin/cmake --install /home/shipengl/LRSMT/agiletaur/src/build/odrive_ros2_control
