[0.017s] Invoking command in '/home/shipengl/LRSMT/build/webots_ros2_driver': AMENT_PREFIX_PATH=/home/shipengl/LRSMT/install/webots_ros2_msgs:${AMENT_PREFIX_PATH} CMAKE_PREFIX_PATH=/home/shipengl/LRSMT/install/webots_ros2_msgs:/home/shipengl/LRSMT/agiletaur/install/webots_simulation_assets:/home/shipengl/LRSMT/agiletaur/install/webots_ros2_control:/home/shipengl/LRSMT/agiletaur/install/webots_ros2_driver:/home/shipengl/LRSMT/agiletaur/install/webots_ros2_msgs:/home/shipengl/LRSMT/agiletaur/install/webots_description:/home/shipengl/LRSMT/agiletaur/install/webots_bringup:/home/shipengl/LRSMT/agiletaur/install/odrive_ros2_control:/home/shipengl/LRSMT/agiletaur/install/odrive_hardware_interface:/home/shipengl/LRSMT/agiletaur/install/odrive_bringup:/home/shipengl/LRSMT/agiletaur/install/odrive_description:/home/shipengl/LRSMT/agiletaur/install/agiletaur_launcher:/home/shipengl/LRSMT/agiletaur/install/cpp_pubsub:/home/shipengl/LRSMT/agiletaur/install/agiletaur_controller:/opt/ros/foxy LD_LIBRARY_PATH=/home/shipengl/LRSMT/install/webots_ros2_msgs/lib:${LD_LIBRARY_PATH} PYTHONPATH=/home/shipengl/LRSMT/install/webots_ros2_msgs/lib/python3.8/site-packages:${PYTHONPATH} /usr/bin/cmake --build /home/shipengl/LRSMT/build/webots_ros2_driver -- -j16 -l16
[0.058s] [35m[1mScanning dependencies of target webots_ros2_driver_imu[0m
[0.061s] [35m[1mScanning dependencies of target driver[0m
[0.103s] [ 11%] [32mBuilding CXX object CMakeFiles/webots_ros2_driver_imu.dir/src/plugins/dynamic/Ros2IMU.cpp.o[0m
[0.104s] [ 11%] [32mBuilding CXX object CMakeFiles/webots_ros2_driver_imu.dir/src/plugins/Ros2SensorPlugin.cpp.o[0m
[0.105s] [ 16%] [32mBuilding CXX object CMakeFiles/webots_ros2_driver_imu.dir/src/utils/Utils.cpp.o[0m
[0.176s] [ 22%] [32mBuilding CXX object CMakeFiles/driver.dir/src/Driver.cpp.o[0m
[0.181s] [ 38%] [32mBuilding CXX object CMakeFiles/driver.dir/src/plugins/static/Ros2Camera.cpp.o[0m
[0.181s] [ 38%] [32mBuilding CXX object CMakeFiles/driver.dir/src/plugins/static/Ros2Lidar.cpp.o[0m
[0.181s] [ 38%] [32mBuilding CXX object CMakeFiles/driver.dir/src/PythonPlugin.cpp.o[0m
[0.181s] [ 44%] [32mBuilding CXX object CMakeFiles/driver.dir/src/WebotsNode.cpp.o[0m
[0.182s] [ 50%] [32mBuilding CXX object CMakeFiles/driver.dir/src/plugins/Ros2SensorPlugin.cpp.o[0m
[0.182s] [ 55%] [32mBuilding CXX object CMakeFiles/driver.dir/src/plugins/static/Ros2LED.cpp.o[0m
[0.186s] [ 61%] [32mBuilding CXX object CMakeFiles/driver.dir/src/plugins/static/Ros2GPS.cpp.o[0m
[0.190s] [ 66%] [32mBuilding CXX object CMakeFiles/driver.dir/src/plugins/static/Ros2RangeFinder.cpp.o[0m
[0.210s] [ 72%] [32mBuilding CXX object CMakeFiles/driver.dir/src/plugins/static/Ros2DistanceSensor.cpp.o[0m
[0.241s] [ 77%] [32mBuilding CXX object CMakeFiles/driver.dir/src/plugins/static/Ros2LightSensor.cpp.o[0m
[0.252s] [ 83%] [32mBuilding CXX object CMakeFiles/driver.dir/src/utils/Math.cpp.o[0m
[0.286s] [ 88%] [32mBuilding CXX object CMakeFiles/driver.dir/src/utils/Utils.cpp.o[0m
[6.242s] [ 94%] [32m[1mLinking CXX shared library libwebots_ros2_driver_imu.so[0m
[6.421s] [ 94%] Built target webots_ros2_driver_imu
[9.064s] [100%] [32m[1mLinking CXX executable driver[0m
[9.605s] [100%] Built target driver
[9.615s] Invoked command in '/home/shipengl/LRSMT/build/webots_ros2_driver' returned '0': AMENT_PREFIX_PATH=/home/shipengl/LRSMT/install/webots_ros2_msgs:${AMENT_PREFIX_PATH} CMAKE_PREFIX_PATH=/home/shipengl/LRSMT/install/webots_ros2_msgs:/home/shipengl/LRSMT/agiletaur/install/webots_simulation_assets:/home/shipengl/LRSMT/agiletaur/install/webots_ros2_control:/home/shipengl/LRSMT/agiletaur/install/webots_ros2_driver:/home/shipengl/LRSMT/agiletaur/install/webots_ros2_msgs:/home/shipengl/LRSMT/agiletaur/install/webots_description:/home/shipengl/LRSMT/agiletaur/install/webots_bringup:/home/shipengl/LRSMT/agiletaur/install/odrive_ros2_control:/home/shipengl/LRSMT/agiletaur/install/odrive_hardware_interface:/home/shipengl/LRSMT/agiletaur/install/odrive_bringup:/home/shipengl/LRSMT/agiletaur/install/odrive_description:/home/shipengl/LRSMT/agiletaur/install/agiletaur_launcher:/home/shipengl/LRSMT/agiletaur/install/cpp_pubsub:/home/shipengl/LRSMT/agiletaur/install/agiletaur_controller:/opt/ros/foxy LD_LIBRARY_PATH=/home/shipengl/LRSMT/install/webots_ros2_msgs/lib:${LD_LIBRARY_PATH} PYTHONPATH=/home/shipengl/LRSMT/install/webots_ros2_msgs/lib/python3.8/site-packages:${PYTHONPATH} /usr/bin/cmake --build /home/shipengl/LRSMT/build/webots_ros2_driver -- -j16 -l16
[9.647s] Invoking command in '/home/shipengl/LRSMT/build/webots_ros2_driver': AMENT_PREFIX_PATH=/home/shipengl/LRSMT/install/webots_ros2_msgs:${AMENT_PREFIX_PATH} CMAKE_PREFIX_PATH=/home/shipengl/LRSMT/install/webots_ros2_msgs:/home/shipengl/LRSMT/agiletaur/install/webots_simulation_assets:/home/shipengl/LRSMT/agiletaur/install/webots_ros2_control:/home/shipengl/LRSMT/agiletaur/install/webots_ros2_driver:/home/shipengl/LRSMT/agiletaur/install/webots_ros2_msgs:/home/shipengl/LRSMT/agiletaur/install/webots_description:/home/shipengl/LRSMT/agiletaur/install/webots_bringup:/home/shipengl/LRSMT/agiletaur/install/odrive_ros2_control:/home/shipengl/LRSMT/agiletaur/install/odrive_hardware_interface:/home/shipengl/LRSMT/agiletaur/install/odrive_bringup:/home/shipengl/LRSMT/agiletaur/install/odrive_description:/home/shipengl/LRSMT/agiletaur/install/agiletaur_launcher:/home/shipengl/LRSMT/agiletaur/install/cpp_pubsub:/home/shipengl/LRSMT/agiletaur/install/agiletaur_controller:/opt/ros/foxy LD_LIBRARY_PATH=/home/shipengl/LRSMT/install/webots_ros2_msgs/lib:${LD_LIBRARY_PATH} PYTHONPATH=/home/shipengl/LRSMT/install/webots_ros2_msgs/lib/python3.8/site-packages:${PYTHONPATH} /usr/bin/cmake --install /home/shipengl/LRSMT/build/webots_ros2_driver
[9.654s] -- Install configuration: ""
[9.654s] -- Installing: /home/shipengl/LRSMT/install/webots_ros2_driver/share/webots_ros2_driver/environment/pythonpath.sh
[9.654s] -- Installing: /home/shipengl/LRSMT/install/webots_ros2_driver/share/webots_ros2_driver/environment/pythonpath.dsv
[9.654s] -- Installing: /home/shipengl/LRSMT/install/webots_ros2_driver/lib/python3.8/site-packages/webots_ros2_driver_webots
[9.655s] -- Installing: /home/shipengl/LRSMT/install/webots_ros2_driver/lib/python3.8/site-packages/webots_ros2_driver_webots/_vehicle.so
[9.655s] -- Installing: /home/shipengl/LRSMT/install/webots_ros2_driver/lib/python3.8/site-packages/webots_ros2_driver_webots/__init__.py
[9.655s] -- Installing: /home/shipengl/LRSMT/install/webots_ros2_driver/lib/python3.8/site-packages/webots_ros2_driver_webots/controller.py
[9.655s] -- Installing: /home/shipengl/LRSMT/install/webots_ros2_driver/lib/python3.8/site-packages/webots_ros2_driver_webots/vehicle.py
[9.655s] -- Installing: /home/shipengl/LRSMT/install/webots_ros2_driver/lib/python3.8/site-packages/webots_ros2_driver_webots/_controller.so
[9.694s] Listing '/home/shipengl/LRSMT/install/webots_ros2_driver/lib/python3.8/site-packages/webots_ros2_driver_webots'...
[9.694s] Compiling '/home/shipengl/LRSMT/install/webots_ros2_driver/lib/python3.8/site-packages/webots_ros2_driver_webots/__init__.py'...
[9.694s] Compiling '/home/shipengl/LRSMT/install/webots_ros2_driver/lib/python3.8/site-packages/webots_ros2_driver_webots/controller.py'...
[9.694s] Compiling '/home/shipengl/LRSMT/install/webots_ros2_driver/lib/python3.8/site-packages/webots_ros2_driver_webots/vehicle.py'...
[9.697s] -- Installing: /home/shipengl/LRSMT/install/webots_ros2_driver/lib/python3.8/site-packages/webots_ros2_driver
[9.697s] -- Installing: /home/shipengl/LRSMT/install/webots_ros2_driver/lib/python3.8/site-packages/webots_ros2_driver/utils.py
[9.697s] -- Installing: /home/shipengl/LRSMT/install/webots_ros2_driver/lib/python3.8/site-packages/webots_ros2_driver/webots_launcher.py
[9.697s] -- Installing: /home/shipengl/LRSMT/install/webots_ros2_driver/lib/python3.8/site-packages/webots_ros2_driver/__init__.py
[9.722s] Listing '/home/shipengl/LRSMT/install/webots_ros2_driver/lib/python3.8/site-packages/webots_ros2_driver'...
[9.722s] Compiling '/home/shipengl/LRSMT/install/webots_ros2_driver/lib/python3.8/site-packages/webots_ros2_driver/__init__.py'...
[9.723s] Compiling '/home/shipengl/LRSMT/install/webots_ros2_driver/lib/python3.8/site-packages/webots_ros2_driver/utils.py'...
[9.723s] Compiling '/home/shipengl/LRSMT/install/webots_ros2_driver/lib/python3.8/site-packages/webots_ros2_driver/webots_launcher.py'...
[9.725s] -- Installing: /home/shipengl/LRSMT/install/webots_ros2_driver/include
[9.725s] -- Installing: /home/shipengl/LRSMT/install/webots_ros2_driver/include/webots_ros2_driver
[9.726s] -- Installing: /home/shipengl/LRSMT/install/webots_ros2_driver/include/webots_ros2_driver/plugins
[9.726s] -- Installing: /home/shipengl/LRSMT/install/webots_ros2_driver/include/webots_ros2_driver/plugins/static
[9.726s] -- Installing: /home/shipengl/LRSMT/install/webots_ros2_driver/include/webots_ros2_driver/plugins/static/Ros2LED.hpp
[9.726s] -- Installing: /home/shipengl/LRSMT/install/webots_ros2_driver/include/webots_ros2_driver/plugins/static/Ros2Lidar.hpp
[9.726s] -- Installing: /home/shipengl/LRSMT/install/webots_ros2_driver/include/webots_ros2_driver/plugins/static/Ros2LightSensor.hpp
[9.726s] -- Installing: /home/shipengl/LRSMT/install/webots_ros2_driver/include/webots_ros2_driver/plugins/static/Ros2Camera.hpp
[9.726s] -- Installing: /home/shipengl/LRSMT/install/webots_ros2_driver/include/webots_ros2_driver/plugins/static/Ros2DistanceSensor.hpp
[9.726s] -- Installing: /home/shipengl/LRSMT/install/webots_ros2_driver/include/webots_ros2_driver/plugins/static/Ros2RangeFinder.hpp
[9.726s] -- Installing: /home/shipengl/LRSMT/install/webots_ros2_driver/include/webots_ros2_driver/plugins/static/Ros2GPS.hpp
[9.726s] -- Installing: /home/shipengl/LRSMT/install/webots_ros2_driver/include/webots_ros2_driver/plugins/Ros2SensorPlugin.hpp
[9.726s] -- Installing: /home/shipengl/LRSMT/install/webots_ros2_driver/include/webots_ros2_driver/plugins/dynamic
[9.727s] -- Installing: /home/shipengl/LRSMT/install/webots_ros2_driver/include/webots_ros2_driver/plugins/dynamic/Ros2IMU.hpp
[9.727s] -- Installing: /home/shipengl/LRSMT/install/webots_ros2_driver/include/webots_ros2_driver/WebotsNode.hpp
[9.727s] -- Installing: /home/shipengl/LRSMT/install/webots_ros2_driver/include/webots_ros2_driver/utils
[9.727s] -- Installing: /home/shipengl/LRSMT/install/webots_ros2_driver/include/webots_ros2_driver/utils/Math.hpp
[9.727s] -- Installing: /home/shipengl/LRSMT/install/webots_ros2_driver/include/webots_ros2_driver/utils/Utils.hpp
[9.727s] -- Installing: /home/shipengl/LRSMT/install/webots_ros2_driver/include/webots_ros2_driver/PluginInterface.hpp
[9.727s] -- Installing: /home/shipengl/LRSMT/install/webots_ros2_driver/include/webots_ros2_driver/PythonPlugin.hpp
[9.727s] -- Installing: /home/shipengl/LRSMT/install/webots_ros2_driver/lib/webots_ros2_driver/driver
[9.731s] -- Set runtime path of "/home/shipengl/LRSMT/install/webots_ros2_driver/lib/webots_ros2_driver/driver" to ""
[9.731s] -- Installing: /home/shipengl/LRSMT/install/webots_ros2_driver/include/webots_ros2_driver/webots_ros2_driver
[9.731s] -- Installing: /home/shipengl/LRSMT/install/webots_ros2_driver/include/webots_ros2_driver/webots_ros2_driver/plugins
[9.731s] -- Installing: /home/shipengl/LRSMT/install/webots_ros2_driver/include/webots_ros2_driver/webots_ros2_driver/plugins/static
[9.731s] -- Installing: /home/shipengl/LRSMT/install/webots_ros2_driver/include/webots_ros2_driver/webots_ros2_driver/plugins/static/Ros2LED.hpp
[9.731s] -- Installing: /home/shipengl/LRSMT/install/webots_ros2_driver/include/webots_ros2_driver/webots_ros2_driver/plugins/static/Ros2Lidar.hpp
[9.731s] -- Installing: /home/shipengl/LRSMT/install/webots_ros2_driver/include/webots_ros2_driver/webots_ros2_driver/plugins/static/Ros2LightSensor.hpp
[9.731s] -- Installing: /home/shipengl/LRSMT/install/webots_ros2_driver/include/webots_ros2_driver/webots_ros2_driver/plugins/static/Ros2Camera.hpp
[9.732s] -- Installing: /home/shipengl/LRSMT/install/webots_ros2_driver/include/webots_ros2_driver/webots_ros2_driver/plugins/static/Ros2DistanceSensor.hpp
[9.732s] -- Installing: /home/shipengl/LRSMT/install/webots_ros2_driver/include/webots_ros2_driver/webots_ros2_driver/plugins/static/Ros2RangeFinder.hpp
[9.732s] -- Installing: /home/shipengl/LRSMT/install/webots_ros2_driver/include/webots_ros2_driver/webots_ros2_driver/plugins/static/Ros2GPS.hpp
[9.732s] -- Installing: /home/shipengl/LRSMT/install/webots_ros2_driver/include/webots_ros2_driver/webots_ros2_driver/plugins/Ros2SensorPlugin.hpp
[9.732s] -- Installing: /home/shipengl/LRSMT/install/webots_ros2_driver/include/webots_ros2_driver/webots_ros2_driver/plugins/dynamic
[9.732s] -- Installing: /home/shipengl/LRSMT/install/webots_ros2_driver/include/webots_ros2_driver/webots_ros2_driver/plugins/dynamic/Ros2IMU.hpp
[9.732s] -- Installing: /home/shipengl/LRSMT/install/webots_ros2_driver/include/webots_ros2_driver/webots_ros2_driver/WebotsNode.hpp
[9.732s] -- Installing: /home/shipengl/LRSMT/install/webots_ros2_driver/include/webots_ros2_driver/webots_ros2_driver/utils
[9.732s] -- Installing: /home/shipengl/LRSMT/install/webots_ros2_driver/include/webots_ros2_driver/webots_ros2_driver/utils/Math.hpp
[9.732s] -- Installing: /home/shipengl/LRSMT/install/webots_ros2_driver/include/webots_ros2_driver/webots_ros2_driver/utils/Utils.hpp
[9.732s] -- Installing: /home/shipengl/LRSMT/install/webots_ros2_driver/include/webots_ros2_driver/webots_ros2_driver/PluginInterface.hpp
[9.732s] -- Installing: /home/shipengl/LRSMT/install/webots_ros2_driver/include/webots_ros2_driver/webots_ros2_driver/PythonPlugin.hpp
[9.733s] -- Installing: /home/shipengl/LRSMT/install/webots_ros2_driver/include/webots/c
[9.733s] -- Installing: /home/shipengl/LRSMT/install/webots_ros2_driver/include/webots/c/webots
[9.733s] -- Installing: /home/shipengl/LRSMT/install/webots_ros2_driver/include/webots/c/webots/led.h
[9.733s] -- Installing: /home/shipengl/LRSMT/install/webots_ros2_driver/include/webots/c/webots/device.h
[9.733s] -- Installing: /home/shipengl/LRSMT/install/webots_ros2_driver/include/webots/c/webots/emitter.h
[9.733s] -- Installing: /home/shipengl/LRSMT/install/webots_ros2_driver/include/webots/c/webots/robot.h
[9.733s] -- Installing: /home/shipengl/LRSMT/install/webots_ros2_driver/include/webots/c/webots/supervisor.h
[9.733s] -- Installing: /home/shipengl/LRSMT/install/webots_ros2_driver/include/webots/c/webots/skin.h
[9.733s] -- Installing: /home/shipengl/LRSMT/install/webots_ros2_driver/include/webots/c/webots/lidar_point.h
[9.733s] -- Installing: /home/shipengl/LRSMT/install/webots_ros2_driver/include/webots/c/webots/inertial_unit.h
[9.733s] -- Installing: /home/shipengl/LRSMT/install/webots_ros2_driver/include/webots/c/webots/joystick.h
[9.733s] -- Installing: /home/shipengl/LRSMT/install/webots_ros2_driver/include/webots/c/webots/camera_recognition_object.h
[9.734s] -- Installing: /home/shipengl/LRSMT/install/webots_ros2_driver/include/webots/c/webots/pen.h
[9.734s] -- Installing: /home/shipengl/LRSMT/install/webots_ros2_driver/include/webots/c/webots/range_finder.h
[9.734s] -- Installing: /home/shipengl/LRSMT/install/webots_ros2_driver/include/webots/c/webots/mouse_state.h
[9.734s] -- Installing: /home/shipengl/LRSMT/install/webots_ros2_driver/include/webots/c/webots/radio.h
[9.734s] -- Installing: /home/shipengl/LRSMT/install/webots_ros2_driver/include/webots/c/webots/position_sensor.h
[9.734s] -- Installing: /home/shipengl/LRSMT/install/webots_ros2_driver/include/webots/c/webots/contact_point.h
[9.734s] -- Installing: /home/shipengl/LRSMT/install/webots_ros2_driver/include/webots/c/webots/plugins
[9.734s] -- Installing: /home/shipengl/LRSMT/install/webots_ros2_driver/include/webots/c/webots/plugins/robot_window
[9.734s] -- Installing: /home/shipengl/LRSMT/install/webots_ros2_driver/include/webots/c/webots/plugins/robot_window/default.h
[9.734s] -- Installing: /home/shipengl/LRSMT/install/webots_ros2_driver/include/webots/c/webots/plugins/robot_window/generic_robot_window
[9.734s] -- Installing: /home/shipengl/LRSMT/install/webots_ros2_driver/include/webots/c/webots/plugins/robot_window/generic_robot_window/generic.h
[9.735s] -- Installing: /home/shipengl/LRSMT/install/webots_ros2_driver/include/webots/c/webots/plugins/robot_window/robot_window.h
[9.735s] -- Installing: /home/shipengl/LRSMT/install/webots_ros2_driver/include/webots/c/webots/plugins/robot_window/robot_wwi.h
[9.735s] -- Installing: /home/shipengl/LRSMT/install/webots_ros2_driver/include/webots/c/webots/connector.h
[9.735s] -- Installing: /home/shipengl/LRSMT/install/webots_ros2_driver/include/webots/c/webots/motor.h
[9.735s] -- Installing: /home/shipengl/LRSMT/install/webots_ros2_driver/include/webots/c/webots/remote_control.h
[9.735s] -- Installing: /home/shipengl/LRSMT/install/webots_ros2_driver/include/webots/c/webots/camera.h
[9.735s] -- Installing: /home/shipengl/LRSMT/install/webots_ros2_driver/include/webots/c/webots/radar.h
[9.735s] -- Installing: /home/shipengl/LRSMT/install/webots_ros2_driver/include/webots/c/webots/lidar.h
[9.735s] -- Installing: /home/shipengl/LRSMT/install/webots_ros2_driver/include/webots/c/webots/mouse.h
[9.735s] -- Installing: /home/shipengl/LRSMT/install/webots_ros2_driver/include/webots/c/webots/vehicle
[9.735s] -- Installing: /home/shipengl/LRSMT/install/webots_ros2_driver/include/webots/c/webots/vehicle/car.h
[9.736s] -- Installing: /home/shipengl/LRSMT/install/webots_ros2_driver/include/webots/c/webots/vehicle/driver.h
[9.736s] -- Installing: /home/shipengl/LRSMT/install/webots_ros2_driver/include/webots/c/webots/types.h
[9.736s] -- Installing: /home/shipengl/LRSMT/install/webots_ros2_driver/include/webots/c/webots/radar_target.h
[9.736s] -- Installing: /home/shipengl/LRSMT/install/webots_ros2_driver/include/webots/c/webots/altimeter.h
[9.736s] -- Installing: /home/shipengl/LRSMT/install/webots_ros2_driver/include/webots/c/webots/receiver.h
[9.736s] -- Installing: /home/shipengl/LRSMT/install/webots_ros2_driver/include/webots/c/webots/keyboard.h
[9.736s] -- Installing: /home/shipengl/LRSMT/install/webots_ros2_driver/include/webots/c/webots/compass.h
[9.736s] -- Installing: /home/shipengl/LRSMT/install/webots_ros2_driver/include/webots/c/webots/utils
[9.736s] -- Installing: /home/shipengl/LRSMT/install/webots_ros2_driver/include/webots/c/webots/utils/motion.h
[9.736s] -- Installing: /home/shipengl/LRSMT/install/webots_ros2_driver/include/webots/c/webots/utils/ansi_codes.h
[9.736s] -- Installing: /home/shipengl/LRSMT/install/webots_ros2_driver/include/webots/c/webots/utils/system.h
[9.736s] -- Installing: /home/shipengl/LRSMT/install/webots_ros2_driver/include/webots/c/webots/utils/string.h
[9.737s] -- Installing: /home/shipengl/LRSMT/install/webots_ros2_driver/include/webots/c/webots/distance_sensor.h
[9.737s] -- Installing: /home/shipengl/LRSMT/install/webots_ros2_driver/include/webots/c/webots/gps.h
[9.737s] -- Installing: /home/shipengl/LRSMT/install/webots_ros2_driver/include/webots/c/webots/console.h
[9.737s] -- Installing: /home/shipengl/LRSMT/install/webots_ros2_driver/include/webots/c/webots/accelerometer.h
[9.737s] -- Installing: /home/shipengl/LRSMT/install/webots_ros2_driver/include/webots/c/webots/light_sensor.h
[9.737s] -- Installing: /home/shipengl/LRSMT/install/webots_ros2_driver/include/webots/c/webots/nodes.h
[9.737s] -- Installing: /home/shipengl/LRSMT/install/webots_ros2_driver/include/webots/c/webots/touch_sensor.h
[9.737s] -- Installing: /home/shipengl/LRSMT/install/webots_ros2_driver/include/webots/c/webots/display.h
[9.737s] -- Installing: /home/shipengl/LRSMT/install/webots_ros2_driver/include/webots/c/webots/brake.h
[9.737s] -- Installing: /home/shipengl/LRSMT/install/webots_ros2_driver/include/webots/c/webots/microphone.h
[9.737s] -- Installing: /home/shipengl/LRSMT/install/webots_ros2_driver/include/webots/c/webots/gyro.h
[9.737s] -- Installing: /home/shipengl/LRSMT/install/webots_ros2_driver/include/webots/c/webots/speaker.h
[9.738s] -- Installing: /home/shipengl/LRSMT/install/webots_ros2_driver/include/webots/cpp
[9.738s] -- Installing: /home/shipengl/LRSMT/install/webots_ros2_driver/include/webots/cpp/webots
[9.738s] -- Installing: /home/shipengl/LRSMT/install/webots_ros2_driver/include/webots/cpp/webots/Gyro.hpp
[9.738s] -- Installing: /home/shipengl/LRSMT/install/webots_ros2_driver/include/webots/cpp/webots/Skin.hpp
[9.738s] -- Installing: /home/shipengl/LRSMT/install/webots_ros2_driver/include/webots/cpp/webots/Supervisor.hpp
[9.738s] -- Installing: /home/shipengl/LRSMT/install/webots_ros2_driver/include/webots/cpp/webots/Node.hpp
[9.738s] -- Installing: /home/shipengl/LRSMT/install/webots_ros2_driver/include/webots/cpp/webots/Connector.hpp
[9.738s] -- Installing: /home/shipengl/LRSMT/install/webots_ros2_driver/include/webots/cpp/webots/Brake.hpp
[9.738s] -- Installing: /home/shipengl/LRSMT/install/webots_ros2_driver/include/webots/cpp/webots/Speaker.hpp
[9.738s] -- Installing: /home/shipengl/LRSMT/install/webots_ros2_driver/include/webots/cpp/webots/LED.hpp
[9.738s] -- Installing: /home/shipengl/LRSMT/install/webots_ros2_driver/include/webots/cpp/webots/Emitter.hpp
[9.738s] -- Installing: /home/shipengl/LRSMT/install/webots_ros2_driver/include/webots/cpp/webots/PositionSensor.hpp
[9.738s] -- Installing: /home/shipengl/LRSMT/install/webots_ros2_driver/include/webots/cpp/webots/ImageRef.hpp
[9.738s] -- Installing: /home/shipengl/LRSMT/install/webots_ros2_driver/include/webots/cpp/webots/Accelerometer.hpp
[9.738s] -- Installing: /home/shipengl/LRSMT/install/webots_ros2_driver/include/webots/cpp/webots/Keyboard.hpp
[9.738s] -- Installing: /home/shipengl/LRSMT/install/webots_ros2_driver/include/webots/cpp/webots/Radar.hpp
[9.739s] -- Installing: /home/shipengl/LRSMT/install/webots_ros2_driver/include/webots/cpp/webots/Device.hpp
[9.739s] -- Installing: /home/shipengl/LRSMT/install/webots_ros2_driver/include/webots/cpp/webots/Display.hpp
[9.739s] -- Installing: /home/shipengl/LRSMT/install/webots_ros2_driver/include/webots/cpp/webots/Joystick.hpp
[9.739s] -- Installing: /home/shipengl/LRSMT/install/webots_ros2_driver/include/webots/cpp/webots/vehicle
[9.739s] -- Installing: /home/shipengl/LRSMT/install/webots_ros2_driver/include/webots/cpp/webots/vehicle/Car.hpp
[9.739s] -- Installing: /home/shipengl/LRSMT/install/webots_ros2_driver/include/webots/cpp/webots/vehicle/Driver.hpp
[9.739s] -- Installing: /home/shipengl/LRSMT/install/webots_ros2_driver/include/webots/cpp/webots/Field.hpp
[9.739s] -- Installing: /home/shipengl/LRSMT/install/webots_ros2_driver/include/webots/cpp/webots/Camera.hpp
[9.739s] -- Installing: /home/shipengl/LRSMT/install/webots_ros2_driver/include/webots/cpp/webots/RangeFinder.hpp
[9.739s] -- Installing: /home/shipengl/LRSMT/install/webots_ros2_driver/include/webots/cpp/webots/TouchSensor.hpp
[9.739s] -- Installing: /home/shipengl/LRSMT/install/webots_ros2_driver/include/webots/cpp/webots/Robot.hpp
[9.739s] -- Installing: /home/shipengl/LRSMT/install/webots_ros2_driver/include/webots/cpp/webots/Receiver.hpp
[9.739s] -- Installing: /home/shipengl/LRSMT/install/webots_ros2_driver/include/webots/cpp/webots/utils
[9.739s] -- Installing: /home/shipengl/LRSMT/install/webots_ros2_driver/include/webots/cpp/webots/utils/Motion.hpp
[9.740s] -- Installing: /home/shipengl/LRSMT/install/webots_ros2_driver/include/webots/cpp/webots/utils/AnsiCodes.hpp
[9.740s] -- Installing: /home/shipengl/LRSMT/install/webots_ros2_driver/include/webots/cpp/webots/DistanceSensor.hpp
[9.740s] -- Installing: /home/shipengl/LRSMT/install/webots_ros2_driver/include/webots/cpp/webots/Mouse.hpp
[9.740s] -- Installing: /home/shipengl/LRSMT/install/webots_ros2_driver/include/webots/cpp/webots/Motor.hpp
[9.740s] -- Installing: /home/shipengl/LRSMT/install/webots_ros2_driver/include/webots/cpp/webots/GPS.hpp
[9.740s] -- Installing: /home/shipengl/LRSMT/install/webots_ros2_driver/include/webots/cpp/webots/Pen.hpp
[9.740s] -- Installing: /home/shipengl/LRSMT/install/webots_ros2_driver/include/webots/cpp/webots/LightSensor.hpp
[9.740s] -- Installing: /home/shipengl/LRSMT/install/webots_ros2_driver/include/webots/cpp/webots/Compass.hpp
[9.740s] -- Installing: /home/shipengl/LRSMT/install/webots_ros2_driver/include/webots/cpp/webots/Lidar.hpp
[9.740s] -- Installing: /home/shipengl/LRSMT/install/webots_ros2_driver/include/webots/cpp/webots/Altimeter.hpp
[9.740s] -- Installing: /home/shipengl/LRSMT/install/webots_ros2_driver/include/webots/cpp/webots/InertialUnit.hpp
[9.740s] -- Installing: /home/shipengl/LRSMT/install/webots_ros2_driver/lib/libwebots_ros2_driver_imu.so
[9.740s] -- Set runtime path of "/home/shipengl/LRSMT/install/webots_ros2_driver/lib/libwebots_ros2_driver_imu.so" to ""
[9.741s] -- Up-to-date: /home/shipengl/LRSMT/install/webots_ros2_driver/lib
[9.741s] -- Installing: /home/shipengl/LRSMT/install/webots_ros2_driver/lib/libdriver.so
[9.741s] -- Installing: /home/shipengl/LRSMT/install/webots_ros2_driver/lib/libController.so
[9.741s] -- Installing: /home/shipengl/LRSMT/install/webots_ros2_driver/lib/libCppDriver.so
[9.741s] -- Installing: /home/shipengl/LRSMT/install/webots_ros2_driver/lib/libcar.so
[9.741s] -- Installing: /home/shipengl/LRSMT/install/webots_ros2_driver/lib/libCppCar.so
[9.741s] -- Installing: /home/shipengl/LRSMT/install/webots_ros2_driver/lib/libCppController.so
[9.741s] -- Installing: /home/shipengl/LRSMT/install/webots_ros2_driver/share/webots_ros2_driver/webots_ros2_imu.xml
[9.741s] -- Installing: /home/shipengl/LRSMT/install/webots_ros2_driver/share/webots_ros2_driver/environment/library_path.sh
[9.741s] -- Installing: /home/shipengl/LRSMT/install/webots_ros2_driver/share/webots_ros2_driver/environment/library_path.dsv
[9.741s] -- Installing: /home/shipengl/LRSMT/install/webots_ros2_driver/share/ament_index/resource_index/package_run_dependencies/webots_ros2_driver
[9.741s] -- Installing: /home/shipengl/LRSMT/install/webots_ros2_driver/share/ament_index/resource_index/parent_prefix_path/webots_ros2_driver
[9.741s] -- Installing: /home/shipengl/LRSMT/install/webots_ros2_driver/share/webots_ros2_driver/environment/ament_prefix_path.sh
[9.741s] -- Installing: /home/shipengl/LRSMT/install/webots_ros2_driver/share/webots_ros2_driver/environment/ament_prefix_path.dsv
[9.742s] -- Installing: /home/shipengl/LRSMT/install/webots_ros2_driver/share/webots_ros2_driver/environment/path.sh
[9.742s] -- Installing: /home/shipengl/LRSMT/install/webots_ros2_driver/share/webots_ros2_driver/environment/path.dsv
[9.742s] -- Installing: /home/shipengl/LRSMT/install/webots_ros2_driver/share/webots_ros2_driver/local_setup.bash
[9.742s] -- Installing: /home/shipengl/LRSMT/install/webots_ros2_driver/share/webots_ros2_driver/local_setup.sh
[9.742s] -- Installing: /home/shipengl/LRSMT/install/webots_ros2_driver/share/webots_ros2_driver/local_setup.zsh
[9.742s] -- Installing: /home/shipengl/LRSMT/install/webots_ros2_driver/share/webots_ros2_driver/local_setup.dsv
[9.742s] -- Installing: /home/shipengl/LRSMT/install/webots_ros2_driver/share/webots_ros2_driver/package.dsv
[9.742s] -- Installing: /home/shipengl/LRSMT/install/webots_ros2_driver/share/ament_index/resource_index/packages/webots_ros2_driver
[9.742s] -- Installing: /home/shipengl/LRSMT/install/webots_ros2_driver/share/ament_index/resource_index/webots_ros2_driver__pluginlib__plugin/webots_ros2_driver
[9.742s] -- Installing: /home/shipengl/LRSMT/install/webots_ros2_driver/share/webots_ros2_driver/cmake/ament_cmake_export_include_directories-extras.cmake
[9.742s] -- Installing: /home/shipengl/LRSMT/install/webots_ros2_driver/share/webots_ros2_driver/cmake/ament_cmake_export_dependencies-extras.cmake
[9.742s] -- Installing: /home/shipengl/LRSMT/install/webots_ros2_driver/share/webots_ros2_driver/cmake/ament_cmake_export_libraries-extras.cmake
[9.742s] -- Installing: /home/shipengl/LRSMT/install/webots_ros2_driver/share/webots_ros2_driver/cmake/webots_ros2_driverConfig.cmake
[9.743s] -- Installing: /home/shipengl/LRSMT/install/webots_ros2_driver/share/webots_ros2_driver/cmake/webots_ros2_driverConfig-version.cmake
[9.743s] -- Installing: /home/shipengl/LRSMT/install/webots_ros2_driver/share/webots_ros2_driver/package.xml
[9.745s] Invoked command in '/home/shipengl/LRSMT/build/webots_ros2_driver' returned '0': AMENT_PREFIX_PATH=/home/shipengl/LRSMT/install/webots_ros2_msgs:${AMENT_PREFIX_PATH} CMAKE_PREFIX_PATH=/home/shipengl/LRSMT/install/webots_ros2_msgs:/home/shipengl/LRSMT/agiletaur/install/webots_simulation_assets:/home/shipengl/LRSMT/agiletaur/install/webots_ros2_control:/home/shipengl/LRSMT/agiletaur/install/webots_ros2_driver:/home/shipengl/LRSMT/agiletaur/install/webots_ros2_msgs:/home/shipengl/LRSMT/agiletaur/install/webots_description:/home/shipengl/LRSMT/agiletaur/install/webots_bringup:/home/shipengl/LRSMT/agiletaur/install/odrive_ros2_control:/home/shipengl/LRSMT/agiletaur/install/odrive_hardware_interface:/home/shipengl/LRSMT/agiletaur/install/odrive_bringup:/home/shipengl/LRSMT/agiletaur/install/odrive_description:/home/shipengl/LRSMT/agiletaur/install/agiletaur_launcher:/home/shipengl/LRSMT/agiletaur/install/cpp_pubsub:/home/shipengl/LRSMT/agiletaur/install/agiletaur_controller:/opt/ros/foxy LD_LIBRARY_PATH=/home/shipengl/LRSMT/install/webots_ros2_msgs/lib:${LD_LIBRARY_PATH} PYTHONPATH=/home/shipengl/LRSMT/install/webots_ros2_msgs/lib/python3.8/site-packages:${PYTHONPATH} /usr/bin/cmake --install /home/shipengl/LRSMT/build/webots_ros2_driver
