[0.044s] Invoking command in '/home/shipengl/LRSMT/agiletaur/src/build/webots_description': CMAKE_PREFIX_PATH=/opt/ros/foxy /usr/bin/cmake /home/shipengl/LRSMT/agiletaur/src/webots_ros2_control/webots_description -DCMAKE_INSTALL_PREFIX=/home/shipengl/LRSMT/agiletaur/src/install/webots_description
[0.108s] -- The C compiler identification is GNU 9.3.0
[0.182s] -- The CXX compiler identification is GNU 9.3.0
[0.188s] -- Check for working C compiler: /usr/bin/cc
[0.275s] -- Check for working C compiler: /usr/bin/cc -- works
[0.276s] -- Detecting C compiler ABI info
[0.359s] -- Detecting C compiler ABI info - done
[0.376s] -- Detecting C compile features
[0.376s] -- Detecting C compile features - done
[0.380s] -- Check for working CXX compiler: /usr/bin/c++
[0.475s] -- Check for working CXX compiler: /usr/bin/c++ -- works
[0.477s] -- Detecting CXX compiler ABI info
[0.592s] -- Detecting CXX compiler ABI info - done
[0.619s] -- Detecting CXX compile features
[0.619s] -- Detecting CXX compile features - done
[0.620s] -- Found ament_cmake_auto: 0.9.9 (/opt/ros/foxy/share/ament_cmake_auto/cmake)
[0.660s] -- Found PythonInterp: /usr/bin/python3 (found suitable version "3.8.10", minimum required is "3") 
[0.660s] -- Using PYTHON_EXECUTABLE: /usr/bin/python3
[1.209s] -- Configuring done
[1.210s] -- Generating done
[1.210s] -- Build files have been written to: /home/shipengl/LRSMT/agiletaur/src/build/webots_description
[1.232s] Invoked command in '/home/shipengl/LRSMT/agiletaur/src/build/webots_description' returned '0': CMAKE_PREFIX_PATH=/opt/ros/foxy /usr/bin/cmake /home/shipengl/LRSMT/agiletaur/src/webots_ros2_control/webots_description -DCMAKE_INSTALL_PREFIX=/home/shipengl/LRSMT/agiletaur/src/install/webots_description
[1.234s] Invoking command in '/home/shipengl/LRSMT/agiletaur/src/build/webots_description': CMAKE_PREFIX_PATH=/opt/ros/foxy /usr/bin/cmake --build /home/shipengl/LRSMT/agiletaur/src/build/webots_description -- -j16 -l16
[1.292s] Invoked command in '/home/shipengl/LRSMT/agiletaur/src/build/webots_description' returned '0': CMAKE_PREFIX_PATH=/opt/ros/foxy /usr/bin/cmake --build /home/shipengl/LRSMT/agiletaur/src/build/webots_description -- -j16 -l16
[1.319s] Invoking command in '/home/shipengl/LRSMT/agiletaur/src/build/webots_description': CMAKE_PREFIX_PATH=/opt/ros/foxy /usr/bin/cmake --install /home/shipengl/LRSMT/agiletaur/src/build/webots_description
[1.329s] -- Install configuration: ""
[1.329s] -- Installing: /home/shipengl/LRSMT/agiletaur/src/install/webots_description/share/webots_description/urdf
[1.329s] -- Installing: /home/shipengl/LRSMT/agiletaur/src/install/webots_description/share/webots_description/urdf/dof12.urdf
[1.329s] -- Installing: /home/shipengl/LRSMT/agiletaur/src/install/webots_description/share/webots_description/urdf/singleleg.urdf
[1.330s] -- Installing: /home/shipengl/LRSMT/agiletaur/src/install/webots_description/share/webots_description/urdf/agiletaur.urdf
[1.330s] -- Installing: /home/shipengl/LRSMT/agiletaur/src/install/webots_description/share/ament_index/resource_index/package_run_dependencies/webots_description
[1.330s] -- Installing: /home/shipengl/LRSMT/agiletaur/src/install/webots_description/share/ament_index/resource_index/parent_prefix_path/webots_description
[1.331s] -- Installing: /home/shipengl/LRSMT/agiletaur/src/install/webots_description/share/webots_description/environment/ament_prefix_path.sh
[1.331s] -- Installing: /home/shipengl/LRSMT/agiletaur/src/install/webots_description/share/webots_description/environment/ament_prefix_path.dsv
[1.331s] -- Installing: /home/shipengl/LRSMT/agiletaur/src/install/webots_description/share/webots_description/environment/path.sh
[1.331s] -- Installing: /home/shipengl/LRSMT/agiletaur/src/install/webots_description/share/webots_description/environment/path.dsv
[1.331s] -- Installing: /home/shipengl/LRSMT/agiletaur/src/install/webots_description/share/webots_description/local_setup.bash
[1.331s] -- Installing: /home/shipengl/LRSMT/agiletaur/src/install/webots_description/share/webots_description/local_setup.sh
[1.332s] -- Installing: /home/shipengl/LRSMT/agiletaur/src/install/webots_description/share/webots_description/local_setup.zsh
[1.332s] -- Installing: /home/shipengl/LRSMT/agiletaur/src/install/webots_description/share/webots_description/local_setup.dsv
[1.332s] -- Installing: /home/shipengl/LRSMT/agiletaur/src/install/webots_description/share/webots_description/package.dsv
[1.332s] -- Installing: /home/shipengl/LRSMT/agiletaur/src/install/webots_description/share/ament_index/resource_index/packages/webots_description
[1.332s] -- Installing: /home/shipengl/LRSMT/agiletaur/src/install/webots_description/share/webots_description/cmake/webots_descriptionConfig.cmake
[1.332s] -- Installing: /home/shipengl/LRSMT/agiletaur/src/install/webots_description/share/webots_description/cmake/webots_descriptionConfig-version.cmake
[1.332s] -- Installing: /home/shipengl/LRSMT/agiletaur/src/install/webots_description/share/webots_description/package.xml
[1.336s] Invoked command in '/home/shipengl/LRSMT/agiletaur/src/build/webots_description' returned '0': CMAKE_PREFIX_PATH=/opt/ros/foxy /usr/bin/cmake --install /home/shipengl/LRSMT/agiletaur/src/build/webots_description
