running egg_info
writing ../../../build/webots_ros2_core/webots_ros2_core.egg-info/PKG-INFO
writing dependency_links to ../../../build/webots_ros2_core/webots_ros2_core.egg-info/dependency_links.txt
writing entry points to ../../../build/webots_ros2_core/webots_ros2_core.egg-info/entry_points.txt
writing requirements to ../../../build/webots_ros2_core/webots_ros2_core.egg-info/requires.txt
writing top-level names to ../../../build/webots_ros2_core/webots_ros2_core.egg-info/top_level.txt
reading manifest file '../../../build/webots_ros2_core/webots_ros2_core.egg-info/SOURCES.txt'
writing manifest file '../../../build/webots_ros2_core/webots_ros2_core.egg-info/SOURCES.txt'
running build
running build_py
running install
running install_lib
running install_data
running install_egg_info
removing '/home/shipengl/LRSMT/agiletaur/install/webots_ros2_core/lib/python3.8/site-packages/webots_ros2_core-1.1.3-py3.8.egg-info' (and everything under it)
Copying ../../../build/webots_ros2_core/webots_ros2_core.egg-info to /home/shipengl/LRSMT/agiletaur/install/webots_ros2_core/lib/python3.8/site-packages/webots_ros2_core-1.1.3-py3.8.egg-info
running install_scripts
Installing webots_differential_drive_node script to /home/shipengl/LRSMT/agiletaur/install/webots_ros2_core/lib/webots_ros2_core
Installing webots_node script to /home/shipengl/LRSMT/agiletaur/install/webots_ros2_core/lib/webots_ros2_core
Installing webots_robotic_arm_node script to /home/shipengl/LRSMT/agiletaur/install/webots_ros2_core/lib/webots_ros2_core
writing list of installed files to '/home/shipengl/LRSMT/agiletaur/build/webots_ros2_core/install.log'
