[0.195s] Invoking command in '/home/shipengl/LRSMT/agiletaur/src/webots_interface/webots_ros2_core': CMAKE_PREFIX_PATH=/home/shipengl/LRSMT/agiletaur/install/webots_ros2_msgs:/home/shipengl/LRSMT/agiletaur/install/firstcontroller:/home/shipengl/LRSMT/agiletaur/install/Firstcontroller:/home/shipengl/LRSMT/agiletaur/install/webots_ros2_control:/home/shipengl/LRSMT/agiletaur/install/webots_ros2_driver LD_LIBRARY_PATH=/home/shipengl/LRSMT/agiletaur/install/webots_ros2_msgs/lib:/home/shipengl/LRSMT/agiletaur/install/webots_ros2_control/lib:/home/shipengl/LRSMT/agiletaur/install/webots_ros2_driver/lib:/opt/ros/foxy/opt/yaml_cpp_vendor/lib:/opt/ros/foxy/opt/rviz_ogre_vendor/lib:/opt/ros/foxy/lib/x86_64-linux-gnu:/opt/ros/foxy/lib PYTHONPATH=/home/shipengl/LRSMT/agiletaur/install/webots_ros2_core/lib/python3.8/site-packages:/home/shipengl/LRSMT/agiletaur/install/webots_ros2_msgs/lib/python3.8/site-packages:/home/shipengl/LRSMT/agiletaur/install/webots_ros2/lib/python3.8/site-packages:/home/shipengl/LRSMT/agiletaur/install/webots_ros2_universal_robot/lib/python3.8/site-packages:/home/shipengl/LRSMT/agiletaur/install/webots_ros2_turtlebot/lib/python3.8/site-packages:/home/shipengl/LRSMT/agiletaur/install/webots_ros2_tiago/lib/python3.8/site-packages:/home/shipengl/LRSMT/agiletaur/install/webots_ros2_tests/lib/python3.8/site-packages:/home/shipengl/LRSMT/agiletaur/install/webots_ros2_tesla/lib/python3.8/site-packages:/home/shipengl/LRSMT/agiletaur/install/webots_ros2_mavic/lib/python3.8/site-packages:/home/shipengl/LRSMT/agiletaur/install/webots_ros2_epuck/lib/python3.8/site-packages:/home/shipengl/LRSMT/agiletaur/install/webots_ros2_driver/lib/python3.8/site-packages:/home/shipengl/LRSMT/agiletaur/install/webots_ros2_core/lib/python3.8/site-packages:/home/shipengl/LRSMT/agiletaur/install/webots_ros2_importer/lib/python3.8/site-packages:/opt/ros/foxy/lib/python3.8/site-packages /usr/bin/python3 setup.py egg_info --egg-base ../../../build/webots_ros2_core build --build-base /home/shipengl/LRSMT/agiletaur/build/webots_ros2_core/build install --prefix /home/shipengl/LRSMT/agiletaur/install/webots_ros2_core --record /home/shipengl/LRSMT/agiletaur/build/webots_ros2_core/install.log --single-version-externally-managed
[0.377s] running egg_info
[0.377s] writing ../../../build/webots_ros2_core/webots_ros2_core.egg-info/PKG-INFO
[0.377s] writing dependency_links to ../../../build/webots_ros2_core/webots_ros2_core.egg-info/dependency_links.txt
[0.377s] writing entry points to ../../../build/webots_ros2_core/webots_ros2_core.egg-info/entry_points.txt
[0.377s] writing requirements to ../../../build/webots_ros2_core/webots_ros2_core.egg-info/requires.txt
[0.377s] writing top-level names to ../../../build/webots_ros2_core/webots_ros2_core.egg-info/top_level.txt
[0.396s] reading manifest file '../../../build/webots_ros2_core/webots_ros2_core.egg-info/SOURCES.txt'
[0.397s] writing manifest file '../../../build/webots_ros2_core/webots_ros2_core.egg-info/SOURCES.txt'
[0.397s] running build
[0.397s] running build_py
[0.398s] running install
[0.399s] running install_lib
[0.401s] running install_data
[0.401s] running install_egg_info
[0.402s] removing '/home/shipengl/LRSMT/agiletaur/install/webots_ros2_core/lib/python3.8/site-packages/webots_ros2_core-1.1.3-py3.8.egg-info' (and everything under it)
[0.402s] Copying ../../../build/webots_ros2_core/webots_ros2_core.egg-info to /home/shipengl/LRSMT/agiletaur/install/webots_ros2_core/lib/python3.8/site-packages/webots_ros2_core-1.1.3-py3.8.egg-info
[0.405s] running install_scripts
[0.418s] Installing webots_differential_drive_node script to /home/shipengl/LRSMT/agiletaur/install/webots_ros2_core/lib/webots_ros2_core
[0.418s] Installing webots_node script to /home/shipengl/LRSMT/agiletaur/install/webots_ros2_core/lib/webots_ros2_core
[0.418s] Installing webots_robotic_arm_node script to /home/shipengl/LRSMT/agiletaur/install/webots_ros2_core/lib/webots_ros2_core
[0.418s] writing list of installed files to '/home/shipengl/LRSMT/agiletaur/build/webots_ros2_core/install.log'
[0.436s] Invoked command in '/home/shipengl/LRSMT/agiletaur/src/webots_interface/webots_ros2_core' returned '0': CMAKE_PREFIX_PATH=/home/shipengl/LRSMT/agiletaur/install/webots_ros2_msgs:/home/shipengl/LRSMT/agiletaur/install/firstcontroller:/home/shipengl/LRSMT/agiletaur/install/Firstcontroller:/home/shipengl/LRSMT/agiletaur/install/webots_ros2_control:/home/shipengl/LRSMT/agiletaur/install/webots_ros2_driver LD_LIBRARY_PATH=/home/shipengl/LRSMT/agiletaur/install/webots_ros2_msgs/lib:/home/shipengl/LRSMT/agiletaur/install/webots_ros2_control/lib:/home/shipengl/LRSMT/agiletaur/install/webots_ros2_driver/lib:/opt/ros/foxy/opt/yaml_cpp_vendor/lib:/opt/ros/foxy/opt/rviz_ogre_vendor/lib:/opt/ros/foxy/lib/x86_64-linux-gnu:/opt/ros/foxy/lib PYTHONPATH=/home/shipengl/LRSMT/agiletaur/install/webots_ros2_core/lib/python3.8/site-packages:/home/shipengl/LRSMT/agiletaur/install/webots_ros2_msgs/lib/python3.8/site-packages:/home/shipengl/LRSMT/agiletaur/install/webots_ros2/lib/python3.8/site-packages:/home/shipengl/LRSMT/agiletaur/install/webots_ros2_universal_robot/lib/python3.8/site-packages:/home/shipengl/LRSMT/agiletaur/install/webots_ros2_turtlebot/lib/python3.8/site-packages:/home/shipengl/LRSMT/agiletaur/install/webots_ros2_tiago/lib/python3.8/site-packages:/home/shipengl/LRSMT/agiletaur/install/webots_ros2_tests/lib/python3.8/site-packages:/home/shipengl/LRSMT/agiletaur/install/webots_ros2_tesla/lib/python3.8/site-packages:/home/shipengl/LRSMT/agiletaur/install/webots_ros2_mavic/lib/python3.8/site-packages:/home/shipengl/LRSMT/agiletaur/install/webots_ros2_epuck/lib/python3.8/site-packages:/home/shipengl/LRSMT/agiletaur/install/webots_ros2_driver/lib/python3.8/site-packages:/home/shipengl/LRSMT/agiletaur/install/webots_ros2_core/lib/python3.8/site-packages:/home/shipengl/LRSMT/agiletaur/install/webots_ros2_importer/lib/python3.8/site-packages:/opt/ros/foxy/lib/python3.8/site-packages /usr/bin/python3 setup.py egg_info --egg-base ../../../build/webots_ros2_core build --build-base /home/shipengl/LRSMT/agiletaur/build/webots_ros2_core/build install --prefix /home/shipengl/LRSMT/agiletaur/install/webots_ros2_core --record /home/shipengl/LRSMT/agiletaur/build/webots_ros2_core/install.log --single-version-externally-managed
