[0.053s] Invoking command in '/home/shipengl/LRSMT/build/webots_bringup': CMAKE_PREFIX_PATH=${CMAKE_PREFIX_PATH}:/opt/ros/foxy /usr/bin/cmake /home/shipengl/LRSMT/agiletaur/src/webots_ros2_control/webots_bringup -DCMAKE_INSTALL_PREFIX=/home/shipengl/LRSMT/install/webots_bringup
[0.133s] -- The C compiler identification is GNU 9.3.0
[0.229s] -- The CXX compiler identification is GNU 9.3.0
[0.236s] -- Check for working C compiler: /usr/bin/cc
[0.330s] -- Check for working C compiler: /usr/bin/cc -- works
[0.331s] -- Detecting C compiler ABI info
[0.422s] -- Detecting C compiler ABI info - done
[0.447s] -- Detecting C compile features
[0.447s] -- Detecting C compile features - done
[0.451s] -- Check for working CXX compiler: /usr/bin/c++
[0.567s] -- Check for working CXX compiler: /usr/bin/c++ -- works
[0.569s] -- Detecting CXX compiler ABI info
[0.951s] -- Detecting CXX compiler ABI info - done
[1.024s] -- Detecting CXX compile features
[1.024s] -- Detecting CXX compile features - done
[1.025s] -- Found ament_cmake_auto: 0.9.9 (/opt/ros/foxy/share/ament_cmake_auto/cmake)
[1.192s] -- Found PythonInterp: /usr/bin/python3 (found suitable version "3.8.10", minimum required is "3") 
[1.193s] -- Using PYTHON_EXECUTABLE: /usr/bin/python3
[1.957s] -- Configuring done
[1.961s] -- Generating done
[1.964s] -- Build files have been written to: /home/shipengl/LRSMT/build/webots_bringup
[1.980s] Invoked command in '/home/shipengl/LRSMT/build/webots_bringup' returned '0': CMAKE_PREFIX_PATH=${CMAKE_PREFIX_PATH}:/opt/ros/foxy /usr/bin/cmake /home/shipengl/LRSMT/agiletaur/src/webots_ros2_control/webots_bringup -DCMAKE_INSTALL_PREFIX=/home/shipengl/LRSMT/install/webots_bringup
[1.982s] Invoking command in '/home/shipengl/LRSMT/build/webots_bringup': CMAKE_PREFIX_PATH=${CMAKE_PREFIX_PATH}:/opt/ros/foxy /usr/bin/cmake --build /home/shipengl/LRSMT/build/webots_bringup -- -j16 -l16
[2.059s] Invoked command in '/home/shipengl/LRSMT/build/webots_bringup' returned '0': CMAKE_PREFIX_PATH=${CMAKE_PREFIX_PATH}:/opt/ros/foxy /usr/bin/cmake --build /home/shipengl/LRSMT/build/webots_bringup -- -j16 -l16
[2.162s] Invoking command in '/home/shipengl/LRSMT/build/webots_bringup': CMAKE_PREFIX_PATH=${CMAKE_PREFIX_PATH}:/opt/ros/foxy /usr/bin/cmake --install /home/shipengl/LRSMT/build/webots_bringup
[2.174s] -- Install configuration: ""
[2.175s] -- Installing: /home/shipengl/LRSMT/install/webots_bringup/share/webots_bringup/config
[2.175s] -- Installing: /home/shipengl/LRSMT/install/webots_bringup/share/webots_bringup/config/webot_controllers.yaml
[2.175s] -- Installing: /home/shipengl/LRSMT/install/webots_bringup/share/webots_bringup/launch
[2.177s] -- Installing: /home/shipengl/LRSMT/install/webots_bringup/share/webots_bringup/launch/webots.launch.py
[2.177s] -- Installing: /home/shipengl/LRSMT/install/webots_bringup/share/ament_index/resource_index/package_run_dependencies/webots_bringup
[2.177s] -- Installing: /home/shipengl/LRSMT/install/webots_bringup/share/ament_index/resource_index/parent_prefix_path/webots_bringup
[2.177s] -- Installing: /home/shipengl/LRSMT/install/webots_bringup/share/webots_bringup/environment/ament_prefix_path.sh
[2.178s] -- Installing: /home/shipengl/LRSMT/install/webots_bringup/share/webots_bringup/environment/ament_prefix_path.dsv
[2.178s] -- Installing: /home/shipengl/LRSMT/install/webots_bringup/share/webots_bringup/environment/path.sh
[2.179s] -- Installing: /home/shipengl/LRSMT/install/webots_bringup/share/webots_bringup/environment/path.dsv
[2.179s] -- Installing: /home/shipengl/LRSMT/install/webots_bringup/share/webots_bringup/local_setup.bash
[2.179s] -- Installing: /home/shipengl/LRSMT/install/webots_bringup/share/webots_bringup/local_setup.sh
[2.180s] -- Installing: /home/shipengl/LRSMT/install/webots_bringup/share/webots_bringup/local_setup.zsh
[2.181s] -- Installing: /home/shipengl/LRSMT/install/webots_bringup/share/webots_bringup/local_setup.dsv
[2.182s] -- Installing: /home/shipengl/LRSMT/install/webots_bringup/share/webots_bringup/package.dsv
[2.182s] -- Installing: /home/shipengl/LRSMT/install/webots_bringup/share/ament_index/resource_index/packages/webots_bringup
[2.183s] -- Installing: /home/shipengl/LRSMT/install/webots_bringup/share/webots_bringup/cmake/webots_bringupConfig.cmake
[2.183s] -- Installing: /home/shipengl/LRSMT/install/webots_bringup/share/webots_bringup/cmake/webots_bringupConfig-version.cmake
[2.183s] -- Installing: /home/shipengl/LRSMT/install/webots_bringup/share/webots_bringup/package.xml
[2.221s] Invoked command in '/home/shipengl/LRSMT/build/webots_bringup' returned '0': CMAKE_PREFIX_PATH=${CMAKE_PREFIX_PATH}:/opt/ros/foxy /usr/bin/cmake --install /home/shipengl/LRSMT/build/webots_bringup
