[0.220s] Invoking command in '/home/shipengl/LRSMT/agiletaur/src/webots_interface/webots_ros2_importer': PYTHONPATH=/home/shipengl/LRSMT/agiletaur/install/webots_ros2_importer/lib/python3.8/site-packages:${PYTHONPATH} /usr/bin/python3 setup.py egg_info --egg-base ../../../build/webots_ros2_importer build --build-base /home/shipengl/LRSMT/agiletaur/build/webots_ros2_importer/build install --prefix /home/shipengl/LRSMT/agiletaur/install/webots_ros2_importer --record /home/shipengl/LRSMT/agiletaur/build/webots_ros2_importer/install.log --single-version-externally-managed
[0.411s] running egg_info
[0.411s] writing ../../../build/webots_ros2_importer/webots_ros2_importer.egg-info/PKG-INFO
[0.411s] writing dependency_links to ../../../build/webots_ros2_importer/webots_ros2_importer.egg-info/dependency_links.txt
[0.411s] writing entry points to ../../../build/webots_ros2_importer/webots_ros2_importer.egg-info/entry_points.txt
[0.412s] writing requirements to ../../../build/webots_ros2_importer/webots_ros2_importer.egg-info/requires.txt
[0.412s] writing top-level names to ../../../build/webots_ros2_importer/webots_ros2_importer.egg-info/top_level.txt
[0.438s] reading manifest file '../../../build/webots_ros2_importer/webots_ros2_importer.egg-info/SOURCES.txt'
[0.439s] writing manifest file '../../../build/webots_ros2_importer/webots_ros2_importer.egg-info/SOURCES.txt'
[0.439s] running build
[0.439s] running build_py
[0.440s] running install
[0.440s] running install_lib
[0.442s] running install_data
[0.442s] running install_egg_info
[0.443s] removing '/home/shipengl/LRSMT/agiletaur/install/webots_ros2_importer/lib/python3.8/site-packages/webots_ros2_importer-1.1.3-py3.8.egg-info' (and everything under it)
[0.444s] Copying ../../../build/webots_ros2_importer/webots_ros2_importer.egg-info to /home/shipengl/LRSMT/agiletaur/install/webots_ros2_importer/lib/python3.8/site-packages/webots_ros2_importer-1.1.3-py3.8.egg-info
[0.444s] running install_scripts
[0.457s] Installing urdf2proto script to /home/shipengl/LRSMT/agiletaur/install/webots_ros2_importer/lib/webots_ros2_importer
[0.457s] Installing xacro2proto script to /home/shipengl/LRSMT/agiletaur/install/webots_ros2_importer/lib/webots_ros2_importer
[0.457s] writing list of installed files to '/home/shipengl/LRSMT/agiletaur/build/webots_ros2_importer/install.log'
[0.599s] Invoked command in '/home/shipengl/LRSMT/agiletaur/src/webots_interface/webots_ros2_importer' returned '0': PYTHONPATH=/home/shipengl/LRSMT/agiletaur/install/webots_ros2_importer/lib/python3.8/site-packages:${PYTHONPATH} /usr/bin/python3 setup.py egg_info --egg-base ../../../build/webots_ros2_importer build --build-base /home/shipengl/LRSMT/agiletaur/build/webots_ros2_importer/build install --prefix /home/shipengl/LRSMT/agiletaur/install/webots_ros2_importer --record /home/shipengl/LRSMT/agiletaur/build/webots_ros2_importer/install.log --single-version-externally-managed
