[0.060s] Invoking command in '/home/shipengl/LRSMT/build/odrive_hardware_interface': CMAKE_PREFIX_PATH=${CMAKE_PREFIX_PATH}:/opt/ros/foxy /usr/bin/cmake /home/shipengl/LRSMT/agiletaur/src/odrive_ros2_control/odrive_hardware_interface -DCMAKE_INSTALL_PREFIX=/home/shipengl/LRSMT/install/odrive_hardware_interface
[0.128s] -- The C compiler identification is GNU 9.3.0
[0.214s] -- The CXX compiler identification is GNU 9.3.0
[0.222s] -- Check for working C compiler: /usr/bin/cc
[0.315s] -- Check for working C compiler: /usr/bin/cc -- works
[0.316s] -- Detecting C compiler ABI info
[0.411s] -- Detecting C compiler ABI info - done
[0.434s] -- Detecting C compile features
[0.434s] -- Detecting C compile features - done
[0.439s] -- Check for working CXX compiler: /usr/bin/c++
[0.559s] -- Check for working CXX compiler: /usr/bin/c++ -- works
[0.561s] -- Detecting CXX compiler ABI info
[0.755s] -- Detecting CXX compiler ABI info - done
[0.773s] -- Detecting CXX compile features
[0.774s] -- Detecting CXX compile features - done
[0.780s] -- Found ament_cmake_auto: 0.9.9 (/opt/ros/foxy/share/ament_cmake_auto/cmake)
[0.873s] -- Found PythonInterp: /usr/bin/python3 (found suitable version "3.8.10", minimum required is "3") 
[0.873s] -- Using PYTHON_EXECUTABLE: /usr/bin/python3
[1.927s] -- Using all available rosidl_typesupport_c: rosidl_typesupport_fastrtps_c;rosidl_typesupport_introspection_c
[1.939s] -- Found rosidl_adapter: 1.2.1 (/opt/ros/foxy/share/rosidl_adapter/cmake)
[2.082s] -- Found OpenSSL: /usr/lib/x86_64-linux-gnu/libcrypto.so (found version "1.1.1f")  
[2.137s] -- Found FastRTPS: /opt/ros/foxy/include  
[2.283s] -- Using all available rosidl_typesupport_cpp: rosidl_typesupport_fastrtps_cpp;rosidl_typesupport_introspection_cpp
[3.192s] -- Found rmw_implementation_cmake: 1.0.3 (/opt/ros/foxy/share/rmw_implementation_cmake/cmake)
[3.196s] -- Using RMW implementation 'rmw_fastrtps_cpp' as default
[3.197s] -- Looking for pthread.h
[3.305s] -- Looking for pthread.h - found
[3.305s] -- Performing Test CMAKE_HAVE_LIBC_PTHREAD
[3.415s] -- Performing Test CMAKE_HAVE_LIBC_PTHREAD - Failed
[3.415s] -- Looking for pthread_create in pthreads
[3.503s] -- Looking for pthread_create in pthreads - not found
[3.503s] -- Looking for pthread_create in pthread
[3.605s] -- Looking for pthread_create in pthread - found
[3.607s] -- Found Threads: TRUE  
[3.901s] -- Checking for one of the modules 'libusb-1.0'
[4.015s] -- Found ament_lint_auto: 0.9.6 (/opt/ros/foxy/share/ament_lint_auto/cmake)
[4.058s] -- Added test 'copyright' to check source files copyright and LICENSE
[4.059s] -- Added test 'cppcheck' to perform static code analysis on C / C++ code
[4.059s] -- Configured cppcheck include dirs: /home/shipengl/LRSMT/agiletaur/src/odrive_ros2_control/odrive_hardware_interface/include
[4.060s] -- Configured cppcheck exclude dirs and/or files: 
[4.060s] -- Added test 'cpplint' to check C / C++ code against the Google style
[4.060s] -- Configured cpplint exclude dirs and/or files: 
[4.061s] -- Added test 'lint_cmake' to check CMake code style
[4.062s] -- Added test 'uncrustify' to check C / C++ code style
[4.062s] -- Configured uncrustify additional arguments: 
[4.063s] -- Added test 'xmllint' to check XML markup files
[4.068s] -- Configuring done
[4.100s] -- Generating done
[4.102s] -- Build files have been written to: /home/shipengl/LRSMT/build/odrive_hardware_interface
[4.111s] Invoked command in '/home/shipengl/LRSMT/build/odrive_hardware_interface' returned '0': CMAKE_PREFIX_PATH=${CMAKE_PREFIX_PATH}:/opt/ros/foxy /usr/bin/cmake /home/shipengl/LRSMT/agiletaur/src/odrive_ros2_control/odrive_hardware_interface -DCMAKE_INSTALL_PREFIX=/home/shipengl/LRSMT/install/odrive_hardware_interface
[4.114s] Invoking command in '/home/shipengl/LRSMT/build/odrive_hardware_interface': CMAKE_PREFIX_PATH=${CMAKE_PREFIX_PATH}:/opt/ros/foxy /usr/bin/cmake --build /home/shipengl/LRSMT/build/odrive_hardware_interface -- -j16 -l16
[4.155s] [35m[1mScanning dependencies of target odrive_usb[0m
[4.165s] [ 25%] [32mBuilding CXX object CMakeFiles/odrive_usb.dir/src/odrive_usb.cpp.o[0m
[4.887s] [ 50%] [32m[1mLinking CXX shared library libodrive_usb.so[0m
[5.043s] [ 50%] Built target odrive_usb
[5.054s] [35m[1mScanning dependencies of target odrive_hardware_interface[0m
[5.092s] [ 75%] [32mBuilding CXX object CMakeFiles/odrive_hardware_interface.dir/src/odrive_hardware_interface.cpp.o[0m
[9.035s] [100%] [32m[1mLinking CXX shared library libodrive_hardware_interface.so[0m
[9.236s] [100%] Built target odrive_hardware_interface
