[0.044s] Invoking command in '/home/shipengl/LRSMT/agiletaur/src/build/agiletaur_launcher': CMAKE_PREFIX_PATH=/opt/ros/foxy /usr/bin/cmake /home/shipengl/LRSMT/agiletaur/src/agiletaur_launcher -DCMAKE_INSTALL_PREFIX=/home/shipengl/LRSMT/agiletaur/src/install/agiletaur_launcher
[0.099s] -- The C compiler identification is GNU 9.3.0
[0.163s] -- The CXX compiler identification is GNU 9.3.0
[0.171s] -- Check for working C compiler: /usr/bin/cc
[0.252s] -- Check for working C compiler: /usr/bin/cc -- works
[0.254s] -- Detecting C compiler ABI info
[0.330s] -- Detecting C compiler ABI info - done
[0.351s] -- Detecting C compile features
[0.352s] -- Detecting C compile features - done
[0.357s] -- Check for working CXX compiler: /usr/bin/c++
[0.448s] -- Check for working CXX compiler: /usr/bin/c++ -- works
[0.450s] -- Detecting CXX compiler ABI info
[0.549s] -- Detecting CXX compiler ABI info - done
[0.572s] -- Detecting CXX compile features
[0.573s] -- Detecting CXX compile features - done
[0.578s] -- Found ament_cmake_auto: 0.9.9 (/opt/ros/foxy/share/ament_cmake_auto/cmake)
[0.623s] -- Found PythonInterp: /usr/bin/python3 (found suitable version "3.8.10", minimum required is "3") 
[0.623s] -- Using PYTHON_EXECUTABLE: /usr/bin/python3
[1.036s] -- Configuring done
[1.039s] -- Generating done
[1.040s] -- Build files have been written to: /home/shipengl/LRSMT/agiletaur/src/build/agiletaur_launcher
[1.045s] Invoked command in '/home/shipengl/LRSMT/agiletaur/src/build/agiletaur_launcher' returned '0': CMAKE_PREFIX_PATH=/opt/ros/foxy /usr/bin/cmake /home/shipengl/LRSMT/agiletaur/src/agiletaur_launcher -DCMAKE_INSTALL_PREFIX=/home/shipengl/LRSMT/agiletaur/src/install/agiletaur_launcher
[1.050s] Invoking command in '/home/shipengl/LRSMT/agiletaur/src/build/agiletaur_launcher': CMAKE_PREFIX_PATH=/opt/ros/foxy /usr/bin/cmake --build /home/shipengl/LRSMT/agiletaur/src/build/agiletaur_launcher -- -j16 -l16
[1.108s] Invoked command in '/home/shipengl/LRSMT/agiletaur/src/build/agiletaur_launcher' returned '0': CMAKE_PREFIX_PATH=/opt/ros/foxy /usr/bin/cmake --build /home/shipengl/LRSMT/agiletaur/src/build/agiletaur_launcher -- -j16 -l16
[1.160s] Invoking command in '/home/shipengl/LRSMT/agiletaur/src/build/agiletaur_launcher': CMAKE_PREFIX_PATH=/opt/ros/foxy /usr/bin/cmake --install /home/shipengl/LRSMT/agiletaur/src/build/agiletaur_launcher
[1.173s] -- Install configuration: ""
[1.173s] -- Installing: /home/shipengl/LRSMT/agiletaur/src/install/agiletaur_launcher/share/agiletaur_launcher/launch
[1.174s] -- Installing: /home/shipengl/LRSMT/agiletaur/src/install/agiletaur_launcher/share/agiletaur_launcher/launch/agiletaur_simu_launch.py
[1.174s] -- Installing: /home/shipengl/LRSMT/agiletaur/src/install/agiletaur_launcher/share/agiletaur_launcher/launch/agiletaur_real_launch.py
[1.174s] -- Installing: /home/shipengl/LRSMT/agiletaur/src/install/agiletaur_launcher/share/agiletaur_launcher/launch/singleleg_simu_launch.py
[1.174s] -- Installing: /home/shipengl/LRSMT/agiletaur/src/install/agiletaur_launcher/share/agiletaur_launcher/config
[1.174s] -- Installing: /home/shipengl/LRSMT/agiletaur/src/install/agiletaur_launcher/share/agiletaur_launcher/config/single_leg_simu.yaml
[1.174s] -- Installing: /home/shipengl/LRSMT/agiletaur/src/install/agiletaur_launcher/share/ament_index/resource_index/package_run_dependencies/agiletaur_launcher
[1.175s] -- Installing: /home/shipengl/LRSMT/agiletaur/src/install/agiletaur_launcher/share/ament_index/resource_index/parent_prefix_path/agiletaur_launcher
[1.175s] -- Installing: /home/shipengl/LRSMT/agiletaur/src/install/agiletaur_launcher/share/agiletaur_launcher/environment/ament_prefix_path.sh
[1.175s] -- Installing: /home/shipengl/LRSMT/agiletaur/src/install/agiletaur_launcher/share/agiletaur_launcher/environment/ament_prefix_path.dsv
[1.175s] -- Installing: /home/shipengl/LRSMT/agiletaur/src/install/agiletaur_launcher/share/agiletaur_launcher/environment/path.sh
[1.175s] -- Installing: /home/shipengl/LRSMT/agiletaur/src/install/agiletaur_launcher/share/agiletaur_launcher/environment/path.dsv
[1.176s] -- Installing: /home/shipengl/LRSMT/agiletaur/src/install/agiletaur_launcher/share/agiletaur_launcher/local_setup.bash
[1.177s] -- Installing: /home/shipengl/LRSMT/agiletaur/src/install/agiletaur_launcher/share/agiletaur_launcher/local_setup.sh
[1.177s] -- Installing: /home/shipengl/LRSMT/agiletaur/src/install/agiletaur_launcher/share/agiletaur_launcher/local_setup.zsh
[1.177s] -- Installing: /home/shipengl/LRSMT/agiletaur/src/install/agiletaur_launcher/share/agiletaur_launcher/local_setup.dsv
[1.177s] -- Installing: /home/shipengl/LRSMT/agiletaur/src/install/agiletaur_launcher/share/agiletaur_launcher/package.dsv
[1.178s] -- Installing: /home/shipengl/LRSMT/agiletaur/src/install/agiletaur_launcher/share/ament_index/resource_index/packages/agiletaur_launcher
[1.179s] -- Installing: /home/shipengl/LRSMT/agiletaur/src/install/agiletaur_launcher/share/agiletaur_launcher/cmake/agiletaur_launcherConfig.cmake
[1.180s] -- Installing: /home/shipengl/LRSMT/agiletaur/src/install/agiletaur_launcher/share/agiletaur_launcher/cmake/agiletaur_launcherConfig-version.cmake
[1.180s] -- Installing: /home/shipengl/LRSMT/agiletaur/src/install/agiletaur_launcher/share/agiletaur_launcher/package.xml
[1.181s] Invoked command in '/home/shipengl/LRSMT/agiletaur/src/build/agiletaur_launcher' returned '0': CMAKE_PREFIX_PATH=/opt/ros/foxy /usr/bin/cmake --install /home/shipengl/LRSMT/agiletaur/src/build/agiletaur_launcher
