[ 22%] Built target webots_ros2_driver_imu
[100%] Built target driver
-- Install configuration: ""
-- Up-to-date: /home/shipengl/LRSMT/agiletaur/src/install/webots_ros2_driver/share/webots_ros2_driver/environment/pythonpath.sh
-- Up-to-date: /home/shipengl/LRSMT/agiletaur/src/install/webots_ros2_driver/share/webots_ros2_driver/environment/pythonpath.dsv
-- Up-to-date: /home/shipengl/LRSMT/agiletaur/src/install/webots_ros2_driver/lib/python3.8/site-packages/webots_ros2_driver_webots
-- Up-to-date: /home/shipengl/LRSMT/agiletaur/src/install/webots_ros2_driver/lib/python3.8/site-packages/webots_ros2_driver_webots/_vehicle.so
-- Up-to-date: /home/shipengl/LRSMT/agiletaur/src/install/webots_ros2_driver/lib/python3.8/site-packages/webots_ros2_driver_webots/__init__.py
-- Up-to-date: /home/shipengl/LRSMT/agiletaur/src/install/webots_ros2_driver/lib/python3.8/site-packages/webots_ros2_driver_webots/controller.py
-- Up-to-date: /home/shipengl/LRSMT/agiletaur/src/install/webots_ros2_driver/lib/python3.8/site-packages/webots_ros2_driver_webots/vehicle.py
-- Up-to-date: /home/shipengl/LRSMT/agiletaur/src/install/webots_ros2_driver/lib/python3.8/site-packages/webots_ros2_driver_webots/_controller.so
Listing '/home/shipengl/LRSMT/agiletaur/src/install/webots_ros2_driver/lib/python3.8/site-packages/webots_ros2_driver_webots'...
-- Up-to-date: /home/shipengl/LRSMT/agiletaur/src/install/webots_ros2_driver/lib/python3.8/site-packages/webots_ros2_driver
-- Up-to-date: /home/shipengl/LRSMT/agiletaur/src/install/webots_ros2_driver/lib/python3.8/site-packages/webots_ros2_driver/utils.py
-- Up-to-date: /home/shipengl/LRSMT/agiletaur/src/install/webots_ros2_driver/lib/python3.8/site-packages/webots_ros2_driver/webots_launcher.py
-- Up-to-date: /home/shipengl/LRSMT/agiletaur/src/install/webots_ros2_driver/lib/python3.8/site-packages/webots_ros2_driver/__init__.py
Listing '/home/shipengl/LRSMT/agiletaur/src/install/webots_ros2_driver/lib/python3.8/site-packages/webots_ros2_driver'...
-- Up-to-date: /home/shipengl/LRSMT/agiletaur/src/install/webots_ros2_driver/include
-- Up-to-date: /home/shipengl/LRSMT/agiletaur/src/install/webots_ros2_driver/include/webots_ros2_driver
-- Up-to-date: /home/shipengl/LRSMT/agiletaur/src/install/webots_ros2_driver/include/webots_ros2_driver/plugins
-- Up-to-date: /home/shipengl/LRSMT/agiletaur/src/install/webots_ros2_driver/include/webots_ros2_driver/plugins/static
-- Up-to-date: /home/shipengl/LRSMT/agiletaur/src/install/webots_ros2_driver/include/webots_ros2_driver/plugins/static/Ros2LED.hpp
-- Up-to-date: /home/shipengl/LRSMT/agiletaur/src/install/webots_ros2_driver/include/webots_ros2_driver/plugins/static/Ros2Lidar.hpp
-- Up-to-date: /home/shipengl/LRSMT/agiletaur/src/install/webots_ros2_driver/include/webots_ros2_driver/plugins/static/Ros2LightSensor.hpp
-- Up-to-date: /home/shipengl/LRSMT/agiletaur/src/install/webots_ros2_driver/include/webots_ros2_driver/plugins/static/Ros2Camera.hpp
-- Up-to-date: /home/shipengl/LRSMT/agiletaur/src/install/webots_ros2_driver/include/webots_ros2_driver/plugins/static/Ros2DistanceSensor.hpp
-- Up-to-date: /home/shipengl/LRSMT/agiletaur/src/install/webots_ros2_driver/include/webots_ros2_driver/plugins/static/Ros2RangeFinder.hpp
-- Up-to-date: /home/shipengl/LRSMT/agiletaur/src/install/webots_ros2_driver/include/webots_ros2_driver/plugins/static/Ros2GPS.hpp
-- Up-to-date: /home/shipengl/LRSMT/agiletaur/src/install/webots_ros2_driver/include/webots_ros2_driver/plugins/Ros2SensorPlugin.hpp
-- Up-to-date: /home/shipengl/LRSMT/agiletaur/src/install/webots_ros2_driver/include/webots_ros2_driver/plugins/dynamic
-- Up-to-date: /home/shipengl/LRSMT/agiletaur/src/install/webots_ros2_driver/include/webots_ros2_driver/plugins/dynamic/Ros2IMU.hpp
-- Up-to-date: /home/shipengl/LRSMT/agiletaur/src/install/webots_ros2_driver/include/webots_ros2_driver/WebotsNode.hpp
-- Up-to-date: /home/shipengl/LRSMT/agiletaur/src/install/webots_ros2_driver/include/webots_ros2_driver/utils
-- Up-to-date: /home/shipengl/LRSMT/agiletaur/src/install/webots_ros2_driver/include/webots_ros2_driver/utils/Math.hpp
-- Up-to-date: /home/shipengl/LRSMT/agiletaur/src/install/webots_ros2_driver/include/webots_ros2_driver/utils/Utils.hpp
-- Up-to-date: /home/shipengl/LRSMT/agiletaur/src/install/webots_ros2_driver/include/webots_ros2_driver/PluginInterface.hpp
-- Up-to-date: /home/shipengl/LRSMT/agiletaur/src/install/webots_ros2_driver/include/webots_ros2_driver/PythonPlugin.hpp
-- Up-to-date: /home/shipengl/LRSMT/agiletaur/src/install/webots_ros2_driver/lib/webots_ros2_driver/driver
-- Up-to-date: /home/shipengl/LRSMT/agiletaur/src/install/webots_ros2_driver/include/webots_ros2_driver/webots_ros2_driver
-- Up-to-date: /home/shipengl/LRSMT/agiletaur/src/install/webots_ros2_driver/include/webots_ros2_driver/webots_ros2_driver/plugins
-- Up-to-date: /home/shipengl/LRSMT/agiletaur/src/install/webots_ros2_driver/include/webots_ros2_driver/webots_ros2_driver/plugins/static
-- Up-to-date: /home/shipengl/LRSMT/agiletaur/src/install/webots_ros2_driver/include/webots_ros2_driver/webots_ros2_driver/plugins/static/Ros2LED.hpp
-- Up-to-date: /home/shipengl/LRSMT/agiletaur/src/install/webots_ros2_driver/include/webots_ros2_driver/webots_ros2_driver/plugins/static/Ros2Lidar.hpp
-- Up-to-date: /home/shipengl/LRSMT/agiletaur/src/install/webots_ros2_driver/include/webots_ros2_driver/webots_ros2_driver/plugins/static/Ros2LightSensor.hpp
-- Up-to-date: /home/shipengl/LRSMT/agiletaur/src/install/webots_ros2_driver/include/webots_ros2_driver/webots_ros2_driver/plugins/static/Ros2Camera.hpp
-- Up-to-date: /home/shipengl/LRSMT/agiletaur/src/install/webots_ros2_driver/include/webots_ros2_driver/webots_ros2_driver/plugins/static/Ros2DistanceSensor.hpp
-- Up-to-date: /home/shipengl/LRSMT/agiletaur/src/install/webots_ros2_driver/include/webots_ros2_driver/webots_ros2_driver/plugins/static/Ros2RangeFinder.hpp
-- Up-to-date: /home/shipengl/LRSMT/agiletaur/src/install/webots_ros2_driver/include/webots_ros2_driver/webots_ros2_driver/plugins/static/Ros2GPS.hpp
-- Up-to-date: /home/shipengl/LRSMT/agiletaur/src/install/webots_ros2_driver/include/webots_ros2_driver/webots_ros2_driver/plugins/Ros2SensorPlugin.hpp
-- Up-to-date: /home/shipengl/LRSMT/agiletaur/src/install/webots_ros2_driver/include/webots_ros2_driver/webots_ros2_driver/plugins/dynamic
-- Up-to-date: /home/shipengl/LRSMT/agiletaur/src/install/webots_ros2_driver/include/webots_ros2_driver/webots_ros2_driver/plugins/dynamic/Ros2IMU.hpp
-- Up-to-date: /home/shipengl/LRSMT/agiletaur/src/install/webots_ros2_driver/include/webots_ros2_driver/webots_ros2_driver/WebotsNode.hpp
-- Up-to-date: /home/shipengl/LRSMT/agiletaur/src/install/webots_ros2_driver/include/webots_ros2_driver/webots_ros2_driver/utils
-- Up-to-date: /home/shipengl/LRSMT/agiletaur/src/install/webots_ros2_driver/include/webots_ros2_driver/webots_ros2_driver/utils/Math.hpp
-- Up-to-date: /home/shipengl/LRSMT/agiletaur/src/install/webots_ros2_driver/include/webots_ros2_driver/webots_ros2_driver/utils/Utils.hpp
-- Up-to-date: /home/shipengl/LRSMT/agiletaur/src/install/webots_ros2_driver/include/webots_ros2_driver/webots_ros2_driver/PluginInterface.hpp
-- Up-to-date: /home/shipengl/LRSMT/agiletaur/src/install/webots_ros2_driver/include/webots_ros2_driver/webots_ros2_driver/PythonPlugin.hpp
-- Up-to-date: /home/shipengl/LRSMT/agiletaur/src/install/webots_ros2_driver/include/webots/c
-- Up-to-date: /home/shipengl/LRSMT/agiletaur/src/install/webots_ros2_driver/include/webots/c/webots
-- Up-to-date: /home/shipengl/LRSMT/agiletaur/src/install/webots_ros2_driver/include/webots/c/webots/led.h
-- Up-to-date: /home/shipengl/LRSMT/agiletaur/src/install/webots_ros2_driver/include/webots/c/webots/device.h
-- Up-to-date: /home/shipengl/LRSMT/agiletaur/src/install/webots_ros2_driver/include/webots/c/webots/emitter.h
-- Up-to-date: /home/shipengl/LRSMT/agiletaur/src/install/webots_ros2_driver/include/webots/c/webots/robot.h
-- Up-to-date: /home/shipengl/LRSMT/agiletaur/src/install/webots_ros2_driver/include/webots/c/webots/supervisor.h
-- Up-to-date: /home/shipengl/LRSMT/agiletaur/src/install/webots_ros2_driver/include/webots/c/webots/skin.h
-- Up-to-date: /home/shipengl/LRSMT/agiletaur/src/install/webots_ros2_driver/include/webots/c/webots/lidar_point.h
-- Up-to-date: /home/shipengl/LRSMT/agiletaur/src/install/webots_ros2_driver/include/webots/c/webots/inertial_unit.h
-- Up-to-date: /home/shipengl/LRSMT/agiletaur/src/install/webots_ros2_driver/include/webots/c/webots/joystick.h
-- Up-to-date: /home/shipengl/LRSMT/agiletaur/src/install/webots_ros2_driver/include/webots/c/webots/camera_recognition_object.h
-- Up-to-date: /home/shipengl/LRSMT/agiletaur/src/install/webots_ros2_driver/include/webots/c/webots/pen.h
-- Up-to-date: /home/shipengl/LRSMT/agiletaur/src/install/webots_ros2_driver/include/webots/c/webots/range_finder.h
-- Up-to-date: /home/shipengl/LRSMT/agiletaur/src/install/webots_ros2_driver/include/webots/c/webots/mouse_state.h
-- Up-to-date: /home/shipengl/LRSMT/agiletaur/src/install/webots_ros2_driver/include/webots/c/webots/radio.h
-- Up-to-date: /home/shipengl/LRSMT/agiletaur/src/install/webots_ros2_driver/include/webots/c/webots/position_sensor.h
-- Up-to-date: /home/shipengl/LRSMT/agiletaur/src/install/webots_ros2_driver/include/webots/c/webots/contact_point.h
-- Up-to-date: /home/shipengl/LRSMT/agiletaur/src/install/webots_ros2_driver/include/webots/c/webots/plugins
-- Up-to-date: /home/shipengl/LRSMT/agiletaur/src/install/webots_ros2_driver/include/webots/c/webots/plugins/robot_window
-- Up-to-date: /home/shipengl/LRSMT/agiletaur/src/install/webots_ros2_driver/include/webots/c/webots/plugins/robot_window/default.h
-- Up-to-date: /home/shipengl/LRSMT/agiletaur/src/install/webots_ros2_driver/include/webots/c/webots/plugins/robot_window/generic_robot_window
-- Up-to-date: /home/shipengl/LRSMT/agiletaur/src/install/webots_ros2_driver/include/webots/c/webots/plugins/robot_window/generic_robot_window/generic.h
-- Up-to-date: /home/shipengl/LRSMT/agiletaur/src/install/webots_ros2_driver/include/webots/c/webots/plugins/robot_window/robot_window.h
-- Up-to-date: /home/shipengl/LRSMT/agiletaur/src/install/webots_ros2_driver/include/webots/c/webots/plugins/robot_window/robot_wwi.h
-- Up-to-date: /home/shipengl/LRSMT/agiletaur/src/install/webots_ros2_driver/include/webots/c/webots/connector.h
-- Up-to-date: /home/shipengl/LRSMT/agiletaur/src/install/webots_ros2_driver/include/webots/c/webots/motor.h
-- Up-to-date: /home/shipengl/LRSMT/agiletaur/src/install/webots_ros2_driver/include/webots/c/webots/remote_control.h
-- Up-to-date: /home/shipengl/LRSMT/agiletaur/src/install/webots_ros2_driver/include/webots/c/webots/camera.h
-- Up-to-date: /home/shipengl/LRSMT/agiletaur/src/install/webots_ros2_driver/include/webots/c/webots/radar.h
-- Up-to-date: /home/shipengl/LRSMT/agiletaur/src/install/webots_ros2_driver/include/webots/c/webots/lidar.h
-- Up-to-date: /home/shipengl/LRSMT/agiletaur/src/install/webots_ros2_driver/include/webots/c/webots/mouse.h
-- Up-to-date: /home/shipengl/LRSMT/agiletaur/src/install/webots_ros2_driver/include/webots/c/webots/vehicle
-- Up-to-date: /home/shipengl/LRSMT/agiletaur/src/install/webots_ros2_driver/include/webots/c/webots/vehicle/car.h
-- Up-to-date: /home/shipengl/LRSMT/agiletaur/src/install/webots_ros2_driver/include/webots/c/webots/vehicle/driver.h
-- Up-to-date: /home/shipengl/LRSMT/agiletaur/src/install/webots_ros2_driver/include/webots/c/webots/types.h
-- Up-to-date: /home/shipengl/LRSMT/agiletaur/src/install/webots_ros2_driver/include/webots/c/webots/radar_target.h
-- Up-to-date: /home/shipengl/LRSMT/agiletaur/src/install/webots_ros2_driver/include/webots/c/webots/altimeter.h
-- Up-to-date: /home/shipengl/LRSMT/agiletaur/src/install/webots_ros2_driver/include/webots/c/webots/receiver.h
-- Up-to-date: /home/shipengl/LRSMT/agiletaur/src/install/webots_ros2_driver/include/webots/c/webots/keyboard.h
-- Up-to-date: /home/shipengl/LRSMT/agiletaur/src/install/webots_ros2_driver/include/webots/c/webots/compass.h
-- Up-to-date: /home/shipengl/LRSMT/agiletaur/src/install/webots_ros2_driver/include/webots/c/webots/utils
-- Up-to-date: /home/shipengl/LRSMT/agiletaur/src/install/webots_ros2_driver/include/webots/c/webots/utils/motion.h
-- Up-to-date: /home/shipengl/LRSMT/agiletaur/src/install/webots_ros2_driver/include/webots/c/webots/utils/ansi_codes.h
-- Up-to-date: /home/shipengl/LRSMT/agiletaur/src/install/webots_ros2_driver/include/webots/c/webots/utils/system.h
-- Up-to-date: /home/shipengl/LRSMT/agiletaur/src/install/webots_ros2_driver/include/webots/c/webots/utils/string.h
-- Up-to-date: /home/shipengl/LRSMT/agiletaur/src/install/webots_ros2_driver/include/webots/c/webots/distance_sensor.h
-- Up-to-date: /home/shipengl/LRSMT/agiletaur/src/install/webots_ros2_driver/include/webots/c/webots/gps.h
-- Up-to-date: /home/shipengl/LRSMT/agiletaur/src/install/webots_ros2_driver/include/webots/c/webots/console.h
-- Up-to-date: /home/shipengl/LRSMT/agiletaur/src/install/webots_ros2_driver/include/webots/c/webots/accelerometer.h
-- Up-to-date: /home/shipengl/LRSMT/agiletaur/src/install/webots_ros2_driver/include/webots/c/webots/light_sensor.h
-- Up-to-date: /home/shipengl/LRSMT/agiletaur/src/install/webots_ros2_driver/include/webots/c/webots/nodes.h
-- Up-to-date: /home/shipengl/LRSMT/agiletaur/src/install/webots_ros2_driver/include/webots/c/webots/touch_sensor.h
-- Up-to-date: /home/shipengl/LRSMT/agiletaur/src/install/webots_ros2_driver/include/webots/c/webots/display.h
-- Up-to-date: /home/shipengl/LRSMT/agiletaur/src/install/webots_ros2_driver/include/webots/c/webots/brake.h
-- Up-to-date: /home/shipengl/LRSMT/agiletaur/src/install/webots_ros2_driver/include/webots/c/webots/microphone.h
-- Up-to-date: /home/shipengl/LRSMT/agiletaur/src/install/webots_ros2_driver/include/webots/c/webots/gyro.h
-- Up-to-date: /home/shipengl/LRSMT/agiletaur/src/install/webots_ros2_driver/include/webots/c/webots/speaker.h
-- Up-to-date: /home/shipengl/LRSMT/agiletaur/src/install/webots_ros2_driver/include/webots/cpp
-- Up-to-date: /home/shipengl/LRSMT/agiletaur/src/install/webots_ros2_driver/include/webots/cpp/webots
-- Up-to-date: /home/shipengl/LRSMT/agiletaur/src/install/webots_ros2_driver/include/webots/cpp/webots/Gyro.hpp
-- Up-to-date: /home/shipengl/LRSMT/agiletaur/src/install/webots_ros2_driver/include/webots/cpp/webots/Skin.hpp
-- Up-to-date: /home/shipengl/LRSMT/agiletaur/src/install/webots_ros2_driver/include/webots/cpp/webots/Supervisor.hpp
-- Up-to-date: /home/shipengl/LRSMT/agiletaur/src/install/webots_ros2_driver/include/webots/cpp/webots/Node.hpp
-- Up-to-date: /home/shipengl/LRSMT/agiletaur/src/install/webots_ros2_driver/include/webots/cpp/webots/Connector.hpp
-- Up-to-date: /home/shipengl/LRSMT/agiletaur/src/install/webots_ros2_driver/include/webots/cpp/webots/Brake.hpp
-- Up-to-date: /home/shipengl/LRSMT/agiletaur/src/install/webots_ros2_driver/include/webots/cpp/webots/Speaker.hpp
-- Up-to-date: /home/shipengl/LRSMT/agiletaur/src/install/webots_ros2_driver/include/webots/cpp/webots/LED.hpp
-- Up-to-date: /home/shipengl/LRSMT/agiletaur/src/install/webots_ros2_driver/include/webots/cpp/webots/Emitter.hpp
-- Up-to-date: /home/shipengl/LRSMT/agiletaur/src/install/webots_ros2_driver/include/webots/cpp/webots/PositionSensor.hpp
-- Up-to-date: /home/shipengl/LRSMT/agiletaur/src/install/webots_ros2_driver/include/webots/cpp/webots/ImageRef.hpp
-- Up-to-date: /home/shipengl/LRSMT/agiletaur/src/install/webots_ros2_driver/include/webots/cpp/webots/Accelerometer.hpp
-- Up-to-date: /home/shipengl/LRSMT/agiletaur/src/install/webots_ros2_driver/include/webots/cpp/webots/Keyboard.hpp
-- Up-to-date: /home/shipengl/LRSMT/agiletaur/src/install/webots_ros2_driver/include/webots/cpp/webots/Radar.hpp
-- Up-to-date: /home/shipengl/LRSMT/agiletaur/src/install/webots_ros2_driver/include/webots/cpp/webots/Device.hpp
-- Up-to-date: /home/shipengl/LRSMT/agiletaur/src/install/webots_ros2_driver/include/webots/cpp/webots/Display.hpp
-- Up-to-date: /home/shipengl/LRSMT/agiletaur/src/install/webots_ros2_driver/include/webots/cpp/webots/Joystick.hpp
-- Up-to-date: /home/shipengl/LRSMT/agiletaur/src/install/webots_ros2_driver/include/webots/cpp/webots/vehicle
-- Up-to-date: /home/shipengl/LRSMT/agiletaur/src/install/webots_ros2_driver/include/webots/cpp/webots/vehicle/Car.hpp
-- Up-to-date: /home/shipengl/LRSMT/agiletaur/src/install/webots_ros2_driver/include/webots/cpp/webots/vehicle/Driver.hpp
-- Up-to-date: /home/shipengl/LRSMT/agiletaur/src/install/webots_ros2_driver/include/webots/cpp/webots/Field.hpp
-- Up-to-date: /home/shipengl/LRSMT/agiletaur/src/install/webots_ros2_driver/include/webots/cpp/webots/Camera.hpp
-- Up-to-date: /home/shipengl/LRSMT/agiletaur/src/install/webots_ros2_driver/include/webots/cpp/webots/RangeFinder.hpp
-- Up-to-date: /home/shipengl/LRSMT/agiletaur/src/install/webots_ros2_driver/include/webots/cpp/webots/TouchSensor.hpp
-- Up-to-date: /home/shipengl/LRSMT/agiletaur/src/install/webots_ros2_driver/include/webots/cpp/webots/Robot.hpp
-- Up-to-date: /home/shipengl/LRSMT/agiletaur/src/install/webots_ros2_driver/include/webots/cpp/webots/Receiver.hpp
-- Up-to-date: /home/shipengl/LRSMT/agiletaur/src/install/webots_ros2_driver/include/webots/cpp/webots/utils
-- Up-to-date: /home/shipengl/LRSMT/agiletaur/src/install/webots_ros2_driver/include/webots/cpp/webots/utils/Motion.hpp
-- Up-to-date: /home/shipengl/LRSMT/agiletaur/src/install/webots_ros2_driver/include/webots/cpp/webots/utils/AnsiCodes.hpp
-- Up-to-date: /home/shipengl/LRSMT/agiletaur/src/install/webots_ros2_driver/include/webots/cpp/webots/DistanceSensor.hpp
-- Up-to-date: /home/shipengl/LRSMT/agiletaur/src/install/webots_ros2_driver/include/webots/cpp/webots/Mouse.hpp
-- Up-to-date: /home/shipengl/LRSMT/agiletaur/src/install/webots_ros2_driver/include/webots/cpp/webots/Motor.hpp
-- Up-to-date: /home/shipengl/LRSMT/agiletaur/src/install/webots_ros2_driver/include/webots/cpp/webots/GPS.hpp
-- Up-to-date: /home/shipengl/LRSMT/agiletaur/src/install/webots_ros2_driver/include/webots/cpp/webots/Pen.hpp
-- Up-to-date: /home/shipengl/LRSMT/agiletaur/src/install/webots_ros2_driver/include/webots/cpp/webots/LightSensor.hpp
-- Up-to-date: /home/shipengl/LRSMT/agiletaur/src/install/webots_ros2_driver/include/webots/cpp/webots/Compass.hpp
-- Up-to-date: /home/shipengl/LRSMT/agiletaur/src/install/webots_ros2_driver/include/webots/cpp/webots/Lidar.hpp
-- Up-to-date: /home/shipengl/LRSMT/agiletaur/src/install/webots_ros2_driver/include/webots/cpp/webots/Altimeter.hpp
-- Up-to-date: /home/shipengl/LRSMT/agiletaur/src/install/webots_ros2_driver/include/webots/cpp/webots/InertialUnit.hpp
-- Up-to-date: /home/shipengl/LRSMT/agiletaur/src/install/webots_ros2_driver/lib/libwebots_ros2_driver_imu.so
-- Up-to-date: /home/shipengl/LRSMT/agiletaur/src/install/webots_ros2_driver/lib
-- Up-to-date: /home/shipengl/LRSMT/agiletaur/src/install/webots_ros2_driver/lib/libdriver.so
-- Up-to-date: /home/shipengl/LRSMT/agiletaur/src/install/webots_ros2_driver/lib/libController.so
-- Up-to-date: /home/shipengl/LRSMT/agiletaur/src/install/webots_ros2_driver/lib/libCppDriver.so
-- Up-to-date: /home/shipengl/LRSMT/agiletaur/src/install/webots_ros2_driver/lib/libcar.so
-- Up-to-date: /home/shipengl/LRSMT/agiletaur/src/install/webots_ros2_driver/lib/libCppCar.so
-- Up-to-date: /home/shipengl/LRSMT/agiletaur/src/install/webots_ros2_driver/lib/libCppController.so
-- Up-to-date: /home/shipengl/LRSMT/agiletaur/src/install/webots_ros2_driver/share/webots_ros2_driver/webots_ros2_imu.xml
-- Up-to-date: /home/shipengl/LRSMT/agiletaur/src/install/webots_ros2_driver/share/webots_ros2_driver/environment/library_path.sh
-- Up-to-date: /home/shipengl/LRSMT/agiletaur/src/install/webots_ros2_driver/share/webots_ros2_driver/environment/library_path.dsv
-- Up-to-date: /home/shipengl/LRSMT/agiletaur/src/install/webots_ros2_driver/share/ament_index/resource_index/package_run_dependencies/webots_ros2_driver
-- Up-to-date: /home/shipengl/LRSMT/agiletaur/src/install/webots_ros2_driver/share/ament_index/resource_index/parent_prefix_path/webots_ros2_driver
-- Up-to-date: /home/shipengl/LRSMT/agiletaur/src/install/webots_ros2_driver/share/webots_ros2_driver/environment/ament_prefix_path.sh
-- Up-to-date: /home/shipengl/LRSMT/agiletaur/src/install/webots_ros2_driver/share/webots_ros2_driver/environment/ament_prefix_path.dsv
-- Up-to-date: /home/shipengl/LRSMT/agiletaur/src/install/webots_ros2_driver/share/webots_ros2_driver/environment/path.sh
-- Up-to-date: /home/shipengl/LRSMT/agiletaur/src/install/webots_ros2_driver/share/webots_ros2_driver/environment/path.dsv
-- Up-to-date: /home/shipengl/LRSMT/agiletaur/src/install/webots_ros2_driver/share/webots_ros2_driver/local_setup.bash
-- Up-to-date: /home/shipengl/LRSMT/agiletaur/src/install/webots_ros2_driver/share/webots_ros2_driver/local_setup.sh
-- Up-to-date: /home/shipengl/LRSMT/agiletaur/src/install/webots_ros2_driver/share/webots_ros2_driver/local_setup.zsh
-- Up-to-date: /home/shipengl/LRSMT/agiletaur/src/install/webots_ros2_driver/share/webots_ros2_driver/local_setup.dsv
-- Installing: /home/shipengl/LRSMT/agiletaur/src/install/webots_ros2_driver/share/webots_ros2_driver/package.dsv
-- Up-to-date: /home/shipengl/LRSMT/agiletaur/src/install/webots_ros2_driver/share/ament_index/resource_index/packages/webots_ros2_driver
-- Up-to-date: /home/shipengl/LRSMT/agiletaur/src/install/webots_ros2_driver/share/ament_index/resource_index/webots_ros2_driver__pluginlib__plugin/webots_ros2_driver
-- Up-to-date: /home/shipengl/LRSMT/agiletaur/src/install/webots_ros2_driver/share/webots_ros2_driver/cmake/ament_cmake_export_include_directories-extras.cmake
-- Up-to-date: /home/shipengl/LRSMT/agiletaur/src/install/webots_ros2_driver/share/webots_ros2_driver/cmake/ament_cmake_export_dependencies-extras.cmake
-- Up-to-date: /home/shipengl/LRSMT/agiletaur/src/install/webots_ros2_driver/share/webots_ros2_driver/cmake/ament_cmake_export_libraries-extras.cmake
-- Up-to-date: /home/shipengl/LRSMT/agiletaur/src/install/webots_ros2_driver/share/webots_ros2_driver/cmake/webots_ros2_driverConfig.cmake
-- Up-to-date: /home/shipengl/LRSMT/agiletaur/src/install/webots_ros2_driver/share/webots_ros2_driver/cmake/webots_ros2_driverConfig-version.cmake
-- Up-to-date: /home/shipengl/LRSMT/agiletaur/src/install/webots_ros2_driver/share/webots_ros2_driver/package.xml
