running egg_info
creating ../../../build/webots_ros2_importer/webots_ros2_importer.egg-info
writing ../../../build/webots_ros2_importer/webots_ros2_importer.egg-info/PKG-INFO
writing dependency_links to ../../../build/webots_ros2_importer/webots_ros2_importer.egg-info/dependency_links.txt
writing entry points to ../../../build/webots_ros2_importer/webots_ros2_importer.egg-info/entry_points.txt
writing requirements to ../../../build/webots_ros2_importer/webots_ros2_importer.egg-info/requires.txt
writing top-level names to ../../../build/webots_ros2_importer/webots_ros2_importer.egg-info/top_level.txt
writing manifest file '../../../build/webots_ros2_importer/webots_ros2_importer.egg-info/SOURCES.txt'
reading manifest file '../../../build/webots_ros2_importer/webots_ros2_importer.egg-info/SOURCES.txt'
writing manifest file '../../../build/webots_ros2_importer/webots_ros2_importer.egg-info/SOURCES.txt'
running build
running build_py
creating /home/shipengl/LRSMT/agiletaur/build/webots_ros2_importer/build
creating /home/shipengl/LRSMT/agiletaur/build/webots_ros2_importer/build/lib
creating /home/shipengl/LRSMT/agiletaur/build/webots_ros2_importer/build/lib/webots_ros2_importer
copying webots_ros2_importer/urdf2proto.py -> /home/shipengl/LRSMT/agiletaur/build/webots_ros2_importer/build/lib/webots_ros2_importer
copying webots_ros2_importer/__init__.py -> /home/shipengl/LRSMT/agiletaur/build/webots_ros2_importer/build/lib/webots_ros2_importer
copying webots_ros2_importer/xacro2proto.py -> /home/shipengl/LRSMT/agiletaur/build/webots_ros2_importer/build/lib/webots_ros2_importer
creating /home/shipengl/LRSMT/agiletaur/build/webots_ros2_importer/build/lib/webots_ros2_importer/urdf2webots
creating /home/shipengl/LRSMT/agiletaur/build/webots_ros2_importer/build/lib/webots_ros2_importer/urdf2webots/urdf2webots
copying webots_ros2_importer/urdf2webots/urdf2webots/gazebo_materials.py -> /home/shipengl/LRSMT/agiletaur/build/webots_ros2_importer/build/lib/webots_ros2_importer/urdf2webots/urdf2webots
copying webots_ros2_importer/urdf2webots/urdf2webots/math_utils.py -> /home/shipengl/LRSMT/agiletaur/build/webots_ros2_importer/build/lib/webots_ros2_importer/urdf2webots/urdf2webots
copying webots_ros2_importer/urdf2webots/urdf2webots/__init__.py -> /home/shipengl/LRSMT/agiletaur/build/webots_ros2_importer/build/lib/webots_ros2_importer/urdf2webots/urdf2webots
copying webots_ros2_importer/urdf2webots/urdf2webots/parserURDF.py -> /home/shipengl/LRSMT/agiletaur/build/webots_ros2_importer/build/lib/webots_ros2_importer/urdf2webots/urdf2webots
copying webots_ros2_importer/urdf2webots/urdf2webots/importer.py -> /home/shipengl/LRSMT/agiletaur/build/webots_ros2_importer/build/lib/webots_ros2_importer/urdf2webots/urdf2webots
copying webots_ros2_importer/urdf2webots/urdf2webots/writeProto.py -> /home/shipengl/LRSMT/agiletaur/build/webots_ros2_importer/build/lib/webots_ros2_importer/urdf2webots/urdf2webots
running install
running install_lib
creating /home/shipengl/LRSMT/agiletaur/install/webots_ros2_importer/lib/python3.8/site-packages/webots_ros2_importer
creating /home/shipengl/LRSMT/agiletaur/install/webots_ros2_importer/lib/python3.8/site-packages/webots_ros2_importer/urdf2webots
creating /home/shipengl/LRSMT/agiletaur/install/webots_ros2_importer/lib/python3.8/site-packages/webots_ros2_importer/urdf2webots/urdf2webots
copying /home/shipengl/LRSMT/agiletaur/build/webots_ros2_importer/build/lib/webots_ros2_importer/urdf2webots/urdf2webots/gazebo_materials.py -> /home/shipengl/LRSMT/agiletaur/install/webots_ros2_importer/lib/python3.8/site-packages/webots_ros2_importer/urdf2webots/urdf2webots
copying /home/shipengl/LRSMT/agiletaur/build/webots_ros2_importer/build/lib/webots_ros2_importer/urdf2webots/urdf2webots/math_utils.py -> /home/shipengl/LRSMT/agiletaur/install/webots_ros2_importer/lib/python3.8/site-packages/webots_ros2_importer/urdf2webots/urdf2webots
copying /home/shipengl/LRSMT/agiletaur/build/webots_ros2_importer/build/lib/webots_ros2_importer/urdf2webots/urdf2webots/__init__.py -> /home/shipengl/LRSMT/agiletaur/install/webots_ros2_importer/lib/python3.8/site-packages/webots_ros2_importer/urdf2webots/urdf2webots
copying /home/shipengl/LRSMT/agiletaur/build/webots_ros2_importer/build/lib/webots_ros2_importer/urdf2webots/urdf2webots/parserURDF.py -> /home/shipengl/LRSMT/agiletaur/install/webots_ros2_importer/lib/python3.8/site-packages/webots_ros2_importer/urdf2webots/urdf2webots
copying /home/shipengl/LRSMT/agiletaur/build/webots_ros2_importer/build/lib/webots_ros2_importer/urdf2webots/urdf2webots/importer.py -> /home/shipengl/LRSMT/agiletaur/install/webots_ros2_importer/lib/python3.8/site-packages/webots_ros2_importer/urdf2webots/urdf2webots
copying /home/shipengl/LRSMT/agiletaur/build/webots_ros2_importer/build/lib/webots_ros2_importer/urdf2webots/urdf2webots/writeProto.py -> /home/shipengl/LRSMT/agiletaur/install/webots_ros2_importer/lib/python3.8/site-packages/webots_ros2_importer/urdf2webots/urdf2webots
copying /home/shipengl/LRSMT/agiletaur/build/webots_ros2_importer/build/lib/webots_ros2_importer/urdf2proto.py -> /home/shipengl/LRSMT/agiletaur/install/webots_ros2_importer/lib/python3.8/site-packages/webots_ros2_importer
copying /home/shipengl/LRSMT/agiletaur/build/webots_ros2_importer/build/lib/webots_ros2_importer/__init__.py -> /home/shipengl/LRSMT/agiletaur/install/webots_ros2_importer/lib/python3.8/site-packages/webots_ros2_importer
copying /home/shipengl/LRSMT/agiletaur/build/webots_ros2_importer/build/lib/webots_ros2_importer/xacro2proto.py -> /home/shipengl/LRSMT/agiletaur/install/webots_ros2_importer/lib/python3.8/site-packages/webots_ros2_importer
byte-compiling /home/shipengl/LRSMT/agiletaur/install/webots_ros2_importer/lib/python3.8/site-packages/webots_ros2_importer/urdf2webots/urdf2webots/gazebo_materials.py to gazebo_materials.cpython-38.pyc
byte-compiling /home/shipengl/LRSMT/agiletaur/install/webots_ros2_importer/lib/python3.8/site-packages/webots_ros2_importer/urdf2webots/urdf2webots/math_utils.py to math_utils.cpython-38.pyc
byte-compiling /home/shipengl/LRSMT/agiletaur/install/webots_ros2_importer/lib/python3.8/site-packages/webots_ros2_importer/urdf2webots/urdf2webots/__init__.py to __init__.cpython-38.pyc
byte-compiling /home/shipengl/LRSMT/agiletaur/install/webots_ros2_importer/lib/python3.8/site-packages/webots_ros2_importer/urdf2webots/urdf2webots/parserURDF.py to parserURDF.cpython-38.pyc
byte-compiling /home/shipengl/LRSMT/agiletaur/install/webots_ros2_importer/lib/python3.8/site-packages/webots_ros2_importer/urdf2webots/urdf2webots/importer.py to importer.cpython-38.pyc
byte-compiling /home/shipengl/LRSMT/agiletaur/install/webots_ros2_importer/lib/python3.8/site-packages/webots_ros2_importer/urdf2webots/urdf2webots/writeProto.py to writeProto.cpython-38.pyc
byte-compiling /home/shipengl/LRSMT/agiletaur/install/webots_ros2_importer/lib/python3.8/site-packages/webots_ros2_importer/urdf2proto.py to urdf2proto.cpython-38.pyc
byte-compiling /home/shipengl/LRSMT/agiletaur/install/webots_ros2_importer/lib/python3.8/site-packages/webots_ros2_importer/__init__.py to __init__.cpython-38.pyc
byte-compiling /home/shipengl/LRSMT/agiletaur/install/webots_ros2_importer/lib/python3.8/site-packages/webots_ros2_importer/xacro2proto.py to xacro2proto.cpython-38.pyc
running install_data
creating /home/shipengl/LRSMT/agiletaur/install/webots_ros2_importer/share/ament_index
creating /home/shipengl/LRSMT/agiletaur/install/webots_ros2_importer/share/ament_index/resource_index
creating /home/shipengl/LRSMT/agiletaur/install/webots_ros2_importer/share/ament_index/resource_index/packages
copying resource/webots_ros2_importer -> /home/shipengl/LRSMT/agiletaur/install/webots_ros2_importer/share/ament_index/resource_index/packages
copying package.xml -> /home/shipengl/LRSMT/agiletaur/install/webots_ros2_importer/share/webots_ros2_importer
running install_egg_info
Copying ../../../build/webots_ros2_importer/webots_ros2_importer.egg-info to /home/shipengl/LRSMT/agiletaur/install/webots_ros2_importer/lib/python3.8/site-packages/webots_ros2_importer-1.1.3-py3.8.egg-info
running install_scripts
Installing urdf2proto script to /home/shipengl/LRSMT/agiletaur/install/webots_ros2_importer/lib/webots_ros2_importer
Installing xacro2proto script to /home/shipengl/LRSMT/agiletaur/install/webots_ros2_importer/lib/webots_ros2_importer
writing list of installed files to '/home/shipengl/LRSMT/agiletaur/build/webots_ros2_importer/install.log'
