[0.201s] Invoking command in '/home/shipengl/LRSMT/agiletaur/src/webots_interface/webots_ros2_importer': PYTHONPATH=/home/shipengl/LRSMT/agiletaur/install/webots_ros2_importer/lib/python3.8/site-packages:${PYTHONPATH} /usr/bin/python3 setup.py egg_info --egg-base ../../../build/webots_ros2_importer build --build-base /home/shipengl/LRSMT/agiletaur/build/webots_ros2_importer/build install --prefix /home/shipengl/LRSMT/agiletaur/install/webots_ros2_importer --record /home/shipengl/LRSMT/agiletaur/build/webots_ros2_importer/install.log --single-version-externally-managed
[0.383s] running egg_info
[0.384s] creating ../../../build/webots_ros2_importer/webots_ros2_importer.egg-info
[0.384s] writing ../../../build/webots_ros2_importer/webots_ros2_importer.egg-info/PKG-INFO
[0.384s] writing dependency_links to ../../../build/webots_ros2_importer/webots_ros2_importer.egg-info/dependency_links.txt
[0.384s] writing entry points to ../../../build/webots_ros2_importer/webots_ros2_importer.egg-info/entry_points.txt
[0.384s] writing requirements to ../../../build/webots_ros2_importer/webots_ros2_importer.egg-info/requires.txt
[0.384s] writing top-level names to ../../../build/webots_ros2_importer/webots_ros2_importer.egg-info/top_level.txt
[0.385s] writing manifest file '../../../build/webots_ros2_importer/webots_ros2_importer.egg-info/SOURCES.txt'
[0.414s] reading manifest file '../../../build/webots_ros2_importer/webots_ros2_importer.egg-info/SOURCES.txt'
[0.415s] writing manifest file '../../../build/webots_ros2_importer/webots_ros2_importer.egg-info/SOURCES.txt'
[0.415s] running build
[0.415s] running build_py
[0.415s] creating /home/shipengl/LRSMT/agiletaur/build/webots_ros2_importer/build
[0.415s] creating /home/shipengl/LRSMT/agiletaur/build/webots_ros2_importer/build/lib
[0.415s] creating /home/shipengl/LRSMT/agiletaur/build/webots_ros2_importer/build/lib/webots_ros2_importer
[0.415s] copying webots_ros2_importer/urdf2proto.py -> /home/shipengl/LRSMT/agiletaur/build/webots_ros2_importer/build/lib/webots_ros2_importer
[0.416s] copying webots_ros2_importer/__init__.py -> /home/shipengl/LRSMT/agiletaur/build/webots_ros2_importer/build/lib/webots_ros2_importer
[0.416s] copying webots_ros2_importer/xacro2proto.py -> /home/shipengl/LRSMT/agiletaur/build/webots_ros2_importer/build/lib/webots_ros2_importer
[0.416s] creating /home/shipengl/LRSMT/agiletaur/build/webots_ros2_importer/build/lib/webots_ros2_importer/urdf2webots
[0.416s] creating /home/shipengl/LRSMT/agiletaur/build/webots_ros2_importer/build/lib/webots_ros2_importer/urdf2webots/urdf2webots
[0.416s] copying webots_ros2_importer/urdf2webots/urdf2webots/gazebo_materials.py -> /home/shipengl/LRSMT/agiletaur/build/webots_ros2_importer/build/lib/webots_ros2_importer/urdf2webots/urdf2webots
[0.416s] copying webots_ros2_importer/urdf2webots/urdf2webots/math_utils.py -> /home/shipengl/LRSMT/agiletaur/build/webots_ros2_importer/build/lib/webots_ros2_importer/urdf2webots/urdf2webots
[0.416s] copying webots_ros2_importer/urdf2webots/urdf2webots/__init__.py -> /home/shipengl/LRSMT/agiletaur/build/webots_ros2_importer/build/lib/webots_ros2_importer/urdf2webots/urdf2webots
[0.416s] copying webots_ros2_importer/urdf2webots/urdf2webots/parserURDF.py -> /home/shipengl/LRSMT/agiletaur/build/webots_ros2_importer/build/lib/webots_ros2_importer/urdf2webots/urdf2webots
[0.416s] copying webots_ros2_importer/urdf2webots/urdf2webots/importer.py -> /home/shipengl/LRSMT/agiletaur/build/webots_ros2_importer/build/lib/webots_ros2_importer/urdf2webots/urdf2webots
[0.416s] copying webots_ros2_importer/urdf2webots/urdf2webots/writeProto.py -> /home/shipengl/LRSMT/agiletaur/build/webots_ros2_importer/build/lib/webots_ros2_importer/urdf2webots/urdf2webots
[0.416s] running install
[0.417s] running install_lib
[0.418s] creating /home/shipengl/LRSMT/agiletaur/install/webots_ros2_importer/lib/python3.8/site-packages/webots_ros2_importer
[0.418s] creating /home/shipengl/LRSMT/agiletaur/install/webots_ros2_importer/lib/python3.8/site-packages/webots_ros2_importer/urdf2webots
[0.418s] creating /home/shipengl/LRSMT/agiletaur/install/webots_ros2_importer/lib/python3.8/site-packages/webots_ros2_importer/urdf2webots/urdf2webots
[0.418s] copying /home/shipengl/LRSMT/agiletaur/build/webots_ros2_importer/build/lib/webots_ros2_importer/urdf2webots/urdf2webots/gazebo_materials.py -> /home/shipengl/LRSMT/agiletaur/install/webots_ros2_importer/lib/python3.8/site-packages/webots_ros2_importer/urdf2webots/urdf2webots
[0.418s] copying /home/shipengl/LRSMT/agiletaur/build/webots_ros2_importer/build/lib/webots_ros2_importer/urdf2webots/urdf2webots/math_utils.py -> /home/shipengl/LRSMT/agiletaur/install/webots_ros2_importer/lib/python3.8/site-packages/webots_ros2_importer/urdf2webots/urdf2webots
[0.418s] copying /home/shipengl/LRSMT/agiletaur/build/webots_ros2_importer/build/lib/webots_ros2_importer/urdf2webots/urdf2webots/__init__.py -> /home/shipengl/LRSMT/agiletaur/install/webots_ros2_importer/lib/python3.8/site-packages/webots_ros2_importer/urdf2webots/urdf2webots
[0.418s] copying /home/shipengl/LRSMT/agiletaur/build/webots_ros2_importer/build/lib/webots_ros2_importer/urdf2webots/urdf2webots/parserURDF.py -> /home/shipengl/LRSMT/agiletaur/install/webots_ros2_importer/lib/python3.8/site-packages/webots_ros2_importer/urdf2webots/urdf2webots
[0.418s] copying /home/shipengl/LRSMT/agiletaur/build/webots_ros2_importer/build/lib/webots_ros2_importer/urdf2webots/urdf2webots/importer.py -> /home/shipengl/LRSMT/agiletaur/install/webots_ros2_importer/lib/python3.8/site-packages/webots_ros2_importer/urdf2webots/urdf2webots
[0.418s] copying /home/shipengl/LRSMT/agiletaur/build/webots_ros2_importer/build/lib/webots_ros2_importer/urdf2webots/urdf2webots/writeProto.py -> /home/shipengl/LRSMT/agiletaur/install/webots_ros2_importer/lib/python3.8/site-packages/webots_ros2_importer/urdf2webots/urdf2webots
[0.418s] copying /home/shipengl/LRSMT/agiletaur/build/webots_ros2_importer/build/lib/webots_ros2_importer/urdf2proto.py -> /home/shipengl/LRSMT/agiletaur/install/webots_ros2_importer/lib/python3.8/site-packages/webots_ros2_importer
[0.419s] copying /home/shipengl/LRSMT/agiletaur/build/webots_ros2_importer/build/lib/webots_ros2_importer/__init__.py -> /home/shipengl/LRSMT/agiletaur/install/webots_ros2_importer/lib/python3.8/site-packages/webots_ros2_importer
[0.419s] copying /home/shipengl/LRSMT/agiletaur/build/webots_ros2_importer/build/lib/webots_ros2_importer/xacro2proto.py -> /home/shipengl/LRSMT/agiletaur/install/webots_ros2_importer/lib/python3.8/site-packages/webots_ros2_importer
[0.419s] byte-compiling /home/shipengl/LRSMT/agiletaur/install/webots_ros2_importer/lib/python3.8/site-packages/webots_ros2_importer/urdf2webots/urdf2webots/gazebo_materials.py to gazebo_materials.cpython-38.pyc
[0.421s] byte-compiling /home/shipengl/LRSMT/agiletaur/install/webots_ros2_importer/lib/python3.8/site-packages/webots_ros2_importer/urdf2webots/urdf2webots/math_utils.py to math_utils.cpython-38.pyc
[0.422s] byte-compiling /home/shipengl/LRSMT/agiletaur/install/webots_ros2_importer/lib/python3.8/site-packages/webots_ros2_importer/urdf2webots/urdf2webots/__init__.py to __init__.cpython-38.pyc
[0.422s] byte-compiling /home/shipengl/LRSMT/agiletaur/install/webots_ros2_importer/lib/python3.8/site-packages/webots_ros2_importer/urdf2webots/urdf2webots/parserURDF.py to parserURDF.cpython-38.pyc
[0.429s] byte-compiling /home/shipengl/LRSMT/agiletaur/install/webots_ros2_importer/lib/python3.8/site-packages/webots_ros2_importer/urdf2webots/urdf2webots/importer.py to importer.cpython-38.pyc
[0.430s] byte-compiling /home/shipengl/LRSMT/agiletaur/install/webots_ros2_importer/lib/python3.8/site-packages/webots_ros2_importer/urdf2webots/urdf2webots/writeProto.py to writeProto.cpython-38.pyc
[0.434s] byte-compiling /home/shipengl/LRSMT/agiletaur/install/webots_ros2_importer/lib/python3.8/site-packages/webots_ros2_importer/urdf2proto.py to urdf2proto.cpython-38.pyc
[0.435s] byte-compiling /home/shipengl/LRSMT/agiletaur/install/webots_ros2_importer/lib/python3.8/site-packages/webots_ros2_importer/__init__.py to __init__.cpython-38.pyc
[0.435s] byte-compiling /home/shipengl/LRSMT/agiletaur/install/webots_ros2_importer/lib/python3.8/site-packages/webots_ros2_importer/xacro2proto.py to xacro2proto.cpython-38.pyc
[0.435s] running install_data
[0.436s] creating /home/shipengl/LRSMT/agiletaur/install/webots_ros2_importer/share/ament_index
[0.436s] creating /home/shipengl/LRSMT/agiletaur/install/webots_ros2_importer/share/ament_index/resource_index
[0.436s] creating /home/shipengl/LRSMT/agiletaur/install/webots_ros2_importer/share/ament_index/resource_index/packages
[0.436s] copying resource/webots_ros2_importer -> /home/shipengl/LRSMT/agiletaur/install/webots_ros2_importer/share/ament_index/resource_index/packages
[0.436s] copying package.xml -> /home/shipengl/LRSMT/agiletaur/install/webots_ros2_importer/share/webots_ros2_importer
[0.436s] running install_egg_info
[0.437s] Copying ../../../build/webots_ros2_importer/webots_ros2_importer.egg-info to /home/shipengl/LRSMT/agiletaur/install/webots_ros2_importer/lib/python3.8/site-packages/webots_ros2_importer-1.1.3-py3.8.egg-info
[0.438s] running install_scripts
[0.451s] Installing urdf2proto script to /home/shipengl/LRSMT/agiletaur/install/webots_ros2_importer/lib/webots_ros2_importer
[0.451s] Installing xacro2proto script to /home/shipengl/LRSMT/agiletaur/install/webots_ros2_importer/lib/webots_ros2_importer
[0.452s] writing list of installed files to '/home/shipengl/LRSMT/agiletaur/build/webots_ros2_importer/install.log'
[0.469s] Invoked command in '/home/shipengl/LRSMT/agiletaur/src/webots_interface/webots_ros2_importer' returned '0': PYTHONPATH=/home/shipengl/LRSMT/agiletaur/install/webots_ros2_importer/lib/python3.8/site-packages:${PYTHONPATH} /usr/bin/python3 setup.py egg_info --egg-base ../../../build/webots_ros2_importer build --build-base /home/shipengl/LRSMT/agiletaur/build/webots_ros2_importer/build install --prefix /home/shipengl/LRSMT/agiletaur/install/webots_ros2_importer --record /home/shipengl/LRSMT/agiletaur/build/webots_ros2_importer/install.log --single-version-externally-managed
