[0.020s] Invoking command in '/home/shipengl/LRSMT/agiletaur/build/firstcontroller': CMAKE_PREFIX_PATH=/opt/ros/foxy /usr/bin/cmake /home/shipengl/LRSMT/agiletaur/src/agiletaur_controller/firstcontroller -DCMAKE_INSTALL_PREFIX=/home/shipengl/LRSMT/agiletaur/install/firstcontroller
[0.068s] -- The C compiler identification is GNU 9.3.0
[0.112s] -- The CXX compiler identification is GNU 9.3.0
[0.116s] -- Check for working C compiler: /usr/bin/cc
[0.169s] -- Check for working C compiler: /usr/bin/cc -- works
[0.170s] -- Detecting C compiler ABI info
[0.223s] -- Detecting C compiler ABI info - done
[0.234s] -- Detecting C compile features
[0.235s] -- Detecting C compile features - done
[0.237s] -- Check for working CXX compiler: /usr/bin/c++
[0.298s] -- Check for working CXX compiler: /usr/bin/c++ -- works
[0.299s] -- Detecting CXX compiler ABI info
[0.361s] -- Detecting CXX compiler ABI info - done
[0.373s] -- Detecting CXX compile features
[0.373s] -- Detecting CXX compile features - done
[0.376s] -- Found ament_cmake: 0.9.9 (/opt/ros/foxy/share/ament_cmake/cmake)
[0.397s] -- Found PythonInterp: /usr/bin/python3 (found suitable version "3.8.10", minimum required is "3") 
[0.397s] -- Using PYTHON_EXECUTABLE: /usr/bin/python3
[0.592s] -- Found rclcpp: 2.4.0 (/opt/ros/foxy/share/rclcpp/cmake)
[0.632s] -- Using all available rosidl_typesupport_c: rosidl_typesupport_fastrtps_c;rosidl_typesupport_introspection_c
[0.638s] -- Found rosidl_adapter: 1.2.1 (/opt/ros/foxy/share/rosidl_adapter/cmake)
[0.706s] -- Found OpenSSL: /usr/lib/x86_64-linux-gnu/libcrypto.so (found version "1.1.1f")  
[0.743s] -- Found FastRTPS: /opt/ros/foxy/include  
[0.818s] -- Using all available rosidl_typesupport_cpp: rosidl_typesupport_fastrtps_cpp;rosidl_typesupport_introspection_cpp
[0.895s] -- Found rmw_implementation_cmake: 1.0.3 (/opt/ros/foxy/share/rmw_implementation_cmake/cmake)
[0.896s] -- Using RMW implementation 'rmw_fastrtps_cpp' as default
[0.898s] -- Looking for pthread.h
[0.960s] -- Looking for pthread.h - found
[0.960s] -- Performing Test CMAKE_HAVE_LIBC_PTHREAD
[1.020s] -- Performing Test CMAKE_HAVE_LIBC_PTHREAD - Failed
[1.020s] -- Looking for pthread_create in pthreads
[1.066s] -- Looking for pthread_create in pthreads - not found
[1.066s] -- Looking for pthread_create in pthread
[1.119s] -- Looking for pthread_create in pthread - found
[1.120s] -- Found Threads: TRUE  
[1.266s] -- Found pluginlib: 2.5.3 (/opt/ros/foxy/share/pluginlib/cmake)
[1.292s] -- Found webots_ros2_driver: 1.1.1 (/opt/ros/foxy/share/webots_ros2_driver/cmake)
[2.291s] -- Configuring done
[2.315s] -- Generating done
[2.316s] -- Build files have been written to: /home/shipengl/LRSMT/agiletaur/build/firstcontroller
[2.324s] Invoked command in '/home/shipengl/LRSMT/agiletaur/build/firstcontroller' returned '0': CMAKE_PREFIX_PATH=/opt/ros/foxy /usr/bin/cmake /home/shipengl/LRSMT/agiletaur/src/agiletaur_controller/firstcontroller -DCMAKE_INSTALL_PREFIX=/home/shipengl/LRSMT/agiletaur/install/firstcontroller
[2.327s] Invoking command in '/home/shipengl/LRSMT/agiletaur/build/firstcontroller': CMAKE_PREFIX_PATH=/opt/ros/foxy /usr/bin/cmake --build /home/shipengl/LRSMT/agiletaur/build/firstcontroller -- -j16 -l16
[2.359s] [35m[1mScanning dependencies of target firstcontroller[0m
[2.394s] [ 50%] [32mBuilding CXX object CMakeFiles/firstcontroller.dir/src/firstcontroller.cpp.o[0m
[4.875s] [100%] [32m[1mLinking CXX shared library libfirstcontroller.so[0m
[4.993s] [100%] Built target firstcontroller
[5.003s] Invoked command in '/home/shipengl/LRSMT/agiletaur/build/firstcontroller' returned '0': CMAKE_PREFIX_PATH=/opt/ros/foxy /usr/bin/cmake --build /home/shipengl/LRSMT/agiletaur/build/firstcontroller -- -j16 -l16
[5.024s] Invoking command in '/home/shipengl/LRSMT/agiletaur/build/firstcontroller': CMAKE_PREFIX_PATH=/opt/ros/foxy /usr/bin/cmake --install /home/shipengl/LRSMT/agiletaur/build/firstcontroller
[5.031s] -- Install configuration: ""
[5.031s] -- Installing: /home/shipengl/LRSMT/agiletaur/install/firstcontroller/share/firstcontroller/firstcontroller.xml
[5.031s] -- Installing: /home/shipengl/LRSMT/agiletaur/install/firstcontroller/lib/libfirstcontroller.so
[5.031s] -- Set runtime path of "/home/shipengl/LRSMT/agiletaur/install/firstcontroller/lib/libfirstcontroller.so" to ""
[5.031s] -- Installing: /home/shipengl/LRSMT/agiletaur/install/firstcontroller/share/firstcontroller/environment/library_path.sh
[5.031s] -- Installing: /home/shipengl/LRSMT/agiletaur/install/firstcontroller/share/firstcontroller/environment/library_path.dsv
[5.032s] -- Installing: /home/shipengl/LRSMT/agiletaur/install/firstcontroller/share/ament_index/resource_index/package_run_dependencies/firstcontroller
[5.032s] -- Installing: /home/shipengl/LRSMT/agiletaur/install/firstcontroller/share/ament_index/resource_index/parent_prefix_path/firstcontroller
[5.032s] -- Installing: /home/shipengl/LRSMT/agiletaur/install/firstcontroller/share/firstcontroller/environment/ament_prefix_path.sh
[5.032s] -- Installing: /home/shipengl/LRSMT/agiletaur/install/firstcontroller/share/firstcontroller/environment/ament_prefix_path.dsv
[5.032s] -- Installing: /home/shipengl/LRSMT/agiletaur/install/firstcontroller/share/firstcontroller/environment/path.sh
[5.032s] -- Installing: /home/shipengl/LRSMT/agiletaur/install/firstcontroller/share/firstcontroller/environment/path.dsv
[5.032s] -- Installing: /home/shipengl/LRSMT/agiletaur/install/firstcontroller/share/firstcontroller/local_setup.bash
[5.032s] -- Installing: /home/shipengl/LRSMT/agiletaur/install/firstcontroller/share/firstcontroller/local_setup.sh
[5.032s] -- Installing: /home/shipengl/LRSMT/agiletaur/install/firstcontroller/share/firstcontroller/local_setup.zsh
[5.032s] -- Installing: /home/shipengl/LRSMT/agiletaur/install/firstcontroller/share/firstcontroller/local_setup.dsv
[5.033s] -- Installing: /home/shipengl/LRSMT/agiletaur/install/firstcontroller/share/firstcontroller/package.dsv
[5.033s] -- Installing: /home/shipengl/LRSMT/agiletaur/install/firstcontroller/share/ament_index/resource_index/packages/firstcontroller
[5.033s] -- Installing: /home/shipengl/LRSMT/agiletaur/install/firstcontroller/share/ament_index/resource_index/webots_ros2_driver__pluginlib__plugin/firstcontroller
[5.033s] -- Installing: /home/shipengl/LRSMT/agiletaur/install/firstcontroller/share/firstcontroller/cmake/ament_cmake_export_include_directories-extras.cmake
[5.033s] -- Installing: /home/shipengl/LRSMT/agiletaur/install/firstcontroller/share/firstcontroller/cmake/ament_cmake_export_libraries-extras.cmake
[5.033s] -- Installing: /home/shipengl/LRSMT/agiletaur/install/firstcontroller/share/firstcontroller/cmake/firstcontrollerConfig.cmake
[5.033s] -- Installing: /home/shipengl/LRSMT/agiletaur/install/firstcontroller/share/firstcontroller/cmake/firstcontrollerConfig-version.cmake
[5.033s] -- Installing: /home/shipengl/LRSMT/agiletaur/install/firstcontroller/share/firstcontroller/package.xml
[5.036s] Invoked command in '/home/shipengl/LRSMT/agiletaur/build/firstcontroller' returned '0': CMAKE_PREFIX_PATH=/opt/ros/foxy /usr/bin/cmake --install /home/shipengl/LRSMT/agiletaur/build/firstcontroller
