[0.051s] Invoking command in '/home/shipengl/LRSMT/agiletaur/build/odrive_hardware_interface': CMAKE_PREFIX_PATH=${CMAKE_PREFIX_PATH}:/home/shipengl/LRSMT/agiletaur/install/webots_ros2_epuck:/opt/ros/foxy /usr/bin/cmake --build /home/shipengl/LRSMT/agiletaur/build/odrive_hardware_interface -- -j16 -l16
[0.127s] [ 50%] Built target odrive_usb
[0.169s] [100%] Built target odrive_hardware_interface
[0.204s] Invoked command in '/home/shipengl/LRSMT/agiletaur/build/odrive_hardware_interface' returned '0': CMAKE_PREFIX_PATH=${CMAKE_PREFIX_PATH}:/home/shipengl/LRSMT/agiletaur/install/webots_ros2_epuck:/opt/ros/foxy /usr/bin/cmake --build /home/shipengl/LRSMT/agiletaur/build/odrive_hardware_interface -- -j16 -l16
[0.307s] Invoking command in '/home/shipengl/LRSMT/agiletaur/build/odrive_hardware_interface': CMAKE_PREFIX_PATH=${CMAKE_PREFIX_PATH}:/home/shipengl/LRSMT/agiletaur/install/webots_ros2_epuck:/opt/ros/foxy /usr/bin/cmake --install /home/shipengl/LRSMT/agiletaur/build/odrive_hardware_interface
[0.317s] -- Install configuration: ""
[0.318s] -- Up-to-date: /home/shipengl/LRSMT/agiletaur/install/odrive_hardware_interface/share/odrive_hardware_interface/odrive_hardware_interface.xml
[0.320s] -- Up-to-date: /home/shipengl/LRSMT/agiletaur/install/odrive_hardware_interface/include
[0.321s] -- Up-to-date: /home/shipengl/LRSMT/agiletaur/install/odrive_hardware_interface/include/odrive_hardware_interface
[0.321s] -- Up-to-date: /home/shipengl/LRSMT/agiletaur/install/odrive_hardware_interface/include/odrive_hardware_interface/odrive_endpoints.hpp
[0.321s] -- Up-to-date: /home/shipengl/LRSMT/agiletaur/install/odrive_hardware_interface/include/odrive_hardware_interface/visibility_control.hpp
[0.322s] -- Up-to-date: /home/shipengl/LRSMT/agiletaur/install/odrive_hardware_interface/include/odrive_hardware_interface/odrive_usb.hpp
[0.324s] -- Up-to-date: /home/shipengl/LRSMT/agiletaur/install/odrive_hardware_interface/include/odrive_hardware_interface/odrive_hardware_interface.hpp
[0.325s] -- Up-to-date: /home/shipengl/LRSMT/agiletaur/install/odrive_hardware_interface/share/odrive_hardware_interface/environment/library_path.sh
[0.325s] -- Up-to-date: /home/shipengl/LRSMT/agiletaur/install/odrive_hardware_interface/share/odrive_hardware_interface/environment/library_path.dsv
[0.326s] -- Up-to-date: /home/shipengl/LRSMT/agiletaur/install/odrive_hardware_interface/lib/libodrive_usb.so
[0.326s] -- Up-to-date: /home/shipengl/LRSMT/agiletaur/install/odrive_hardware_interface/lib/libodrive_hardware_interface.so
[0.326s] -- Up-to-date: /home/shipengl/LRSMT/agiletaur/install/odrive_hardware_interface/share/ament_index/resource_index/package_run_dependencies/odrive_hardware_interface
[0.326s] -- Up-to-date: /home/shipengl/LRSMT/agiletaur/install/odrive_hardware_interface/share/ament_index/resource_index/parent_prefix_path/odrive_hardware_interface
[0.326s] -- Up-to-date: /home/shipengl/LRSMT/agiletaur/install/odrive_hardware_interface/share/odrive_hardware_interface/environment/ament_prefix_path.sh
[0.326s] -- Up-to-date: /home/shipengl/LRSMT/agiletaur/install/odrive_hardware_interface/share/odrive_hardware_interface/environment/ament_prefix_path.dsv
[0.327s] -- Up-to-date: /home/shipengl/LRSMT/agiletaur/install/odrive_hardware_interface/share/odrive_hardware_interface/environment/path.sh
[0.327s] -- Up-to-date: /home/shipengl/LRSMT/agiletaur/install/odrive_hardware_interface/share/odrive_hardware_interface/environment/path.dsv
[0.327s] -- Up-to-date: /home/shipengl/LRSMT/agiletaur/install/odrive_hardware_interface/share/odrive_hardware_interface/local_setup.bash
[0.327s] -- Up-to-date: /home/shipengl/LRSMT/agiletaur/install/odrive_hardware_interface/share/odrive_hardware_interface/local_setup.sh
[0.327s] -- Up-to-date: /home/shipengl/LRSMT/agiletaur/install/odrive_hardware_interface/share/odrive_hardware_interface/local_setup.zsh
[0.327s] -- Up-to-date: /home/shipengl/LRSMT/agiletaur/install/odrive_hardware_interface/share/odrive_hardware_interface/local_setup.dsv
[0.327s] -- Installing: /home/shipengl/LRSMT/agiletaur/install/odrive_hardware_interface/share/odrive_hardware_interface/package.dsv
[0.328s] -- Up-to-date: /home/shipengl/LRSMT/agiletaur/install/odrive_hardware_interface/share/ament_index/resource_index/packages/odrive_hardware_interface
[0.329s] -- Up-to-date: /home/shipengl/LRSMT/agiletaur/install/odrive_hardware_interface/share/ament_index/resource_index/hardware_interface__pluginlib__plugin/odrive_hardware_interface
[0.329s] -- Up-to-date: /home/shipengl/LRSMT/agiletaur/install/odrive_hardware_interface/share/odrive_hardware_interface/cmake/ament_cmake_export_dependencies-extras.cmake
[0.329s] -- Up-to-date: /home/shipengl/LRSMT/agiletaur/install/odrive_hardware_interface/share/odrive_hardware_interface/cmake/ament_cmake_export_include_directories-extras.cmake
[0.329s] -- Up-to-date: /home/shipengl/LRSMT/agiletaur/install/odrive_hardware_interface/share/odrive_hardware_interface/cmake/ament_cmake_export_libraries-extras.cmake
[0.329s] -- Up-to-date: /home/shipengl/LRSMT/agiletaur/install/odrive_hardware_interface/share/odrive_hardware_interface/cmake/odrive_hardware_interfaceConfig.cmake
[0.330s] -- Up-to-date: /home/shipengl/LRSMT/agiletaur/install/odrive_hardware_interface/share/odrive_hardware_interface/cmake/odrive_hardware_interfaceConfig-version.cmake
[0.330s] -- Up-to-date: /home/shipengl/LRSMT/agiletaur/install/odrive_hardware_interface/share/odrive_hardware_interface/package.xml
[0.344s] Invoked command in '/home/shipengl/LRSMT/agiletaur/build/odrive_hardware_interface' returned '0': CMAKE_PREFIX_PATH=${CMAKE_PREFIX_PATH}:/home/shipengl/LRSMT/agiletaur/install/webots_ros2_epuck:/opt/ros/foxy /usr/bin/cmake --install /home/shipengl/LRSMT/agiletaur/build/odrive_hardware_interface
