[0.064s] Invoking command in '/home/shipengl/LRSMT/build/odrive_description': CMAKE_PREFIX_PATH=${CMAKE_PREFIX_PATH}:/opt/ros/foxy /usr/bin/cmake /home/shipengl/LRSMT/agiletaur/src/odrive_ros2_control/odrive_description -DCMAKE_INSTALL_PREFIX=/home/shipengl/LRSMT/install/odrive_description
[0.133s] -- The C compiler identification is GNU 9.3.0
[0.206s] -- The CXX compiler identification is GNU 9.3.0
[0.214s] -- Check for working C compiler: /usr/bin/cc
[0.309s] -- Check for working C compiler: /usr/bin/cc -- works
[0.310s] -- Detecting C compiler ABI info
[0.413s] -- Detecting C compiler ABI info - done
[0.430s] -- Detecting C compile features
[0.430s] -- Detecting C compile features - done
[0.434s] -- Check for working CXX compiler: /usr/bin/c++
[0.561s] -- Check for working CXX compiler: /usr/bin/c++ -- works
[0.563s] -- Detecting CXX compiler ABI info
[0.738s] -- Detecting CXX compiler ABI info - done
[0.784s] -- Detecting CXX compile features
[0.784s] -- Detecting CXX compile features - done
[0.785s] -- Found ament_cmake_auto: 0.9.9 (/opt/ros/foxy/share/ament_cmake_auto/cmake)
[0.910s] -- Found PythonInterp: /usr/bin/python3 (found suitable version "3.8.10", minimum required is "3") 
[0.913s] -- Using PYTHON_EXECUTABLE: /usr/bin/python3
[1.911s] -- Configuring done
[1.915s] -- Generating done
[1.916s] -- Build files have been written to: /home/shipengl/LRSMT/build/odrive_description
[1.938s] Invoked command in '/home/shipengl/LRSMT/build/odrive_description' returned '0': CMAKE_PREFIX_PATH=${CMAKE_PREFIX_PATH}:/opt/ros/foxy /usr/bin/cmake /home/shipengl/LRSMT/agiletaur/src/odrive_ros2_control/odrive_description -DCMAKE_INSTALL_PREFIX=/home/shipengl/LRSMT/install/odrive_description
[1.940s] Invoking command in '/home/shipengl/LRSMT/build/odrive_description': CMAKE_PREFIX_PATH=${CMAKE_PREFIX_PATH}:/opt/ros/foxy /usr/bin/cmake --build /home/shipengl/LRSMT/build/odrive_description -- -j16 -l16
[2.009s] Invoked command in '/home/shipengl/LRSMT/build/odrive_description' returned '0': CMAKE_PREFIX_PATH=${CMAKE_PREFIX_PATH}:/opt/ros/foxy /usr/bin/cmake --build /home/shipengl/LRSMT/build/odrive_description -- -j16 -l16
[2.082s] Invoking command in '/home/shipengl/LRSMT/build/odrive_description': CMAKE_PREFIX_PATH=${CMAKE_PREFIX_PATH}:/opt/ros/foxy /usr/bin/cmake --install /home/shipengl/LRSMT/build/odrive_description
[2.098s] -- Install configuration: ""
[2.098s] -- Installing: /home/shipengl/LRSMT/install/odrive_description/share/odrive_description/urdf
[2.098s] -- Installing: /home/shipengl/LRSMT/install/odrive_description/share/odrive_description/urdf/odrive.urdf.xacro
[2.099s] -- Installing: /home/shipengl/LRSMT/install/odrive_description/share/odrive_description/urdf/odrive.ros2_control.xacro
[2.099s] -- Installing: /home/shipengl/LRSMT/install/odrive_description/share/ament_index/resource_index/package_run_dependencies/odrive_description
[2.099s] -- Installing: /home/shipengl/LRSMT/install/odrive_description/share/ament_index/resource_index/parent_prefix_path/odrive_description
[2.100s] -- Installing: /home/shipengl/LRSMT/install/odrive_description/share/odrive_description/environment/ament_prefix_path.sh
[2.100s] -- Installing: /home/shipengl/LRSMT/install/odrive_description/share/odrive_description/environment/ament_prefix_path.dsv
[2.100s] -- Installing: /home/shipengl/LRSMT/install/odrive_description/share/odrive_description/environment/path.sh
[2.101s] -- Installing: /home/shipengl/LRSMT/install/odrive_description/share/odrive_description/environment/path.dsv
[2.101s] -- Installing: /home/shipengl/LRSMT/install/odrive_description/share/odrive_description/local_setup.bash
[2.101s] -- Installing: /home/shipengl/LRSMT/install/odrive_description/share/odrive_description/local_setup.sh
[2.101s] -- Installing: /home/shipengl/LRSMT/install/odrive_description/share/odrive_description/local_setup.zsh
[2.101s] -- Installing: /home/shipengl/LRSMT/install/odrive_description/share/odrive_description/local_setup.dsv
[2.101s] -- Installing: /home/shipengl/LRSMT/install/odrive_description/share/odrive_description/package.dsv
[2.101s] -- Installing: /home/shipengl/LRSMT/install/odrive_description/share/ament_index/resource_index/packages/odrive_description
[2.101s] -- Installing: /home/shipengl/LRSMT/install/odrive_description/share/odrive_description/cmake/odrive_descriptionConfig.cmake
[2.102s] -- Installing: /home/shipengl/LRSMT/install/odrive_description/share/odrive_description/cmake/odrive_descriptionConfig-version.cmake
[2.102s] -- Installing: /home/shipengl/LRSMT/install/odrive_description/share/odrive_description/package.xml
[2.115s] Invoked command in '/home/shipengl/LRSMT/build/odrive_description' returned '0': CMAKE_PREFIX_PATH=${CMAKE_PREFIX_PATH}:/opt/ros/foxy /usr/bin/cmake --install /home/shipengl/LRSMT/build/odrive_description
