[0.048s] Invoking command in '/home/shipengl/LRSMT/agiletaur/src/build/agiletaur_controller': CMAKE_PREFIX_PATH=${CMAKE_PREFIX_PATH}:/opt/ros/foxy /usr/bin/cmake --build /home/shipengl/LRSMT/agiletaur/src/build/agiletaur_controller -- -j16 -l16
[0.131s] [100%] Built target agiletaur_controller
[0.175s] Invoked command in '/home/shipengl/LRSMT/agiletaur/src/build/agiletaur_controller' returned '0': CMAKE_PREFIX_PATH=${CMAKE_PREFIX_PATH}:/opt/ros/foxy /usr/bin/cmake --build /home/shipengl/LRSMT/agiletaur/src/build/agiletaur_controller -- -j16 -l16
[0.257s] Invoking command in '/home/shipengl/LRSMT/agiletaur/src/build/agiletaur_controller': CMAKE_PREFIX_PATH=${CMAKE_PREFIX_PATH}:/opt/ros/foxy /usr/bin/cmake --install /home/shipengl/LRSMT/agiletaur/src/build/agiletaur_controller
[0.258s] -- Install configuration: ""
[0.258s] -- Up-to-date: /home/shipengl/LRSMT/agiletaur/src/install/agiletaur_controller/lib/agiletaur_controller/agiletaur_controller
[0.259s] -- Up-to-date: /home/shipengl/LRSMT/agiletaur/src/install/agiletaur_controller/share/ament_index/resource_index/package_run_dependencies/agiletaur_controller
[0.259s] -- Up-to-date: /home/shipengl/LRSMT/agiletaur/src/install/agiletaur_controller/share/ament_index/resource_index/parent_prefix_path/agiletaur_controller
[0.259s] -- Up-to-date: /home/shipengl/LRSMT/agiletaur/src/install/agiletaur_controller/share/agiletaur_controller/environment/ament_prefix_path.sh
[0.259s] -- Up-to-date: /home/shipengl/LRSMT/agiletaur/src/install/agiletaur_controller/share/agiletaur_controller/environment/ament_prefix_path.dsv
[0.260s] -- Up-to-date: /home/shipengl/LRSMT/agiletaur/src/install/agiletaur_controller/share/agiletaur_controller/environment/path.sh
[0.260s] -- Up-to-date: /home/shipengl/LRSMT/agiletaur/src/install/agiletaur_controller/share/agiletaur_controller/environment/path.dsv
[0.260s] -- Up-to-date: /home/shipengl/LRSMT/agiletaur/src/install/agiletaur_controller/share/agiletaur_controller/local_setup.bash
[0.260s] -- Up-to-date: /home/shipengl/LRSMT/agiletaur/src/install/agiletaur_controller/share/agiletaur_controller/local_setup.sh
[0.261s] -- Up-to-date: /home/shipengl/LRSMT/agiletaur/src/install/agiletaur_controller/share/agiletaur_controller/local_setup.zsh
[0.261s] -- Up-to-date: /home/shipengl/LRSMT/agiletaur/src/install/agiletaur_controller/share/agiletaur_controller/local_setup.dsv
[0.263s] -- Installing: /home/shipengl/LRSMT/agiletaur/src/install/agiletaur_controller/share/agiletaur_controller/package.dsv
[0.263s] -- Up-to-date: /home/shipengl/LRSMT/agiletaur/src/install/agiletaur_controller/share/ament_index/resource_index/packages/agiletaur_controller
[0.263s] -- Up-to-date: /home/shipengl/LRSMT/agiletaur/src/install/agiletaur_controller/share/agiletaur_controller/cmake/agiletaur_controllerConfig.cmake
[0.263s] -- Up-to-date: /home/shipengl/LRSMT/agiletaur/src/install/agiletaur_controller/share/agiletaur_controller/cmake/agiletaur_controllerConfig-version.cmake
[0.263s] -- Up-to-date: /home/shipengl/LRSMT/agiletaur/src/install/agiletaur_controller/share/agiletaur_controller/package.xml
[0.300s] Invoked command in '/home/shipengl/LRSMT/agiletaur/src/build/agiletaur_controller' returned '0': CMAKE_PREFIX_PATH=${CMAKE_PREFIX_PATH}:/opt/ros/foxy /usr/bin/cmake --install /home/shipengl/LRSMT/agiletaur/src/build/agiletaur_controller
