[0.074s] Invoking command in '/home/shipengl/LRSMT/build/odrive_bringup': AMENT_PREFIX_PATH=/home/shipengl/LRSMT/install/odrive_description:${AMENT_PREFIX_PATH} CMAKE_PREFIX_PATH=/home/shipengl/LRSMT/install/odrive_description:/home/shipengl/LRSMT/agiletaur/install/webots_simulation_assets:/home/shipengl/LRSMT/agiletaur/install/webots_ros2_control:/home/shipengl/LRSMT/agiletaur/install/webots_ros2_driver:/home/shipengl/LRSMT/agiletaur/install/webots_ros2_msgs:/home/shipengl/LRSMT/agiletaur/install/webots_description:/home/shipengl/LRSMT/agiletaur/install/webots_bringup:/home/shipengl/LRSMT/agiletaur/install/odrive_ros2_control:/home/shipengl/LRSMT/agiletaur/install/odrive_hardware_interface:/home/shipengl/LRSMT/agiletaur/install/odrive_bringup:/home/shipengl/LRSMT/agiletaur/install/odrive_description:/home/shipengl/LRSMT/agiletaur/install/agiletaur_launcher:/home/shipengl/LRSMT/agiletaur/install/cpp_pubsub:/home/shipengl/LRSMT/agiletaur/install/agiletaur_controller:/opt/ros/foxy /usr/bin/cmake /home/shipengl/LRSMT/agiletaur/src/odrive_ros2_control/odrive_bringup -DCMAKE_INSTALL_PREFIX=/home/shipengl/LRSMT/install/odrive_bringup
[0.155s] -- The C compiler identification is GNU 9.3.0
[0.239s] -- The CXX compiler identification is GNU 9.3.0
[0.245s] -- Check for working C compiler: /usr/bin/cc
[0.317s] -- Check for working C compiler: /usr/bin/cc -- works
[0.318s] -- Detecting C compiler ABI info
[0.391s] -- Detecting C compiler ABI info - done
[0.405s] -- Detecting C compile features
[0.405s] -- Detecting C compile features - done
[0.408s] -- Check for working CXX compiler: /usr/bin/c++
[0.509s] -- Check for working CXX compiler: /usr/bin/c++ -- works
[0.511s] -- Detecting CXX compiler ABI info
[0.613s] -- Detecting CXX compiler ABI info - done
[0.627s] -- Detecting CXX compile features
[0.627s] -- Detecting CXX compile features - done
[0.630s] -- Found ament_cmake_auto: 0.9.9 (/opt/ros/foxy/share/ament_cmake_auto/cmake)
[0.677s] -- Found PythonInterp: /usr/bin/python3 (found suitable version "3.8.10", minimum required is "3") 
[0.678s] -- Using PYTHON_EXECUTABLE: /usr/bin/python3
[1.167s] -- Configuring done
[1.169s] -- Generating done
[1.171s] -- Build files have been written to: /home/shipengl/LRSMT/build/odrive_bringup
[1.176s] Invoked command in '/home/shipengl/LRSMT/build/odrive_bringup' returned '0': AMENT_PREFIX_PATH=/home/shipengl/LRSMT/install/odrive_description:${AMENT_PREFIX_PATH} CMAKE_PREFIX_PATH=/home/shipengl/LRSMT/install/odrive_description:/home/shipengl/LRSMT/agiletaur/install/webots_simulation_assets:/home/shipengl/LRSMT/agiletaur/install/webots_ros2_control:/home/shipengl/LRSMT/agiletaur/install/webots_ros2_driver:/home/shipengl/LRSMT/agiletaur/install/webots_ros2_msgs:/home/shipengl/LRSMT/agiletaur/install/webots_description:/home/shipengl/LRSMT/agiletaur/install/webots_bringup:/home/shipengl/LRSMT/agiletaur/install/odrive_ros2_control:/home/shipengl/LRSMT/agiletaur/install/odrive_hardware_interface:/home/shipengl/LRSMT/agiletaur/install/odrive_bringup:/home/shipengl/LRSMT/agiletaur/install/odrive_description:/home/shipengl/LRSMT/agiletaur/install/agiletaur_launcher:/home/shipengl/LRSMT/agiletaur/install/cpp_pubsub:/home/shipengl/LRSMT/agiletaur/install/agiletaur_controller:/opt/ros/foxy /usr/bin/cmake /home/shipengl/LRSMT/agiletaur/src/odrive_ros2_control/odrive_bringup -DCMAKE_INSTALL_PREFIX=/home/shipengl/LRSMT/install/odrive_bringup
[1.181s] Invoking command in '/home/shipengl/LRSMT/build/odrive_bringup': AMENT_PREFIX_PATH=/home/shipengl/LRSMT/install/odrive_description:${AMENT_PREFIX_PATH} CMAKE_PREFIX_PATH=/home/shipengl/LRSMT/install/odrive_description:/home/shipengl/LRSMT/agiletaur/install/webots_simulation_assets:/home/shipengl/LRSMT/agiletaur/install/webots_ros2_control:/home/shipengl/LRSMT/agiletaur/install/webots_ros2_driver:/home/shipengl/LRSMT/agiletaur/install/webots_ros2_msgs:/home/shipengl/LRSMT/agiletaur/install/webots_description:/home/shipengl/LRSMT/agiletaur/install/webots_bringup:/home/shipengl/LRSMT/agiletaur/install/odrive_ros2_control:/home/shipengl/LRSMT/agiletaur/install/odrive_hardware_interface:/home/shipengl/LRSMT/agiletaur/install/odrive_bringup:/home/shipengl/LRSMT/agiletaur/install/odrive_description:/home/shipengl/LRSMT/agiletaur/install/agiletaur_launcher:/home/shipengl/LRSMT/agiletaur/install/cpp_pubsub:/home/shipengl/LRSMT/agiletaur/install/agiletaur_controller:/opt/ros/foxy /usr/bin/cmake --build /home/shipengl/LRSMT/build/odrive_bringup -- -j16 -l16
[1.241s] Invoked command in '/home/shipengl/LRSMT/build/odrive_bringup' returned '0': AMENT_PREFIX_PATH=/home/shipengl/LRSMT/install/odrive_description:${AMENT_PREFIX_PATH} CMAKE_PREFIX_PATH=/home/shipengl/LRSMT/install/odrive_description:/home/shipengl/LRSMT/agiletaur/install/webots_simulation_assets:/home/shipengl/LRSMT/agiletaur/install/webots_ros2_control:/home/shipengl/LRSMT/agiletaur/install/webots_ros2_driver:/home/shipengl/LRSMT/agiletaur/install/webots_ros2_msgs:/home/shipengl/LRSMT/agiletaur/install/webots_description:/home/shipengl/LRSMT/agiletaur/install/webots_bringup:/home/shipengl/LRSMT/agiletaur/install/odrive_ros2_control:/home/shipengl/LRSMT/agiletaur/install/odrive_hardware_interface:/home/shipengl/LRSMT/agiletaur/install/odrive_bringup:/home/shipengl/LRSMT/agiletaur/install/odrive_description:/home/shipengl/LRSMT/agiletaur/install/agiletaur_launcher:/home/shipengl/LRSMT/agiletaur/install/cpp_pubsub:/home/shipengl/LRSMT/agiletaur/install/agiletaur_controller:/opt/ros/foxy /usr/bin/cmake --build /home/shipengl/LRSMT/build/odrive_bringup -- -j16 -l16
[1.278s] Invoking command in '/home/shipengl/LRSMT/build/odrive_bringup': AMENT_PREFIX_PATH=/home/shipengl/LRSMT/install/odrive_description:${AMENT_PREFIX_PATH} CMAKE_PREFIX_PATH=/home/shipengl/LRSMT/install/odrive_description:/home/shipengl/LRSMT/agiletaur/install/webots_simulation_assets:/home/shipengl/LRSMT/agiletaur/install/webots_ros2_control:/home/shipengl/LRSMT/agiletaur/install/webots_ros2_driver:/home/shipengl/LRSMT/agiletaur/install/webots_ros2_msgs:/home/shipengl/LRSMT/agiletaur/install/webots_description:/home/shipengl/LRSMT/agiletaur/install/webots_bringup:/home/shipengl/LRSMT/agiletaur/install/odrive_ros2_control:/home/shipengl/LRSMT/agiletaur/install/odrive_hardware_interface:/home/shipengl/LRSMT/agiletaur/install/odrive_bringup:/home/shipengl/LRSMT/agiletaur/install/odrive_description:/home/shipengl/LRSMT/agiletaur/install/agiletaur_launcher:/home/shipengl/LRSMT/agiletaur/install/cpp_pubsub:/home/shipengl/LRSMT/agiletaur/install/agiletaur_controller:/opt/ros/foxy /usr/bin/cmake --install /home/shipengl/LRSMT/build/odrive_bringup
[1.291s] -- Install configuration: ""
[1.292s] -- Installing: /home/shipengl/LRSMT/install/odrive_bringup/share/odrive_bringup/config
[1.292s] -- Installing: /home/shipengl/LRSMT/install/odrive_bringup/share/odrive_bringup/config/odrive_controllers.yaml
[1.292s] -- Installing: /home/shipengl/LRSMT/install/odrive_bringup/share/odrive_bringup/launch
[1.292s] -- Installing: /home/shipengl/LRSMT/install/odrive_bringup/share/odrive_bringup/launch/odrive.launch.py
[1.292s] -- Installing: /home/shipengl/LRSMT/install/odrive_bringup/share/ament_index/resource_index/package_run_dependencies/odrive_bringup
[1.292s] -- Installing: /home/shipengl/LRSMT/install/odrive_bringup/share/ament_index/resource_index/parent_prefix_path/odrive_bringup
[1.293s] -- Installing: /home/shipengl/LRSMT/install/odrive_bringup/share/odrive_bringup/environment/ament_prefix_path.sh
[1.293s] -- Installing: /home/shipengl/LRSMT/install/odrive_bringup/share/odrive_bringup/environment/ament_prefix_path.dsv
[1.293s] -- Installing: /home/shipengl/LRSMT/install/odrive_bringup/share/odrive_bringup/environment/path.sh
[1.293s] -- Installing: /home/shipengl/LRSMT/install/odrive_bringup/share/odrive_bringup/environment/path.dsv
[1.293s] -- Installing: /home/shipengl/LRSMT/install/odrive_bringup/share/odrive_bringup/local_setup.bash
[1.293s] -- Installing: /home/shipengl/LRSMT/install/odrive_bringup/share/odrive_bringup/local_setup.sh
[1.294s] -- Installing: /home/shipengl/LRSMT/install/odrive_bringup/share/odrive_bringup/local_setup.zsh
[1.294s] -- Installing: /home/shipengl/LRSMT/install/odrive_bringup/share/odrive_bringup/local_setup.dsv
[1.294s] -- Installing: /home/shipengl/LRSMT/install/odrive_bringup/share/odrive_bringup/package.dsv
[1.294s] -- Installing: /home/shipengl/LRSMT/install/odrive_bringup/share/ament_index/resource_index/packages/odrive_bringup
[1.294s] -- Installing: /home/shipengl/LRSMT/install/odrive_bringup/share/odrive_bringup/cmake/odrive_bringupConfig.cmake
[1.295s] -- Installing: /home/shipengl/LRSMT/install/odrive_bringup/share/odrive_bringup/cmake/odrive_bringupConfig-version.cmake
[1.295s] -- Installing: /home/shipengl/LRSMT/install/odrive_bringup/share/odrive_bringup/package.xml
[1.299s] Invoked command in '/home/shipengl/LRSMT/build/odrive_bringup' returned '0': AMENT_PREFIX_PATH=/home/shipengl/LRSMT/install/odrive_description:${AMENT_PREFIX_PATH} CMAKE_PREFIX_PATH=/home/shipengl/LRSMT/install/odrive_description:/home/shipengl/LRSMT/agiletaur/install/webots_simulation_assets:/home/shipengl/LRSMT/agiletaur/install/webots_ros2_control:/home/shipengl/LRSMT/agiletaur/install/webots_ros2_driver:/home/shipengl/LRSMT/agiletaur/install/webots_ros2_msgs:/home/shipengl/LRSMT/agiletaur/install/webots_description:/home/shipengl/LRSMT/agiletaur/install/webots_bringup:/home/shipengl/LRSMT/agiletaur/install/odrive_ros2_control:/home/shipengl/LRSMT/agiletaur/install/odrive_hardware_interface:/home/shipengl/LRSMT/agiletaur/install/odrive_bringup:/home/shipengl/LRSMT/agiletaur/install/odrive_description:/home/shipengl/LRSMT/agiletaur/install/agiletaur_launcher:/home/shipengl/LRSMT/agiletaur/install/cpp_pubsub:/home/shipengl/LRSMT/agiletaur/install/agiletaur_controller:/opt/ros/foxy /usr/bin/cmake --install /home/shipengl/LRSMT/build/odrive_bringup
