[0.049s] Invoking command in '/home/shipengl/LRSMT/agiletaur/build/webots_description': CMAKE_PREFIX_PATH=${CMAKE_PREFIX_PATH}:/home/shipengl/LRSMT/agiletaur/install/webots_ros2_epuck:/opt/ros/foxy /usr/bin/cmake --build /home/shipengl/LRSMT/agiletaur/build/webots_description -- -j16 -l16
[0.111s] Invoked command in '/home/shipengl/LRSMT/agiletaur/build/webots_description' returned '0': CMAKE_PREFIX_PATH=${CMAKE_PREFIX_PATH}:/home/shipengl/LRSMT/agiletaur/install/webots_ros2_epuck:/opt/ros/foxy /usr/bin/cmake --build /home/shipengl/LRSMT/agiletaur/build/webots_description -- -j16 -l16
[0.169s] Invoking command in '/home/shipengl/LRSMT/agiletaur/build/webots_description': CMAKE_PREFIX_PATH=${CMAKE_PREFIX_PATH}:/home/shipengl/LRSMT/agiletaur/install/webots_ros2_epuck:/opt/ros/foxy /usr/bin/cmake --install /home/shipengl/LRSMT/agiletaur/build/webots_description
[0.183s] -- Install configuration: ""
[0.183s] -- Up-to-date: /home/shipengl/LRSMT/agiletaur/install/webots_description/share/webots_description/urdf
[0.184s] -- Up-to-date: /home/shipengl/LRSMT/agiletaur/install/webots_description/share/webots_description/urdf/dof12.urdf
[0.184s] -- Up-to-date: /home/shipengl/LRSMT/agiletaur/install/webots_description/share/webots_description/urdf/agiletaur.urdf
[0.184s] -- Up-to-date: /home/shipengl/LRSMT/agiletaur/install/webots_description/share/ament_index/resource_index/package_run_dependencies/webots_description
[0.185s] -- Up-to-date: /home/shipengl/LRSMT/agiletaur/install/webots_description/share/ament_index/resource_index/parent_prefix_path/webots_description
[0.185s] -- Up-to-date: /home/shipengl/LRSMT/agiletaur/install/webots_description/share/webots_description/environment/ament_prefix_path.sh
[0.186s] -- Up-to-date: /home/shipengl/LRSMT/agiletaur/install/webots_description/share/webots_description/environment/ament_prefix_path.dsv
[0.186s] -- Up-to-date: /home/shipengl/LRSMT/agiletaur/install/webots_description/share/webots_description/environment/path.sh
[0.186s] -- Up-to-date: /home/shipengl/LRSMT/agiletaur/install/webots_description/share/webots_description/environment/path.dsv
[0.186s] -- Up-to-date: /home/shipengl/LRSMT/agiletaur/install/webots_description/share/webots_description/local_setup.bash
[0.187s] -- Up-to-date: /home/shipengl/LRSMT/agiletaur/install/webots_description/share/webots_description/local_setup.sh
[0.187s] -- Up-to-date: /home/shipengl/LRSMT/agiletaur/install/webots_description/share/webots_description/local_setup.zsh
[0.187s] -- Up-to-date: /home/shipengl/LRSMT/agiletaur/install/webots_description/share/webots_description/local_setup.dsv
[0.187s] -- Installing: /home/shipengl/LRSMT/agiletaur/install/webots_description/share/webots_description/package.dsv
[0.188s] -- Up-to-date: /home/shipengl/LRSMT/agiletaur/install/webots_description/share/ament_index/resource_index/packages/webots_description
[0.188s] -- Up-to-date: /home/shipengl/LRSMT/agiletaur/install/webots_description/share/webots_description/cmake/webots_descriptionConfig.cmake
[0.188s] -- Up-to-date: /home/shipengl/LRSMT/agiletaur/install/webots_description/share/webots_description/cmake/webots_descriptionConfig-version.cmake
[0.188s] -- Up-to-date: /home/shipengl/LRSMT/agiletaur/install/webots_description/share/webots_description/package.xml
[0.220s] Invoked command in '/home/shipengl/LRSMT/agiletaur/build/webots_description' returned '0': CMAKE_PREFIX_PATH=${CMAKE_PREFIX_PATH}:/home/shipengl/LRSMT/agiletaur/install/webots_ros2_epuck:/opt/ros/foxy /usr/bin/cmake --install /home/shipengl/LRSMT/agiletaur/build/webots_description
