-- Install configuration: ""
-- Up-to-date: /home/shipengl/LRSMT/agiletaur/install/webots_simulation_assets/share/webots_simulation_assets/worlds
-- Up-to-date: /home/shipengl/LRSMT/agiletaur/install/webots_simulation_assets/share/webots_simulation_assets/worlds/agiletaur.wbt
-- Installing: /home/shipengl/LRSMT/agiletaur/install/webots_simulation_assets/share/webots_simulation_assets/worlds/.tinytaur.wbproj
-- Up-to-date: /home/shipengl/LRSMT/agiletaur/install/webots_simulation_assets/share/webots_simulation_assets/worlds/.empty.wbproj
-- Installing: /home/shipengl/LRSMT/agiletaur/install/webots_simulation_assets/share/webots_simulation_assets/worlds/.dof12.wbproj
-- Installing: /home/shipengl/LRSMT/agiletaur/install/webots_simulation_assets/share/webots_simulation_assets/worlds/.test_demo.wbproj
-- Installing: /home/shipengl/LRSMT/agiletaur/install/webots_simulation_assets/share/webots_simulation_assets/worlds/singleleg.wbt
-- Installing: /home/shipengl/LRSMT/agiletaur/install/webots_simulation_assets/share/webots_simulation_assets/worlds/.agiletaur.wbproj
-- Installing: /home/shipengl/LRSMT/agiletaur/install/webots_simulation_assets/share/webots_simulation_assets/worlds/.obstacle.wbproj
-- Installing: /home/shipengl/LRSMT/agiletaur/install/webots_simulation_assets/share/webots_simulation_assets/worlds/.copy.wbproj
-- Up-to-date: /home/shipengl/LRSMT/agiletaur/install/webots_simulation_assets/share/webots_simulation_assets/worlds/.newtaur.wbproj
-- Installing: /home/shipengl/LRSMT/agiletaur/install/webots_simulation_assets/share/webots_simulation_assets/worlds/.12dof.wbproj
-- Installing: /home/shipengl/LRSMT/agiletaur/install/webots_simulation_assets/share/webots_simulation_assets/worlds/dof12.wbt
-- Installing: /home/shipengl/LRSMT/agiletaur/install/webots_simulation_assets/share/webots_simulation_assets/worlds/.singleleg.wbproj
-- Up-to-date: /home/shipengl/LRSMT/agiletaur/install/webots_simulation_assets/share/ament_index/resource_index/package_run_dependencies/webots_simulation_assets
-- Up-to-date: /home/shipengl/LRSMT/agiletaur/install/webots_simulation_assets/share/ament_index/resource_index/parent_prefix_path/webots_simulation_assets
-- Up-to-date: /home/shipengl/LRSMT/agiletaur/install/webots_simulation_assets/share/webots_simulation_assets/environment/ament_prefix_path.sh
-- Up-to-date: /home/shipengl/LRSMT/agiletaur/install/webots_simulation_assets/share/webots_simulation_assets/environment/ament_prefix_path.dsv
-- Up-to-date: /home/shipengl/LRSMT/agiletaur/install/webots_simulation_assets/share/webots_simulation_assets/environment/path.sh
-- Up-to-date: /home/shipengl/LRSMT/agiletaur/install/webots_simulation_assets/share/webots_simulation_assets/environment/path.dsv
-- Up-to-date: /home/shipengl/LRSMT/agiletaur/install/webots_simulation_assets/share/webots_simulation_assets/local_setup.bash
-- Up-to-date: /home/shipengl/LRSMT/agiletaur/install/webots_simulation_assets/share/webots_simulation_assets/local_setup.sh
-- Up-to-date: /home/shipengl/LRSMT/agiletaur/install/webots_simulation_assets/share/webots_simulation_assets/local_setup.zsh
-- Up-to-date: /home/shipengl/LRSMT/agiletaur/install/webots_simulation_assets/share/webots_simulation_assets/local_setup.dsv
-- Installing: /home/shipengl/LRSMT/agiletaur/install/webots_simulation_assets/share/webots_simulation_assets/package.dsv
-- Up-to-date: /home/shipengl/LRSMT/agiletaur/install/webots_simulation_assets/share/ament_index/resource_index/packages/webots_simulation_assets
-- Up-to-date: /home/shipengl/LRSMT/agiletaur/install/webots_simulation_assets/share/webots_simulation_assets/cmake/webots_simulation_assetsConfig.cmake
-- Up-to-date: /home/shipengl/LRSMT/agiletaur/install/webots_simulation_assets/share/webots_simulation_assets/cmake/webots_simulation_assetsConfig-version.cmake
-- Up-to-date: /home/shipengl/LRSMT/agiletaur/install/webots_simulation_assets/share/webots_simulation_assets/package.xml
