[0.010s] Invoking command in '/home/shipengl/LRSMT/agiletaur/src/build/webots_ros2_control': AMENT_PREFIX_PATH=/home/shipengl/LRSMT/agiletaur/src/install/webots_ros2_driver:/home/shipengl/LRSMT/agiletaur/src/install/webots_ros2_msgs:${AMENT_PREFIX_PATH} CMAKE_PREFIX_PATH=/home/shipengl/LRSMT/agiletaur/src/install/webots_ros2_driver:/home/shipengl/LRSMT/agiletaur/src/install/webots_ros2_msgs:/opt/ros/foxy LD_LIBRARY_PATH=/home/shipengl/LRSMT/agiletaur/src/install/webots_ros2_driver/lib:/home/shipengl/LRSMT/agiletaur/src/install/webots_ros2_msgs/lib:${LD_LIBRARY_PATH} PYTHONPATH=/home/shipengl/LRSMT/agiletaur/src/install/webots_ros2_driver/lib/python3.8/site-packages:/home/shipengl/LRSMT/agiletaur/src/install/webots_ros2_msgs/lib/python3.8/site-packages:${PYTHONPATH} /usr/bin/cmake /home/shipengl/LRSMT/agiletaur/src/webots_ros2_control/webots_ros2_control -DCMAKE_INSTALL_PREFIX=/home/shipengl/LRSMT/agiletaur/src/install/webots_ros2_control
[0.054s] -- The C compiler identification is GNU 9.3.0
[0.097s] -- The CXX compiler identification is GNU 9.3.0
[0.101s] -- Check for working C compiler: /usr/bin/cc
[0.157s] -- Check for working C compiler: /usr/bin/cc -- works
[0.158s] -- Detecting C compiler ABI info
[0.219s] -- Detecting C compiler ABI info - done
[0.237s] -- Detecting C compile features
[0.237s] -- Detecting C compile features - done
[0.241s] -- Check for working CXX compiler: /usr/bin/c++
[0.310s] -- Check for working CXX compiler: /usr/bin/c++ -- works
[0.310s] -- Detecting CXX compiler ABI info
[0.375s] -- Detecting CXX compiler ABI info - done
[0.385s] -- Detecting CXX compile features
[0.386s] -- Detecting CXX compile features - done
[0.388s] -- Found ament_cmake: 0.9.9 (/opt/ros/foxy/share/ament_cmake/cmake)
[0.412s] -- Found PythonInterp: /usr/bin/python3 (found suitable version "3.8.10", minimum required is "3") 
[0.412s] -- Using PYTHON_EXECUTABLE: /usr/bin/python3
[0.606s] -- Found hardware_interface: 0.8.1 (/opt/ros/foxy/share/hardware_interface/cmake)
[0.637s] -- Using all available rosidl_typesupport_c: rosidl_typesupport_fastrtps_c;rosidl_typesupport_introspection_c
[0.643s] -- Found rosidl_adapter: 1.2.1 (/opt/ros/foxy/share/rosidl_adapter/cmake)
[0.710s] -- Found OpenSSL: /usr/lib/x86_64-linux-gnu/libcrypto.so (found version "1.1.1f")  
[0.736s] -- Found FastRTPS: /opt/ros/foxy/include  
[0.799s] -- Using all available rosidl_typesupport_cpp: rosidl_typesupport_fastrtps_cpp;rosidl_typesupport_introspection_cpp
[1.237s] -- Found controller_manager: 0.8.1 (/opt/ros/foxy/share/controller_manager/cmake)
[1.292s] -- Found rmw_implementation_cmake: 1.0.3 (/opt/ros/foxy/share/rmw_implementation_cmake/cmake)
[1.294s] -- Using RMW implementation 'rmw_fastrtps_cpp' as default
[1.295s] -- Looking for pthread.h
[1.348s] -- Looking for pthread.h - found
[1.349s] -- Performing Test CMAKE_HAVE_LIBC_PTHREAD
[1.404s] -- Performing Test CMAKE_HAVE_LIBC_PTHREAD - Failed
[1.404s] -- Looking for pthread_create in pthreads
[1.449s] -- Looking for pthread_create in pthreads - not found
[1.449s] -- Looking for pthread_create in pthread
[1.506s] -- Looking for pthread_create in pthread - found
[1.507s] -- Found Threads: TRUE  
[1.847s] -- Found webots_ros2_driver: 1.1.3 (/home/shipengl/LRSMT/agiletaur/src/install/webots_ros2_driver/share/webots_ros2_driver/cmake)
[2.974s] -- Configuring done
[3.026s] -- Generating done
[3.028s] -- Build files have been written to: /home/shipengl/LRSMT/agiletaur/src/build/webots_ros2_control
[3.036s] Invoked command in '/home/shipengl/LRSMT/agiletaur/src/build/webots_ros2_control' returned '0': AMENT_PREFIX_PATH=/home/shipengl/LRSMT/agiletaur/src/install/webots_ros2_driver:/home/shipengl/LRSMT/agiletaur/src/install/webots_ros2_msgs:${AMENT_PREFIX_PATH} CMAKE_PREFIX_PATH=/home/shipengl/LRSMT/agiletaur/src/install/webots_ros2_driver:/home/shipengl/LRSMT/agiletaur/src/install/webots_ros2_msgs:/opt/ros/foxy LD_LIBRARY_PATH=/home/shipengl/LRSMT/agiletaur/src/install/webots_ros2_driver/lib:/home/shipengl/LRSMT/agiletaur/src/install/webots_ros2_msgs/lib:${LD_LIBRARY_PATH} PYTHONPATH=/home/shipengl/LRSMT/agiletaur/src/install/webots_ros2_driver/lib/python3.8/site-packages:/home/shipengl/LRSMT/agiletaur/src/install/webots_ros2_msgs/lib/python3.8/site-packages:${PYTHONPATH} /usr/bin/cmake /home/shipengl/LRSMT/agiletaur/src/webots_ros2_control/webots_ros2_control -DCMAKE_INSTALL_PREFIX=/home/shipengl/LRSMT/agiletaur/src/install/webots_ros2_control
[3.040s] Invoking command in '/home/shipengl/LRSMT/agiletaur/src/build/webots_ros2_control': AMENT_PREFIX_PATH=/home/shipengl/LRSMT/agiletaur/src/install/webots_ros2_driver:/home/shipengl/LRSMT/agiletaur/src/install/webots_ros2_msgs:${AMENT_PREFIX_PATH} CMAKE_PREFIX_PATH=/home/shipengl/LRSMT/agiletaur/src/install/webots_ros2_driver:/home/shipengl/LRSMT/agiletaur/src/install/webots_ros2_msgs:/opt/ros/foxy LD_LIBRARY_PATH=/home/shipengl/LRSMT/agiletaur/src/install/webots_ros2_driver/lib:/home/shipengl/LRSMT/agiletaur/src/install/webots_ros2_msgs/lib:${LD_LIBRARY_PATH} PYTHONPATH=/home/shipengl/LRSMT/agiletaur/src/install/webots_ros2_driver/lib/python3.8/site-packages:/home/shipengl/LRSMT/agiletaur/src/install/webots_ros2_msgs/lib/python3.8/site-packages:${PYTHONPATH} /usr/bin/cmake --build /home/shipengl/LRSMT/agiletaur/src/build/webots_ros2_control -- -j16 -l16
[3.073s] [35m[1mScanning dependencies of target webots_ros2_control_system[0m
[3.073s] [35m[1mScanning dependencies of target webots_ros2_control[0m
[3.108s] [ 25%] [32mBuilding CXX object CMakeFiles/webots_ros2_control_system.dir/src/Ros2ControlSystem.cpp.o[0m
[3.119s] [ 50%] [32mBuilding CXX object CMakeFiles/webots_ros2_control.dir/src/Ros2Control.cpp.o[0m
[5.736s] [ 75%] [32m[1mLinking CXX shared library libwebots_ros2_control_system.so[0m
[5.854s] [ 75%] Built target webots_ros2_control_system
[7.107s] [100%] [32m[1mLinking CXX shared library libwebots_ros2_control.so[0m
[7.345s] [100%] Built target webots_ros2_control
[7.354s] Invoked command in '/home/shipengl/LRSMT/agiletaur/src/build/webots_ros2_control' returned '0': AMENT_PREFIX_PATH=/home/shipengl/LRSMT/agiletaur/src/install/webots_ros2_driver:/home/shipengl/LRSMT/agiletaur/src/install/webots_ros2_msgs:${AMENT_PREFIX_PATH} CMAKE_PREFIX_PATH=/home/shipengl/LRSMT/agiletaur/src/install/webots_ros2_driver:/home/shipengl/LRSMT/agiletaur/src/install/webots_ros2_msgs:/opt/ros/foxy LD_LIBRARY_PATH=/home/shipengl/LRSMT/agiletaur/src/install/webots_ros2_driver/lib:/home/shipengl/LRSMT/agiletaur/src/install/webots_ros2_msgs/lib:${LD_LIBRARY_PATH} PYTHONPATH=/home/shipengl/LRSMT/agiletaur/src/install/webots_ros2_driver/lib/python3.8/site-packages:/home/shipengl/LRSMT/agiletaur/src/install/webots_ros2_msgs/lib/python3.8/site-packages:${PYTHONPATH} /usr/bin/cmake --build /home/shipengl/LRSMT/agiletaur/src/build/webots_ros2_control -- -j16 -l16
[7.374s] Invoking command in '/home/shipengl/LRSMT/agiletaur/src/build/webots_ros2_control': AMENT_PREFIX_PATH=/home/shipengl/LRSMT/agiletaur/src/install/webots_ros2_driver:/home/shipengl/LRSMT/agiletaur/src/install/webots_ros2_msgs:${AMENT_PREFIX_PATH} CMAKE_PREFIX_PATH=/home/shipengl/LRSMT/agiletaur/src/install/webots_ros2_driver:/home/shipengl/LRSMT/agiletaur/src/install/webots_ros2_msgs:/opt/ros/foxy LD_LIBRARY_PATH=/home/shipengl/LRSMT/agiletaur/src/install/webots_ros2_driver/lib:/home/shipengl/LRSMT/agiletaur/src/install/webots_ros2_msgs/lib:${LD_LIBRARY_PATH} PYTHONPATH=/home/shipengl/LRSMT/agiletaur/src/install/webots_ros2_driver/lib/python3.8/site-packages:/home/shipengl/LRSMT/agiletaur/src/install/webots_ros2_msgs/lib/python3.8/site-packages:${PYTHONPATH} /usr/bin/cmake --install /home/shipengl/LRSMT/agiletaur/src/build/webots_ros2_control
[7.382s] -- Install configuration: ""
[7.382s] -- Installing: /home/shipengl/LRSMT/agiletaur/src/install/webots_ros2_control/share/webots_ros2_control/webots_ros2_control.xml
[7.382s] -- Installing: /home/shipengl/LRSMT/agiletaur/src/install/webots_ros2_control/share/webots_ros2_control/webots_ros2_control_system.xml
[7.382s] -- Installing: /home/shipengl/LRSMT/agiletaur/src/install/webots_ros2_control/lib/libwebots_ros2_control.so
[7.383s] -- Set runtime path of "/home/shipengl/LRSMT/agiletaur/src/install/webots_ros2_control/lib/libwebots_ros2_control.so" to ""
[7.384s] -- Installing: /home/shipengl/LRSMT/agiletaur/src/install/webots_ros2_control/lib/libwebots_ros2_control_system.so
[7.384s] -- Set runtime path of "/home/shipengl/LRSMT/agiletaur/src/install/webots_ros2_control/lib/libwebots_ros2_control_system.so" to ""
[7.384s] -- Installing: /home/shipengl/LRSMT/agiletaur/src/install/webots_ros2_control/share/webots_ros2_control/environment/library_path.sh
[7.384s] -- Installing: /home/shipengl/LRSMT/agiletaur/src/install/webots_ros2_control/share/webots_ros2_control/environment/library_path.dsv
[7.384s] -- Installing: /home/shipengl/LRSMT/agiletaur/src/install/webots_ros2_control/share/ament_index/resource_index/package_run_dependencies/webots_ros2_control
[7.385s] -- Installing: /home/shipengl/LRSMT/agiletaur/src/install/webots_ros2_control/share/ament_index/resource_index/parent_prefix_path/webots_ros2_control
[7.385s] -- Installing: /home/shipengl/LRSMT/agiletaur/src/install/webots_ros2_control/share/webots_ros2_control/environment/ament_prefix_path.sh
[7.385s] -- Installing: /home/shipengl/LRSMT/agiletaur/src/install/webots_ros2_control/share/webots_ros2_control/environment/ament_prefix_path.dsv
[7.385s] -- Installing: /home/shipengl/LRSMT/agiletaur/src/install/webots_ros2_control/share/webots_ros2_control/environment/path.sh
[7.385s] -- Installing: /home/shipengl/LRSMT/agiletaur/src/install/webots_ros2_control/share/webots_ros2_control/environment/path.dsv
[7.385s] -- Installing: /home/shipengl/LRSMT/agiletaur/src/install/webots_ros2_control/share/webots_ros2_control/local_setup.bash
[7.385s] -- Installing: /home/shipengl/LRSMT/agiletaur/src/install/webots_ros2_control/share/webots_ros2_control/local_setup.sh
[7.385s] -- Installing: /home/shipengl/LRSMT/agiletaur/src/install/webots_ros2_control/share/webots_ros2_control/local_setup.zsh
[7.385s] -- Installing: /home/shipengl/LRSMT/agiletaur/src/install/webots_ros2_control/share/webots_ros2_control/local_setup.dsv
[7.385s] -- Installing: /home/shipengl/LRSMT/agiletaur/src/install/webots_ros2_control/share/webots_ros2_control/package.dsv
[7.386s] -- Installing: /home/shipengl/LRSMT/agiletaur/src/install/webots_ros2_control/share/ament_index/resource_index/packages/webots_ros2_control
[7.386s] -- Installing: /home/shipengl/LRSMT/agiletaur/src/install/webots_ros2_control/share/ament_index/resource_index/webots_ros2_driver__pluginlib__plugin/webots_ros2_control
[7.386s] -- Installing: /home/shipengl/LRSMT/agiletaur/src/install/webots_ros2_control/share/ament_index/resource_index/webots_ros2_control__pluginlib__plugin/webots_ros2_control
[7.386s] -- Installing: /home/shipengl/LRSMT/agiletaur/src/install/webots_ros2_control/share/webots_ros2_control/cmake/ament_cmake_export_include_directories-extras.cmake
[7.386s] -- Installing: /home/shipengl/LRSMT/agiletaur/src/install/webots_ros2_control/share/webots_ros2_control/cmake/ament_cmake_export_dependencies-extras.cmake
[7.386s] -- Installing: /home/shipengl/LRSMT/agiletaur/src/install/webots_ros2_control/share/webots_ros2_control/cmake/ament_cmake_export_libraries-extras.cmake
[7.386s] -- Installing: /home/shipengl/LRSMT/agiletaur/src/install/webots_ros2_control/share/webots_ros2_control/cmake/webots_ros2_controlConfig.cmake
[7.386s] -- Installing: /home/shipengl/LRSMT/agiletaur/src/install/webots_ros2_control/share/webots_ros2_control/cmake/webots_ros2_controlConfig-version.cmake
[7.386s] -- Installing: /home/shipengl/LRSMT/agiletaur/src/install/webots_ros2_control/share/webots_ros2_control/package.xml
[7.389s] Invoked command in '/home/shipengl/LRSMT/agiletaur/src/build/webots_ros2_control' returned '0': AMENT_PREFIX_PATH=/home/shipengl/LRSMT/agiletaur/src/install/webots_ros2_driver:/home/shipengl/LRSMT/agiletaur/src/install/webots_ros2_msgs:${AMENT_PREFIX_PATH} CMAKE_PREFIX_PATH=/home/shipengl/LRSMT/agiletaur/src/install/webots_ros2_driver:/home/shipengl/LRSMT/agiletaur/src/install/webots_ros2_msgs:/opt/ros/foxy LD_LIBRARY_PATH=/home/shipengl/LRSMT/agiletaur/src/install/webots_ros2_driver/lib:/home/shipengl/LRSMT/agiletaur/src/install/webots_ros2_msgs/lib:${LD_LIBRARY_PATH} PYTHONPATH=/home/shipengl/LRSMT/agiletaur/src/install/webots_ros2_driver/lib/python3.8/site-packages:/home/shipengl/LRSMT/agiletaur/src/install/webots_ros2_msgs/lib/python3.8/site-packages:${PYTHONPATH} /usr/bin/cmake --install /home/shipengl/LRSMT/agiletaur/src/build/webots_ros2_control
