[0.010s] Invoking command in '/home/shipengl/LRSMT/agiletaur/build/webots_ros2_control': CMAKE_PREFIX_PATH=/home/shipengl/LRSMT/agiletaur/install/webots_ros2_driver:/home/shipengl/LRSMT/agiletaur/install/webots_ros2_msgs:/home/shipengl/LRSMT/agiletaur/install/webots_ros2_control:/home/shipengl/LRSMT/agiletaur/install/webots_ros2:/home/shipengl/LRSMT/agiletaur/install/webots_ros2_universal_robot:/home/shipengl/LRSMT/agiletaur/install/webots_ros2_turtlebot:/home/shipengl/LRSMT/agiletaur/install/webots_ros2_tiago:/home/shipengl/LRSMT/agiletaur/install/webots_ros2_tests:/home/shipengl/LRSMT/agiletaur/install/webots_ros2_tesla:/home/shipengl/LRSMT/agiletaur/install/webots_ros2_mavic:/home/shipengl/LRSMT/agiletaur/install/webots_ros2_epuck:/home/shipengl/LRSMT/agiletaur/install/webots_ros2_core:/home/shipengl/LRSMT/agiletaur/install/webots_ros2_importer:/opt/ros/foxy LD_LIBRARY_PATH=/home/shipengl/LRSMT/agiletaur/install/webots_ros2_driver/lib:/home/shipengl/LRSMT/agiletaur/install/webots_ros2_msgs/lib:/home/shipengl/LRSMT/agiletaur/install/webots_ros2_control/lib:/opt/ros/foxy/opt/yaml_cpp_vendor/lib:/opt/ros/foxy/opt/rviz_ogre_vendor/lib:/opt/ros/foxy/lib/x86_64-linux-gnu:/opt/ros/foxy/lib PYTHONPATH=/home/shipengl/LRSMT/agiletaur/install/webots_ros2_driver/lib/python3.8/site-packages:/home/shipengl/LRSMT/agiletaur/install/webots_ros2_msgs/lib/python3.8/site-packages:/home/shipengl/LRSMT/agiletaur/install/webots_ros2/lib/python3.8/site-packages:/home/shipengl/LRSMT/agiletaur/install/webots_ros2_universal_robot/lib/python3.8/site-packages:/home/shipengl/LRSMT/agiletaur/install/webots_ros2_turtlebot/lib/python3.8/site-packages:/home/shipengl/LRSMT/agiletaur/install/webots_ros2_tiago/lib/python3.8/site-packages:/home/shipengl/LRSMT/agiletaur/install/webots_ros2_tests/lib/python3.8/site-packages:/home/shipengl/LRSMT/agiletaur/install/webots_ros2_tesla/lib/python3.8/site-packages:/home/shipengl/LRSMT/agiletaur/install/webots_ros2_mavic/lib/python3.8/site-packages:/home/shipengl/LRSMT/agiletaur/install/webots_ros2_epuck/lib/python3.8/site-packages:/home/shipengl/LRSMT/agiletaur/install/webots_ros2_core/lib/python3.8/site-packages:/home/shipengl/LRSMT/agiletaur/install/webots_ros2_importer/lib/python3.8/site-packages:/opt/ros/foxy/lib/python3.8/site-packages /usr/bin/cmake /home/shipengl/LRSMT/agiletaur/src/webots_interface/webots_ros2_control -DCMAKE_INSTALL_PREFIX=/home/shipengl/LRSMT/agiletaur/install/webots_ros2_control
[0.046s] -- The C compiler identification is GNU 9.3.0
[0.083s] -- The CXX compiler identification is GNU 9.3.0
[0.088s] -- Check for working C compiler: /usr/bin/cc
[0.133s] -- Check for working C compiler: /usr/bin/cc -- works
[0.133s] -- Detecting C compiler ABI info
[0.178s] -- Detecting C compiler ABI info - done
[0.188s] -- Detecting C compile features
[0.188s] -- Detecting C compile features - done
[0.191s] -- Check for working CXX compiler: /usr/bin/c++
[0.246s] -- Check for working CXX compiler: /usr/bin/c++ -- works
[0.247s] -- Detecting CXX compiler ABI info
[0.301s] -- Detecting CXX compiler ABI info - done
[0.311s] -- Detecting CXX compile features
[0.311s] -- Detecting CXX compile features - done
[0.313s] -- Found ament_cmake: 0.9.9 (/opt/ros/foxy/share/ament_cmake/cmake)
[0.332s] -- Found PythonInterp: /usr/bin/python3 (found suitable version "3.8.10", minimum required is "3") 
[0.332s] -- Using PYTHON_EXECUTABLE: /usr/bin/python3
[0.481s] -- Found hardware_interface: 0.8.1 (/opt/ros/foxy/share/hardware_interface/cmake)
[0.507s] -- Using all available rosidl_typesupport_c: rosidl_typesupport_fastrtps_c;rosidl_typesupport_introspection_c
[0.512s] -- Found rosidl_adapter: 1.2.1 (/opt/ros/foxy/share/rosidl_adapter/cmake)
[0.560s] -- Found OpenSSL: /usr/lib/x86_64-linux-gnu/libcrypto.so (found version "1.1.1f")  
[0.579s] -- Found FastRTPS: /opt/ros/foxy/include  
[0.634s] -- Using all available rosidl_typesupport_cpp: rosidl_typesupport_fastrtps_cpp;rosidl_typesupport_introspection_cpp
[1.000s] -- Found controller_manager: 0.8.1 (/opt/ros/foxy/share/controller_manager/cmake)
[1.046s] -- Found rmw_implementation_cmake: 1.0.3 (/opt/ros/foxy/share/rmw_implementation_cmake/cmake)
[1.048s] -- Using RMW implementation 'rmw_fastrtps_cpp' as default
[1.049s] -- Looking for pthread.h
[1.095s] -- Looking for pthread.h - found
[1.095s] -- Performing Test CMAKE_HAVE_LIBC_PTHREAD
[1.144s] -- Performing Test CMAKE_HAVE_LIBC_PTHREAD - Failed
[1.144s] -- Looking for pthread_create in pthreads
[1.181s] -- Looking for pthread_create in pthreads - not found
[1.182s] -- Looking for pthread_create in pthread
[1.227s] -- Looking for pthread_create in pthread - found
[1.228s] -- Found Threads: TRUE  
[1.477s] -- Found webots_ros2_driver: 1.1.3 (/home/shipengl/LRSMT/agiletaur/install/webots_ros2_driver/share/webots_ros2_driver/cmake)
[2.429s] -- Configuring done
[2.473s] -- Generating done
[2.475s] -- Build files have been written to: /home/shipengl/LRSMT/agiletaur/build/webots_ros2_control
[2.481s] Invoked command in '/home/shipengl/LRSMT/agiletaur/build/webots_ros2_control' returned '0': CMAKE_PREFIX_PATH=/home/shipengl/LRSMT/agiletaur/install/webots_ros2_driver:/home/shipengl/LRSMT/agiletaur/install/webots_ros2_msgs:/home/shipengl/LRSMT/agiletaur/install/webots_ros2_control:/home/shipengl/LRSMT/agiletaur/install/webots_ros2:/home/shipengl/LRSMT/agiletaur/install/webots_ros2_universal_robot:/home/shipengl/LRSMT/agiletaur/install/webots_ros2_turtlebot:/home/shipengl/LRSMT/agiletaur/install/webots_ros2_tiago:/home/shipengl/LRSMT/agiletaur/install/webots_ros2_tests:/home/shipengl/LRSMT/agiletaur/install/webots_ros2_tesla:/home/shipengl/LRSMT/agiletaur/install/webots_ros2_mavic:/home/shipengl/LRSMT/agiletaur/install/webots_ros2_epuck:/home/shipengl/LRSMT/agiletaur/install/webots_ros2_core:/home/shipengl/LRSMT/agiletaur/install/webots_ros2_importer:/opt/ros/foxy LD_LIBRARY_PATH=/home/shipengl/LRSMT/agiletaur/install/webots_ros2_driver/lib:/home/shipengl/LRSMT/agiletaur/install/webots_ros2_msgs/lib:/home/shipengl/LRSMT/agiletaur/install/webots_ros2_control/lib:/opt/ros/foxy/opt/yaml_cpp_vendor/lib:/opt/ros/foxy/opt/rviz_ogre_vendor/lib:/opt/ros/foxy/lib/x86_64-linux-gnu:/opt/ros/foxy/lib PYTHONPATH=/home/shipengl/LRSMT/agiletaur/install/webots_ros2_driver/lib/python3.8/site-packages:/home/shipengl/LRSMT/agiletaur/install/webots_ros2_msgs/lib/python3.8/site-packages:/home/shipengl/LRSMT/agiletaur/install/webots_ros2/lib/python3.8/site-packages:/home/shipengl/LRSMT/agiletaur/install/webots_ros2_universal_robot/lib/python3.8/site-packages:/home/shipengl/LRSMT/agiletaur/install/webots_ros2_turtlebot/lib/python3.8/site-packages:/home/shipengl/LRSMT/agiletaur/install/webots_ros2_tiago/lib/python3.8/site-packages:/home/shipengl/LRSMT/agiletaur/install/webots_ros2_tests/lib/python3.8/site-packages:/home/shipengl/LRSMT/agiletaur/install/webots_ros2_tesla/lib/python3.8/site-packages:/home/shipengl/LRSMT/agiletaur/install/webots_ros2_mavic/lib/python3.8/site-packages:/home/shipengl/LRSMT/agiletaur/install/webots_ros2_epuck/lib/python3.8/site-packages:/home/shipengl/LRSMT/agiletaur/install/webots_ros2_core/lib/python3.8/site-packages:/home/shipengl/LRSMT/agiletaur/install/webots_ros2_importer/lib/python3.8/site-packages:/opt/ros/foxy/lib/python3.8/site-packages /usr/bin/cmake /home/shipengl/LRSMT/agiletaur/src/webots_interface/webots_ros2_control -DCMAKE_INSTALL_PREFIX=/home/shipengl/LRSMT/agiletaur/install/webots_ros2_control
[2.484s] Invoking command in '/home/shipengl/LRSMT/agiletaur/build/webots_ros2_control': CMAKE_PREFIX_PATH=/home/shipengl/LRSMT/agiletaur/install/webots_ros2_driver:/home/shipengl/LRSMT/agiletaur/install/webots_ros2_msgs:/home/shipengl/LRSMT/agiletaur/install/webots_ros2_control:/home/shipengl/LRSMT/agiletaur/install/webots_ros2:/home/shipengl/LRSMT/agiletaur/install/webots_ros2_universal_robot:/home/shipengl/LRSMT/agiletaur/install/webots_ros2_turtlebot:/home/shipengl/LRSMT/agiletaur/install/webots_ros2_tiago:/home/shipengl/LRSMT/agiletaur/install/webots_ros2_tests:/home/shipengl/LRSMT/agiletaur/install/webots_ros2_tesla:/home/shipengl/LRSMT/agiletaur/install/webots_ros2_mavic:/home/shipengl/LRSMT/agiletaur/install/webots_ros2_epuck:/home/shipengl/LRSMT/agiletaur/install/webots_ros2_core:/home/shipengl/LRSMT/agiletaur/install/webots_ros2_importer:/opt/ros/foxy LD_LIBRARY_PATH=/home/shipengl/LRSMT/agiletaur/install/webots_ros2_driver/lib:/home/shipengl/LRSMT/agiletaur/install/webots_ros2_msgs/lib:/home/shipengl/LRSMT/agiletaur/install/webots_ros2_control/lib:/opt/ros/foxy/opt/yaml_cpp_vendor/lib:/opt/ros/foxy/opt/rviz_ogre_vendor/lib:/opt/ros/foxy/lib/x86_64-linux-gnu:/opt/ros/foxy/lib PYTHONPATH=/home/shipengl/LRSMT/agiletaur/install/webots_ros2_driver/lib/python3.8/site-packages:/home/shipengl/LRSMT/agiletaur/install/webots_ros2_msgs/lib/python3.8/site-packages:/home/shipengl/LRSMT/agiletaur/install/webots_ros2/lib/python3.8/site-packages:/home/shipengl/LRSMT/agiletaur/install/webots_ros2_universal_robot/lib/python3.8/site-packages:/home/shipengl/LRSMT/agiletaur/install/webots_ros2_turtlebot/lib/python3.8/site-packages:/home/shipengl/LRSMT/agiletaur/install/webots_ros2_tiago/lib/python3.8/site-packages:/home/shipengl/LRSMT/agiletaur/install/webots_ros2_tests/lib/python3.8/site-packages:/home/shipengl/LRSMT/agiletaur/install/webots_ros2_tesla/lib/python3.8/site-packages:/home/shipengl/LRSMT/agiletaur/install/webots_ros2_mavic/lib/python3.8/site-packages:/home/shipengl/LRSMT/agiletaur/install/webots_ros2_epuck/lib/python3.8/site-packages:/home/shipengl/LRSMT/agiletaur/install/webots_ros2_core/lib/python3.8/site-packages:/home/shipengl/LRSMT/agiletaur/install/webots_ros2_importer/lib/python3.8/site-packages:/opt/ros/foxy/lib/python3.8/site-packages /usr/bin/cmake --build /home/shipengl/LRSMT/agiletaur/build/webots_ros2_control -- -j16 -l16
[2.512s] [35m[1mScanning dependencies of target webots_ros2_control_system[0m
[2.512s] [35m[1mScanning dependencies of target webots_ros2_control[0m
[2.542s] [ 25%] [32mBuilding CXX object CMakeFiles/webots_ros2_control_system.dir/src/Ros2ControlSystem.cpp.o[0m
[2.545s] [ 50%] [32mBuilding CXX object CMakeFiles/webots_ros2_control.dir/src/Ros2Control.cpp.o[0m
[4.747s] [ 75%] [32m[1mLinking CXX shared library libwebots_ros2_control_system.so[0m
[4.843s] [ 75%] Built target webots_ros2_control_system
[5.822s] [100%] [32m[1mLinking CXX shared library libwebots_ros2_control.so[0m
[6.008s] [100%] Built target webots_ros2_control
[6.016s] Invoked command in '/home/shipengl/LRSMT/agiletaur/build/webots_ros2_control' returned '0': CMAKE_PREFIX_PATH=/home/shipengl/LRSMT/agiletaur/install/webots_ros2_driver:/home/shipengl/LRSMT/agiletaur/install/webots_ros2_msgs:/home/shipengl/LRSMT/agiletaur/install/webots_ros2_control:/home/shipengl/LRSMT/agiletaur/install/webots_ros2:/home/shipengl/LRSMT/agiletaur/install/webots_ros2_universal_robot:/home/shipengl/LRSMT/agiletaur/install/webots_ros2_turtlebot:/home/shipengl/LRSMT/agiletaur/install/webots_ros2_tiago:/home/shipengl/LRSMT/agiletaur/install/webots_ros2_tests:/home/shipengl/LRSMT/agiletaur/install/webots_ros2_tesla:/home/shipengl/LRSMT/agiletaur/install/webots_ros2_mavic:/home/shipengl/LRSMT/agiletaur/install/webots_ros2_epuck:/home/shipengl/LRSMT/agiletaur/install/webots_ros2_core:/home/shipengl/LRSMT/agiletaur/install/webots_ros2_importer:/opt/ros/foxy LD_LIBRARY_PATH=/home/shipengl/LRSMT/agiletaur/install/webots_ros2_driver/lib:/home/shipengl/LRSMT/agiletaur/install/webots_ros2_msgs/lib:/home/shipengl/LRSMT/agiletaur/install/webots_ros2_control/lib:/opt/ros/foxy/opt/yaml_cpp_vendor/lib:/opt/ros/foxy/opt/rviz_ogre_vendor/lib:/opt/ros/foxy/lib/x86_64-linux-gnu:/opt/ros/foxy/lib PYTHONPATH=/home/shipengl/LRSMT/agiletaur/install/webots_ros2_driver/lib/python3.8/site-packages:/home/shipengl/LRSMT/agiletaur/install/webots_ros2_msgs/lib/python3.8/site-packages:/home/shipengl/LRSMT/agiletaur/install/webots_ros2/lib/python3.8/site-packages:/home/shipengl/LRSMT/agiletaur/install/webots_ros2_universal_robot/lib/python3.8/site-packages:/home/shipengl/LRSMT/agiletaur/install/webots_ros2_turtlebot/lib/python3.8/site-packages:/home/shipengl/LRSMT/agiletaur/install/webots_ros2_tiago/lib/python3.8/site-packages:/home/shipengl/LRSMT/agiletaur/install/webots_ros2_tests/lib/python3.8/site-packages:/home/shipengl/LRSMT/agiletaur/install/webots_ros2_tesla/lib/python3.8/site-packages:/home/shipengl/LRSMT/agiletaur/install/webots_ros2_mavic/lib/python3.8/site-packages:/home/shipengl/LRSMT/agiletaur/install/webots_ros2_epuck/lib/python3.8/site-packages:/home/shipengl/LRSMT/agiletaur/install/webots_ros2_core/lib/python3.8/site-packages:/home/shipengl/LRSMT/agiletaur/install/webots_ros2_importer/lib/python3.8/site-packages:/opt/ros/foxy/lib/python3.8/site-packages /usr/bin/cmake --build /home/shipengl/LRSMT/agiletaur/build/webots_ros2_control -- -j16 -l16
[6.036s] Invoking command in '/home/shipengl/LRSMT/agiletaur/build/webots_ros2_control': CMAKE_PREFIX_PATH=/home/shipengl/LRSMT/agiletaur/install/webots_ros2_driver:/home/shipengl/LRSMT/agiletaur/install/webots_ros2_msgs:/home/shipengl/LRSMT/agiletaur/install/webots_ros2_control:/home/shipengl/LRSMT/agiletaur/install/webots_ros2:/home/shipengl/LRSMT/agiletaur/install/webots_ros2_universal_robot:/home/shipengl/LRSMT/agiletaur/install/webots_ros2_turtlebot:/home/shipengl/LRSMT/agiletaur/install/webots_ros2_tiago:/home/shipengl/LRSMT/agiletaur/install/webots_ros2_tests:/home/shipengl/LRSMT/agiletaur/install/webots_ros2_tesla:/home/shipengl/LRSMT/agiletaur/install/webots_ros2_mavic:/home/shipengl/LRSMT/agiletaur/install/webots_ros2_epuck:/home/shipengl/LRSMT/agiletaur/install/webots_ros2_core:/home/shipengl/LRSMT/agiletaur/install/webots_ros2_importer:/opt/ros/foxy LD_LIBRARY_PATH=/home/shipengl/LRSMT/agiletaur/install/webots_ros2_driver/lib:/home/shipengl/LRSMT/agiletaur/install/webots_ros2_msgs/lib:/home/shipengl/LRSMT/agiletaur/install/webots_ros2_control/lib:/opt/ros/foxy/opt/yaml_cpp_vendor/lib:/opt/ros/foxy/opt/rviz_ogre_vendor/lib:/opt/ros/foxy/lib/x86_64-linux-gnu:/opt/ros/foxy/lib PYTHONPATH=/home/shipengl/LRSMT/agiletaur/install/webots_ros2_driver/lib/python3.8/site-packages:/home/shipengl/LRSMT/agiletaur/install/webots_ros2_msgs/lib/python3.8/site-packages:/home/shipengl/LRSMT/agiletaur/install/webots_ros2/lib/python3.8/site-packages:/home/shipengl/LRSMT/agiletaur/install/webots_ros2_universal_robot/lib/python3.8/site-packages:/home/shipengl/LRSMT/agiletaur/install/webots_ros2_turtlebot/lib/python3.8/site-packages:/home/shipengl/LRSMT/agiletaur/install/webots_ros2_tiago/lib/python3.8/site-packages:/home/shipengl/LRSMT/agiletaur/install/webots_ros2_tests/lib/python3.8/site-packages:/home/shipengl/LRSMT/agiletaur/install/webots_ros2_tesla/lib/python3.8/site-packages:/home/shipengl/LRSMT/agiletaur/install/webots_ros2_mavic/lib/python3.8/site-packages:/home/shipengl/LRSMT/agiletaur/install/webots_ros2_epuck/lib/python3.8/site-packages:/home/shipengl/LRSMT/agiletaur/install/webots_ros2_core/lib/python3.8/site-packages:/home/shipengl/LRSMT/agiletaur/install/webots_ros2_importer/lib/python3.8/site-packages:/opt/ros/foxy/lib/python3.8/site-packages /usr/bin/cmake --install /home/shipengl/LRSMT/agiletaur/build/webots_ros2_control
[6.042s] -- Install configuration: ""
[6.042s] -- Installing: /home/shipengl/LRSMT/agiletaur/install/webots_ros2_control/share/webots_ros2_control/webots_ros2_control.xml
[6.042s] -- Installing: /home/shipengl/LRSMT/agiletaur/install/webots_ros2_control/share/webots_ros2_control/webots_ros2_control_system.xml
[6.042s] -- Installing: /home/shipengl/LRSMT/agiletaur/install/webots_ros2_control/lib/libwebots_ros2_control.so
[6.043s] -- Set runtime path of "/home/shipengl/LRSMT/agiletaur/install/webots_ros2_control/lib/libwebots_ros2_control.so" to ""
[6.043s] -- Installing: /home/shipengl/LRSMT/agiletaur/install/webots_ros2_control/lib/libwebots_ros2_control_system.so
[6.044s] -- Set runtime path of "/home/shipengl/LRSMT/agiletaur/install/webots_ros2_control/lib/libwebots_ros2_control_system.so" to ""
[6.044s] -- Installing: /home/shipengl/LRSMT/agiletaur/install/webots_ros2_control/share/webots_ros2_control/environment/library_path.sh
[6.044s] -- Installing: /home/shipengl/LRSMT/agiletaur/install/webots_ros2_control/share/webots_ros2_control/environment/library_path.dsv
[6.044s] -- Installing: /home/shipengl/LRSMT/agiletaur/install/webots_ros2_control/share/ament_index/resource_index/package_run_dependencies/webots_ros2_control
[6.045s] -- Installing: /home/shipengl/LRSMT/agiletaur/install/webots_ros2_control/share/ament_index/resource_index/parent_prefix_path/webots_ros2_control
[6.045s] -- Installing: /home/shipengl/LRSMT/agiletaur/install/webots_ros2_control/share/webots_ros2_control/environment/ament_prefix_path.sh
[6.045s] -- Installing: /home/shipengl/LRSMT/agiletaur/install/webots_ros2_control/share/webots_ros2_control/environment/ament_prefix_path.dsv
[6.045s] -- Installing: /home/shipengl/LRSMT/agiletaur/install/webots_ros2_control/share/webots_ros2_control/environment/path.sh
[6.045s] -- Installing: /home/shipengl/LRSMT/agiletaur/install/webots_ros2_control/share/webots_ros2_control/environment/path.dsv
[6.045s] -- Installing: /home/shipengl/LRSMT/agiletaur/install/webots_ros2_control/share/webots_ros2_control/local_setup.bash
[6.045s] -- Installing: /home/shipengl/LRSMT/agiletaur/install/webots_ros2_control/share/webots_ros2_control/local_setup.sh
[6.045s] -- Installing: /home/shipengl/LRSMT/agiletaur/install/webots_ros2_control/share/webots_ros2_control/local_setup.zsh
[6.045s] -- Installing: /home/shipengl/LRSMT/agiletaur/install/webots_ros2_control/share/webots_ros2_control/local_setup.dsv
[6.045s] -- Installing: /home/shipengl/LRSMT/agiletaur/install/webots_ros2_control/share/webots_ros2_control/package.dsv
[6.046s] -- Installing: /home/shipengl/LRSMT/agiletaur/install/webots_ros2_control/share/ament_index/resource_index/packages/webots_ros2_control
[6.046s] -- Installing: /home/shipengl/LRSMT/agiletaur/install/webots_ros2_control/share/ament_index/resource_index/webots_ros2_driver__pluginlib__plugin/webots_ros2_control
[6.046s] -- Installing: /home/shipengl/LRSMT/agiletaur/install/webots_ros2_control/share/ament_index/resource_index/webots_ros2_control__pluginlib__plugin/webots_ros2_control
[6.046s] -- Installing: /home/shipengl/LRSMT/agiletaur/install/webots_ros2_control/share/webots_ros2_control/cmake/ament_cmake_export_include_directories-extras.cmake
[6.046s] -- Installing: /home/shipengl/LRSMT/agiletaur/install/webots_ros2_control/share/webots_ros2_control/cmake/ament_cmake_export_dependencies-extras.cmake
[6.046s] -- Installing: /home/shipengl/LRSMT/agiletaur/install/webots_ros2_control/share/webots_ros2_control/cmake/ament_cmake_export_libraries-extras.cmake
[6.046s] -- Installing: /home/shipengl/LRSMT/agiletaur/install/webots_ros2_control/share/webots_ros2_control/cmake/webots_ros2_controlConfig.cmake
[6.046s] -- Installing: /home/shipengl/LRSMT/agiletaur/install/webots_ros2_control/share/webots_ros2_control/cmake/webots_ros2_controlConfig-version.cmake
[6.046s] -- Installing: /home/shipengl/LRSMT/agiletaur/install/webots_ros2_control/share/webots_ros2_control/package.xml
[6.049s] Invoked command in '/home/shipengl/LRSMT/agiletaur/build/webots_ros2_control' returned '0': CMAKE_PREFIX_PATH=/home/shipengl/LRSMT/agiletaur/install/webots_ros2_driver:/home/shipengl/LRSMT/agiletaur/install/webots_ros2_msgs:/home/shipengl/LRSMT/agiletaur/install/webots_ros2_control:/home/shipengl/LRSMT/agiletaur/install/webots_ros2:/home/shipengl/LRSMT/agiletaur/install/webots_ros2_universal_robot:/home/shipengl/LRSMT/agiletaur/install/webots_ros2_turtlebot:/home/shipengl/LRSMT/agiletaur/install/webots_ros2_tiago:/home/shipengl/LRSMT/agiletaur/install/webots_ros2_tests:/home/shipengl/LRSMT/agiletaur/install/webots_ros2_tesla:/home/shipengl/LRSMT/agiletaur/install/webots_ros2_mavic:/home/shipengl/LRSMT/agiletaur/install/webots_ros2_epuck:/home/shipengl/LRSMT/agiletaur/install/webots_ros2_core:/home/shipengl/LRSMT/agiletaur/install/webots_ros2_importer:/opt/ros/foxy LD_LIBRARY_PATH=/home/shipengl/LRSMT/agiletaur/install/webots_ros2_driver/lib:/home/shipengl/LRSMT/agiletaur/install/webots_ros2_msgs/lib:/home/shipengl/LRSMT/agiletaur/install/webots_ros2_control/lib:/opt/ros/foxy/opt/yaml_cpp_vendor/lib:/opt/ros/foxy/opt/rviz_ogre_vendor/lib:/opt/ros/foxy/lib/x86_64-linux-gnu:/opt/ros/foxy/lib PYTHONPATH=/home/shipengl/LRSMT/agiletaur/install/webots_ros2_driver/lib/python3.8/site-packages:/home/shipengl/LRSMT/agiletaur/install/webots_ros2_msgs/lib/python3.8/site-packages:/home/shipengl/LRSMT/agiletaur/install/webots_ros2/lib/python3.8/site-packages:/home/shipengl/LRSMT/agiletaur/install/webots_ros2_universal_robot/lib/python3.8/site-packages:/home/shipengl/LRSMT/agiletaur/install/webots_ros2_turtlebot/lib/python3.8/site-packages:/home/shipengl/LRSMT/agiletaur/install/webots_ros2_tiago/lib/python3.8/site-packages:/home/shipengl/LRSMT/agiletaur/install/webots_ros2_tests/lib/python3.8/site-packages:/home/shipengl/LRSMT/agiletaur/install/webots_ros2_tesla/lib/python3.8/site-packages:/home/shipengl/LRSMT/agiletaur/install/webots_ros2_mavic/lib/python3.8/site-packages:/home/shipengl/LRSMT/agiletaur/install/webots_ros2_epuck/lib/python3.8/site-packages:/home/shipengl/LRSMT/agiletaur/install/webots_ros2_core/lib/python3.8/site-packages:/home/shipengl/LRSMT/agiletaur/install/webots_ros2_importer/lib/python3.8/site-packages:/opt/ros/foxy/lib/python3.8/site-packages /usr/bin/cmake --install /home/shipengl/LRSMT/agiletaur/build/webots_ros2_control
