[0.064s] Invoking command in '/home/shipengl/LRSMT/build/Eigen3': /usr/bin/cmake --build /home/shipengl/LRSMT/build/Eigen3 -- -j16 -l16
[0.462s] Invoked command in '/home/shipengl/LRSMT/build/Eigen3' returned '0': /usr/bin/cmake --build /home/shipengl/LRSMT/build/Eigen3 -- -j16 -l16
[2.287s] Invoking command in '/home/shipengl/LRSMT/build/Eigen3': /usr/bin/cmake --install /home/shipengl/LRSMT/build/Eigen3
[2.310s] -- Install configuration: "Release"
[2.311s] -- Up-to-date: /home/shipengl/LRSMT/install/Eigen3/include/eigen3/signature_of_eigen3_matrix_library
[2.311s] -- Up-to-date: /home/shipengl/LRSMT/install/Eigen3/share/pkgconfig/eigen3.pc
[2.311s] -- Up-to-date: /home/shipengl/LRSMT/install/Eigen3/share/eigen3/cmake/Eigen3Targets.cmake
[2.312s] -- Up-to-date: /home/shipengl/LRSMT/install/Eigen3/share/eigen3/cmake/Eigen3Config.cmake
[2.312s] -- Up-to-date: /home/shipengl/LRSMT/install/Eigen3/share/eigen3/cmake/Eigen3ConfigVersion.cmake
[2.312s] -- Up-to-date: /home/shipengl/LRSMT/install/Eigen3/share/eigen3/cmake/UseEigen3.cmake
[2.313s] -- Up-to-date: /home/shipengl/LRSMT/install/Eigen3/include/eigen3/Eigen/Cholesky
[2.313s] -- Up-to-date: /home/shipengl/LRSMT/install/Eigen3/include/eigen3/Eigen/CholmodSupport
[2.313s] -- Up-to-date: /home/shipengl/LRSMT/install/Eigen3/include/eigen3/Eigen/Core
[2.313s] -- Up-to-date: /home/shipengl/LRSMT/install/Eigen3/include/eigen3/Eigen/Dense
[2.313s] -- Up-to-date: /home/shipengl/LRSMT/install/Eigen3/include/eigen3/Eigen/Eigen
[2.313s] -- Up-to-date: /home/shipengl/LRSMT/install/Eigen3/include/eigen3/Eigen/Eigenvalues
[2.313s] -- Up-to-date: /home/shipengl/LRSMT/install/Eigen3/include/eigen3/Eigen/Geometry
[2.313s] -- Up-to-date: /home/shipengl/LRSMT/install/Eigen3/include/eigen3/Eigen/Householder
[2.314s] -- Up-to-date: /home/shipengl/LRSMT/install/Eigen3/include/eigen3/Eigen/IterativeLinearSolvers
[2.314s] -- Up-to-date: /home/shipengl/LRSMT/install/Eigen3/include/eigen3/Eigen/Jacobi
[2.314s] -- Up-to-date: /home/shipengl/LRSMT/install/Eigen3/include/eigen3/Eigen/LU
[2.314s] -- Up-to-date: /home/shipengl/LRSMT/install/Eigen3/include/eigen3/Eigen/MetisSupport
[2.314s] -- Up-to-date: /home/shipengl/LRSMT/install/Eigen3/include/eigen3/Eigen/OrderingMethods
[2.315s] -- Up-to-date: /home/shipengl/LRSMT/install/Eigen3/include/eigen3/Eigen/PaStiXSupport
[2.315s] -- Up-to-date: /home/shipengl/LRSMT/install/Eigen3/include/eigen3/Eigen/PardisoSupport
[2.315s] -- Up-to-date: /home/shipengl/LRSMT/install/Eigen3/include/eigen3/Eigen/QR
[2.315s] -- Up-to-date: /home/shipengl/LRSMT/install/Eigen3/include/eigen3/Eigen/QtAlignedMalloc
[2.315s] -- Up-to-date: /home/shipengl/LRSMT/install/Eigen3/include/eigen3/Eigen/SPQRSupport
[2.315s] -- Up-to-date: /home/shipengl/LRSMT/install/Eigen3/include/eigen3/Eigen/SVD
[2.315s] -- Up-to-date: /home/shipengl/LRSMT/install/Eigen3/include/eigen3/Eigen/Sparse
[2.315s] -- Up-to-date: /home/shipengl/LRSMT/install/Eigen3/include/eigen3/Eigen/SparseCholesky
[2.316s] -- Up-to-date: /home/shipengl/LRSMT/install/Eigen3/include/eigen3/Eigen/SparseCore
[2.316s] -- Up-to-date: /home/shipengl/LRSMT/install/Eigen3/include/eigen3/Eigen/SparseLU
[2.316s] -- Up-to-date: /home/shipengl/LRSMT/install/Eigen3/include/eigen3/Eigen/SparseQR
[2.316s] -- Up-to-date: /home/shipengl/LRSMT/install/Eigen3/include/eigen3/Eigen/StdDeque
[2.316s] -- Up-to-date: /home/shipengl/LRSMT/install/Eigen3/include/eigen3/Eigen/StdList
[2.316s] -- Up-to-date: /home/shipengl/LRSMT/install/Eigen3/include/eigen3/Eigen/StdVector
[2.316s] -- Up-to-date: /home/shipengl/LRSMT/install/Eigen3/include/eigen3/Eigen/SuperLUSupport
[2.317s] -- Up-to-date: /home/shipengl/LRSMT/install/Eigen3/include/eigen3/Eigen/UmfPackSupport
[2.317s] -- Up-to-date: /home/shipengl/LRSMT/install/Eigen3/include/eigen3/Eigen/src
[2.317s] -- Up-to-date: /home/shipengl/LRSMT/install/Eigen3/include/eigen3/Eigen/src/SPQRSupport
[2.317s] -- Up-to-date: /home/shipengl/LRSMT/install/Eigen3/include/eigen3/Eigen/src/SPQRSupport/SuiteSparseQRSupport.h
[2.317s] -- Up-to-date: /home/shipengl/LRSMT/install/Eigen3/include/eigen3/Eigen/src/PaStiXSupport
[2.318s] -- Up-to-date: /home/shipengl/LRSMT/install/Eigen3/include/eigen3/Eigen/src/PaStiXSupport/PaStiXSupport.h
[2.318s] -- Up-to-date: /home/shipengl/LRSMT/install/Eigen3/include/eigen3/Eigen/src/CholmodSupport
[2.319s] -- Up-to-date: /home/shipengl/LRSMT/install/Eigen3/include/eigen3/Eigen/src/CholmodSupport/CholmodSupport.h
[2.319s] -- Up-to-date: /home/shipengl/LRSMT/install/Eigen3/include/eigen3/Eigen/src/Jacobi
[2.319s] -- Up-to-date: /home/shipengl/LRSMT/install/Eigen3/include/eigen3/Eigen/src/Jacobi/Jacobi.h
[2.320s] -- Up-to-date: /home/shipengl/LRSMT/install/Eigen3/include/eigen3/Eigen/src/Eigenvalues
[2.320s] -- Up-to-date: /home/shipengl/LRSMT/install/Eigen3/include/eigen3/Eigen/src/Eigenvalues/ComplexEigenSolver.h
[2.321s] -- Up-to-date: /home/shipengl/LRSMT/install/Eigen3/include/eigen3/Eigen/src/Eigenvalues/ComplexSchur_LAPACKE.h
[2.321s] -- Up-to-date: /home/shipengl/LRSMT/install/Eigen3/include/eigen3/Eigen/src/Eigenvalues/Tridiagonalization.h
[2.322s] -- Up-to-date: /home/shipengl/LRSMT/install/Eigen3/include/eigen3/Eigen/src/Eigenvalues/EigenSolver.h
[2.322s] -- Up-to-date: /home/shipengl/LRSMT/install/Eigen3/include/eigen3/Eigen/src/Eigenvalues/RealSchur_LAPACKE.h
[2.322s] -- Up-to-date: /home/shipengl/LRSMT/install/Eigen3/include/eigen3/Eigen/src/Eigenvalues/GeneralizedEigenSolver.h
[2.323s] -- Up-to-date: /home/shipengl/LRSMT/install/Eigen3/include/eigen3/Eigen/src/Eigenvalues/ComplexSchur.h
[2.323s] -- Up-to-date: /home/shipengl/LRSMT/install/Eigen3/include/eigen3/Eigen/src/Eigenvalues/SelfAdjointEigenSolver_LAPACKE.h
[2.324s] -- Up-to-date: /home/shipengl/LRSMT/install/Eigen3/include/eigen3/Eigen/src/Eigenvalues/SelfAdjointEigenSolver.h
[2.324s] -- Up-to-date: /home/shipengl/LRSMT/install/Eigen3/include/eigen3/Eigen/src/Eigenvalues/RealSchur.h
[2.325s] -- Up-to-date: /home/shipengl/LRSMT/install/Eigen3/include/eigen3/Eigen/src/Eigenvalues/GeneralizedSelfAdjointEigenSolver.h
[2.336s] -- Up-to-date: /home/shipengl/LRSMT/install/Eigen3/include/eigen3/Eigen/src/Eigenvalues/HessenbergDecomposition.h
[2.337s] -- Up-to-date: /home/shipengl/LRSMT/install/Eigen3/include/eigen3/Eigen/src/Eigenvalues/MatrixBaseEigenvalues.h
[2.337s] -- Up-to-date: /home/shipengl/LRSMT/install/Eigen3/include/eigen3/Eigen/src/Eigenvalues/RealQZ.h
[2.338s] -- Up-to-date: /home/shipengl/LRSMT/install/Eigen3/include/eigen3/Eigen/src/SuperLUSupport
[2.338s] -- Up-to-date: /home/shipengl/LRSMT/install/Eigen3/include/eigen3/Eigen/src/SuperLUSupport/SuperLUSupport.h
[2.339s] -- Up-to-date: /home/shipengl/LRSMT/install/Eigen3/include/eigen3/Eigen/src/StlSupport
[2.340s] -- Up-to-date: /home/shipengl/LRSMT/install/Eigen3/include/eigen3/Eigen/src/StlSupport/StdVector.h
[2.340s] -- Up-to-date: /home/shipengl/LRSMT/install/Eigen3/include/eigen3/Eigen/src/StlSupport/StdList.h
[2.340s] -- Up-to-date: /home/shipengl/LRSMT/install/Eigen3/include/eigen3/Eigen/src/StlSupport/StdDeque.h
[2.341s] -- Up-to-date: /home/shipengl/LRSMT/install/Eigen3/include/eigen3/Eigen/src/StlSupport/details.h
[2.341s] -- Up-to-date: /home/shipengl/LRSMT/install/Eigen3/include/eigen3/Eigen/src/LU
[2.341s] -- Up-to-date: /home/shipengl/LRSMT/install/Eigen3/include/eigen3/Eigen/src/LU/InverseImpl.h
[2.342s] -- Up-to-date: /home/shipengl/LRSMT/install/Eigen3/include/eigen3/Eigen/src/LU/Determinant.h
[2.342s] -- Up-to-date: /home/shipengl/LRSMT/install/Eigen3/include/eigen3/Eigen/src/LU/arch
[2.343s] -- Up-to-date: /home/shipengl/LRSMT/install/Eigen3/include/eigen3/Eigen/src/LU/arch/Inverse_SSE.h
[2.343s] -- Up-to-date: /home/shipengl/LRSMT/install/Eigen3/include/eigen3/Eigen/src/LU/PartialPivLU_LAPACKE.h
[2.344s] -- Up-to-date: /home/shipengl/LRSMT/install/Eigen3/include/eigen3/Eigen/src/LU/FullPivLU.h
[2.344s] -- Up-to-date: /home/shipengl/LRSMT/install/Eigen3/include/eigen3/Eigen/src/LU/PartialPivLU.h
[2.344s] -- Up-to-date: /home/shipengl/LRSMT/install/Eigen3/include/eigen3/Eigen/src/OrderingMethods
[2.345s] -- Up-to-date: /home/shipengl/LRSMT/install/Eigen3/include/eigen3/Eigen/src/OrderingMethods/Ordering.h
[2.345s] -- Up-to-date: /home/shipengl/LRSMT/install/Eigen3/include/eigen3/Eigen/src/OrderingMethods/Eigen_Colamd.h
[2.345s] -- Up-to-date: /home/shipengl/LRSMT/install/Eigen3/include/eigen3/Eigen/src/OrderingMethods/Amd.h
[2.345s] -- Up-to-date: /home/shipengl/LRSMT/install/Eigen3/include/eigen3/Eigen/src/Householder
[2.345s] -- Up-to-date: /home/shipengl/LRSMT/install/Eigen3/include/eigen3/Eigen/src/Householder/Householder.h
[2.345s] -- Up-to-date: /home/shipengl/LRSMT/install/Eigen3/include/eigen3/Eigen/src/Householder/BlockHouseholder.h
[2.346s] -- Up-to-date: /home/shipengl/LRSMT/install/Eigen3/include/eigen3/Eigen/src/Householder/HouseholderSequence.h
[2.346s] -- Up-to-date: /home/shipengl/LRSMT/install/Eigen3/include/eigen3/Eigen/src/SparseLU
[2.346s] -- Up-to-date: /home/shipengl/LRSMT/install/Eigen3/include/eigen3/Eigen/src/SparseLU/SparseLU.h
[2.346s] -- Up-to-date: /home/shipengl/LRSMT/install/Eigen3/include/eigen3/Eigen/src/SparseLU/SparseLU_Memory.h
[2.346s] -- Up-to-date: /home/shipengl/LRSMT/install/Eigen3/include/eigen3/Eigen/src/SparseLU/SparseLU_Structs.h
[2.346s] -- Up-to-date: /home/shipengl/LRSMT/install/Eigen3/include/eigen3/Eigen/src/SparseLU/SparseLU_kernel_bmod.h
[2.354s] -- Up-to-date: /home/shipengl/LRSMT/install/Eigen3/include/eigen3/Eigen/src/SparseLU/SparseLU_heap_relax_snode.h
[2.354s] -- Up-to-date: /home/shipengl/LRSMT/install/Eigen3/include/eigen3/Eigen/src/SparseLU/SparseLU_gemm_kernel.h
[2.354s] -- Up-to-date: /home/shipengl/LRSMT/install/Eigen3/include/eigen3/Eigen/src/SparseLU/SparseLU_panel_dfs.h
[2.354s] -- Up-to-date: /home/shipengl/LRSMT/install/Eigen3/include/eigen3/Eigen/src/SparseLU/SparseLUImpl.h
[2.354s] -- Up-to-date: /home/shipengl/LRSMT/install/Eigen3/include/eigen3/Eigen/src/SparseLU/SparseLU_SupernodalMatrix.h
[2.355s] -- Up-to-date: /home/shipengl/LRSMT/install/Eigen3/include/eigen3/Eigen/src/SparseLU/SparseLU_pruneL.h
[2.355s] -- Up-to-date: /home/shipengl/LRSMT/install/Eigen3/include/eigen3/Eigen/src/SparseLU/SparseLU_panel_bmod.h
[2.355s] -- Up-to-date: /home/shipengl/LRSMT/install/Eigen3/include/eigen3/Eigen/src/SparseLU/SparseLU_column_bmod.h
[2.355s] -- Up-to-date: /home/shipengl/LRSMT/install/Eigen3/include/eigen3/Eigen/src/SparseLU/SparseLU_Utils.h
[2.355s] -- Up-to-date: /home/shipengl/LRSMT/install/Eigen3/include/eigen3/Eigen/src/SparseLU/SparseLU_pivotL.h
[2.355s] -- Up-to-date: /home/shipengl/LRSMT/install/Eigen3/include/eigen3/Eigen/src/SparseLU/SparseLU_relax_snode.h
[2.355s] -- Up-to-date: /home/shipengl/LRSMT/install/Eigen3/include/eigen3/Eigen/src/SparseLU/SparseLU_column_dfs.h
[2.355s] -- Up-to-date: /home/shipengl/LRSMT/install/Eigen3/include/eigen3/Eigen/src/SparseLU/SparseLU_copy_to_ucol.h
[2.356s] -- Up-to-date: /home/shipengl/LRSMT/install/Eigen3/include/eigen3/Eigen/src/plugins
[2.356s] -- Up-to-date: /home/shipengl/LRSMT/install/Eigen3/include/eigen3/Eigen/src/plugins/MatrixCwiseBinaryOps.h
[2.356s] -- Up-to-date: /home/shipengl/LRSMT/install/Eigen3/include/eigen3/Eigen/src/plugins/MatrixCwiseUnaryOps.h
[2.356s] -- Up-to-date: /home/shipengl/LRSMT/install/Eigen3/include/eigen3/Eigen/src/plugins/ArrayCwiseBinaryOps.h
[2.356s] -- Up-to-date: /home/shipengl/LRSMT/install/Eigen3/include/eigen3/Eigen/src/plugins/BlockMethods.h
[2.356s] -- Up-to-date: /home/shipengl/LRSMT/install/Eigen3/include/eigen3/Eigen/src/plugins/ArrayCwiseUnaryOps.h
[2.356s] -- Up-to-date: /home/shipengl/LRSMT/install/Eigen3/include/eigen3/Eigen/src/plugins/CommonCwiseUnaryOps.h
[2.357s] -- Up-to-date: /home/shipengl/LRSMT/install/Eigen3/include/eigen3/Eigen/src/plugins/CommonCwiseBinaryOps.h
[2.357s] -- Up-to-date: /home/shipengl/LRSMT/install/Eigen3/include/eigen3/Eigen/src/PardisoSupport
[2.357s] -- Up-to-date: /home/shipengl/LRSMT/install/Eigen3/include/eigen3/Eigen/src/PardisoSupport/PardisoSupport.h
[2.357s] -- Up-to-date: /home/shipengl/LRSMT/install/Eigen3/include/eigen3/Eigen/src/MetisSupport
[2.357s] -- Up-to-date: /home/shipengl/LRSMT/install/Eigen3/include/eigen3/Eigen/src/MetisSupport/MetisSupport.h
[2.357s] -- Up-to-date: /home/shipengl/LRSMT/install/Eigen3/include/eigen3/Eigen/src/SparseCore
[2.357s] -- Up-to-date: /home/shipengl/LRSMT/install/Eigen3/include/eigen3/Eigen/src/SparseCore/SparseCwiseBinaryOp.h
[2.357s] -- Up-to-date: /home/shipengl/LRSMT/install/Eigen3/include/eigen3/Eigen/src/SparseCore/SparseView.h
[2.358s] -- Up-to-date: /home/shipengl/LRSMT/install/Eigen3/include/eigen3/Eigen/src/SparseCore/SparseRedux.h
[2.358s] -- Up-to-date: /home/shipengl/LRSMT/install/Eigen3/include/eigen3/Eigen/src/SparseCore/SparseCompressedBase.h
[2.358s] -- Up-to-date: /home/shipengl/LRSMT/install/Eigen3/include/eigen3/Eigen/src/SparseCore/SparseVector.h
[2.358s] -- Up-to-date: /home/shipengl/LRSMT/install/Eigen3/include/eigen3/Eigen/src/SparseCore/SparseDot.h
[2.358s] -- Up-to-date: /home/shipengl/LRSMT/install/Eigen3/include/eigen3/Eigen/src/SparseCore/TriangularSolver.h
[2.358s] -- Up-to-date: /home/shipengl/LRSMT/install/Eigen3/include/eigen3/Eigen/src/SparseCore/SparseDenseProduct.h
[2.359s] -- Up-to-date: /home/shipengl/LRSMT/install/Eigen3/include/eigen3/Eigen/src/SparseCore/SparseMatrix.h
[2.359s] -- Up-to-date: /home/shipengl/LRSMT/install/Eigen3/include/eigen3/Eigen/src/SparseCore/SparseMatrixBase.h
[2.359s] -- Up-to-date: /home/shipengl/LRSMT/install/Eigen3/include/eigen3/Eigen/src/SparseCore/SparsePermutation.h
[2.359s] -- Up-to-date: /home/shipengl/LRSMT/install/Eigen3/include/eigen3/Eigen/src/SparseCore/CompressedStorage.h
[2.359s] -- Up-to-date: /home/shipengl/LRSMT/install/Eigen3/include/eigen3/Eigen/src/SparseCore/SparseTriangularView.h
[2.359s] -- Up-to-date: /home/shipengl/LRSMT/install/Eigen3/include/eigen3/Eigen/src/SparseCore/SparseCwiseUnaryOp.h
[2.359s] -- Up-to-date: /home/shipengl/LRSMT/install/Eigen3/include/eigen3/Eigen/src/SparseCore/ConservativeSparseSparseProduct.h
[2.359s] -- Up-to-date: /home/shipengl/LRSMT/install/Eigen3/include/eigen3/Eigen/src/SparseCore/SparseSolverBase.h
[2.360s] -- Up-to-date: /home/shipengl/LRSMT/install/Eigen3/include/eigen3/Eigen/src/SparseCore/SparseDiagonalProduct.h
[2.360s] -- Up-to-date: /home/shipengl/LRSMT/install/Eigen3/include/eigen3/Eigen/src/SparseCore/SparseFuzzy.h
[2.360s] -- Up-to-date: /home/shipengl/LRSMT/install/Eigen3/include/eigen3/Eigen/src/SparseCore/SparseColEtree.h
[2.360s] -- Up-to-date: /home/shipengl/LRSMT/install/Eigen3/include/eigen3/Eigen/src/SparseCore/SparseAssign.h
[2.360s] -- Up-to-date: /home/shipengl/LRSMT/install/Eigen3/include/eigen3/Eigen/src/SparseCore/SparseMap.h
[2.360s] -- Up-to-date: /home/shipengl/LRSMT/install/Eigen3/include/eigen3/Eigen/src/SparseCore/SparseUtil.h
[2.360s] -- Up-to-date: /home/shipengl/LRSMT/install/Eigen3/include/eigen3/Eigen/src/SparseCore/MappedSparseMatrix.h
[2.367s] -- Up-to-date: /home/shipengl/LRSMT/install/Eigen3/include/eigen3/Eigen/src/SparseCore/SparseSparseProductWithPruning.h
[2.367s] -- Up-to-date: /home/shipengl/LRSMT/install/Eigen3/include/eigen3/Eigen/src/SparseCore/SparseSelfAdjointView.h
[2.367s] -- Up-to-date: /home/shipengl/LRSMT/install/Eigen3/include/eigen3/Eigen/src/SparseCore/SparseRef.h
[2.368s] -- Up-to-date: /home/shipengl/LRSMT/install/Eigen3/include/eigen3/Eigen/src/SparseCore/SparseProduct.h
[2.368s] -- Up-to-date: /home/shipengl/LRSMT/install/Eigen3/include/eigen3/Eigen/src/SparseCore/SparseTranspose.h
[2.368s] -- Up-to-date: /home/shipengl/LRSMT/install/Eigen3/include/eigen3/Eigen/src/SparseCore/SparseBlock.h
[2.368s] -- Up-to-date: /home/shipengl/LRSMT/install/Eigen3/include/eigen3/Eigen/src/SparseCore/AmbiVector.h
[2.368s] -- Up-to-date: /home/shipengl/LRSMT/install/Eigen3/include/eigen3/Eigen/src/SparseCholesky
[2.368s] -- Up-to-date: /home/shipengl/LRSMT/install/Eigen3/include/eigen3/Eigen/src/SparseCholesky/SimplicialCholesky_impl.h
[2.368s] -- Up-to-date: /home/shipengl/LRSMT/install/Eigen3/include/eigen3/Eigen/src/SparseCholesky/SimplicialCholesky.h
[2.369s] -- Up-to-date: /home/shipengl/LRSMT/install/Eigen3/include/eigen3/Eigen/src/SparseQR
[2.369s] -- Up-to-date: /home/shipengl/LRSMT/install/Eigen3/include/eigen3/Eigen/src/SparseQR/SparseQR.h
[2.369s] -- Up-to-date: /home/shipengl/LRSMT/install/Eigen3/include/eigen3/Eigen/src/misc
[2.369s] -- Up-to-date: /home/shipengl/LRSMT/install/Eigen3/include/eigen3/Eigen/src/misc/Kernel.h
[2.369s] -- Up-to-date: /home/shipengl/LRSMT/install/Eigen3/include/eigen3/Eigen/src/misc/blas.h
[2.369s] -- Up-to-date: /home/shipengl/LRSMT/install/Eigen3/include/eigen3/Eigen/src/misc/lapacke_mangling.h
[2.370s] -- Up-to-date: /home/shipengl/LRSMT/install/Eigen3/include/eigen3/Eigen/src/misc/Image.h
[2.370s] -- Up-to-date: /home/shipengl/LRSMT/install/Eigen3/include/eigen3/Eigen/src/misc/lapack.h
[2.370s] -- Up-to-date: /home/shipengl/LRSMT/install/Eigen3/include/eigen3/Eigen/src/misc/RealSvd2x2.h
[2.370s] -- Up-to-date: /home/shipengl/LRSMT/install/Eigen3/include/eigen3/Eigen/src/misc/lapacke.h
[2.370s] -- Up-to-date: /home/shipengl/LRSMT/install/Eigen3/include/eigen3/Eigen/src/QR
[2.370s] -- Up-to-date: /home/shipengl/LRSMT/install/Eigen3/include/eigen3/Eigen/src/QR/HouseholderQR_LAPACKE.h
[2.371s] -- Up-to-date: /home/shipengl/LRSMT/install/Eigen3/include/eigen3/Eigen/src/QR/ColPivHouseholderQR_LAPACKE.h
[2.371s] -- Up-to-date: /home/shipengl/LRSMT/install/Eigen3/include/eigen3/Eigen/src/QR/ColPivHouseholderQR.h
[2.371s] -- Up-to-date: /home/shipengl/LRSMT/install/Eigen3/include/eigen3/Eigen/src/QR/HouseholderQR.h
[2.371s] -- Up-to-date: /home/shipengl/LRSMT/install/Eigen3/include/eigen3/Eigen/src/QR/CompleteOrthogonalDecomposition.h
[2.371s] -- Up-to-date: /home/shipengl/LRSMT/install/Eigen3/include/eigen3/Eigen/src/QR/FullPivHouseholderQR.h
[2.371s] -- Up-to-date: /home/shipengl/LRSMT/install/Eigen3/include/eigen3/Eigen/src/UmfPackSupport
[2.371s] -- Up-to-date: /home/shipengl/LRSMT/install/Eigen3/include/eigen3/Eigen/src/UmfPackSupport/UmfPackSupport.h
[2.372s] -- Up-to-date: /home/shipengl/LRSMT/install/Eigen3/include/eigen3/Eigen/src/Core
[2.372s] -- Up-to-date: /home/shipengl/LRSMT/install/Eigen3/include/eigen3/Eigen/src/Core/VectorBlock.h
[2.372s] -- Up-to-date: /home/shipengl/LRSMT/install/Eigen3/include/eigen3/Eigen/src/Core/CwiseUnaryOp.h
[2.372s] -- Up-to-date: /home/shipengl/LRSMT/install/Eigen3/include/eigen3/Eigen/src/Core/IO.h
[2.372s] -- Up-to-date: /home/shipengl/LRSMT/install/Eigen3/include/eigen3/Eigen/src/Core/Diagonal.h
[2.372s] -- Up-to-date: /home/shipengl/LRSMT/install/Eigen3/include/eigen3/Eigen/src/Core/MapBase.h
[2.373s] -- Up-to-date: /home/shipengl/LRSMT/install/Eigen3/include/eigen3/Eigen/src/Core/Dot.h
[2.373s] -- Up-to-date: /home/shipengl/LRSMT/install/Eigen3/include/eigen3/Eigen/src/Core/Solve.h
[2.373s] -- Up-to-date: /home/shipengl/LRSMT/install/Eigen3/include/eigen3/Eigen/src/Core/Reverse.h
[2.373s] -- Up-to-date: /home/shipengl/LRSMT/install/Eigen3/include/eigen3/Eigen/src/Core/NestByValue.h
[2.373s] -- Up-to-date: /home/shipengl/LRSMT/install/Eigen3/include/eigen3/Eigen/src/Core/NumTraits.h
[2.373s] -- Up-to-date: /home/shipengl/LRSMT/install/Eigen3/include/eigen3/Eigen/src/Core/Redux.h
[2.374s] -- Up-to-date: /home/shipengl/LRSMT/install/Eigen3/include/eigen3/Eigen/src/Core/Inverse.h
[2.374s] -- Up-to-date: /home/shipengl/LRSMT/install/Eigen3/include/eigen3/Eigen/src/Core/TriangularMatrix.h
[2.374s] -- Up-to-date: /home/shipengl/LRSMT/install/Eigen3/include/eigen3/Eigen/src/Core/Visitor.h
[2.374s] -- Up-to-date: /home/shipengl/LRSMT/install/Eigen3/include/eigen3/Eigen/src/Core/ReturnByValue.h
[2.374s] -- Up-to-date: /home/shipengl/LRSMT/install/Eigen3/include/eigen3/Eigen/src/Core/arch
[2.374s] -- Up-to-date: /home/shipengl/LRSMT/install/Eigen3/include/eigen3/Eigen/src/Core/arch/AVX
[2.375s] -- Up-to-date: /home/shipengl/LRSMT/install/Eigen3/include/eigen3/Eigen/src/Core/arch/AVX/PacketMath.h
[2.375s] -- Up-to-date: /home/shipengl/LRSMT/install/Eigen3/include/eigen3/Eigen/src/Core/arch/AVX/TypeCasting.h
[2.375s] -- Up-to-date: /home/shipengl/LRSMT/install/Eigen3/include/eigen3/Eigen/src/Core/arch/AVX/Complex.h
[2.375s] -- Up-to-date: /home/shipengl/LRSMT/install/Eigen3/include/eigen3/Eigen/src/Core/arch/AVX/MathFunctions.h
[2.375s] -- Up-to-date: /home/shipengl/LRSMT/install/Eigen3/include/eigen3/Eigen/src/Core/arch/SSE
[2.375s] -- Up-to-date: /home/shipengl/LRSMT/install/Eigen3/include/eigen3/Eigen/src/Core/arch/SSE/PacketMath.h
[2.375s] -- Up-to-date: /home/shipengl/LRSMT/install/Eigen3/include/eigen3/Eigen/src/Core/arch/SSE/TypeCasting.h
[2.375s] -- Up-to-date: /home/shipengl/LRSMT/install/Eigen3/include/eigen3/Eigen/src/Core/arch/SSE/Complex.h
[2.376s] -- Up-to-date: /home/shipengl/LRSMT/install/Eigen3/include/eigen3/Eigen/src/Core/arch/SSE/MathFunctions.h
[2.376s] -- Up-to-date: /home/shipengl/LRSMT/install/Eigen3/include/eigen3/Eigen/src/Core/arch/AVX512
[2.376s] -- Up-to-date: /home/shipengl/LRSMT/install/Eigen3/include/eigen3/Eigen/src/Core/arch/AVX512/PacketMath.h
[2.376s] -- Up-to-date: /home/shipengl/LRSMT/install/Eigen3/include/eigen3/Eigen/src/Core/arch/AVX512/MathFunctions.h
[2.376s] -- Up-to-date: /home/shipengl/LRSMT/install/Eigen3/include/eigen3/Eigen/src/Core/arch/CUDA
[2.376s] -- Up-to-date: /home/shipengl/LRSMT/install/Eigen3/include/eigen3/Eigen/src/Core/arch/CUDA/PacketMath.h
[2.376s] -- Up-to-date: /home/shipengl/LRSMT/install/Eigen3/include/eigen3/Eigen/src/Core/arch/CUDA/PacketMathHalf.h
[2.377s] -- Up-to-date: /home/shipengl/LRSMT/install/Eigen3/include/eigen3/Eigen/src/Core/arch/CUDA/TypeCasting.h
[2.377s] -- Up-to-date: /home/shipengl/LRSMT/install/Eigen3/include/eigen3/Eigen/src/Core/arch/CUDA/Half.h
[2.377s] -- Up-to-date: /home/shipengl/LRSMT/install/Eigen3/include/eigen3/Eigen/src/Core/arch/CUDA/Complex.h
[2.377s] -- Up-to-date: /home/shipengl/LRSMT/install/Eigen3/include/eigen3/Eigen/src/Core/arch/CUDA/MathFunctions.h
[2.377s] -- Up-to-date: /home/shipengl/LRSMT/install/Eigen3/include/eigen3/Eigen/src/Core/arch/NEON
[2.377s] -- Up-to-date: /home/shipengl/LRSMT/install/Eigen3/include/eigen3/Eigen/src/Core/arch/NEON/PacketMath.h
[2.377s] -- Up-to-date: /home/shipengl/LRSMT/install/Eigen3/include/eigen3/Eigen/src/Core/arch/NEON/Complex.h
[2.377s] -- Up-to-date: /home/shipengl/LRSMT/install/Eigen3/include/eigen3/Eigen/src/Core/arch/NEON/MathFunctions.h
[2.378s] -- Up-to-date: /home/shipengl/LRSMT/install/Eigen3/include/eigen3/Eigen/src/Core/arch/Default
[2.378s] -- Up-to-date: /home/shipengl/LRSMT/install/Eigen3/include/eigen3/Eigen/src/Core/arch/Default/Settings.h
[2.378s] -- Up-to-date: /home/shipengl/LRSMT/install/Eigen3/include/eigen3/Eigen/src/Core/arch/AltiVec
[2.378s] -- Up-to-date: /home/shipengl/LRSMT/install/Eigen3/include/eigen3/Eigen/src/Core/arch/AltiVec/PacketMath.h
[2.378s] -- Up-to-date: /home/shipengl/LRSMT/install/Eigen3/include/eigen3/Eigen/src/Core/arch/AltiVec/Complex.h
[2.378s] -- Up-to-date: /home/shipengl/LRSMT/install/Eigen3/include/eigen3/Eigen/src/Core/arch/AltiVec/MathFunctions.h
[2.379s] -- Up-to-date: /home/shipengl/LRSMT/install/Eigen3/include/eigen3/Eigen/src/Core/arch/ZVector
[2.379s] -- Up-to-date: /home/shipengl/LRSMT/install/Eigen3/include/eigen3/Eigen/src/Core/arch/ZVector/PacketMath.h
[2.379s] -- Up-to-date: /home/shipengl/LRSMT/install/Eigen3/include/eigen3/Eigen/src/Core/arch/ZVector/Complex.h
[2.379s] -- Up-to-date: /home/shipengl/LRSMT/install/Eigen3/include/eigen3/Eigen/src/Core/arch/ZVector/MathFunctions.h
[2.379s] -- Up-to-date: /home/shipengl/LRSMT/install/Eigen3/include/eigen3/Eigen/src/Core/CoreEvaluators.h
[2.379s] -- Up-to-date: /home/shipengl/LRSMT/install/Eigen3/include/eigen3/Eigen/src/Core/PlainObjectBase.h
[2.379s] -- Up-to-date: /home/shipengl/LRSMT/install/Eigen3/include/eigen3/Eigen/src/Core/SelfCwiseBinaryOp.h
[2.379s] -- Up-to-date: /home/shipengl/LRSMT/install/Eigen3/include/eigen3/Eigen/src/Core/DiagonalMatrix.h
[2.380s] -- Up-to-date: /home/shipengl/LRSMT/install/Eigen3/include/eigen3/Eigen/src/Core/Ref.h
[2.380s] -- Up-to-date: /home/shipengl/LRSMT/install/Eigen3/include/eigen3/Eigen/src/Core/DenseStorage.h
[2.380s] -- Up-to-date: /home/shipengl/LRSMT/install/Eigen3/include/eigen3/Eigen/src/Core/CwiseUnaryView.h
[2.380s] -- Up-to-date: /home/shipengl/LRSMT/install/Eigen3/include/eigen3/Eigen/src/Core/NoAlias.h
[2.380s] -- Up-to-date: /home/shipengl/LRSMT/install/Eigen3/include/eigen3/Eigen/src/Core/CommaInitializer.h
[2.380s] -- Up-to-date: /home/shipengl/LRSMT/install/Eigen3/include/eigen3/Eigen/src/Core/Array.h
[2.380s] -- Up-to-date: /home/shipengl/LRSMT/install/Eigen3/include/eigen3/Eigen/src/Core/products
[2.381s] -- Up-to-date: /home/shipengl/LRSMT/install/Eigen3/include/eigen3/Eigen/src/Core/products/SelfadjointRank2Update.h
[2.381s] -- Up-to-date: /home/shipengl/LRSMT/install/Eigen3/include/eigen3/Eigen/src/Core/products/GeneralMatrixMatrix_BLAS.h
[2.381s] -- Up-to-date: /home/shipengl/LRSMT/install/Eigen3/include/eigen3/Eigen/src/Core/products/GeneralMatrixMatrixTriangular.h
[2.381s] -- Up-to-date: /home/shipengl/LRSMT/install/Eigen3/include/eigen3/Eigen/src/Core/products/Parallelizer.h
[2.381s] -- Up-to-date: /home/shipengl/LRSMT/install/Eigen3/include/eigen3/Eigen/src/Core/products/SelfadjointMatrixVector_BLAS.h
[2.381s] -- Up-to-date: /home/shipengl/LRSMT/install/Eigen3/include/eigen3/Eigen/src/Core/products/GeneralMatrixVector_BLAS.h
[2.381s] -- Up-to-date: /home/shipengl/LRSMT/install/Eigen3/include/eigen3/Eigen/src/Core/products/SelfadjointMatrixMatrix_BLAS.h
[2.381s] -- Up-to-date: /home/shipengl/LRSMT/install/Eigen3/include/eigen3/Eigen/src/Core/products/SelfadjointMatrixVector.h
[2.382s] -- Up-to-date: /home/shipengl/LRSMT/install/Eigen3/include/eigen3/Eigen/src/Core/products/GeneralMatrixMatrix.h
[2.382s] -- Up-to-date: /home/shipengl/LRSMT/install/Eigen3/include/eigen3/Eigen/src/Core/products/TriangularMatrixMatrix.h
[2.382s] -- Up-to-date: /home/shipengl/LRSMT/install/Eigen3/include/eigen3/Eigen/src/Core/products/GeneralMatrixMatrixTriangular_BLAS.h
[2.382s] -- Up-to-date: /home/shipengl/LRSMT/install/Eigen3/include/eigen3/Eigen/src/Core/products/TriangularSolverMatrix.h
[2.382s] -- Up-to-date: /home/shipengl/LRSMT/install/Eigen3/include/eigen3/Eigen/src/Core/products/GeneralBlockPanelKernel.h
[2.382s] -- Up-to-date: /home/shipengl/LRSMT/install/Eigen3/include/eigen3/Eigen/src/Core/products/TriangularMatrixMatrix_BLAS.h
[2.382s] -- Up-to-date: /home/shipengl/LRSMT/install/Eigen3/include/eigen3/Eigen/src/Core/products/TriangularMatrixVector_BLAS.h
[2.382s] -- Up-to-date: /home/shipengl/LRSMT/install/Eigen3/include/eigen3/Eigen/src/Core/products/GeneralMatrixVector.h
[2.383s] -- Up-to-date: /home/shipengl/LRSMT/install/Eigen3/include/eigen3/Eigen/src/Core/products/TriangularMatrixVector.h
[2.383s] -- Up-to-date: /home/shipengl/LRSMT/install/Eigen3/include/eigen3/Eigen/src/Core/products/SelfadjointProduct.h
[2.383s] -- Up-to-date: /home/shipengl/LRSMT/install/Eigen3/include/eigen3/Eigen/src/Core/products/SelfadjointMatrixMatrix.h
[2.383s] -- Up-to-date: /home/shipengl/LRSMT/install/Eigen3/include/eigen3/Eigen/src/Core/products/TriangularSolverMatrix_BLAS.h
[2.383s] -- Up-to-date: /home/shipengl/LRSMT/install/Eigen3/include/eigen3/Eigen/src/Core/products/TriangularSolverVector.h
[2.383s] -- Up-to-date: /home/shipengl/LRSMT/install/Eigen3/include/eigen3/Eigen/src/Core/AssignEvaluator.h
[2.383s] -- Up-to-date: /home/shipengl/LRSMT/install/Eigen3/include/eigen3/Eigen/src/Core/Swap.h
[2.384s] -- Up-to-date: /home/shipengl/LRSMT/install/Eigen3/include/eigen3/Eigen/src/Core/ArrayBase.h
[2.384s] -- Up-to-date: /home/shipengl/LRSMT/install/Eigen3/include/eigen3/Eigen/src/Core/BooleanRedux.h
[2.384s] -- Up-to-date: /home/shipengl/LRSMT/install/Eigen3/include/eigen3/Eigen/src/Core/DenseCoeffsBase.h
[2.384s] -- Up-to-date: /home/shipengl/LRSMT/install/Eigen3/include/eigen3/Eigen/src/Core/Fuzzy.h
[2.384s] -- Up-to-date: /home/shipengl/LRSMT/install/Eigen3/include/eigen3/Eigen/src/Core/DenseBase.h
[2.384s] -- Up-to-date: /home/shipengl/LRSMT/install/Eigen3/include/eigen3/Eigen/src/Core/EigenBase.h
[2.384s] -- Up-to-date: /home/shipengl/LRSMT/install/Eigen3/include/eigen3/Eigen/src/Core/functors
[2.385s] -- Up-to-date: /home/shipengl/LRSMT/install/Eigen3/include/eigen3/Eigen/src/Core/functors/BinaryFunctors.h
[2.385s] -- Up-to-date: /home/shipengl/LRSMT/install/Eigen3/include/eigen3/Eigen/src/Core/functors/NullaryFunctors.h
[2.385s] -- Up-to-date: /home/shipengl/LRSMT/install/Eigen3/include/eigen3/Eigen/src/Core/functors/TernaryFunctors.h
[2.385s] -- Up-to-date: /home/shipengl/LRSMT/install/Eigen3/include/eigen3/Eigen/src/Core/functors/StlFunctors.h
[2.385s] -- Up-to-date: /home/shipengl/LRSMT/install/Eigen3/include/eigen3/Eigen/src/Core/functors/AssignmentFunctors.h
[2.385s] -- Up-to-date: /home/shipengl/LRSMT/install/Eigen3/include/eigen3/Eigen/src/Core/functors/UnaryFunctors.h
[2.385s] -- Up-to-date: /home/shipengl/LRSMT/install/Eigen3/include/eigen3/Eigen/src/Core/CwiseNullaryOp.h
[2.386s] -- Up-to-date: /home/shipengl/LRSMT/install/Eigen3/include/eigen3/Eigen/src/Core/Select.h
[2.386s] -- Up-to-date: /home/shipengl/LRSMT/install/Eigen3/include/eigen3/Eigen/src/Core/BandMatrix.h
[2.386s] -- Up-to-date: /home/shipengl/LRSMT/install/Eigen3/include/eigen3/Eigen/src/Core/StableNorm.h
[2.386s] -- Up-to-date: /home/shipengl/LRSMT/install/Eigen3/include/eigen3/Eigen/src/Core/ConditionEstimator.h
[2.386s] -- Up-to-date: /home/shipengl/LRSMT/install/Eigen3/include/eigen3/Eigen/src/Core/VectorwiseOp.h
[2.386s] -- Up-to-date: /home/shipengl/LRSMT/install/Eigen3/include/eigen3/Eigen/src/Core/Transpose.h
[2.386s] -- Up-to-date: /home/shipengl/LRSMT/install/Eigen3/include/eigen3/Eigen/src/Core/Assign_MKL.h
[2.387s] -- Up-to-date: /home/shipengl/LRSMT/install/Eigen3/include/eigen3/Eigen/src/Core/GenericPacketMath.h
[2.387s] -- Up-to-date: /home/shipengl/LRSMT/install/Eigen3/include/eigen3/Eigen/src/Core/SelfAdjointView.h
[2.387s] -- Up-to-date: /home/shipengl/LRSMT/install/Eigen3/include/eigen3/Eigen/src/Core/Block.h
[2.387s] -- Up-to-date: /home/shipengl/LRSMT/install/Eigen3/include/eigen3/Eigen/src/Core/Matrix.h
[2.387s] -- Up-to-date: /home/shipengl/LRSMT/install/Eigen3/include/eigen3/Eigen/src/Core/Stride.h
[2.387s] -- Up-to-date: /home/shipengl/LRSMT/install/Eigen3/include/eigen3/Eigen/src/Core/CoreIterators.h
[2.387s] -- Up-to-date: /home/shipengl/LRSMT/install/Eigen3/include/eigen3/Eigen/src/Core/MathFunctionsImpl.h
[2.388s] -- Up-to-date: /home/shipengl/LRSMT/install/Eigen3/include/eigen3/Eigen/src/Core/Product.h
[2.388s] -- Up-to-date: /home/shipengl/LRSMT/install/Eigen3/include/eigen3/Eigen/src/Core/PermutationMatrix.h
[2.388s] -- Up-to-date: /home/shipengl/LRSMT/install/Eigen3/include/eigen3/Eigen/src/Core/CwiseBinaryOp.h
[2.388s] -- Up-to-date: /home/shipengl/LRSMT/install/Eigen3/include/eigen3/Eigen/src/Core/GeneralProduct.h
[2.388s] -- Up-to-date: /home/shipengl/LRSMT/install/Eigen3/include/eigen3/Eigen/src/Core/CwiseTernaryOp.h
[2.388s] -- Up-to-date: /home/shipengl/LRSMT/install/Eigen3/include/eigen3/Eigen/src/Core/SolveTriangular.h
[2.388s] -- Up-to-date: /home/shipengl/LRSMT/install/Eigen3/include/eigen3/Eigen/src/Core/util
[2.389s] -- Up-to-date: /home/shipengl/LRSMT/install/Eigen3/include/eigen3/Eigen/src/Core/util/MKL_support.h
[2.389s] -- Up-to-date: /home/shipengl/LRSMT/install/Eigen3/include/eigen3/Eigen/src/Core/util/Meta.h
[2.389s] -- Up-to-date: /home/shipengl/LRSMT/install/Eigen3/include/eigen3/Eigen/src/Core/util/XprHelper.h
[2.389s] -- Up-to-date: /home/shipengl/LRSMT/install/Eigen3/include/eigen3/Eigen/src/Core/util/Macros.h
[2.389s] -- Up-to-date: /home/shipengl/LRSMT/install/Eigen3/include/eigen3/Eigen/src/Core/util/BlasUtil.h
[2.389s] -- Up-to-date: /home/shipengl/LRSMT/install/Eigen3/include/eigen3/Eigen/src/Core/util/StaticAssert.h
[2.389s] -- Up-to-date: /home/shipengl/LRSMT/install/Eigen3/include/eigen3/Eigen/src/Core/util/NonMPL2.h
[2.389s] -- Up-to-date: /home/shipengl/LRSMT/install/Eigen3/include/eigen3/Eigen/src/Core/util/Constants.h
[2.390s] -- Up-to-date: /home/shipengl/LRSMT/install/Eigen3/include/eigen3/Eigen/src/Core/util/ForwardDeclarations.h
[2.390s] -- Up-to-date: /home/shipengl/LRSMT/install/Eigen3/include/eigen3/Eigen/src/Core/util/DisableStupidWarnings.h
[2.390s] -- Up-to-date: /home/shipengl/LRSMT/install/Eigen3/include/eigen3/Eigen/src/Core/util/ReenableStupidWarnings.h
[2.390s] -- Up-to-date: /home/shipengl/LRSMT/install/Eigen3/include/eigen3/Eigen/src/Core/util/Memory.h
[2.390s] -- Up-to-date: /home/shipengl/LRSMT/install/Eigen3/include/eigen3/Eigen/src/Core/Transpositions.h
[2.390s] -- Up-to-date: /home/shipengl/LRSMT/install/Eigen3/include/eigen3/Eigen/src/Core/Assign.h
[2.390s] -- Up-to-date: /home/shipengl/LRSMT/install/Eigen3/include/eigen3/Eigen/src/Core/ProductEvaluators.h
[2.390s] -- Up-to-date: /home/shipengl/LRSMT/install/Eigen3/include/eigen3/Eigen/src/Core/Random.h
[2.391s] -- Up-to-date: /home/shipengl/LRSMT/install/Eigen3/include/eigen3/Eigen/src/Core/ArrayWrapper.h
[2.391s] -- Up-to-date: /home/shipengl/LRSMT/install/Eigen3/include/eigen3/Eigen/src/Core/ForceAlignedAccess.h
[2.391s] -- Up-to-date: /home/shipengl/LRSMT/install/Eigen3/include/eigen3/Eigen/src/Core/DiagonalProduct.h
[2.391s] -- Up-to-date: /home/shipengl/LRSMT/install/Eigen3/include/eigen3/Eigen/src/Core/SolverBase.h
[2.391s] -- Up-to-date: /home/shipengl/LRSMT/install/Eigen3/include/eigen3/Eigen/src/Core/MatrixBase.h
[2.391s] -- Up-to-date: /home/shipengl/LRSMT/install/Eigen3/include/eigen3/Eigen/src/Core/GlobalFunctions.h
[2.392s] -- Up-to-date: /home/shipengl/LRSMT/install/Eigen3/include/eigen3/Eigen/src/Core/Map.h
[2.392s] -- Up-to-date: /home/shipengl/LRSMT/install/Eigen3/include/eigen3/Eigen/src/Core/Replicate.h
[2.392s] -- Up-to-date: /home/shipengl/LRSMT/install/Eigen3/include/eigen3/Eigen/src/Core/MathFunctions.h
[2.392s] -- Up-to-date: /home/shipengl/LRSMT/install/Eigen3/include/eigen3/Eigen/src/IterativeLinearSolvers
[2.392s] -- Up-to-date: /home/shipengl/LRSMT/install/Eigen3/include/eigen3/Eigen/src/IterativeLinearSolvers/IncompleteLUT.h
[2.392s] -- Up-to-date: /home/shipengl/LRSMT/install/Eigen3/include/eigen3/Eigen/src/IterativeLinearSolvers/BiCGSTAB.h
[2.392s] -- Up-to-date: /home/shipengl/LRSMT/install/Eigen3/include/eigen3/Eigen/src/IterativeLinearSolvers/IterativeSolverBase.h
[2.392s] -- Up-to-date: /home/shipengl/LRSMT/install/Eigen3/include/eigen3/Eigen/src/IterativeLinearSolvers/SolveWithGuess.h
[2.393s] -- Up-to-date: /home/shipengl/LRSMT/install/Eigen3/include/eigen3/Eigen/src/IterativeLinearSolvers/BasicPreconditioners.h
[2.393s] -- Up-to-date: /home/shipengl/LRSMT/install/Eigen3/include/eigen3/Eigen/src/IterativeLinearSolvers/IncompleteCholesky.h
[2.393s] -- Up-to-date: /home/shipengl/LRSMT/install/Eigen3/include/eigen3/Eigen/src/IterativeLinearSolvers/LeastSquareConjugateGradient.h
[2.393s] -- Up-to-date: /home/shipengl/LRSMT/install/Eigen3/include/eigen3/Eigen/src/IterativeLinearSolvers/ConjugateGradient.h
[2.393s] -- Up-to-date: /home/shipengl/LRSMT/install/Eigen3/include/eigen3/Eigen/src/Geometry
[2.393s] -- Up-to-date: /home/shipengl/LRSMT/install/Eigen3/include/eigen3/Eigen/src/Geometry/Homogeneous.h
[2.393s] -- Up-to-date: /home/shipengl/LRSMT/install/Eigen3/include/eigen3/Eigen/src/Geometry/AngleAxis.h
[2.393s] -- Up-to-date: /home/shipengl/LRSMT/install/Eigen3/include/eigen3/Eigen/src/Geometry/Translation.h
[2.394s] -- Up-to-date: /home/shipengl/LRSMT/install/Eigen3/include/eigen3/Eigen/src/Geometry/Umeyama.h
[2.394s] -- Up-to-date: /home/shipengl/LRSMT/install/Eigen3/include/eigen3/Eigen/src/Geometry/OrthoMethods.h
[2.394s] -- Up-to-date: /home/shipengl/LRSMT/install/Eigen3/include/eigen3/Eigen/src/Geometry/arch
[2.394s] -- Up-to-date: /home/shipengl/LRSMT/install/Eigen3/include/eigen3/Eigen/src/Geometry/arch/Geometry_SSE.h
[2.394s] -- Up-to-date: /home/shipengl/LRSMT/install/Eigen3/include/eigen3/Eigen/src/Geometry/RotationBase.h
[2.394s] -- Up-to-date: /home/shipengl/LRSMT/install/Eigen3/include/eigen3/Eigen/src/Geometry/AlignedBox.h
[2.395s] -- Up-to-date: /home/shipengl/LRSMT/install/Eigen3/include/eigen3/Eigen/src/Geometry/Hyperplane.h
[2.395s] -- Up-to-date: /home/shipengl/LRSMT/install/Eigen3/include/eigen3/Eigen/src/Geometry/Quaternion.h
[2.395s] -- Up-to-date: /home/shipengl/LRSMT/install/Eigen3/include/eigen3/Eigen/src/Geometry/Transform.h
[2.395s] -- Up-to-date: /home/shipengl/LRSMT/install/Eigen3/include/eigen3/Eigen/src/Geometry/Scaling.h
[2.395s] -- Up-to-date: /home/shipengl/LRSMT/install/Eigen3/include/eigen3/Eigen/src/Geometry/ParametrizedLine.h
[2.395s] -- Up-to-date: /home/shipengl/LRSMT/install/Eigen3/include/eigen3/Eigen/src/Geometry/Rotation2D.h
[2.395s] -- Up-to-date: /home/shipengl/LRSMT/install/Eigen3/include/eigen3/Eigen/src/Geometry/EulerAngles.h
[2.395s] -- Up-to-date: /home/shipengl/LRSMT/install/Eigen3/include/eigen3/Eigen/src/SVD
[2.396s] -- Up-to-date: /home/shipengl/LRSMT/install/Eigen3/include/eigen3/Eigen/src/SVD/BDCSVD.h
[2.396s] -- Up-to-date: /home/shipengl/LRSMT/install/Eigen3/include/eigen3/Eigen/src/SVD/SVDBase.h
[2.396s] -- Up-to-date: /home/shipengl/LRSMT/install/Eigen3/include/eigen3/Eigen/src/SVD/JacobiSVD.h
[2.396s] -- Up-to-date: /home/shipengl/LRSMT/install/Eigen3/include/eigen3/Eigen/src/SVD/UpperBidiagonalization.h
[2.396s] -- Up-to-date: /home/shipengl/LRSMT/install/Eigen3/include/eigen3/Eigen/src/SVD/JacobiSVD_LAPACKE.h
[2.397s] -- Up-to-date: /home/shipengl/LRSMT/install/Eigen3/include/eigen3/Eigen/src/Cholesky
[2.397s] -- Up-to-date: /home/shipengl/LRSMT/install/Eigen3/include/eigen3/Eigen/src/Cholesky/LDLT.h
[2.397s] -- Up-to-date: /home/shipengl/LRSMT/install/Eigen3/include/eigen3/Eigen/src/Cholesky/LLT.h
[2.397s] -- Up-to-date: /home/shipengl/LRSMT/install/Eigen3/include/eigen3/Eigen/src/Cholesky/LLT_LAPACKE.h
[2.397s] -- Up-to-date: /home/shipengl/LRSMT/install/Eigen3/include/eigen3/unsupported/Eigen/AdolcForward
[2.397s] -- Up-to-date: /home/shipengl/LRSMT/install/Eigen3/include/eigen3/unsupported/Eigen/AlignedVector3
[2.397s] -- Up-to-date: /home/shipengl/LRSMT/install/Eigen3/include/eigen3/unsupported/Eigen/ArpackSupport
[2.397s] -- Up-to-date: /home/shipengl/LRSMT/install/Eigen3/include/eigen3/unsupported/Eigen/AutoDiff
[2.398s] -- Up-to-date: /home/shipengl/LRSMT/install/Eigen3/include/eigen3/unsupported/Eigen/BVH
[2.398s] -- Up-to-date: /home/shipengl/LRSMT/install/Eigen3/include/eigen3/unsupported/Eigen/EulerAngles
[2.398s] -- Up-to-date: /home/shipengl/LRSMT/install/Eigen3/include/eigen3/unsupported/Eigen/FFT
[2.398s] -- Up-to-date: /home/shipengl/LRSMT/install/Eigen3/include/eigen3/unsupported/Eigen/IterativeSolvers
[2.398s] -- Up-to-date: /home/shipengl/LRSMT/install/Eigen3/include/eigen3/unsupported/Eigen/KroneckerProduct
[2.398s] -- Up-to-date: /home/shipengl/LRSMT/install/Eigen3/include/eigen3/unsupported/Eigen/LevenbergMarquardt
[2.399s] -- Up-to-date: /home/shipengl/LRSMT/install/Eigen3/include/eigen3/unsupported/Eigen/MatrixFunctions
[2.399s] -- Up-to-date: /home/shipengl/LRSMT/install/Eigen3/include/eigen3/unsupported/Eigen/MoreVectorization
[2.399s] -- Up-to-date: /home/shipengl/LRSMT/install/Eigen3/include/eigen3/unsupported/Eigen/MPRealSupport
[2.399s] -- Up-to-date: /home/shipengl/LRSMT/install/Eigen3/include/eigen3/unsupported/Eigen/NonLinearOptimization
[2.399s] -- Up-to-date: /home/shipengl/LRSMT/install/Eigen3/include/eigen3/unsupported/Eigen/NumericalDiff
[2.399s] -- Up-to-date: /home/shipengl/LRSMT/install/Eigen3/include/eigen3/unsupported/Eigen/OpenGLSupport
[2.399s] -- Up-to-date: /home/shipengl/LRSMT/install/Eigen3/include/eigen3/unsupported/Eigen/Polynomials
[2.399s] -- Up-to-date: /home/shipengl/LRSMT/install/Eigen3/include/eigen3/unsupported/Eigen/Skyline
[2.400s] -- Up-to-date: /home/shipengl/LRSMT/install/Eigen3/include/eigen3/unsupported/Eigen/SparseExtra
[2.400s] -- Up-to-date: /home/shipengl/LRSMT/install/Eigen3/include/eigen3/unsupported/Eigen/SpecialFunctions
[2.400s] -- Up-to-date: /home/shipengl/LRSMT/install/Eigen3/include/eigen3/unsupported/Eigen/Splines
[2.400s] -- Up-to-date: /home/shipengl/LRSMT/install/Eigen3/include/eigen3/unsupported/Eigen/src
[2.400s] -- Up-to-date: /home/shipengl/LRSMT/install/Eigen3/include/eigen3/unsupported/Eigen/src/IterativeSolvers
[2.400s] -- Up-to-date: /home/shipengl/LRSMT/install/Eigen3/include/eigen3/unsupported/Eigen/src/IterativeSolvers/IterationController.h
[2.401s] -- Up-to-date: /home/shipengl/LRSMT/install/Eigen3/include/eigen3/unsupported/Eigen/src/IterativeSolvers/IncompleteLU.h
[2.401s] -- Up-to-date: /home/shipengl/LRSMT/install/Eigen3/include/eigen3/unsupported/Eigen/src/IterativeSolvers/GMRES.h
[2.401s] -- Up-to-date: /home/shipengl/LRSMT/install/Eigen3/include/eigen3/unsupported/Eigen/src/IterativeSolvers/DGMRES.h
[2.401s] -- Up-to-date: /home/shipengl/LRSMT/install/Eigen3/include/eigen3/unsupported/Eigen/src/IterativeSolvers/MINRES.h
[2.401s] -- Up-to-date: /home/shipengl/LRSMT/install/Eigen3/include/eigen3/unsupported/Eigen/src/IterativeSolvers/ConstrainedConjGrad.h
[2.401s] -- Up-to-date: /home/shipengl/LRSMT/install/Eigen3/include/eigen3/unsupported/Eigen/src/IterativeSolvers/Scaling.h
[2.401s] -- Up-to-date: /home/shipengl/LRSMT/install/Eigen3/include/eigen3/unsupported/Eigen/src/NumericalDiff
[2.402s] -- Up-to-date: /home/shipengl/LRSMT/install/Eigen3/include/eigen3/unsupported/Eigen/src/NumericalDiff/NumericalDiff.h
[2.402s] -- Up-to-date: /home/shipengl/LRSMT/install/Eigen3/include/eigen3/unsupported/Eigen/src/LevenbergMarquardt
[2.402s] -- Up-to-date: /home/shipengl/LRSMT/install/Eigen3/include/eigen3/unsupported/Eigen/src/LevenbergMarquardt/LevenbergMarquardt.h
[2.402s] -- Up-to-date: /home/shipengl/LRSMT/install/Eigen3/include/eigen3/unsupported/Eigen/src/LevenbergMarquardt/LMonestep.h
[2.402s] -- Up-to-date: /home/shipengl/LRSMT/install/Eigen3/include/eigen3/unsupported/Eigen/src/LevenbergMarquardt/LMcovar.h
[2.402s] -- Up-to-date: /home/shipengl/LRSMT/install/Eigen3/include/eigen3/unsupported/Eigen/src/LevenbergMarquardt/LMqrsolv.h
[2.403s] -- Up-to-date: /home/shipengl/LRSMT/install/Eigen3/include/eigen3/unsupported/Eigen/src/LevenbergMarquardt/LMpar.h
[2.403s] -- Up-to-date: /home/shipengl/LRSMT/install/Eigen3/include/eigen3/unsupported/Eigen/src/Splines
[2.403s] -- Up-to-date: /home/shipengl/LRSMT/install/Eigen3/include/eigen3/unsupported/Eigen/src/Splines/Spline.h
[2.403s] -- Up-to-date: /home/shipengl/LRSMT/install/Eigen3/include/eigen3/unsupported/Eigen/src/Splines/SplineFitting.h
[2.403s] -- Up-to-date: /home/shipengl/LRSMT/install/Eigen3/include/eigen3/unsupported/Eigen/src/Splines/SplineFwd.h
[2.403s] -- Up-to-date: /home/shipengl/LRSMT/install/Eigen3/include/eigen3/unsupported/Eigen/src/Eigenvalues
[2.403s] -- Up-to-date: /home/shipengl/LRSMT/install/Eigen3/include/eigen3/unsupported/Eigen/src/Eigenvalues/ArpackSelfAdjointEigenSolver.h
[2.403s] -- Up-to-date: /home/shipengl/LRSMT/install/Eigen3/include/eigen3/unsupported/Eigen/src/KroneckerProduct
[2.404s] -- Up-to-date: /home/shipengl/LRSMT/install/Eigen3/include/eigen3/unsupported/Eigen/src/KroneckerProduct/KroneckerTensorProduct.h
[2.404s] -- Up-to-date: /home/shipengl/LRSMT/install/Eigen3/include/eigen3/unsupported/Eigen/src/EulerAngles
[2.404s] -- Up-to-date: /home/shipengl/LRSMT/install/Eigen3/include/eigen3/unsupported/Eigen/src/EulerAngles/EulerSystem.h
[2.404s] -- Up-to-date: /home/shipengl/LRSMT/install/Eigen3/include/eigen3/unsupported/Eigen/src/EulerAngles/EulerAngles.h
[2.404s] -- Up-to-date: /home/shipengl/LRSMT/install/Eigen3/include/eigen3/unsupported/Eigen/src/SparseExtra
[2.404s] -- Up-to-date: /home/shipengl/LRSMT/install/Eigen3/include/eigen3/unsupported/Eigen/src/SparseExtra/BlockOfDynamicSparseMatrix.h
[2.405s] -- Up-to-date: /home/shipengl/LRSMT/install/Eigen3/include/eigen3/unsupported/Eigen/src/SparseExtra/DynamicSparseMatrix.h
[2.405s] -- Up-to-date: /home/shipengl/LRSMT/install/Eigen3/include/eigen3/unsupported/Eigen/src/SparseExtra/BlockSparseMatrix.h
[2.405s] -- Up-to-date: /home/shipengl/LRSMT/install/Eigen3/include/eigen3/unsupported/Eigen/src/SparseExtra/MarketIO.h
[2.405s] -- Up-to-date: /home/shipengl/LRSMT/install/Eigen3/include/eigen3/unsupported/Eigen/src/SparseExtra/RandomSetter.h
[2.405s] -- Up-to-date: /home/shipengl/LRSMT/install/Eigen3/include/eigen3/unsupported/Eigen/src/SparseExtra/MatrixMarketIterator.h
[2.405s] -- Up-to-date: /home/shipengl/LRSMT/install/Eigen3/include/eigen3/unsupported/Eigen/src/AutoDiff
[2.405s] -- Up-to-date: /home/shipengl/LRSMT/install/Eigen3/include/eigen3/unsupported/Eigen/src/AutoDiff/AutoDiffScalar.h
[2.405s] -- Up-to-date: /home/shipengl/LRSMT/install/Eigen3/include/eigen3/unsupported/Eigen/src/AutoDiff/AutoDiffJacobian.h
[2.405s] -- Up-to-date: /home/shipengl/LRSMT/install/Eigen3/include/eigen3/unsupported/Eigen/src/AutoDiff/AutoDiffVector.h
[2.406s] -- Up-to-date: /home/shipengl/LRSMT/install/Eigen3/include/eigen3/unsupported/Eigen/src/Polynomials
[2.406s] -- Up-to-date: /home/shipengl/LRSMT/install/Eigen3/include/eigen3/unsupported/Eigen/src/Polynomials/Companion.h
[2.406s] -- Up-to-date: /home/shipengl/LRSMT/install/Eigen3/include/eigen3/unsupported/Eigen/src/Polynomials/PolynomialSolver.h
[2.406s] -- Up-to-date: /home/shipengl/LRSMT/install/Eigen3/include/eigen3/unsupported/Eigen/src/Polynomials/PolynomialUtils.h
[2.406s] -- Up-to-date: /home/shipengl/LRSMT/install/Eigen3/include/eigen3/unsupported/Eigen/src/NonLinearOptimization
[2.407s] -- Up-to-date: /home/shipengl/LRSMT/install/Eigen3/include/eigen3/unsupported/Eigen/src/NonLinearOptimization/dogleg.h
[2.407s] -- Up-to-date: /home/shipengl/LRSMT/install/Eigen3/include/eigen3/unsupported/Eigen/src/NonLinearOptimization/LevenbergMarquardt.h
[2.407s] -- Up-to-date: /home/shipengl/LRSMT/install/Eigen3/include/eigen3/unsupported/Eigen/src/NonLinearOptimization/covar.h
[2.407s] -- Up-to-date: /home/shipengl/LRSMT/install/Eigen3/include/eigen3/unsupported/Eigen/src/NonLinearOptimization/lmpar.h
[2.407s] -- Up-to-date: /home/shipengl/LRSMT/install/Eigen3/include/eigen3/unsupported/Eigen/src/NonLinearOptimization/qrsolv.h
[2.407s] -- Up-to-date: /home/shipengl/LRSMT/install/Eigen3/include/eigen3/unsupported/Eigen/src/NonLinearOptimization/r1mpyq.h
[2.407s] -- Up-to-date: /home/shipengl/LRSMT/install/Eigen3/include/eigen3/unsupported/Eigen/src/NonLinearOptimization/fdjac1.h
[2.407s] -- Up-to-date: /home/shipengl/LRSMT/install/Eigen3/include/eigen3/unsupported/Eigen/src/NonLinearOptimization/chkder.h
[2.408s] -- Up-to-date: /home/shipengl/LRSMT/install/Eigen3/include/eigen3/unsupported/Eigen/src/NonLinearOptimization/rwupdt.h
[2.408s] -- Up-to-date: /home/shipengl/LRSMT/install/Eigen3/include/eigen3/unsupported/Eigen/src/NonLinearOptimization/r1updt.h
[2.408s] -- Up-to-date: /home/shipengl/LRSMT/install/Eigen3/include/eigen3/unsupported/Eigen/src/NonLinearOptimization/HybridNonLinearSolver.h
[2.408s] -- Up-to-date: /home/shipengl/LRSMT/install/Eigen3/include/eigen3/unsupported/Eigen/src/Skyline
[2.408s] -- Up-to-date: /home/shipengl/LRSMT/install/Eigen3/include/eigen3/unsupported/Eigen/src/Skyline/SkylineProduct.h
[2.408s] -- Up-to-date: /home/shipengl/LRSMT/install/Eigen3/include/eigen3/unsupported/Eigen/src/Skyline/SkylineInplaceLU.h
[2.409s] -- Up-to-date: /home/shipengl/LRSMT/install/Eigen3/include/eigen3/unsupported/Eigen/src/Skyline/SkylineMatrixBase.h
[2.409s] -- Up-to-date: /home/shipengl/LRSMT/install/Eigen3/include/eigen3/unsupported/Eigen/src/Skyline/SkylineStorage.h
[2.409s] -- Up-to-date: /home/shipengl/LRSMT/install/Eigen3/include/eigen3/unsupported/Eigen/src/Skyline/SkylineMatrix.h
[2.409s] -- Up-to-date: /home/shipengl/LRSMT/install/Eigen3/include/eigen3/unsupported/Eigen/src/Skyline/SkylineUtil.h
[2.409s] -- Up-to-date: /home/shipengl/LRSMT/install/Eigen3/include/eigen3/unsupported/Eigen/src/SpecialFunctions
[2.409s] -- Up-to-date: /home/shipengl/LRSMT/install/Eigen3/include/eigen3/unsupported/Eigen/src/SpecialFunctions/SpecialFunctionsHalf.h
[2.409s] -- Up-to-date: /home/shipengl/LRSMT/install/Eigen3/include/eigen3/unsupported/Eigen/src/SpecialFunctions/SpecialFunctionsFunctors.h
[2.409s] -- Up-to-date: /home/shipengl/LRSMT/install/Eigen3/include/eigen3/unsupported/Eigen/src/SpecialFunctions/SpecialFunctionsImpl.h
[2.409s] -- Up-to-date: /home/shipengl/LRSMT/install/Eigen3/include/eigen3/unsupported/Eigen/src/SpecialFunctions/arch
[2.410s] -- Up-to-date: /home/shipengl/LRSMT/install/Eigen3/include/eigen3/unsupported/Eigen/src/SpecialFunctions/arch/CUDA
[2.410s] -- Up-to-date: /home/shipengl/LRSMT/install/Eigen3/include/eigen3/unsupported/Eigen/src/SpecialFunctions/arch/CUDA/CudaSpecialFunctions.h
[2.410s] -- Up-to-date: /home/shipengl/LRSMT/install/Eigen3/include/eigen3/unsupported/Eigen/src/SpecialFunctions/SpecialFunctionsArrayAPI.h
[2.410s] -- Up-to-date: /home/shipengl/LRSMT/install/Eigen3/include/eigen3/unsupported/Eigen/src/SpecialFunctions/SpecialFunctionsPacketMath.h
[2.410s] -- Up-to-date: /home/shipengl/LRSMT/install/Eigen3/include/eigen3/unsupported/Eigen/src/MatrixFunctions
[2.410s] -- Up-to-date: /home/shipengl/LRSMT/install/Eigen3/include/eigen3/unsupported/Eigen/src/MatrixFunctions/MatrixFunction.h
[2.411s] -- Up-to-date: /home/shipengl/LRSMT/install/Eigen3/include/eigen3/unsupported/Eigen/src/MatrixFunctions/MatrixLogarithm.h
[2.411s] -- Up-to-date: /home/shipengl/LRSMT/install/Eigen3/include/eigen3/unsupported/Eigen/src/MatrixFunctions/MatrixPower.h
[2.411s] -- Up-to-date: /home/shipengl/LRSMT/install/Eigen3/include/eigen3/unsupported/Eigen/src/MatrixFunctions/MatrixExponential.h
[2.411s] -- Up-to-date: /home/shipengl/LRSMT/install/Eigen3/include/eigen3/unsupported/Eigen/src/MatrixFunctions/MatrixSquareRoot.h
[2.411s] -- Up-to-date: /home/shipengl/LRSMT/install/Eigen3/include/eigen3/unsupported/Eigen/src/MatrixFunctions/StemFunction.h
[2.411s] -- Up-to-date: /home/shipengl/LRSMT/install/Eigen3/include/eigen3/unsupported/Eigen/src/BVH
[2.412s] -- Up-to-date: /home/shipengl/LRSMT/install/Eigen3/include/eigen3/unsupported/Eigen/src/BVH/BVAlgorithms.h
[2.412s] -- Up-to-date: /home/shipengl/LRSMT/install/Eigen3/include/eigen3/unsupported/Eigen/src/BVH/KdBVH.h
[2.412s] -- Up-to-date: /home/shipengl/LRSMT/install/Eigen3/include/eigen3/unsupported/Eigen/src/FFT
[2.412s] -- Up-to-date: /home/shipengl/LRSMT/install/Eigen3/include/eigen3/unsupported/Eigen/src/FFT/ei_fftw_impl.h
[2.412s] -- Up-to-date: /home/shipengl/LRSMT/install/Eigen3/include/eigen3/unsupported/Eigen/src/FFT/ei_kissfft_impl.h
[2.412s] -- Up-to-date: /home/shipengl/LRSMT/install/Eigen3/include/eigen3/unsupported/Eigen/src/MoreVectorization
[2.412s] -- Up-to-date: /home/shipengl/LRSMT/install/Eigen3/include/eigen3/unsupported/Eigen/src/MoreVectorization/MathFunctions.h
[2.412s] -- Up-to-date: /home/shipengl/LRSMT/install/Eigen3/include/eigen3/unsupported/Eigen/CXX11/Tensor
[2.413s] -- Up-to-date: /home/shipengl/LRSMT/install/Eigen3/include/eigen3/unsupported/Eigen/CXX11/TensorSymmetry
[2.413s] -- Up-to-date: /home/shipengl/LRSMT/install/Eigen3/include/eigen3/unsupported/Eigen/CXX11/ThreadPool
[2.413s] -- Up-to-date: /home/shipengl/LRSMT/install/Eigen3/include/eigen3/unsupported/Eigen/CXX11/src
[2.413s] -- Up-to-date: /home/shipengl/LRSMT/install/Eigen3/include/eigen3/unsupported/Eigen/CXX11/src/TensorSymmetry
[2.413s] -- Up-to-date: /home/shipengl/LRSMT/install/Eigen3/include/eigen3/unsupported/Eigen/CXX11/src/TensorSymmetry/Symmetry.h
[2.413s] -- Up-to-date: /home/shipengl/LRSMT/install/Eigen3/include/eigen3/unsupported/Eigen/CXX11/src/TensorSymmetry/DynamicSymmetry.h
[2.413s] -- Up-to-date: /home/shipengl/LRSMT/install/Eigen3/include/eigen3/unsupported/Eigen/CXX11/src/TensorSymmetry/StaticSymmetry.h
[2.414s] -- Up-to-date: /home/shipengl/LRSMT/install/Eigen3/include/eigen3/unsupported/Eigen/CXX11/src/TensorSymmetry/util
[2.414s] -- Up-to-date: /home/shipengl/LRSMT/install/Eigen3/include/eigen3/unsupported/Eigen/CXX11/src/TensorSymmetry/util/TemplateGroupTheory.h
[2.414s] -- Up-to-date: /home/shipengl/LRSMT/install/Eigen3/include/eigen3/unsupported/Eigen/CXX11/src/util
[2.414s] -- Up-to-date: /home/shipengl/LRSMT/install/Eigen3/include/eigen3/unsupported/Eigen/CXX11/src/util/CXX11Workarounds.h
[2.415s] -- Up-to-date: /home/shipengl/LRSMT/install/Eigen3/include/eigen3/unsupported/Eigen/CXX11/src/util/CXX11Meta.h
[2.415s] -- Up-to-date: /home/shipengl/LRSMT/install/Eigen3/include/eigen3/unsupported/Eigen/CXX11/src/util/EmulateArray.h
[2.416s] -- Up-to-date: /home/shipengl/LRSMT/install/Eigen3/include/eigen3/unsupported/Eigen/CXX11/src/util/EmulateCXX11Meta.h
[2.416s] -- Up-to-date: /home/shipengl/LRSMT/install/Eigen3/include/eigen3/unsupported/Eigen/CXX11/src/util/MaxSizeVector.h
[2.416s] -- Up-to-date: /home/shipengl/LRSMT/install/Eigen3/include/eigen3/unsupported/Eigen/CXX11/src/Tensor
[2.416s] -- Up-to-date: /home/shipengl/LRSMT/install/Eigen3/include/eigen3/unsupported/Eigen/CXX11/src/Tensor/TensorAssign.h
[2.416s] -- Up-to-date: /home/shipengl/LRSMT/install/Eigen3/include/eigen3/unsupported/Eigen/CXX11/src/Tensor/TensorMacros.h
[2.416s] -- Up-to-date: /home/shipengl/LRSMT/install/Eigen3/include/eigen3/unsupported/Eigen/CXX11/src/Tensor/TensorLayoutSwap.h
[2.417s] -- Up-to-date: /home/shipengl/LRSMT/install/Eigen3/include/eigen3/unsupported/Eigen/CXX11/src/Tensor/TensorMap.h
[2.417s] -- Up-to-date: /home/shipengl/LRSMT/install/Eigen3/include/eigen3/unsupported/Eigen/CXX11/src/Tensor/TensorMeta.h
[2.417s] -- Up-to-date: /home/shipengl/LRSMT/install/Eigen3/include/eigen3/unsupported/Eigen/CXX11/src/Tensor/TensorFFT.h
[2.417s] -- Up-to-date: /home/shipengl/LRSMT/install/Eigen3/include/eigen3/unsupported/Eigen/CXX11/src/Tensor/TensorInitializer.h
[2.417s] -- Up-to-date: /home/shipengl/LRSMT/install/Eigen3/include/eigen3/unsupported/Eigen/CXX11/src/Tensor/TensorShuffling.h
[2.417s] -- Up-to-date: /home/shipengl/LRSMT/install/Eigen3/include/eigen3/unsupported/Eigen/CXX11/src/Tensor/TensorForwardDeclarations.h
[2.418s] -- Up-to-date: /home/shipengl/LRSMT/install/Eigen3/include/eigen3/unsupported/Eigen/CXX11/src/Tensor/TensorContractionMapper.h
[2.418s] -- Up-to-date: /home/shipengl/LRSMT/install/Eigen3/include/eigen3/unsupported/Eigen/CXX11/src/Tensor/TensorSyclExtractFunctors.h
[2.418s] -- Up-to-date: /home/shipengl/LRSMT/install/Eigen3/include/eigen3/unsupported/Eigen/CXX11/src/Tensor/TensorReduction.h
[2.418s] -- Up-to-date: /home/shipengl/LRSMT/install/Eigen3/include/eigen3/unsupported/Eigen/CXX11/src/Tensor/TensorSyclTuple.h
[2.418s] -- Up-to-date: /home/shipengl/LRSMT/install/Eigen3/include/eigen3/unsupported/Eigen/CXX11/src/Tensor/TensorRandom.h
[2.418s] -- Up-to-date: /home/shipengl/LRSMT/install/Eigen3/include/eigen3/unsupported/Eigen/CXX11/src/Tensor/TensorVolumePatch.h
[2.418s] -- Up-to-date: /home/shipengl/LRSMT/install/Eigen3/include/eigen3/unsupported/Eigen/CXX11/src/Tensor/TensorUInt128.h
[2.419s] -- Up-to-date: /home/shipengl/LRSMT/install/Eigen3/include/eigen3/unsupported/Eigen/CXX11/src/Tensor/TensorBroadcasting.h
[2.419s] -- Up-to-date: /home/shipengl/LRSMT/install/Eigen3/include/eigen3/unsupported/Eigen/CXX11/src/Tensor/TensorEvalTo.h
[2.419s] -- Up-to-date: /home/shipengl/LRSMT/install/Eigen3/include/eigen3/unsupported/Eigen/CXX11/src/Tensor/TensorReductionCuda.h
[2.419s] -- Up-to-date: /home/shipengl/LRSMT/install/Eigen3/include/eigen3/unsupported/Eigen/CXX11/src/Tensor/TensorDevice.h
[2.419s] -- Up-to-date: /home/shipengl/LRSMT/install/Eigen3/include/eigen3/unsupported/Eigen/CXX11/src/Tensor/TensorDeviceDefault.h
[2.420s] -- Up-to-date: /home/shipengl/LRSMT/install/Eigen3/include/eigen3/unsupported/Eigen/CXX11/src/Tensor/TensorSyclRun.h
[2.420s] -- Up-to-date: /home/shipengl/LRSMT/install/Eigen3/include/eigen3/unsupported/Eigen/CXX11/src/Tensor/TensorContraction.h
[2.420s] -- Up-to-date: /home/shipengl/LRSMT/install/Eigen3/include/eigen3/unsupported/Eigen/CXX11/src/Tensor/TensorIntDiv.h
[2.420s] -- Up-to-date: /home/shipengl/LRSMT/install/Eigen3/include/eigen3/unsupported/Eigen/CXX11/src/Tensor/TensorCustomOp.h
[2.420s] -- Up-to-date: /home/shipengl/LRSMT/install/Eigen3/include/eigen3/unsupported/Eigen/CXX11/src/Tensor/TensorConvolution.h
[2.420s] -- Up-to-date: /home/shipengl/LRSMT/install/Eigen3/include/eigen3/unsupported/Eigen/CXX11/src/Tensor/TensorStorage.h
[2.420s] -- Up-to-date: /home/shipengl/LRSMT/install/Eigen3/include/eigen3/unsupported/Eigen/CXX11/src/Tensor/TensorExecutor.h
[2.421s] -- Up-to-date: /home/shipengl/LRSMT/install/Eigen3/include/eigen3/unsupported/Eigen/CXX11/src/Tensor/TensorScan.h
[2.421s] -- Up-to-date: /home/shipengl/LRSMT/install/Eigen3/include/eigen3/unsupported/Eigen/CXX11/src/Tensor/TensorSyclExprConstructor.h
[2.421s] -- Up-to-date: /home/shipengl/LRSMT/install/Eigen3/include/eigen3/unsupported/Eigen/CXX11/src/Tensor/TensorInflation.h
[2.421s] -- Up-to-date: /home/shipengl/LRSMT/install/Eigen3/include/eigen3/unsupported/Eigen/CXX11/src/Tensor/TensorContractionBlocking.h
[2.421s] -- Up-to-date: /home/shipengl/LRSMT/install/Eigen3/include/eigen3/unsupported/Eigen/CXX11/src/Tensor/TensorReductionSycl.h
[2.421s] -- Up-to-date: /home/shipengl/LRSMT/install/Eigen3/include/eigen3/unsupported/Eigen/CXX11/src/Tensor/TensorBase.h
[2.421s] -- Up-to-date: /home/shipengl/LRSMT/install/Eigen3/include/eigen3/unsupported/Eigen/CXX11/src/Tensor/TensorDimensions.h
[2.421s] -- Up-to-date: /home/shipengl/LRSMT/install/Eigen3/include/eigen3/unsupported/Eigen/CXX11/src/Tensor/TensorDeviceThreadPool.h
[2.421s] -- Up-to-date: /home/shipengl/LRSMT/install/Eigen3/include/eigen3/unsupported/Eigen/CXX11/src/Tensor/TensorMorphing.h
[2.421s] -- Up-to-date: /home/shipengl/LRSMT/install/Eigen3/include/eigen3/unsupported/Eigen/CXX11/src/Tensor/TensorReverse.h
[2.422s] -- Up-to-date: /home/shipengl/LRSMT/install/Eigen3/include/eigen3/unsupported/Eigen/CXX11/src/Tensor/TensorImagePatch.h
[2.422s] -- Up-to-date: /home/shipengl/LRSMT/install/Eigen3/include/eigen3/unsupported/Eigen/CXX11/src/Tensor/TensorEvaluator.h
[2.422s] -- Up-to-date: /home/shipengl/LRSMT/install/Eigen3/include/eigen3/unsupported/Eigen/CXX11/src/Tensor/TensorContractionThreadPool.h
[2.422s] -- Up-to-date: /home/shipengl/LRSMT/install/Eigen3/include/eigen3/unsupported/Eigen/CXX11/src/Tensor/TensorSycl.h
[2.422s] -- Up-to-date: /home/shipengl/LRSMT/install/Eigen3/include/eigen3/unsupported/Eigen/CXX11/src/Tensor/TensorConcatenation.h
[2.422s] -- Up-to-date: /home/shipengl/LRSMT/install/Eigen3/include/eigen3/unsupported/Eigen/CXX11/src/Tensor/TensorContractionCuda.h
[2.422s] -- Up-to-date: /home/shipengl/LRSMT/install/Eigen3/include/eigen3/unsupported/Eigen/CXX11/src/Tensor/TensorIndexList.h
[2.422s] -- Up-to-date: /home/shipengl/LRSMT/install/Eigen3/include/eigen3/unsupported/Eigen/CXX11/src/Tensor/TensorFixedSize.h
[2.422s] -- Up-to-date: /home/shipengl/LRSMT/install/Eigen3/include/eigen3/unsupported/Eigen/CXX11/src/Tensor/TensorTraits.h
[2.422s] -- Up-to-date: /home/shipengl/LRSMT/install/Eigen3/include/eigen3/unsupported/Eigen/CXX11/src/Tensor/TensorPatch.h
[2.423s] -- Up-to-date: /home/shipengl/LRSMT/install/Eigen3/include/eigen3/unsupported/Eigen/CXX11/src/Tensor/TensorSyclPlaceHolderExpr.h
[2.423s] -- Up-to-date: /home/shipengl/LRSMT/install/Eigen3/include/eigen3/unsupported/Eigen/CXX11/src/Tensor/TensorConversion.h
[2.423s] -- Up-to-date: /home/shipengl/LRSMT/install/Eigen3/include/eigen3/unsupported/Eigen/CXX11/src/Tensor/TensorSyclLeafCount.h
[2.423s] -- Up-to-date: /home/shipengl/LRSMT/install/Eigen3/include/eigen3/unsupported/Eigen/CXX11/src/Tensor/TensorFunctors.h
[2.423s] -- Up-to-date: /home/shipengl/LRSMT/install/Eigen3/include/eigen3/unsupported/Eigen/CXX11/src/Tensor/TensorArgMax.h
[2.423s] -- Up-to-date: /home/shipengl/LRSMT/install/Eigen3/include/eigen3/unsupported/Eigen/CXX11/src/Tensor/TensorIO.h
[2.423s] -- Up-to-date: /home/shipengl/LRSMT/install/Eigen3/include/eigen3/unsupported/Eigen/CXX11/src/Tensor/TensorStriding.h
[2.423s] -- Up-to-date: /home/shipengl/LRSMT/install/Eigen3/include/eigen3/unsupported/Eigen/CXX11/src/Tensor/TensorGenerator.h
[2.423s] -- Up-to-date: /home/shipengl/LRSMT/install/Eigen3/include/eigen3/unsupported/Eigen/CXX11/src/Tensor/TensorDimensionList.h
[2.423s] -- Up-to-date: /home/shipengl/LRSMT/install/Eigen3/include/eigen3/unsupported/Eigen/CXX11/src/Tensor/Tensor.h
[2.424s] -- Up-to-date: /home/shipengl/LRSMT/install/Eigen3/include/eigen3/unsupported/Eigen/CXX11/src/Tensor/TensorForcedEval.h
[2.424s] -- Up-to-date: /home/shipengl/LRSMT/install/Eigen3/include/eigen3/unsupported/Eigen/CXX11/src/Tensor/TensorExpr.h
[2.424s] -- Up-to-date: /home/shipengl/LRSMT/install/Eigen3/include/eigen3/unsupported/Eigen/CXX11/src/Tensor/TensorCostModel.h
[2.424s] -- Up-to-date: /home/shipengl/LRSMT/install/Eigen3/include/eigen3/unsupported/Eigen/CXX11/src/Tensor/TensorDeviceCuda.h
[2.424s] -- Up-to-date: /home/shipengl/LRSMT/install/Eigen3/include/eigen3/unsupported/Eigen/CXX11/src/Tensor/TensorChipping.h
[2.424s] -- Up-to-date: /home/shipengl/LRSMT/install/Eigen3/include/eigen3/unsupported/Eigen/CXX11/src/Tensor/TensorSyclExtractAccessor.h
[2.424s] -- Up-to-date: /home/shipengl/LRSMT/install/Eigen3/include/eigen3/unsupported/Eigen/CXX11/src/Tensor/TensorGlobalFunctions.h
[2.424s] -- Up-to-date: /home/shipengl/LRSMT/install/Eigen3/include/eigen3/unsupported/Eigen/CXX11/src/Tensor/TensorSyclConvertToDeviceExpression.h
[2.425s] -- Up-to-date: /home/shipengl/LRSMT/install/Eigen3/include/eigen3/unsupported/Eigen/CXX11/src/Tensor/TensorPadding.h
[2.426s] -- Up-to-date: /home/shipengl/LRSMT/install/Eigen3/include/eigen3/unsupported/Eigen/CXX11/src/Tensor/TensorDeviceSycl.h
[2.426s] -- Up-to-date: /home/shipengl/LRSMT/install/Eigen3/include/eigen3/unsupported/Eigen/CXX11/src/Tensor/TensorRef.h
[2.426s] -- Up-to-date: /home/shipengl/LRSMT/install/Eigen3/include/eigen3/unsupported/Eigen/CXX11/src/ThreadPool
[2.426s] -- Up-to-date: /home/shipengl/LRSMT/install/Eigen3/include/eigen3/unsupported/Eigen/CXX11/src/ThreadPool/SimpleThreadPool.h
[2.426s] -- Up-to-date: /home/shipengl/LRSMT/install/Eigen3/include/eigen3/unsupported/Eigen/CXX11/src/ThreadPool/ThreadEnvironment.h
[2.426s] -- Up-to-date: /home/shipengl/LRSMT/install/Eigen3/include/eigen3/unsupported/Eigen/CXX11/src/ThreadPool/RunQueue.h
[2.426s] -- Up-to-date: /home/shipengl/LRSMT/install/Eigen3/include/eigen3/unsupported/Eigen/CXX11/src/ThreadPool/ThreadLocal.h
[2.426s] -- Up-to-date: /home/shipengl/LRSMT/install/Eigen3/include/eigen3/unsupported/Eigen/CXX11/src/ThreadPool/ThreadYield.h
[2.427s] -- Up-to-date: /home/shipengl/LRSMT/install/Eigen3/include/eigen3/unsupported/Eigen/CXX11/src/ThreadPool/EventCount.h
[2.427s] -- Up-to-date: /home/shipengl/LRSMT/install/Eigen3/include/eigen3/unsupported/Eigen/CXX11/src/ThreadPool/NonBlockingThreadPool.h
[2.427s] -- Up-to-date: /home/shipengl/LRSMT/install/Eigen3/include/eigen3/unsupported/Eigen/CXX11/src/ThreadPool/ThreadPoolInterface.h
[2.427s] Invoked command in '/home/shipengl/LRSMT/build/Eigen3' returned '0': /usr/bin/cmake --install /home/shipengl/LRSMT/build/Eigen3
