[0.078s] Invoking command in '/home/shipengl/LRSMT/agiletaur/build/odrive_bringup': CMAKE_PREFIX_PATH=/home/shipengl/LRSMT/agiletaur/install/odrive_description:/home/shipengl/LRSMT/agiletaur/install/webots_simulation_assets:/home/shipengl/LRSMT/agiletaur/install/webots_ros2_control:/home/shipengl/LRSMT/agiletaur/install/webots_ros2_driver:/home/shipengl/LRSMT/agiletaur/install/webots_ros2_msgs:/home/shipengl/LRSMT/agiletaur/install/webots_description:/home/shipengl/LRSMT/agiletaur/install/webots_bringup:/home/shipengl/LRSMT/agiletaur/install/odrive_ros2_control:/home/shipengl/LRSMT/agiletaur/install/odrive_hardware_interface:/home/shipengl/LRSMT/agiletaur/install/odrive_bringup:/home/shipengl/LRSMT/agiletaur/install/agiletaur_launcher:/home/shipengl/LRSMT/agiletaur/install/agiletaur_controller:/opt/ros/foxy /usr/bin/cmake --build /home/shipengl/LRSMT/agiletaur/build/odrive_bringup -- -j16 -l16
[0.125s] Invoked command in '/home/shipengl/LRSMT/agiletaur/build/odrive_bringup' returned '0': CMAKE_PREFIX_PATH=/home/shipengl/LRSMT/agiletaur/install/odrive_description:/home/shipengl/LRSMT/agiletaur/install/webots_simulation_assets:/home/shipengl/LRSMT/agiletaur/install/webots_ros2_control:/home/shipengl/LRSMT/agiletaur/install/webots_ros2_driver:/home/shipengl/LRSMT/agiletaur/install/webots_ros2_msgs:/home/shipengl/LRSMT/agiletaur/install/webots_description:/home/shipengl/LRSMT/agiletaur/install/webots_bringup:/home/shipengl/LRSMT/agiletaur/install/odrive_ros2_control:/home/shipengl/LRSMT/agiletaur/install/odrive_hardware_interface:/home/shipengl/LRSMT/agiletaur/install/odrive_bringup:/home/shipengl/LRSMT/agiletaur/install/agiletaur_launcher:/home/shipengl/LRSMT/agiletaur/install/agiletaur_controller:/opt/ros/foxy /usr/bin/cmake --build /home/shipengl/LRSMT/agiletaur/build/odrive_bringup -- -j16 -l16
[0.147s] Invoking command in '/home/shipengl/LRSMT/agiletaur/build/odrive_bringup': CMAKE_PREFIX_PATH=/home/shipengl/LRSMT/agiletaur/install/odrive_description:/home/shipengl/LRSMT/agiletaur/install/webots_simulation_assets:/home/shipengl/LRSMT/agiletaur/install/webots_ros2_control:/home/shipengl/LRSMT/agiletaur/install/webots_ros2_driver:/home/shipengl/LRSMT/agiletaur/install/webots_ros2_msgs:/home/shipengl/LRSMT/agiletaur/install/webots_description:/home/shipengl/LRSMT/agiletaur/install/webots_bringup:/home/shipengl/LRSMT/agiletaur/install/odrive_ros2_control:/home/shipengl/LRSMT/agiletaur/install/odrive_hardware_interface:/home/shipengl/LRSMT/agiletaur/install/odrive_bringup:/home/shipengl/LRSMT/agiletaur/install/agiletaur_launcher:/home/shipengl/LRSMT/agiletaur/install/agiletaur_controller:/opt/ros/foxy /usr/bin/cmake --install /home/shipengl/LRSMT/agiletaur/build/odrive_bringup
[0.155s] -- Install configuration: ""
[0.155s] -- Up-to-date: /home/shipengl/LRSMT/agiletaur/install/odrive_bringup/share/odrive_bringup/config
[0.155s] -- Up-to-date: /home/shipengl/LRSMT/agiletaur/install/odrive_bringup/share/odrive_bringup/config/odrive_controllers.yaml
[0.155s] -- Up-to-date: /home/shipengl/LRSMT/agiletaur/install/odrive_bringup/share/odrive_bringup/launch
[0.155s] -- Up-to-date: /home/shipengl/LRSMT/agiletaur/install/odrive_bringup/share/odrive_bringup/launch/odrive.launch.py
[0.155s] -- Up-to-date: /home/shipengl/LRSMT/agiletaur/install/odrive_bringup/share/odrive_bringup/launch/build
[0.156s] -- Up-to-date: /home/shipengl/LRSMT/agiletaur/install/odrive_bringup/share/odrive_bringup/launch/build/.built_by
[0.156s] -- Up-to-date: /home/shipengl/LRSMT/agiletaur/install/odrive_bringup/share/odrive_bringup/launch/build/COLCON_IGNORE
[0.156s] -- Up-to-date: /home/shipengl/LRSMT/agiletaur/install/odrive_bringup/share/odrive_bringup/launch/install
[0.156s] -- Up-to-date: /home/shipengl/LRSMT/agiletaur/install/odrive_bringup/share/odrive_bringup/launch/install/setup.sh
[0.156s] -- Up-to-date: /home/shipengl/LRSMT/agiletaur/install/odrive_bringup/share/odrive_bringup/launch/install/local_setup.bash
[0.156s] -- Up-to-date: /home/shipengl/LRSMT/agiletaur/install/odrive_bringup/share/odrive_bringup/launch/install/.colcon_install_layout
[0.156s] -- Up-to-date: /home/shipengl/LRSMT/agiletaur/install/odrive_bringup/share/odrive_bringup/launch/install/setup.ps1
[0.156s] -- Up-to-date: /home/shipengl/LRSMT/agiletaur/install/odrive_bringup/share/odrive_bringup/launch/install/local_setup.sh
[0.156s] -- Up-to-date: /home/shipengl/LRSMT/agiletaur/install/odrive_bringup/share/odrive_bringup/launch/install/local_setup.zsh
[0.156s] -- Up-to-date: /home/shipengl/LRSMT/agiletaur/install/odrive_bringup/share/odrive_bringup/launch/install/local_setup.ps1
[0.156s] -- Up-to-date: /home/shipengl/LRSMT/agiletaur/install/odrive_bringup/share/odrive_bringup/launch/install/setup.bash
[0.157s] -- Up-to-date: /home/shipengl/LRSMT/agiletaur/install/odrive_bringup/share/odrive_bringup/launch/install/COLCON_IGNORE
[0.157s] -- Up-to-date: /home/shipengl/LRSMT/agiletaur/install/odrive_bringup/share/odrive_bringup/launch/install/setup.zsh
[0.157s] -- Up-to-date: /home/shipengl/LRSMT/agiletaur/install/odrive_bringup/share/odrive_bringup/launch/install/_local_setup_util_sh.py
[0.159s] -- Up-to-date: /home/shipengl/LRSMT/agiletaur/install/odrive_bringup/share/odrive_bringup/launch/install/_local_setup_util_ps1.py
[0.159s] -- Up-to-date: /home/shipengl/LRSMT/agiletaur/install/odrive_bringup/share/odrive_bringup/launch/log
[0.159s] -- Up-to-date: /home/shipengl/LRSMT/agiletaur/install/odrive_bringup/share/odrive_bringup/launch/log/latest
[0.159s] -- Up-to-date: /home/shipengl/LRSMT/agiletaur/install/odrive_bringup/share/odrive_bringup/launch/log/build_2022-01-05_22-05-42
[0.159s] -- Up-to-date: /home/shipengl/LRSMT/agiletaur/install/odrive_bringup/share/odrive_bringup/launch/log/build_2022-01-05_22-05-42/events.log
[0.159s] -- Up-to-date: /home/shipengl/LRSMT/agiletaur/install/odrive_bringup/share/odrive_bringup/launch/log/build_2022-01-05_22-05-42/logger_all.log
[0.159s] -- Up-to-date: /home/shipengl/LRSMT/agiletaur/install/odrive_bringup/share/odrive_bringup/launch/log/COLCON_IGNORE
[0.160s] -- Up-to-date: /home/shipengl/LRSMT/agiletaur/install/odrive_bringup/share/odrive_bringup/launch/log/latest_build
[0.160s] -- Up-to-date: /home/shipengl/LRSMT/agiletaur/install/odrive_bringup/share/ament_index/resource_index/package_run_dependencies/odrive_bringup
[0.160s] -- Up-to-date: /home/shipengl/LRSMT/agiletaur/install/odrive_bringup/share/ament_index/resource_index/parent_prefix_path/odrive_bringup
[0.160s] -- Up-to-date: /home/shipengl/LRSMT/agiletaur/install/odrive_bringup/share/odrive_bringup/environment/ament_prefix_path.sh
[0.160s] -- Up-to-date: /home/shipengl/LRSMT/agiletaur/install/odrive_bringup/share/odrive_bringup/environment/ament_prefix_path.dsv
[0.160s] -- Up-to-date: /home/shipengl/LRSMT/agiletaur/install/odrive_bringup/share/odrive_bringup/environment/path.sh
[0.160s] -- Up-to-date: /home/shipengl/LRSMT/agiletaur/install/odrive_bringup/share/odrive_bringup/environment/path.dsv
[0.160s] -- Up-to-date: /home/shipengl/LRSMT/agiletaur/install/odrive_bringup/share/odrive_bringup/local_setup.bash
[0.161s] -- Up-to-date: /home/shipengl/LRSMT/agiletaur/install/odrive_bringup/share/odrive_bringup/local_setup.sh
[0.161s] -- Up-to-date: /home/shipengl/LRSMT/agiletaur/install/odrive_bringup/share/odrive_bringup/local_setup.zsh
[0.161s] -- Up-to-date: /home/shipengl/LRSMT/agiletaur/install/odrive_bringup/share/odrive_bringup/local_setup.dsv
[0.162s] -- Installing: /home/shipengl/LRSMT/agiletaur/install/odrive_bringup/share/odrive_bringup/package.dsv
[0.162s] -- Up-to-date: /home/shipengl/LRSMT/agiletaur/install/odrive_bringup/share/ament_index/resource_index/packages/odrive_bringup
[0.162s] -- Up-to-date: /home/shipengl/LRSMT/agiletaur/install/odrive_bringup/share/odrive_bringup/cmake/odrive_bringupConfig.cmake
[0.162s] -- Up-to-date: /home/shipengl/LRSMT/agiletaur/install/odrive_bringup/share/odrive_bringup/cmake/odrive_bringupConfig-version.cmake
[0.162s] -- Up-to-date: /home/shipengl/LRSMT/agiletaur/install/odrive_bringup/share/odrive_bringup/package.xml
[0.163s] Invoked command in '/home/shipengl/LRSMT/agiletaur/build/odrive_bringup' returned '0': CMAKE_PREFIX_PATH=/home/shipengl/LRSMT/agiletaur/install/odrive_description:/home/shipengl/LRSMT/agiletaur/install/webots_simulation_assets:/home/shipengl/LRSMT/agiletaur/install/webots_ros2_control:/home/shipengl/LRSMT/agiletaur/install/webots_ros2_driver:/home/shipengl/LRSMT/agiletaur/install/webots_ros2_msgs:/home/shipengl/LRSMT/agiletaur/install/webots_description:/home/shipengl/LRSMT/agiletaur/install/webots_bringup:/home/shipengl/LRSMT/agiletaur/install/odrive_ros2_control:/home/shipengl/LRSMT/agiletaur/install/odrive_hardware_interface:/home/shipengl/LRSMT/agiletaur/install/odrive_bringup:/home/shipengl/LRSMT/agiletaur/install/agiletaur_launcher:/home/shipengl/LRSMT/agiletaur/install/agiletaur_controller:/opt/ros/foxy /usr/bin/cmake --install /home/shipengl/LRSMT/agiletaur/build/odrive_bringup
