[0.005s] Invoking command in '/home/shipengl/LRSMT/agiletaur/build/odrive_ros2_control': AMENT_PREFIX_PATH=/home/shipengl/LRSMT/agiletaur/install/odrive_bringup:/home/shipengl/LRSMT/agiletaur/install/odrive_hardware_interface:/home/shipengl/LRSMT/agiletaur/install/odrive_description:${AMENT_PREFIX_PATH} CMAKE_PREFIX_PATH=/home/shipengl/LRSMT/agiletaur/install/odrive_bringup:/home/shipengl/LRSMT/agiletaur/install/odrive_hardware_interface:/home/shipengl/LRSMT/agiletaur/install/odrive_description:/opt/ros/foxy LD_LIBRARY_PATH=/home/shipengl/LRSMT/agiletaur/install/odrive_hardware_interface/lib:${LD_LIBRARY_PATH} /usr/bin/cmake --build /home/shipengl/LRSMT/agiletaur/build/odrive_ros2_control -- -j16 -l16
[0.039s] Invoked command in '/home/shipengl/LRSMT/agiletaur/build/odrive_ros2_control' returned '0': AMENT_PREFIX_PATH=/home/shipengl/LRSMT/agiletaur/install/odrive_bringup:/home/shipengl/LRSMT/agiletaur/install/odrive_hardware_interface:/home/shipengl/LRSMT/agiletaur/install/odrive_description:${AMENT_PREFIX_PATH} CMAKE_PREFIX_PATH=/home/shipengl/LRSMT/agiletaur/install/odrive_bringup:/home/shipengl/LRSMT/agiletaur/install/odrive_hardware_interface:/home/shipengl/LRSMT/agiletaur/install/odrive_description:/opt/ros/foxy LD_LIBRARY_PATH=/home/shipengl/LRSMT/agiletaur/install/odrive_hardware_interface/lib:${LD_LIBRARY_PATH} /usr/bin/cmake --build /home/shipengl/LRSMT/agiletaur/build/odrive_ros2_control -- -j16 -l16
[0.057s] Invoking command in '/home/shipengl/LRSMT/agiletaur/build/odrive_ros2_control': AMENT_PREFIX_PATH=/home/shipengl/LRSMT/agiletaur/install/odrive_bringup:/home/shipengl/LRSMT/agiletaur/install/odrive_hardware_interface:/home/shipengl/LRSMT/agiletaur/install/odrive_description:${AMENT_PREFIX_PATH} CMAKE_PREFIX_PATH=/home/shipengl/LRSMT/agiletaur/install/odrive_bringup:/home/shipengl/LRSMT/agiletaur/install/odrive_hardware_interface:/home/shipengl/LRSMT/agiletaur/install/odrive_description:/opt/ros/foxy LD_LIBRARY_PATH=/home/shipengl/LRSMT/agiletaur/install/odrive_hardware_interface/lib:${LD_LIBRARY_PATH} /usr/bin/cmake --install /home/shipengl/LRSMT/agiletaur/build/odrive_ros2_control
[0.063s] -- Install configuration: ""
[0.064s] -- Up-to-date: /home/shipengl/LRSMT/agiletaur/install/odrive_ros2_control/share/ament_index/resource_index/package_run_dependencies/odrive_ros2_control
[0.064s] -- Up-to-date: /home/shipengl/LRSMT/agiletaur/install/odrive_ros2_control/share/ament_index/resource_index/parent_prefix_path/odrive_ros2_control
[0.064s] -- Up-to-date: /home/shipengl/LRSMT/agiletaur/install/odrive_ros2_control/share/odrive_ros2_control/environment/ament_prefix_path.sh
[0.064s] -- Up-to-date: /home/shipengl/LRSMT/agiletaur/install/odrive_ros2_control/share/odrive_ros2_control/environment/ament_prefix_path.dsv
[0.064s] -- Up-to-date: /home/shipengl/LRSMT/agiletaur/install/odrive_ros2_control/share/odrive_ros2_control/environment/path.sh
[0.064s] -- Up-to-date: /home/shipengl/LRSMT/agiletaur/install/odrive_ros2_control/share/odrive_ros2_control/environment/path.dsv
[0.064s] -- Up-to-date: /home/shipengl/LRSMT/agiletaur/install/odrive_ros2_control/share/odrive_ros2_control/local_setup.bash
[0.064s] -- Up-to-date: /home/shipengl/LRSMT/agiletaur/install/odrive_ros2_control/share/odrive_ros2_control/local_setup.sh
[0.064s] -- Up-to-date: /home/shipengl/LRSMT/agiletaur/install/odrive_ros2_control/share/odrive_ros2_control/local_setup.zsh
[0.065s] -- Up-to-date: /home/shipengl/LRSMT/agiletaur/install/odrive_ros2_control/share/odrive_ros2_control/local_setup.dsv
[0.065s] -- Installing: /home/shipengl/LRSMT/agiletaur/install/odrive_ros2_control/share/odrive_ros2_control/package.dsv
[0.065s] -- Up-to-date: /home/shipengl/LRSMT/agiletaur/install/odrive_ros2_control/share/ament_index/resource_index/packages/odrive_ros2_control
[0.065s] -- Up-to-date: /home/shipengl/LRSMT/agiletaur/install/odrive_ros2_control/share/odrive_ros2_control/cmake/odrive_ros2_controlConfig.cmake
[0.065s] -- Up-to-date: /home/shipengl/LRSMT/agiletaur/install/odrive_ros2_control/share/odrive_ros2_control/cmake/odrive_ros2_controlConfig-version.cmake
[0.065s] -- Up-to-date: /home/shipengl/LRSMT/agiletaur/install/odrive_ros2_control/share/odrive_ros2_control/package.xml
[0.067s] Invoked command in '/home/shipengl/LRSMT/agiletaur/build/odrive_ros2_control' returned '0': AMENT_PREFIX_PATH=/home/shipengl/LRSMT/agiletaur/install/odrive_bringup:/home/shipengl/LRSMT/agiletaur/install/odrive_hardware_interface:/home/shipengl/LRSMT/agiletaur/install/odrive_description:${AMENT_PREFIX_PATH} CMAKE_PREFIX_PATH=/home/shipengl/LRSMT/agiletaur/install/odrive_bringup:/home/shipengl/LRSMT/agiletaur/install/odrive_hardware_interface:/home/shipengl/LRSMT/agiletaur/install/odrive_description:/opt/ros/foxy LD_LIBRARY_PATH=/home/shipengl/LRSMT/agiletaur/install/odrive_hardware_interface/lib:${LD_LIBRARY_PATH} /usr/bin/cmake --install /home/shipengl/LRSMT/agiletaur/build/odrive_ros2_control
