[0.056s] Invoking command in '/home/shipengl/LRSMT/agiletaur/src/build/webots_description': CMAKE_PREFIX_PATH=${CMAKE_PREFIX_PATH}:/opt/ros/foxy /usr/bin/cmake --build /home/shipengl/LRSMT/agiletaur/src/build/webots_description -- -j16 -l16
[0.118s] Invoked command in '/home/shipengl/LRSMT/agiletaur/src/build/webots_description' returned '0': CMAKE_PREFIX_PATH=${CMAKE_PREFIX_PATH}:/opt/ros/foxy /usr/bin/cmake --build /home/shipengl/LRSMT/agiletaur/src/build/webots_description -- -j16 -l16
[0.185s] Invoking command in '/home/shipengl/LRSMT/agiletaur/src/build/webots_description': CMAKE_PREFIX_PATH=${CMAKE_PREFIX_PATH}:/opt/ros/foxy /usr/bin/cmake --install /home/shipengl/LRSMT/agiletaur/src/build/webots_description
[0.198s] -- Install configuration: ""
[0.198s] -- Up-to-date: /home/shipengl/LRSMT/agiletaur/src/install/webots_description/share/webots_description/urdf
[0.201s] -- Up-to-date: /home/shipengl/LRSMT/agiletaur/src/install/webots_description/share/webots_description/urdf/dof12.urdf
[0.201s] -- Up-to-date: /home/shipengl/LRSMT/agiletaur/src/install/webots_description/share/webots_description/urdf/singleleg.urdf
[0.201s] -- Up-to-date: /home/shipengl/LRSMT/agiletaur/src/install/webots_description/share/webots_description/urdf/agiletaur.urdf
[0.202s] -- Up-to-date: /home/shipengl/LRSMT/agiletaur/src/install/webots_description/share/ament_index/resource_index/package_run_dependencies/webots_description
[0.202s] -- Up-to-date: /home/shipengl/LRSMT/agiletaur/src/install/webots_description/share/ament_index/resource_index/parent_prefix_path/webots_description
[0.202s] -- Up-to-date: /home/shipengl/LRSMT/agiletaur/src/install/webots_description/share/webots_description/environment/ament_prefix_path.sh
[0.202s] -- Up-to-date: /home/shipengl/LRSMT/agiletaur/src/install/webots_description/share/webots_description/environment/ament_prefix_path.dsv
[0.202s] -- Up-to-date: /home/shipengl/LRSMT/agiletaur/src/install/webots_description/share/webots_description/environment/path.sh
[0.203s] -- Up-to-date: /home/shipengl/LRSMT/agiletaur/src/install/webots_description/share/webots_description/environment/path.dsv
[0.203s] -- Up-to-date: /home/shipengl/LRSMT/agiletaur/src/install/webots_description/share/webots_description/local_setup.bash
[0.203s] -- Up-to-date: /home/shipengl/LRSMT/agiletaur/src/install/webots_description/share/webots_description/local_setup.sh
[0.203s] -- Up-to-date: /home/shipengl/LRSMT/agiletaur/src/install/webots_description/share/webots_description/local_setup.zsh
[0.203s] -- Up-to-date: /home/shipengl/LRSMT/agiletaur/src/install/webots_description/share/webots_description/local_setup.dsv
[0.204s] -- Installing: /home/shipengl/LRSMT/agiletaur/src/install/webots_description/share/webots_description/package.dsv
[0.205s] -- Up-to-date: /home/shipengl/LRSMT/agiletaur/src/install/webots_description/share/ament_index/resource_index/packages/webots_description
[0.205s] -- Up-to-date: /home/shipengl/LRSMT/agiletaur/src/install/webots_description/share/webots_description/cmake/webots_descriptionConfig.cmake
[0.206s] -- Up-to-date: /home/shipengl/LRSMT/agiletaur/src/install/webots_description/share/webots_description/cmake/webots_descriptionConfig-version.cmake
[0.206s] -- Up-to-date: /home/shipengl/LRSMT/agiletaur/src/install/webots_description/share/webots_description/package.xml
[0.241s] Invoked command in '/home/shipengl/LRSMT/agiletaur/src/build/webots_description' returned '0': CMAKE_PREFIX_PATH=${CMAKE_PREFIX_PATH}:/opt/ros/foxy /usr/bin/cmake --install /home/shipengl/LRSMT/agiletaur/src/build/webots_description
