[0.051s] Invoking command in '/home/shipengl/LRSMT/agiletaur/src/build/webots_simulation_assets': CMAKE_PREFIX_PATH=${CMAKE_PREFIX_PATH}:/opt/ros/foxy /usr/bin/cmake --build /home/shipengl/LRSMT/agiletaur/src/build/webots_simulation_assets -- -j16 -l16
[0.124s] Invoked command in '/home/shipengl/LRSMT/agiletaur/src/build/webots_simulation_assets' returned '0': CMAKE_PREFIX_PATH=${CMAKE_PREFIX_PATH}:/opt/ros/foxy /usr/bin/cmake --build /home/shipengl/LRSMT/agiletaur/src/build/webots_simulation_assets -- -j16 -l16
[0.197s] Invoking command in '/home/shipengl/LRSMT/agiletaur/src/build/webots_simulation_assets': CMAKE_PREFIX_PATH=${CMAKE_PREFIX_PATH}:/opt/ros/foxy /usr/bin/cmake --install /home/shipengl/LRSMT/agiletaur/src/build/webots_simulation_assets
[0.216s] -- Install configuration: ""
[0.218s] -- Up-to-date: /home/shipengl/LRSMT/agiletaur/src/install/webots_simulation_assets/share/webots_simulation_assets/worlds
[0.218s] -- Up-to-date: /home/shipengl/LRSMT/agiletaur/src/install/webots_simulation_assets/share/webots_simulation_assets/worlds/agiletaur.wbt
[0.218s] -- Up-to-date: /home/shipengl/LRSMT/agiletaur/src/install/webots_simulation_assets/share/webots_simulation_assets/worlds/.tinytaur.wbproj
[0.218s] -- Up-to-date: /home/shipengl/LRSMT/agiletaur/src/install/webots_simulation_assets/share/webots_simulation_assets/worlds/.empty.wbproj
[0.219s] -- Installing: /home/shipengl/LRSMT/agiletaur/src/install/webots_simulation_assets/share/webots_simulation_assets/worlds/.dof12.wbproj
[0.219s] -- Up-to-date: /home/shipengl/LRSMT/agiletaur/src/install/webots_simulation_assets/share/webots_simulation_assets/worlds/.test_demo.wbproj
[0.219s] -- Up-to-date: /home/shipengl/LRSMT/agiletaur/src/install/webots_simulation_assets/share/webots_simulation_assets/worlds/singleleg.wbt
[0.220s] -- Up-to-date: /home/shipengl/LRSMT/agiletaur/src/install/webots_simulation_assets/share/webots_simulation_assets/worlds/.agiletaur.wbproj
[0.221s] -- Up-to-date: /home/shipengl/LRSMT/agiletaur/src/install/webots_simulation_assets/share/webots_simulation_assets/worlds/.obstacle.wbproj
[0.225s] -- Up-to-date: /home/shipengl/LRSMT/agiletaur/src/install/webots_simulation_assets/share/webots_simulation_assets/worlds/.copy.wbproj
[0.225s] -- Up-to-date: /home/shipengl/LRSMT/agiletaur/src/install/webots_simulation_assets/share/webots_simulation_assets/worlds/.newtaur.wbproj
[0.225s] -- Up-to-date: /home/shipengl/LRSMT/agiletaur/src/install/webots_simulation_assets/share/webots_simulation_assets/worlds/.12dof.wbproj
[0.226s] -- Up-to-date: /home/shipengl/LRSMT/agiletaur/src/install/webots_simulation_assets/share/webots_simulation_assets/worlds/dof12.wbt
[0.226s] -- Up-to-date: /home/shipengl/LRSMT/agiletaur/src/install/webots_simulation_assets/share/webots_simulation_assets/worlds/.singleleg.wbproj
[0.226s] -- Up-to-date: /home/shipengl/LRSMT/agiletaur/src/install/webots_simulation_assets/share/ament_index/resource_index/package_run_dependencies/webots_simulation_assets
[0.226s] -- Up-to-date: /home/shipengl/LRSMT/agiletaur/src/install/webots_simulation_assets/share/ament_index/resource_index/parent_prefix_path/webots_simulation_assets
[0.227s] -- Up-to-date: /home/shipengl/LRSMT/agiletaur/src/install/webots_simulation_assets/share/webots_simulation_assets/environment/ament_prefix_path.sh
[0.227s] -- Up-to-date: /home/shipengl/LRSMT/agiletaur/src/install/webots_simulation_assets/share/webots_simulation_assets/environment/ament_prefix_path.dsv
[0.228s] -- Up-to-date: /home/shipengl/LRSMT/agiletaur/src/install/webots_simulation_assets/share/webots_simulation_assets/environment/path.sh
[0.228s] -- Up-to-date: /home/shipengl/LRSMT/agiletaur/src/install/webots_simulation_assets/share/webots_simulation_assets/environment/path.dsv
[0.229s] -- Up-to-date: /home/shipengl/LRSMT/agiletaur/src/install/webots_simulation_assets/share/webots_simulation_assets/local_setup.bash
[0.229s] -- Up-to-date: /home/shipengl/LRSMT/agiletaur/src/install/webots_simulation_assets/share/webots_simulation_assets/local_setup.sh
[0.229s] -- Up-to-date: /home/shipengl/LRSMT/agiletaur/src/install/webots_simulation_assets/share/webots_simulation_assets/local_setup.zsh
[0.229s] -- Up-to-date: /home/shipengl/LRSMT/agiletaur/src/install/webots_simulation_assets/share/webots_simulation_assets/local_setup.dsv
[0.229s] -- Up-to-date: /home/shipengl/LRSMT/agiletaur/src/install/webots_simulation_assets/share/webots_simulation_assets/package.dsv
[0.229s] -- Up-to-date: /home/shipengl/LRSMT/agiletaur/src/install/webots_simulation_assets/share/ament_index/resource_index/packages/webots_simulation_assets
[0.229s] -- Up-to-date: /home/shipengl/LRSMT/agiletaur/src/install/webots_simulation_assets/share/webots_simulation_assets/cmake/webots_simulation_assetsConfig.cmake
[0.229s] -- Up-to-date: /home/shipengl/LRSMT/agiletaur/src/install/webots_simulation_assets/share/webots_simulation_assets/cmake/webots_simulation_assetsConfig-version.cmake
[0.230s] -- Up-to-date: /home/shipengl/LRSMT/agiletaur/src/install/webots_simulation_assets/share/webots_simulation_assets/package.xml
[0.248s] Invoked command in '/home/shipengl/LRSMT/agiletaur/src/build/webots_simulation_assets' returned '0': CMAKE_PREFIX_PATH=${CMAKE_PREFIX_PATH}:/opt/ros/foxy /usr/bin/cmake --install /home/shipengl/LRSMT/agiletaur/src/build/webots_simulation_assets
